[ 2015-07-26T09:55:14+08:00 ] 101.226.103.69 /wxpay/index.php
INFO: [ app_init ] --START--
INFO: Run Behavior\BuildLiteBehavior [ RunTime:0.000000s ]
INFO: [ app_init ] --END-- [ RunTime:0.000000s ]
INFO: [ app_begin ] --START--
INFO: Run Behavior\ReadHtmlCacheBehavior [ RunTime:0.015626s ]
INFO: [ app_begin ] --END-- [ RunTime:0.015626s ]
SQL: SHOW COLUMNS FROM `rbm_order` [ RunTime:0.0156s ]
SQL: SELECT * FROM `rbm_order` WHERE `order_sn` = '1437875707' AND `order_id` = 15 LIMIT 1   [ RunTime:0.0000s ]
SQL: UPDATE `rbm_order` SET `status`='2' WHERE `order_sn` = '1437875707' AND `order_id` = 15 [ RunTime:0.0000s ]
SQL: SHOW COLUMNS FROM `rbm_doctor_order` [ RunTime:0.0000s ]
SQL: INSERT INTO `rbm_doctor_order` (`uid`,`did`,`order_time`) VALUES ('15','3','1438128000') [ RunTime:0.0000s ]
SQL: SHOW COLUMNS FROM `rbm_doctor_ordernum` [ RunTime:0.0000s ]
SQL: SELECT * FROM `rbm_doctor_ordernum` WHERE `did` = 3 AND `date` = 1438128000 LIMIT 1   [ RunTime:0.0000s ]
SQL: INSERT INTO `rbm_doctor_ordernum` (`did`,`date`,`num`) VALUES ('3','1438128000','1') [ RunTime:0.0156s ]

[ 2015-07-26T09:55:28+08:00 ] 101.226.103.69 /wxpay/index.php
INFO: [ app_init ] --START--
INFO: Run Behavior\BuildLiteBehavior [ RunTime:0.000000s ]
INFO: [ app_init ] --END-- [ RunTime:0.000000s ]
INFO: [ app_begin ] --START--
INFO: Run Behavior\ReadHtmlCacheBehavior [ RunTime:0.000000s ]
INFO: [ app_begin ] --END-- [ RunTime:0.000000s ]
SQL: SHOW COLUMNS FROM `rbm_order` [ RunTime:0.0000s ]
SQL: SELECT * FROM `rbm_order` WHERE `order_sn` = '1437875707' AND `order_id` = 15 LIMIT 1   [ RunTime:0.0000s ]

[ 2015-07-26T09:55:45+08:00 ] 101.226.103.69 /wxpay/index.php
INFO: [ app_init ] --START--
INFO: Run Behavior\BuildLiteBehavior [ RunTime:0.000000s ]
INFO: [ app_init ] --END-- [ RunTime:0.000000s ]
INFO: [ app_begin ] --START--
INFO: Run Behavior\ReadHtmlCacheBehavior [ RunTime:0.000000s ]
INFO: [ app_begin ] --END-- [ RunTime:0.000000s ]
SQL: SHOW COLUMNS FROM `rbm_order` [ RunTime:0.0000s ]
SQL: SELECT * FROM `rbm_order` WHERE `order_sn` = '1437875707' AND `order_id` = 15 LIMIT 1   [ RunTime:0.0000s ]

[ 2015-07-26T09:56:17+08:00 ] 101.226.103.69 /wxpay/index.php
INFO: [ app_init ] --START--
INFO: Run Behavior\BuildLiteBehavior [ RunTime:0.000000s ]
INFO: [ app_init ] --END-- [ RunTime:0.015625s ]
INFO: [ app_begin ] --START--
INFO: Run Behavior\ReadHtmlCacheBehavior [ RunTime:0.000000s ]
INFO: [ app_begin ] --END-- [ RunTime:0.000000s ]
SQL: SHOW COLUMNS FROM `rbm_order` [ RunTime:0.0000s ]
SQL: SELECT * FROM `rbm_order` WHERE `order_sn` = '1437875707' AND `order_id` = 15 LIMIT 1   [ RunTime:0.0156s ]

[ 2015-07-26T09:59:21+08:00 ] 101.226.103.69 /wxpay/index.php
INFO: [ app_init ] --START--
INFO: Run Behavior\BuildLiteBehavior [ RunTime:0.000000s ]
INFO: [ app_init ] --END-- [ RunTime:0.000000s ]
INFO: [ app_begin ] --START--
INFO: Run Behavior\ReadHtmlCacheBehavior [ RunTime:0.000000s ]
INFO: [ app_begin ] --END-- [ RunTime:0.000000s ]
SQL: SHOW COLUMNS FROM `rbm_order` [ RunTime:0.0000s ]
SQL: SELECT * FROM `rbm_order` WHERE `order_sn` = '1437875707' AND `order_id` = 15 LIMIT 1   [ RunTime:0.0000s ]

[ 2015-07-26T10:09:57+08:00 ] 101.226.103.69 /wxpay/index.php
INFO: [ app_init ] --START--
INFO: Run Behavior\BuildLiteBehavior [ RunTime:0.000000s ]
INFO: [ app_init ] --END-- [ RunTime:0.015625s ]
INFO: [ app_begin ] --START--
INFO: Run Behavior\ReadHtmlCacheBehavior [ RunTime:0.000000s ]
INFO: [ app_begin ] --END-- [ RunTime:0.000000s ]
SQL: SHOW COLUMNS FROM `rbm_order` [ RunTime:0.0000s ]
SQL: SELECT * FROM `rbm_order` WHERE `order_sn` = '1437876592' AND `order_id` = 15 LIMIT 1   [ RunTime:0.0000s ]
SQL: UPDATE `rbm_order` SET `status`='2' WHERE `order_sn` = '1437876592' AND `order_id` = 15 [ RunTime:0.0000s ]
SQL: SHOW COLUMNS FROM `rbm_doctor_order` [ RunTime:0.0156s ]
SQL: INSERT INTO `rbm_doctor_order` (`uid`,`did`,`order_time`) VALUES ('15','4','1438128000') [ RunTime:0.0000s ]
SQL: SHOW COLUMNS FROM `rbm_doctor_ordernum` [ RunTime:0.0000s ]
SQL: SELECT * FROM `rbm_doctor_ordernum` WHERE `did` = 4 AND `date` = 1438128000 LIMIT 1   [ RunTime:0.0000s ]
SQL: INSERT INTO `rbm_doctor_ordernum` (`did`,`date`,`num`) VALUES ('4','1438128000','1') [ RunTime:0.0156s ]

[ 2015-07-26T10:10:06+08:00 ] 101.226.103.69 /wxpay/index.php
INFO: [ app_init ] --START--
INFO: Run Behavior\BuildLiteBehavior [ RunTime:0.000000s ]
INFO: [ app_init ] --END-- [ RunTime:0.000000s ]
INFO: [ app_begin ] --START--
INFO: Run Behavior\ReadHtmlCacheBehavior [ RunTime:0.000000s ]
INFO: [ app_begin ] --END-- [ RunTime:0.015626s ]
SQL: SHOW COLUMNS FROM `rbm_order` [ RunTime:0.0000s ]
SQL: SELECT * FROM `rbm_order` WHERE `order_sn` = '1437876592' AND `order_id` = 15 LIMIT 1   [ RunTime:0.0000s ]

[ 2015-07-26T10:10:24+08:00 ] 101.226.103.69 /wxpay/index.php
INFO: [ app_init ] --START--
INFO: Run Behavior\BuildLiteBehavior [ RunTime:0.000000s ]
INFO: [ app_init ] --END-- [ RunTime:0.000000s ]
INFO: [ app_begin ] --START--
INFO: Run Behavior\ReadHtmlCacheBehavior [ RunTime:0.000000s ]
INFO: [ app_begin ] --END-- [ RunTime:0.000000s ]
SQL: SHOW COLUMNS FROM `rbm_order` [ RunTime:0.0000s ]
SQL: SELECT * FROM `rbm_order` WHERE `order_sn` = '1437876592' AND `order_id` = 15 LIMIT 1   [ RunTime:0.0000s ]

[ 2015-07-26T10:10:57+08:00 ] 101.226.103.69 /wxpay/index.php
INFO: [ app_init ] --START--
INFO: Run Behavior\BuildLiteBehavior [ RunTime:0.000000s ]
INFO: [ app_init ] --END-- [ RunTime:0.000000s ]
INFO: [ app_begin ] --START--
INFO: Run Behavior\ReadHtmlCacheBehavior [ RunTime:0.000000s ]
INFO: [ app_begin ] --END-- [ RunTime:0.000000s ]
SQL: SHOW COLUMNS FROM `rbm_order` [ RunTime:0.0000s ]
SQL: SELECT * FROM `rbm_order` WHERE `order_sn` = '1437876592' AND `order_id` = 15 LIMIT 1   [ RunTime:0.0000s ]

[ 2015-07-26T10:14:00+08:00 ] 101.226.103.69 /wxpay/index.php
INFO: [ app_init ] --START--
INFO: Run Behavior\BuildLiteBehavior [ RunTime:0.000000s ]
INFO: [ app_init ] --END-- [ RunTime:0.000000s ]
INFO: [ app_begin ] --START--
INFO: Run Behavior\ReadHtmlCacheBehavior [ RunTime:0.000000s ]
INFO: [ app_begin ] --END-- [ RunTime:0.000000s ]
SQL: SHOW COLUMNS FROM `rbm_order` [ RunTime:0.0000s ]
SQL: SELECT * FROM `rbm_order` WHERE `order_sn` = '1437876592' AND `order_id` = 15 LIMIT 1   [ RunTime:0.0000s ]

[ 2015-07-26T10:29:24+08:00 ] 101.226.103.69 /wxpay/index.php
INFO: [ app_init ] --START--
INFO: Run Behavior\BuildLiteBehavior [ RunTime:0.000000s ]
INFO: [ app_init ] --END-- [ RunTime:0.000000s ]
INFO: [ app_begin ] --START--
INFO: Run Behavior\ReadHtmlCacheBehavior [ RunTime:0.000000s ]
INFO: [ app_begin ] --END-- [ RunTime:0.000000s ]
SQL: SHOW COLUMNS FROM `rbm_order` [ RunTime:0.0000s ]
SQL: SELECT * FROM `rbm_order` WHERE `order_sn` = '1437875707' AND `order_id` = 15 LIMIT 1   [ RunTime:0.0000s ]

[ 2015-07-26T10:44:02+08:00 ] 101.226.103.69 /wxpay/index.php
INFO: [ app_init ] --START--
INFO: Run Behavior\BuildLiteBehavior [ RunTime:0.000000s ]
INFO: [ app_init ] --END-- [ RunTime:0.000000s ]
INFO: [ app_begin ] --START--
INFO: Run Behavior\ReadHtmlCacheBehavior [ RunTime:0.000000s ]
INFO: [ app_begin ] --END-- [ RunTime:0.000000s ]
SQL: SHOW COLUMNS FROM `rbm_order` [ RunTime:0.0000s ]
SQL: SELECT * FROM `rbm_order` WHERE `order_sn` = '1437876592' AND `order_id` = 15 LIMIT 1   [ RunTime:0.0000s ]

[ 2015-07-26T10:47:11+08:00 ] 101.226.103.69 /wxpay/index.php
INFO: [ app_init ] --START--
INFO: Run Behavior\BuildLiteBehavior [ RunTime:0.000000s ]
INFO: [ app_init ] --END-- [ RunTime:0.000000s ]
INFO: [ app_begin ] --START--
INFO: Run Behavior\ReadHtmlCacheBehavior [ RunTime:0.000000s ]
INFO: [ app_begin ] --END-- [ RunTime:0.000000s ]
SQL: SHOW COLUMNS FROM `rbm_order` [ RunTime:0.0000s ]
SQL: SELECT * FROM `rbm_order` WHERE `order_sn` = '1437878825' AND `order_id` = 1 LIMIT 1   [ RunTime:0.0000s ]
SQL: UPDATE `rbm_order` SET `status`='2' WHERE `order_sn` = '1437878825' AND `order_id` = 1 [ RunTime:0.0156s ]
SQL: SHOW COLUMNS FROM `rbm_doctor_order` [ RunTime:0.0000s ]
SQL: INSERT INTO `rbm_doctor_order` (`uid`,`did`,`order_time`) VALUES ('1','3','1438041600') [ RunTime:0.0000s ]
SQL: SHOW COLUMNS FROM `rbm_doctor_ordernum` [ RunTime:0.0000s ]
SQL: SELECT * FROM `rbm_doctor_ordernum` WHERE `did` = 3 AND `date` = 1438041600 LIMIT 1   [ RunTime:0.0000s ]
SQL: INSERT INTO `rbm_doctor_ordernum` (`did`,`date`,`num`) VALUES ('3','1438041600','1') [ RunTime:0.0156s ]

[ 2015-07-26T10:47:26+08:00 ] 101.226.103.69 /wxpay/index.php
INFO: [ app_init ] --START--
INFO: Run Behavior\BuildLiteBehavior [ RunTime:0.000000s ]
INFO: [ app_init ] --END-- [ RunTime:0.000000s ]
INFO: [ app_begin ] --START--
INFO: Run Behavior\ReadHtmlCacheBehavior [ RunTime:0.000000s ]
INFO: [ app_begin ] --END-- [ RunTime:0.000000s ]
SQL: SHOW COLUMNS FROM `rbm_order` [ RunTime:0.0000s ]
SQL: SELECT * FROM `rbm_order` WHERE `order_sn` = '1437878825' AND `order_id` = 1 LIMIT 1   [ RunTime:0.0000s ]

[ 2015-07-26T10:47:35+08:00 ] 101.226.103.69 /wxpay/index.php
INFO: [ app_init ] --START--
INFO: Run Behavior\BuildLiteBehavior [ RunTime:0.000000s ]
INFO: [ app_init ] --END-- [ RunTime:0.000000s ]
INFO: [ app_begin ] --START--
INFO: Run Behavior\ReadHtmlCacheBehavior [ RunTime:0.000000s ]
INFO: [ app_begin ] --END-- [ RunTime:0.000000s ]
SQL: SHOW COLUMNS FROM `rbm_order` [ RunTime:0.0000s ]
SQL: SELECT * FROM `rbm_order` WHERE `order_sn` = '1437878850' AND `order_id` = 1 LIMIT 1   [ RunTime:0.0000s ]
SQL: UPDATE `rbm_order` SET `status`='2' WHERE `order_sn` = '1437878850' AND `order_id` = 1 [ RunTime:0.0000s ]
SQL: SHOW COLUMNS FROM `rbm_doctor_order` [ RunTime:0.0000s ]
SQL: INSERT INTO `rbm_doctor_order` (`uid`,`did`,`order_time`) VALUES ('1','4','1438128000') [ RunTime:0.0000s ]
SQL: SHOW COLUMNS FROM `rbm_doctor_ordernum` [ RunTime:0.0000s ]
SQL: SELECT * FROM `rbm_doctor_ordernum` WHERE `did` = 4 AND `date` = 1438128000 LIMIT 1   [ RunTime:0.0000s ]
SQL: INSERT INTO `rbm_doctor_ordernum` (`did`,`date`,`num`) VALUES ('4','1438128000','1') [ RunTime:0.0156s ]

[ 2015-07-26T10:47:44+08:00 ] 101.226.103.69 /wxpay/index.php
INFO: [ app_init ] --START--
INFO: Run Behavior\BuildLiteBehavior [ RunTime:0.000000s ]
INFO: [ app_init ] --END-- [ RunTime:0.000000s ]
INFO: [ app_begin ] --START--
INFO: Run Behavior\ReadHtmlCacheBehavior [ RunTime:0.000000s ]
INFO: [ app_begin ] --END-- [ RunTime:0.000000s ]
SQL: SHOW COLUMNS FROM `rbm_order` [ RunTime:0.0000s ]
SQL: SELECT * FROM `rbm_order` WHERE `order_sn` = '1437878825' AND `order_id` = 1 LIMIT 1   [ RunTime:0.0000s ]

[ 2015-07-26T10:47:50+08:00 ] 101.226.103.69 /wxpay/index.php
INFO: [ app_init ] --START--
INFO: Run Behavior\BuildLiteBehavior [ RunTime:0.000000s ]
INFO: [ app_init ] --END-- [ RunTime:0.000000s ]
INFO: [ app_begin ] --START--
INFO: Run Behavior\ReadHtmlCacheBehavior [ RunTime:0.000000s ]
INFO: [ app_begin ] --END-- [ RunTime:0.000000s ]
SQL: SHOW COLUMNS FROM `rbm_order` [ RunTime:0.0156s ]
SQL: SELECT * FROM `rbm_order` WHERE `order_sn` = '1437878850' AND `order_id` = 1 LIMIT 1   [ RunTime:0.0000s ]

[ 2015-07-26T10:48:09+08:00 ] 101.226.103.69 /wxpay/index.php
INFO: [ app_init ] --START--
INFO: Run Behavior\BuildLiteBehavior [ RunTime:0.000000s ]
INFO: [ app_init ] --END-- [ RunTime:0.000000s ]
INFO: [ app_begin ] --START--
INFO: Run Behavior\ReadHtmlCacheBehavior [ RunTime:0.000000s ]
INFO: [ app_begin ] --END-- [ RunTime:0.000000s ]
SQL: SHOW COLUMNS FROM `rbm_order` [ RunTime:0.0000s ]
SQL: SELECT * FROM `rbm_order` WHERE `order_sn` = '1437878850' AND `order_id` = 1 LIMIT 1   [ RunTime:0.0000s ]

[ 2015-07-26T10:48:16+08:00 ] 101.226.103.69 /wxpay/index.php
INFO: [ app_init ] --START--
INFO: Run Behavior\BuildLiteBehavior [ RunTime:0.000000s ]
INFO: [ app_init ] --END-- [ RunTime:0.000000s ]
INFO: [ app_begin ] --START--
INFO: Run Behavior\ReadHtmlCacheBehavior [ RunTime:0.000000s ]
INFO: [ app_begin ] --END-- [ RunTime:0.000000s ]
SQL: SHOW COLUMNS FROM `rbm_order` [ RunTime:0.0000s ]
SQL: SELECT * FROM `rbm_order` WHERE `order_sn` = '1437878825' AND `order_id` = 1 LIMIT 1   [ RunTime:0.0000s ]

[ 2015-07-26T10:48:41+08:00 ] 101.226.103.69 /wxpay/index.php
INFO: [ app_init ] --START--
INFO: Run Behavior\BuildLiteBehavior [ RunTime:0.000000s ]
INFO: [ app_init ] --END-- [ RunTime:0.000000s ]
INFO: [ app_begin ] --START--
INFO: Run Behavior\ReadHtmlCacheBehavior [ RunTime:0.000000s ]
INFO: [ app_begin ] --END-- [ RunTime:0.000000s ]
SQL: SHOW COLUMNS FROM `rbm_order` [ RunTime:0.0000s ]
SQL: SELECT * FROM `rbm_order` WHERE `order_sn` = '1437878850' AND `order_id` = 1 LIMIT 1   [ RunTime:0.0000s ]

[ 2015-07-26T10:51:18+08:00 ] 101.226.103.69 /wxpay/index.php
INFO: [ app_init ] --START--
INFO: Run Behavior\BuildLiteBehavior [ RunTime:0.000000s ]
INFO: [ app_init ] --END-- [ RunTime:0.000000s ]
INFO: [ app_begin ] --START--
INFO: Run Behavior\ReadHtmlCacheBehavior [ RunTime:0.000000s ]
INFO: [ app_begin ] --END-- [ RunTime:0.000000s ]
SQL: SHOW COLUMNS FROM `rbm_order` [ RunTime:0.0000s ]
SQL: SELECT * FROM `rbm_order` WHERE `order_sn` = '1437878825' AND `order_id` = 1 LIMIT 1   [ RunTime:0.0000s ]

[ 2015-07-26T10:51:42+08:00 ] 101.226.103.69 /wxpay/index.php
INFO: [ app_init ] --START--
INFO: Run Behavior\BuildLiteBehavior [ RunTime:0.000000s ]
INFO: [ app_init ] --END-- [ RunTime:0.000000s ]
INFO: [ app_begin ] --START--
INFO: Run Behavior\ReadHtmlCacheBehavior [ RunTime:0.000000s ]
INFO: [ app_begin ] --END-- [ RunTime:0.000000s ]
SQL: SHOW COLUMNS FROM `rbm_order` [ RunTime:0.0156s ]
SQL: SELECT * FROM `rbm_order` WHERE `order_sn` = '1437878850' AND `order_id` = 1 LIMIT 1   [ RunTime:0.0000s ]

[ 2015-07-26T10:59:25+08:00 ] 101.226.103.69 /wxpay/index.php
INFO: [ app_init ] --START--
INFO: Run Behavior\BuildLiteBehavior [ RunTime:0.000000s ]
INFO: [ app_init ] --END-- [ RunTime:0.000000s ]
INFO: [ app_begin ] --START--
INFO: Run Behavior\ReadHtmlCacheBehavior [ RunTime:0.000000s ]
INFO: [ app_begin ] --END-- [ RunTime:0.000000s ]
SQL: SHOW COLUMNS FROM `rbm_order` [ RunTime:0.0000s ]
SQL: SELECT * FROM `rbm_order` WHERE `order_sn` = '1437875707' AND `order_id` = 15 LIMIT 1   [ RunTime:0.0000s ]

[ 2015-07-26T11:14:07+08:00 ] 101.226.103.69 /wxpay/index.php
INFO: [ app_init ] --START--
INFO: Run Behavior\BuildLiteBehavior [ RunTime:0.000000s ]
INFO: [ app_init ] --END-- [ RunTime:0.000000s ]
INFO: [ app_begin ] --START--
INFO: Run Behavior\ReadHtmlCacheBehavior [ RunTime:0.000000s ]
INFO: [ app_begin ] --END-- [ RunTime:0.000000s ]
SQL: SHOW COLUMNS FROM `rbm_order` [ RunTime:0.0000s ]
SQL: SELECT * FROM `rbm_order` WHERE `order_sn` = '1437876592' AND `order_id` = 15 LIMIT 1   [ RunTime:0.0000s ]

[ 2015-07-26T11:18:29+08:00 ] 101.226.103.69 /wxpay/jqback.php
INFO: [ app_init ] --START--
INFO: Run Behavior\BuildLiteBehavior [ RunTime:0.000000s ]
INFO: [ app_init ] --END-- [ RunTime:0.000000s ]
INFO: [ app_begin ] --START--
INFO: Run Behavior\ReadHtmlCacheBehavior [ RunTime:0.000000s ]
INFO: [ app_begin ] --END-- [ RunTime:0.000000s ]
SQL: SHOW COLUMNS FROM `rbm_wxuser_pannant` [ RunTime:0.0000s ]
SQL: SELECT * FROM `rbm_wxuser_pannant` WHERE `did` = 3 AND `uid` = 1 LIMIT 1   [ RunTime:0.0000s ]
SQL: INSERT INTO `rbm_wxuser_pannant` (`did`,`uid`,`num`,`createtime`) VALUES ('3','1','5','2015-07-26 11:18:29') [ RunTime:0.0000s ]
SQL: SHOW COLUMNS FROM `rbm_doctor` [ RunTime:0.0000s ]
SQL: UPDATE `rbm_doctor` SET `pannant`=pannant+5 WHERE `id` = 3 [ RunTime:0.0000s ]

[ 2015-07-26T11:18:39+08:00 ] 101.226.103.69 /wxpay/jqback.php
INFO: [ app_init ] --START--
INFO: Run Behavior\BuildLiteBehavior [ RunTime:0.000000s ]
INFO: [ app_init ] --END-- [ RunTime:0.000000s ]
INFO: [ app_begin ] --START--
INFO: Run Behavior\ReadHtmlCacheBehavior [ RunTime:0.000000s ]
INFO: [ app_begin ] --END-- [ RunTime:0.000000s ]
SQL: SHOW COLUMNS FROM `rbm_wxuser_pannant` [ RunTime:0.0000s ]
SQL: SELECT * FROM `rbm_wxuser_pannant` WHERE `did` = 3 AND `uid` = 1 LIMIT 1   [ RunTime:0.0000s ]

[ 2015-07-26T11:18:57+08:00 ] 101.226.103.69 /wxpay/jqback.php
INFO: [ app_init ] --START--
INFO: Run Behavior\BuildLiteBehavior [ RunTime:0.000000s ]
INFO: [ app_init ] --END-- [ RunTime:0.000000s ]
INFO: [ app_begin ] --START--
INFO: Run Behavior\ReadHtmlCacheBehavior [ RunTime:0.000000s ]
INFO: [ app_begin ] --END-- [ RunTime:0.000000s ]
SQL: SHOW COLUMNS FROM `rbm_wxuser_pannant` [ RunTime:0.0000s ]
SQL: SELECT * FROM `rbm_wxuser_pannant` WHERE `did` = 3 AND `uid` = 1 LIMIT 1   [ RunTime:0.0000s ]

[ 2015-07-26T11:19:29+08:00 ] 101.226.103.72 /wxpay/jqback.php
INFO: [ app_init ] --START--
INFO: Run Behavior\BuildLiteBehavior [ RunTime:0.000000s ]
INFO: [ app_init ] --END-- [ RunTime:0.015625s ]
INFO: [ app_begin ] --START--
INFO: Run Behavior\ReadHtmlCacheBehavior [ RunTime:0.000000s ]
INFO: [ app_begin ] --END-- [ RunTime:0.000000s ]
SQL: SHOW COLUMNS FROM `rbm_wxuser_pannant` [ RunTime:0.0000s ]
SQL: SELECT * FROM `rbm_wxuser_pannant` WHERE `did` = 3 AND `uid` = 1 LIMIT 1   [ RunTime:0.0000s ]

[ 2015-07-26T11:21:20+08:00 ] 101.226.103.69 /wxpay/index.php
INFO: [ app_init ] --START--
INFO: Run Behavior\BuildLiteBehavior [ RunTime:0.000000s ]
INFO: [ app_init ] --END-- [ RunTime:0.000000s ]
INFO: [ app_begin ] --START--
INFO: Run Behavior\ReadHtmlCacheBehavior [ RunTime:0.000000s ]
INFO: [ app_begin ] --END-- [ RunTime:0.000000s ]
SQL: SHOW COLUMNS FROM `rbm_order` [ RunTime:0.0156s ]
SQL: SELECT * FROM `rbm_order` WHERE `order_sn` = '1437878825' AND `order_id` = 1 LIMIT 1   [ RunTime:0.0000s ]

[ 2015-07-26T11:21:45+08:00 ] 101.226.103.69 /wxpay/index.php
INFO: [ app_init ] --START--
INFO: Run Behavior\BuildLiteBehavior [ RunTime:0.000000s ]
INFO: [ app_init ] --END-- [ RunTime:0.000000s ]
INFO: [ app_begin ] --START--
INFO: Run Behavior\ReadHtmlCacheBehavior [ RunTime:0.000000s ]
INFO: [ app_begin ] --END-- [ RunTime:0.000000s ]
SQL: SHOW COLUMNS FROM `rbm_order` [ RunTime:0.0156s ]
SQL: SELECT * FROM `rbm_order` WHERE `order_sn` = '1437878850' AND `order_id` = 1 LIMIT 1   [ RunTime:0.0000s ]

[ 2015-07-26T11:22:31+08:00 ] 101.226.103.69 /wxpay/jqback.php
INFO: [ app_init ] --START--
INFO: Run Behavior\BuildLiteBehavior [ RunTime:0.000000s ]
INFO: [ app_init ] --END-- [ RunTime:0.000000s ]
INFO: [ app_begin ] --START--
INFO: Run Behavior\ReadHtmlCacheBehavior [ RunTime:0.000000s ]
INFO: [ app_begin ] --END-- [ RunTime:0.000000s ]
SQL: SHOW COLUMNS FROM `rbm_wxuser_pannant` [ RunTime:0.0000s ]
SQL: SELECT * FROM `rbm_wxuser_pannant` WHERE `did` = 3 AND `uid` = 1 LIMIT 1   [ RunTime:0.0000s ]

[ 2015-07-26T11:29:28+08:00 ] 101.226.103.69 /wxpay/index.php
INFO: [ app_init ] --START--
INFO: Run Behavior\BuildLiteBehavior [ RunTime:0.000000s ]
INFO: [ app_init ] --END-- [ RunTime:0.000000s ]
INFO: [ app_begin ] --START--
INFO: Run Behavior\ReadHtmlCacheBehavior [ RunTime:0.000000s ]
INFO: [ app_begin ] --END-- [ RunTime:0.000000s ]
SQL: SHOW COLUMNS FROM `rbm_order` [ RunTime:0.0000s ]
SQL: SELECT * FROM `rbm_order` WHERE `order_sn` = '1437875707' AND `order_id` = 15 LIMIT 1   [ RunTime:0.0000s ]

[ 2015-07-26T11:44:09+08:00 ] 101.226.103.69 /wxpay/index.php
INFO: [ app_init ] --START--
INFO: Run Behavior\BuildLiteBehavior [ RunTime:0.000000s ]
INFO: [ app_init ] --END-- [ RunTime:0.000000s ]
INFO: [ app_begin ] --START--
INFO: Run Behavior\ReadHtmlCacheBehavior [ RunTime:0.000000s ]
INFO: [ app_begin ] --END-- [ RunTime:0.000000s ]
SQL: SHOW COLUMNS FROM `rbm_order` [ RunTime:0.0000s ]
SQL: SELECT * FROM `rbm_order` WHERE `order_sn` = '1437876592' AND `order_id` = 15 LIMIT 1   [ RunTime:0.0000s ]

[ 2015-07-26T11:51:25+08:00 ] 101.226.103.69 /wxpay/index.php
INFO: [ app_init ] --START--
INFO: Run Behavior\BuildLiteBehavior [ RunTime:0.000000s ]
INFO: [ app_init ] --END-- [ RunTime:0.000000s ]
INFO: [ app_begin ] --START--
INFO: Run Behavior\ReadHtmlCacheBehavior [ RunTime:0.000000s ]
INFO: [ app_begin ] --END-- [ RunTime:0.000000s ]
SQL: SHOW COLUMNS FROM `rbm_order` [ RunTime:0.0156s ]
SQL: SELECT * FROM `rbm_order` WHERE `order_sn` = '1437878825' AND `order_id` = 1 LIMIT 1   [ RunTime:0.0000s ]

[ 2015-07-26T11:51:48+08:00 ] 101.226.103.69 /wxpay/index.php
INFO: [ app_init ] --START--
INFO: Run Behavior\BuildLiteBehavior [ RunTime:0.000000s ]
INFO: [ app_init ] --END-- [ RunTime:0.000000s ]
INFO: [ app_begin ] --START--
INFO: Run Behavior\ReadHtmlCacheBehavior [ RunTime:0.000000s ]
INFO: [ app_begin ] --END-- [ RunTime:0.000000s ]
SQL: SHOW COLUMNS FROM `rbm_order` [ RunTime:0.0000s ]
SQL: SELECT * FROM `rbm_order` WHERE `order_sn` = '1437878850' AND `order_id` = 1 LIMIT 1   [ RunTime:0.0000s ]

[ 2015-07-26T11:52:34+08:00 ] 101.226.103.69 /wxpay/jqback.php
INFO: [ app_init ] --START--
INFO: Run Behavior\BuildLiteBehavior [ RunTime:0.000000s ]
INFO: [ app_init ] --END-- [ RunTime:0.015625s ]
INFO: [ app_begin ] --START--
INFO: Run Behavior\ReadHtmlCacheBehavior [ RunTime:0.000000s ]
INFO: [ app_begin ] --END-- [ RunTime:0.000000s ]
SQL: SHOW COLUMNS FROM `rbm_wxuser_pannant` [ RunTime:0.0156s ]
SQL: SELECT * FROM `rbm_wxuser_pannant` WHERE `did` = 3 AND `uid` = 1 LIMIT 1   [ RunTime:0.0000s ]

[ 2015-07-26T11:59:31+08:00 ] 101.226.103.69 /wxpay/index.php
INFO: [ app_init ] --START--
INFO: Run Behavior\BuildLiteBehavior [ RunTime:0.000000s ]
INFO: [ app_init ] --END-- [ RunTime:0.000000s ]
INFO: [ app_begin ] --START--
INFO: Run Behavior\ReadHtmlCacheBehavior [ RunTime:0.000000s ]
INFO: [ app_begin ] --END-- [ RunTime:0.000000s ]
SQL: SHOW COLUMNS FROM `rbm_order` [ RunTime:0.0000s ]
SQL: SELECT * FROM `rbm_order` WHERE `order_sn` = '1437875707' AND `order_id` = 15 LIMIT 1   [ RunTime:0.0000s ]

[ 2015-07-26T12:14:12+08:00 ] 101.226.103.69 /wxpay/index.php
INFO: [ app_init ] --START--
INFO: Run Behavior\BuildLiteBehavior [ RunTime:0.000000s ]
INFO: [ app_init ] --END-- [ RunTime:0.000000s ]
INFO: [ app_begin ] --START--
INFO: Run Behavior\ReadHtmlCacheBehavior [ RunTime:0.000000s ]
INFO: [ app_begin ] --END-- [ RunTime:0.000000s ]
SQL: SHOW COLUMNS FROM `rbm_order` [ RunTime:0.0000s ]
SQL: SELECT * FROM `rbm_order` WHERE `order_sn` = '1437876592' AND `order_id` = 15 LIMIT 1   [ RunTime:0.0000s ]

[ 2015-07-26T12:21:27+08:00 ] 101.226.103.69 /wxpay/index.php
INFO: [ app_init ] --START--
INFO: Run Behavior\BuildLiteBehavior [ RunTime:0.000000s ]
INFO: [ app_init ] --END-- [ RunTime:0.000000s ]
INFO: [ app_begin ] --START--
INFO: Run Behavior\ReadHtmlCacheBehavior [ RunTime:0.000000s ]
INFO: [ app_begin ] --END-- [ RunTime:0.000000s ]
SQL: SHOW COLUMNS FROM `rbm_order` [ RunTime:0.0000s ]
SQL: SELECT * FROM `rbm_order` WHERE `order_sn` = '1437878825' AND `order_id` = 1 LIMIT 1   [ RunTime:0.0000s ]

[ 2015-07-26T12:21:49+08:00 ] 101.226.103.69 /wxpay/index.php
INFO: [ app_init ] --START--
INFO: Run Behavior\BuildLiteBehavior [ RunTime:0.000000s ]
INFO: [ app_init ] --END-- [ RunTime:0.000000s ]
INFO: [ app_begin ] --START--
INFO: Run Behavior\ReadHtmlCacheBehavior [ RunTime:0.000000s ]
INFO: [ app_begin ] --END-- [ RunTime:0.000000s ]
SQL: SHOW COLUMNS FROM `rbm_order` [ RunTime:0.0000s ]
SQL: SELECT * FROM `rbm_order` WHERE `order_sn` = '1437878850' AND `order_id` = 1 LIMIT 1   [ RunTime:0.0000s ]

[ 2015-07-26T12:22:36+08:00 ] 101.226.103.69 /wxpay/jqback.php
INFO: [ app_init ] --START--
INFO: Run Behavior\BuildLiteBehavior [ RunTime:0.000000s ]
INFO: [ app_init ] --END-- [ RunTime:0.000000s ]
INFO: [ app_begin ] --START--
INFO: Run Behavior\ReadHtmlCacheBehavior [ RunTime:0.000000s ]
INFO: [ app_begin ] --END-- [ RunTime:0.000000s ]
SQL: SHOW COLUMNS FROM `rbm_wxuser_pannant` [ RunTime:0.0000s ]
SQL: SELECT * FROM `rbm_wxuser_pannant` WHERE `did` = 3 AND `uid` = 1 LIMIT 1   [ RunTime:0.0000s ]

[ 2015-07-26T12:51:32+08:00 ] 101.226.103.69 /wxpay/index.php
INFO: [ app_init ] --START--
INFO: Run Behavior\BuildLiteBehavior [ RunTime:0.000000s ]
INFO: [ app_init ] --END-- [ RunTime:0.000000s ]
INFO: [ app_begin ] --START--
INFO: Run Behavior\ReadHtmlCacheBehavior [ RunTime:0.000000s ]
INFO: [ app_begin ] --END-- [ RunTime:0.000000s ]
SQL: SHOW COLUMNS FROM `rbm_order` [ RunTime:0.0000s ]
SQL: SELECT * FROM `rbm_order` WHERE `order_sn` = '1437878825' AND `order_id` = 1 LIMIT 1   [ RunTime:0.0000s ]

[ 2015-07-26T12:51:52+08:00 ] 101.226.103.69 /wxpay/index.php
INFO: [ app_init ] --START--
INFO: Run Behavior\BuildLiteBehavior [ RunTime:0.000000s ]
INFO: [ app_init ] --END-- [ RunTime:0.000000s ]
INFO: [ app_begin ] --START--
INFO: Run Behavior\ReadHtmlCacheBehavior [ RunTime:0.000000s ]
INFO: [ app_begin ] --END-- [ RunTime:0.000000s ]
SQL: SHOW COLUMNS FROM `rbm_order` [ RunTime:0.0000s ]
SQL: SELECT * FROM `rbm_order` WHERE `order_sn` = '1437878850' AND `order_id` = 1 LIMIT 1   [ RunTime:0.0000s ]

[ 2015-07-26T12:52:38+08:00 ] 101.226.103.69 /wxpay/jqback.php
INFO: [ app_init ] --START--
INFO: Run Behavior\BuildLiteBehavior [ RunTime:0.000000s ]
INFO: [ app_init ] --END-- [ RunTime:0.000000s ]
INFO: [ app_begin ] --START--
INFO: Run Behavior\ReadHtmlCacheBehavior [ RunTime:0.000000s ]
INFO: [ app_begin ] --END-- [ RunTime:0.000000s ]
SQL: SHOW COLUMNS FROM `rbm_wxuser_pannant` [ RunTime:0.0000s ]
SQL: SELECT * FROM `rbm_wxuser_pannant` WHERE `did` = 3 AND `uid` = 1 LIMIT 1   [ RunTime:0.0000s ]

[ 2015-07-26T12:59:35+08:00 ] 101.226.103.69 /wxpay/index.php
INFO: [ app_init ] --START--
INFO: Run Behavior\BuildLiteBehavior [ RunTime:0.000000s ]
INFO: [ app_init ] --END-- [ RunTime:0.000000s ]
INFO: [ app_begin ] --START--
INFO: Run Behavior\ReadHtmlCacheBehavior [ RunTime:0.000000s ]
INFO: [ app_begin ] --END-- [ RunTime:0.000000s ]
SQL: SHOW COLUMNS FROM `rbm_order` [ RunTime:0.0000s ]
SQL: SELECT * FROM `rbm_order` WHERE `order_sn` = '1437875707' AND `order_id` = 15 LIMIT 1   [ RunTime:0.0000s ]

[ 2015-07-26T13:14:15+08:00 ] 101.226.103.69 /wxpay/index.php
INFO: [ app_init ] --START--
INFO: Run Behavior\BuildLiteBehavior [ RunTime:0.000000s ]
INFO: [ app_init ] --END-- [ RunTime:0.000000s ]
INFO: [ app_begin ] --START--
INFO: Run Behavior\ReadHtmlCacheBehavior [ RunTime:0.000000s ]
INFO: [ app_begin ] --END-- [ RunTime:0.000000s ]
SQL: SHOW COLUMNS FROM `rbm_order` [ RunTime:0.0000s ]
SQL: SELECT * FROM `rbm_order` WHERE `order_sn` = '1437876592' AND `order_id` = 15 LIMIT 1   [ RunTime:0.0000s ]

[ 2015-07-26T13:22:40+08:00 ] 101.226.103.69 /wxpay/jqback.php
INFO: [ app_init ] --START--
INFO: Run Behavior\BuildLiteBehavior [ RunTime:0.000000s ]
INFO: [ app_init ] --END-- [ RunTime:0.000000s ]
INFO: [ app_begin ] --START--
INFO: Run Behavior\ReadHtmlCacheBehavior [ RunTime:0.000000s ]
INFO: [ app_begin ] --END-- [ RunTime:0.000000s ]
SQL: SHOW COLUMNS FROM `rbm_wxuser_pannant` [ RunTime:0.0000s ]
SQL: SELECT * FROM `rbm_wxuser_pannant` WHERE `did` = 3 AND `uid` = 1 LIMIT 1   [ RunTime:0.0000s ]

[ 2015-07-26T13:51:34+08:00 ] 101.226.103.69 /wxpay/index.php
INFO: [ app_init ] --START--
INFO: Run Behavior\BuildLiteBehavior [ RunTime:0.000000s ]
INFO: [ app_init ] --END-- [ RunTime:0.000000s ]
INFO: [ app_begin ] --START--
INFO: Run Behavior\ReadHtmlCacheBehavior [ RunTime:0.000000s ]
INFO: [ app_begin ] --END-- [ RunTime:0.000000s ]
SQL: SHOW COLUMNS FROM `rbm_order` [ RunTime:0.0156s ]
SQL: SELECT * FROM `rbm_order` WHERE `order_sn` = '1437878825' AND `order_id` = 1 LIMIT 1   [ RunTime:0.0000s ]

[ 2015-07-26T13:51:54+08:00 ] 101.226.103.69 /wxpay/index.php
INFO: [ app_init ] --START--
INFO: Run Behavior\BuildLiteBehavior [ RunTime:0.000000s ]
INFO: [ app_init ] --END-- [ RunTime:0.000000s ]
INFO: [ app_begin ] --START--
INFO: Run Behavior\ReadHtmlCacheBehavior [ RunTime:0.000000s ]
INFO: [ app_begin ] --END-- [ RunTime:0.000000s ]
SQL: SHOW COLUMNS FROM `rbm_order` [ RunTime:0.0000s ]
SQL: SELECT * FROM `rbm_order` WHERE `order_sn` = '1437878850' AND `order_id` = 1 LIMIT 1   [ RunTime:0.0000s ]

[ 2015-07-26T14:22:43+08:00 ] 101.226.103.69 /wxpay/jqback.php
INFO: [ app_init ] --START--
INFO: Run Behavior\BuildLiteBehavior [ RunTime:0.000000s ]
INFO: [ app_init ] --END-- [ RunTime:0.000000s ]
INFO: [ app_begin ] --START--
INFO: Run Behavior\ReadHtmlCacheBehavior [ RunTime:0.000000s ]
INFO: [ app_begin ] --END-- [ RunTime:0.000000s ]
SQL: SHOW COLUMNS FROM `rbm_wxuser_pannant` [ RunTime:0.0000s ]
SQL: SELECT * FROM `rbm_wxuser_pannant` WHERE `did` = 3 AND `uid` = 1 LIMIT 1   [ RunTime:0.0000s ]

