[ 2015-07-28T00:59:11+08:00 ] 140.207.54.74 /wxpay/index.php
INFO: [ app_init ] --START--
INFO: Run Behavior\BuildLiteBehavior [ RunTime:0.000000s ]
INFO: [ app_init ] --END-- [ RunTime:0.000000s ]
INFO: [ app_begin ] --START--
INFO: Run Behavior\ReadHtmlCacheBehavior [ RunTime:0.000000s ]
INFO: [ app_begin ] --END-- [ RunTime:0.000000s ]
SQL: SHOW COLUMNS FROM `rbm_order` [ RunTime:0.0000s ]
SQL: SELECT * FROM `rbm_order` WHERE `order_sn` = '1438005273' AND `order_id` = 6 LIMIT 1   [ RunTime:0.0000s ]

[ 2015-07-28T09:49:44+08:00 ] 101.226.103.69 /wxpay/index.php
INFO: [ app_init ] --START--
INFO: Run Behavior\BuildLiteBehavior [ RunTime:0.000000s ]
INFO: [ app_init ] --END-- [ RunTime:0.000000s ]
INFO: [ app_begin ] --START--
INFO: Run Behavior\ReadHtmlCacheBehavior [ RunTime:0.000000s ]
INFO: [ app_begin ] --END-- [ RunTime:0.000000s ]
SQL: SHOW COLUMNS FROM `rbm_order` [ RunTime:0.0000s ]
SQL: SELECT * FROM `rbm_order` WHERE `order_sn` = '1438048176' AND `order_id` = 4 LIMIT 1   [ RunTime:0.0000s ]
SQL: UPDATE `rbm_order` SET `status`='2' WHERE `order_sn` = '1438048176' AND `order_id` = 4 [ RunTime:0.0000s ]
SQL: SHOW COLUMNS FROM `rbm_doctor_order` [ RunTime:0.0156s ]
SQL: INSERT INTO `rbm_doctor_order` (`uid`,`did`,`order_time`) VALUES ('4','4','1438387200') [ RunTime:0.0000s ]
SQL: SHOW COLUMNS FROM `rbm_doctor_ordernum` [ RunTime:0.0000s ]
SQL: SELECT * FROM `rbm_doctor_ordernum` WHERE `did` = 4 AND `date` = 1438387200 LIMIT 1   [ RunTime:0.0000s ]
SQL: INSERT INTO `rbm_doctor_ordernum` (`did`,`date`,`num`) VALUES ('4','1438387200','1') [ RunTime:0.0156s ]

[ 2015-07-28T09:50:00+08:00 ] 101.226.103.69 /wxpay/index.php
INFO: [ app_init ] --START--
INFO: Run Behavior\BuildLiteBehavior [ RunTime:0.000000s ]
INFO: [ app_init ] --END-- [ RunTime:0.000000s ]
INFO: [ app_begin ] --START--
INFO: Run Behavior\ReadHtmlCacheBehavior [ RunTime:0.000000s ]
INFO: [ app_begin ] --END-- [ RunTime:0.000000s ]
SQL: SHOW COLUMNS FROM `rbm_order` [ RunTime:0.0000s ]
SQL: SELECT * FROM `rbm_order` WHERE `order_sn` = '1438048176' AND `order_id` = 4 LIMIT 1   [ RunTime:0.0000s ]

[ 2015-07-28T09:50:17+08:00 ] 101.226.103.69 /wxpay/index.php
INFO: [ app_init ] --START--
INFO: Run Behavior\BuildLiteBehavior [ RunTime:0.000000s ]
INFO: [ app_init ] --END-- [ RunTime:0.000000s ]
INFO: [ app_begin ] --START--
INFO: Run Behavior\ReadHtmlCacheBehavior [ RunTime:0.000000s ]
INFO: [ app_begin ] --END-- [ RunTime:0.000000s ]
SQL: SHOW COLUMNS FROM `rbm_order` [ RunTime:0.0000s ]
SQL: SELECT * FROM `rbm_order` WHERE `order_sn` = '1438048176' AND `order_id` = 4 LIMIT 1   [ RunTime:0.0000s ]

[ 2015-07-28T09:50:50+08:00 ] 101.226.103.69 /wxpay/index.php
INFO: [ app_init ] --START--
INFO: Run Behavior\BuildLiteBehavior [ RunTime:0.000000s ]
INFO: [ app_init ] --END-- [ RunTime:0.000000s ]
INFO: [ app_begin ] --START--
INFO: Run Behavior\ReadHtmlCacheBehavior [ RunTime:0.000000s ]
INFO: [ app_begin ] --END-- [ RunTime:0.000000s ]
SQL: SHOW COLUMNS FROM `rbm_order` [ RunTime:0.0000s ]
SQL: SELECT * FROM `rbm_order` WHERE `order_sn` = '1438048176' AND `order_id` = 4 LIMIT 1   [ RunTime:0.0000s ]

[ 2015-07-28T09:53:52+08:00 ] 101.226.103.69 /wxpay/index.php
INFO: [ app_init ] --START--
INFO: Run Behavior\BuildLiteBehavior [ RunTime:0.000000s ]
INFO: [ app_init ] --END-- [ RunTime:0.000000s ]
INFO: [ app_begin ] --START--
INFO: Run Behavior\ReadHtmlCacheBehavior [ RunTime:0.015625s ]
INFO: [ app_begin ] --END-- [ RunTime:0.015625s ]
SQL: SHOW COLUMNS FROM `rbm_order` [ RunTime:0.0000s ]
SQL: SELECT * FROM `rbm_order` WHERE `order_sn` = '1438048176' AND `order_id` = 4 LIMIT 1   [ RunTime:0.0000s ]

[ 2015-07-28T10:02:26+08:00 ] 101.226.103.69 /wxpay/jqback.php
INFO: [ app_init ] --START--
INFO: Run Behavior\BuildLiteBehavior [ RunTime:0.000000s ]
INFO: [ app_init ] --END-- [ RunTime:0.000000s ]
INFO: [ app_begin ] --START--
INFO: Run Behavior\ReadHtmlCacheBehavior [ RunTime:0.000000s ]
INFO: [ app_begin ] --END-- [ RunTime:0.000000s ]
SQL: SHOW COLUMNS FROM `rbm_wxuser_pannant` [ RunTime:0.0000s ]
SQL: SELECT * FROM `rbm_wxuser_pannant` WHERE `did` = 4 AND `uid` = 4 LIMIT 1   [ RunTime:0.0000s ]
SQL: INSERT INTO `rbm_wxuser_pannant` (`did`,`uid`,`num`,`createtime`) VALUES ('4','4','5','2015-07-28 10:02:26') [ RunTime:0.0156s ]
SQL: SHOW COLUMNS FROM `rbm_doctor` [ RunTime:0.0000s ]
SQL: UPDATE `rbm_doctor` SET `pannant`=pannant+5 WHERE `id` = 4 [ RunTime:0.0000s ]

[ 2015-07-28T10:02:39+08:00 ] 101.226.103.69 /wxpay/jqback.php
INFO: [ app_init ] --START--
INFO: Run Behavior\BuildLiteBehavior [ RunTime:0.000000s ]
INFO: [ app_init ] --END-- [ RunTime:0.000000s ]
INFO: [ app_begin ] --START--
INFO: Run Behavior\ReadHtmlCacheBehavior [ RunTime:0.000000s ]
INFO: [ app_begin ] --END-- [ RunTime:0.000000s ]
SQL: SHOW COLUMNS FROM `rbm_wxuser_pannant` [ RunTime:0.0000s ]
SQL: SELECT * FROM `rbm_wxuser_pannant` WHERE `did` = 4 AND `uid` = 4 LIMIT 1   [ RunTime:0.0000s ]

[ 2015-07-28T10:02:57+08:00 ] 101.226.103.69 /wxpay/jqback.php
INFO: [ app_init ] --START--
INFO: Run Behavior\BuildLiteBehavior [ RunTime:0.000000s ]
INFO: [ app_init ] --END-- [ RunTime:0.000000s ]
INFO: [ app_begin ] --START--
INFO: Run Behavior\ReadHtmlCacheBehavior [ RunTime:0.000000s ]
INFO: [ app_begin ] --END-- [ RunTime:0.000000s ]
SQL: SHOW COLUMNS FROM `rbm_wxuser_pannant` [ RunTime:0.0000s ]
SQL: SELECT * FROM `rbm_wxuser_pannant` WHERE `did` = 4 AND `uid` = 4 LIMIT 1   [ RunTime:0.0000s ]

[ 2015-07-28T10:03:29+08:00 ] 101.226.103.69 /wxpay/jqback.php
INFO: [ app_init ] --START--
INFO: Run Behavior\BuildLiteBehavior [ RunTime:0.000000s ]
INFO: [ app_init ] --END-- [ RunTime:0.000000s ]
INFO: [ app_begin ] --START--
INFO: Run Behavior\ReadHtmlCacheBehavior [ RunTime:0.000000s ]
INFO: [ app_begin ] --END-- [ RunTime:0.000000s ]
SQL: SHOW COLUMNS FROM `rbm_wxuser_pannant` [ RunTime:0.0000s ]
SQL: SELECT * FROM `rbm_wxuser_pannant` WHERE `did` = 4 AND `uid` = 4 LIMIT 1   [ RunTime:0.0000s ]

[ 2015-07-28T10:06:32+08:00 ] 101.226.103.69 /wxpay/jqback.php
INFO: [ app_init ] --START--
INFO: Run Behavior\BuildLiteBehavior [ RunTime:0.000000s ]
INFO: [ app_init ] --END-- [ RunTime:0.000000s ]
INFO: [ app_begin ] --START--
INFO: Run Behavior\ReadHtmlCacheBehavior [ RunTime:0.000000s ]
INFO: [ app_begin ] --END-- [ RunTime:0.000000s ]
SQL: SHOW COLUMNS FROM `rbm_wxuser_pannant` [ RunTime:0.0000s ]
SQL: SELECT * FROM `rbm_wxuser_pannant` WHERE `did` = 4 AND `uid` = 4 LIMIT 1   [ RunTime:0.0000s ]

[ 2015-07-28T10:23:54+08:00 ] 101.226.103.72 /wxpay/index.php
INFO: [ app_init ] --START--
INFO: Run Behavior\BuildLiteBehavior [ RunTime:0.000000s ]
INFO: [ app_init ] --END-- [ RunTime:0.000000s ]
INFO: [ app_begin ] --START--
INFO: Run Behavior\ReadHtmlCacheBehavior [ RunTime:0.000000s ]
INFO: [ app_begin ] --END-- [ RunTime:0.000000s ]
SQL: SHOW COLUMNS FROM `rbm_order` [ RunTime:0.0000s ]
SQL: SELECT * FROM `rbm_order` WHERE `order_sn` = '1438048176' AND `order_id` = 4 LIMIT 1   [ RunTime:0.0000s ]

[ 2015-07-28T10:36:33+08:00 ] 101.226.103.69 /wxpay/jqback.php
INFO: [ app_init ] --START--
INFO: Run Behavior\BuildLiteBehavior [ RunTime:0.000000s ]
INFO: [ app_init ] --END-- [ RunTime:0.000000s ]
INFO: [ app_begin ] --START--
INFO: Run Behavior\ReadHtmlCacheBehavior [ RunTime:0.000000s ]
INFO: [ app_begin ] --END-- [ RunTime:0.000000s ]
SQL: SHOW COLUMNS FROM `rbm_wxuser_pannant` [ RunTime:0.0000s ]
SQL: SELECT * FROM `rbm_wxuser_pannant` WHERE `did` = 4 AND `uid` = 4 LIMIT 1   [ RunTime:0.0000s ]

[ 2015-07-28T10:45:51+08:00 ] 101.226.103.62 /wxpay/index.php
INFO: [ app_init ] --START--
INFO: Run Behavior\BuildLiteBehavior [ RunTime:0.000000s ]
INFO: [ app_init ] --END-- [ RunTime:0.000000s ]
INFO: [ app_begin ] --START--
INFO: Run Behavior\ReadHtmlCacheBehavior [ RunTime:0.015625s ]
INFO: [ app_begin ] --END-- [ RunTime:0.015625s ]
SQL: SHOW COLUMNS FROM `rbm_order` [ RunTime:0.0000s ]
SQL: SELECT * FROM `rbm_order` WHERE `order_sn` = '1438051531' AND `order_id` = 8 LIMIT 1   [ RunTime:0.0000s ]
SQL: UPDATE `rbm_order` SET `status`='2' WHERE `order_sn` = '1438051531' AND `order_id` = 8 [ RunTime:0.0156s ]
SQL: SHOW COLUMNS FROM `rbm_doctor_order` [ RunTime:0.0000s ]
SQL: INSERT INTO `rbm_doctor_order` (`uid`,`did`,`order_time`) VALUES ('8','4','1438387200') [ RunTime:0.0000s ]
SQL: SHOW COLUMNS FROM `rbm_doctor_ordernum` [ RunTime:0.0000s ]
SQL: SELECT * FROM `rbm_doctor_ordernum` WHERE `did` = 4 AND `date` = 1438387200 LIMIT 1   [ RunTime:0.0000s ]
SQL: UPDATE `rbm_doctor_ordernum` SET `num`=num+1 WHERE `did` = 4 AND `date` = 1438387200 [ RunTime:0.0156s ]

[ 2015-07-28T10:46:04+08:00 ] 101.226.103.62 /wxpay/index.php
INFO: [ app_init ] --START--
INFO: Run Behavior\BuildLiteBehavior [ RunTime:0.000000s ]
INFO: [ app_init ] --END-- [ RunTime:0.000000s ]
INFO: [ app_begin ] --START--
INFO: Run Behavior\ReadHtmlCacheBehavior [ RunTime:0.000000s ]
INFO: [ app_begin ] --END-- [ RunTime:0.000000s ]
SQL: SHOW COLUMNS FROM `rbm_order` [ RunTime:0.0000s ]
SQL: SELECT * FROM `rbm_order` WHERE `order_sn` = '1438051531' AND `order_id` = 8 LIMIT 1   [ RunTime:0.0000s ]

[ 2015-07-28T10:46:21+08:00 ] 101.226.103.62 /wxpay/index.php
INFO: [ app_init ] --START--
INFO: Run Behavior\BuildLiteBehavior [ RunTime:0.000000s ]
INFO: [ app_init ] --END-- [ RunTime:0.000000s ]
INFO: [ app_begin ] --START--
INFO: Run Behavior\ReadHtmlCacheBehavior [ RunTime:0.015625s ]
INFO: [ app_begin ] --END-- [ RunTime:0.015625s ]
SQL: SHOW COLUMNS FROM `rbm_order` [ RunTime:0.0000s ]
SQL: SELECT * FROM `rbm_order` WHERE `order_sn` = '1438051531' AND `order_id` = 8 LIMIT 1   [ RunTime:0.0000s ]

[ 2015-07-28T10:46:52+08:00 ] 101.226.103.62 /wxpay/index.php
INFO: [ app_init ] --START--
INFO: Run Behavior\BuildLiteBehavior [ RunTime:0.000000s ]
INFO: [ app_init ] --END-- [ RunTime:0.000000s ]
INFO: [ app_begin ] --START--
INFO: Run Behavior\ReadHtmlCacheBehavior [ RunTime:0.000000s ]
INFO: [ app_begin ] --END-- [ RunTime:0.000000s ]
SQL: SHOW COLUMNS FROM `rbm_order` [ RunTime:0.0000s ]
SQL: SELECT * FROM `rbm_order` WHERE `order_sn` = '1438051531' AND `order_id` = 8 LIMIT 1   [ RunTime:0.0000s ]

[ 2015-07-28T10:49:54+08:00 ] 101.226.103.62 /wxpay/index.php
INFO: [ app_init ] --START--
INFO: Run Behavior\BuildLiteBehavior [ RunTime:0.000000s ]
INFO: [ app_init ] --END-- [ RunTime:0.000000s ]
INFO: [ app_begin ] --START--
INFO: Run Behavior\ReadHtmlCacheBehavior [ RunTime:0.000000s ]
INFO: [ app_begin ] --END-- [ RunTime:0.000000s ]
SQL: SHOW COLUMNS FROM `rbm_order` [ RunTime:0.0000s ]
SQL: SELECT * FROM `rbm_order` WHERE `order_sn` = '1438051531' AND `order_id` = 8 LIMIT 1   [ RunTime:0.0000s ]

[ 2015-07-28T10:53:57+08:00 ] 101.226.103.69 /wxpay/index.php
INFO: [ app_init ] --START--
INFO: Run Behavior\BuildLiteBehavior [ RunTime:0.000000s ]
INFO: [ app_init ] --END-- [ RunTime:0.000000s ]
INFO: [ app_begin ] --START--
INFO: Run Behavior\ReadHtmlCacheBehavior [ RunTime:0.000000s ]
INFO: [ app_begin ] --END-- [ RunTime:0.000000s ]
SQL: SHOW COLUMNS FROM `rbm_order` [ RunTime:0.0000s ]
SQL: SELECT * FROM `rbm_order` WHERE `order_sn` = '1438048176' AND `order_id` = 4 LIMIT 1   [ RunTime:0.0000s ]

[ 2015-07-28T10:55:25+08:00 ] 101.226.103.69 /wxpay/index.php
INFO: [ app_init ] --START--
INFO: Run Behavior\BuildLiteBehavior [ RunTime:0.000000s ]
INFO: [ app_init ] --END-- [ RunTime:0.000000s ]
INFO: [ app_begin ] --START--
INFO: Run Behavior\ReadHtmlCacheBehavior [ RunTime:0.000000s ]
INFO: [ app_begin ] --END-- [ RunTime:0.000000s ]
SQL: SHOW COLUMNS FROM `rbm_order` [ RunTime:0.0000s ]
SQL: SELECT * FROM `rbm_order` WHERE `order_sn` = '1438052117' AND `order_id` = 4 LIMIT 1   [ RunTime:0.0000s ]
SQL: UPDATE `rbm_order` SET `status`='2' WHERE `order_sn` = '1438052117' AND `order_id` = 4 [ RunTime:0.0000s ]
SQL: SHOW COLUMNS FROM `rbm_doctor_order` [ RunTime:0.0000s ]
SQL: INSERT INTO `rbm_doctor_order` (`uid`,`did`,`order_time`) VALUES ('4','5','1438214400') [ RunTime:0.0000s ]
SQL: SHOW COLUMNS FROM `rbm_doctor_ordernum` [ RunTime:0.0000s ]
SQL: SELECT * FROM `rbm_doctor_ordernum` WHERE `did` = 5 AND `date` = 1438214400 LIMIT 1   [ RunTime:0.0000s ]
SQL: INSERT INTO `rbm_doctor_ordernum` (`did`,`date`,`num`) VALUES ('5','1438214400','1') [ RunTime:0.0000s ]

[ 2015-07-28T10:55:36+08:00 ] 101.226.103.69 /wxpay/index.php
INFO: [ app_init ] --START--
INFO: Run Behavior\BuildLiteBehavior [ RunTime:0.000000s ]
INFO: [ app_init ] --END-- [ RunTime:0.000000s ]
INFO: [ app_begin ] --START--
INFO: Run Behavior\ReadHtmlCacheBehavior [ RunTime:0.000000s ]
INFO: [ app_begin ] --END-- [ RunTime:0.000000s ]
SQL: SHOW COLUMNS FROM `rbm_order` [ RunTime:0.0000s ]
SQL: SELECT * FROM `rbm_order` WHERE `order_sn` = '1438052117' AND `order_id` = 4 LIMIT 1   [ RunTime:0.0000s ]

[ 2015-07-28T10:55:54+08:00 ] 101.226.103.69 /wxpay/index.php
INFO: [ app_init ] --START--
INFO: Run Behavior\BuildLiteBehavior [ RunTime:0.000000s ]
INFO: [ app_init ] --END-- [ RunTime:0.000000s ]
INFO: [ app_begin ] --START--
INFO: Run Behavior\ReadHtmlCacheBehavior [ RunTime:0.000000s ]
INFO: [ app_begin ] --END-- [ RunTime:0.000000s ]
SQL: SHOW COLUMNS FROM `rbm_order` [ RunTime:0.0000s ]
SQL: SELECT * FROM `rbm_order` WHERE `order_sn` = '1438052117' AND `order_id` = 4 LIMIT 1   [ RunTime:0.0000s ]

[ 2015-07-28T10:56:21+08:00 ] 101.226.103.69 /wxpay/jqback.php
INFO: [ app_init ] --START--
INFO: Run Behavior\BuildLiteBehavior [ RunTime:0.000000s ]
INFO: [ app_init ] --END-- [ RunTime:0.000000s ]
INFO: [ app_begin ] --START--
INFO: Run Behavior\ReadHtmlCacheBehavior [ RunTime:0.000000s ]
INFO: [ app_begin ] --END-- [ RunTime:0.000000s ]
SQL: SHOW COLUMNS FROM `rbm_wxuser_pannant` [ RunTime:0.0000s ]
SQL: SELECT * FROM `rbm_wxuser_pannant` WHERE `did` = 5 AND `uid` = 4 LIMIT 1   [ RunTime:0.0000s ]
SQL: INSERT INTO `rbm_wxuser_pannant` (`did`,`uid`,`num`,`createtime`) VALUES ('5','4','2','2015-07-28 10:56:21') [ RunTime:0.0000s ]
SQL: SHOW COLUMNS FROM `rbm_doctor` [ RunTime:0.0000s ]
SQL: UPDATE `rbm_doctor` SET `pannant`=pannant+2 WHERE `id` = 5 [ RunTime:0.0000s ]

[ 2015-07-28T10:56:27+08:00 ] 101.226.103.69 /wxpay/index.php
INFO: [ app_init ] --START--
INFO: Run Behavior\BuildLiteBehavior [ RunTime:0.000000s ]
INFO: [ app_init ] --END-- [ RunTime:0.000000s ]
INFO: [ app_begin ] --START--
INFO: Run Behavior\ReadHtmlCacheBehavior [ RunTime:0.000000s ]
INFO: [ app_begin ] --END-- [ RunTime:0.000000s ]
SQL: SHOW COLUMNS FROM `rbm_order` [ RunTime:0.0000s ]
SQL: SELECT * FROM `rbm_order` WHERE `order_sn` = '1438052117' AND `order_id` = 4 LIMIT 1   [ RunTime:0.0000s ]

[ 2015-07-28T10:56:39+08:00 ] 101.226.103.69 /wxpay/jqback.php
INFO: [ app_init ] --START--
INFO: Run Behavior\BuildLiteBehavior [ RunTime:0.000000s ]
INFO: [ app_init ] --END-- [ RunTime:0.000000s ]
INFO: [ app_begin ] --START--
INFO: Run Behavior\ReadHtmlCacheBehavior [ RunTime:0.000000s ]
INFO: [ app_begin ] --END-- [ RunTime:0.000000s ]
SQL: SHOW COLUMNS FROM `rbm_wxuser_pannant` [ RunTime:0.0000s ]
SQL: SELECT * FROM `rbm_wxuser_pannant` WHERE `did` = 5 AND `uid` = 4 LIMIT 1   [ RunTime:0.0000s ]

[ 2015-07-28T10:56:57+08:00 ] 101.226.103.69 /wxpay/jqback.php
INFO: [ app_init ] --START--
INFO: Run Behavior\BuildLiteBehavior [ RunTime:0.000000s ]
INFO: [ app_init ] --END-- [ RunTime:0.000000s ]
INFO: [ app_begin ] --START--
INFO: Run Behavior\ReadHtmlCacheBehavior [ RunTime:0.000000s ]
INFO: [ app_begin ] --END-- [ RunTime:0.000000s ]
SQL: SHOW COLUMNS FROM `rbm_wxuser_pannant` [ RunTime:0.0000s ]
SQL: SELECT * FROM `rbm_wxuser_pannant` WHERE `did` = 5 AND `uid` = 4 LIMIT 1   [ RunTime:0.0000s ]

[ 2015-07-28T10:57:30+08:00 ] 101.226.103.69 /wxpay/jqback.php
INFO: [ app_init ] --START--
INFO: Run Behavior\BuildLiteBehavior [ RunTime:0.000000s ]
INFO: [ app_init ] --END-- [ RunTime:0.000000s ]
INFO: [ app_begin ] --START--
INFO: Run Behavior\ReadHtmlCacheBehavior [ RunTime:0.000000s ]
INFO: [ app_begin ] --END-- [ RunTime:0.000000s ]
SQL: SHOW COLUMNS FROM `rbm_wxuser_pannant` [ RunTime:0.0156s ]
SQL: SELECT * FROM `rbm_wxuser_pannant` WHERE `did` = 5 AND `uid` = 4 LIMIT 1   [ RunTime:0.0000s ]

[ 2015-07-28T10:59:29+08:00 ] 101.226.103.69 /wxpay/index.php
INFO: [ app_init ] --START--
INFO: Run Behavior\BuildLiteBehavior [ RunTime:0.000000s ]
INFO: [ app_init ] --END-- [ RunTime:0.000000s ]
INFO: [ app_begin ] --START--
INFO: Run Behavior\ReadHtmlCacheBehavior [ RunTime:0.015625s ]
INFO: [ app_begin ] --END-- [ RunTime:0.015625s ]
SQL: SHOW COLUMNS FROM `rbm_order` [ RunTime:0.0000s ]
SQL: SELECT * FROM `rbm_order` WHERE `order_sn` = '1438052117' AND `order_id` = 4 LIMIT 1   [ RunTime:0.0000s ]

[ 2015-07-28T11:00:32+08:00 ] 101.226.103.69 /wxpay/jqback.php
INFO: [ app_init ] --START--
INFO: Run Behavior\BuildLiteBehavior [ RunTime:0.000000s ]
INFO: [ app_init ] --END-- [ RunTime:0.000000s ]
INFO: [ app_begin ] --START--
INFO: Run Behavior\ReadHtmlCacheBehavior [ RunTime:0.000000s ]
INFO: [ app_begin ] --END-- [ RunTime:0.000000s ]
SQL: SHOW COLUMNS FROM `rbm_wxuser_pannant` [ RunTime:0.0000s ]
SQL: SELECT * FROM `rbm_wxuser_pannant` WHERE `did` = 5 AND `uid` = 4 LIMIT 1   [ RunTime:0.0000s ]

[ 2015-07-28T11:06:36+08:00 ] 101.226.103.69 /wxpay/jqback.php
INFO: [ app_init ] --START--
INFO: Run Behavior\BuildLiteBehavior [ RunTime:0.000000s ]
INFO: [ app_init ] --END-- [ RunTime:0.000000s ]
INFO: [ app_begin ] --START--
INFO: Run Behavior\ReadHtmlCacheBehavior [ RunTime:0.000000s ]
INFO: [ app_begin ] --END-- [ RunTime:0.015626s ]
SQL: SHOW COLUMNS FROM `rbm_wxuser_pannant` [ RunTime:0.0000s ]
SQL: SELECT * FROM `rbm_wxuser_pannant` WHERE `did` = 4 AND `uid` = 4 LIMIT 1   [ RunTime:0.0156s ]

[ 2015-07-28T11:19:56+08:00 ] 101.226.103.62 /wxpay/index.php
INFO: [ app_init ] --START--
INFO: Run Behavior\BuildLiteBehavior [ RunTime:0.000000s ]
INFO: [ app_init ] --END-- [ RunTime:0.000000s ]
INFO: [ app_begin ] --START--
INFO: Run Behavior\ReadHtmlCacheBehavior [ RunTime:0.000000s ]
INFO: [ app_begin ] --END-- [ RunTime:0.000000s ]
SQL: SHOW COLUMNS FROM `rbm_order` [ RunTime:0.0000s ]
SQL: SELECT * FROM `rbm_order` WHERE `order_sn` = '1438051531' AND `order_id` = 8 LIMIT 1   [ RunTime:0.0000s ]

[ 2015-07-28T11:24:01+08:00 ] 101.226.103.69 /wxpay/index.php
INFO: [ app_init ] --START--
INFO: Run Behavior\BuildLiteBehavior [ RunTime:0.000000s ]
INFO: [ app_init ] --END-- [ RunTime:0.000000s ]
INFO: [ app_begin ] --START--
INFO: Run Behavior\ReadHtmlCacheBehavior [ RunTime:0.015625s ]
INFO: [ app_begin ] --END-- [ RunTime:0.015625s ]
SQL: SHOW COLUMNS FROM `rbm_order` [ RunTime:0.0000s ]
SQL: SELECT * FROM `rbm_order` WHERE `order_sn` = '1438048176' AND `order_id` = 4 LIMIT 1   [ RunTime:0.0000s ]

[ 2015-07-28T11:29:31+08:00 ] 101.226.103.69 /wxpay/index.php
INFO: [ app_init ] --START--
INFO: Run Behavior\BuildLiteBehavior [ RunTime:0.000000s ]
INFO: [ app_init ] --END-- [ RunTime:0.000000s ]
INFO: [ app_begin ] --START--
INFO: Run Behavior\ReadHtmlCacheBehavior [ RunTime:0.000000s ]
INFO: [ app_begin ] --END-- [ RunTime:0.000000s ]
SQL: SHOW COLUMNS FROM `rbm_order` [ RunTime:0.0000s ]
SQL: SELECT * FROM `rbm_order` WHERE `order_sn` = '1438052117' AND `order_id` = 4 LIMIT 1   [ RunTime:0.0000s ]

[ 2015-07-28T11:30:36+08:00 ] 101.226.103.69 /wxpay/jqback.php
INFO: [ app_init ] --START--
INFO: Run Behavior\BuildLiteBehavior [ RunTime:0.000000s ]
INFO: [ app_init ] --END-- [ RunTime:0.000000s ]
INFO: [ app_begin ] --START--
INFO: Run Behavior\ReadHtmlCacheBehavior [ RunTime:0.000000s ]
INFO: [ app_begin ] --END-- [ RunTime:0.015625s ]
SQL: SHOW COLUMNS FROM `rbm_wxuser_pannant` [ RunTime:0.0000s ]
SQL: SELECT * FROM `rbm_wxuser_pannant` WHERE `did` = 5 AND `uid` = 4 LIMIT 1   [ RunTime:0.0000s ]

[ 2015-07-28T11:36:40+08:00 ] 101.226.103.69 /wxpay/jqback.php
INFO: [ app_init ] --START--
INFO: Run Behavior\BuildLiteBehavior [ RunTime:0.000000s ]
INFO: [ app_init ] --END-- [ RunTime:0.000000s ]
INFO: [ app_begin ] --START--
INFO: Run Behavior\ReadHtmlCacheBehavior [ RunTime:0.000000s ]
INFO: [ app_begin ] --END-- [ RunTime:0.000000s ]
SQL: SHOW COLUMNS FROM `rbm_wxuser_pannant` [ RunTime:0.0000s ]
SQL: SELECT * FROM `rbm_wxuser_pannant` WHERE `did` = 4 AND `uid` = 4 LIMIT 1   [ RunTime:0.0000s ]

[ 2015-07-28T11:49:58+08:00 ] 101.226.103.62 /wxpay/index.php
INFO: [ app_init ] --START--
INFO: Run Behavior\BuildLiteBehavior [ RunTime:0.000000s ]
INFO: [ app_init ] --END-- [ RunTime:0.000000s ]
INFO: [ app_begin ] --START--
INFO: Run Behavior\ReadHtmlCacheBehavior [ RunTime:0.000000s ]
INFO: [ app_begin ] --END-- [ RunTime:0.000000s ]
SQL: SHOW COLUMNS FROM `rbm_order` [ RunTime:0.0000s ]
SQL: SELECT * FROM `rbm_order` WHERE `order_sn` = '1438051531' AND `order_id` = 8 LIMIT 1   [ RunTime:0.0000s ]

[ 2015-07-28T11:54:02+08:00 ] 101.226.103.69 /wxpay/index.php
INFO: [ app_init ] --START--
INFO: Run Behavior\BuildLiteBehavior [ RunTime:0.000000s ]
INFO: [ app_init ] --END-- [ RunTime:0.000000s ]
INFO: [ app_begin ] --START--
INFO: Run Behavior\ReadHtmlCacheBehavior [ RunTime:0.000000s ]
INFO: [ app_begin ] --END-- [ RunTime:0.000000s ]
SQL: SHOW COLUMNS FROM `rbm_order` [ RunTime:0.0000s ]
SQL: SELECT * FROM `rbm_order` WHERE `order_sn` = '1438048176' AND `order_id` = 4 LIMIT 1   [ RunTime:0.0000s ]

[ 2015-07-28T11:59:33+08:00 ] 101.226.103.69 /wxpay/index.php
INFO: [ app_init ] --START--
INFO: Run Behavior\BuildLiteBehavior [ RunTime:0.000000s ]
INFO: [ app_init ] --END-- [ RunTime:0.000000s ]
INFO: [ app_begin ] --START--
INFO: Run Behavior\ReadHtmlCacheBehavior [ RunTime:0.000000s ]
INFO: [ app_begin ] --END-- [ RunTime:0.000000s ]
SQL: SHOW COLUMNS FROM `rbm_order` [ RunTime:0.0000s ]
SQL: SELECT * FROM `rbm_order` WHERE `order_sn` = '1438052117' AND `order_id` = 4 LIMIT 1   [ RunTime:0.0000s ]

[ 2015-07-28T12:00:39+08:00 ] 101.226.103.73 /wxpay/jqback.php
INFO: [ app_init ] --START--
INFO: Run Behavior\BuildLiteBehavior [ RunTime:0.000000s ]
INFO: [ app_init ] --END-- [ RunTime:0.000000s ]
INFO: [ app_begin ] --START--
INFO: Run Behavior\ReadHtmlCacheBehavior [ RunTime:0.000000s ]
INFO: [ app_begin ] --END-- [ RunTime:0.000000s ]
SQL: SHOW COLUMNS FROM `rbm_wxuser_pannant` [ RunTime:0.0000s ]
SQL: SELECT * FROM `rbm_wxuser_pannant` WHERE `did` = 5 AND `uid` = 4 LIMIT 1   [ RunTime:0.0000s ]

[ 2015-07-28T12:06:42+08:00 ] 101.226.103.69 /wxpay/jqback.php
INFO: [ app_init ] --START--
INFO: Run Behavior\BuildLiteBehavior [ RunTime:0.000000s ]
INFO: [ app_init ] --END-- [ RunTime:0.000000s ]
INFO: [ app_begin ] --START--
INFO: Run Behavior\ReadHtmlCacheBehavior [ RunTime:0.000000s ]
INFO: [ app_begin ] --END-- [ RunTime:0.000000s ]
SQL: SHOW COLUMNS FROM `rbm_wxuser_pannant` [ RunTime:0.0000s ]
SQL: SELECT * FROM `rbm_wxuser_pannant` WHERE `did` = 4 AND `uid` = 4 LIMIT 1   [ RunTime:0.0000s ]

[ 2015-07-28T12:19:59+08:00 ] 101.226.103.62 /wxpay/index.php
INFO: [ app_init ] --START--
INFO: Run Behavior\BuildLiteBehavior [ RunTime:0.000000s ]
INFO: [ app_init ] --END-- [ RunTime:0.000000s ]
INFO: [ app_begin ] --START--
INFO: Run Behavior\ReadHtmlCacheBehavior [ RunTime:0.000000s ]
INFO: [ app_begin ] --END-- [ RunTime:0.000000s ]
SQL: SHOW COLUMNS FROM `rbm_order` [ RunTime:0.0000s ]
SQL: SELECT * FROM `rbm_order` WHERE `order_sn` = '1438051531' AND `order_id` = 8 LIMIT 1   [ RunTime:0.0000s ]

[ 2015-07-28T12:29:39+08:00 ] 101.226.103.69 /wxpay/index.php
INFO: [ app_init ] --START--
INFO: Run Behavior\BuildLiteBehavior [ RunTime:0.000000s ]
INFO: [ app_init ] --END-- [ RunTime:0.000000s ]
INFO: [ app_begin ] --START--
INFO: Run Behavior\ReadHtmlCacheBehavior [ RunTime:0.000000s ]
INFO: [ app_begin ] --END-- [ RunTime:0.000000s ]
SQL: SHOW COLUMNS FROM `rbm_order` [ RunTime:0.0000s ]
SQL: SELECT * FROM `rbm_order` WHERE `order_sn` = '1438052117' AND `order_id` = 4 LIMIT 1   [ RunTime:0.0000s ]

[ 2015-07-28T12:30:41+08:00 ] 101.226.103.69 /wxpay/jqback.php
INFO: [ app_init ] --START--
INFO: Run Behavior\BuildLiteBehavior [ RunTime:0.000000s ]
INFO: [ app_init ] --END-- [ RunTime:0.000000s ]
INFO: [ app_begin ] --START--
INFO: Run Behavior\ReadHtmlCacheBehavior [ RunTime:0.000000s ]
INFO: [ app_begin ] --END-- [ RunTime:0.000000s ]
SQL: SHOW COLUMNS FROM `rbm_wxuser_pannant` [ RunTime:0.0000s ]
SQL: SELECT * FROM `rbm_wxuser_pannant` WHERE `did` = 5 AND `uid` = 4 LIMIT 1   [ RunTime:0.0000s ]

[ 2015-07-28T12:50:03+08:00 ] 101.226.103.62 /wxpay/index.php
INFO: [ app_init ] --START--
INFO: Run Behavior\BuildLiteBehavior [ RunTime:0.000000s ]
INFO: [ app_init ] --END-- [ RunTime:0.000000s ]
INFO: [ app_begin ] --START--
INFO: Run Behavior\ReadHtmlCacheBehavior [ RunTime:0.000000s ]
INFO: [ app_begin ] --END-- [ RunTime:0.000000s ]
SQL: SHOW COLUMNS FROM `rbm_order` [ RunTime:0.0000s ]
SQL: SELECT * FROM `rbm_order` WHERE `order_sn` = '1438051531' AND `order_id` = 8 LIMIT 1   [ RunTime:0.0000s ]

[ 2015-07-28T12:54:04+08:00 ] 101.226.103.69 /wxpay/index.php
INFO: [ app_init ] --START--
INFO: Run Behavior\BuildLiteBehavior [ RunTime:0.000000s ]
INFO: [ app_init ] --END-- [ RunTime:0.000000s ]
INFO: [ app_begin ] --START--
INFO: Run Behavior\ReadHtmlCacheBehavior [ RunTime:0.000000s ]
INFO: [ app_begin ] --END-- [ RunTime:0.000000s ]
SQL: SHOW COLUMNS FROM `rbm_order` [ RunTime:0.0000s ]
SQL: SELECT * FROM `rbm_order` WHERE `order_sn` = '1438048176' AND `order_id` = 4 LIMIT 1   [ RunTime:0.0000s ]

[ 2015-07-28T12:59:42+08:00 ] 101.226.103.69 /wxpay/index.php
INFO: [ app_init ] --START--
INFO: Run Behavior\BuildLiteBehavior [ RunTime:0.000000s ]
INFO: [ app_init ] --END-- [ RunTime:0.000000s ]
INFO: [ app_begin ] --START--
INFO: Run Behavior\ReadHtmlCacheBehavior [ RunTime:0.000000s ]
INFO: [ app_begin ] --END-- [ RunTime:0.000000s ]
SQL: SHOW COLUMNS FROM `rbm_order` [ RunTime:0.0000s ]
SQL: SELECT * FROM `rbm_order` WHERE `order_sn` = '1438052117' AND `order_id` = 4 LIMIT 1   [ RunTime:0.0000s ]

[ 2015-07-28T13:00:45+08:00 ] 101.226.103.69 /wxpay/jqback.php
INFO: [ app_init ] --START--
INFO: Run Behavior\BuildLiteBehavior [ RunTime:0.000000s ]
INFO: [ app_init ] --END-- [ RunTime:0.000000s ]
INFO: [ app_begin ] --START--
INFO: Run Behavior\ReadHtmlCacheBehavior [ RunTime:0.000000s ]
INFO: [ app_begin ] --END-- [ RunTime:0.000000s ]
SQL: SHOW COLUMNS FROM `rbm_wxuser_pannant` [ RunTime:0.0000s ]
SQL: SELECT * FROM `rbm_wxuser_pannant` WHERE `did` = 5 AND `uid` = 4 LIMIT 1   [ RunTime:0.0000s ]

[ 2015-07-28T13:06:46+08:00 ] 101.226.103.69 /wxpay/jqback.php
INFO: [ app_init ] --START--
INFO: Run Behavior\BuildLiteBehavior [ RunTime:0.000000s ]
INFO: [ app_init ] --END-- [ RunTime:0.000000s ]
INFO: [ app_begin ] --START--
INFO: Run Behavior\ReadHtmlCacheBehavior [ RunTime:0.000000s ]
INFO: [ app_begin ] --END-- [ RunTime:0.000000s ]
SQL: SHOW COLUMNS FROM `rbm_wxuser_pannant` [ RunTime:0.0000s ]
SQL: SELECT * FROM `rbm_wxuser_pannant` WHERE `did` = 4 AND `uid` = 4 LIMIT 1   [ RunTime:0.0000s ]

[ 2015-07-28T13:50:06+08:00 ] 101.226.103.62 /wxpay/index.php
INFO: [ app_init ] --START--
INFO: Run Behavior\BuildLiteBehavior [ RunTime:0.000000s ]
INFO: [ app_init ] --END-- [ RunTime:0.000000s ]
INFO: [ app_begin ] --START--
INFO: Run Behavior\ReadHtmlCacheBehavior [ RunTime:0.000000s ]
INFO: [ app_begin ] --END-- [ RunTime:0.000000s ]
SQL: SHOW COLUMNS FROM `rbm_order` [ RunTime:0.0156s ]
SQL: SELECT * FROM `rbm_order` WHERE `order_sn` = '1438051531' AND `order_id` = 8 LIMIT 1   [ RunTime:0.0000s ]

[ 2015-07-28T13:59:45+08:00 ] 101.226.103.69 /wxpay/index.php
INFO: [ app_init ] --START--
INFO: Run Behavior\BuildLiteBehavior [ RunTime:0.000000s ]
INFO: [ app_init ] --END-- [ RunTime:0.000000s ]
INFO: [ app_begin ] --START--
INFO: Run Behavior\ReadHtmlCacheBehavior [ RunTime:0.015625s ]
INFO: [ app_begin ] --END-- [ RunTime:0.015625s ]
SQL: SHOW COLUMNS FROM `rbm_order` [ RunTime:0.0156s ]
SQL: SELECT * FROM `rbm_order` WHERE `order_sn` = '1438052117' AND `order_id` = 4 LIMIT 1   [ RunTime:0.0000s ]

[ 2015-07-28T14:00:49+08:00 ] 101.226.103.69 /wxpay/jqback.php
INFO: [ app_init ] --START--
INFO: Run Behavior\BuildLiteBehavior [ RunTime:0.000000s ]
INFO: [ app_init ] --END-- [ RunTime:0.000000s ]
INFO: [ app_begin ] --START--
INFO: Run Behavior\ReadHtmlCacheBehavior [ RunTime:0.000000s ]
INFO: [ app_begin ] --END-- [ RunTime:0.000000s ]
SQL: SHOW COLUMNS FROM `rbm_wxuser_pannant` [ RunTime:0.0000s ]
SQL: SELECT * FROM `rbm_wxuser_pannant` WHERE `did` = 5 AND `uid` = 4 LIMIT 1   [ RunTime:0.0000s ]

