[ 2015-07-30T09:51:29+08:00 ] 101.226.103.69 /wxpay/index.php
INFO: [ app_init ] --START--
INFO: Run Behavior\BuildLiteBehavior [ RunTime:0.000000s ]
INFO: [ app_init ] --END-- [ RunTime:0.000000s ]
INFO: [ app_begin ] --START--
INFO: Run Behavior\ReadHtmlCacheBehavior [ RunTime:0.000000s ]
INFO: [ app_begin ] --END-- [ RunTime:0.000000s ]
SQL: SHOW COLUMNS FROM `rbm_order` [ RunTime:0.0000s ]
SQL: SELECT * FROM `rbm_order` WHERE `order_sn` = '1438221081' AND `order_id` = 1 LIMIT 1   [ RunTime:0.0000s ]
SQL: UPDATE `rbm_order` SET `status`='2' WHERE `order_sn` = '1438221081' AND `order_id` = 1 [ RunTime:0.0000s ]
SQL: SHOW COLUMNS FROM `rbm_doctor_order` [ RunTime:0.0000s ]
SQL: INSERT INTO `rbm_doctor_order` (`uid`,`did`,`order_time`) VALUES ('1','4','1438387200') [ RunTime:0.0156s ]
SQL: SHOW COLUMNS FROM `rbm_doctor_ordernum` [ RunTime:0.0000s ]
SQL: SELECT * FROM `rbm_doctor_ordernum` WHERE `did` = 4 AND `date` = 1438387200 LIMIT 1   [ RunTime:0.0000s ]
SQL: UPDATE `rbm_doctor_ordernum` SET `num`=num+1 WHERE `did` = 4 AND `date` = 1438387200 [ RunTime:0.0000s ]

[ 2015-07-30T09:51:43+08:00 ] 101.226.103.69 /wxpay/index.php
INFO: [ app_init ] --START--
INFO: Run Behavior\BuildLiteBehavior [ RunTime:0.000000s ]
INFO: [ app_init ] --END-- [ RunTime:0.000000s ]
INFO: [ app_begin ] --START--
INFO: Run Behavior\ReadHtmlCacheBehavior [ RunTime:0.000000s ]
INFO: [ app_begin ] --END-- [ RunTime:0.000000s ]
SQL: SHOW COLUMNS FROM `rbm_order` [ RunTime:0.0156s ]
SQL: SELECT * FROM `rbm_order` WHERE `order_sn` = '1438221081' AND `order_id` = 1 LIMIT 1   [ RunTime:0.0000s ]

[ 2015-07-30T09:52:00+08:00 ] 101.226.103.69 /wxpay/index.php
INFO: [ app_init ] --START--
INFO: Run Behavior\BuildLiteBehavior [ RunTime:0.000000s ]
INFO: [ app_init ] --END-- [ RunTime:0.000000s ]
INFO: [ app_begin ] --START--
INFO: Run Behavior\ReadHtmlCacheBehavior [ RunTime:0.000000s ]
INFO: [ app_begin ] --END-- [ RunTime:0.000000s ]
SQL: SHOW COLUMNS FROM `rbm_order` [ RunTime:0.0000s ]
SQL: SELECT * FROM `rbm_order` WHERE `order_sn` = '1438221081' AND `order_id` = 1 LIMIT 1   [ RunTime:0.0000s ]

[ 2015-07-30T09:52:32+08:00 ] 101.226.103.69 /wxpay/index.php
INFO: [ app_init ] --START--
INFO: Run Behavior\BuildLiteBehavior [ RunTime:0.000000s ]
INFO: [ app_init ] --END-- [ RunTime:0.000000s ]
INFO: [ app_begin ] --START--
INFO: Run Behavior\ReadHtmlCacheBehavior [ RunTime:0.000000s ]
INFO: [ app_begin ] --END-- [ RunTime:0.000000s ]
SQL: SHOW COLUMNS FROM `rbm_order` [ RunTime:0.0156s ]
SQL: SELECT * FROM `rbm_order` WHERE `order_sn` = '1438221081' AND `order_id` = 1 LIMIT 1   [ RunTime:0.0000s ]

[ 2015-07-30T09:54:54+08:00 ] 122.4.69.6 /wxpay/
INFO: [ app_init ] --START--
INFO: Run Behavior\BuildLiteBehavior [ RunTime:0.000000s ]
INFO: [ app_init ] --END-- [ RunTime:0.000000s ]
INFO: [ app_begin ] --START--
INFO: Run Behavior\ReadHtmlCacheBehavior [ RunTime:0.000000s ]
INFO: [ app_begin ] --END-- [ RunTime:0.000000s ]

[ 2015-07-30T09:55:12+08:00 ] 122.4.69.6 /wxpay/
INFO: [ app_init ] --START--
INFO: Run Behavior\BuildLiteBehavior [ RunTime:0.000000s ]
INFO: [ app_init ] --END-- [ RunTime:0.000000s ]
INFO: [ app_begin ] --START--
INFO: Run Behavior\ReadHtmlCacheBehavior [ RunTime:0.000000s ]
INFO: [ app_begin ] --END-- [ RunTime:0.000000s ]

[ 2015-07-30T09:55:22+08:00 ] 122.4.69.6 /wxpay/
INFO: [ app_init ] --START--
INFO: Run Behavior\BuildLiteBehavior [ RunTime:0.000000s ]
INFO: [ app_init ] --END-- [ RunTime:0.000000s ]
INFO: [ app_begin ] --START--
INFO: Run Behavior\ReadHtmlCacheBehavior [ RunTime:0.000000s ]
INFO: [ app_begin ] --END-- [ RunTime:0.000000s ]

[ 2015-07-30T09:55:36+08:00 ] 101.226.103.69 /wxpay/index.php
INFO: [ app_init ] --START--
INFO: Run Behavior\BuildLiteBehavior [ RunTime:0.000000s ]
INFO: [ app_init ] --END-- [ RunTime:0.000000s ]
INFO: [ app_begin ] --START--
INFO: Run Behavior\ReadHtmlCacheBehavior [ RunTime:0.000000s ]
INFO: [ app_begin ] --END-- [ RunTime:0.000000s ]
SQL: SHOW COLUMNS FROM `rbm_order` [ RunTime:0.0000s ]
SQL: SELECT * FROM `rbm_order` WHERE `order_sn` = '1438221081' AND `order_id` = 1 LIMIT 1   [ RunTime:0.0000s ]

[ 2015-07-30T09:55:58+08:00 ] 122.4.69.6 /wxpay/index.php/home/index/weixin
INFO: [ app_init ] --START--
INFO: Run Behavior\BuildLiteBehavior [ RunTime:0.000000s ]
INFO: [ app_init ] --END-- [ RunTime:0.000000s ]
INFO: [ app_begin ] --START--
INFO: Run Behavior\ReadHtmlCacheBehavior [ RunTime:0.000000s ]
INFO: [ app_begin ] --END-- [ RunTime:0.000000s ]

[ 2015-07-30T09:56:04+08:00 ] 122.4.69.6 /wxpay/index.php/home/index/weixin
INFO: [ app_init ] --START--
INFO: Run Behavior\BuildLiteBehavior [ RunTime:0.000000s ]
INFO: [ app_init ] --END-- [ RunTime:0.000000s ]
INFO: [ app_begin ] --START--
INFO: Run Behavior\ReadHtmlCacheBehavior [ RunTime:0.000000s ]
INFO: [ app_begin ] --END-- [ RunTime:0.000000s ]

[ 2015-07-30T09:56:21+08:00 ] 122.4.69.6 /wxpay/index.php/home/index/weixin
INFO: [ app_init ] --START--
INFO: Run Behavior\BuildLiteBehavior [ RunTime:0.000000s ]
INFO: [ app_init ] --END-- [ RunTime:0.000000s ]
INFO: [ app_begin ] --START--
INFO: Run Behavior\ReadHtmlCacheBehavior [ RunTime:0.000000s ]
INFO: [ app_begin ] --END-- [ RunTime:0.000000s ]

[ 2015-07-30T09:56:22+08:00 ] 122.4.69.6 /wxpay/index.php/home/index/weixin
INFO: [ app_init ] --START--
INFO: Run Behavior\BuildLiteBehavior [ RunTime:0.000000s ]
INFO: [ app_init ] --END-- [ RunTime:0.000000s ]
INFO: [ app_begin ] --START--
INFO: Run Behavior\ReadHtmlCacheBehavior [ RunTime:0.000000s ]
INFO: [ app_begin ] --END-- [ RunTime:0.000000s ]

[ 2015-07-30T09:56:22+08:00 ] 122.4.69.6 /wxpay/index.php/home/index/weixin
INFO: [ app_init ] --START--
INFO: Run Behavior\BuildLiteBehavior [ RunTime:0.000000s ]
INFO: [ app_init ] --END-- [ RunTime:0.000000s ]
INFO: [ app_begin ] --START--
INFO: Run Behavior\ReadHtmlCacheBehavior [ RunTime:0.000000s ]
INFO: [ app_begin ] --END-- [ RunTime:0.000000s ]

[ 2015-07-30T09:56:23+08:00 ] 122.4.69.6 /wxpay/index.php/home/index/weixin
INFO: [ app_init ] --START--
INFO: Run Behavior\BuildLiteBehavior [ RunTime:0.000000s ]
INFO: [ app_init ] --END-- [ RunTime:0.000000s ]
INFO: [ app_begin ] --START--
INFO: Run Behavior\ReadHtmlCacheBehavior [ RunTime:0.000000s ]
INFO: [ app_begin ] --END-- [ RunTime:0.000000s ]

[ 2015-07-30T09:57:06+08:00 ] 122.4.69.6 /wxpay/index.php/
INFO: [ app_init ] --START--
INFO: Run Behavior\BuildLiteBehavior [ RunTime:0.000000s ]
INFO: [ app_init ] --END-- [ RunTime:0.000000s ]
INFO: [ app_begin ] --START--
INFO: Run Behavior\ReadHtmlCacheBehavior [ RunTime:0.000000s ]
INFO: [ app_begin ] --END-- [ RunTime:0.000000s ]
SQL: SHOW COLUMNS FROM `rbm_order` [ RunTime:0.0156s ]
SQL: SELECT * FROM `rbm_order` WHERE `id` = 35 LIMIT 1   [ RunTime:0.0000s ]
SQL: SHOW COLUMNS FROM `rbm_wxuser` [ RunTime:0.0000s ]
SQL: SELECT * FROM `rbm_wxuser` WHERE `id` = 1 LIMIT 1   [ RunTime:0.0000s ]
SQL: SHOW COLUMNS FROM `rbm_doctor` [ RunTime:0.0000s ]
SQL: SELECT * FROM `rbm_doctor` WHERE `id` = 4 LIMIT 1   [ RunTime:0.0000s ]
SQL: SHOW COLUMNS FROM `rbm_member_public` [ RunTime:0.0000s ]
SQL: SELECT * FROM `rbm_member_public` WHERE ( id = 108 ) LIMIT 1   [ RunTime:0.0000s ]
SQL: UPDATE `rbm_member_public` SET `access_token`='u0ZxeJ0OoQoM0eawRJgfdoY0RNrTLn3EKdEC6cKz-8-ElUkf2tQMpGs7Gjqgqhgp6XE_IpiWsxS4_loyz38FuF7ldENEffEKhYZD15NfIzI',`dateline`='1438221425' WHERE ( id = 108 ) [ RunTime:0.0000s ]
INFO: [ app_end ] --START--
INFO: Run Behavior\ShowPageTraceBehavior [ RunTime:0.015626s ]
INFO: [ app_end ] --END-- [ RunTime:0.015626s ]

[ 2015-07-30T09:57:39+08:00 ] 122.4.69.6 /wxpay/index.php/
INFO: [ app_init ] --START--
INFO: Run Behavior\BuildLiteBehavior [ RunTime:0.000000s ]
INFO: [ app_init ] --END-- [ RunTime:0.000000s ]
INFO: [ app_begin ] --START--
INFO: Run Behavior\ReadHtmlCacheBehavior [ RunTime:0.000000s ]
INFO: [ app_begin ] --END-- [ RunTime:0.000000s ]
SQL: SHOW COLUMNS FROM `rbm_order` [ RunTime:0.0156s ]
SQL: SELECT * FROM `rbm_order` WHERE `id` = 35 LIMIT 1   [ RunTime:0.0000s ]
SQL: SHOW COLUMNS FROM `rbm_wxuser` [ RunTime:0.0000s ]
SQL: SELECT * FROM `rbm_wxuser` WHERE `id` = 1 LIMIT 1   [ RunTime:0.0000s ]
SQL: SHOW COLUMNS FROM `rbm_doctor` [ RunTime:0.0625s ]
SQL: SELECT * FROM `rbm_doctor` WHERE `id` = 4 LIMIT 1   [ RunTime:0.0000s ]
SQL: SHOW COLUMNS FROM `rbm_member_public` [ RunTime:0.0000s ]
SQL: SELECT * FROM `rbm_member_public` WHERE ( id = 108 ) LIMIT 1   [ RunTime:0.0000s ]
INFO: [ app_end ] --START--
INFO: Run Behavior\ShowPageTraceBehavior [ RunTime:0.000000s ]
INFO: [ app_end ] --END-- [ RunTime:0.000000s ]

[ 2015-07-30T10:00:07+08:00 ] 101.226.103.69 /wxpay/index.php
INFO: [ app_init ] --START--
INFO: Run Behavior\BuildLiteBehavior [ RunTime:0.000000s ]
INFO: [ app_init ] --END-- [ RunTime:0.000000s ]
INFO: [ app_begin ] --START--
INFO: Run Behavior\ReadHtmlCacheBehavior [ RunTime:0.000000s ]
INFO: [ app_begin ] --END-- [ RunTime:0.000000s ]
SQL: SHOW COLUMNS FROM `rbm_order` [ RunTime:0.0000s ]
SQL: SELECT * FROM `rbm_order` WHERE `id` = 35 LIMIT 1   [ RunTime:0.0000s ]
SQL: SHOW COLUMNS FROM `rbm_wxuser` [ RunTime:0.0000s ]
SQL: SELECT * FROM `rbm_wxuser` WHERE `id` = 1 LIMIT 1   [ RunTime:0.0000s ]
SQL: SHOW COLUMNS FROM `rbm_doctor` [ RunTime:0.0000s ]
SQL: SELECT * FROM `rbm_doctor` WHERE `id` = 4 LIMIT 1   [ RunTime:0.0000s ]
SQL: SHOW COLUMNS FROM `rbm_member_public` [ RunTime:0.0000s ]
SQL: SELECT * FROM `rbm_member_public` WHERE ( id = 108 ) LIMIT 1   [ RunTime:0.0000s ]
INFO: [ app_end ] --START--
INFO: Run Behavior\ShowPageTraceBehavior [ RunTime:0.000000s ]
INFO: [ app_end ] --END-- [ RunTime:0.000000s ]

[ 2015-07-30T10:00:22+08:00 ] 101.226.103.69 /wxpay/index.php
INFO: [ app_init ] --START--
INFO: Run Behavior\BuildLiteBehavior [ RunTime:0.000000s ]
INFO: [ app_init ] --END-- [ RunTime:0.000000s ]
INFO: [ app_begin ] --START--
INFO: Run Behavior\ReadHtmlCacheBehavior [ RunTime:0.000000s ]
INFO: [ app_begin ] --END-- [ RunTime:0.000000s ]
SQL: SHOW COLUMNS FROM `rbm_order` [ RunTime:0.0000s ]
SQL: SELECT * FROM `rbm_order` WHERE `order_sn` = '1438221602' AND `order_id` = 1 LIMIT 1   [ RunTime:0.0000s ]
SQL: UPDATE `rbm_order` SET `status`='2' WHERE `order_sn` = '1438221602' AND `order_id` = 1 [ RunTime:0.0000s ]
SQL: SHOW COLUMNS FROM `rbm_doctor_order` [ RunTime:0.0000s ]
SQL: INSERT INTO `rbm_doctor_order` (`uid`,`did`,`order_time`) VALUES ('1','3','1438495200') [ RunTime:0.0000s ]
SQL: SHOW COLUMNS FROM `rbm_doctor_ordernum` [ RunTime:0.0000s ]
SQL: SELECT * FROM `rbm_doctor_ordernum` WHERE `did` = 3 AND `date` = 1438495200 LIMIT 1   [ RunTime:0.0156s ]
SQL: INSERT INTO `rbm_doctor_ordernum` (`did`,`date`,`num`) VALUES ('3','1438495200','1') [ RunTime:0.0000s ]
SQL: SHOW COLUMNS FROM `rbm_wxuser` [ RunTime:0.0000s ]
SQL: SELECT * FROM `rbm_wxuser` WHERE `id` = 1 LIMIT 1   [ RunTime:0.0000s ]
SQL: SHOW COLUMNS FROM `rbm_doctor` [ RunTime:0.0000s ]
SQL: SELECT * FROM `rbm_doctor` WHERE `id` = 3 LIMIT 1   [ RunTime:0.0000s ]
SQL: SHOW COLUMNS FROM `rbm_member_public` [ RunTime:0.0000s ]
SQL: SELECT * FROM `rbm_member_public` WHERE ( id = 108 ) LIMIT 1   [ RunTime:0.0000s ]

[ 2015-07-30T10:00:40+08:00 ] 101.226.103.69 /wxpay/index.php
INFO: [ app_init ] --START--
INFO: Run Behavior\BuildLiteBehavior [ RunTime:0.000000s ]
INFO: [ app_init ] --END-- [ RunTime:0.000000s ]
INFO: [ app_begin ] --START--
INFO: Run Behavior\ReadHtmlCacheBehavior [ RunTime:0.000000s ]
INFO: [ app_begin ] --END-- [ RunTime:0.000000s ]
SQL: SHOW COLUMNS FROM `rbm_order` [ RunTime:0.0000s ]
SQL: SELECT * FROM `rbm_order` WHERE `order_sn` = '1438221602' AND `order_id` = 1 LIMIT 1   [ RunTime:0.0000s ]

[ 2015-07-30T10:01:04+08:00 ] 101.226.103.69 /wxpay/index.php
INFO: [ app_init ] --START--
INFO: Run Behavior\BuildLiteBehavior [ RunTime:0.000000s ]
INFO: [ app_init ] --END-- [ RunTime:0.000000s ]
INFO: [ app_begin ] --START--
INFO: Run Behavior\ReadHtmlCacheBehavior [ RunTime:0.000000s ]
INFO: [ app_begin ] --END-- [ RunTime:0.000000s ]
SQL: SHOW COLUMNS FROM `rbm_order` [ RunTime:0.0156s ]
SQL: SELECT * FROM `rbm_order` WHERE `order_sn` = '1438221659' AND `order_id` = 1 LIMIT 1   [ RunTime:0.0000s ]
SQL: UPDATE `rbm_order` SET `status`='2' WHERE `order_sn` = '1438221659' AND `order_id` = 1 [ RunTime:0.0000s ]
SQL: SHOW COLUMNS FROM `rbm_doctor_order` [ RunTime:0.0000s ]
SQL: INSERT INTO `rbm_doctor_order` (`uid`,`did`,`order_time`) VALUES ('1','3','1438560000') [ RunTime:0.0000s ]
SQL: SHOW COLUMNS FROM `rbm_doctor_ordernum` [ RunTime:0.0000s ]
SQL: SELECT * FROM `rbm_doctor_ordernum` WHERE `did` = 3 AND `date` = 1438560000 LIMIT 1   [ RunTime:0.0000s ]
SQL: INSERT INTO `rbm_doctor_ordernum` (`did`,`date`,`num`) VALUES ('3','1438560000','1') [ RunTime:0.0156s ]
SQL: SHOW COLUMNS FROM `rbm_wxuser` [ RunTime:0.0000s ]
SQL: SELECT * FROM `rbm_wxuser` WHERE `id` = 1 LIMIT 1   [ RunTime:0.0000s ]
SQL: SHOW COLUMNS FROM `rbm_doctor` [ RunTime:0.0000s ]
SQL: SELECT * FROM `rbm_doctor` WHERE `id` = 3 LIMIT 1   [ RunTime:0.0000s ]
SQL: SHOW COLUMNS FROM `rbm_member_public` [ RunTime:0.0000s ]
SQL: SELECT * FROM `rbm_member_public` WHERE ( id = 108 ) LIMIT 1   [ RunTime:0.0000s ]
SQL: SELECT * FROM `rbm_member_public` WHERE ( id = 108 ) LIMIT 1   [ RunTime:0.0000s ]
NOTIC: [8] Undefined variable: db D:\kehu\test\wxpay\Application\Home\Controller\IndexController.class.php 第 128 行.

[ 2015-07-30T10:01:12+08:00 ] 101.226.103.69 /wxpay/index.php
INFO: [ app_init ] --START--
INFO: Run Behavior\BuildLiteBehavior [ RunTime:0.000000s ]
INFO: [ app_init ] --END-- [ RunTime:0.000000s ]
INFO: [ app_begin ] --START--
INFO: Run Behavior\ReadHtmlCacheBehavior [ RunTime:0.000000s ]
INFO: [ app_begin ] --END-- [ RunTime:0.000000s ]
SQL: SHOW COLUMNS FROM `rbm_order` [ RunTime:0.0156s ]
SQL: SELECT * FROM `rbm_order` WHERE `order_sn` = '1438221602' AND `order_id` = 1 LIMIT 1   [ RunTime:0.0000s ]

[ 2015-07-30T10:01:19+08:00 ] 101.226.103.69 /wxpay/index.php
INFO: [ app_init ] --START--
INFO: Run Behavior\BuildLiteBehavior [ RunTime:0.000000s ]
INFO: [ app_init ] --END-- [ RunTime:0.000000s ]
INFO: [ app_begin ] --START--
INFO: Run Behavior\ReadHtmlCacheBehavior [ RunTime:0.000000s ]
INFO: [ app_begin ] --END-- [ RunTime:0.000000s ]
SQL: SHOW COLUMNS FROM `rbm_order` [ RunTime:0.0156s ]
SQL: SELECT * FROM `rbm_order` WHERE `order_sn` = '1438221659' AND `order_id` = 1 LIMIT 1   [ RunTime:0.0000s ]

[ 2015-07-30T10:01:35+08:00 ] 101.226.103.69 /wxpay/index.php
INFO: [ app_init ] --START--
INFO: Run Behavior\BuildLiteBehavior [ RunTime:0.000000s ]
INFO: [ app_init ] --END-- [ RunTime:0.000000s ]
INFO: [ app_begin ] --START--
INFO: Run Behavior\ReadHtmlCacheBehavior [ RunTime:0.000000s ]
INFO: [ app_begin ] --END-- [ RunTime:0.000000s ]
SQL: SHOW COLUMNS FROM `rbm_order` [ RunTime:0.0000s ]
SQL: SELECT * FROM `rbm_order` WHERE `order_sn` = '1438221659' AND `order_id` = 1 LIMIT 1   [ RunTime:0.0000s ]

[ 2015-07-30T10:02:08+08:00 ] 101.226.103.69 /wxpay/index.php
INFO: [ app_init ] --START--
INFO: Run Behavior\BuildLiteBehavior [ RunTime:0.000000s ]
INFO: [ app_init ] --END-- [ RunTime:0.000000s ]
INFO: [ app_begin ] --START--
INFO: Run Behavior\ReadHtmlCacheBehavior [ RunTime:0.000000s ]
INFO: [ app_begin ] --END-- [ RunTime:0.000000s ]
SQL: SHOW COLUMNS FROM `rbm_order` [ RunTime:0.0000s ]
SQL: SELECT * FROM `rbm_order` WHERE `order_sn` = '1438221659' AND `order_id` = 1 LIMIT 1   [ RunTime:0.0000s ]

[ 2015-07-30T10:04:15+08:00 ] 101.226.103.69 /wxpay/index.php
INFO: [ app_init ] --START--
INFO: Run Behavior\BuildLiteBehavior [ RunTime:0.000000s ]
INFO: [ app_init ] --END-- [ RunTime:0.000000s ]
INFO: [ app_begin ] --START--
INFO: Run Behavior\ReadHtmlCacheBehavior [ RunTime:0.000000s ]
INFO: [ app_begin ] --END-- [ RunTime:0.000000s ]

[ 2015-07-30T10:04:21+08:00 ] 101.226.103.69 /wxpay/index.php
INFO: [ app_init ] --START--
INFO: Run Behavior\BuildLiteBehavior [ RunTime:0.000000s ]
INFO: [ app_init ] --END-- [ RunTime:0.000000s ]
INFO: [ app_begin ] --START--
INFO: Run Behavior\ReadHtmlCacheBehavior [ RunTime:0.000000s ]
INFO: [ app_begin ] --END-- [ RunTime:0.000000s ]

[ 2015-07-30T10:04:31+08:00 ] 101.226.103.69 /wxpay/index.php
INFO: [ app_init ] --START--
INFO: Run Behavior\BuildLiteBehavior [ RunTime:0.000000s ]
INFO: [ app_init ] --END-- [ RunTime:0.000000s ]
INFO: [ app_begin ] --START--
INFO: Run Behavior\ReadHtmlCacheBehavior [ RunTime:0.000000s ]
INFO: [ app_begin ] --END-- [ RunTime:0.000000s ]

[ 2015-07-30T10:04:49+08:00 ] 101.226.103.69 /wxpay/index.php
INFO: [ app_init ] --START--
INFO: Run Behavior\BuildLiteBehavior [ RunTime:0.000000s ]
INFO: [ app_init ] --END-- [ RunTime:0.000000s ]
INFO: [ app_begin ] --START--
INFO: Run Behavior\ReadHtmlCacheBehavior [ RunTime:0.000000s ]
INFO: [ app_begin ] --END-- [ RunTime:0.000000s ]

[ 2015-07-30T10:05:11+08:00 ] 101.226.103.69 /wxpay/index.php
INFO: [ app_init ] --START--
INFO: Run Behavior\BuildLiteBehavior [ RunTime:0.000000s ]
INFO: [ app_init ] --END-- [ RunTime:0.000000s ]
INFO: [ app_begin ] --START--
INFO: Run Behavior\ReadHtmlCacheBehavior [ RunTime:0.000000s ]
INFO: [ app_begin ] --END-- [ RunTime:0.000000s ]

[ 2015-07-30T10:05:21+08:00 ] 101.226.103.69 /wxpay/index.php
INFO: [ app_init ] --START--
INFO: Run Behavior\BuildLiteBehavior [ RunTime:0.000000s ]
INFO: [ app_init ] --END-- [ RunTime:0.000000s ]
INFO: [ app_begin ] --START--
INFO: Run Behavior\ReadHtmlCacheBehavior [ RunTime:0.000000s ]
INFO: [ app_begin ] --END-- [ RunTime:0.000000s ]

[ 2015-07-30T10:08:23+08:00 ] 101.226.103.69 /wxpay/index.php
INFO: [ app_init ] --START--
INFO: Run Behavior\BuildLiteBehavior [ RunTime:0.000000s ]
INFO: [ app_init ] --END-- [ RunTime:0.000000s ]
INFO: [ app_begin ] --START--
INFO: Run Behavior\ReadHtmlCacheBehavior [ RunTime:0.000000s ]
INFO: [ app_begin ] --END-- [ RunTime:0.000000s ]

[ 2015-07-30T10:09:06+08:00 ] 101.226.103.69 /wxpay/index.php
INFO: [ app_init ] --START--
INFO: Run Behavior\BuildLiteBehavior [ RunTime:0.000000s ]
INFO: [ app_init ] --END-- [ RunTime:0.000000s ]
INFO: [ app_begin ] --START--
INFO: Run Behavior\ReadHtmlCacheBehavior [ RunTime:0.000000s ]
INFO: [ app_begin ] --END-- [ RunTime:0.000000s ]
SQL: SHOW COLUMNS FROM `rbm_order` [ RunTime:0.0000s ]
SQL: SELECT * FROM `rbm_order` WHERE `order_sn` = '1438222141' AND `order_id` = 1 LIMIT 1   [ RunTime:0.0000s ]
SQL: UPDATE `rbm_order` SET `status`='2' WHERE `order_sn` = '1438222141' AND `order_id` = 1 [ RunTime:0.0156s ]
SQL: SHOW COLUMNS FROM `rbm_doctor_order` [ RunTime:0.0000s ]
SQL: INSERT INTO `rbm_doctor_order` (`uid`,`did`,`order_time`) VALUES ('1','3','1438408800') [ RunTime:0.0000s ]
SQL: SHOW COLUMNS FROM `rbm_doctor_ordernum` [ RunTime:0.0000s ]
SQL: SELECT * FROM `rbm_doctor_ordernum` WHERE `did` = 3 AND `date` = 1438408800 LIMIT 1   [ RunTime:0.0000s ]
SQL: INSERT INTO `rbm_doctor_ordernum` (`did`,`date`,`num`) VALUES ('3','1438408800','1') [ RunTime:0.0156s ]
ERR: Think\Controller:order方法不存在！

[ 2015-07-30T10:09:18+08:00 ] 101.226.103.69 /wxpay/index.php
INFO: [ app_init ] --START--
INFO: Run Behavior\BuildLiteBehavior [ RunTime:0.000000s ]
INFO: [ app_init ] --END-- [ RunTime:0.000000s ]
INFO: [ app_begin ] --START--
INFO: Run Behavior\ReadHtmlCacheBehavior [ RunTime:0.000000s ]
INFO: [ app_begin ] --END-- [ RunTime:0.000000s ]
SQL: SHOW COLUMNS FROM `rbm_order` [ RunTime:0.0000s ]
SQL: SELECT * FROM `rbm_order` WHERE `order_sn` = '1438222141' AND `order_id` = 1 LIMIT 1   [ RunTime:0.0000s ]

[ 2015-07-30T10:09:35+08:00 ] 101.226.103.69 /wxpay/index.php
INFO: [ app_init ] --START--
INFO: Run Behavior\BuildLiteBehavior [ RunTime:0.000000s ]
INFO: [ app_init ] --END-- [ RunTime:0.000000s ]
INFO: [ app_begin ] --START--
INFO: Run Behavior\ReadHtmlCacheBehavior [ RunTime:0.000000s ]
INFO: [ app_begin ] --END-- [ RunTime:0.000000s ]
SQL: SHOW COLUMNS FROM `rbm_order` [ RunTime:0.0156s ]
SQL: SELECT * FROM `rbm_order` WHERE `order_sn` = '1438222141' AND `order_id` = 1 LIMIT 1   [ RunTime:0.0000s ]

[ 2015-07-30T10:10:06+08:00 ] 122.4.69.6 /wxpay/index.php/
INFO: [ app_init ] --START--
INFO: Run Behavior\BuildLiteBehavior [ RunTime:0.000000s ]
INFO: [ app_init ] --END-- [ RunTime:0.000000s ]
INFO: [ app_begin ] --START--
INFO: Run Behavior\ReadHtmlCacheBehavior [ RunTime:0.000000s ]
INFO: [ app_begin ] --END-- [ RunTime:0.000000s ]

[ 2015-07-30T10:10:08+08:00 ] 101.226.103.69 /wxpay/index.php
INFO: [ app_init ] --START--
INFO: Run Behavior\BuildLiteBehavior [ RunTime:0.000000s ]
INFO: [ app_init ] --END-- [ RunTime:0.000000s ]
INFO: [ app_begin ] --START--
INFO: Run Behavior\ReadHtmlCacheBehavior [ RunTime:0.000000s ]
INFO: [ app_begin ] --END-- [ RunTime:0.000000s ]
SQL: SHOW COLUMNS FROM `rbm_order` [ RunTime:0.0000s ]
SQL: SELECT * FROM `rbm_order` WHERE `order_sn` = '1438222141' AND `order_id` = 1 LIMIT 1   [ RunTime:0.0000s ]

[ 2015-07-30T10:10:13+08:00 ] 122.4.69.6 /wxpay/index.php/
INFO: [ app_init ] --START--
INFO: Run Behavior\BuildLiteBehavior [ RunTime:0.000000s ]
INFO: [ app_init ] --END-- [ RunTime:0.000000s ]
INFO: [ app_begin ] --START--
INFO: Run Behavior\ReadHtmlCacheBehavior [ RunTime:0.000000s ]
INFO: [ app_begin ] --END-- [ RunTime:0.000000s ]

[ 2015-07-30T10:10:13+08:00 ] 122.4.69.6 /wxpay/index.php/
INFO: [ app_init ] --START--
INFO: Run Behavior\BuildLiteBehavior [ RunTime:0.000000s ]
INFO: [ app_init ] --END-- [ RunTime:0.000000s ]
INFO: [ app_begin ] --START--
INFO: Run Behavior\ReadHtmlCacheBehavior [ RunTime:0.000000s ]
INFO: [ app_begin ] --END-- [ RunTime:0.000000s ]

[ 2015-07-30T10:10:13+08:00 ] 122.4.69.6 /wxpay/index.php/
INFO: [ app_init ] --START--
INFO: Run Behavior\BuildLiteBehavior [ RunTime:0.000000s ]
INFO: [ app_init ] --END-- [ RunTime:0.015625s ]
INFO: [ app_begin ] --START--
INFO: Run Behavior\ReadHtmlCacheBehavior [ RunTime:0.000000s ]
INFO: [ app_begin ] --END-- [ RunTime:0.000000s ]

[ 2015-07-30T10:10:14+08:00 ] 122.4.69.6 /wxpay/index.php/
INFO: [ app_init ] --START--
INFO: Run Behavior\BuildLiteBehavior [ RunTime:0.000000s ]
INFO: [ app_init ] --END-- [ RunTime:0.000000s ]
INFO: [ app_begin ] --START--
INFO: Run Behavior\ReadHtmlCacheBehavior [ RunTime:0.000000s ]
INFO: [ app_begin ] --END-- [ RunTime:0.000000s ]

[ 2015-07-30T10:10:14+08:00 ] 122.4.69.6 /wxpay/index.php/
INFO: [ app_init ] --START--
INFO: Run Behavior\BuildLiteBehavior [ RunTime:0.000000s ]
INFO: [ app_init ] --END-- [ RunTime:0.000000s ]
INFO: [ app_begin ] --START--
INFO: Run Behavior\ReadHtmlCacheBehavior [ RunTime:0.000000s ]
INFO: [ app_begin ] --END-- [ RunTime:0.000000s ]

[ 2015-07-30T10:10:14+08:00 ] 122.4.69.6 /wxpay/index.php/
INFO: [ app_init ] --START--
INFO: Run Behavior\BuildLiteBehavior [ RunTime:0.000000s ]
INFO: [ app_init ] --END-- [ RunTime:0.000000s ]
INFO: [ app_begin ] --START--
INFO: Run Behavior\ReadHtmlCacheBehavior [ RunTime:0.000000s ]
INFO: [ app_begin ] --END-- [ RunTime:0.000000s ]

[ 2015-07-30T10:10:14+08:00 ] 122.4.69.6 /wxpay/index.php/
INFO: [ app_init ] --START--
INFO: Run Behavior\BuildLiteBehavior [ RunTime:0.000000s ]
INFO: [ app_init ] --END-- [ RunTime:0.000000s ]
INFO: [ app_begin ] --START--
INFO: Run Behavior\ReadHtmlCacheBehavior [ RunTime:0.000000s ]
INFO: [ app_begin ] --END-- [ RunTime:0.000000s ]

[ 2015-07-30T10:11:59+08:00 ] 122.4.69.6 /wxpay/index.php?out_trade_no=1438222141&total_fee=1&result_code=SUCCESS&userid=1
INFO: [ app_init ] --START--
INFO: Run Behavior\BuildLiteBehavior [ RunTime:0.000000s ]
INFO: [ app_init ] --END-- [ RunTime:0.000000s ]
INFO: [ app_begin ] --START--
INFO: Run Behavior\ReadHtmlCacheBehavior [ RunTime:0.000000s ]
INFO: [ app_begin ] --END-- [ RunTime:0.000000s ]

[ 2015-07-30T10:12:17+08:00 ] 122.4.69.6 /wxpay/index.php?out_trade_no=1438222141&total_fee=1&result_code=SUCCESS&userid=1
INFO: [ app_init ] --START--
INFO: Run Behavior\BuildLiteBehavior [ RunTime:0.000000s ]
INFO: [ app_init ] --END-- [ RunTime:0.000000s ]
INFO: [ app_begin ] --START--
INFO: Run Behavior\ReadHtmlCacheBehavior [ RunTime:0.000000s ]
INFO: [ app_begin ] --END-- [ RunTime:0.000000s ]

[ 2015-07-30T10:13:10+08:00 ] 101.226.103.69 /wxpay/index.php
INFO: [ app_init ] --START--
INFO: Run Behavior\BuildLiteBehavior [ RunTime:0.000000s ]
INFO: [ app_init ] --END-- [ RunTime:0.000000s ]
INFO: [ app_begin ] --START--
INFO: Run Behavior\ReadHtmlCacheBehavior [ RunTime:0.000000s ]
INFO: [ app_begin ] --END-- [ RunTime:0.000000s ]
SQL: SHOW COLUMNS FROM `rbm_order` [ RunTime:0.0000s ]
SQL: SELECT * FROM `rbm_order` WHERE `order_sn` = '1438222141' AND `order_id` = 1 LIMIT 1   [ RunTime:0.0000s ]
SQL: UPDATE `rbm_order` SET `status`='2' WHERE `order_sn` = '1438222141' AND `order_id` = 1 [ RunTime:0.0000s ]
SQL: SHOW COLUMNS FROM `rbm_doctor_order` [ RunTime:0.0000s ]
SQL: INSERT INTO `rbm_doctor_order` (`uid`,`did`,`order_time`) VALUES ('1','3','1438408800') [ RunTime:0.0000s ]
SQL: SHOW COLUMNS FROM `rbm_doctor_ordernum` [ RunTime:0.0000s ]
SQL: SELECT * FROM `rbm_doctor_ordernum` WHERE `did` = 3 AND `date` = 1438408800 LIMIT 1   [ RunTime:0.0000s ]
SQL: UPDATE `rbm_doctor_ordernum` SET `num`=num+1 WHERE `did` = 3 AND `date` = 1438408800 [ RunTime:0.0156s ]

[ 2015-07-30T10:13:12+08:00 ] 122.4.69.6 /wxpay/index.php?out_trade_no=1438222141&total_fee=1&result_code=SUCCESS&userid=1
INFO: [ app_init ] --START--
INFO: Run Behavior\BuildLiteBehavior [ RunTime:0.000000s ]
INFO: [ app_init ] --END-- [ RunTime:0.000000s ]
INFO: [ app_begin ] --START--
INFO: Run Behavior\ReadHtmlCacheBehavior [ RunTime:0.000000s ]
INFO: [ app_begin ] --END-- [ RunTime:0.000000s ]

[ 2015-07-30T10:13:13+08:00 ] 122.4.69.6 /wxpay/index.php?out_trade_no=1438222141&total_fee=1&result_code=SUCCESS&userid=1
INFO: [ app_init ] --START--
INFO: Run Behavior\BuildLiteBehavior [ RunTime:0.000000s ]
INFO: [ app_init ] --END-- [ RunTime:0.000000s ]
INFO: [ app_begin ] --START--
INFO: Run Behavior\ReadHtmlCacheBehavior [ RunTime:0.000000s ]
INFO: [ app_begin ] --END-- [ RunTime:0.000000s ]

[ 2015-07-30T10:13:13+08:00 ] 122.4.69.6 /wxpay/index.php?out_trade_no=1438222141&total_fee=1&result_code=SUCCESS&userid=1
INFO: [ app_init ] --START--
INFO: Run Behavior\BuildLiteBehavior [ RunTime:0.000000s ]
INFO: [ app_init ] --END-- [ RunTime:0.000000s ]
INFO: [ app_begin ] --START--
INFO: Run Behavior\ReadHtmlCacheBehavior [ RunTime:0.000000s ]
INFO: [ app_begin ] --END-- [ RunTime:0.000000s ]

[ 2015-07-30T10:13:14+08:00 ] 122.4.69.6 /wxpay/index.php?out_trade_no=1438222141&total_fee=1&result_code=SUCCESS&userid=1
INFO: [ app_init ] --START--
INFO: Run Behavior\BuildLiteBehavior [ RunTime:0.000000s ]
INFO: [ app_init ] --END-- [ RunTime:0.000000s ]
INFO: [ app_begin ] --START--
INFO: Run Behavior\ReadHtmlCacheBehavior [ RunTime:0.000000s ]
INFO: [ app_begin ] --END-- [ RunTime:0.000000s ]

[ 2015-07-30T10:13:22+08:00 ] 122.4.69.6 /wxpay/index.php?out_trade_no=1438222141&total_fee=1&result_code=SUCCESS&userid=1
INFO: [ app_init ] --START--
INFO: Run Behavior\BuildLiteBehavior [ RunTime:0.000000s ]
INFO: [ app_init ] --END-- [ RunTime:0.000000s ]
INFO: [ app_begin ] --START--
INFO: Run Behavior\ReadHtmlCacheBehavior [ RunTime:0.000000s ]
INFO: [ app_begin ] --END-- [ RunTime:0.000000s ]

[ 2015-07-30T10:13:23+08:00 ] 122.4.69.6 /wxpay/index.php?out_trade_no=1438222141&total_fee=1&result_code=SUCCESS&userid=1
INFO: [ app_init ] --START--
INFO: Run Behavior\BuildLiteBehavior [ RunTime:0.000000s ]
INFO: [ app_init ] --END-- [ RunTime:0.000000s ]
INFO: [ app_begin ] --START--
INFO: Run Behavior\ReadHtmlCacheBehavior [ RunTime:0.000000s ]
INFO: [ app_begin ] --END-- [ RunTime:0.000000s ]

[ 2015-07-30T10:13:23+08:00 ] 122.4.69.6 /wxpay/index.php?out_trade_no=1438222141&total_fee=1&result_code=SUCCESS&userid=1
INFO: [ app_init ] --START--
INFO: Run Behavior\BuildLiteBehavior [ RunTime:0.000000s ]
INFO: [ app_init ] --END-- [ RunTime:0.000000s ]
INFO: [ app_begin ] --START--
INFO: Run Behavior\ReadHtmlCacheBehavior [ RunTime:0.000000s ]
INFO: [ app_begin ] --END-- [ RunTime:0.000000s ]

[ 2015-07-30T10:13:23+08:00 ] 122.4.69.6 /wxpay/index.php?out_trade_no=1438222141&total_fee=1&result_code=SUCCESS&userid=1
INFO: [ app_init ] --START--
INFO: Run Behavior\BuildLiteBehavior [ RunTime:0.000000s ]
INFO: [ app_init ] --END-- [ RunTime:0.000000s ]
INFO: [ app_begin ] --START--
INFO: Run Behavior\ReadHtmlCacheBehavior [ RunTime:0.000000s ]
INFO: [ app_begin ] --END-- [ RunTime:0.000000s ]

[ 2015-07-30T10:17:58+08:00 ] 122.4.69.6 /wxpay/index.php?out_trade_no=1438222141&total_fee=1&result_code=SUCCESS&userid=1
INFO: [ app_init ] --START--
INFO: Run Behavior\BuildLiteBehavior [ RunTime:0.000000s ]
INFO: [ app_init ] --END-- [ RunTime:0.000000s ]
INFO: [ app_begin ] --START--
INFO: Run Behavior\ReadHtmlCacheBehavior [ RunTime:0.000000s ]
INFO: [ app_begin ] --END-- [ RunTime:0.000000s ]

[ 2015-07-30T10:23:37+08:00 ] 122.4.69.6 /wxpay/index.php?out_trade_no=1438222141&total_fee=1&result_code=SUCCESS&userid=1
INFO: [ app_init ] --START--
INFO: Run Behavior\BuildLiteBehavior [ RunTime:0.000000s ]
INFO: [ app_init ] --END-- [ RunTime:0.000000s ]
INFO: [ app_begin ] --START--
INFO: Run Behavior\ReadHtmlCacheBehavior [ RunTime:0.000000s ]
INFO: [ app_begin ] --END-- [ RunTime:0.000000s ]

[ 2015-07-30T10:23:38+08:00 ] 122.4.69.6 /wxpay/index.php?out_trade_no=1438222141&total_fee=1&result_code=SUCCESS&userid=1
INFO: [ app_init ] --START--
INFO: Run Behavior\BuildLiteBehavior [ RunTime:0.000000s ]
INFO: [ app_init ] --END-- [ RunTime:0.000000s ]
INFO: [ app_begin ] --START--
INFO: Run Behavior\ReadHtmlCacheBehavior [ RunTime:0.000000s ]
INFO: [ app_begin ] --END-- [ RunTime:0.000000s ]

[ 2015-07-30T10:23:38+08:00 ] 122.4.69.6 /wxpay/index.php?out_trade_no=1438222141&total_fee=1&result_code=SUCCESS&userid=1
INFO: [ app_init ] --START--
INFO: Run Behavior\BuildLiteBehavior [ RunTime:0.000000s ]
INFO: [ app_init ] --END-- [ RunTime:0.000000s ]
INFO: [ app_begin ] --START--
INFO: Run Behavior\ReadHtmlCacheBehavior [ RunTime:0.015625s ]
INFO: [ app_begin ] --END-- [ RunTime:0.015625s ]

[ 2015-07-30T10:23:39+08:00 ] 122.4.69.6 /wxpay/index.php?out_trade_no=1438222141&total_fee=1&result_code=SUCCESS&userid=1
INFO: [ app_init ] --START--
INFO: Run Behavior\BuildLiteBehavior [ RunTime:0.000000s ]
INFO: [ app_init ] --END-- [ RunTime:0.000000s ]
INFO: [ app_begin ] --START--
INFO: Run Behavior\ReadHtmlCacheBehavior [ RunTime:0.000000s ]
INFO: [ app_begin ] --END-- [ RunTime:0.000000s ]

[ 2015-07-30T10:23:39+08:00 ] 122.4.69.6 /wxpay/index.php?out_trade_no=1438222141&total_fee=1&result_code=SUCCESS&userid=1
INFO: [ app_init ] --START--
INFO: Run Behavior\BuildLiteBehavior [ RunTime:0.000000s ]
INFO: [ app_init ] --END-- [ RunTime:0.000000s ]
INFO: [ app_begin ] --START--
INFO: Run Behavior\ReadHtmlCacheBehavior [ RunTime:0.000000s ]
INFO: [ app_begin ] --END-- [ RunTime:0.000000s ]

[ 2015-07-30T10:23:39+08:00 ] 122.4.69.6 /wxpay/index.php?out_trade_no=1438222141&total_fee=1&result_code=SUCCESS&userid=1
INFO: [ app_init ] --START--
INFO: Run Behavior\BuildLiteBehavior [ RunTime:0.000000s ]
INFO: [ app_init ] --END-- [ RunTime:0.000000s ]
INFO: [ app_begin ] --START--
INFO: Run Behavior\ReadHtmlCacheBehavior [ RunTime:0.000000s ]
INFO: [ app_begin ] --END-- [ RunTime:0.000000s ]

[ 2015-07-30T10:23:39+08:00 ] 122.4.69.6 /wxpay/index.php?out_trade_no=1438222141&total_fee=1&result_code=SUCCESS&userid=1
INFO: [ app_init ] --START--
INFO: Run Behavior\BuildLiteBehavior [ RunTime:0.000000s ]
INFO: [ app_init ] --END-- [ RunTime:0.000000s ]
INFO: [ app_begin ] --START--
INFO: Run Behavior\ReadHtmlCacheBehavior [ RunTime:0.000000s ]
INFO: [ app_begin ] --END-- [ RunTime:0.000000s ]

[ 2015-07-30T10:23:40+08:00 ] 122.4.69.6 /wxpay/index.php?out_trade_no=1438222141&total_fee=1&result_code=SUCCESS&userid=1
INFO: [ app_init ] --START--
INFO: Run Behavior\BuildLiteBehavior [ RunTime:0.000000s ]
INFO: [ app_init ] --END-- [ RunTime:0.000000s ]
INFO: [ app_begin ] --START--
INFO: Run Behavior\ReadHtmlCacheBehavior [ RunTime:0.000000s ]
INFO: [ app_begin ] --END-- [ RunTime:0.000000s ]

[ 2015-07-30T10:23:40+08:00 ] 122.4.69.6 /wxpay/index.php?out_trade_no=1438222141&total_fee=1&result_code=SUCCESS&userid=1
INFO: [ app_init ] --START--
INFO: Run Behavior\BuildLiteBehavior [ RunTime:0.000000s ]
INFO: [ app_init ] --END-- [ RunTime:0.000000s ]
INFO: [ app_begin ] --START--
INFO: Run Behavior\ReadHtmlCacheBehavior [ RunTime:0.000000s ]
INFO: [ app_begin ] --END-- [ RunTime:0.000000s ]

[ 2015-07-30T10:23:40+08:00 ] 122.4.69.6 /wxpay/index.php?out_trade_no=1438222141&total_fee=1&result_code=SUCCESS&userid=1
INFO: [ app_init ] --START--
INFO: Run Behavior\BuildLiteBehavior [ RunTime:0.000000s ]
INFO: [ app_init ] --END-- [ RunTime:0.000000s ]
INFO: [ app_begin ] --START--
INFO: Run Behavior\ReadHtmlCacheBehavior [ RunTime:0.000000s ]
INFO: [ app_begin ] --END-- [ RunTime:0.000000s ]

[ 2015-07-30T10:24:00+08:00 ] 122.4.69.6 /wxpay/index.php?out_trade_no=1438222141&total_fee=1&result_code=SUCCESS&userid=1
INFO: [ app_init ] --START--
INFO: Run Behavior\BuildLiteBehavior [ RunTime:0.000000s ]
INFO: [ app_init ] --END-- [ RunTime:0.000000s ]
INFO: [ app_begin ] --START--
INFO: Run Behavior\ReadHtmlCacheBehavior [ RunTime:0.000000s ]
INFO: [ app_begin ] --END-- [ RunTime:0.000000s ]

[ 2015-07-30T10:24:25+08:00 ] 122.4.69.6 /wxpay/index.php?out_trade_no=1438222141&total_fee=1&result_code=SUCCESS&userid=1
INFO: [ app_init ] --START--
INFO: Run Behavior\BuildLiteBehavior [ RunTime:0.000000s ]
INFO: [ app_init ] --END-- [ RunTime:0.000000s ]
INFO: [ app_begin ] --START--
INFO: Run Behavior\ReadHtmlCacheBehavior [ RunTime:0.000000s ]
INFO: [ app_begin ] --END-- [ RunTime:0.000000s ]

[ 2015-07-30T10:24:27+08:00 ] 122.4.69.6 /wxpay/index.php?out_trade_no=1438222141&total_fee=1&result_code=SUCCESS&userid=1
INFO: [ app_init ] --START--
INFO: Run Behavior\BuildLiteBehavior [ RunTime:0.000000s ]
INFO: [ app_init ] --END-- [ RunTime:0.000000s ]
INFO: [ app_begin ] --START--
INFO: Run Behavior\ReadHtmlCacheBehavior [ RunTime:0.000000s ]
INFO: [ app_begin ] --END-- [ RunTime:0.000000s ]

[ 2015-07-30T10:24:27+08:00 ] 122.4.69.6 /wxpay/index.php?out_trade_no=1438222141&total_fee=1&result_code=SUCCESS&userid=1
INFO: [ app_init ] --START--
INFO: Run Behavior\BuildLiteBehavior [ RunTime:0.000000s ]
INFO: [ app_init ] --END-- [ RunTime:0.000000s ]
INFO: [ app_begin ] --START--
INFO: Run Behavior\ReadHtmlCacheBehavior [ RunTime:0.000000s ]
INFO: [ app_begin ] --END-- [ RunTime:0.000000s ]

[ 2015-07-30T10:25:39+08:00 ] 101.226.103.73 /wxpay/index.php
INFO: [ app_init ] --START--
INFO: Run Behavior\BuildLiteBehavior [ RunTime:0.000000s ]
INFO: [ app_init ] --END-- [ RunTime:0.000000s ]
INFO: [ app_begin ] --START--
INFO: Run Behavior\ReadHtmlCacheBehavior [ RunTime:0.000000s ]
INFO: [ app_begin ] --END-- [ RunTime:0.000000s ]
SQL: SHOW COLUMNS FROM `rbm_order` [ RunTime:0.0000s ]
SQL: SELECT * FROM `rbm_order` WHERE `order_sn` = '1438221081' AND `order_id` = 1 LIMIT 1   [ RunTime:0.0000s ]

[ 2015-07-30T10:26:22+08:00 ] 122.4.69.6 /wxpay/index.php?out_trade_no=1438222141&total_fee=1&result_code=SUCCESS&userid=1
INFO: [ app_init ] --START--
INFO: Run Behavior\BuildLiteBehavior [ RunTime:0.000000s ]
INFO: [ app_init ] --END-- [ RunTime:0.000000s ]
INFO: [ app_begin ] --START--
INFO: Run Behavior\ReadHtmlCacheBehavior [ RunTime:0.000000s ]
INFO: [ app_begin ] --END-- [ RunTime:0.000000s ]

[ 2015-07-30T10:26:23+08:00 ] 122.4.69.6 /wxpay/index.php?out_trade_no=1438222141&total_fee=1&result_code=SUCCESS&userid=1
INFO: [ app_init ] --START--
INFO: Run Behavior\BuildLiteBehavior [ RunTime:0.000000s ]
INFO: [ app_init ] --END-- [ RunTime:0.000000s ]
INFO: [ app_begin ] --START--
INFO: Run Behavior\ReadHtmlCacheBehavior [ RunTime:0.000000s ]
INFO: [ app_begin ] --END-- [ RunTime:0.000000s ]

[ 2015-07-30T10:26:24+08:00 ] 122.4.69.6 /wxpay/index.php?out_trade_no=1438222141&total_fee=1&result_code=SUCCESS&userid=1
INFO: [ app_init ] --START--
INFO: Run Behavior\BuildLiteBehavior [ RunTime:0.000000s ]
INFO: [ app_init ] --END-- [ RunTime:0.000000s ]
INFO: [ app_begin ] --START--
INFO: Run Behavior\ReadHtmlCacheBehavior [ RunTime:0.000000s ]
INFO: [ app_begin ] --END-- [ RunTime:0.000000s ]

[ 2015-07-30T10:26:24+08:00 ] 122.4.69.6 /wxpay/index.php?out_trade_no=1438222141&total_fee=1&result_code=SUCCESS&userid=1
INFO: [ app_init ] --START--
INFO: Run Behavior\BuildLiteBehavior [ RunTime:0.000000s ]
INFO: [ app_init ] --END-- [ RunTime:0.000000s ]
INFO: [ app_begin ] --START--
INFO: Run Behavior\ReadHtmlCacheBehavior [ RunTime:0.000000s ]
INFO: [ app_begin ] --END-- [ RunTime:0.000000s ]

[ 2015-07-30T10:26:37+08:00 ] 122.4.69.6 /wxpay/index.php?out_trade_no=1438222141&total_fee=1&result_code=SUCCESS&userid=1
INFO: [ app_init ] --START--
INFO: Run Behavior\BuildLiteBehavior [ RunTime:0.000000s ]
INFO: [ app_init ] --END-- [ RunTime:0.000000s ]
INFO: [ app_begin ] --START--
INFO: Run Behavior\ReadHtmlCacheBehavior [ RunTime:0.000000s ]
INFO: [ app_begin ] --END-- [ RunTime:0.000000s ]

[ 2015-07-30T10:26:37+08:00 ] 122.4.69.6 /wxpay/index.php?out_trade_no=1438222141&total_fee=1&result_code=SUCCESS&userid=1
INFO: [ app_init ] --START--
INFO: Run Behavior\BuildLiteBehavior [ RunTime:0.000000s ]
INFO: [ app_init ] --END-- [ RunTime:0.015626s ]
INFO: [ app_begin ] --START--
INFO: Run Behavior\ReadHtmlCacheBehavior [ RunTime:0.000000s ]
INFO: [ app_begin ] --END-- [ RunTime:0.000000s ]

[ 2015-07-30T10:26:57+08:00 ] 122.4.69.6 /wxpay/index.php?out_trade_no=1438222141&total_fee=1&result_code=SUCCESS&userid=1
INFO: [ app_init ] --START--
INFO: Run Behavior\BuildLiteBehavior [ RunTime:0.000000s ]
INFO: [ app_init ] --END-- [ RunTime:0.000000s ]
INFO: [ app_begin ] --START--
INFO: Run Behavior\ReadHtmlCacheBehavior [ RunTime:0.000000s ]
INFO: [ app_begin ] --END-- [ RunTime:0.000000s ]
SQL: SHOW COLUMNS FROM `rbm_order` [ RunTime:0.0000s ]
SQL: SELECT * FROM `rbm_order` WHERE `order_sn` = 1438222141 AND `order_id` = 1 LIMIT 1   [ RunTime:0.0000s ]
SQL: UPDATE `rbm_order` SET `status`='2' WHERE `order_sn` = 1438222141 AND `order_id` = 1 [ RunTime:0.0000s ]
SQL: SHOW COLUMNS FROM `rbm_doctor_order` [ RunTime:0.0000s ]
SQL: INSERT INTO `rbm_doctor_order` (`uid`,`did`,`order_time`) VALUES ('1','3','1438408800') [ RunTime:0.0000s ]
SQL: SHOW COLUMNS FROM `rbm_doctor_ordernum` [ RunTime:0.0000s ]
SQL: SELECT * FROM `rbm_doctor_ordernum` WHERE `did` = 3 AND `date` = 1438408800 LIMIT 1   [ RunTime:0.0000s ]
SQL: UPDATE `rbm_doctor_ordernum` SET `num`=num+1 WHERE `did` = 3 AND `date` = 1438408800 [ RunTime:0.0000s ]

[ 2015-07-30T10:27:51+08:00 ] 122.4.69.6 /wxpay/index.php?out_trade_no=1438222141&total_fee=1&result_code=SUCCESS&userid=1
INFO: [ app_init ] --START--
INFO: Run Behavior\BuildLiteBehavior [ RunTime:0.000000s ]
INFO: [ app_init ] --END-- [ RunTime:0.000000s ]
INFO: [ app_begin ] --START--
INFO: Run Behavior\ReadHtmlCacheBehavior [ RunTime:0.000000s ]
INFO: [ app_begin ] --END-- [ RunTime:0.000000s ]
SQL: SHOW COLUMNS FROM `rbm_order` [ RunTime:0.0000s ]
SQL: SELECT * FROM `rbm_order` WHERE `order_sn` = 1438222141 AND `order_id` = 1 LIMIT 1   [ RunTime:0.0000s ]
SQL: UPDATE `rbm_order` SET `status`='2' WHERE `order_sn` = 1438222141 AND `order_id` = 1 [ RunTime:0.0000s ]
SQL: SHOW COLUMNS FROM `rbm_doctor_order` [ RunTime:0.0156s ]
SQL: INSERT INTO `rbm_doctor_order` (`uid`,`did`,`order_time`) VALUES ('1','3','1438408800') [ RunTime:0.0000s ]
SQL: SHOW COLUMNS FROM `rbm_doctor_ordernum` [ RunTime:0.0000s ]
SQL: SELECT * FROM `rbm_doctor_ordernum` WHERE `did` = 3 AND `date` = 1438408800 LIMIT 1   [ RunTime:0.0000s ]
SQL: UPDATE `rbm_doctor_ordernum` SET `num`=num+1 WHERE `did` = 3 AND `date` = 1438408800 [ RunTime:0.0000s ]

[ 2015-07-30T10:28:19+08:00 ] 122.4.69.6 /wxpay/index.php?out_trade_no=1438222141&total_fee=1&result_code=SUCCESS&userid=1
INFO: [ app_init ] --START--
INFO: Run Behavior\BuildLiteBehavior [ RunTime:0.000000s ]
INFO: [ app_init ] --END-- [ RunTime:0.000000s ]
INFO: [ app_begin ] --START--
INFO: Run Behavior\ReadHtmlCacheBehavior [ RunTime:0.000000s ]
INFO: [ app_begin ] --END-- [ RunTime:0.000000s ]
SQL: SHOW COLUMNS FROM `rbm_order` [ RunTime:0.0000s ]
SQL: SELECT * FROM `rbm_order` WHERE `order_sn` = 1438222141 AND `order_id` = 1 LIMIT 1   [ RunTime:0.0000s ]
SQL: UPDATE `rbm_order` SET `status`='2' WHERE `order_sn` = 1438222141 AND `order_id` = 1 [ RunTime:0.0000s ]
SQL: SHOW COLUMNS FROM `rbm_doctor_order` [ RunTime:0.0000s ]
SQL: INSERT INTO `rbm_doctor_order` (`uid`,`did`,`order_time`) VALUES ('1','3','1438408800') [ RunTime:0.0000s ]
SQL: SHOW COLUMNS FROM `rbm_doctor_ordernum` [ RunTime:0.0156s ]
SQL: SELECT * FROM `rbm_doctor_ordernum` WHERE `did` = 3 AND `date` = 1438408800 LIMIT 1   [ RunTime:0.0000s ]
SQL: UPDATE `rbm_doctor_ordernum` SET `num`=num+1 WHERE `did` = 3 AND `date` = 1438408800 [ RunTime:0.0000s ]
SQL: SHOW COLUMNS FROM `rbm_wxuser` [ RunTime:0.0000s ]
SQL: SELECT * FROM `rbm_wxuser` WHERE `id` = 1 LIMIT 1   [ RunTime:0.0000s ]
SQL: SHOW COLUMNS FROM `rbm_doctor` [ RunTime:0.0000s ]
SQL: SELECT * FROM `rbm_doctor` WHERE `id` = 3 LIMIT 1   [ RunTime:0.0000s ]
SQL: SHOW COLUMNS FROM `rbm_member_public` [ RunTime:0.0000s ]
SQL: SELECT * FROM `rbm_member_public` WHERE ( id = 108 ) LIMIT 1   [ RunTime:0.0000s ]
SQL: SELECT * FROM `rbm_member_public` WHERE ( id = 108 ) LIMIT 1   [ RunTime:0.0156s ]
SQL: UPDATE `rbm_member_public` SET `access_token`='WcJ4va9MvVlpVActr8_dJQ5dUREdZCn9q52yUxEbISOEVILyDhbS0fbORyTZB_XNjhWRDXgBweASTO3r_dERKUq9CaNw2a9PbYGjjHkuCE4',`dateline`='1438223299' WHERE ( id = 108 ) [ RunTime:0.0156s ]

[ 2015-07-30T10:28:29+08:00 ] 122.4.69.6 /wxpay/index.php?out_trade_no=1438222141&total_fee=1&result_code=SUCCESS&userid=1
INFO: [ app_init ] --START--
INFO: Run Behavior\BuildLiteBehavior [ RunTime:0.000000s ]
INFO: [ app_init ] --END-- [ RunTime:0.000000s ]
INFO: [ app_begin ] --START--
INFO: Run Behavior\ReadHtmlCacheBehavior [ RunTime:0.000000s ]
INFO: [ app_begin ] --END-- [ RunTime:0.000000s ]
SQL: SHOW COLUMNS FROM `rbm_order` [ RunTime:0.0000s ]
SQL: SELECT * FROM `rbm_order` WHERE `order_sn` = 1438222141 AND `order_id` = 1 LIMIT 1   [ RunTime:0.0000s ]
SQL: UPDATE `rbm_order` SET `status`='2' WHERE `order_sn` = 1438222141 AND `order_id` = 1 [ RunTime:0.0000s ]
SQL: SHOW COLUMNS FROM `rbm_doctor_order` [ RunTime:0.0000s ]
SQL: INSERT INTO `rbm_doctor_order` (`uid`,`did`,`order_time`) VALUES ('1','3','1438408800') [ RunTime:0.0000s ]
SQL: SHOW COLUMNS FROM `rbm_doctor_ordernum` [ RunTime:0.0000s ]
SQL: SELECT * FROM `rbm_doctor_ordernum` WHERE `did` = 3 AND `date` = 1438408800 LIMIT 1   [ RunTime:0.0000s ]
SQL: UPDATE `rbm_doctor_ordernum` SET `num`=num+1 WHERE `did` = 3 AND `date` = 1438408800 [ RunTime:0.0156s ]
SQL: SHOW COLUMNS FROM `rbm_wxuser` [ RunTime:0.0000s ]
SQL: SELECT * FROM `rbm_wxuser` WHERE `id` = 1 LIMIT 1   [ RunTime:0.0000s ]
SQL: SHOW COLUMNS FROM `rbm_doctor` [ RunTime:0.0000s ]
SQL: SELECT * FROM `rbm_doctor` WHERE `id` = 3 LIMIT 1   [ RunTime:0.0000s ]
SQL: SHOW COLUMNS FROM `rbm_member_public` [ RunTime:0.0000s ]
SQL: SELECT * FROM `rbm_member_public` WHERE ( id = 108 ) LIMIT 1   [ RunTime:0.0000s ]

[ 2015-07-30T10:28:54+08:00 ] 122.4.69.6 /wxpay/index.php?out_trade_no=1438222141&total_fee=1&result_code=SUCCESS&userid=1
INFO: [ app_init ] --START--
INFO: Run Behavior\BuildLiteBehavior [ RunTime:0.000000s ]
INFO: [ app_init ] --END-- [ RunTime:0.000000s ]
INFO: [ app_begin ] --START--
INFO: Run Behavior\ReadHtmlCacheBehavior [ RunTime:0.015626s ]
INFO: [ app_begin ] --END-- [ RunTime:0.015626s ]

[ 2015-07-30T10:28:54+08:00 ] 122.4.69.6 /wxpay/index.php?out_trade_no=1438222141&total_fee=1&result_code=SUCCESS&userid=1
INFO: [ app_init ] --START--
INFO: Run Behavior\BuildLiteBehavior [ RunTime:0.000000s ]
INFO: [ app_init ] --END-- [ RunTime:0.000000s ]
INFO: [ app_begin ] --START--
INFO: Run Behavior\ReadHtmlCacheBehavior [ RunTime:0.000000s ]
INFO: [ app_begin ] --END-- [ RunTime:0.000000s ]

[ 2015-07-30T10:28:55+08:00 ] 122.4.69.6 /wxpay/index.php?out_trade_no=1438222141&total_fee=1&result_code=SUCCESS&userid=1
INFO: [ app_init ] --START--
INFO: Run Behavior\BuildLiteBehavior [ RunTime:0.000000s ]
INFO: [ app_init ] --END-- [ RunTime:0.000000s ]
INFO: [ app_begin ] --START--
INFO: Run Behavior\ReadHtmlCacheBehavior [ RunTime:0.000000s ]
INFO: [ app_begin ] --END-- [ RunTime:0.000000s ]

[ 2015-07-30T10:34:16+08:00 ] 101.226.103.69 /wxpay/index.php
INFO: [ app_init ] --START--
INFO: Run Behavior\BuildLiteBehavior [ RunTime:0.000000s ]
INFO: [ app_init ] --END-- [ RunTime:0.000000s ]
INFO: [ app_begin ] --START--
INFO: Run Behavior\ReadHtmlCacheBehavior [ RunTime:0.000000s ]
INFO: [ app_begin ] --END-- [ RunTime:0.000000s ]
SQL: SHOW COLUMNS FROM `rbm_order` [ RunTime:0.0000s ]
SQL: SELECT * FROM `rbm_order` WHERE `order_sn` = '1438221602' AND `order_id` = 1 LIMIT 1   [ RunTime:0.0000s ]
SQL: UPDATE `rbm_order` SET `status`='2' WHERE `order_sn` = '1438221602' AND `order_id` = 1 [ RunTime:0.0000s ]
SQL: SHOW COLUMNS FROM `rbm_doctor_order` [ RunTime:0.0000s ]
SQL: INSERT INTO `rbm_doctor_order` (`uid`,`did`,`order_time`) VALUES ('1','3','1438495200') [ RunTime:0.0000s ]
SQL: SHOW COLUMNS FROM `rbm_doctor_ordernum` [ RunTime:0.0000s ]
SQL: SELECT * FROM `rbm_doctor_ordernum` WHERE `did` = 3 AND `date` = 1438495200 LIMIT 1   [ RunTime:0.0000s ]
SQL: UPDATE `rbm_doctor_ordernum` SET `num`=num+1 WHERE `did` = 3 AND `date` = 1438495200 [ RunTime:0.0000s ]
SQL: SHOW COLUMNS FROM `rbm_wxuser` [ RunTime:0.0000s ]
SQL: SELECT * FROM `rbm_wxuser` WHERE `id` = 1 LIMIT 1   [ RunTime:0.0000s ]
SQL: SHOW COLUMNS FROM `rbm_doctor` [ RunTime:0.0000s ]
SQL: SELECT * FROM `rbm_doctor` WHERE `id` = 3 LIMIT 1   [ RunTime:0.0000s ]
SQL: SHOW COLUMNS FROM `rbm_member_public` [ RunTime:0.0156s ]
SQL: SELECT * FROM `rbm_member_public` WHERE ( id = 108 ) LIMIT 1   [ RunTime:0.0000s ]

[ 2015-07-30T10:35:14+08:00 ] 101.226.103.69 /wxpay/index.php
INFO: [ app_init ] --START--
INFO: Run Behavior\BuildLiteBehavior [ RunTime:0.000000s ]
INFO: [ app_init ] --END-- [ RunTime:0.000000s ]
INFO: [ app_begin ] --START--
INFO: Run Behavior\ReadHtmlCacheBehavior [ RunTime:0.000000s ]
INFO: [ app_begin ] --END-- [ RunTime:0.000000s ]
SQL: SHOW COLUMNS FROM `rbm_order` [ RunTime:0.0156s ]
SQL: SELECT * FROM `rbm_order` WHERE `order_sn` = '1438221659' AND `order_id` = 1 LIMIT 1   [ RunTime:0.0000s ]
SQL: UPDATE `rbm_order` SET `status`='2' WHERE `order_sn` = '1438221659' AND `order_id` = 1 [ RunTime:0.0000s ]
SQL: SHOW COLUMNS FROM `rbm_doctor_order` [ RunTime:0.0000s ]
SQL: INSERT INTO `rbm_doctor_order` (`uid`,`did`,`order_time`) VALUES ('1','3','1438560000') [ RunTime:0.0000s ]
SQL: SHOW COLUMNS FROM `rbm_doctor_ordernum` [ RunTime:0.0000s ]
SQL: SELECT * FROM `rbm_doctor_ordernum` WHERE `did` = 3 AND `date` = 1438560000 LIMIT 1   [ RunTime:0.0000s ]
SQL: UPDATE `rbm_doctor_ordernum` SET `num`=num+1 WHERE `did` = 3 AND `date` = 1438560000 [ RunTime:0.0000s ]
SQL: SHOW COLUMNS FROM `rbm_wxuser` [ RunTime:0.0000s ]
SQL: SELECT * FROM `rbm_wxuser` WHERE `id` = 1 LIMIT 1   [ RunTime:0.0000s ]
SQL: SHOW COLUMNS FROM `rbm_doctor` [ RunTime:0.0156s ]
SQL: SELECT * FROM `rbm_doctor` WHERE `id` = 3 LIMIT 1   [ RunTime:0.0000s ]
SQL: SHOW COLUMNS FROM `rbm_member_public` [ RunTime:0.0000s ]
SQL: SELECT * FROM `rbm_member_public` WHERE ( id = 108 ) LIMIT 1   [ RunTime:0.0000s ]

[ 2015-07-30T10:38:26+08:00 ] 101.226.103.69 /wxpay/index.php
INFO: [ app_init ] --START--
INFO: Run Behavior\BuildLiteBehavior [ RunTime:0.000000s ]
INFO: [ app_init ] --END-- [ RunTime:0.000000s ]
INFO: [ app_begin ] --START--
INFO: Run Behavior\ReadHtmlCacheBehavior [ RunTime:0.000000s ]
INFO: [ app_begin ] --END-- [ RunTime:0.000000s ]
SQL: SHOW COLUMNS FROM `rbm_order` [ RunTime:0.0000s ]
SQL: SELECT * FROM `rbm_order` WHERE `order_sn` = '1438221856' AND `order_id` = 1 LIMIT 1   [ RunTime:0.0000s ]

[ 2015-07-30T10:43:14+08:00 ] 101.226.103.72 /wxpay/index.php
INFO: [ app_init ] --START--
INFO: Run Behavior\BuildLiteBehavior [ RunTime:0.000000s ]
INFO: [ app_init ] --END-- [ RunTime:0.000000s ]
INFO: [ app_begin ] --START--
INFO: Run Behavior\ReadHtmlCacheBehavior [ RunTime:0.000000s ]
INFO: [ app_begin ] --END-- [ RunTime:0.000000s ]
SQL: SHOW COLUMNS FROM `rbm_order` [ RunTime:0.0000s ]
SQL: SELECT * FROM `rbm_order` WHERE `order_sn` = '1438222141' AND `order_id` = 1 LIMIT 1   [ RunTime:0.0000s ]
SQL: UPDATE `rbm_order` SET `status`='2' WHERE `order_sn` = '1438222141' AND `order_id` = 1 [ RunTime:0.0000s ]
SQL: SHOW COLUMNS FROM `rbm_doctor_order` [ RunTime:0.0000s ]
SQL: INSERT INTO `rbm_doctor_order` (`uid`,`did`,`order_time`) VALUES ('1','3','1438408800') [ RunTime:0.0000s ]
SQL: SHOW COLUMNS FROM `rbm_doctor_ordernum` [ RunTime:0.0000s ]
SQL: SELECT * FROM `rbm_doctor_ordernum` WHERE `did` = 3 AND `date` = 1438408800 LIMIT 1   [ RunTime:0.0000s ]
SQL: UPDATE `rbm_doctor_ordernum` SET `num`=num+1 WHERE `did` = 3 AND `date` = 1438408800 [ RunTime:0.0000s ]
SQL: SHOW COLUMNS FROM `rbm_wxuser` [ RunTime:0.0156s ]
SQL: SELECT * FROM `rbm_wxuser` WHERE `id` = 1 LIMIT 1   [ RunTime:0.0000s ]
SQL: SHOW COLUMNS FROM `rbm_doctor` [ RunTime:0.0000s ]
SQL: SELECT * FROM `rbm_doctor` WHERE `id` = 3 LIMIT 1   [ RunTime:0.0000s ]
SQL: SHOW COLUMNS FROM `rbm_member_public` [ RunTime:0.0000s ]
SQL: SELECT * FROM `rbm_member_public` WHERE ( id = 108 ) LIMIT 1   [ RunTime:0.0000s ]

[ 2015-07-30T10:55:42+08:00 ] 101.226.103.69 /wxpay/index.php
INFO: [ app_init ] --START--
INFO: Run Behavior\BuildLiteBehavior [ RunTime:0.000000s ]
INFO: [ app_init ] --END-- [ RunTime:0.000000s ]
INFO: [ app_begin ] --START--
INFO: Run Behavior\ReadHtmlCacheBehavior [ RunTime:0.000000s ]
INFO: [ app_begin ] --END-- [ RunTime:0.000000s ]
SQL: SHOW COLUMNS FROM `rbm_order` [ RunTime:0.0000s ]
SQL: SELECT * FROM `rbm_order` WHERE `order_sn` = '1438221081' AND `order_id` = 1 LIMIT 1   [ RunTime:0.0000s ]
SQL: UPDATE `rbm_order` SET `status`='2' WHERE `order_sn` = '1438221081' AND `order_id` = 1 [ RunTime:0.0000s ]
SQL: SHOW COLUMNS FROM `rbm_doctor_order` [ RunTime:0.0156s ]
SQL: INSERT INTO `rbm_doctor_order` (`uid`,`did`,`order_time`) VALUES ('1','4','1438387200') [ RunTime:0.0000s ]
SQL: SHOW COLUMNS FROM `rbm_doctor_ordernum` [ RunTime:0.0000s ]
SQL: SELECT * FROM `rbm_doctor_ordernum` WHERE `did` = 4 AND `date` = 1438387200 LIMIT 1   [ RunTime:0.0000s ]
SQL: UPDATE `rbm_doctor_ordernum` SET `num`=num+1 WHERE `did` = 4 AND `date` = 1438387200 [ RunTime:0.0000s ]
SQL: SHOW COLUMNS FROM `rbm_wxuser` [ RunTime:0.0000s ]
SQL: SELECT * FROM `rbm_wxuser` WHERE `id` = 1 LIMIT 1   [ RunTime:0.0000s ]
SQL: SHOW COLUMNS FROM `rbm_doctor` [ RunTime:0.0000s ]
SQL: SELECT * FROM `rbm_doctor` WHERE `id` = 4 LIMIT 1   [ RunTime:0.0000s ]
SQL: SHOW COLUMNS FROM `rbm_member_public` [ RunTime:0.0156s ]
SQL: SELECT * FROM `rbm_member_public` WHERE ( id = 108 ) LIMIT 1   [ RunTime:0.0000s ]

[ 2015-07-30T11:04:19+08:00 ] 101.226.103.69 /wxpay/index.php
INFO: [ app_init ] --START--
INFO: Run Behavior\BuildLiteBehavior [ RunTime:0.000000s ]
INFO: [ app_init ] --END-- [ RunTime:0.000000s ]
INFO: [ app_begin ] --START--
INFO: Run Behavior\ReadHtmlCacheBehavior [ RunTime:0.000000s ]
INFO: [ app_begin ] --END-- [ RunTime:0.000000s ]
SQL: SHOW COLUMNS FROM `rbm_order` [ RunTime:0.0000s ]
SQL: SELECT * FROM `rbm_order` WHERE `order_sn` = '1438221602' AND `order_id` = 1 LIMIT 1   [ RunTime:0.0000s ]

[ 2015-07-30T11:05:17+08:00 ] 101.226.103.69 /wxpay/index.php
INFO: [ app_init ] --START--
INFO: Run Behavior\BuildLiteBehavior [ RunTime:0.000000s ]
INFO: [ app_init ] --END-- [ RunTime:0.000000s ]
INFO: [ app_begin ] --START--
INFO: Run Behavior\ReadHtmlCacheBehavior [ RunTime:0.000000s ]
INFO: [ app_begin ] --END-- [ RunTime:0.000000s ]
SQL: SHOW COLUMNS FROM `rbm_order` [ RunTime:0.0000s ]
SQL: SELECT * FROM `rbm_order` WHERE `order_sn` = '1438221659' AND `order_id` = 1 LIMIT 1   [ RunTime:0.0000s ]

[ 2015-07-30T11:08:30+08:00 ] 101.226.103.69 /wxpay/index.php
INFO: [ app_init ] --START--
INFO: Run Behavior\BuildLiteBehavior [ RunTime:0.000000s ]
INFO: [ app_init ] --END-- [ RunTime:0.000000s ]
INFO: [ app_begin ] --START--
INFO: Run Behavior\ReadHtmlCacheBehavior [ RunTime:0.000000s ]
INFO: [ app_begin ] --END-- [ RunTime:0.000000s ]
SQL: SHOW COLUMNS FROM `rbm_order` [ RunTime:0.0000s ]
SQL: SELECT * FROM `rbm_order` WHERE `order_sn` = '1438221856' AND `order_id` = 1 LIMIT 1   [ RunTime:0.0000s ]
SQL: UPDATE `rbm_order` SET `status`='2' WHERE `order_sn` = '1438221856' AND `order_id` = 1 [ RunTime:0.0000s ]
SQL: SHOW COLUMNS FROM `rbm_doctor_order` [ RunTime:0.0000s ]
SQL: INSERT INTO `rbm_doctor_order` (`uid`,`did`,`order_time`) VALUES ('1','5','1438646400') [ RunTime:0.0000s ]
SQL: SHOW COLUMNS FROM `rbm_doctor_ordernum` [ RunTime:0.0000s ]
SQL: SELECT * FROM `rbm_doctor_ordernum` WHERE `did` = 5 AND `date` = 1438646400 LIMIT 1   [ RunTime:0.0000s ]
SQL: INSERT INTO `rbm_doctor_ordernum` (`did`,`date`,`num`) VALUES ('5','1438646400','1') [ RunTime:0.0000s ]
SQL: SHOW COLUMNS FROM `rbm_wxuser` [ RunTime:0.0000s ]
SQL: SELECT * FROM `rbm_wxuser` WHERE `id` = 1 LIMIT 1   [ RunTime:0.0000s ]
SQL: SHOW COLUMNS FROM `rbm_doctor` [ RunTime:0.0156s ]
SQL: SELECT * FROM `rbm_doctor` WHERE `id` = 5 LIMIT 1   [ RunTime:0.0000s ]
SQL: SHOW COLUMNS FROM `rbm_member_public` [ RunTime:0.0000s ]
SQL: SELECT * FROM `rbm_member_public` WHERE ( id = 108 ) LIMIT 1   [ RunTime:0.0000s ]

[ 2015-07-30T11:13:16+08:00 ] 101.226.103.69 /wxpay/index.php
INFO: [ app_init ] --START--
INFO: Run Behavior\BuildLiteBehavior [ RunTime:0.000000s ]
INFO: [ app_init ] --END-- [ RunTime:0.000000s ]
INFO: [ app_begin ] --START--
INFO: Run Behavior\ReadHtmlCacheBehavior [ RunTime:0.000000s ]
INFO: [ app_begin ] --END-- [ RunTime:0.000000s ]
SQL: SHOW COLUMNS FROM `rbm_order` [ RunTime:0.0000s ]
SQL: SELECT * FROM `rbm_order` WHERE `order_sn` = '1438222141' AND `order_id` = 1 LIMIT 1   [ RunTime:0.0000s ]

[ 2015-07-30T11:25:46+08:00 ] 101.226.103.69 /wxpay/index.php
INFO: [ app_init ] --START--
INFO: Run Behavior\BuildLiteBehavior [ RunTime:0.000000s ]
INFO: [ app_init ] --END-- [ RunTime:0.000000s ]
INFO: [ app_begin ] --START--
INFO: Run Behavior\ReadHtmlCacheBehavior [ RunTime:0.000000s ]
INFO: [ app_begin ] --END-- [ RunTime:0.000000s ]
SQL: SHOW COLUMNS FROM `rbm_order` [ RunTime:0.0000s ]
SQL: SELECT * FROM `rbm_order` WHERE `order_sn` = '1438221081' AND `order_id` = 1 LIMIT 1   [ RunTime:0.0000s ]

[ 2015-07-30T11:34:22+08:00 ] 101.226.103.69 /wxpay/index.php
INFO: [ app_init ] --START--
INFO: Run Behavior\BuildLiteBehavior [ RunTime:0.000000s ]
INFO: [ app_init ] --END-- [ RunTime:0.000000s ]
INFO: [ app_begin ] --START--
INFO: Run Behavior\ReadHtmlCacheBehavior [ RunTime:0.000000s ]
INFO: [ app_begin ] --END-- [ RunTime:0.000000s ]
SQL: SHOW COLUMNS FROM `rbm_order` [ RunTime:0.0000s ]
SQL: SELECT * FROM `rbm_order` WHERE `order_sn` = '1438221602' AND `order_id` = 1 LIMIT 1   [ RunTime:0.0000s ]

[ 2015-07-30T11:35:20+08:00 ] 101.226.103.69 /wxpay/index.php
INFO: [ app_init ] --START--
INFO: Run Behavior\BuildLiteBehavior [ RunTime:0.000000s ]
INFO: [ app_init ] --END-- [ RunTime:0.000000s ]
INFO: [ app_begin ] --START--
INFO: Run Behavior\ReadHtmlCacheBehavior [ RunTime:0.000000s ]
INFO: [ app_begin ] --END-- [ RunTime:0.000000s ]
SQL: SHOW COLUMNS FROM `rbm_order` [ RunTime:0.0000s ]
SQL: SELECT * FROM `rbm_order` WHERE `order_sn` = '1438221659' AND `order_id` = 1 LIMIT 1   [ RunTime:0.0000s ]

[ 2015-07-30T11:38:32+08:00 ] 101.226.103.69 /wxpay/index.php
INFO: [ app_init ] --START--
INFO: Run Behavior\BuildLiteBehavior [ RunTime:0.000000s ]
INFO: [ app_init ] --END-- [ RunTime:0.000000s ]
INFO: [ app_begin ] --START--
INFO: Run Behavior\ReadHtmlCacheBehavior [ RunTime:0.000000s ]
INFO: [ app_begin ] --END-- [ RunTime:0.000000s ]
SQL: SHOW COLUMNS FROM `rbm_order` [ RunTime:0.0156s ]
SQL: SELECT * FROM `rbm_order` WHERE `order_sn` = '1438221856' AND `order_id` = 1 LIMIT 1   [ RunTime:0.0000s ]

[ 2015-07-30T11:43:18+08:00 ] 101.226.103.69 /wxpay/index.php
INFO: [ app_init ] --START--
INFO: Run Behavior\BuildLiteBehavior [ RunTime:0.000000s ]
INFO: [ app_init ] --END-- [ RunTime:0.000000s ]
INFO: [ app_begin ] --START--
INFO: Run Behavior\ReadHtmlCacheBehavior [ RunTime:0.000000s ]
INFO: [ app_begin ] --END-- [ RunTime:0.000000s ]
SQL: SHOW COLUMNS FROM `rbm_order` [ RunTime:0.0156s ]
SQL: SELECT * FROM `rbm_order` WHERE `order_sn` = '1438222141' AND `order_id` = 1 LIMIT 1   [ RunTime:0.0000s ]

[ 2015-07-30T11:55:49+08:00 ] 101.226.103.69 /wxpay/index.php
INFO: [ app_init ] --START--
INFO: Run Behavior\BuildLiteBehavior [ RunTime:0.000000s ]
INFO: [ app_init ] --END-- [ RunTime:0.000000s ]
INFO: [ app_begin ] --START--
INFO: Run Behavior\ReadHtmlCacheBehavior [ RunTime:0.000000s ]
INFO: [ app_begin ] --END-- [ RunTime:0.000000s ]
SQL: SHOW COLUMNS FROM `rbm_order` [ RunTime:0.0000s ]
SQL: SELECT * FROM `rbm_order` WHERE `order_sn` = '1438221081' AND `order_id` = 1 LIMIT 1   [ RunTime:0.0000s ]

[ 2015-07-30T12:04:25+08:00 ] 101.226.103.73 /wxpay/index.php
INFO: [ app_init ] --START--
INFO: Run Behavior\BuildLiteBehavior [ RunTime:0.000000s ]
INFO: [ app_init ] --END-- [ RunTime:0.000000s ]
INFO: [ app_begin ] --START--
INFO: Run Behavior\ReadHtmlCacheBehavior [ RunTime:0.000000s ]
INFO: [ app_begin ] --END-- [ RunTime:0.000000s ]
SQL: SHOW COLUMNS FROM `rbm_order` [ RunTime:0.0000s ]
SQL: SELECT * FROM `rbm_order` WHERE `order_sn` = '1438221602' AND `order_id` = 1 LIMIT 1   [ RunTime:0.0156s ]

[ 2015-07-30T12:05:22+08:00 ] 101.226.103.69 /wxpay/index.php
INFO: [ app_init ] --START--
INFO: Run Behavior\BuildLiteBehavior [ RunTime:0.000000s ]
INFO: [ app_init ] --END-- [ RunTime:0.000000s ]
INFO: [ app_begin ] --START--
INFO: Run Behavior\ReadHtmlCacheBehavior [ RunTime:0.000000s ]
INFO: [ app_begin ] --END-- [ RunTime:0.000000s ]
SQL: SHOW COLUMNS FROM `rbm_order` [ RunTime:0.0000s ]
SQL: SELECT * FROM `rbm_order` WHERE `order_sn` = '1438221659' AND `order_id` = 1 LIMIT 1   [ RunTime:0.0000s ]

[ 2015-07-30T12:08:34+08:00 ] 101.226.103.69 /wxpay/index.php
INFO: [ app_init ] --START--
INFO: Run Behavior\BuildLiteBehavior [ RunTime:0.000000s ]
INFO: [ app_init ] --END-- [ RunTime:0.000000s ]
INFO: [ app_begin ] --START--
INFO: Run Behavior\ReadHtmlCacheBehavior [ RunTime:0.000000s ]
INFO: [ app_begin ] --END-- [ RunTime:0.000000s ]
SQL: SHOW COLUMNS FROM `rbm_order` [ RunTime:0.0000s ]
SQL: SELECT * FROM `rbm_order` WHERE `order_sn` = '1438221856' AND `order_id` = 1 LIMIT 1   [ RunTime:0.0000s ]

[ 2015-07-30T12:13:21+08:00 ] 101.226.103.69 /wxpay/index.php
INFO: [ app_init ] --START--
INFO: Run Behavior\BuildLiteBehavior [ RunTime:0.000000s ]
INFO: [ app_init ] --END-- [ RunTime:0.000000s ]
INFO: [ app_begin ] --START--
INFO: Run Behavior\ReadHtmlCacheBehavior [ RunTime:0.000000s ]
INFO: [ app_begin ] --END-- [ RunTime:0.000000s ]
SQL: SHOW COLUMNS FROM `rbm_order` [ RunTime:0.0000s ]
SQL: SELECT * FROM `rbm_order` WHERE `order_sn` = '1438222141' AND `order_id` = 1 LIMIT 1   [ RunTime:0.0000s ]

[ 2015-07-30T12:55:52+08:00 ] 101.226.103.69 /wxpay/index.php
INFO: [ app_init ] --START--
INFO: Run Behavior\BuildLiteBehavior [ RunTime:0.000000s ]
INFO: [ app_init ] --END-- [ RunTime:0.000000s ]
INFO: [ app_begin ] --START--
INFO: Run Behavior\ReadHtmlCacheBehavior [ RunTime:0.000000s ]
INFO: [ app_begin ] --END-- [ RunTime:0.000000s ]
SQL: SHOW COLUMNS FROM `rbm_order` [ RunTime:0.0000s ]
SQL: SELECT * FROM `rbm_order` WHERE `order_sn` = '1438221081' AND `order_id` = 1 LIMIT 1   [ RunTime:0.0000s ]

[ 2015-07-30T13:04:27+08:00 ] 101.226.103.69 /wxpay/index.php
INFO: [ app_init ] --START--
INFO: Run Behavior\BuildLiteBehavior [ RunTime:0.000000s ]
INFO: [ app_init ] --END-- [ RunTime:0.000000s ]
INFO: [ app_begin ] --START--
INFO: Run Behavior\ReadHtmlCacheBehavior [ RunTime:0.000000s ]
INFO: [ app_begin ] --END-- [ RunTime:0.000000s ]
SQL: SHOW COLUMNS FROM `rbm_order` [ RunTime:0.0156s ]
SQL: SELECT * FROM `rbm_order` WHERE `order_sn` = '1438221602' AND `order_id` = 1 LIMIT 1   [ RunTime:0.0000s ]

[ 2015-07-30T13:05:25+08:00 ] 101.226.103.69 /wxpay/index.php
INFO: [ app_init ] --START--
INFO: Run Behavior\BuildLiteBehavior [ RunTime:0.000000s ]
INFO: [ app_init ] --END-- [ RunTime:0.000000s ]
INFO: [ app_begin ] --START--
INFO: Run Behavior\ReadHtmlCacheBehavior [ RunTime:0.000000s ]
INFO: [ app_begin ] --END-- [ RunTime:0.000000s ]
SQL: SHOW COLUMNS FROM `rbm_order` [ RunTime:0.0000s ]
SQL: SELECT * FROM `rbm_order` WHERE `order_sn` = '1438221659' AND `order_id` = 1 LIMIT 1   [ RunTime:0.0000s ]

[ 2015-07-30T13:08:37+08:00 ] 101.226.103.69 /wxpay/index.php
INFO: [ app_init ] --START--
INFO: Run Behavior\BuildLiteBehavior [ RunTime:0.000000s ]
INFO: [ app_init ] --END-- [ RunTime:0.000000s ]
INFO: [ app_begin ] --START--
INFO: Run Behavior\ReadHtmlCacheBehavior [ RunTime:0.000000s ]
INFO: [ app_begin ] --END-- [ RunTime:0.000000s ]
SQL: SHOW COLUMNS FROM `rbm_order` [ RunTime:0.0000s ]
SQL: SELECT * FROM `rbm_order` WHERE `order_sn` = '1438221856' AND `order_id` = 1 LIMIT 1   [ RunTime:0.0000s ]

[ 2015-07-30T13:13:23+08:00 ] 101.226.103.69 /wxpay/index.php
INFO: [ app_init ] --START--
INFO: Run Behavior\BuildLiteBehavior [ RunTime:0.000000s ]
INFO: [ app_init ] --END-- [ RunTime:0.000000s ]
INFO: [ app_begin ] --START--
INFO: Run Behavior\ReadHtmlCacheBehavior [ RunTime:0.000000s ]
INFO: [ app_begin ] --END-- [ RunTime:0.000000s ]
SQL: SHOW COLUMNS FROM `rbm_order` [ RunTime:0.0156s ]
SQL: SELECT * FROM `rbm_order` WHERE `order_sn` = '1438222141' AND `order_id` = 1 LIMIT 1   [ RunTime:0.0000s ]

[ 2015-07-30T16:45:58+08:00 ] 101.226.103.69 /wxpay/index.php
INFO: [ app_init ] --START--
INFO: Run Behavior\BuildLiteBehavior [ RunTime:0.000000s ]
INFO: [ app_init ] --END-- [ RunTime:0.000000s ]
INFO: [ app_begin ] --START--
INFO: Run Behavior\ReadHtmlCacheBehavior [ RunTime:0.000000s ]
INFO: [ app_begin ] --END-- [ RunTime:0.000000s ]
SQL: SHOW COLUMNS FROM `rbm_order` [ RunTime:0.0000s ]
SQL: SELECT * FROM `rbm_order` WHERE `order_sn` = '1438245949' AND `order_id` = 4 LIMIT 1   [ RunTime:0.0000s ]
SQL: UPDATE `rbm_order` SET `status`='2' WHERE `order_sn` = '1438245949' AND `order_id` = 4 [ RunTime:0.0156s ]
SQL: SHOW COLUMNS FROM `rbm_doctor_order` [ RunTime:0.0000s ]
SQL: INSERT INTO `rbm_doctor_order` (`uid`,`did`,`order_time`) VALUES ('4','3','1438560000') [ RunTime:0.0000s ]
SQL: SHOW COLUMNS FROM `rbm_doctor_ordernum` [ RunTime:0.0000s ]
SQL: SELECT * FROM `rbm_doctor_ordernum` WHERE `did` = 3 AND `date` = 1438560000 LIMIT 1   [ RunTime:0.0000s ]
SQL: UPDATE `rbm_doctor_ordernum` SET `num`=num+1 WHERE `did` = 3 AND `date` = 1438560000 [ RunTime:0.0156s ]
SQL: SHOW COLUMNS FROM `rbm_wxuser` [ RunTime:0.0000s ]
SQL: SELECT * FROM `rbm_wxuser` WHERE `id` = 4 LIMIT 1   [ RunTime:0.0000s ]
SQL: SHOW COLUMNS FROM `rbm_doctor` [ RunTime:0.0000s ]
SQL: SELECT * FROM `rbm_doctor` WHERE `id` = 3 LIMIT 1   [ RunTime:0.0000s ]
SQL: SHOW COLUMNS FROM `rbm_member_public` [ RunTime:0.0156s ]
SQL: SELECT * FROM `rbm_member_public` WHERE ( id = 108 ) LIMIT 1   [ RunTime:0.0000s ]
SQL: UPDATE `rbm_member_public` SET `access_token`='8cqnfiDNG4PeFG_luJxLRZFAQ9E3I7_71XX1k3cZhNJx09YqXKgEhkvG6XiXDpVaQNoEZbdP3cKa52ral9KywZZX5VpNHopD94RV99xYTV4',`dateline`='1438245957' WHERE ( id = 108 ) [ RunTime:0.0000s ]

[ 2015-07-30T16:46:16+08:00 ] 101.226.103.69 /wxpay/index.php
INFO: [ app_init ] --START--
INFO: Run Behavior\BuildLiteBehavior [ RunTime:0.000000s ]
INFO: [ app_init ] --END-- [ RunTime:0.000000s ]
INFO: [ app_begin ] --START--
INFO: Run Behavior\ReadHtmlCacheBehavior [ RunTime:0.000000s ]
INFO: [ app_begin ] --END-- [ RunTime:0.000000s ]
SQL: SHOW COLUMNS FROM `rbm_order` [ RunTime:0.0000s ]
SQL: SELECT * FROM `rbm_order` WHERE `order_sn` = '1438245949' AND `order_id` = 4 LIMIT 1   [ RunTime:0.0000s ]

[ 2015-07-30T16:46:34+08:00 ] 101.226.103.69 /wxpay/index.php
INFO: [ app_init ] --START--
INFO: Run Behavior\BuildLiteBehavior [ RunTime:0.000000s ]
INFO: [ app_init ] --END-- [ RunTime:0.000000s ]
INFO: [ app_begin ] --START--
INFO: Run Behavior\ReadHtmlCacheBehavior [ RunTime:0.000000s ]
INFO: [ app_begin ] --END-- [ RunTime:0.000000s ]
SQL: SHOW COLUMNS FROM `rbm_order` [ RunTime:0.0156s ]
SQL: SELECT * FROM `rbm_order` WHERE `order_sn` = '1438245949' AND `order_id` = 4 LIMIT 1   [ RunTime:0.0000s ]

[ 2015-07-30T16:47:07+08:00 ] 101.226.103.69 /wxpay/index.php
INFO: [ app_init ] --START--
INFO: Run Behavior\BuildLiteBehavior [ RunTime:0.000000s ]
INFO: [ app_init ] --END-- [ RunTime:0.000000s ]
INFO: [ app_begin ] --START--
INFO: Run Behavior\ReadHtmlCacheBehavior [ RunTime:0.000000s ]
INFO: [ app_begin ] --END-- [ RunTime:0.000000s ]
SQL: SHOW COLUMNS FROM `rbm_order` [ RunTime:0.0000s ]
SQL: SELECT * FROM `rbm_order` WHERE `order_sn` = '1438245949' AND `order_id` = 4 LIMIT 1   [ RunTime:0.0000s ]

[ 2015-07-30T16:50:09+08:00 ] 101.226.103.69 /wxpay/index.php
INFO: [ app_init ] --START--
INFO: Run Behavior\BuildLiteBehavior [ RunTime:0.000000s ]
INFO: [ app_init ] --END-- [ RunTime:0.000000s ]
INFO: [ app_begin ] --START--
INFO: Run Behavior\ReadHtmlCacheBehavior [ RunTime:0.000000s ]
INFO: [ app_begin ] --END-- [ RunTime:0.000000s ]
SQL: SHOW COLUMNS FROM `rbm_order` [ RunTime:0.0000s ]
SQL: SELECT * FROM `rbm_order` WHERE `order_sn` = '1438245949' AND `order_id` = 4 LIMIT 1   [ RunTime:0.0000s ]

[ 2015-07-30T17:20:12+08:00 ] 101.226.103.69 /wxpay/index.php
INFO: [ app_init ] --START--
INFO: Run Behavior\BuildLiteBehavior [ RunTime:0.000000s ]
INFO: [ app_init ] --END-- [ RunTime:0.000000s ]
INFO: [ app_begin ] --START--
INFO: Run Behavior\ReadHtmlCacheBehavior [ RunTime:0.000000s ]
INFO: [ app_begin ] --END-- [ RunTime:0.000000s ]
SQL: SHOW COLUMNS FROM `rbm_order` [ RunTime:0.0000s ]
SQL: SELECT * FROM `rbm_order` WHERE `order_sn` = '1438245949' AND `order_id` = 4 LIMIT 1   [ RunTime:0.0000s ]

[ 2015-07-30T17:50:14+08:00 ] 101.226.103.69 /wxpay/index.php
INFO: [ app_init ] --START--
INFO: Run Behavior\BuildLiteBehavior [ RunTime:0.000000s ]
INFO: [ app_init ] --END-- [ RunTime:0.015625s ]
INFO: [ app_begin ] --START--
INFO: Run Behavior\ReadHtmlCacheBehavior [ RunTime:0.000000s ]
INFO: [ app_begin ] --END-- [ RunTime:0.000000s ]
SQL: SHOW COLUMNS FROM `rbm_order` [ RunTime:0.0000s ]
SQL: SELECT * FROM `rbm_order` WHERE `order_sn` = '1438245949' AND `order_id` = 4 LIMIT 1   [ RunTime:0.0000s ]

[ 2015-07-30T18:20:15+08:00 ] 101.226.103.69 /wxpay/index.php
INFO: [ app_init ] --START--
INFO: Run Behavior\BuildLiteBehavior [ RunTime:0.000000s ]
INFO: [ app_init ] --END-- [ RunTime:0.000000s ]
INFO: [ app_begin ] --START--
INFO: Run Behavior\ReadHtmlCacheBehavior [ RunTime:0.000000s ]
INFO: [ app_begin ] --END-- [ RunTime:0.000000s ]
SQL: SHOW COLUMNS FROM `rbm_order` [ RunTime:0.0000s ]
SQL: SELECT * FROM `rbm_order` WHERE `order_sn` = '1438245949' AND `order_id` = 4 LIMIT 1   [ RunTime:0.0000s ]

[ 2015-07-30T18:50:17+08:00 ] 101.226.103.69 /wxpay/index.php
INFO: [ app_init ] --START--
INFO: Run Behavior\BuildLiteBehavior [ RunTime:0.000000s ]
INFO: [ app_init ] --END-- [ RunTime:0.000000s ]
INFO: [ app_begin ] --START--
INFO: Run Behavior\ReadHtmlCacheBehavior [ RunTime:0.000000s ]
INFO: [ app_begin ] --END-- [ RunTime:0.000000s ]
SQL: SHOW COLUMNS FROM `rbm_order` [ RunTime:0.0000s ]
SQL: SELECT * FROM `rbm_order` WHERE `order_sn` = '1438245949' AND `order_id` = 4 LIMIT 1   [ RunTime:0.0000s ]

[ 2015-07-30T19:50:19+08:00 ] 101.226.103.69 /wxpay/index.php
INFO: [ app_init ] --START--
INFO: Run Behavior\BuildLiteBehavior [ RunTime:0.000000s ]
INFO: [ app_init ] --END-- [ RunTime:0.000000s ]
INFO: [ app_begin ] --START--
INFO: Run Behavior\ReadHtmlCacheBehavior [ RunTime:0.015625s ]
INFO: [ app_begin ] --END-- [ RunTime:0.015625s ]
SQL: SHOW COLUMNS FROM `rbm_order` [ RunTime:0.0000s ]
SQL: SELECT * FROM `rbm_order` WHERE `order_sn` = '1438245949' AND `order_id` = 4 LIMIT 1   [ RunTime:0.0000s ]

