[ 2015-08-07T02:21:33+08:00 ] 140.207.54.77 /index.php/home/index/weixin?signature=fa47a91427f9a20b1dc167eed55dfd914ab95e7d&timestamp=1438885293&nonce=857998912
INFO: [ app_init ] --START--
INFO: Run Behavior\BuildLiteBehavior [ RunTime:0.000000s ]
INFO: [ app_init ] --END-- [ RunTime:0.015625s ]
INFO: [ app_begin ] --START--
INFO: Run Behavior\ReadHtmlCacheBehavior [ RunTime:0.000000s ]
INFO: [ app_begin ] --END-- [ RunTime:0.000000s ]

[ 2015-08-07T02:21:44+08:00 ] 140.207.54.77 /index.php/home/index/weixin?signature=d69862ed3cff0b2a9718dc0135e0aa3fb4420fa6&timestamp=1438885304&nonce=1566902980
INFO: [ app_init ] --START--
INFO: Run Behavior\BuildLiteBehavior [ RunTime:0.000000s ]
INFO: [ app_init ] --END-- [ RunTime:0.000000s ]
INFO: [ app_begin ] --START--
INFO: Run Behavior\ReadHtmlCacheBehavior [ RunTime:0.000000s ]
INFO: [ app_begin ] --END-- [ RunTime:0.000000s ]
SQL: SHOW COLUMNS FROM `tp_member` [ RunTime:0.0000s ]
SQL: SELECT * FROM `tp_member` WHERE `wxid` = 'oU3aduFLEAvEHn2MwbsvkGOPRrT0' LIMIT 1   [ RunTime:0.0000s ]
SQL: SHOW COLUMNS FROM `tp_qiandao` [ RunTime:0.0000s ]
SQL: SELECT * FROM `tp_qiandao` WHERE `uid` = 3 LIMIT 1   [ RunTime:0.0000s ]
SQL: UPDATE `tp_qiandao` SET `num`='7',`last_time`='1438876800' WHERE `uid` = 3 [ RunTime:0.0000s ]
NOTIC: [8] Undefined variable: add_point D:\kehu\mem\Member\Home\Controller\IndexController.class.php 第 106 行.
SQL: UPDATE `tp_member` SET `points`=points+13 WHERE `id` = 3 [ RunTime:0.0156s ]
SQL: SHOW COLUMNS FROM `tp_points` [ RunTime:0.0000s ]
SQL: INSERT INTO `tp_points` (`userid`,`points`,`status`) VALUES ('3','13','1') [ RunTime:0.0000s ]
INFO: [ app_end ] --START--
INFO: Run Behavior\ShowPageTraceBehavior [ RunTime:0.000000s ]
INFO: [ app_end ] --END-- [ RunTime:0.000000s ]

[ 2015-08-07T02:21:52+08:00 ] 140.207.54.77 /index.php/home/index/weixin?signature=5406ad57ae27c843d1bca4c3012c68ae66420536&timestamp=1438885312&nonce=1951627672
INFO: [ app_init ] --START--
INFO: Run Behavior\BuildLiteBehavior [ RunTime:0.000000s ]
INFO: [ app_init ] --END-- [ RunTime:0.000000s ]
INFO: [ app_begin ] --START--
INFO: Run Behavior\ReadHtmlCacheBehavior [ RunTime:0.000000s ]
INFO: [ app_begin ] --END-- [ RunTime:0.000000s ]
NOTIC: [8] Undefined variable: reply D:\kehu\mem\Member\Home\Controller\IndexController.class.php 第 117 行.
INFO: [ app_end ] --START--
INFO: Run Behavior\ShowPageTraceBehavior [ RunTime:0.000000s ]
INFO: [ app_end ] --END-- [ RunTime:0.000000s ]

[ 2015-08-07T02:21:56+08:00 ] 183.195.233.90 /
INFO: [ app_init ] --START--
INFO: Run Behavior\BuildLiteBehavior [ RunTime:0.000000s ]
INFO: [ app_init ] --END-- [ RunTime:0.000000s ]
INFO: [ app_begin ] --START--
INFO: Run Behavior\ReadHtmlCacheBehavior [ RunTime:0.000000s ]
INFO: [ app_begin ] --END-- [ RunTime:0.000000s ]
ERR: 非法操作:index

[ 2015-08-07T02:21:56+08:00 ] 101.226.125.108 /
INFO: [ app_init ] --START--
INFO: Run Behavior\BuildLiteBehavior [ RunTime:0.000000s ]
INFO: [ app_init ] --END-- [ RunTime:0.000000s ]
INFO: [ app_begin ] --START--
INFO: Run Behavior\ReadHtmlCacheBehavior [ RunTime:0.000000s ]
INFO: [ app_begin ] --END-- [ RunTime:0.000000s ]
ERR: 非法操作:index

[ 2015-08-07T02:21:57+08:00 ] 180.153.205.254 /index.php/home/index/info
INFO: [ app_init ] --START--
INFO: Run Behavior\BuildLiteBehavior [ RunTime:0.000000s ]
INFO: [ app_init ] --END-- [ RunTime:0.000000s ]
INFO: [ app_begin ] --START--
INFO: Run Behavior\ReadHtmlCacheBehavior [ RunTime:0.000000s ]
INFO: [ app_begin ] --END-- [ RunTime:0.000000s ]
NOTIC: [8] Undefined index: openid D:\kehu\mem\Member\Home\Controller\IndexController.class.php 第 262 行.
NOTIC: [8] Use of undefined constant CURL_SSLVERSION_TLSv1 - assumed 'CURL_SSLVERSION_TLSv1' D:\kehu\mem\Member\Home\Controller\IndexController.class.php 第 299 行.
NOTIC: [8] Use of undefined constant CURL_SSLVERSION_TLSv1 - assumed 'CURL_SSLVERSION_TLSv1' D:\kehu\mem\Member\Home\Controller\IndexController.class.php 第 299 行.
NOTIC: [8] Undefined index: sex D:\kehu\mem\Member\Home\Controller\IndexController.class.php 第 153 行.
NOTIC: [8] Undefined index: headimgurl D:\kehu\mem\Member\Home\Controller\IndexController.class.php 第 154 行.
SQL: SHOW COLUMNS FROM `tp_member` [ RunTime:0.0000s ]
SQL: SELECT * FROM `tp_member` WHERE `wxid` = '' LIMIT 1   [ RunTime:0.0000s ]

[ 2015-08-07T02:21:58+08:00 ] 101.226.125.113 /index.php/home/index/info
INFO: [ app_init ] --START--
INFO: Run Behavior\BuildLiteBehavior [ RunTime:0.000000s ]
INFO: [ app_init ] --END-- [ RunTime:0.000000s ]
INFO: [ app_begin ] --START--
INFO: Run Behavior\ReadHtmlCacheBehavior [ RunTime:0.000000s ]
INFO: [ app_begin ] --END-- [ RunTime:0.000000s ]
NOTIC: [8] Use of undefined constant CURL_SSLVERSION_TLSv1 - assumed 'CURL_SSLVERSION_TLSv1' D:\kehu\mem\Member\Home\Controller\IndexController.class.php 第 299 行.
NOTIC: [8] Use of undefined constant CURL_SSLVERSION_TLSv1 - assumed 'CURL_SSLVERSION_TLSv1' D:\kehu\mem\Member\Home\Controller\IndexController.class.php 第 299 行.
SQL: SHOW COLUMNS FROM `tp_member` [ RunTime:0.0156s ]
SQL: SELECT * FROM `tp_member` WHERE `wxid` = 'oU3aduFLEAvEHn2MwbsvkGOPRrT0' LIMIT 1   [ RunTime:0.0000s ]
SQL: UPDATE `tp_member` SET `headimg`='http://wx.qlogo.cn/mmopen/vwQ5VeFgEunfXDuQolB7P8MZRibxeHgTG7faevCgNg8462pvVN8ZpibvlebUA92iayfczxNsP6nSic6iajibf8wZJd8ZicAibNzWO3Pf/0' WHERE `wxid` = 'oU3aduFLEAvEHn2MwbsvkGOPRrT0' [ RunTime:0.0000s ]
SQL: SELECT * FROM `tp_member` WHERE `wxid` = 'oU3aduFLEAvEHn2MwbsvkGOPRrT0' LIMIT 1   [ RunTime:0.0000s ]
SQL: SELECT * FROM `tp_member` WHERE `wxid` = 'oU3aduFLEAvEHn2MwbsvkGOPRrT0' LIMIT 1   [ RunTime:0.0000s ]
SQL: SELECT * FROM `tp_member` WHERE `id` = 3 LIMIT 1   [ RunTime:0.0000s ]
INFO: [ view_parse ] --START--
INFO: [ template_filter ] --START--
INFO: Run Behavior\ContentReplaceBehavior [ RunTime:0.000000s ]
INFO: [ template_filter ] --END-- [ RunTime:0.000000s ]
INFO: Run Behavior\ParseTemplateBehavior [ RunTime:0.015626s ]
INFO: [ view_parse ] --END-- [ RunTime:0.015626s ]
INFO: [ view_filter ] --START--
INFO: Run Behavior\WriteHtmlCacheBehavior [ RunTime:0.000000s ]
INFO: [ view_filter ] --END-- [ RunTime:0.000000s ]
INFO: [ app_end ] --START--
INFO: Run Behavior\ShowPageTraceBehavior [ RunTime:0.015625s ]
INFO: [ app_end ] --END-- [ RunTime:0.015625s ]

[ 2015-08-07T02:22:24+08:00 ] 140.207.54.77 /index.php/home/index/weixin?signature=214877f74a05c44a29fd1c410065d4cc33ea0a26&timestamp=1438885344&nonce=501227454
INFO: [ app_init ] --START--
INFO: Run Behavior\BuildLiteBehavior [ RunTime:0.000000s ]
INFO: [ app_init ] --END-- [ RunTime:0.000000s ]
INFO: [ app_begin ] --START--
INFO: Run Behavior\ReadHtmlCacheBehavior [ RunTime:0.000000s ]
INFO: [ app_begin ] --END-- [ RunTime:0.000000s ]

[ 2015-08-07T02:35:16+08:00 ] 140.207.54.78 /index.php/home/index/weixin?signature=b9e2f2435365715aebdfe5c1e338446e3c830e18&timestamp=1438886116&nonce=1812178273
INFO: [ app_init ] --START--
INFO: Run Behavior\BuildLiteBehavior [ RunTime:0.000000s ]
INFO: [ app_init ] --END-- [ RunTime:0.000000s ]
INFO: [ app_begin ] --START--
INFO: Run Behavior\ReadHtmlCacheBehavior [ RunTime:0.000000s ]
INFO: [ app_begin ] --END-- [ RunTime:0.000000s ]
SQL: SHOW COLUMNS FROM `tp_member` [ RunTime:0.0000s ]
SQL: SELECT * FROM `tp_member` WHERE `wxid` = 'oU3aduNDygBykeKQRTpnlA-Et9ZQ' LIMIT 1   [ RunTime:0.0156s ]
SQL: SHOW COLUMNS FROM `tp_qiandao` [ RunTime:0.0000s ]
SQL: SELECT * FROM `tp_qiandao` WHERE `uid` = 2 LIMIT 1   [ RunTime:0.0000s ]
SQL: UPDATE `tp_qiandao` SET `num`='6',`last_time`='1438876800' WHERE `uid` = 2 [ RunTime:0.0000s ]
NOTIC: [8] Undefined variable: add_point D:\kehu\mem\Member\Home\Controller\IndexController.class.php 第 106 行.
SQL: UPDATE `tp_member` SET `points`=points+8 WHERE `id` = 2 [ RunTime:0.0000s ]
SQL: SHOW COLUMNS FROM `tp_points` [ RunTime:0.0000s ]
SQL: INSERT INTO `tp_points` (`userid`,`points`,`status`) VALUES ('2','8','1') [ RunTime:0.0000s ]
INFO: [ app_end ] --START--
INFO: Run Behavior\ShowPageTraceBehavior [ RunTime:0.000000s ]
INFO: [ app_end ] --END-- [ RunTime:0.000000s ]

[ 2015-08-07T02:35:16+08:00 ] 180.153.212.13 /index.php/home/index/weixin
INFO: [ app_init ] --START--
INFO: Run Behavior\BuildLiteBehavior [ RunTime:0.000000s ]
INFO: [ app_init ] --END-- [ RunTime:0.000000s ]
INFO: [ app_begin ] --START--
INFO: Run Behavior\ReadHtmlCacheBehavior [ RunTime:0.000000s ]
INFO: [ app_begin ] --END-- [ RunTime:0.000000s ]
NOTIC: [8] Undefined index: signature D:\kehu\mem\ThinkPHP\Library\Org\Util\Weixin.class.php 第 109 行.
NOTIC: [8] Undefined index: timestamp D:\kehu\mem\ThinkPHP\Library\Org\Util\Weixin.class.php 第 110 行.
NOTIC: [8] Undefined index: nonce D:\kehu\mem\ThinkPHP\Library\Org\Util\Weixin.class.php 第 111 行.

[ 2015-08-07T02:35:16+08:00 ] 180.153.206.13 /index.php/home/index/weixin
INFO: [ app_init ] --START--
INFO: Run Behavior\BuildLiteBehavior [ RunTime:0.000000s ]
INFO: [ app_init ] --END-- [ RunTime:0.000000s ]
INFO: [ app_begin ] --START--
INFO: Run Behavior\ReadHtmlCacheBehavior [ RunTime:0.000000s ]
INFO: [ app_begin ] --END-- [ RunTime:0.000000s ]
NOTIC: [8] Undefined index: signature D:\kehu\mem\ThinkPHP\Library\Org\Util\Weixin.class.php 第 109 行.
NOTIC: [8] Undefined index: timestamp D:\kehu\mem\ThinkPHP\Library\Org\Util\Weixin.class.php 第 110 行.
NOTIC: [8] Undefined index: nonce D:\kehu\mem\ThinkPHP\Library\Org\Util\Weixin.class.php 第 111 行.

[ 2015-08-07T02:35:19+08:00 ] 140.207.54.78 /index.php/home/index/weixin?signature=60a2c70ec9fcb2a25f78202c0ea813923812ef50&timestamp=1438886119&nonce=508147020
INFO: [ app_init ] --START--
INFO: Run Behavior\BuildLiteBehavior [ RunTime:0.000000s ]
INFO: [ app_init ] --END-- [ RunTime:0.000000s ]
INFO: [ app_begin ] --START--
INFO: Run Behavior\ReadHtmlCacheBehavior [ RunTime:0.000000s ]
INFO: [ app_begin ] --END-- [ RunTime:0.000000s ]

[ 2015-08-07T02:35:20+08:00 ] 101.226.125.114 /index.php/home/index/info
INFO: [ app_init ] --START--
INFO: Run Behavior\BuildLiteBehavior [ RunTime:0.000000s ]
INFO: [ app_init ] --END-- [ RunTime:0.000000s ]
INFO: [ app_begin ] --START--
INFO: Run Behavior\ReadHtmlCacheBehavior [ RunTime:0.000000s ]
INFO: [ app_begin ] --END-- [ RunTime:0.000000s ]
NOTIC: [8] Use of undefined constant CURL_SSLVERSION_TLSv1 - assumed 'CURL_SSLVERSION_TLSv1' D:\kehu\mem\Member\Home\Controller\IndexController.class.php 第 299 行.
NOTIC: [8] Use of undefined constant CURL_SSLVERSION_TLSv1 - assumed 'CURL_SSLVERSION_TLSv1' D:\kehu\mem\Member\Home\Controller\IndexController.class.php 第 299 行.
SQL: SHOW COLUMNS FROM `tp_member` [ RunTime:0.0000s ]
SQL: SELECT * FROM `tp_member` WHERE `wxid` = 'oU3aduNDygBykeKQRTpnlA-Et9ZQ' LIMIT 1   [ RunTime:0.0000s ]
SQL: UPDATE `tp_member` SET `headimg`='http://wx.qlogo.cn/mmopen/ajNVdqHZLLA1zrnSLbibCBu5jjN9jZXhD6ZGHvw3scFibKMib5yetXzn89rZ4mZlzyBEhw1qCgXJ3DZCiauELg8vYA/0' WHERE `wxid` = 'oU3aduNDygBykeKQRTpnlA-Et9ZQ' [ RunTime:0.0000s ]
SQL: SELECT * FROM `tp_member` WHERE `wxid` = 'oU3aduNDygBykeKQRTpnlA-Et9ZQ' LIMIT 1   [ RunTime:0.0000s ]
SQL: SELECT * FROM `tp_member` WHERE `wxid` = 'oU3aduNDygBykeKQRTpnlA-Et9ZQ' LIMIT 1   [ RunTime:0.0000s ]
SQL: SELECT * FROM `tp_member` WHERE `id` = 2 LIMIT 1   [ RunTime:0.0000s ]
INFO: [ view_parse ] --START--
INFO: [ template_filter ] --START--
INFO: Run Behavior\ContentReplaceBehavior [ RunTime:0.000000s ]
INFO: [ template_filter ] --END-- [ RunTime:0.000000s ]
INFO: Run Behavior\ParseTemplateBehavior [ RunTime:0.031250s ]
INFO: [ view_parse ] --END-- [ RunTime:0.031250s ]
INFO: [ view_filter ] --START--
INFO: Run Behavior\WriteHtmlCacheBehavior [ RunTime:0.000000s ]
INFO: [ view_filter ] --END-- [ RunTime:0.000000s ]
INFO: [ app_end ] --START--
INFO: Run Behavior\ShowPageTraceBehavior [ RunTime:0.000000s ]
INFO: [ app_end ] --END-- [ RunTime:0.000000s ]

[ 2015-08-07T02:35:29+08:00 ] 140.207.54.78 /index.php/home/index/weixin?signature=d3e030bd57f55fba4a7d33ec7d442dc10dfc09d3&timestamp=1438886129&nonce=1994137649
INFO: [ app_init ] --START--
INFO: Run Behavior\BuildLiteBehavior [ RunTime:0.000000s ]
INFO: [ app_init ] --END-- [ RunTime:0.000000s ]
INFO: [ app_begin ] --START--
INFO: Run Behavior\ReadHtmlCacheBehavior [ RunTime:0.000000s ]
INFO: [ app_begin ] --END-- [ RunTime:0.000000s ]
NOTIC: [8] Undefined variable: reply D:\kehu\mem\Member\Home\Controller\IndexController.class.php 第 117 行.
INFO: [ app_end ] --START--
INFO: Run Behavior\ShowPageTraceBehavior [ RunTime:0.000000s ]
INFO: [ app_end ] --END-- [ RunTime:0.000000s ]

[ 2015-08-07T02:35:29+08:00 ] 101.226.125.114 /index.php/home/index/baoming
INFO: [ app_init ] --START--
INFO: Run Behavior\BuildLiteBehavior [ RunTime:0.000000s ]
INFO: [ app_init ] --END-- [ RunTime:0.000000s ]
INFO: [ app_begin ] --START--
INFO: Run Behavior\ReadHtmlCacheBehavior [ RunTime:0.000000s ]
INFO: [ app_begin ] --END-- [ RunTime:0.000000s ]
SQL: SHOW COLUMNS FROM `tp_activity` [ RunTime:0.0000s ]
SQL: SELECT * FROM `tp_activity` WHERE `createtime` <= '2015-08-07' AND `endtime` >= '2015-08-07' LIMIT 10   [ RunTime:0.0000s ]
INFO: [ view_parse ] --START--
INFO: [ template_filter ] --START--
INFO: Run Behavior\ContentReplaceBehavior [ RunTime:0.000000s ]
INFO: [ template_filter ] --END-- [ RunTime:0.000000s ]
INFO: Run Behavior\ParseTemplateBehavior [ RunTime:0.015626s ]
INFO: [ view_parse ] --END-- [ RunTime:0.015626s ]
INFO: [ view_filter ] --START--
INFO: Run Behavior\WriteHtmlCacheBehavior [ RunTime:0.000000s ]
INFO: [ view_filter ] --END-- [ RunTime:0.000000s ]
INFO: [ app_end ] --START--
INFO: Run Behavior\ShowPageTraceBehavior [ RunTime:0.000000s ]
INFO: [ app_end ] --END-- [ RunTime:0.000000s ]

[ 2015-08-07T02:35:29+08:00 ] 101.226.65.104 /index.php/home/index/baoming
INFO: [ app_init ] --START--
INFO: Run Behavior\BuildLiteBehavior [ RunTime:0.000000s ]
INFO: [ app_init ] --END-- [ RunTime:0.000000s ]
INFO: [ app_begin ] --START--
INFO: Run Behavior\ReadHtmlCacheBehavior [ RunTime:0.000000s ]
INFO: [ app_begin ] --END-- [ RunTime:0.000000s ]
SQL: SHOW COLUMNS FROM `tp_activity` [ RunTime:0.0000s ]
SQL: SELECT * FROM `tp_activity` WHERE `createtime` <= '2015-08-07' AND `endtime` >= '2015-08-07' LIMIT 10   [ RunTime:0.0156s ]
INFO: [ view_parse ] --START--
INFO: [ template_filter ] --START--
INFO: Run Behavior\ContentReplaceBehavior [ RunTime:0.000000s ]
INFO: [ template_filter ] --END-- [ RunTime:0.000000s ]
INFO: Run Behavior\ParseTemplateBehavior [ RunTime:0.015625s ]
INFO: [ view_parse ] --END-- [ RunTime:0.015625s ]
INFO: [ view_filter ] --START--
INFO: Run Behavior\WriteHtmlCacheBehavior [ RunTime:0.000000s ]
INFO: [ view_filter ] --END-- [ RunTime:0.000000s ]
INFO: [ app_end ] --START--
INFO: Run Behavior\ShowPageTraceBehavior [ RunTime:0.000000s ]
INFO: [ app_end ] --END-- [ RunTime:0.000000s ]

[ 2015-08-07T02:35:32+08:00 ] 101.226.93.233 /index.php/home/index/baoming
INFO: [ app_init ] --START--
INFO: Run Behavior\BuildLiteBehavior [ RunTime:0.000000s ]
INFO: [ app_init ] --END-- [ RunTime:0.000000s ]
INFO: [ app_begin ] --START--
INFO: Run Behavior\ReadHtmlCacheBehavior [ RunTime:0.000000s ]
INFO: [ app_begin ] --END-- [ RunTime:0.000000s ]
SQL: SHOW COLUMNS FROM `tp_activity` [ RunTime:0.0000s ]
SQL: SELECT * FROM `tp_activity` WHERE `createtime` <= '2015-08-07' AND `endtime` >= '2015-08-07' LIMIT 10   [ RunTime:0.0000s ]
INFO: [ view_parse ] --START--
INFO: [ template_filter ] --START--
INFO: Run Behavior\ContentReplaceBehavior [ RunTime:0.000000s ]
INFO: [ template_filter ] --END-- [ RunTime:0.000000s ]
INFO: Run Behavior\ParseTemplateBehavior [ RunTime:0.015625s ]
INFO: [ view_parse ] --END-- [ RunTime:0.015625s ]
INFO: [ view_filter ] --START--
INFO: Run Behavior\WriteHtmlCacheBehavior [ RunTime:0.000000s ]
INFO: [ view_filter ] --END-- [ RunTime:0.000000s ]
INFO: [ app_end ] --START--
INFO: Run Behavior\ShowPageTraceBehavior [ RunTime:0.000000s ]
INFO: [ app_end ] --END-- [ RunTime:0.000000s ]

[ 2015-08-07T02:35:37+08:00 ] 140.207.54.78 /index.php/home/index/weixin?signature=845ffa5805e637f070c8b3312b8db3aed447bf18&timestamp=1438886137&nonce=867762998
INFO: [ app_init ] --START--
INFO: Run Behavior\BuildLiteBehavior [ RunTime:0.000000s ]
INFO: [ app_init ] --END-- [ RunTime:0.000000s ]
INFO: [ app_begin ] --START--
INFO: Run Behavior\ReadHtmlCacheBehavior [ RunTime:0.000000s ]
INFO: [ app_begin ] --END-- [ RunTime:0.000000s ]

[ 2015-08-07T02:36:35+08:00 ] 140.207.54.78 /index.php/home/index/weixin?signature=6ade4f906db29f6bf1e586161db88cf30b339ddd&timestamp=1438886195&nonce=391926895
INFO: [ app_init ] --START--
INFO: Run Behavior\BuildLiteBehavior [ RunTime:0.000000s ]
INFO: [ app_init ] --END-- [ RunTime:0.015625s ]
INFO: [ app_begin ] --START--
INFO: Run Behavior\ReadHtmlCacheBehavior [ RunTime:0.000000s ]
INFO: [ app_begin ] --END-- [ RunTime:0.000000s ]

[ 2015-08-07T08:57:15+08:00 ] 121.42.0.14 /
INFO: [ app_init ] --START--
INFO: Run Behavior\BuildLiteBehavior [ RunTime:0.000000s ]
INFO: [ app_init ] --END-- [ RunTime:0.000000s ]
INFO: [ app_begin ] --START--
INFO: Run Behavior\ReadHtmlCacheBehavior [ RunTime:0.000000s ]
INFO: [ app_begin ] --END-- [ RunTime:0.000000s ]
ERR: 非法操作:index

[ 2015-08-07T09:07:56+08:00 ] 140.207.54.78 /index.php/home/index/weixin?signature=94d92c76963dc0b62cb221cdd2ad43d76824d806&timestamp=1438909676&nonce=1343817775
INFO: [ app_init ] --START--
INFO: Run Behavior\BuildLiteBehavior [ RunTime:0.000000s ]
INFO: [ app_init ] --END-- [ RunTime:0.000000s ]
INFO: [ app_begin ] --START--
INFO: Run Behavior\ReadHtmlCacheBehavior [ RunTime:0.000000s ]
INFO: [ app_begin ] --END-- [ RunTime:0.000000s ]
SQL: SHOW COLUMNS FROM `tp_member` [ RunTime:0.0000s ]
SQL: SELECT * FROM `tp_member` WHERE `wxid` = 'oU3aduBEoLgvsaHj7drgL9lNJsv4' LIMIT 1   [ RunTime:0.0000s ]
SQL: SHOW COLUMNS FROM `tp_qiandao` [ RunTime:0.0000s ]
SQL: SELECT * FROM `tp_qiandao` WHERE `uid` = 25 LIMIT 1   [ RunTime:0.0000s ]
SQL: UPDATE `tp_qiandao` SET `num`='1',`last_time`='1438876800' WHERE `uid` = 25 [ RunTime:0.0000s ]
NOTIC: [8] Undefined variable: add_point D:\kehu\mem\Member\Home\Controller\IndexController.class.php 第 106 行.
SQL: UPDATE `tp_member` SET `points`=points+1 WHERE `id` = 25 [ RunTime:0.0156s ]
SQL: SHOW COLUMNS FROM `tp_points` [ RunTime:0.0000s ]
SQL: INSERT INTO `tp_points` (`userid`,`points`,`status`) VALUES ('25','1','1') [ RunTime:0.0000s ]
INFO: [ app_end ] --START--
INFO: Run Behavior\ShowPageTraceBehavior [ RunTime:0.000000s ]
INFO: [ app_end ] --END-- [ RunTime:0.000000s ]

[ 2015-08-07T11:47:19+08:00 ] 140.207.54.78 /index.php/home/index/weixin?signature=a1b923633777647a2927d329e07052c695ae7f78&timestamp=1438919239&nonce=2042253976
INFO: [ app_init ] --START--
INFO: Run Behavior\BuildLiteBehavior [ RunTime:0.000000s ]
INFO: [ app_init ] --END-- [ RunTime:0.000000s ]
INFO: [ app_begin ] --START--
INFO: Run Behavior\ReadHtmlCacheBehavior [ RunTime:0.000000s ]
INFO: [ app_begin ] --END-- [ RunTime:0.000000s ]
SQL: SHOW COLUMNS FROM `tp_member` [ RunTime:0.0156s ]
SQL: SELECT * FROM `tp_member` WHERE `wxid` = 'oU3aduIBkKpSnVSHtauxIATE8f64' LIMIT 1   [ RunTime:0.0000s ]
SQL: SHOW COLUMNS FROM `tp_qiandao` [ RunTime:0.0000s ]
SQL: SELECT * FROM `tp_qiandao` WHERE `uid` = 27 LIMIT 1   [ RunTime:0.0000s ]
SQL: UPDATE `tp_qiandao` SET `num`='5',`last_time`='1438876800' WHERE `uid` = 27 [ RunTime:0.0000s ]
NOTIC: [8] Undefined variable: add_point D:\kehu\mem\Member\Home\Controller\IndexController.class.php 第 106 行.
SQL: UPDATE `tp_member` SET `points`=points+5 WHERE `id` = 27 [ RunTime:0.0000s ]
SQL: SHOW COLUMNS FROM `tp_points` [ RunTime:0.0000s ]
SQL: INSERT INTO `tp_points` (`userid`,`points`,`status`) VALUES ('27','5','1') [ RunTime:0.0000s ]
INFO: [ app_end ] --START--
INFO: Run Behavior\ShowPageTraceBehavior [ RunTime:0.000000s ]
INFO: [ app_end ] --END-- [ RunTime:0.000000s ]

[ 2015-08-07T11:47:19+08:00 ] 140.207.54.78 /index.php/home/index/weixin?signature=6a9c80c3e0a159184c7447051f025953e1f2ac47&timestamp=1438919239&nonce=1354827681
INFO: [ app_init ] --START--
INFO: Run Behavior\BuildLiteBehavior [ RunTime:0.000000s ]
INFO: [ app_init ] --END-- [ RunTime:0.000000s ]
INFO: [ app_begin ] --START--
INFO: Run Behavior\ReadHtmlCacheBehavior [ RunTime:0.000000s ]
INFO: [ app_begin ] --END-- [ RunTime:0.000000s ]
SQL: SHOW COLUMNS FROM `tp_member` [ RunTime:0.0156s ]
SQL: SELECT * FROM `tp_member` WHERE `wxid` = 'oU3aduIBkKpSnVSHtauxIATE8f64' LIMIT 1   [ RunTime:0.0000s ]
SQL: SHOW COLUMNS FROM `tp_qiandao` [ RunTime:0.0000s ]
SQL: SELECT * FROM `tp_qiandao` WHERE `uid` = 27 LIMIT 1   [ RunTime:0.0000s ]
INFO: [ app_end ] --START--
INFO: Run Behavior\ShowPageTraceBehavior [ RunTime:0.000000s ]
INFO: [ app_end ] --END-- [ RunTime:0.000000s ]

[ 2015-08-07T11:47:19+08:00 ] 140.207.54.78 /index.php/home/index/weixin?signature=70ff6345ae0356ec5c9f7af769982ef7157386fc&timestamp=1438919239&nonce=1792733618
INFO: [ app_init ] --START--
INFO: Run Behavior\BuildLiteBehavior [ RunTime:0.000000s ]
INFO: [ app_init ] --END-- [ RunTime:0.000000s ]
INFO: [ app_begin ] --START--
INFO: Run Behavior\ReadHtmlCacheBehavior [ RunTime:0.000000s ]
INFO: [ app_begin ] --END-- [ RunTime:0.000000s ]
SQL: SHOW COLUMNS FROM `tp_member` [ RunTime:0.0000s ]
SQL: SELECT * FROM `tp_member` WHERE `wxid` = 'oU3aduIBkKpSnVSHtauxIATE8f64' LIMIT 1   [ RunTime:0.0000s ]
SQL: SHOW COLUMNS FROM `tp_qiandao` [ RunTime:0.0000s ]
SQL: SELECT * FROM `tp_qiandao` WHERE `uid` = 27 LIMIT 1   [ RunTime:0.0000s ]
INFO: [ app_end ] --START--
INFO: Run Behavior\ShowPageTraceBehavior [ RunTime:0.000000s ]
INFO: [ app_end ] --END-- [ RunTime:0.000000s ]

[ 2015-08-07T14:30:08+08:00 ] 140.207.54.78 /index.php/home/index/weixin?signature=a1ccd7c87394936472f7b39d1d126f02d77041c9&timestamp=1438929008&nonce=44418930
INFO: [ app_init ] --START--
INFO: Run Behavior\BuildLiteBehavior [ RunTime:0.000000s ]
INFO: [ app_init ] --END-- [ RunTime:0.000000s ]
INFO: [ app_begin ] --START--
INFO: Run Behavior\ReadHtmlCacheBehavior [ RunTime:0.000000s ]
INFO: [ app_begin ] --END-- [ RunTime:0.000000s ]

[ 2015-08-07T14:30:10+08:00 ] 101.226.125.114 /index.php/home/index/info
INFO: [ app_init ] --START--
INFO: Run Behavior\BuildLiteBehavior [ RunTime:0.000000s ]
INFO: [ app_init ] --END-- [ RunTime:0.000000s ]
INFO: [ app_begin ] --START--
INFO: Run Behavior\ReadHtmlCacheBehavior [ RunTime:0.000000s ]
INFO: [ app_begin ] --END-- [ RunTime:0.000000s ]
NOTIC: [8] Use of undefined constant CURL_SSLVERSION_TLSv1 - assumed 'CURL_SSLVERSION_TLSv1' D:\kehu\mem\Member\Home\Controller\IndexController.class.php 第 299 行.
NOTIC: [8] Use of undefined constant CURL_SSLVERSION_TLSv1 - assumed 'CURL_SSLVERSION_TLSv1' D:\kehu\mem\Member\Home\Controller\IndexController.class.php 第 299 行.
SQL: SHOW COLUMNS FROM `tp_member` [ RunTime:0.0000s ]
SQL: SELECT * FROM `tp_member` WHERE `wxid` = 'oU3aduNDygBykeKQRTpnlA-Et9ZQ' LIMIT 1   [ RunTime:0.0000s ]
SQL: UPDATE `tp_member` SET `headimg`='http://wx.qlogo.cn/mmopen/ajNVdqHZLLA1zrnSLbibCBu5jjN9jZXhD6ZGHvw3scFibKMib5yetXzn89rZ4mZlzyBEhw1qCgXJ3DZCiauELg8vYA/0' WHERE `wxid` = 'oU3aduNDygBykeKQRTpnlA-Et9ZQ' [ RunTime:0.0000s ]
SQL: SELECT * FROM `tp_member` WHERE `wxid` = 'oU3aduNDygBykeKQRTpnlA-Et9ZQ' LIMIT 1   [ RunTime:0.0000s ]
SQL: SELECT * FROM `tp_member` WHERE `wxid` = 'oU3aduNDygBykeKQRTpnlA-Et9ZQ' LIMIT 1   [ RunTime:0.0000s ]
SQL: SELECT * FROM `tp_member` WHERE `id` = 2 LIMIT 1   [ RunTime:0.0000s ]
INFO: [ view_parse ] --START--
INFO: [ template_filter ] --START--
INFO: Run Behavior\ContentReplaceBehavior [ RunTime:0.000000s ]
INFO: [ template_filter ] --END-- [ RunTime:0.000000s ]
INFO: Run Behavior\ParseTemplateBehavior [ RunTime:0.078127s ]
INFO: [ view_parse ] --END-- [ RunTime:0.078127s ]
INFO: [ view_filter ] --START--
INFO: Run Behavior\WriteHtmlCacheBehavior [ RunTime:0.015625s ]
INFO: [ view_filter ] --END-- [ RunTime:0.015625s ]
INFO: [ app_end ] --START--
INFO: Run Behavior\ShowPageTraceBehavior [ RunTime:0.000000s ]
INFO: [ app_end ] --END-- [ RunTime:0.000000s ]

[ 2015-08-07T14:30:18+08:00 ] 101.226.125.114 /index.php/home/index/baoming
INFO: [ app_init ] --START--
INFO: Run Behavior\BuildLiteBehavior [ RunTime:0.000000s ]
INFO: [ app_init ] --END-- [ RunTime:0.000000s ]
INFO: [ app_begin ] --START--
INFO: Run Behavior\ReadHtmlCacheBehavior [ RunTime:0.000000s ]
INFO: [ app_begin ] --END-- [ RunTime:0.000000s ]
SQL: SHOW COLUMNS FROM `tp_activity` [ RunTime:0.0313s ]
SQL: SELECT * FROM `tp_activity` WHERE `createtime` <= '2015-08-07' AND `endtime` >= '2015-08-07' LIMIT 10   [ RunTime:0.0000s ]
INFO: [ view_parse ] --START--
INFO: [ template_filter ] --START--
INFO: Run Behavior\ContentReplaceBehavior [ RunTime:0.000000s ]
INFO: [ template_filter ] --END-- [ RunTime:0.000000s ]
INFO: Run Behavior\ParseTemplateBehavior [ RunTime:0.031251s ]
INFO: [ view_parse ] --END-- [ RunTime:0.031251s ]
INFO: [ view_filter ] --START--
INFO: Run Behavior\WriteHtmlCacheBehavior [ RunTime:0.000000s ]
INFO: [ view_filter ] --END-- [ RunTime:0.000000s ]
INFO: [ app_end ] --START--
INFO: Run Behavior\ShowPageTraceBehavior [ RunTime:0.000000s ]
INFO: [ app_end ] --END-- [ RunTime:0.000000s ]

[ 2015-08-07T14:30:18+08:00 ] 140.207.54.77 /index.php/home/index/weixin?signature=4b743b24338fbeb6633320112912d5695c05d712&timestamp=1438929018&nonce=771778021
INFO: [ app_init ] --START--
INFO: Run Behavior\BuildLiteBehavior [ RunTime:0.000000s ]
INFO: [ app_init ] --END-- [ RunTime:0.000000s ]
INFO: [ app_begin ] --START--
INFO: Run Behavior\ReadHtmlCacheBehavior [ RunTime:0.000000s ]
INFO: [ app_begin ] --END-- [ RunTime:0.000000s ]

[ 2015-08-07T14:30:19+08:00 ] 140.207.54.180 /
INFO: [ app_init ] --START--
INFO: Run Behavior\BuildLiteBehavior [ RunTime:0.000000s ]
INFO: [ app_init ] --END-- [ RunTime:0.000000s ]
INFO: [ app_begin ] --START--
INFO: Run Behavior\ReadHtmlCacheBehavior [ RunTime:0.000000s ]
INFO: [ app_begin ] --END-- [ RunTime:0.000000s ]
ERR: 非法操作:index

[ 2015-08-07T15:44:45+08:00 ] 140.207.54.77 /index.php/home/index/weixin?signature=3d3da60499ea8d57b8b027b06a4c27fe236edf74&timestamp=1438933485&nonce=253871031
INFO: [ app_init ] --START--
INFO: Run Behavior\BuildLiteBehavior [ RunTime:0.000000s ]
INFO: [ app_init ] --END-- [ RunTime:0.000000s ]
INFO: [ app_begin ] --START--
INFO: Run Behavior\ReadHtmlCacheBehavior [ RunTime:0.000000s ]
INFO: [ app_begin ] --END-- [ RunTime:0.000000s ]

[ 2015-08-07T15:44:46+08:00 ] 140.246.109.48 /index.php/home/index/baoming
INFO: [ app_init ] --START--
INFO: Run Behavior\BuildLiteBehavior [ RunTime:0.000000s ]
INFO: [ app_init ] --END-- [ RunTime:0.000000s ]
INFO: [ app_begin ] --START--
INFO: Run Behavior\ReadHtmlCacheBehavior [ RunTime:0.000000s ]
INFO: [ app_begin ] --END-- [ RunTime:0.000000s ]
SQL: SHOW COLUMNS FROM `tp_activity` [ RunTime:0.0000s ]
SQL: SELECT * FROM `tp_activity` WHERE `createtime` <= '2015-08-07' AND `endtime` >= '2015-08-07' LIMIT 10   [ RunTime:0.0000s ]
INFO: [ view_parse ] --START--
INFO: [ template_filter ] --START--
INFO: Run Behavior\ContentReplaceBehavior [ RunTime:0.000000s ]
INFO: [ template_filter ] --END-- [ RunTime:0.000000s ]
INFO: Run Behavior\ParseTemplateBehavior [ RunTime:0.015625s ]
INFO: [ view_parse ] --END-- [ RunTime:0.015625s ]
INFO: [ view_filter ] --START--
INFO: Run Behavior\WriteHtmlCacheBehavior [ RunTime:0.000000s ]
INFO: [ view_filter ] --END-- [ RunTime:0.000000s ]
INFO: [ app_end ] --START--
INFO: Run Behavior\ShowPageTraceBehavior [ RunTime:0.000000s ]
INFO: [ app_end ] --END-- [ RunTime:0.000000s ]

[ 2015-08-07T15:45:13+08:00 ] 140.246.109.48 /index.php/home/index/baoming
INFO: [ app_init ] --START--
INFO: Run Behavior\BuildLiteBehavior [ RunTime:0.000000s ]
INFO: [ app_init ] --END-- [ RunTime:0.000000s ]
INFO: [ app_begin ] --START--
INFO: Run Behavior\ReadHtmlCacheBehavior [ RunTime:0.000000s ]
INFO: [ app_begin ] --END-- [ RunTime:0.000000s ]
SQL: SHOW COLUMNS FROM `tp_activity` [ RunTime:0.0000s ]
SQL: SELECT * FROM `tp_activity` WHERE `createtime` <= '2015-08-07' AND `endtime` >= '2015-08-07' LIMIT 10   [ RunTime:0.0000s ]
INFO: [ view_parse ] --START--
INFO: [ template_filter ] --START--
INFO: Run Behavior\ContentReplaceBehavior [ RunTime:0.000000s ]
INFO: [ template_filter ] --END-- [ RunTime:0.000000s ]
INFO: Run Behavior\ParseTemplateBehavior [ RunTime:0.000000s ]
INFO: [ view_parse ] --END-- [ RunTime:0.000000s ]
INFO: [ view_filter ] --START--
INFO: Run Behavior\WriteHtmlCacheBehavior [ RunTime:0.000000s ]
INFO: [ view_filter ] --END-- [ RunTime:0.000000s ]
INFO: [ app_end ] --START--
INFO: Run Behavior\ShowPageTraceBehavior [ RunTime:0.000000s ]
INFO: [ app_end ] --END-- [ RunTime:0.000000s ]

[ 2015-08-07T15:45:15+08:00 ] 140.246.109.48 /index.php/home/index/baoming
INFO: [ app_init ] --START--
INFO: Run Behavior\BuildLiteBehavior [ RunTime:0.000000s ]
INFO: [ app_init ] --END-- [ RunTime:0.000000s ]
INFO: [ app_begin ] --START--
INFO: Run Behavior\ReadHtmlCacheBehavior [ RunTime:0.015626s ]
INFO: [ app_begin ] --END-- [ RunTime:0.015626s ]
SQL: SHOW COLUMNS FROM `tp_activity` [ RunTime:0.0000s ]
SQL: SELECT * FROM `tp_activity` WHERE `createtime` <= '2015-08-07' AND `endtime` >= '2015-08-07' LIMIT 10   [ RunTime:0.0000s ]
INFO: [ view_parse ] --START--
INFO: [ template_filter ] --START--
INFO: Run Behavior\ContentReplaceBehavior [ RunTime:0.000000s ]
INFO: [ template_filter ] --END-- [ RunTime:0.000000s ]
INFO: Run Behavior\ParseTemplateBehavior [ RunTime:0.015626s ]
INFO: [ view_parse ] --END-- [ RunTime:0.015626s ]
INFO: [ view_filter ] --START--
INFO: Run Behavior\WriteHtmlCacheBehavior [ RunTime:0.000000s ]
INFO: [ view_filter ] --END-- [ RunTime:0.000000s ]
INFO: [ app_end ] --START--
INFO: Run Behavior\ShowPageTraceBehavior [ RunTime:0.000000s ]
INFO: [ app_end ] --END-- [ RunTime:0.000000s ]

[ 2015-08-07T15:46:20+08:00 ] 140.246.109.48 /index.php/home/index/baoming
INFO: [ app_init ] --START--
INFO: Run Behavior\BuildLiteBehavior [ RunTime:0.000000s ]
INFO: [ app_init ] --END-- [ RunTime:0.000000s ]
INFO: [ app_begin ] --START--
INFO: Run Behavior\ReadHtmlCacheBehavior [ RunTime:0.000000s ]
INFO: [ app_begin ] --END-- [ RunTime:0.000000s ]
SQL: SHOW COLUMNS FROM `tp_activity` [ RunTime:0.0000s ]
SQL: SELECT * FROM `tp_activity` WHERE `createtime` <= '2015-08-07' AND `endtime` >= '2015-08-07' LIMIT 10   [ RunTime:0.0000s ]
INFO: [ view_parse ] --START--
INFO: [ template_filter ] --START--
INFO: Run Behavior\ContentReplaceBehavior [ RunTime:0.000000s ]
INFO: [ template_filter ] --END-- [ RunTime:0.000000s ]
INFO: Run Behavior\ParseTemplateBehavior [ RunTime:0.015625s ]
INFO: [ view_parse ] --END-- [ RunTime:0.015625s ]
INFO: [ view_filter ] --START--
INFO: Run Behavior\WriteHtmlCacheBehavior [ RunTime:0.000000s ]
INFO: [ view_filter ] --END-- [ RunTime:0.000000s ]
INFO: [ app_end ] --START--
INFO: Run Behavior\ShowPageTraceBehavior [ RunTime:0.000000s ]
INFO: [ app_end ] --END-- [ RunTime:0.000000s ]

[ 2015-08-07T15:48:50+08:00 ] 140.246.109.48 /index.php/home/index/baoming
INFO: [ app_init ] --START--
INFO: Run Behavior\BuildLiteBehavior [ RunTime:0.000000s ]
INFO: [ app_init ] --END-- [ RunTime:0.000000s ]
INFO: [ app_begin ] --START--
INFO: Run Behavior\ReadHtmlCacheBehavior [ RunTime:0.000000s ]
INFO: [ app_begin ] --END-- [ RunTime:0.000000s ]
SQL: SHOW COLUMNS FROM `tp_activity` [ RunTime:0.0000s ]
SQL: SELECT * FROM `tp_activity` WHERE `createtime` <= '2015-08-07' AND `endtime` >= '2015-08-07' LIMIT 10   [ RunTime:0.0000s ]
INFO: [ view_parse ] --START--
INFO: [ template_filter ] --START--
INFO: Run Behavior\ContentReplaceBehavior [ RunTime:0.000000s ]
INFO: [ template_filter ] --END-- [ RunTime:0.000000s ]
INFO: Run Behavior\ParseTemplateBehavior [ RunTime:0.015626s ]
INFO: [ view_parse ] --END-- [ RunTime:0.015626s ]
INFO: [ view_filter ] --START--
INFO: Run Behavior\WriteHtmlCacheBehavior [ RunTime:0.000000s ]
INFO: [ view_filter ] --END-- [ RunTime:0.000000s ]
INFO: [ app_end ] --START--
INFO: Run Behavior\ShowPageTraceBehavior [ RunTime:0.000000s ]
INFO: [ app_end ] --END-- [ RunTime:0.000000s ]

[ 2015-08-07T15:48:52+08:00 ] 140.246.109.48 /index.php/home/index/baoming
INFO: [ app_init ] --START--
INFO: Run Behavior\BuildLiteBehavior [ RunTime:0.000000s ]
INFO: [ app_init ] --END-- [ RunTime:0.000000s ]
INFO: [ app_begin ] --START--
INFO: Run Behavior\ReadHtmlCacheBehavior [ RunTime:0.000000s ]
INFO: [ app_begin ] --END-- [ RunTime:0.000000s ]
SQL: SHOW COLUMNS FROM `tp_activity` [ RunTime:0.0000s ]
SQL: SELECT * FROM `tp_activity` WHERE `createtime` <= '2015-08-07' AND `endtime` >= '2015-08-07' LIMIT 10   [ RunTime:0.0000s ]
INFO: [ view_parse ] --START--
INFO: [ template_filter ] --START--
INFO: Run Behavior\ContentReplaceBehavior [ RunTime:0.000000s ]
INFO: [ template_filter ] --END-- [ RunTime:0.000000s ]
INFO: Run Behavior\ParseTemplateBehavior [ RunTime:0.015625s ]
INFO: [ view_parse ] --END-- [ RunTime:0.015625s ]
INFO: [ view_filter ] --START--
INFO: Run Behavior\WriteHtmlCacheBehavior [ RunTime:0.000000s ]
INFO: [ view_filter ] --END-- [ RunTime:0.000000s ]
INFO: [ app_end ] --START--
INFO: Run Behavior\ShowPageTraceBehavior [ RunTime:0.000000s ]
INFO: [ app_end ] --END-- [ RunTime:0.000000s ]

[ 2015-08-07T15:49:19+08:00 ] 140.246.109.48 /index.php/home/index/baoming
INFO: [ app_init ] --START--
INFO: Run Behavior\BuildLiteBehavior [ RunTime:0.000000s ]
INFO: [ app_init ] --END-- [ RunTime:0.000000s ]
INFO: [ app_begin ] --START--
INFO: Run Behavior\ReadHtmlCacheBehavior [ RunTime:0.000000s ]
INFO: [ app_begin ] --END-- [ RunTime:0.000000s ]
SQL: SHOW COLUMNS FROM `tp_activity` [ RunTime:0.0000s ]
SQL: SELECT * FROM `tp_activity` WHERE `createtime` <= '2015-08-07' AND `endtime` >= '2015-08-07' LIMIT 10   [ RunTime:0.0000s ]
INFO: [ view_parse ] --START--
INFO: [ template_filter ] --START--
INFO: Run Behavior\ContentReplaceBehavior [ RunTime:0.000000s ]
INFO: [ template_filter ] --END-- [ RunTime:0.000000s ]
INFO: Run Behavior\ParseTemplateBehavior [ RunTime:0.031251s ]
INFO: [ view_parse ] --END-- [ RunTime:0.031251s ]
INFO: [ view_filter ] --START--
INFO: Run Behavior\WriteHtmlCacheBehavior [ RunTime:0.000000s ]
INFO: [ view_filter ] --END-- [ RunTime:0.000000s ]
INFO: [ app_end ] --START--
INFO: Run Behavior\ShowPageTraceBehavior [ RunTime:0.000000s ]
INFO: [ app_end ] --END-- [ RunTime:0.000000s ]

[ 2015-08-07T15:49:25+08:00 ] 140.246.109.48 /index.php/home/index/baoming
INFO: [ app_init ] --START--
INFO: Run Behavior\BuildLiteBehavior [ RunTime:0.000000s ]
INFO: [ app_init ] --END-- [ RunTime:0.000000s ]
INFO: [ app_begin ] --START--
INFO: Run Behavior\ReadHtmlCacheBehavior [ RunTime:0.000000s ]
INFO: [ app_begin ] --END-- [ RunTime:0.000000s ]
SQL: SHOW COLUMNS FROM `tp_activity` [ RunTime:0.0000s ]
SQL: SELECT * FROM `tp_activity` WHERE `createtime` <= '2015-08-07' AND `endtime` >= '2015-08-07' LIMIT 10   [ RunTime:0.0000s ]
INFO: [ view_parse ] --START--
INFO: [ template_filter ] --START--
INFO: Run Behavior\ContentReplaceBehavior [ RunTime:0.000000s ]
INFO: [ template_filter ] --END-- [ RunTime:0.000000s ]
INFO: Run Behavior\ParseTemplateBehavior [ RunTime:0.015626s ]
INFO: [ view_parse ] --END-- [ RunTime:0.015626s ]
INFO: [ view_filter ] --START--
INFO: Run Behavior\WriteHtmlCacheBehavior [ RunTime:0.000000s ]
INFO: [ view_filter ] --END-- [ RunTime:0.000000s ]
INFO: [ app_end ] --START--
INFO: Run Behavior\ShowPageTraceBehavior [ RunTime:0.000000s ]
INFO: [ app_end ] --END-- [ RunTime:0.000000s ]

[ 2015-08-07T15:49:59+08:00 ] 140.246.109.48 /index.php/home/index/baoming
INFO: [ app_init ] --START--
INFO: Run Behavior\BuildLiteBehavior [ RunTime:0.000000s ]
INFO: [ app_init ] --END-- [ RunTime:0.000000s ]
INFO: [ app_begin ] --START--
INFO: Run Behavior\ReadHtmlCacheBehavior [ RunTime:0.000000s ]
INFO: [ app_begin ] --END-- [ RunTime:0.000000s ]
SQL: SHOW COLUMNS FROM `tp_activity` [ RunTime:0.0000s ]
SQL: SELECT * FROM `tp_activity` WHERE `createtime` <= '2015-08-07' AND `endtime` >= '2015-08-07' LIMIT 10   [ RunTime:0.0000s ]
INFO: [ view_parse ] --START--
INFO: [ template_filter ] --START--
INFO: Run Behavior\ContentReplaceBehavior [ RunTime:0.000000s ]
INFO: [ template_filter ] --END-- [ RunTime:0.000000s ]
INFO: Run Behavior\ParseTemplateBehavior [ RunTime:0.015626s ]
INFO: [ view_parse ] --END-- [ RunTime:0.015626s ]
INFO: [ view_filter ] --START--
INFO: Run Behavior\WriteHtmlCacheBehavior [ RunTime:0.000000s ]
INFO: [ view_filter ] --END-- [ RunTime:0.000000s ]
INFO: [ app_end ] --START--
INFO: Run Behavior\ShowPageTraceBehavior [ RunTime:0.000000s ]
INFO: [ app_end ] --END-- [ RunTime:0.000000s ]

[ 2015-08-07T15:50:28+08:00 ] 140.246.109.48 /index.php/home/index/baoming
INFO: [ app_init ] --START--
INFO: Run Behavior\BuildLiteBehavior [ RunTime:0.000000s ]
INFO: [ app_init ] --END-- [ RunTime:0.000000s ]
INFO: [ app_begin ] --START--
INFO: Run Behavior\ReadHtmlCacheBehavior [ RunTime:0.000000s ]
INFO: [ app_begin ] --END-- [ RunTime:0.000000s ]
SQL: SHOW COLUMNS FROM `tp_activity` [ RunTime:0.0000s ]
SQL: SELECT * FROM `tp_activity` WHERE `createtime` <= '2015-08-07' AND `endtime` >= '2015-08-07' LIMIT 10   [ RunTime:0.0000s ]
INFO: [ view_parse ] --START--
INFO: [ template_filter ] --START--
INFO: Run Behavior\ContentReplaceBehavior [ RunTime:0.000000s ]
INFO: [ template_filter ] --END-- [ RunTime:0.000000s ]
INFO: Run Behavior\ParseTemplateBehavior [ RunTime:0.015626s ]
INFO: [ view_parse ] --END-- [ RunTime:0.015626s ]
INFO: [ view_filter ] --START--
INFO: Run Behavior\WriteHtmlCacheBehavior [ RunTime:0.000000s ]
INFO: [ view_filter ] --END-- [ RunTime:0.000000s ]
INFO: [ app_end ] --START--
INFO: Run Behavior\ShowPageTraceBehavior [ RunTime:0.000000s ]
INFO: [ app_end ] --END-- [ RunTime:0.000000s ]

[ 2015-08-07T15:51:42+08:00 ] 140.246.109.48 /index.php/home/index/baoming
INFO: [ app_init ] --START--
INFO: Run Behavior\BuildLiteBehavior [ RunTime:0.000000s ]
INFO: [ app_init ] --END-- [ RunTime:0.000000s ]
INFO: [ app_begin ] --START--
INFO: Run Behavior\ReadHtmlCacheBehavior [ RunTime:0.000000s ]
INFO: [ app_begin ] --END-- [ RunTime:0.000000s ]
SQL: SHOW COLUMNS FROM `tp_activity` [ RunTime:0.0000s ]
SQL: SELECT * FROM `tp_activity` WHERE `createtime` <= '2015-08-07' AND `endtime` >= '2015-08-07' LIMIT 10   [ RunTime:0.0000s ]
INFO: [ view_parse ] --START--
INFO: [ template_filter ] --START--
INFO: Run Behavior\ContentReplaceBehavior [ RunTime:0.000000s ]
INFO: [ template_filter ] --END-- [ RunTime:0.000000s ]
INFO: Run Behavior\ParseTemplateBehavior [ RunTime:0.015625s ]
INFO: [ view_parse ] --END-- [ RunTime:0.015625s ]
INFO: [ view_filter ] --START--
INFO: Run Behavior\WriteHtmlCacheBehavior [ RunTime:0.000000s ]
INFO: [ view_filter ] --END-- [ RunTime:0.000000s ]
INFO: [ app_end ] --START--
INFO: Run Behavior\ShowPageTraceBehavior [ RunTime:0.000000s ]
INFO: [ app_end ] --END-- [ RunTime:0.000000s ]

[ 2015-08-07T15:56:08+08:00 ] 140.246.109.48 /index.php/home/index/baoming
INFO: [ app_init ] --START--
INFO: Run Behavior\BuildLiteBehavior [ RunTime:0.000000s ]
INFO: [ app_init ] --END-- [ RunTime:0.000000s ]
INFO: [ app_begin ] --START--
INFO: Run Behavior\ReadHtmlCacheBehavior [ RunTime:0.000000s ]
INFO: [ app_begin ] --END-- [ RunTime:0.000000s ]
SQL: SHOW COLUMNS FROM `tp_activity` [ RunTime:0.0000s ]
SQL: SELECT * FROM `tp_activity` WHERE `createtime` <= '2015-08-07' AND `endtime` >= '2015-08-07' LIMIT 10   [ RunTime:0.0000s ]
INFO: [ view_parse ] --START--
INFO: [ template_filter ] --START--
INFO: Run Behavior\ContentReplaceBehavior [ RunTime:0.000000s ]
INFO: [ template_filter ] --END-- [ RunTime:0.000000s ]
INFO: Run Behavior\ParseTemplateBehavior [ RunTime:0.015626s ]
INFO: [ view_parse ] --END-- [ RunTime:0.015626s ]
INFO: [ view_filter ] --START--
INFO: Run Behavior\WriteHtmlCacheBehavior [ RunTime:0.000000s ]
INFO: [ view_filter ] --END-- [ RunTime:0.000000s ]
INFO: [ app_end ] --START--
INFO: Run Behavior\ShowPageTraceBehavior [ RunTime:0.000000s ]
INFO: [ app_end ] --END-- [ RunTime:0.000000s ]

[ 2015-08-07T15:56:10+08:00 ] 140.246.109.48 /index.php/home/index/ajax/
INFO: [ app_init ] --START--
INFO: Run Behavior\BuildLiteBehavior [ RunTime:0.000000s ]
INFO: [ app_init ] --END-- [ RunTime:0.000000s ]
INFO: [ app_begin ] --START--
INFO: Run Behavior\ReadHtmlCacheBehavior [ RunTime:0.000000s ]
INFO: [ app_begin ] --END-- [ RunTime:0.000000s ]
SQL: SHOW COLUMNS FROM `tp_activity` [ RunTime:0.0000s ]
SQL: SELECT * FROM `tp_activity` WHERE `id` = 3 LIMIT 1   [ RunTime:0.0000s ]

[ 2015-08-07T15:56:29+08:00 ] 140.246.109.48 /index.php/home/index/baoming
INFO: [ app_init ] --START--
INFO: Run Behavior\BuildLiteBehavior [ RunTime:0.000000s ]
INFO: [ app_init ] --END-- [ RunTime:0.000000s ]
INFO: [ app_begin ] --START--
INFO: Run Behavior\ReadHtmlCacheBehavior [ RunTime:0.000000s ]
INFO: [ app_begin ] --END-- [ RunTime:0.000000s ]
SQL: SHOW COLUMNS FROM `tp_activity` [ RunTime:0.0000s ]
SQL: SELECT * FROM `tp_activity` WHERE `createtime` <= '2015-08-07' AND `endtime` >= '2015-08-07' LIMIT 10   [ RunTime:0.0000s ]
INFO: [ view_parse ] --START--
INFO: [ template_filter ] --START--
INFO: Run Behavior\ContentReplaceBehavior [ RunTime:0.000000s ]
INFO: [ template_filter ] --END-- [ RunTime:0.000000s ]
INFO: Run Behavior\ParseTemplateBehavior [ RunTime:0.000000s ]
INFO: [ view_parse ] --END-- [ RunTime:0.000000s ]
INFO: [ view_filter ] --START--
INFO: Run Behavior\WriteHtmlCacheBehavior [ RunTime:0.000000s ]
INFO: [ view_filter ] --END-- [ RunTime:0.000000s ]
INFO: [ app_end ] --START--
INFO: Run Behavior\ShowPageTraceBehavior [ RunTime:0.000000s ]
INFO: [ app_end ] --END-- [ RunTime:0.000000s ]

[ 2015-08-07T15:56:31+08:00 ] 140.246.109.48 /index.php/home/index/ajax/
INFO: [ app_init ] --START--
INFO: Run Behavior\BuildLiteBehavior [ RunTime:0.000000s ]
INFO: [ app_init ] --END-- [ RunTime:0.000000s ]
INFO: [ app_begin ] --START--
INFO: Run Behavior\ReadHtmlCacheBehavior [ RunTime:0.000000s ]
INFO: [ app_begin ] --END-- [ RunTime:0.000000s ]
SQL: SHOW COLUMNS FROM `tp_activity` [ RunTime:0.0000s ]
SQL: SELECT * FROM `tp_activity` WHERE `id` = 3 LIMIT 1   [ RunTime:0.0000s ]

[ 2015-08-07T15:56:32+08:00 ] 140.246.109.48 /index.php/home/index/ajax/
INFO: [ app_init ] --START--
INFO: Run Behavior\BuildLiteBehavior [ RunTime:0.000000s ]
INFO: [ app_init ] --END-- [ RunTime:0.000000s ]
INFO: [ app_begin ] --START--
INFO: Run Behavior\ReadHtmlCacheBehavior [ RunTime:0.000000s ]
INFO: [ app_begin ] --END-- [ RunTime:0.000000s ]
SQL: SHOW COLUMNS FROM `tp_activity` [ RunTime:0.0156s ]
SQL: SELECT * FROM `tp_activity` WHERE `id` = 2 LIMIT 1   [ RunTime:0.0000s ]

[ 2015-08-07T15:56:34+08:00 ] 140.246.109.48 /index.php/home/index/ajax/
INFO: [ app_init ] --START--
INFO: Run Behavior\BuildLiteBehavior [ RunTime:0.000000s ]
INFO: [ app_init ] --END-- [ RunTime:0.000000s ]
INFO: [ app_begin ] --START--
INFO: Run Behavior\ReadHtmlCacheBehavior [ RunTime:0.000000s ]
INFO: [ app_begin ] --END-- [ RunTime:0.000000s ]
SQL: SHOW COLUMNS FROM `tp_activity` [ RunTime:0.0000s ]
SQL: SELECT * FROM `tp_activity` WHERE `id` = 3 LIMIT 1   [ RunTime:0.0000s ]

[ 2015-08-07T15:56:43+08:00 ] 140.246.109.48 /index.php/home/index/baoming
INFO: [ app_init ] --START--
INFO: Run Behavior\BuildLiteBehavior [ RunTime:0.000000s ]
INFO: [ app_init ] --END-- [ RunTime:0.000000s ]
INFO: [ app_begin ] --START--
INFO: Run Behavior\ReadHtmlCacheBehavior [ RunTime:0.000000s ]
INFO: [ app_begin ] --END-- [ RunTime:0.000000s ]
SQL: SHOW COLUMNS FROM `tp_activity` [ RunTime:0.0000s ]
SQL: SELECT * FROM `tp_activity` WHERE `createtime` <= '2015-08-07' AND `endtime` >= '2015-08-07' LIMIT 10   [ RunTime:0.0000s ]
INFO: [ view_parse ] --START--
INFO: [ template_filter ] --START--
INFO: Run Behavior\ContentReplaceBehavior [ RunTime:0.000000s ]
INFO: [ template_filter ] --END-- [ RunTime:0.000000s ]
INFO: Run Behavior\ParseTemplateBehavior [ RunTime:0.000000s ]
INFO: [ view_parse ] --END-- [ RunTime:0.000000s ]
INFO: [ view_filter ] --START--
INFO: Run Behavior\WriteHtmlCacheBehavior [ RunTime:0.000000s ]
INFO: [ view_filter ] --END-- [ RunTime:0.000000s ]
INFO: [ app_end ] --START--
INFO: Run Behavior\ShowPageTraceBehavior [ RunTime:0.000000s ]
INFO: [ app_end ] --END-- [ RunTime:0.000000s ]

[ 2015-08-07T15:56:44+08:00 ] 140.246.109.48 /index.php/home/index/ajax/
INFO: [ app_init ] --START--
INFO: Run Behavior\BuildLiteBehavior [ RunTime:0.000000s ]
INFO: [ app_init ] --END-- [ RunTime:0.000000s ]
INFO: [ app_begin ] --START--
INFO: Run Behavior\ReadHtmlCacheBehavior [ RunTime:0.000000s ]
INFO: [ app_begin ] --END-- [ RunTime:0.000000s ]
SQL: SHOW COLUMNS FROM `tp_activity` [ RunTime:0.0000s ]
SQL: SELECT * FROM `tp_activity` WHERE `id` = 3 LIMIT 1   [ RunTime:0.0000s ]

[ 2015-08-07T15:56:47+08:00 ] 140.246.109.48 /index.php/home/index/ajax/
INFO: [ app_init ] --START--
INFO: Run Behavior\BuildLiteBehavior [ RunTime:0.000000s ]
INFO: [ app_init ] --END-- [ RunTime:0.000000s ]
INFO: [ app_begin ] --START--
INFO: Run Behavior\ReadHtmlCacheBehavior [ RunTime:0.000000s ]
INFO: [ app_begin ] --END-- [ RunTime:0.000000s ]
SQL: SHOW COLUMNS FROM `tp_activity` [ RunTime:0.0000s ]
SQL: SELECT * FROM `tp_activity` WHERE `id` = 2 LIMIT 1   [ RunTime:0.0000s ]

[ 2015-08-07T15:57:00+08:00 ] 140.246.109.48 /index.php/home/index/baoming
INFO: [ app_init ] --START--
INFO: Run Behavior\BuildLiteBehavior [ RunTime:0.000000s ]
INFO: [ app_init ] --END-- [ RunTime:0.000000s ]
INFO: [ app_begin ] --START--
INFO: Run Behavior\ReadHtmlCacheBehavior [ RunTime:0.015626s ]
INFO: [ app_begin ] --END-- [ RunTime:0.015626s ]
SQL: SHOW COLUMNS FROM `tp_activity` [ RunTime:0.0000s ]
SQL: SELECT * FROM `tp_activity` WHERE `createtime` <= '2015-08-07' AND `endtime` >= '2015-08-07' LIMIT 10   [ RunTime:0.0000s ]
INFO: [ view_parse ] --START--
INFO: [ template_filter ] --START--
INFO: Run Behavior\ContentReplaceBehavior [ RunTime:0.000000s ]
INFO: [ template_filter ] --END-- [ RunTime:0.000000s ]
INFO: Run Behavior\ParseTemplateBehavior [ RunTime:0.015626s ]
INFO: [ view_parse ] --END-- [ RunTime:0.015626s ]
INFO: [ view_filter ] --START--
INFO: Run Behavior\WriteHtmlCacheBehavior [ RunTime:0.000000s ]
INFO: [ view_filter ] --END-- [ RunTime:0.000000s ]
INFO: [ app_end ] --START--
INFO: Run Behavior\ShowPageTraceBehavior [ RunTime:0.000000s ]
INFO: [ app_end ] --END-- [ RunTime:0.000000s ]

[ 2015-08-07T15:57:01+08:00 ] 140.246.109.48 /index.php/home/index/ajax/
INFO: [ app_init ] --START--
INFO: Run Behavior\BuildLiteBehavior [ RunTime:0.000000s ]
INFO: [ app_init ] --END-- [ RunTime:0.000000s ]
INFO: [ app_begin ] --START--
INFO: Run Behavior\ReadHtmlCacheBehavior [ RunTime:0.015626s ]
INFO: [ app_begin ] --END-- [ RunTime:0.015626s ]
SQL: SHOW COLUMNS FROM `tp_activity` [ RunTime:0.0000s ]
SQL: SELECT * FROM `tp_activity` WHERE `id` = 3 LIMIT 1   [ RunTime:0.0000s ]

[ 2015-08-07T15:57:23+08:00 ] 140.246.109.48 /index.php/home/index/baoming
INFO: [ app_init ] --START--
INFO: Run Behavior\BuildLiteBehavior [ RunTime:0.000000s ]
INFO: [ app_init ] --END-- [ RunTime:0.000000s ]
INFO: [ app_begin ] --START--
INFO: Run Behavior\ReadHtmlCacheBehavior [ RunTime:0.000000s ]
INFO: [ app_begin ] --END-- [ RunTime:0.000000s ]
SQL: SHOW COLUMNS FROM `tp_activity` [ RunTime:0.0000s ]
SQL: SELECT * FROM `tp_activity` WHERE `createtime` <= '2015-08-07' AND `endtime` >= '2015-08-07' LIMIT 10   [ RunTime:0.0000s ]
INFO: [ view_parse ] --START--
INFO: [ template_filter ] --START--
INFO: Run Behavior\ContentReplaceBehavior [ RunTime:0.000000s ]
INFO: [ template_filter ] --END-- [ RunTime:0.015626s ]
INFO: Run Behavior\ParseTemplateBehavior [ RunTime:0.015626s ]
INFO: [ view_parse ] --END-- [ RunTime:0.015626s ]
INFO: [ view_filter ] --START--
INFO: Run Behavior\WriteHtmlCacheBehavior [ RunTime:0.000000s ]
INFO: [ view_filter ] --END-- [ RunTime:0.000000s ]
INFO: [ app_end ] --START--
INFO: Run Behavior\ShowPageTraceBehavior [ RunTime:0.000000s ]
INFO: [ app_end ] --END-- [ RunTime:0.000000s ]

[ 2015-08-07T15:57:25+08:00 ] 140.246.109.48 /index.php/home/index/ajax/
INFO: [ app_init ] --START--
INFO: Run Behavior\BuildLiteBehavior [ RunTime:0.000000s ]
INFO: [ app_init ] --END-- [ RunTime:0.000000s ]
INFO: [ app_begin ] --START--
INFO: Run Behavior\ReadHtmlCacheBehavior [ RunTime:0.000000s ]
INFO: [ app_begin ] --END-- [ RunTime:0.000000s ]
SQL: SHOW COLUMNS FROM `tp_activity` [ RunTime:0.0000s ]
SQL: SELECT * FROM `tp_activity` WHERE `id` = 3 LIMIT 1   [ RunTime:0.0000s ]

[ 2015-08-07T15:57:43+08:00 ] 140.246.109.48 /index.php/home/index/baoming
INFO: [ app_init ] --START--
INFO: Run Behavior\BuildLiteBehavior [ RunTime:0.000000s ]
INFO: [ app_init ] --END-- [ RunTime:0.000000s ]
INFO: [ app_begin ] --START--
INFO: Run Behavior\ReadHtmlCacheBehavior [ RunTime:0.000000s ]
INFO: [ app_begin ] --END-- [ RunTime:0.000000s ]
SQL: SHOW COLUMNS FROM `tp_activity` [ RunTime:0.0000s ]
SQL: SELECT * FROM `tp_activity` WHERE `createtime` <= '2015-08-07' AND `endtime` >= '2015-08-07' LIMIT 10   [ RunTime:0.0000s ]
INFO: [ view_parse ] --START--
INFO: [ template_filter ] --START--
INFO: Run Behavior\ContentReplaceBehavior [ RunTime:0.000000s ]
INFO: [ template_filter ] --END-- [ RunTime:0.000000s ]
INFO: Run Behavior\ParseTemplateBehavior [ RunTime:0.015625s ]
INFO: [ view_parse ] --END-- [ RunTime:0.015625s ]
INFO: [ view_filter ] --START--
INFO: Run Behavior\WriteHtmlCacheBehavior [ RunTime:0.000000s ]
INFO: [ view_filter ] --END-- [ RunTime:0.000000s ]
INFO: [ app_end ] --START--
INFO: Run Behavior\ShowPageTraceBehavior [ RunTime:0.000000s ]
INFO: [ app_end ] --END-- [ RunTime:0.000000s ]

[ 2015-08-07T15:57:44+08:00 ] 140.246.109.48 /index.php/home/index/ajax/
INFO: [ app_init ] --START--
INFO: Run Behavior\BuildLiteBehavior [ RunTime:0.000000s ]
INFO: [ app_init ] --END-- [ RunTime:0.000000s ]
INFO: [ app_begin ] --START--
INFO: Run Behavior\ReadHtmlCacheBehavior [ RunTime:0.000000s ]
INFO: [ app_begin ] --END-- [ RunTime:0.000000s ]
SQL: SHOW COLUMNS FROM `tp_activity` [ RunTime:0.0000s ]
SQL: SELECT * FROM `tp_activity` WHERE `id` = 3 LIMIT 1   [ RunTime:0.0000s ]

[ 2015-08-07T15:57:50+08:00 ] 140.246.109.48 /index.php/home/index/baoming
INFO: [ app_init ] --START--
INFO: Run Behavior\BuildLiteBehavior [ RunTime:0.000000s ]
INFO: [ app_init ] --END-- [ RunTime:0.000000s ]
INFO: [ app_begin ] --START--
INFO: Run Behavior\ReadHtmlCacheBehavior [ RunTime:0.000000s ]
INFO: [ app_begin ] --END-- [ RunTime:0.000000s ]
SQL: SHOW COLUMNS FROM `tp_activity` [ RunTime:0.0000s ]
SQL: SELECT * FROM `tp_activity` WHERE `createtime` <= '2015-08-07' AND `endtime` >= '2015-08-07' LIMIT 10   [ RunTime:0.0000s ]
INFO: [ view_parse ] --START--
INFO: [ template_filter ] --START--
INFO: Run Behavior\ContentReplaceBehavior [ RunTime:0.000000s ]
INFO: [ template_filter ] --END-- [ RunTime:0.000000s ]
INFO: Run Behavior\ParseTemplateBehavior [ RunTime:0.015626s ]
INFO: [ view_parse ] --END-- [ RunTime:0.015626s ]
INFO: [ view_filter ] --START--
INFO: Run Behavior\WriteHtmlCacheBehavior [ RunTime:0.000000s ]
INFO: [ view_filter ] --END-- [ RunTime:0.000000s ]
INFO: [ app_end ] --START--
INFO: Run Behavior\ShowPageTraceBehavior [ RunTime:0.000000s ]
INFO: [ app_end ] --END-- [ RunTime:0.000000s ]

[ 2015-08-07T17:19:41+08:00 ] 140.207.54.78 /index.php/home/index/weixin?signature=748e28b805983d798797c2e58f84e22352ead750&timestamp=1438939181&nonce=1815632025
INFO: [ app_init ] --START--
INFO: Run Behavior\BuildLiteBehavior [ RunTime:0.000000s ]
INFO: [ app_init ] --END-- [ RunTime:0.000000s ]
INFO: [ app_begin ] --START--
INFO: Run Behavior\ReadHtmlCacheBehavior [ RunTime:0.000000s ]
INFO: [ app_begin ] --END-- [ RunTime:0.000000s ]
NOTIC: [8] Undefined variable: reply D:\kehu\mem\Member\Home\Controller\IndexController.class.php 第 117 行.
INFO: [ app_end ] --START--
INFO: Run Behavior\ShowPageTraceBehavior [ RunTime:0.000000s ]
INFO: [ app_end ] --END-- [ RunTime:0.000000s ]

[ 2015-08-07T17:19:42+08:00 ] 101.226.125.114 /index.php/home/index/baoming
INFO: [ app_init ] --START--
INFO: Run Behavior\BuildLiteBehavior [ RunTime:0.000000s ]
INFO: [ app_init ] --END-- [ RunTime:0.000000s ]
INFO: [ app_begin ] --START--
INFO: Run Behavior\ReadHtmlCacheBehavior [ RunTime:0.000000s ]
INFO: [ app_begin ] --END-- [ RunTime:0.000000s ]
SQL: SHOW COLUMNS FROM `tp_activity` [ RunTime:0.0000s ]
SQL: SELECT * FROM `tp_activity` WHERE `createtime` <= '2015-08-07' AND `endtime` >= '2015-08-07' LIMIT 10   [ RunTime:0.0000s ]
INFO: [ view_parse ] --START--
INFO: [ template_filter ] --START--
INFO: Run Behavior\ContentReplaceBehavior [ RunTime:0.000000s ]
INFO: [ template_filter ] --END-- [ RunTime:0.000000s ]
INFO: Run Behavior\ParseTemplateBehavior [ RunTime:0.015626s ]
INFO: [ view_parse ] --END-- [ RunTime:0.015626s ]
INFO: [ view_filter ] --START--
INFO: Run Behavior\WriteHtmlCacheBehavior [ RunTime:0.000000s ]
INFO: [ view_filter ] --END-- [ RunTime:0.000000s ]
INFO: [ app_end ] --START--
INFO: Run Behavior\ShowPageTraceBehavior [ RunTime:0.000000s ]
INFO: [ app_end ] --END-- [ RunTime:0.000000s ]

[ 2015-08-07T17:19:42+08:00 ] 101.226.125.19 /
INFO: [ app_init ] --START--
INFO: Run Behavior\BuildLiteBehavior [ RunTime:0.000000s ]
INFO: [ app_init ] --END-- [ RunTime:0.000000s ]
INFO: [ app_begin ] --START--
INFO: Run Behavior\ReadHtmlCacheBehavior [ RunTime:0.000000s ]
INFO: [ app_begin ] --END-- [ RunTime:0.000000s ]
ERR: 非法操作:index

[ 2015-08-07T17:19:42+08:00 ] 140.207.185.124 /
INFO: [ app_init ] --START--
INFO: Run Behavior\BuildLiteBehavior [ RunTime:0.000000s ]
INFO: [ app_init ] --END-- [ RunTime:0.000000s ]
INFO: [ app_begin ] --START--
INFO: Run Behavior\ReadHtmlCacheBehavior [ RunTime:0.000000s ]
INFO: [ app_begin ] --END-- [ RunTime:0.000000s ]
ERR: 非法操作:index

[ 2015-08-07T17:19:55+08:00 ] 101.226.125.114 /index.php/home/index/ajax/
INFO: [ app_init ] --START--
INFO: Run Behavior\BuildLiteBehavior [ RunTime:0.000000s ]
INFO: [ app_init ] --END-- [ RunTime:0.000000s ]
INFO: [ app_begin ] --START--
INFO: Run Behavior\ReadHtmlCacheBehavior [ RunTime:0.000000s ]
INFO: [ app_begin ] --END-- [ RunTime:0.000000s ]
SQL: SHOW COLUMNS FROM `tp_activity` [ RunTime:0.0000s ]
SQL: SELECT * FROM `tp_activity` WHERE `id` = 2 LIMIT 1   [ RunTime:0.0000s ]

[ 2015-08-07T17:19:57+08:00 ] 101.226.125.114 /index.php/home/index/ajax/
INFO: [ app_init ] --START--
INFO: Run Behavior\BuildLiteBehavior [ RunTime:0.000000s ]
INFO: [ app_init ] --END-- [ RunTime:0.000000s ]
INFO: [ app_begin ] --START--
INFO: Run Behavior\ReadHtmlCacheBehavior [ RunTime:0.000000s ]
INFO: [ app_begin ] --END-- [ RunTime:0.000000s ]
SQL: SHOW COLUMNS FROM `tp_activity` [ RunTime:0.0156s ]
SQL: SELECT * FROM `tp_activity` WHERE `id` = 3 LIMIT 1   [ RunTime:0.0000s ]

[ 2015-08-07T17:19:59+08:00 ] 101.226.125.114 /index.php/home/index/ajax/
INFO: [ app_init ] --START--
INFO: Run Behavior\BuildLiteBehavior [ RunTime:0.000000s ]
INFO: [ app_init ] --END-- [ RunTime:0.000000s ]
INFO: [ app_begin ] --START--
INFO: Run Behavior\ReadHtmlCacheBehavior [ RunTime:0.000000s ]
INFO: [ app_begin ] --END-- [ RunTime:0.000000s ]
SQL: SHOW COLUMNS FROM `tp_activity` [ RunTime:0.0000s ]
SQL: SELECT * FROM `tp_activity` WHERE `id` = 2 LIMIT 1   [ RunTime:0.0000s ]

[ 2015-08-07T19:48:05+08:00 ] 140.207.54.73 /index.php/home/index/weixin?signature=39bb18a3c35a11635119b0c254d9f06a402d7447&timestamp=1438948085&nonce=1606794359
INFO: [ app_init ] --START--
INFO: Run Behavior\BuildLiteBehavior [ RunTime:0.000000s ]
INFO: [ app_init ] --END-- [ RunTime:0.000000s ]
INFO: [ app_begin ] --START--
INFO: Run Behavior\ReadHtmlCacheBehavior [ RunTime:0.000000s ]
INFO: [ app_begin ] --END-- [ RunTime:0.000000s ]
NOTIC: [8] Undefined variable: reply D:\kehu\mem\Member\Home\Controller\IndexController.class.php 第 117 行.
INFO: [ app_end ] --START--
INFO: Run Behavior\ShowPageTraceBehavior [ RunTime:0.000000s ]
INFO: [ app_end ] --END-- [ RunTime:0.000000s ]

[ 2015-08-07T19:48:12+08:00 ] 140.207.54.73 /index.php/home/index/weixin?signature=a6840e6d2624570354e8c77c521a9f025f08e94e&timestamp=1438948092&nonce=568437501
INFO: [ app_init ] --START--
INFO: Run Behavior\BuildLiteBehavior [ RunTime:0.000000s ]
INFO: [ app_init ] --END-- [ RunTime:0.000000s ]
INFO: [ app_begin ] --START--
INFO: Run Behavior\ReadHtmlCacheBehavior [ RunTime:0.000000s ]
INFO: [ app_begin ] --END-- [ RunTime:0.000000s ]

[ 2015-08-07T19:48:31+08:00 ] 140.207.54.73 /index.php/home/index/weixin?signature=110e7313f199215d4f9b70dea1e6e1484033c67b&timestamp=1438948111&nonce=1805646304
INFO: [ app_init ] --START--
INFO: Run Behavior\BuildLiteBehavior [ RunTime:0.000000s ]
INFO: [ app_init ] --END-- [ RunTime:0.015625s ]
INFO: [ app_begin ] --START--
INFO: Run Behavior\ReadHtmlCacheBehavior [ RunTime:0.000000s ]
INFO: [ app_begin ] --END-- [ RunTime:0.000000s ]
SQL: SHOW COLUMNS FROM `tp_member` [ RunTime:0.0156s ]
SQL: SELECT * FROM `tp_member` WHERE `wxid` = 'oU3aduPWwQCvqfn-nK-OMo3UCxLI' LIMIT 1   [ RunTime:0.0000s ]
SQL: SHOW COLUMNS FROM `tp_qiandao` [ RunTime:0.0000s ]
SQL: SELECT * FROM `tp_qiandao` WHERE `uid` = 12 LIMIT 1   [ RunTime:0.0000s ]
SQL: UPDATE `tp_qiandao` SET `num`='1',`last_time`='1438876800' WHERE `uid` = 12 [ RunTime:0.0000s ]
NOTIC: [8] Undefined variable: add_point D:\kehu\mem\Member\Home\Controller\IndexController.class.php 第 106 行.
SQL: UPDATE `tp_member` SET `points`=points+1 WHERE `id` = 12 [ RunTime:0.0000s ]
SQL: SHOW COLUMNS FROM `tp_points` [ RunTime:0.0000s ]
SQL: INSERT INTO `tp_points` (`userid`,`points`,`status`) VALUES ('12','1','1') [ RunTime:0.0000s ]
INFO: [ app_end ] --START--
INFO: Run Behavior\ShowPageTraceBehavior [ RunTime:0.000000s ]
INFO: [ app_end ] --END-- [ RunTime:0.000000s ]

[ 2015-08-07T19:56:41+08:00 ] 140.207.54.79 /index.php/home/index/weixin?signature=b9b07dfd035ee6db4225cfbd4333e072a81cc9ec&timestamp=1438948601&nonce=1533593075
INFO: [ app_init ] --START--
INFO: Run Behavior\BuildLiteBehavior [ RunTime:0.000000s ]
INFO: [ app_init ] --END-- [ RunTime:0.000000s ]
INFO: [ app_begin ] --START--
INFO: Run Behavior\ReadHtmlCacheBehavior [ RunTime:0.000000s ]
INFO: [ app_begin ] --END-- [ RunTime:0.000000s ]
NOTIC: [8] Undefined variable: reply D:\kehu\mem\Member\Home\Controller\IndexController.class.php 第 117 行.
INFO: [ app_end ] --START--
INFO: Run Behavior\ShowPageTraceBehavior [ RunTime:0.000000s ]
INFO: [ app_end ] --END-- [ RunTime:0.000000s ]

[ 2015-08-07T19:56:43+08:00 ] 140.207.54.80 /index.php/home/index/weixin?signature=de740da42082f12255f741e3db2c46628bae0f4d&timestamp=1438948603&nonce=995636574
INFO: [ app_init ] --START--
INFO: Run Behavior\BuildLiteBehavior [ RunTime:0.000000s ]
INFO: [ app_init ] --END-- [ RunTime:0.000000s ]
INFO: [ app_begin ] --START--
INFO: Run Behavior\ReadHtmlCacheBehavior [ RunTime:0.000000s ]
INFO: [ app_begin ] --END-- [ RunTime:0.015625s ]

[ 2015-08-07T20:01:58+08:00 ] 140.207.54.76 /index.php/home/index/weixin?signature=6cb2be321560e223b43449591083bff8da957d6d&timestamp=1438948918&nonce=1804094806
INFO: [ app_init ] --START--
INFO: Run Behavior\BuildLiteBehavior [ RunTime:0.000000s ]
INFO: [ app_init ] --END-- [ RunTime:0.000000s ]
INFO: [ app_begin ] --START--
INFO: Run Behavior\ReadHtmlCacheBehavior [ RunTime:0.000000s ]
INFO: [ app_begin ] --END-- [ RunTime:0.000000s ]
NOTIC: [8] Undefined variable: reply D:\kehu\mem\Member\Home\Controller\IndexController.class.php 第 117 行.
INFO: [ app_end ] --START--
INFO: Run Behavior\ShowPageTraceBehavior [ RunTime:0.000000s ]
INFO: [ app_end ] --END-- [ RunTime:0.000000s ]

