[ 2015-08-23T00:34:42+08:00 ] 140.207.54.77 /index.php/home/index/weixin?signature=887863553394058511d7d2b2e4527c3fae697a61&timestamp=1440261282&nonce=56250503
INFO: [ app_init ] --START--
INFO: Run Behavior\BuildLiteBehavior [ RunTime:0.000000s ]
INFO: [ app_init ] --END-- [ RunTime:0.000000s ]
INFO: [ app_begin ] --START--
INFO: Run Behavior\ReadHtmlCacheBehavior [ RunTime:0.000000s ]
INFO: [ app_begin ] --END-- [ RunTime:0.000000s ]
SQL: SHOW COLUMNS FROM `tp_member` [ RunTime:0.0000s ]
SQL: SELECT * FROM `tp_member` WHERE `wxid` = 'oU3aduBGC-k2ObTC6YXz6ti74fXo' LIMIT 1   [ RunTime:0.0000s ]
SQL: SHOW COLUMNS FROM `tp_qiandao` [ RunTime:0.0000s ]
SQL: SELECT * FROM `tp_qiandao` WHERE `uid` = 45 LIMIT 1   [ RunTime:0.0000s ]
SQL: UPDATE `tp_qiandao` SET `num`='2',`last_time`='1440259200' WHERE `uid` = 45 [ RunTime:0.0000s ]
NOTIC: [8] Undefined variable: add_point D:\kehu\mem\Member\Home\Controller\IndexController.class.php 第 112 行.
SQL: UPDATE `tp_member` SET `points`=points+1 WHERE `id` = 45 [ RunTime:0.0000s ]
SQL: SHOW COLUMNS FROM `tp_points` [ RunTime:0.0000s ]
SQL: INSERT INTO `tp_points` (`userid`,`points`,`status`) VALUES ('45','1','1') [ RunTime:0.0000s ]
INFO: [ app_end ] --START--
INFO: Run Behavior\ShowPageTraceBehavior [ RunTime:0.000000s ]
INFO: [ app_end ] --END-- [ RunTime:0.000000s ]

[ 2015-08-23T07:20:10+08:00 ] 140.207.54.78 /index.php/home/index/weixin?signature=210bf782f36337960b4bf1566c75bcce49bb7910&timestamp=1440285610&nonce=47476126
INFO: [ app_init ] --START--
INFO: Run Behavior\BuildLiteBehavior [ RunTime:0.000000s ]
INFO: [ app_init ] --END-- [ RunTime:0.000000s ]
INFO: [ app_begin ] --START--
INFO: Run Behavior\ReadHtmlCacheBehavior [ RunTime:0.000000s ]
INFO: [ app_begin ] --END-- [ RunTime:0.000000s ]
SQL: SHOW COLUMNS FROM `tp_member` [ RunTime:0.0156s ]
SQL: SELECT * FROM `tp_member` WHERE `wxid` = 'oU3aduIBkKpSnVSHtauxIATE8f64' LIMIT 1   [ RunTime:0.0000s ]
SQL: SHOW COLUMNS FROM `tp_qiandao` [ RunTime:0.0000s ]
SQL: SELECT * FROM `tp_qiandao` WHERE `uid` = 27 LIMIT 1   [ RunTime:0.0000s ]
SQL: UPDATE `tp_qiandao` SET `num`='10',`last_time`='1440259200' WHERE `uid` = 27 [ RunTime:0.0000s ]
NOTIC: [8] Undefined variable: add_point D:\kehu\mem\Member\Home\Controller\IndexController.class.php 第 112 行.
SQL: UPDATE `tp_member` SET `points`=points+55 WHERE `id` = 27 [ RunTime:0.0000s ]
SQL: SHOW COLUMNS FROM `tp_points` [ RunTime:0.0000s ]
SQL: INSERT INTO `tp_points` (`userid`,`points`,`status`) VALUES ('27','55','1') [ RunTime:0.0000s ]
INFO: [ app_end ] --START--
INFO: Run Behavior\ShowPageTraceBehavior [ RunTime:0.015626s ]
INFO: [ app_end ] --END-- [ RunTime:0.015626s ]

[ 2015-08-23T10:05:56+08:00 ] 140.207.54.77 /index.php/home/index/weixin?signature=bfe7cbc88e136fac3affe288a7a5894feeb7de6d&timestamp=1440295556&nonce=1089598119
INFO: [ app_init ] --START--
INFO: Run Behavior\BuildLiteBehavior [ RunTime:0.000000s ]
INFO: [ app_init ] --END-- [ RunTime:0.000000s ]
INFO: [ app_begin ] --START--
INFO: Run Behavior\ReadHtmlCacheBehavior [ RunTime:0.000000s ]
INFO: [ app_begin ] --END-- [ RunTime:0.000000s ]
SQL: SHOW COLUMNS FROM `tp_member` [ RunTime:0.0000s ]
SQL: SELECT * FROM `tp_member` WHERE `wxid` = 'oU3aduNDygBykeKQRTpnlA-Et9ZQ' LIMIT 1   [ RunTime:0.0000s ]
SQL: SHOW COLUMNS FROM `tp_qiandao` [ RunTime:0.0000s ]
SQL: SELECT * FROM `tp_qiandao` WHERE `uid` = 2 LIMIT 1   [ RunTime:0.0156s ]
SQL: UPDATE `tp_qiandao` SET `num`='5',`last_time`='1440259200' WHERE `uid` = 2 [ RunTime:0.0000s ]
NOTIC: [8] Undefined variable: add_point D:\kehu\mem\Member\Home\Controller\IndexController.class.php 第 112 行.
SQL: UPDATE `tp_member` SET `points`=points+5 WHERE `id` = 2 [ RunTime:0.0000s ]
SQL: SHOW COLUMNS FROM `tp_points` [ RunTime:0.0000s ]
SQL: INSERT INTO `tp_points` (`userid`,`points`,`status`) VALUES ('2','5','1') [ RunTime:0.0000s ]
INFO: [ app_end ] --START--
INFO: Run Behavior\ShowPageTraceBehavior [ RunTime:0.000000s ]
INFO: [ app_end ] --END-- [ RunTime:0.000000s ]

[ 2015-08-23T10:06:02+08:00 ] 140.207.54.78 /index.php/home/index/weixin?signature=0249ac1c75f41a74ab1358b939709935116db9fe&timestamp=1440295562&nonce=1976798676
INFO: [ app_init ] --START--
INFO: Run Behavior\BuildLiteBehavior [ RunTime:0.000000s ]
INFO: [ app_init ] --END-- [ RunTime:0.000000s ]
INFO: [ app_begin ] --START--
INFO: Run Behavior\ReadHtmlCacheBehavior [ RunTime:0.000000s ]
INFO: [ app_begin ] --END-- [ RunTime:0.000000s ]
NOTIC: [8] Undefined variable: reply D:\kehu\mem\Member\Home\Controller\IndexController.class.php 第 123 行.
INFO: [ app_end ] --START--
INFO: Run Behavior\ShowPageTraceBehavior [ RunTime:0.000000s ]
INFO: [ app_end ] --END-- [ RunTime:0.000000s ]

[ 2015-08-23T10:06:04+08:00 ] 117.135.170.67 /
INFO: [ app_init ] --START--
INFO: Run Behavior\BuildLiteBehavior [ RunTime:0.000000s ]
INFO: [ app_init ] --END-- [ RunTime:0.000000s ]
INFO: [ app_begin ] --START--
INFO: Run Behavior\ReadHtmlCacheBehavior [ RunTime:0.000000s ]
INFO: [ app_begin ] --END-- [ RunTime:0.000000s ]
ERR: 非法操作:index

[ 2015-08-23T10:06:04+08:00 ] 140.207.62.210 /
INFO: [ app_init ] --START--
INFO: Run Behavior\BuildLiteBehavior [ RunTime:0.000000s ]
INFO: [ app_init ] --END-- [ RunTime:0.000000s ]
INFO: [ app_begin ] --START--
INFO: Run Behavior\ReadHtmlCacheBehavior [ RunTime:0.000000s ]
INFO: [ app_begin ] --END-- [ RunTime:0.000000s ]
ERR: 非法操作:index

[ 2015-08-23T10:06:04+08:00 ] 101.226.125.114 /index.php/home/index/info
INFO: [ app_init ] --START--
INFO: Run Behavior\BuildLiteBehavior [ RunTime:0.000000s ]
INFO: [ app_init ] --END-- [ RunTime:0.000000s ]
INFO: [ app_begin ] --START--
INFO: Run Behavior\ReadHtmlCacheBehavior [ RunTime:0.000000s ]
INFO: [ app_begin ] --END-- [ RunTime:0.000000s ]
NOTIC: [8] Use of undefined constant CURL_SSLVERSION_TLSv1 - assumed 'CURL_SSLVERSION_TLSv1' D:\kehu\mem\Member\Home\Controller\IndexController.class.php 第 316 行.
NOTIC: [8] Use of undefined constant CURL_SSLVERSION_TLSv1 - assumed 'CURL_SSLVERSION_TLSv1' D:\kehu\mem\Member\Home\Controller\IndexController.class.php 第 316 行.
SQL: SHOW COLUMNS FROM `tp_member` [ RunTime:0.0000s ]
SQL: SELECT * FROM `tp_member` WHERE `wxid` = 'oU3aduNDygBykeKQRTpnlA-Et9ZQ' LIMIT 1   [ RunTime:0.0000s ]
SQL: UPDATE `tp_member` SET `headimg`='http://wx.qlogo.cn/mmopen/ajNVdqHZLLA1zrnSLbibCBu5jjN9jZXhD6ZGHvw3scFibKMib5yetXzn89rZ4mZlzyBEhw1qCgXJ3DZCiauELg8vYA/0' WHERE `wxid` = 'oU3aduNDygBykeKQRTpnlA-Et9ZQ' [ RunTime:0.0000s ]
SQL: SELECT * FROM `tp_member` WHERE `wxid` = 'oU3aduNDygBykeKQRTpnlA-Et9ZQ' LIMIT 1   [ RunTime:0.0000s ]
SQL: SELECT * FROM `tp_member` WHERE `wxid` = 'oU3aduNDygBykeKQRTpnlA-Et9ZQ' LIMIT 1   [ RunTime:0.0000s ]
SQL: SELECT * FROM `tp_member` WHERE `id` = 2 LIMIT 1   [ RunTime:0.0000s ]
INFO: [ view_parse ] --START--
INFO: [ template_filter ] --START--
INFO: Run Behavior\ContentReplaceBehavior [ RunTime:0.000000s ]
INFO: [ template_filter ] --END-- [ RunTime:0.000000s ]
INFO: Run Behavior\ParseTemplateBehavior [ RunTime:0.015625s ]
INFO: [ view_parse ] --END-- [ RunTime:0.015625s ]
INFO: [ view_filter ] --START--
INFO: Run Behavior\WriteHtmlCacheBehavior [ RunTime:0.000000s ]
INFO: [ view_filter ] --END-- [ RunTime:0.000000s ]
INFO: [ app_end ] --START--
INFO: Run Behavior\ShowPageTraceBehavior [ RunTime:0.000000s ]
INFO: [ app_end ] --END-- [ RunTime:0.000000s ]

[ 2015-08-23T13:57:37+08:00 ] 121.42.0.18 /
INFO: [ app_init ] --START--
INFO: Run Behavior\BuildLiteBehavior [ RunTime:0.000000s ]
INFO: [ app_init ] --END-- [ RunTime:0.000000s ]
INFO: [ app_begin ] --START--
INFO: Run Behavior\ReadHtmlCacheBehavior [ RunTime:0.000000s ]
INFO: [ app_begin ] --END-- [ RunTime:0.000000s ]
ERR: 非法操作:index

[ 2015-08-23T18:39:15+08:00 ] 140.207.54.78 /index.php/home/index/weixin?signature=4beb5bad26e41dfe7382be4cad0f5fc76b7dd9e5&timestamp=1440326355&nonce=960081051
INFO: [ app_init ] --START--
INFO: Run Behavior\BuildLiteBehavior [ RunTime:0.000000s ]
INFO: [ app_init ] --END-- [ RunTime:0.000000s ]
INFO: [ app_begin ] --START--
INFO: Run Behavior\ReadHtmlCacheBehavior [ RunTime:0.000000s ]
INFO: [ app_begin ] --END-- [ RunTime:0.000000s ]
NOTIC: [8] Undefined variable: reply D:\kehu\mem\Member\Home\Controller\IndexController.class.php 第 123 行.
INFO: [ app_end ] --START--
INFO: Run Behavior\ShowPageTraceBehavior [ RunTime:0.000000s ]
INFO: [ app_end ] --END-- [ RunTime:0.000000s ]

[ 2015-08-23T18:39:18+08:00 ] 140.207.185.126 /
INFO: [ app_init ] --START--
INFO: Run Behavior\BuildLiteBehavior [ RunTime:0.000000s ]
INFO: [ app_init ] --END-- [ RunTime:0.000000s ]
INFO: [ app_begin ] --START--
INFO: Run Behavior\ReadHtmlCacheBehavior [ RunTime:0.000000s ]
INFO: [ app_begin ] --END-- [ RunTime:0.000000s ]
ERR: 非法操作:index

[ 2015-08-23T18:39:18+08:00 ] 180.153.214.178 /index.php/home/index/baoming
INFO: [ app_init ] --START--
INFO: Run Behavior\BuildLiteBehavior [ RunTime:0.000000s ]
INFO: [ app_init ] --END-- [ RunTime:0.000000s ]
INFO: [ app_begin ] --START--
INFO: Run Behavior\ReadHtmlCacheBehavior [ RunTime:0.000000s ]
INFO: [ app_begin ] --END-- [ RunTime:0.000000s ]
SQL: SHOW COLUMNS FROM `tp_activity` [ RunTime:0.0000s ]
SQL: SELECT * FROM `tp_activity` WHERE `createtime` <= '2015-08-23' AND `endtime` >= '2015-08-23' LIMIT 10   [ RunTime:0.0000s ]
INFO: [ view_parse ] --START--
INFO: [ template_filter ] --START--
INFO: Run Behavior\ContentReplaceBehavior [ RunTime:0.000000s ]
INFO: [ template_filter ] --END-- [ RunTime:0.000000s ]
INFO: Run Behavior\ParseTemplateBehavior [ RunTime:0.031251s ]
INFO: [ view_parse ] --END-- [ RunTime:0.031251s ]
INFO: [ view_filter ] --START--
INFO: Run Behavior\WriteHtmlCacheBehavior [ RunTime:0.000000s ]
INFO: [ view_filter ] --END-- [ RunTime:0.000000s ]
INFO: [ app_end ] --START--
INFO: Run Behavior\ShowPageTraceBehavior [ RunTime:0.000000s ]
INFO: [ app_end ] --END-- [ RunTime:0.000000s ]

[ 2015-08-23T18:39:19+08:00 ] 101.226.125.113 /index.php/home/index/baoming
INFO: [ app_init ] --START--
INFO: Run Behavior\BuildLiteBehavior [ RunTime:0.000000s ]
INFO: [ app_init ] --END-- [ RunTime:0.000000s ]
INFO: [ app_begin ] --START--
INFO: Run Behavior\ReadHtmlCacheBehavior [ RunTime:0.000000s ]
INFO: [ app_begin ] --END-- [ RunTime:0.000000s ]
SQL: SHOW COLUMNS FROM `tp_activity` [ RunTime:0.0000s ]
SQL: SELECT * FROM `tp_activity` WHERE `createtime` <= '2015-08-23' AND `endtime` >= '2015-08-23' LIMIT 10   [ RunTime:0.0000s ]
INFO: [ view_parse ] --START--
INFO: [ template_filter ] --START--
INFO: Run Behavior\ContentReplaceBehavior [ RunTime:0.000000s ]
INFO: [ template_filter ] --END-- [ RunTime:0.000000s ]
INFO: Run Behavior\ParseTemplateBehavior [ RunTime:0.015626s ]
INFO: [ view_parse ] --END-- [ RunTime:0.015626s ]
INFO: [ view_filter ] --START--
INFO: Run Behavior\WriteHtmlCacheBehavior [ RunTime:0.000000s ]
INFO: [ view_filter ] --END-- [ RunTime:0.000000s ]
INFO: [ app_end ] --START--
INFO: Run Behavior\ShowPageTraceBehavior [ RunTime:0.000000s ]
INFO: [ app_end ] --END-- [ RunTime:0.000000s ]

[ 2015-08-23T18:39:19+08:00 ] 183.195.232.24 /
INFO: [ app_init ] --START--
INFO: Run Behavior\BuildLiteBehavior [ RunTime:0.000000s ]
INFO: [ app_init ] --END-- [ RunTime:0.000000s ]
INFO: [ app_begin ] --START--
INFO: Run Behavior\ReadHtmlCacheBehavior [ RunTime:0.000000s ]
INFO: [ app_begin ] --END-- [ RunTime:0.000000s ]
ERR: 非法操作:index

[ 2015-08-23T18:39:25+08:00 ] 101.226.125.113 /index.php/home/index/ajax/
INFO: [ app_init ] --START--
INFO: Run Behavior\BuildLiteBehavior [ RunTime:0.000000s ]
INFO: [ app_init ] --END-- [ RunTime:0.000000s ]
INFO: [ app_begin ] --START--
INFO: Run Behavior\ReadHtmlCacheBehavior [ RunTime:0.000000s ]
INFO: [ app_begin ] --END-- [ RunTime:0.000000s ]
SQL: SHOW COLUMNS FROM `tp_activity` [ RunTime:0.0000s ]
SQL: SELECT * FROM `tp_activity` WHERE `id` = 6 LIMIT 1   [ RunTime:0.0000s ]

[ 2015-08-23T18:39:33+08:00 ] 140.207.54.77 /index.php/home/index/weixin?signature=5ad70aba5a4c4431fd6722f28ad89f8de61c639b&timestamp=1440326373&nonce=1461768868
INFO: [ app_init ] --START--
INFO: Run Behavior\BuildLiteBehavior [ RunTime:0.000000s ]
INFO: [ app_init ] --END-- [ RunTime:0.000000s ]
INFO: [ app_begin ] --START--
INFO: Run Behavior\ReadHtmlCacheBehavior [ RunTime:0.000000s ]
INFO: [ app_begin ] --END-- [ RunTime:0.000000s ]
NOTIC: [8] Undefined variable: reply D:\kehu\mem\Member\Home\Controller\IndexController.class.php 第 123 行.
INFO: [ app_end ] --START--
INFO: Run Behavior\ShowPageTraceBehavior [ RunTime:0.000000s ]
INFO: [ app_end ] --END-- [ RunTime:0.000000s ]

[ 2015-08-23T18:39:34+08:00 ] 101.226.125.113 /index.php/home/index/info
INFO: [ app_init ] --START--
INFO: Run Behavior\BuildLiteBehavior [ RunTime:0.000000s ]
INFO: [ app_init ] --END-- [ RunTime:0.000000s ]
INFO: [ app_begin ] --START--
INFO: Run Behavior\ReadHtmlCacheBehavior [ RunTime:0.015626s ]
INFO: [ app_begin ] --END-- [ RunTime:0.015626s ]
NOTIC: [8] Use of undefined constant CURL_SSLVERSION_TLSv1 - assumed 'CURL_SSLVERSION_TLSv1' D:\kehu\mem\Member\Home\Controller\IndexController.class.php 第 316 行.
NOTIC: [8] Use of undefined constant CURL_SSLVERSION_TLSv1 - assumed 'CURL_SSLVERSION_TLSv1' D:\kehu\mem\Member\Home\Controller\IndexController.class.php 第 316 行.
SQL: SHOW COLUMNS FROM `tp_member` [ RunTime:0.0156s ]
SQL: SELECT * FROM `tp_member` WHERE `wxid` = 'oU3aduFLEAvEHn2MwbsvkGOPRrT0' LIMIT 1   [ RunTime:0.0000s ]
SQL: UPDATE `tp_member` SET `headimg`='http://wx.qlogo.cn/mmopen/vwQ5VeFgEunfXDuQolB7P8MZRibxeHgTG7faevCgNg8462pvVN8ZpibvlebUA92iayfczxNsP6nSic6iajibf8wZJd8ZicAibNzWO3Pf/0' WHERE `wxid` = 'oU3aduFLEAvEHn2MwbsvkGOPRrT0' [ RunTime:0.0000s ]
SQL: SELECT * FROM `tp_member` WHERE `wxid` = 'oU3aduFLEAvEHn2MwbsvkGOPRrT0' LIMIT 1   [ RunTime:0.0000s ]
SQL: SELECT * FROM `tp_member` WHERE `wxid` = 'oU3aduFLEAvEHn2MwbsvkGOPRrT0' LIMIT 1   [ RunTime:0.0000s ]
SQL: SELECT * FROM `tp_member` WHERE `id` = 3 LIMIT 1   [ RunTime:0.0000s ]
INFO: [ view_parse ] --START--
INFO: [ template_filter ] --START--
INFO: Run Behavior\ContentReplaceBehavior [ RunTime:0.000000s ]
INFO: [ template_filter ] --END-- [ RunTime:0.000000s ]
INFO: Run Behavior\ParseTemplateBehavior [ RunTime:0.000000s ]
INFO: [ view_parse ] --END-- [ RunTime:0.000000s ]
INFO: [ view_filter ] --START--
INFO: Run Behavior\WriteHtmlCacheBehavior [ RunTime:0.000000s ]
INFO: [ view_filter ] --END-- [ RunTime:0.000000s ]
INFO: [ app_end ] --START--
INFO: Run Behavior\ShowPageTraceBehavior [ RunTime:0.015625s ]
INFO: [ app_end ] --END-- [ RunTime:0.015625s ]

[ 2015-08-23T18:39:45+08:00 ] 140.207.54.77 /index.php/home/index/weixin?signature=91bd49ea0f04a201bfcc31cf0931256665978573&timestamp=1440326385&nonce=1657895327
INFO: [ app_init ] --START--
INFO: Run Behavior\BuildLiteBehavior [ RunTime:0.000000s ]
INFO: [ app_init ] --END-- [ RunTime:0.000000s ]
INFO: [ app_begin ] --START--
INFO: Run Behavior\ReadHtmlCacheBehavior [ RunTime:0.000000s ]
INFO: [ app_begin ] --END-- [ RunTime:0.000000s ]
SQL: SHOW COLUMNS FROM `tp_member` [ RunTime:0.0156s ]
SQL: SELECT * FROM `tp_member` WHERE `wxid` = 'oU3aduFLEAvEHn2MwbsvkGOPRrT0' LIMIT 1   [ RunTime:0.0000s ]
SQL: SHOW COLUMNS FROM `tp_qiandao` [ RunTime:0.0000s ]
SQL: SELECT * FROM `tp_qiandao` WHERE `uid` = 3 LIMIT 1   [ RunTime:0.0000s ]
SQL: UPDATE `tp_qiandao` SET `num`='10',`last_time`='1440259200' WHERE `uid` = 3 [ RunTime:0.0000s ]
NOTIC: [8] Undefined variable: add_point D:\kehu\mem\Member\Home\Controller\IndexController.class.php 第 112 行.
SQL: UPDATE `tp_member` SET `points`=points+55 WHERE `id` = 3 [ RunTime:0.0000s ]
SQL: SHOW COLUMNS FROM `tp_points` [ RunTime:0.0000s ]
SQL: INSERT INTO `tp_points` (`userid`,`points`,`status`) VALUES ('3','55','1') [ RunTime:0.0000s ]
INFO: [ app_end ] --START--
INFO: Run Behavior\ShowPageTraceBehavior [ RunTime:0.000000s ]
INFO: [ app_end ] --END-- [ RunTime:0.000000s ]

[ 2015-08-23T18:39:52+08:00 ] 140.207.54.77 /index.php/home/index/weixin?signature=fa0d0b6fb666275efda3c8714dccaac5e3313f3d&timestamp=1440326392&nonce=1322424979
INFO: [ app_init ] --START--
INFO: Run Behavior\BuildLiteBehavior [ RunTime:0.000000s ]
INFO: [ app_init ] --END-- [ RunTime:0.000000s ]
INFO: [ app_begin ] --START--
INFO: Run Behavior\ReadHtmlCacheBehavior [ RunTime:0.000000s ]
INFO: [ app_begin ] --END-- [ RunTime:0.000000s ]
NOTIC: [8] Undefined variable: reply D:\kehu\mem\Member\Home\Controller\IndexController.class.php 第 123 行.
INFO: [ app_end ] --START--
INFO: Run Behavior\ShowPageTraceBehavior [ RunTime:0.000000s ]
INFO: [ app_end ] --END-- [ RunTime:0.000000s ]

[ 2015-08-23T19:06:13+08:00 ] 140.207.54.78 /index.php/home/index/weixin?signature=a2c9262f8ab2eafb63895a6f09a8475683b36938&timestamp=1440327973&nonce=393596336
INFO: [ app_init ] --START--
INFO: Run Behavior\BuildLiteBehavior [ RunTime:0.000000s ]
INFO: [ app_init ] --END-- [ RunTime:0.000000s ]
INFO: [ app_begin ] --START--
INFO: Run Behavior\ReadHtmlCacheBehavior [ RunTime:0.000000s ]
INFO: [ app_begin ] --END-- [ RunTime:0.000000s ]
NOTIC: [8] Undefined variable: reply D:\kehu\mem\Member\Home\Controller\IndexController.class.php 第 123 行.
INFO: [ app_end ] --START--
INFO: Run Behavior\ShowPageTraceBehavior [ RunTime:0.000000s ]
INFO: [ app_end ] --END-- [ RunTime:0.000000s ]

[ 2015-08-23T19:06:15+08:00 ] 117.135.170.67 /
INFO: [ app_init ] --START--
INFO: Run Behavior\BuildLiteBehavior [ RunTime:0.000000s ]
INFO: [ app_init ] --END-- [ RunTime:0.000000s ]
INFO: [ app_begin ] --START--
INFO: Run Behavior\ReadHtmlCacheBehavior [ RunTime:0.000000s ]
INFO: [ app_begin ] --END-- [ RunTime:0.000000s ]
ERR: 非法操作:index

[ 2015-08-23T19:06:15+08:00 ] 140.207.62.210 /
INFO: [ app_init ] --START--
INFO: Run Behavior\BuildLiteBehavior [ RunTime:0.000000s ]
INFO: [ app_init ] --END-- [ RunTime:0.000000s ]
INFO: [ app_begin ] --START--
INFO: Run Behavior\ReadHtmlCacheBehavior [ RunTime:0.000000s ]
INFO: [ app_begin ] --END-- [ RunTime:0.000000s ]
ERR: 非法操作:index

[ 2015-08-23T19:06:16+08:00 ] 101.226.125.114 /index.php/home/index/info
INFO: [ app_init ] --START--
INFO: Run Behavior\BuildLiteBehavior [ RunTime:0.000000s ]
INFO: [ app_init ] --END-- [ RunTime:0.000000s ]
INFO: [ app_begin ] --START--
INFO: Run Behavior\ReadHtmlCacheBehavior [ RunTime:0.000000s ]
INFO: [ app_begin ] --END-- [ RunTime:0.000000s ]
NOTIC: [8] Use of undefined constant CURL_SSLVERSION_TLSv1 - assumed 'CURL_SSLVERSION_TLSv1' D:\kehu\mem\Member\Home\Controller\IndexController.class.php 第 316 行.
NOTIC: [8] Use of undefined constant CURL_SSLVERSION_TLSv1 - assumed 'CURL_SSLVERSION_TLSv1' D:\kehu\mem\Member\Home\Controller\IndexController.class.php 第 316 行.
SQL: SHOW COLUMNS FROM `tp_member` [ RunTime:0.0156s ]
SQL: SELECT * FROM `tp_member` WHERE `wxid` = 'oU3aduNDygBykeKQRTpnlA-Et9ZQ' LIMIT 1   [ RunTime:0.0000s ]
SQL: UPDATE `tp_member` SET `headimg`='http://wx.qlogo.cn/mmopen/ajNVdqHZLLA1zrnSLbibCBu5jjN9jZXhD6ZGHvw3scFibKMib5yetXzn89rZ4mZlzyBEhw1qCgXJ3DZCiauELg8vYA/0' WHERE `wxid` = 'oU3aduNDygBykeKQRTpnlA-Et9ZQ' [ RunTime:0.0000s ]
SQL: SELECT * FROM `tp_member` WHERE `wxid` = 'oU3aduNDygBykeKQRTpnlA-Et9ZQ' LIMIT 1   [ RunTime:0.0000s ]
SQL: SELECT * FROM `tp_member` WHERE `wxid` = 'oU3aduNDygBykeKQRTpnlA-Et9ZQ' LIMIT 1   [ RunTime:0.0000s ]
SQL: SELECT * FROM `tp_member` WHERE `id` = 2 LIMIT 1   [ RunTime:0.0000s ]
INFO: [ view_parse ] --START--
INFO: [ template_filter ] --START--
INFO: Run Behavior\ContentReplaceBehavior [ RunTime:0.000000s ]
INFO: [ template_filter ] --END-- [ RunTime:0.000000s ]
INFO: Run Behavior\ParseTemplateBehavior [ RunTime:0.000000s ]
INFO: [ view_parse ] --END-- [ RunTime:0.000000s ]
INFO: [ view_filter ] --START--
INFO: Run Behavior\WriteHtmlCacheBehavior [ RunTime:0.000000s ]
INFO: [ view_filter ] --END-- [ RunTime:0.000000s ]
INFO: [ app_end ] --START--
INFO: Run Behavior\ShowPageTraceBehavior [ RunTime:0.000000s ]
INFO: [ app_end ] --END-- [ RunTime:0.000000s ]

[ 2015-08-23T19:06:23+08:00 ] 140.207.54.78 /index.php/home/index/weixin?signature=14a8b5260ea4a4550836cd87f1aaf3bbc6bbe277&timestamp=1440327983&nonce=1592712620
INFO: [ app_init ] --START--
INFO: Run Behavior\BuildLiteBehavior [ RunTime:0.000000s ]
INFO: [ app_init ] --END-- [ RunTime:0.000000s ]
INFO: [ app_begin ] --START--
INFO: Run Behavior\ReadHtmlCacheBehavior [ RunTime:0.000000s ]
INFO: [ app_begin ] --END-- [ RunTime:0.000000s ]
NOTIC: [8] Undefined variable: reply D:\kehu\mem\Member\Home\Controller\IndexController.class.php 第 123 行.
INFO: [ app_end ] --START--
INFO: Run Behavior\ShowPageTraceBehavior [ RunTime:0.000000s ]
INFO: [ app_end ] --END-- [ RunTime:0.000000s ]

[ 2015-08-23T19:38:03+08:00 ] 140.207.54.78 /index.php/home/index/weixin?signature=12a42b89720e24d3c2b34df8438a177b3a047539&timestamp=1440329883&nonce=2082825488
INFO: [ app_init ] --START--
INFO: Run Behavior\BuildLiteBehavior [ RunTime:0.000000s ]
INFO: [ app_init ] --END-- [ RunTime:0.000000s ]
INFO: [ app_begin ] --START--
INFO: Run Behavior\ReadHtmlCacheBehavior [ RunTime:0.000000s ]
INFO: [ app_begin ] --END-- [ RunTime:0.000000s ]
SQL: SHOW COLUMNS FROM `tp_member` [ RunTime:0.0000s ]
SQL: SELECT * FROM `tp_member` WHERE `wxid` = 'oU3aduBEoLgvsaHj7drgL9lNJsv4' LIMIT 1   [ RunTime:0.0000s ]
SQL: SHOW COLUMNS FROM `tp_qiandao` [ RunTime:0.0000s ]
SQL: SELECT * FROM `tp_qiandao` WHERE `uid` = 25 LIMIT 1   [ RunTime:0.0000s ]
SQL: UPDATE `tp_qiandao` SET `num`='7',`last_time`='1440259200' WHERE `uid` = 25 [ RunTime:0.0156s ]
NOTIC: [8] Undefined variable: add_point D:\kehu\mem\Member\Home\Controller\IndexController.class.php 第 112 行.
SQL: UPDATE `tp_member` SET `points`=points+13 WHERE `id` = 25 [ RunTime:0.0000s ]
SQL: SHOW COLUMNS FROM `tp_points` [ RunTime:0.0000s ]
SQL: INSERT INTO `tp_points` (`userid`,`points`,`status`) VALUES ('25','13','1') [ RunTime:0.0000s ]
INFO: [ app_end ] --START--
INFO: Run Behavior\ShowPageTraceBehavior [ RunTime:0.000000s ]
INFO: [ app_end ] --END-- [ RunTime:0.000000s ]

