[ 2015-08-16T07:42:08+08:00 ] 140.207.54.77 /index.php/home/index/weixin?signature=22c96f0bf9b410070c0070848f7ce5246421558d&timestamp=1439682128&nonce=906028497
INFO: [ app_init ] --START--
INFO: Run Behavior\BuildLiteBehavior [ RunTime:0.000000s ]
INFO: [ app_init ] --END-- [ RunTime:0.000000s ]
INFO: [ app_begin ] --START--
INFO: Run Behavior\ReadHtmlCacheBehavior [ RunTime:0.015626s ]
INFO: [ app_begin ] --END-- [ RunTime:0.015626s ]
SQL: SHOW COLUMNS FROM `tp_member` [ RunTime:0.0000s ]
SQL: SELECT * FROM `tp_member` WHERE `wxid` = 'oU3aduFLEAvEHn2MwbsvkGOPRrT0' LIMIT 1   [ RunTime:0.0000s ]
SQL: SHOW COLUMNS FROM `tp_qiandao` [ RunTime:0.0156s ]
SQL: SELECT * FROM `tp_qiandao` WHERE `uid` = 3 LIMIT 1   [ RunTime:0.0000s ]
SQL: UPDATE `tp_qiandao` SET `num`='3',`last_time`='1439654400' WHERE `uid` = 3 [ RunTime:0.0000s ]
NOTIC: [8] Undefined variable: add_point D:\kehu\mem\Member\Home\Controller\IndexController.class.php 第 112 行.
SQL: UPDATE `tp_member` SET `points`=points+2 WHERE `id` = 3 [ RunTime:0.0000s ]
SQL: SHOW COLUMNS FROM `tp_points` [ RunTime:0.0000s ]
SQL: INSERT INTO `tp_points` (`userid`,`points`,`status`) VALUES ('3','2','1') [ RunTime:0.0000s ]
INFO: [ app_end ] --START--
INFO: Run Behavior\ShowPageTraceBehavior [ RunTime:0.000000s ]
INFO: [ app_end ] --END-- [ RunTime:0.000000s ]

[ 2015-08-16T08:00:47+08:00 ] 140.207.54.77 /index.php/home/index/weixin?signature=09af113a4cb1db884f9cae3dd2a0ff0df2837d7d&timestamp=1439683247&nonce=471908577
INFO: [ app_init ] --START--
INFO: Run Behavior\BuildLiteBehavior [ RunTime:0.000000s ]
INFO: [ app_init ] --END-- [ RunTime:0.000000s ]
INFO: [ app_begin ] --START--
INFO: Run Behavior\ReadHtmlCacheBehavior [ RunTime:0.000000s ]
INFO: [ app_begin ] --END-- [ RunTime:0.000000s ]
NOTIC: [8] Undefined variable: reply D:\kehu\mem\Member\Home\Controller\IndexController.class.php 第 123 行.
INFO: [ app_end ] --START--
INFO: Run Behavior\ShowPageTraceBehavior [ RunTime:0.000000s ]
INFO: [ app_end ] --END-- [ RunTime:0.000000s ]

[ 2015-08-16T08:00:59+08:00 ] 140.207.54.77 /index.php/home/index/weixin?signature=4ca8193d6acbca1e3b3e6971877c70cba28cf403&timestamp=1439683259&nonce=1769091769
INFO: [ app_init ] --START--
INFO: Run Behavior\BuildLiteBehavior [ RunTime:0.000000s ]
INFO: [ app_init ] --END-- [ RunTime:0.000000s ]
INFO: [ app_begin ] --START--
INFO: Run Behavior\ReadHtmlCacheBehavior [ RunTime:0.000000s ]
INFO: [ app_begin ] --END-- [ RunTime:0.000000s ]
SQL: SHOW COLUMNS FROM `tp_member` [ RunTime:0.0000s ]
SQL: SELECT * FROM `tp_member` WHERE `wxid` = 'oU3aduPIlNshXohb6Td-0QLks5zo' LIMIT 1   [ RunTime:0.0000s ]
INFO: [ app_end ] --START--
INFO: Run Behavior\ShowPageTraceBehavior [ RunTime:0.000000s ]
INFO: [ app_end ] --END-- [ RunTime:0.000000s ]

[ 2015-08-16T08:01:10+08:00 ] 140.207.54.77 /index.php/home/index/weixin?signature=1561e259e40dc6c5f79710d09c9a5c55af4fc312&timestamp=1439683270&nonce=609507039
INFO: [ app_init ] --START--
INFO: Run Behavior\BuildLiteBehavior [ RunTime:0.000000s ]
INFO: [ app_init ] --END-- [ RunTime:0.000000s ]
INFO: [ app_begin ] --START--
INFO: Run Behavior\ReadHtmlCacheBehavior [ RunTime:0.000000s ]
INFO: [ app_begin ] --END-- [ RunTime:0.000000s ]
NOTIC: [8] Undefined variable: reply D:\kehu\mem\Member\Home\Controller\IndexController.class.php 第 123 行.
INFO: [ app_end ] --START--
INFO: Run Behavior\ShowPageTraceBehavior [ RunTime:0.000000s ]
INFO: [ app_end ] --END-- [ RunTime:0.000000s ]

[ 2015-08-16T08:02:01+08:00 ] 140.207.54.77 /index.php/home/index/weixin?signature=661fba0ed2dbe3f49922710c299acf31bada48b9&timestamp=1439683321&nonce=1844407554
INFO: [ app_init ] --START--
INFO: Run Behavior\BuildLiteBehavior [ RunTime:0.000000s ]
INFO: [ app_init ] --END-- [ RunTime:0.000000s ]
INFO: [ app_begin ] --START--
INFO: Run Behavior\ReadHtmlCacheBehavior [ RunTime:0.000000s ]
INFO: [ app_begin ] --END-- [ RunTime:0.000000s ]
NOTIC: [8] Undefined variable: reply D:\kehu\mem\Member\Home\Controller\IndexController.class.php 第 123 行.
INFO: [ app_end ] --START--
INFO: Run Behavior\ShowPageTraceBehavior [ RunTime:0.000000s ]
INFO: [ app_end ] --END-- [ RunTime:0.000000s ]

[ 2015-08-16T08:08:35+08:00 ] 121.42.0.39 /
INFO: [ app_init ] --START--
INFO: Run Behavior\BuildLiteBehavior [ RunTime:0.000000s ]
INFO: [ app_init ] --END-- [ RunTime:0.000000s ]
INFO: [ app_begin ] --START--
INFO: Run Behavior\ReadHtmlCacheBehavior [ RunTime:0.000000s ]
INFO: [ app_begin ] --END-- [ RunTime:0.000000s ]
ERR: 非法操作:index

[ 2015-08-16T08:29:59+08:00 ] 140.207.54.78 /index.php/home/index/weixin?signature=3b85fb9f3883bb13d586bfb8cc49e268893d710d&timestamp=1439684999&nonce=1847317291
INFO: [ app_init ] --START--
INFO: Run Behavior\BuildLiteBehavior [ RunTime:0.000000s ]
INFO: [ app_init ] --END-- [ RunTime:0.000000s ]
INFO: [ app_begin ] --START--
INFO: Run Behavior\ReadHtmlCacheBehavior [ RunTime:0.000000s ]
INFO: [ app_begin ] --END-- [ RunTime:0.000000s ]
SQL: SHOW COLUMNS FROM `tp_member` [ RunTime:0.0000s ]
SQL: SELECT * FROM `tp_member` WHERE `wxid` = 'oU3aduIBkKpSnVSHtauxIATE8f64' LIMIT 1   [ RunTime:0.0000s ]
SQL: SHOW COLUMNS FROM `tp_qiandao` [ RunTime:0.0000s ]
SQL: SELECT * FROM `tp_qiandao` WHERE `uid` = 27 LIMIT 1   [ RunTime:0.0000s ]
SQL: UPDATE `tp_qiandao` SET `num`='3',`last_time`='1439654400' WHERE `uid` = 27 [ RunTime:0.0000s ]
NOTIC: [8] Undefined variable: add_point D:\kehu\mem\Member\Home\Controller\IndexController.class.php 第 112 行.
SQL: UPDATE `tp_member` SET `points`=points+2 WHERE `id` = 27 [ RunTime:0.0000s ]
SQL: SHOW COLUMNS FROM `tp_points` [ RunTime:0.0156s ]
SQL: INSERT INTO `tp_points` (`userid`,`points`,`status`) VALUES ('27','2','1') [ RunTime:0.0000s ]
INFO: [ app_end ] --START--
INFO: Run Behavior\ShowPageTraceBehavior [ RunTime:0.000000s ]
INFO: [ app_end ] --END-- [ RunTime:0.000000s ]

[ 2015-08-16T09:43:22+08:00 ] 140.207.54.79 /index.php/home/index/weixin?signature=779899673ea5a4962ee5cebcd93d05d5c471e613&timestamp=1439689402&nonce=505367737
INFO: [ app_init ] --START--
INFO: Run Behavior\BuildLiteBehavior [ RunTime:0.000000s ]
INFO: [ app_init ] --END-- [ RunTime:0.000000s ]
INFO: [ app_begin ] --START--
INFO: Run Behavior\ReadHtmlCacheBehavior [ RunTime:0.000000s ]
INFO: [ app_begin ] --END-- [ RunTime:0.000000s ]
SQL: SHOW COLUMNS FROM `tp_member` [ RunTime:0.0000s ]
SQL: SELECT * FROM `tp_member` WHERE `wxid` = 'oU3aduBGC-k2ObTC6YXz6ti74fXo' LIMIT 1   [ RunTime:0.0156s ]
SQL: SHOW COLUMNS FROM `tp_qiandao` [ RunTime:0.0000s ]
SQL: SELECT * FROM `tp_qiandao` WHERE `uid` = 45 LIMIT 1   [ RunTime:0.0000s ]
SQL: UPDATE `tp_qiandao` SET `num`='5',`last_time`='1439654400' WHERE `uid` = 45 [ RunTime:0.0000s ]
NOTIC: [8] Undefined variable: add_point D:\kehu\mem\Member\Home\Controller\IndexController.class.php 第 112 行.
SQL: UPDATE `tp_member` SET `points`=points+5 WHERE `id` = 45 [ RunTime:0.0000s ]
SQL: SHOW COLUMNS FROM `tp_points` [ RunTime:0.0000s ]
SQL: INSERT INTO `tp_points` (`userid`,`points`,`status`) VALUES ('45','5','1') [ RunTime:0.0000s ]
INFO: [ app_end ] --START--
INFO: Run Behavior\ShowPageTraceBehavior [ RunTime:0.000000s ]
INFO: [ app_end ] --END-- [ RunTime:0.000000s ]

[ 2015-08-16T17:04:54+08:00 ] 140.207.54.77 /index.php/home/index/weixin?signature=8d2dce220b2f5d8b989e2f602bcfc70008798abe&timestamp=1439715894&nonce=1749985608
INFO: [ app_init ] --START--
INFO: Run Behavior\BuildLiteBehavior [ RunTime:0.000000s ]
INFO: [ app_init ] --END-- [ RunTime:0.000000s ]
INFO: [ app_begin ] --START--
INFO: Run Behavior\ReadHtmlCacheBehavior [ RunTime:0.000000s ]
INFO: [ app_begin ] --END-- [ RunTime:0.000000s ]
SQL: SHOW COLUMNS FROM `tp_member` [ RunTime:0.0156s ]
SQL: SELECT * FROM `tp_member` WHERE `wxid` = 'oU3aduNDygBykeKQRTpnlA-Et9ZQ' LIMIT 1   [ RunTime:0.0156s ]
SQL: SHOW COLUMNS FROM `tp_qiandao` [ RunTime:0.0156s ]
SQL: SELECT * FROM `tp_qiandao` WHERE `uid` = 2 LIMIT 1   [ RunTime:0.0000s ]
SQL: UPDATE `tp_qiandao` SET `num`='8',`last_time`='1439654400' WHERE `uid` = 2 [ RunTime:0.0000s ]
NOTIC: [8] Undefined variable: add_point D:\kehu\mem\Member\Home\Controller\IndexController.class.php 第 112 行.
SQL: UPDATE `tp_member` SET `points`=points+21 WHERE `id` = 2 [ RunTime:0.0000s ]
SQL: SHOW COLUMNS FROM `tp_points` [ RunTime:0.0313s ]
SQL: INSERT INTO `tp_points` (`userid`,`points`,`status`) VALUES ('2','21','1') [ RunTime:0.0000s ]
INFO: [ app_end ] --START--
INFO: Run Behavior\ShowPageTraceBehavior [ RunTime:0.000000s ]
INFO: [ app_end ] --END-- [ RunTime:0.000000s ]

[ 2015-08-16T17:04:58+08:00 ] 140.207.54.79 /index.php/home/index/weixin?signature=28a3b2e7daa6666b5ed04a5bc406bb24d8a7c4f8&timestamp=1439715898&nonce=675450382
INFO: [ app_init ] --START--
INFO: Run Behavior\BuildLiteBehavior [ RunTime:0.000000s ]
INFO: [ app_init ] --END-- [ RunTime:0.000000s ]
INFO: [ app_begin ] --START--
INFO: Run Behavior\ReadHtmlCacheBehavior [ RunTime:0.000000s ]
INFO: [ app_begin ] --END-- [ RunTime:0.000000s ]
NOTIC: [8] Undefined variable: reply D:\kehu\mem\Member\Home\Controller\IndexController.class.php 第 123 行.
INFO: [ app_end ] --START--
INFO: Run Behavior\ShowPageTraceBehavior [ RunTime:0.000000s ]
INFO: [ app_end ] --END-- [ RunTime:0.000000s ]

[ 2015-08-16T17:05:00+08:00 ] 101.226.125.114 /index.php/home/index/info
INFO: [ app_init ] --START--
INFO: Run Behavior\BuildLiteBehavior [ RunTime:0.000000s ]
INFO: [ app_init ] --END-- [ RunTime:0.000000s ]
INFO: [ app_begin ] --START--
INFO: Run Behavior\ReadHtmlCacheBehavior [ RunTime:0.000000s ]
INFO: [ app_begin ] --END-- [ RunTime:0.000000s ]
NOTIC: [8] Use of undefined constant CURL_SSLVERSION_TLSv1 - assumed 'CURL_SSLVERSION_TLSv1' D:\kehu\mem\Member\Home\Controller\IndexController.class.php 第 316 行.
NOTIC: [8] Use of undefined constant CURL_SSLVERSION_TLSv1 - assumed 'CURL_SSLVERSION_TLSv1' D:\kehu\mem\Member\Home\Controller\IndexController.class.php 第 316 行.
SQL: SHOW COLUMNS FROM `tp_member` [ RunTime:0.0156s ]
SQL: SELECT * FROM `tp_member` WHERE `wxid` = 'oU3aduNDygBykeKQRTpnlA-Et9ZQ' LIMIT 1   [ RunTime:0.0000s ]
SQL: UPDATE `tp_member` SET `headimg`='http://wx.qlogo.cn/mmopen/ajNVdqHZLLA1zrnSLbibCBu5jjN9jZXhD6ZGHvw3scFibKMib5yetXzn89rZ4mZlzyBEhw1qCgXJ3DZCiauELg8vYA/0' WHERE `wxid` = 'oU3aduNDygBykeKQRTpnlA-Et9ZQ' [ RunTime:0.0000s ]
SQL: SELECT * FROM `tp_member` WHERE `wxid` = 'oU3aduNDygBykeKQRTpnlA-Et9ZQ' LIMIT 1   [ RunTime:0.0000s ]
SQL: SELECT * FROM `tp_member` WHERE `wxid` = 'oU3aduNDygBykeKQRTpnlA-Et9ZQ' LIMIT 1   [ RunTime:0.0000s ]
SQL: SELECT * FROM `tp_member` WHERE `id` = 2 LIMIT 1   [ RunTime:0.0000s ]
INFO: [ view_parse ] --START--
INFO: [ template_filter ] --START--
INFO: Run Behavior\ContentReplaceBehavior [ RunTime:0.000000s ]
INFO: [ template_filter ] --END-- [ RunTime:0.000000s ]
INFO: Run Behavior\ParseTemplateBehavior [ RunTime:0.078127s ]
INFO: [ view_parse ] --END-- [ RunTime:0.078127s ]
INFO: [ view_filter ] --START--
INFO: Run Behavior\WriteHtmlCacheBehavior [ RunTime:0.015626s ]
INFO: [ view_filter ] --END-- [ RunTime:0.015626s ]
INFO: [ app_end ] --START--
INFO: Run Behavior\ShowPageTraceBehavior [ RunTime:0.000000s ]
INFO: [ app_end ] --END-- [ RunTime:0.000000s ]

[ 2015-08-16T17:05:07+08:00 ] 140.207.54.78 /index.php/home/index/weixin?signature=df45fa90927a2032bea20aa972f7ac0b59b60dd1&timestamp=1439715907&nonce=1318514317
INFO: [ app_init ] --START--
INFO: Run Behavior\BuildLiteBehavior [ RunTime:0.000000s ]
INFO: [ app_init ] --END-- [ RunTime:0.000000s ]
INFO: [ app_begin ] --START--
INFO: Run Behavior\ReadHtmlCacheBehavior [ RunTime:0.000000s ]
INFO: [ app_begin ] --END-- [ RunTime:0.000000s ]
NOTIC: [8] Undefined variable: reply D:\kehu\mem\Member\Home\Controller\IndexController.class.php 第 123 行.
INFO: [ app_end ] --START--
INFO: Run Behavior\ShowPageTraceBehavior [ RunTime:0.000000s ]
INFO: [ app_end ] --END-- [ RunTime:0.000000s ]

[ 2015-08-16T19:42:41+08:00 ] 140.207.54.77 /index.php/home/index/weixin?signature=02dac543e4055a49ea82958dbc9d958d4dc0fdae&timestamp=1439725361&nonce=210343900
INFO: [ app_init ] --START--
INFO: Run Behavior\BuildLiteBehavior [ RunTime:0.000000s ]
INFO: [ app_init ] --END-- [ RunTime:0.000000s ]
INFO: [ app_begin ] --START--
INFO: Run Behavior\ReadHtmlCacheBehavior [ RunTime:0.015625s ]
INFO: [ app_begin ] --END-- [ RunTime:0.015625s ]
SQL: SHOW COLUMNS FROM `tp_member` [ RunTime:0.0000s ]
SQL: SELECT * FROM `tp_member` WHERE `wxid` = 'oU3aduFLEAvEHn2MwbsvkGOPRrT0' LIMIT 1   [ RunTime:0.0000s ]
SQL: SHOW COLUMNS FROM `tp_qiandao` [ RunTime:0.0156s ]
SQL: SELECT * FROM `tp_qiandao` WHERE `uid` = 3 LIMIT 1   [ RunTime:0.0000s ]
INFO: [ app_end ] --START--
INFO: Run Behavior\ShowPageTraceBehavior [ RunTime:0.000000s ]
INFO: [ app_end ] --END-- [ RunTime:0.000000s ]

[ 2015-08-16T19:42:55+08:00 ] 140.207.54.80 /index.php/home/index/weixin?signature=54f5996a265df7676b838879440e5b79f2d80d7c&timestamp=1439725375&nonce=1210103435
INFO: [ app_init ] --START--
INFO: Run Behavior\BuildLiteBehavior [ RunTime:0.000000s ]
INFO: [ app_init ] --END-- [ RunTime:0.000000s ]
INFO: [ app_begin ] --START--
INFO: Run Behavior\ReadHtmlCacheBehavior [ RunTime:0.000000s ]
INFO: [ app_begin ] --END-- [ RunTime:0.000000s ]
NOTIC: [8] Undefined variable: reply D:\kehu\mem\Member\Home\Controller\IndexController.class.php 第 123 行.
INFO: [ app_end ] --START--
INFO: Run Behavior\ShowPageTraceBehavior [ RunTime:0.000000s ]
INFO: [ app_end ] --END-- [ RunTime:0.000000s ]

[ 2015-08-16T21:27:11+08:00 ] 140.207.54.78 /index.php/home/index/weixin?signature=077a7743165b8e242a6845b3e46cba59326e61fa&timestamp=1439731631&nonce=606769488
INFO: [ app_init ] --START--
INFO: Run Behavior\BuildLiteBehavior [ RunTime:0.000000s ]
INFO: [ app_init ] --END-- [ RunTime:0.000000s ]
INFO: [ app_begin ] --START--
INFO: Run Behavior\ReadHtmlCacheBehavior [ RunTime:0.000000s ]
INFO: [ app_begin ] --END-- [ RunTime:0.000000s ]
NOTIC: [8] Undefined variable: reply D:\kehu\mem\Member\Home\Controller\IndexController.class.php 第 123 行.
INFO: [ app_end ] --START--
INFO: Run Behavior\ShowPageTraceBehavior [ RunTime:0.000000s ]
INFO: [ app_end ] --END-- [ RunTime:0.000000s ]

[ 2015-08-16T21:27:13+08:00 ] 101.226.125.114 /index.php/home/index/info
INFO: [ app_init ] --START--
INFO: Run Behavior\BuildLiteBehavior [ RunTime:0.000000s ]
INFO: [ app_init ] --END-- [ RunTime:0.000000s ]
INFO: [ app_begin ] --START--
INFO: Run Behavior\ReadHtmlCacheBehavior [ RunTime:0.000000s ]
INFO: [ app_begin ] --END-- [ RunTime:0.000000s ]
NOTIC: [8] Use of undefined constant CURL_SSLVERSION_TLSv1 - assumed 'CURL_SSLVERSION_TLSv1' D:\kehu\mem\Member\Home\Controller\IndexController.class.php 第 316 行.
NOTIC: [8] Use of undefined constant CURL_SSLVERSION_TLSv1 - assumed 'CURL_SSLVERSION_TLSv1' D:\kehu\mem\Member\Home\Controller\IndexController.class.php 第 316 行.
SQL: SHOW COLUMNS FROM `tp_member` [ RunTime:0.0000s ]
SQL: SELECT * FROM `tp_member` WHERE `wxid` = 'oU3aduNDygBykeKQRTpnlA-Et9ZQ' LIMIT 1   [ RunTime:0.0000s ]
SQL: UPDATE `tp_member` SET `headimg`='http://wx.qlogo.cn/mmopen/ajNVdqHZLLA1zrnSLbibCBu5jjN9jZXhD6ZGHvw3scFibKMib5yetXzn89rZ4mZlzyBEhw1qCgXJ3DZCiauELg8vYA/0' WHERE `wxid` = 'oU3aduNDygBykeKQRTpnlA-Et9ZQ' [ RunTime:0.0000s ]
SQL: SELECT * FROM `tp_member` WHERE `wxid` = 'oU3aduNDygBykeKQRTpnlA-Et9ZQ' LIMIT 1   [ RunTime:0.0000s ]
SQL: SELECT * FROM `tp_member` WHERE `wxid` = 'oU3aduNDygBykeKQRTpnlA-Et9ZQ' LIMIT 1   [ RunTime:0.0000s ]
SQL: SELECT * FROM `tp_member` WHERE `id` = 2 LIMIT 1   [ RunTime:0.0000s ]
INFO: [ view_parse ] --START--
INFO: [ template_filter ] --START--
INFO: Run Behavior\ContentReplaceBehavior [ RunTime:0.000000s ]
INFO: [ template_filter ] --END-- [ RunTime:0.000000s ]
INFO: Run Behavior\ParseTemplateBehavior [ RunTime:0.015625s ]
INFO: [ view_parse ] --END-- [ RunTime:0.015625s ]
INFO: [ view_filter ] --START--
INFO: Run Behavior\WriteHtmlCacheBehavior [ RunTime:0.000000s ]
INFO: [ view_filter ] --END-- [ RunTime:0.000000s ]
INFO: [ app_end ] --START--
INFO: Run Behavior\ShowPageTraceBehavior [ RunTime:0.000000s ]
INFO: [ app_end ] --END-- [ RunTime:0.000000s ]

[ 2015-08-16T21:27:19+08:00 ] 140.207.54.78 /index.php/home/index/weixin?signature=f8fc101cbf917be549a871c990615b5044d1e719&timestamp=1439731639&nonce=1856129608
INFO: [ app_init ] --START--
INFO: Run Behavior\BuildLiteBehavior [ RunTime:0.000000s ]
INFO: [ app_init ] --END-- [ RunTime:0.000000s ]
INFO: [ app_begin ] --START--
INFO: Run Behavior\ReadHtmlCacheBehavior [ RunTime:0.000000s ]
INFO: [ app_begin ] --END-- [ RunTime:0.000000s ]
NOTIC: [8] Undefined variable: reply D:\kehu\mem\Member\Home\Controller\IndexController.class.php 第 123 行.
INFO: [ app_end ] --START--
INFO: Run Behavior\ShowPageTraceBehavior [ RunTime:0.000000s ]
INFO: [ app_end ] --END-- [ RunTime:0.000000s ]

[ 2015-08-16T21:27:52+08:00 ] 180.153.206.17 /index.php/home/index/info
INFO: [ app_init ] --START--
INFO: Run Behavior\BuildLiteBehavior [ RunTime:0.000000s ]
INFO: [ app_init ] --END-- [ RunTime:0.000000s ]
INFO: [ app_begin ] --START--
INFO: Run Behavior\ReadHtmlCacheBehavior [ RunTime:0.000000s ]
INFO: [ app_begin ] --END-- [ RunTime:0.000000s ]
NOTIC: [8] Undefined index: openid D:\kehu\mem\Member\Home\Controller\IndexController.class.php 第 279 行.
NOTIC: [8] Use of undefined constant CURL_SSLVERSION_TLSv1 - assumed 'CURL_SSLVERSION_TLSv1' D:\kehu\mem\Member\Home\Controller\IndexController.class.php 第 316 行.
NOTIC: [8] Use of undefined constant CURL_SSLVERSION_TLSv1 - assumed 'CURL_SSLVERSION_TLSv1' D:\kehu\mem\Member\Home\Controller\IndexController.class.php 第 316 行.
NOTIC: [8] Undefined index: sex D:\kehu\mem\Member\Home\Controller\IndexController.class.php 第 159 行.
NOTIC: [8] Undefined index: headimgurl D:\kehu\mem\Member\Home\Controller\IndexController.class.php 第 160 行.
SQL: SHOW COLUMNS FROM `tp_member` [ RunTime:0.0156s ]
SQL: SELECT * FROM `tp_member` WHERE `wxid` = '' LIMIT 1   [ RunTime:0.0000s ]

[ 2015-08-16T21:40:43+08:00 ] 112.64.235.249 /index.php/home/index/info
INFO: [ app_init ] --START--
INFO: Run Behavior\BuildLiteBehavior [ RunTime:0.000000s ]
INFO: [ app_init ] --END-- [ RunTime:0.000000s ]
INFO: [ app_begin ] --START--
INFO: Run Behavior\ReadHtmlCacheBehavior [ RunTime:0.000000s ]
INFO: [ app_begin ] --END-- [ RunTime:0.000000s ]
NOTIC: [8] Undefined index: openid D:\kehu\mem\Member\Home\Controller\IndexController.class.php 第 279 行.
NOTIC: [8] Use of undefined constant CURL_SSLVERSION_TLSv1 - assumed 'CURL_SSLVERSION_TLSv1' D:\kehu\mem\Member\Home\Controller\IndexController.class.php 第 316 行.
NOTIC: [8] Use of undefined constant CURL_SSLVERSION_TLSv1 - assumed 'CURL_SSLVERSION_TLSv1' D:\kehu\mem\Member\Home\Controller\IndexController.class.php 第 316 行.
NOTIC: [8] Undefined index: sex D:\kehu\mem\Member\Home\Controller\IndexController.class.php 第 159 行.
NOTIC: [8] Undefined index: headimgurl D:\kehu\mem\Member\Home\Controller\IndexController.class.php 第 160 行.
SQL: SHOW COLUMNS FROM `tp_member` [ RunTime:0.0000s ]
SQL: SELECT * FROM `tp_member` WHERE `wxid` = '' LIMIT 1   [ RunTime:0.0000s ]

[ 2015-08-16T22:14:14+08:00 ] 140.207.54.73 /index.php/home/index/weixin?signature=2744e3ee10a51dca86b258bc07ebf0221b45c3d4&timestamp=1439734454&nonce=763022547
INFO: [ app_init ] --START--
INFO: Run Behavior\BuildLiteBehavior [ RunTime:0.000000s ]
INFO: [ app_init ] --END-- [ RunTime:0.000000s ]
INFO: [ app_begin ] --START--
INFO: Run Behavior\ReadHtmlCacheBehavior [ RunTime:0.000000s ]
INFO: [ app_begin ] --END-- [ RunTime:0.000000s ]
SQL: SHOW COLUMNS FROM `tp_member` [ RunTime:0.0000s ]
SQL: SELECT * FROM `tp_member` WHERE `wxid` = 'oU3aduCB9RnKtT-Z6cylUhAUVP8o' LIMIT 1   [ RunTime:0.0000s ]
SQL: SHOW COLUMNS FROM `tp_qiandao` [ RunTime:0.0000s ]
SQL: SELECT * FROM `tp_qiandao` WHERE `uid` = 44 LIMIT 1   [ RunTime:0.0000s ]
SQL: UPDATE `tp_qiandao` SET `num`='4',`last_time`='1439654400' WHERE `uid` = 44 [ RunTime:0.0156s ]
NOTIC: [8] Undefined variable: add_point D:\kehu\mem\Member\Home\Controller\IndexController.class.php 第 112 行.
SQL: UPDATE `tp_member` SET `points`=points+3 WHERE `id` = 44 [ RunTime:0.0000s ]
SQL: SHOW COLUMNS FROM `tp_points` [ RunTime:0.0000s ]
SQL: INSERT INTO `tp_points` (`userid`,`points`,`status`) VALUES ('44','3','1') [ RunTime:0.0000s ]
INFO: [ app_end ] --START--
INFO: Run Behavior\ShowPageTraceBehavior [ RunTime:0.000000s ]
INFO: [ app_end ] --END-- [ RunTime:0.000000s ]

[ 2015-08-16T22:21:26+08:00 ] 140.207.54.76 /index.php/home/index/weixin?signature=1202efaa021499181977279cb3fde55536cbaeae&timestamp=1439734886&nonce=741282487
INFO: [ app_init ] --START--
INFO: Run Behavior\BuildLiteBehavior [ RunTime:0.000000s ]
INFO: [ app_init ] --END-- [ RunTime:0.000000s ]
INFO: [ app_begin ] --START--
INFO: Run Behavior\ReadHtmlCacheBehavior [ RunTime:0.000000s ]
INFO: [ app_begin ] --END-- [ RunTime:0.000000s ]
SQL: SHOW COLUMNS FROM `tp_member` [ RunTime:0.0000s ]
SQL: SELECT * FROM `tp_member` WHERE `wxid` = 'oU3aduNDygBykeKQRTpnlA-Et9ZQ' LIMIT 1   [ RunTime:0.0000s ]
SQL: SHOW COLUMNS FROM `tp_qiandao` [ RunTime:0.0000s ]
SQL: SELECT * FROM `tp_qiandao` WHERE `uid` = 2 LIMIT 1   [ RunTime:0.0000s ]
INFO: [ app_end ] --START--
INFO: Run Behavior\ShowPageTraceBehavior [ RunTime:0.000000s ]
INFO: [ app_end ] --END-- [ RunTime:0.000000s ]

