[ 2015-08-15T08:50:45+08:00 ] 140.207.54.77 /index.php/home/index/weixin?signature=a79e4bfd777b11966372be2f8f5d0e598e4b2e36&timestamp=1439599845&nonce=211560396
INFO: [ app_init ] --START--
INFO: Run Behavior\BuildLiteBehavior [ RunTime:0.000000s ]
INFO: [ app_init ] --END-- [ RunTime:0.000000s ]
INFO: [ app_begin ] --START--
INFO: Run Behavior\ReadHtmlCacheBehavior [ RunTime:0.000000s ]
INFO: [ app_begin ] --END-- [ RunTime:0.000000s ]
SQL: SHOW COLUMNS FROM `tp_member` [ RunTime:0.0000s ]
SQL: SELECT * FROM `tp_member` WHERE `wxid` = 'oU3aduBGC-k2ObTC6YXz6ti74fXo' LIMIT 1   [ RunTime:0.0000s ]
SQL: SHOW COLUMNS FROM `tp_qiandao` [ RunTime:0.0000s ]
SQL: SELECT * FROM `tp_qiandao` WHERE `uid` = 45 LIMIT 1   [ RunTime:0.0000s ]
SQL: UPDATE `tp_qiandao` SET `num`='4',`last_time`='1439568000' WHERE `uid` = 45 [ RunTime:0.0000s ]
NOTIC: [8] Undefined variable: add_point D:\kehu\mem\Member\Home\Controller\IndexController.class.php 第 112 行.
SQL: UPDATE `tp_member` SET `points`=points+3 WHERE `id` = 45 [ RunTime:0.0000s ]
SQL: SHOW COLUMNS FROM `tp_points` [ RunTime:0.0000s ]
SQL: INSERT INTO `tp_points` (`userid`,`points`,`status`) VALUES ('45','3','1') [ RunTime:0.0156s ]
INFO: [ app_end ] --START--
INFO: Run Behavior\ShowPageTraceBehavior [ RunTime:0.000000s ]
INFO: [ app_end ] --END-- [ RunTime:0.000000s ]

[ 2015-08-15T09:05:34+08:00 ] 140.207.54.78 /index.php/home/index/weixin?signature=f150833a92595112ef628d4501ae02b1e3b965f9&timestamp=1439600734&nonce=2030591471
INFO: [ app_init ] --START--
INFO: Run Behavior\BuildLiteBehavior [ RunTime:0.000000s ]
INFO: [ app_init ] --END-- [ RunTime:0.000000s ]
INFO: [ app_begin ] --START--
INFO: Run Behavior\ReadHtmlCacheBehavior [ RunTime:0.000000s ]
INFO: [ app_begin ] --END-- [ RunTime:0.000000s ]
SQL: SHOW COLUMNS FROM `tp_member` [ RunTime:0.0000s ]
SQL: SELECT * FROM `tp_member` WHERE `wxid` = 'oU3aduNDygBykeKQRTpnlA-Et9ZQ' LIMIT 1   [ RunTime:0.0000s ]
SQL: SHOW COLUMNS FROM `tp_qiandao` [ RunTime:0.0000s ]
SQL: SELECT * FROM `tp_qiandao` WHERE `uid` = 2 LIMIT 1   [ RunTime:0.0000s ]
SQL: UPDATE `tp_qiandao` SET `num`='7',`last_time`='1439568000' WHERE `uid` = 2 [ RunTime:0.0000s ]
NOTIC: [8] Undefined variable: add_point D:\kehu\mem\Member\Home\Controller\IndexController.class.php 第 112 行.
SQL: UPDATE `tp_member` SET `points`=points+13 WHERE `id` = 2 [ RunTime:0.0000s ]
SQL: SHOW COLUMNS FROM `tp_points` [ RunTime:0.0156s ]
SQL: INSERT INTO `tp_points` (`userid`,`points`,`status`) VALUES ('2','13','1') [ RunTime:0.0000s ]
INFO: [ app_end ] --START--
INFO: Run Behavior\ShowPageTraceBehavior [ RunTime:0.000000s ]
INFO: [ app_end ] --END-- [ RunTime:0.000000s ]

[ 2015-08-15T09:05:38+08:00 ] 140.207.54.79 /index.php/home/index/weixin?signature=82e57d13ed55b9b1a5a2a62155b520a02eb6a563&timestamp=1439600738&nonce=2109738269
INFO: [ app_init ] --START--
INFO: Run Behavior\BuildLiteBehavior [ RunTime:0.000000s ]
INFO: [ app_init ] --END-- [ RunTime:0.000000s ]
INFO: [ app_begin ] --START--
INFO: Run Behavior\ReadHtmlCacheBehavior [ RunTime:0.000000s ]
INFO: [ app_begin ] --END-- [ RunTime:0.000000s ]
NOTIC: [8] Undefined variable: reply D:\kehu\mem\Member\Home\Controller\IndexController.class.php 第 123 行.
INFO: [ app_end ] --START--
INFO: Run Behavior\ShowPageTraceBehavior [ RunTime:0.000000s ]
INFO: [ app_end ] --END-- [ RunTime:0.000000s ]

[ 2015-08-15T09:05:41+08:00 ] 101.226.125.114 /index.php/home/index/info
INFO: [ app_init ] --START--
INFO: Run Behavior\BuildLiteBehavior [ RunTime:0.000000s ]
INFO: [ app_init ] --END-- [ RunTime:0.000000s ]
INFO: [ app_begin ] --START--
INFO: Run Behavior\ReadHtmlCacheBehavior [ RunTime:0.000000s ]
INFO: [ app_begin ] --END-- [ RunTime:0.000000s ]
NOTIC: [8] Use of undefined constant CURL_SSLVERSION_TLSv1 - assumed 'CURL_SSLVERSION_TLSv1' D:\kehu\mem\Member\Home\Controller\IndexController.class.php 第 316 行.
NOTIC: [8] Use of undefined constant CURL_SSLVERSION_TLSv1 - assumed 'CURL_SSLVERSION_TLSv1' D:\kehu\mem\Member\Home\Controller\IndexController.class.php 第 316 行.
SQL: SHOW COLUMNS FROM `tp_member` [ RunTime:0.0000s ]
SQL: SELECT * FROM `tp_member` WHERE `wxid` = 'oU3aduNDygBykeKQRTpnlA-Et9ZQ' LIMIT 1   [ RunTime:0.0000s ]
SQL: UPDATE `tp_member` SET `headimg`='http://wx.qlogo.cn/mmopen/ajNVdqHZLLA1zrnSLbibCBu5jjN9jZXhD6ZGHvw3scFibKMib5yetXzn89rZ4mZlzyBEhw1qCgXJ3DZCiauELg8vYA/0' WHERE `wxid` = 'oU3aduNDygBykeKQRTpnlA-Et9ZQ' [ RunTime:0.0000s ]
SQL: SELECT * FROM `tp_member` WHERE `wxid` = 'oU3aduNDygBykeKQRTpnlA-Et9ZQ' LIMIT 1   [ RunTime:0.0000s ]
SQL: SELECT * FROM `tp_member` WHERE `wxid` = 'oU3aduNDygBykeKQRTpnlA-Et9ZQ' LIMIT 1   [ RunTime:0.0000s ]
SQL: SELECT * FROM `tp_member` WHERE `id` = 2 LIMIT 1   [ RunTime:0.0000s ]
INFO: [ view_parse ] --START--
INFO: [ template_filter ] --START--
INFO: Run Behavior\ContentReplaceBehavior [ RunTime:0.000000s ]
INFO: [ template_filter ] --END-- [ RunTime:0.000000s ]
INFO: Run Behavior\ParseTemplateBehavior [ RunTime:0.015625s ]
INFO: [ view_parse ] --END-- [ RunTime:0.015625s ]
INFO: [ view_filter ] --START--
INFO: Run Behavior\WriteHtmlCacheBehavior [ RunTime:0.000000s ]
INFO: [ view_filter ] --END-- [ RunTime:0.000000s ]
INFO: [ app_end ] --START--
INFO: Run Behavior\ShowPageTraceBehavior [ RunTime:0.000000s ]
INFO: [ app_end ] --END-- [ RunTime:0.000000s ]

[ 2015-08-15T10:27:29+08:00 ] 121.42.0.31 /
INFO: [ app_init ] --START--
INFO: Run Behavior\BuildLiteBehavior [ RunTime:0.000000s ]
INFO: [ app_init ] --END-- [ RunTime:0.000000s ]
INFO: [ app_begin ] --START--
INFO: Run Behavior\ReadHtmlCacheBehavior [ RunTime:0.015625s ]
INFO: [ app_begin ] --END-- [ RunTime:0.015625s ]
ERR: 非法操作:index

[ 2015-08-15T11:18:30+08:00 ] 140.207.54.73 /index.php/home/index/weixin?signature=c48110a7c44ef87e16109fea5a49e2d8a2c67440&timestamp=1439608710&nonce=336098079
INFO: [ app_init ] --START--
INFO: Run Behavior\BuildLiteBehavior [ RunTime:0.000000s ]
INFO: [ app_init ] --END-- [ RunTime:0.000000s ]
INFO: [ app_begin ] --START--
INFO: Run Behavior\ReadHtmlCacheBehavior [ RunTime:0.000000s ]
INFO: [ app_begin ] --END-- [ RunTime:0.000000s ]
SQL: SHOW COLUMNS FROM `tp_member` [ RunTime:0.0000s ]
SQL: SELECT * FROM `tp_member` WHERE `wxid` = 'oU3aduCB9RnKtT-Z6cylUhAUVP8o' LIMIT 1   [ RunTime:0.0000s ]
SQL: SHOW COLUMNS FROM `tp_qiandao` [ RunTime:0.0000s ]
SQL: SELECT * FROM `tp_qiandao` WHERE `uid` = 44 LIMIT 1   [ RunTime:0.0000s ]
SQL: UPDATE `tp_qiandao` SET `num`='3',`last_time`='1439568000' WHERE `uid` = 44 [ RunTime:0.0000s ]
NOTIC: [8] Undefined variable: add_point D:\kehu\mem\Member\Home\Controller\IndexController.class.php 第 112 行.
SQL: UPDATE `tp_member` SET `points`=points+2 WHERE `id` = 44 [ RunTime:0.0000s ]
SQL: SHOW COLUMNS FROM `tp_points` [ RunTime:0.0000s ]
SQL: INSERT INTO `tp_points` (`userid`,`points`,`status`) VALUES ('44','2','1') [ RunTime:0.0000s ]
INFO: [ app_end ] --START--
INFO: Run Behavior\ShowPageTraceBehavior [ RunTime:0.015626s ]
INFO: [ app_end ] --END-- [ RunTime:0.015626s ]

[ 2015-08-15T11:18:46+08:00 ] 140.207.54.73 /index.php/home/index/weixin?signature=037105dd3d53527c68264a708beb1bfd6a85f9d6&timestamp=1439608726&nonce=382207228
INFO: [ app_init ] --START--
INFO: Run Behavior\BuildLiteBehavior [ RunTime:0.000000s ]
INFO: [ app_init ] --END-- [ RunTime:0.000000s ]
INFO: [ app_begin ] --START--
INFO: Run Behavior\ReadHtmlCacheBehavior [ RunTime:0.000000s ]
INFO: [ app_begin ] --END-- [ RunTime:0.000000s ]
NOTIC: [8] Undefined variable: reply D:\kehu\mem\Member\Home\Controller\IndexController.class.php 第 123 行.
INFO: [ app_end ] --START--
INFO: Run Behavior\ShowPageTraceBehavior [ RunTime:0.000000s ]
INFO: [ app_end ] --END-- [ RunTime:0.000000s ]

[ 2015-08-15T11:18:49+08:00 ] 117.136.77.124 /index.php/home/index/info
INFO: [ app_init ] --START--
INFO: Run Behavior\BuildLiteBehavior [ RunTime:0.000000s ]
INFO: [ app_init ] --END-- [ RunTime:0.000000s ]
INFO: [ app_begin ] --START--
INFO: Run Behavior\ReadHtmlCacheBehavior [ RunTime:0.000000s ]
INFO: [ app_begin ] --END-- [ RunTime:0.000000s ]
NOTIC: [8] Use of undefined constant CURL_SSLVERSION_TLSv1 - assumed 'CURL_SSLVERSION_TLSv1' D:\kehu\mem\Member\Home\Controller\IndexController.class.php 第 316 行.
NOTIC: [8] Use of undefined constant CURL_SSLVERSION_TLSv1 - assumed 'CURL_SSLVERSION_TLSv1' D:\kehu\mem\Member\Home\Controller\IndexController.class.php 第 316 行.
SQL: SHOW COLUMNS FROM `tp_member` [ RunTime:0.0000s ]
SQL: SELECT * FROM `tp_member` WHERE `wxid` = 'oU3aduCB9RnKtT-Z6cylUhAUVP8o' LIMIT 1   [ RunTime:0.0000s ]
SQL: UPDATE `tp_member` SET `headimg`='http://wx.qlogo.cn/mmopen/MqetDIMGBoVDjT3foTjQGUADGialFSammPMXHDInnYrHqnKVib1bKPghiazEsFIQkFezAK90IicMic7v49FkbJD8dDzwWXlVibR3p2/0' WHERE `wxid` = 'oU3aduCB9RnKtT-Z6cylUhAUVP8o' [ RunTime:0.0000s ]
SQL: SELECT * FROM `tp_member` WHERE `wxid` = 'oU3aduCB9RnKtT-Z6cylUhAUVP8o' LIMIT 1   [ RunTime:0.0000s ]
SQL: SELECT * FROM `tp_member` WHERE `wxid` = 'oU3aduCB9RnKtT-Z6cylUhAUVP8o' LIMIT 1   [ RunTime:0.0000s ]
SQL: SELECT * FROM `tp_member` WHERE `id` = 44 LIMIT 1   [ RunTime:0.0000s ]
INFO: [ view_parse ] --START--
INFO: [ template_filter ] --START--
INFO: Run Behavior\ContentReplaceBehavior [ RunTime:0.000000s ]
INFO: [ template_filter ] --END-- [ RunTime:0.000000s ]
INFO: Run Behavior\ParseTemplateBehavior [ RunTime:0.015625s ]
INFO: [ view_parse ] --END-- [ RunTime:0.015625s ]
INFO: [ view_filter ] --START--
INFO: Run Behavior\WriteHtmlCacheBehavior [ RunTime:0.000000s ]
INFO: [ view_filter ] --END-- [ RunTime:0.000000s ]
INFO: [ app_end ] --START--
INFO: Run Behavior\ShowPageTraceBehavior [ RunTime:0.000000s ]
INFO: [ app_end ] --END-- [ RunTime:0.000000s ]

[ 2015-08-15T13:45:13+08:00 ] 140.207.54.78 /index.php/home/index/weixin?signature=cbc41292645f5d8cd703f9fb02e064156e54e992&timestamp=1439617512&nonce=613423729
INFO: [ app_init ] --START--
INFO: Run Behavior\BuildLiteBehavior [ RunTime:0.000000s ]
INFO: [ app_init ] --END-- [ RunTime:0.000000s ]
INFO: [ app_begin ] --START--
INFO: Run Behavior\ReadHtmlCacheBehavior [ RunTime:0.000000s ]
INFO: [ app_begin ] --END-- [ RunTime:0.000000s ]
NOTIC: [8] Undefined variable: reply D:\kehu\mem\Member\Home\Controller\IndexController.class.php 第 123 行.
INFO: [ app_end ] --START--
INFO: Run Behavior\ShowPageTraceBehavior [ RunTime:0.000000s ]
INFO: [ app_end ] --END-- [ RunTime:0.000000s ]

[ 2015-08-15T13:45:18+08:00 ] 101.226.125.114 /index.php/home/index/info
INFO: [ app_init ] --START--
INFO: Run Behavior\BuildLiteBehavior [ RunTime:0.000000s ]
INFO: [ app_init ] --END-- [ RunTime:0.000000s ]
INFO: [ app_begin ] --START--
INFO: Run Behavior\ReadHtmlCacheBehavior [ RunTime:0.000000s ]
INFO: [ app_begin ] --END-- [ RunTime:0.000000s ]
NOTIC: [8] Use of undefined constant CURL_SSLVERSION_TLSv1 - assumed 'CURL_SSLVERSION_TLSv1' D:\kehu\mem\Member\Home\Controller\IndexController.class.php 第 316 行.
NOTIC: [8] Use of undefined constant CURL_SSLVERSION_TLSv1 - assumed 'CURL_SSLVERSION_TLSv1' D:\kehu\mem\Member\Home\Controller\IndexController.class.php 第 316 行.
SQL: SHOW COLUMNS FROM `tp_member` [ RunTime:0.0000s ]
SQL: SELECT * FROM `tp_member` WHERE `wxid` = 'oU3aduNDygBykeKQRTpnlA-Et9ZQ' LIMIT 1   [ RunTime:0.0000s ]
SQL: UPDATE `tp_member` SET `headimg`='http://wx.qlogo.cn/mmopen/ajNVdqHZLLA1zrnSLbibCBu5jjN9jZXhD6ZGHvw3scFibKMib5yetXzn89rZ4mZlzyBEhw1qCgXJ3DZCiauELg8vYA/0' WHERE `wxid` = 'oU3aduNDygBykeKQRTpnlA-Et9ZQ' [ RunTime:0.0000s ]
SQL: SELECT * FROM `tp_member` WHERE `wxid` = 'oU3aduNDygBykeKQRTpnlA-Et9ZQ' LIMIT 1   [ RunTime:0.0000s ]
SQL: SELECT * FROM `tp_member` WHERE `wxid` = 'oU3aduNDygBykeKQRTpnlA-Et9ZQ' LIMIT 1   [ RunTime:0.0000s ]
SQL: SELECT * FROM `tp_member` WHERE `id` = 2 LIMIT 1   [ RunTime:0.0000s ]
INFO: [ view_parse ] --START--
INFO: [ template_filter ] --START--
INFO: Run Behavior\ContentReplaceBehavior [ RunTime:0.000000s ]
INFO: [ template_filter ] --END-- [ RunTime:0.000000s ]
INFO: Run Behavior\ParseTemplateBehavior [ RunTime:0.015626s ]
INFO: [ view_parse ] --END-- [ RunTime:0.015626s ]
INFO: [ view_filter ] --START--
INFO: Run Behavior\WriteHtmlCacheBehavior [ RunTime:0.000000s ]
INFO: [ view_filter ] --END-- [ RunTime:0.000000s ]
INFO: [ app_end ] --START--
INFO: Run Behavior\ShowPageTraceBehavior [ RunTime:0.000000s ]
INFO: [ app_end ] --END-- [ RunTime:0.000000s ]

[ 2015-08-15T13:45:26+08:00 ] 140.207.54.78 /index.php/home/index/weixin?signature=cfa4d24e2f99f523c913eaef1f1f3fec218ef7a7&timestamp=1439617526&nonce=1249946973
INFO: [ app_init ] --START--
INFO: Run Behavior\BuildLiteBehavior [ RunTime:0.000000s ]
INFO: [ app_init ] --END-- [ RunTime:0.000000s ]
INFO: [ app_begin ] --START--
INFO: Run Behavior\ReadHtmlCacheBehavior [ RunTime:0.000000s ]
INFO: [ app_begin ] --END-- [ RunTime:0.000000s ]
NOTIC: [8] Undefined variable: reply D:\kehu\mem\Member\Home\Controller\IndexController.class.php 第 123 行.
INFO: [ app_end ] --START--
INFO: Run Behavior\ShowPageTraceBehavior [ RunTime:0.000000s ]
INFO: [ app_end ] --END-- [ RunTime:0.000000s ]

[ 2015-08-15T13:46:07+08:00 ] 140.207.54.80 /index.php/home/index/weixin?signature=f4d7faa1680c849dc7f453cc4bafa43b09e21373&timestamp=1439617567&nonce=1937548768
INFO: [ app_init ] --START--
INFO: Run Behavior\BuildLiteBehavior [ RunTime:0.000000s ]
INFO: [ app_init ] --END-- [ RunTime:0.000000s ]
INFO: [ app_begin ] --START--
INFO: Run Behavior\ReadHtmlCacheBehavior [ RunTime:0.000000s ]
INFO: [ app_begin ] --END-- [ RunTime:0.000000s ]
SQL: SHOW COLUMNS FROM `tp_member` [ RunTime:0.0000s ]
SQL: SELECT * FROM `tp_member` WHERE `wxid` = 'oU3aduFLEAvEHn2MwbsvkGOPRrT0' LIMIT 1   [ RunTime:0.0000s ]
SQL: SHOW COLUMNS FROM `tp_qiandao` [ RunTime:0.0000s ]
SQL: SELECT * FROM `tp_qiandao` WHERE `uid` = 3 LIMIT 1   [ RunTime:0.0000s ]
SQL: UPDATE `tp_qiandao` SET `num`='2',`last_time`='1439568000' WHERE `uid` = 3 [ RunTime:0.0000s ]
NOTIC: [8] Undefined variable: add_point D:\kehu\mem\Member\Home\Controller\IndexController.class.php 第 112 行.
SQL: UPDATE `tp_member` SET `points`=points+1 WHERE `id` = 3 [ RunTime:0.0000s ]
SQL: SHOW COLUMNS FROM `tp_points` [ RunTime:0.0000s ]
SQL: INSERT INTO `tp_points` (`userid`,`points`,`status`) VALUES ('3','1','1') [ RunTime:0.0156s ]
INFO: [ app_end ] --START--
INFO: Run Behavior\ShowPageTraceBehavior [ RunTime:0.000000s ]
INFO: [ app_end ] --END-- [ RunTime:0.000000s ]

[ 2015-08-15T13:46:07+08:00 ] 180.153.206.13 /index.php/home/index/weixin
INFO: [ app_init ] --START--
INFO: Run Behavior\BuildLiteBehavior [ RunTime:0.000000s ]
INFO: [ app_init ] --END-- [ RunTime:0.000000s ]
INFO: [ app_begin ] --START--
INFO: Run Behavior\ReadHtmlCacheBehavior [ RunTime:0.000000s ]
INFO: [ app_begin ] --END-- [ RunTime:0.015625s ]
NOTIC: [8] Undefined index: HTTP_RAW_POST_DATA D:\kehu\mem\ThinkPHP\Library\Org\Util\Weixin.class.php 第 20 行.
NOTIC: [8] Undefined index: FromUserName D:\kehu\mem\Member\Home\Controller\IndexController.class.php 第 11 行.
NOTIC: [8] Undefined index: Content D:\kehu\mem\Member\Home\Controller\IndexController.class.php 第 13 行.
NOTIC: [8] Undefined index: Content D:\kehu\mem\Member\Home\Controller\IndexController.class.php 第 15 行.
NOTIC: [8] Undefined index: Content D:\kehu\mem\Member\Home\Controller\IndexController.class.php 第 52 行.
NOTIC: [8] Undefined index: FromUserName D:\kehu\mem\ThinkPHP\Library\Org\Util\Weixin.class.php 第 38 行.
NOTIC: [8] Undefined index: ToUserName D:\kehu\mem\ThinkPHP\Library\Org\Util\Weixin.class.php 第 39 行.
INFO: [ app_end ] --START--
INFO: Run Behavior\ShowPageTraceBehavior [ RunTime:0.000000s ]
INFO: [ app_end ] --END-- [ RunTime:0.000000s ]

[ 2015-08-15T13:46:15+08:00 ] 140.207.54.77 /index.php/home/index/weixin?signature=744b27fad1ecb6903a74d2096392c1e87e0a00d7&timestamp=1439617575&nonce=1458632584
INFO: [ app_init ] --START--
INFO: Run Behavior\BuildLiteBehavior [ RunTime:0.000000s ]
INFO: [ app_init ] --END-- [ RunTime:0.000000s ]
INFO: [ app_begin ] --START--
INFO: Run Behavior\ReadHtmlCacheBehavior [ RunTime:0.000000s ]
INFO: [ app_begin ] --END-- [ RunTime:0.000000s ]
NOTIC: [8] Undefined variable: reply D:\kehu\mem\Member\Home\Controller\IndexController.class.php 第 123 行.
INFO: [ app_end ] --START--
INFO: Run Behavior\ShowPageTraceBehavior [ RunTime:0.000000s ]
INFO: [ app_end ] --END-- [ RunTime:0.000000s ]

[ 2015-08-15T13:46:18+08:00 ] 101.226.125.113 /index.php/home/index/info
INFO: [ app_init ] --START--
INFO: Run Behavior\BuildLiteBehavior [ RunTime:0.000000s ]
INFO: [ app_init ] --END-- [ RunTime:0.000000s ]
INFO: [ app_begin ] --START--
INFO: Run Behavior\ReadHtmlCacheBehavior [ RunTime:0.000000s ]
INFO: [ app_begin ] --END-- [ RunTime:0.000000s ]
NOTIC: [8] Use of undefined constant CURL_SSLVERSION_TLSv1 - assumed 'CURL_SSLVERSION_TLSv1' D:\kehu\mem\Member\Home\Controller\IndexController.class.php 第 316 行.
NOTIC: [8] Use of undefined constant CURL_SSLVERSION_TLSv1 - assumed 'CURL_SSLVERSION_TLSv1' D:\kehu\mem\Member\Home\Controller\IndexController.class.php 第 316 行.
SQL: SHOW COLUMNS FROM `tp_member` [ RunTime:0.0000s ]
SQL: SELECT * FROM `tp_member` WHERE `wxid` = 'oU3aduFLEAvEHn2MwbsvkGOPRrT0' LIMIT 1   [ RunTime:0.0000s ]
SQL: UPDATE `tp_member` SET `headimg`='http://wx.qlogo.cn/mmopen/vwQ5VeFgEunfXDuQolB7P8MZRibxeHgTG7faevCgNg8462pvVN8ZpibvlebUA92iayfczxNsP6nSic6iajibf8wZJd8ZicAibNzWO3Pf/0' WHERE `wxid` = 'oU3aduFLEAvEHn2MwbsvkGOPRrT0' [ RunTime:0.0000s ]
SQL: SELECT * FROM `tp_member` WHERE `wxid` = 'oU3aduFLEAvEHn2MwbsvkGOPRrT0' LIMIT 1   [ RunTime:0.0000s ]
SQL: SELECT * FROM `tp_member` WHERE `wxid` = 'oU3aduFLEAvEHn2MwbsvkGOPRrT0' LIMIT 1   [ RunTime:0.0000s ]
SQL: SELECT * FROM `tp_member` WHERE `id` = 3 LIMIT 1   [ RunTime:0.0000s ]
INFO: [ view_parse ] --START--
INFO: [ template_filter ] --START--
INFO: Run Behavior\ContentReplaceBehavior [ RunTime:0.000000s ]
INFO: [ template_filter ] --END-- [ RunTime:0.000000s ]
INFO: Run Behavior\ParseTemplateBehavior [ RunTime:0.000000s ]
INFO: [ view_parse ] --END-- [ RunTime:0.000000s ]
INFO: [ view_filter ] --START--
INFO: Run Behavior\WriteHtmlCacheBehavior [ RunTime:0.000000s ]
INFO: [ view_filter ] --END-- [ RunTime:0.000000s ]
INFO: [ app_end ] --START--
INFO: Run Behavior\ShowPageTraceBehavior [ RunTime:0.000000s ]
INFO: [ app_end ] --END-- [ RunTime:0.000000s ]

[ 2015-08-15T13:46:37+08:00 ] 140.207.54.76 /index.php/home/index/weixin?signature=1c91f30069a7a04b64d756ab966e861b44ca4dff&timestamp=1439617597&nonce=1887143547
INFO: [ app_init ] --START--
INFO: Run Behavior\BuildLiteBehavior [ RunTime:0.000000s ]
INFO: [ app_init ] --END-- [ RunTime:0.000000s ]
INFO: [ app_begin ] --START--
INFO: Run Behavior\ReadHtmlCacheBehavior [ RunTime:0.000000s ]
INFO: [ app_begin ] --END-- [ RunTime:0.000000s ]
NOTIC: [8] Undefined variable: reply D:\kehu\mem\Member\Home\Controller\IndexController.class.php 第 123 行.
INFO: [ app_end ] --START--
INFO: Run Behavior\ShowPageTraceBehavior [ RunTime:0.000000s ]
INFO: [ app_end ] --END-- [ RunTime:0.000000s ]

[ 2015-08-15T14:07:14+08:00 ] 140.207.54.78 /index.php/home/index/weixin?signature=061c428a1b421372bc71150c8c367bd881489c3f&timestamp=1439618834&nonce=629923875
INFO: [ app_init ] --START--
INFO: Run Behavior\BuildLiteBehavior [ RunTime:0.000000s ]
INFO: [ app_init ] --END-- [ RunTime:0.000000s ]
INFO: [ app_begin ] --START--
INFO: Run Behavior\ReadHtmlCacheBehavior [ RunTime:0.000000s ]
INFO: [ app_begin ] --END-- [ RunTime:0.000000s ]
SQL: SHOW COLUMNS FROM `tp_member` [ RunTime:0.0000s ]
SQL: SELECT * FROM `tp_member` WHERE `wxid` = 'oU3aduBEoLgvsaHj7drgL9lNJsv4' LIMIT 1   [ RunTime:0.0000s ]
SQL: SHOW COLUMNS FROM `tp_qiandao` [ RunTime:0.0156s ]
SQL: SELECT * FROM `tp_qiandao` WHERE `uid` = 25 LIMIT 1   [ RunTime:0.0000s ]
SQL: UPDATE `tp_qiandao` SET `num`='2',`last_time`='1439568000' WHERE `uid` = 25 [ RunTime:0.0000s ]
NOTIC: [8] Undefined variable: add_point D:\kehu\mem\Member\Home\Controller\IndexController.class.php 第 112 行.
SQL: UPDATE `tp_member` SET `points`=points+1 WHERE `id` = 25 [ RunTime:0.0000s ]
SQL: SHOW COLUMNS FROM `tp_points` [ RunTime:0.0000s ]
SQL: INSERT INTO `tp_points` (`userid`,`points`,`status`) VALUES ('25','1','1') [ RunTime:0.0000s ]
INFO: [ app_end ] --START--
INFO: Run Behavior\ShowPageTraceBehavior [ RunTime:0.000000s ]
INFO: [ app_end ] --END-- [ RunTime:0.000000s ]

[ 2015-08-15T14:07:22+08:00 ] 140.207.54.78 /index.php/home/index/weixin?signature=6ec6632e724eba27b22dc6a421db558cee1720a0&timestamp=1439618842&nonce=2037775534
INFO: [ app_init ] --START--
INFO: Run Behavior\BuildLiteBehavior [ RunTime:0.000000s ]
INFO: [ app_init ] --END-- [ RunTime:0.000000s ]
INFO: [ app_begin ] --START--
INFO: Run Behavior\ReadHtmlCacheBehavior [ RunTime:0.000000s ]
INFO: [ app_begin ] --END-- [ RunTime:0.000000s ]
NOTIC: [8] Undefined variable: reply D:\kehu\mem\Member\Home\Controller\IndexController.class.php 第 123 行.
INFO: [ app_end ] --START--
INFO: Run Behavior\ShowPageTraceBehavior [ RunTime:0.000000s ]
INFO: [ app_end ] --END-- [ RunTime:0.000000s ]

[ 2015-08-15T14:07:23+08:00 ] 218.56.90.214 /index.php/home/index/info
INFO: [ app_init ] --START--
INFO: Run Behavior\BuildLiteBehavior [ RunTime:0.000000s ]
INFO: [ app_init ] --END-- [ RunTime:0.000000s ]
INFO: [ app_begin ] --START--
INFO: Run Behavior\ReadHtmlCacheBehavior [ RunTime:0.000000s ]
INFO: [ app_begin ] --END-- [ RunTime:0.000000s ]
NOTIC: [8] Use of undefined constant CURL_SSLVERSION_TLSv1 - assumed 'CURL_SSLVERSION_TLSv1' D:\kehu\mem\Member\Home\Controller\IndexController.class.php 第 316 行.
NOTIC: [8] Use of undefined constant CURL_SSLVERSION_TLSv1 - assumed 'CURL_SSLVERSION_TLSv1' D:\kehu\mem\Member\Home\Controller\IndexController.class.php 第 316 行.
SQL: SHOW COLUMNS FROM `tp_member` [ RunTime:0.0000s ]
SQL: SELECT * FROM `tp_member` WHERE `wxid` = 'oU3aduBEoLgvsaHj7drgL9lNJsv4' LIMIT 1   [ RunTime:0.0000s ]
SQL: UPDATE `tp_member` SET `headimg`='http://wx.qlogo.cn/mmopen/MqetDIMGBoVDjT3foTjQGYlTGvcfQpDibEZYDEfMtu8ChiadQnibeyC45XJhO50WmXAqy5NUmmPnibOD8aDLtENlCjzEsQpVH5B7/0' WHERE `wxid` = 'oU3aduBEoLgvsaHj7drgL9lNJsv4' [ RunTime:0.0000s ]
SQL: SELECT * FROM `tp_member` WHERE `wxid` = 'oU3aduBEoLgvsaHj7drgL9lNJsv4' LIMIT 1   [ RunTime:0.0000s ]
SQL: SELECT * FROM `tp_member` WHERE `wxid` = 'oU3aduBEoLgvsaHj7drgL9lNJsv4' LIMIT 1   [ RunTime:0.0000s ]
SQL: SELECT * FROM `tp_member` WHERE `id` = 25 LIMIT 1   [ RunTime:0.0000s ]
INFO: [ view_parse ] --START--
INFO: [ template_filter ] --START--
INFO: Run Behavior\ContentReplaceBehavior [ RunTime:0.000000s ]
INFO: [ template_filter ] --END-- [ RunTime:0.000000s ]
INFO: Run Behavior\ParseTemplateBehavior [ RunTime:0.015625s ]
INFO: [ view_parse ] --END-- [ RunTime:0.015625s ]
INFO: [ view_filter ] --START--
INFO: Run Behavior\WriteHtmlCacheBehavior [ RunTime:0.000000s ]
INFO: [ view_filter ] --END-- [ RunTime:0.000000s ]
INFO: [ app_end ] --START--
INFO: Run Behavior\ShowPageTraceBehavior [ RunTime:0.000000s ]
INFO: [ app_end ] --END-- [ RunTime:0.000000s ]

[ 2015-08-15T14:07:40+08:00 ] 140.207.54.78 /index.php/home/index/weixin?signature=bdada77d3831ae56aa8f1dee72693273954fc45e&timestamp=1439618860&nonce=1195493389
INFO: [ app_init ] --START--
INFO: Run Behavior\BuildLiteBehavior [ RunTime:0.000000s ]
INFO: [ app_init ] --END-- [ RunTime:0.000000s ]
INFO: [ app_begin ] --START--
INFO: Run Behavior\ReadHtmlCacheBehavior [ RunTime:0.000000s ]
INFO: [ app_begin ] --END-- [ RunTime:0.000000s ]
NOTIC: [8] Undefined variable: reply D:\kehu\mem\Member\Home\Controller\IndexController.class.php 第 123 行.
INFO: [ app_end ] --START--
INFO: Run Behavior\ShowPageTraceBehavior [ RunTime:0.000000s ]
INFO: [ app_end ] --END-- [ RunTime:0.000000s ]

[ 2015-08-15T14:08:00+08:00 ] 140.207.54.78 /index.php/home/index/weixin?signature=a0cd5dfcf1c0ac54136930a2745eb2013ce22dec&timestamp=1439618880&nonce=60716073
INFO: [ app_init ] --START--
INFO: Run Behavior\BuildLiteBehavior [ RunTime:0.000000s ]
INFO: [ app_init ] --END-- [ RunTime:0.000000s ]
INFO: [ app_begin ] --START--
INFO: Run Behavior\ReadHtmlCacheBehavior [ RunTime:0.000000s ]
INFO: [ app_begin ] --END-- [ RunTime:0.000000s ]
NOTIC: [8] Undefined variable: reply D:\kehu\mem\Member\Home\Controller\IndexController.class.php 第 123 行.
INFO: [ app_end ] --START--
INFO: Run Behavior\ShowPageTraceBehavior [ RunTime:0.000000s ]
INFO: [ app_end ] --END-- [ RunTime:0.000000s ]

[ 2015-08-15T14:09:31+08:00 ] 140.207.54.77 /index.php/home/index/weixin?signature=98049f43f9410e411736326c60090d9b9df31ab2&timestamp=1439618971&nonce=822910433
INFO: [ app_init ] --START--
INFO: Run Behavior\BuildLiteBehavior [ RunTime:0.000000s ]
INFO: [ app_init ] --END-- [ RunTime:0.000000s ]
INFO: [ app_begin ] --START--
INFO: Run Behavior\ReadHtmlCacheBehavior [ RunTime:0.000000s ]
INFO: [ app_begin ] --END-- [ RunTime:0.000000s ]
NOTIC: [8] Undefined variable: reply D:\kehu\mem\Member\Home\Controller\IndexController.class.php 第 123 行.
INFO: [ app_end ] --START--
INFO: Run Behavior\ShowPageTraceBehavior [ RunTime:0.000000s ]
INFO: [ app_end ] --END-- [ RunTime:0.000000s ]

[ 2015-08-15T15:00:04+08:00 ] 140.207.54.78 /index.php/home/index/weixin?signature=c14f182b4d02619d76a4277ac6812d1accdbc473&timestamp=1439622004&nonce=1808491678
INFO: [ app_init ] --START--
INFO: Run Behavior\BuildLiteBehavior [ RunTime:0.000000s ]
INFO: [ app_init ] --END-- [ RunTime:0.000000s ]
INFO: [ app_begin ] --START--
INFO: Run Behavior\ReadHtmlCacheBehavior [ RunTime:0.000000s ]
INFO: [ app_begin ] --END-- [ RunTime:0.000000s ]
NOTIC: [8] Undefined variable: reply D:\kehu\mem\Member\Home\Controller\IndexController.class.php 第 123 行.
INFO: [ app_end ] --START--
INFO: Run Behavior\ShowPageTraceBehavior [ RunTime:0.000000s ]
INFO: [ app_end ] --END-- [ RunTime:0.000000s ]

[ 2015-08-15T16:38:25+08:00 ] 140.207.54.74 /index.php/home/index/weixin?signature=65a6ea295555a98ddf0fcf95250674f87f7d9cff&timestamp=1439627905&nonce=1557872123
INFO: [ app_init ] --START--
INFO: Run Behavior\BuildLiteBehavior [ RunTime:0.000000s ]
INFO: [ app_init ] --END-- [ RunTime:0.000000s ]
INFO: [ app_begin ] --START--
INFO: Run Behavior\ReadHtmlCacheBehavior [ RunTime:0.000000s ]
INFO: [ app_begin ] --END-- [ RunTime:0.000000s ]
NOTIC: [8] Undefined variable: reply D:\kehu\mem\Member\Home\Controller\IndexController.class.php 第 123 行.
INFO: [ app_end ] --START--
INFO: Run Behavior\ShowPageTraceBehavior [ RunTime:0.000000s ]
INFO: [ app_end ] --END-- [ RunTime:0.000000s ]

[ 2015-08-15T16:38:27+08:00 ] 117.136.77.111 /index.php/home/index/info
INFO: [ app_init ] --START--
INFO: Run Behavior\BuildLiteBehavior [ RunTime:0.000000s ]
INFO: [ app_init ] --END-- [ RunTime:0.000000s ]
INFO: [ app_begin ] --START--
INFO: Run Behavior\ReadHtmlCacheBehavior [ RunTime:0.000000s ]
INFO: [ app_begin ] --END-- [ RunTime:0.000000s ]
NOTIC: [8] Use of undefined constant CURL_SSLVERSION_TLSv1 - assumed 'CURL_SSLVERSION_TLSv1' D:\kehu\mem\Member\Home\Controller\IndexController.class.php 第 316 行.
NOTIC: [8] Use of undefined constant CURL_SSLVERSION_TLSv1 - assumed 'CURL_SSLVERSION_TLSv1' D:\kehu\mem\Member\Home\Controller\IndexController.class.php 第 316 行.
SQL: SHOW COLUMNS FROM `tp_member` [ RunTime:0.0000s ]
SQL: SELECT * FROM `tp_member` WHERE `wxid` = 'oU3aduCB9RnKtT-Z6cylUhAUVP8o' LIMIT 1   [ RunTime:0.0000s ]
SQL: UPDATE `tp_member` SET `headimg`='http://wx.qlogo.cn/mmopen/MqetDIMGBoVDjT3foTjQGUADGialFSammPMXHDInnYrHqnKVib1bKPghiazEsFIQkFezAK90IicMic7v49FkbJD8dDzwWXlVibR3p2/0' WHERE `wxid` = 'oU3aduCB9RnKtT-Z6cylUhAUVP8o' [ RunTime:0.0000s ]
SQL: SELECT * FROM `tp_member` WHERE `wxid` = 'oU3aduCB9RnKtT-Z6cylUhAUVP8o' LIMIT 1   [ RunTime:0.0000s ]
SQL: SELECT * FROM `tp_member` WHERE `wxid` = 'oU3aduCB9RnKtT-Z6cylUhAUVP8o' LIMIT 1   [ RunTime:0.0000s ]
SQL: SELECT * FROM `tp_member` WHERE `id` = 44 LIMIT 1   [ RunTime:0.0000s ]
INFO: [ view_parse ] --START--
INFO: [ template_filter ] --START--
INFO: Run Behavior\ContentReplaceBehavior [ RunTime:0.000000s ]
INFO: [ template_filter ] --END-- [ RunTime:0.000000s ]
INFO: Run Behavior\ParseTemplateBehavior [ RunTime:0.000000s ]
INFO: [ view_parse ] --END-- [ RunTime:0.000000s ]
INFO: [ view_filter ] --START--
INFO: Run Behavior\WriteHtmlCacheBehavior [ RunTime:0.000000s ]
INFO: [ view_filter ] --END-- [ RunTime:0.000000s ]
INFO: [ app_end ] --START--
INFO: Run Behavior\ShowPageTraceBehavior [ RunTime:0.000000s ]
INFO: [ app_end ] --END-- [ RunTime:0.000000s ]

[ 2015-08-15T16:38:36+08:00 ] 140.207.54.80 /index.php/home/index/weixin?signature=f1b70574f11f976676e1c52478c2ddef0e7c0073&timestamp=1439627916&nonce=1853901735
INFO: [ app_init ] --START--
INFO: Run Behavior\BuildLiteBehavior [ RunTime:0.000000s ]
INFO: [ app_init ] --END-- [ RunTime:0.000000s ]
INFO: [ app_begin ] --START--
INFO: Run Behavior\ReadHtmlCacheBehavior [ RunTime:0.000000s ]
INFO: [ app_begin ] --END-- [ RunTime:0.000000s ]
NOTIC: [8] Undefined variable: reply D:\kehu\mem\Member\Home\Controller\IndexController.class.php 第 123 行.
INFO: [ app_end ] --START--
INFO: Run Behavior\ShowPageTraceBehavior [ RunTime:0.000000s ]
INFO: [ app_end ] --END-- [ RunTime:0.000000s ]

[ 2015-08-15T16:39:21+08:00 ] 140.207.54.80 /index.php/home/index/weixin?signature=f3ec5dff04090226effb32501e55a5ad9e2901d1&timestamp=1439627961&nonce=966490116
INFO: [ app_init ] --START--
INFO: Run Behavior\BuildLiteBehavior [ RunTime:0.000000s ]
INFO: [ app_init ] --END-- [ RunTime:0.000000s ]
INFO: [ app_begin ] --START--
INFO: Run Behavior\ReadHtmlCacheBehavior [ RunTime:0.000000s ]
INFO: [ app_begin ] --END-- [ RunTime:0.000000s ]
NOTIC: [8] Undefined variable: reply D:\kehu\mem\Member\Home\Controller\IndexController.class.php 第 123 行.
INFO: [ app_end ] --START--
INFO: Run Behavior\ShowPageTraceBehavior [ RunTime:0.000000s ]
INFO: [ app_end ] --END-- [ RunTime:0.000000s ]

[ 2015-08-15T16:39:21+08:00 ] 140.207.54.73 /index.php/home/index/weixin?signature=9db95f8acbdf5cdcc1dcb02a3e362b67ad8c63d4&timestamp=1439627961&nonce=198685251
INFO: [ app_init ] --START--
INFO: Run Behavior\BuildLiteBehavior [ RunTime:0.000000s ]
INFO: [ app_init ] --END-- [ RunTime:0.000000s ]
INFO: [ app_begin ] --START--
INFO: Run Behavior\ReadHtmlCacheBehavior [ RunTime:0.000000s ]
INFO: [ app_begin ] --END-- [ RunTime:0.000000s ]
NOTIC: [8] Undefined variable: reply D:\kehu\mem\Member\Home\Controller\IndexController.class.php 第 123 行.
INFO: [ app_end ] --START--
INFO: Run Behavior\ShowPageTraceBehavior [ RunTime:0.000000s ]
INFO: [ app_end ] --END-- [ RunTime:0.000000s ]

[ 2015-08-15T16:40:06+08:00 ] 140.207.54.73 /index.php/home/index/weixin?signature=9c99c2e27785000b58a0c1475e92efb190052a3b&timestamp=1439628006&nonce=1053651266
INFO: [ app_init ] --START--
INFO: Run Behavior\BuildLiteBehavior [ RunTime:0.000000s ]
INFO: [ app_init ] --END-- [ RunTime:0.000000s ]
INFO: [ app_begin ] --START--
INFO: Run Behavior\ReadHtmlCacheBehavior [ RunTime:0.000000s ]
INFO: [ app_begin ] --END-- [ RunTime:0.000000s ]
NOTIC: [8] Undefined variable: reply D:\kehu\mem\Member\Home\Controller\IndexController.class.php 第 123 行.
INFO: [ app_end ] --START--
INFO: Run Behavior\ShowPageTraceBehavior [ RunTime:0.000000s ]
INFO: [ app_end ] --END-- [ RunTime:0.000000s ]

[ 2015-08-15T17:07:13+08:00 ] 140.207.54.80 /index.php/home/index/weixin?signature=9f61f5d65ec58da85e7ed30ff50d2820913c1eb9&timestamp=1439629633&nonce=548761025
INFO: [ app_init ] --START--
INFO: Run Behavior\BuildLiteBehavior [ RunTime:0.000000s ]
INFO: [ app_init ] --END-- [ RunTime:0.000000s ]
INFO: [ app_begin ] --START--
INFO: Run Behavior\ReadHtmlCacheBehavior [ RunTime:0.000000s ]
INFO: [ app_begin ] --END-- [ RunTime:0.000000s ]
SQL: SHOW COLUMNS FROM `tp_member` [ RunTime:0.0000s ]
SQL: SELECT * FROM `tp_member` WHERE `wxid` = 'oU3aduIBkKpSnVSHtauxIATE8f64' LIMIT 1   [ RunTime:0.0000s ]
SQL: SHOW COLUMNS FROM `tp_qiandao` [ RunTime:0.0000s ]
SQL: SELECT * FROM `tp_qiandao` WHERE `uid` = 27 LIMIT 1   [ RunTime:0.0000s ]
SQL: UPDATE `tp_qiandao` SET `num`='2',`last_time`='1439568000' WHERE `uid` = 27 [ RunTime:0.0156s ]
NOTIC: [8] Undefined variable: add_point D:\kehu\mem\Member\Home\Controller\IndexController.class.php 第 112 行.
SQL: UPDATE `tp_member` SET `points`=points+1 WHERE `id` = 27 [ RunTime:0.0000s ]
SQL: SHOW COLUMNS FROM `tp_points` [ RunTime:0.0000s ]
SQL: INSERT INTO `tp_points` (`userid`,`points`,`status`) VALUES ('27','1','1') [ RunTime:0.0000s ]
INFO: [ app_end ] --START--
INFO: Run Behavior\ShowPageTraceBehavior [ RunTime:0.000000s ]
INFO: [ app_end ] --END-- [ RunTime:0.000000s ]

[ 2015-08-15T17:07:21+08:00 ] 140.207.54.76 /index.php/home/index/weixin?signature=34a0484f06de8e3cab2a62f75e5d85bcdcbdf9a0&timestamp=1439629641&nonce=714228752
INFO: [ app_init ] --START--
INFO: Run Behavior\BuildLiteBehavior [ RunTime:0.000000s ]
INFO: [ app_init ] --END-- [ RunTime:0.000000s ]
INFO: [ app_begin ] --START--
INFO: Run Behavior\ReadHtmlCacheBehavior [ RunTime:0.000000s ]
INFO: [ app_begin ] --END-- [ RunTime:0.000000s ]
SQL: SHOW COLUMNS FROM `tp_member` [ RunTime:0.0000s ]
SQL: SELECT * FROM `tp_member` WHERE `wxid` = 'oU3aduIBkKpSnVSHtauxIATE8f64' LIMIT 1   [ RunTime:0.0000s ]
SQL: SHOW COLUMNS FROM `tp_qiandao` [ RunTime:0.0000s ]
SQL: SELECT * FROM `tp_qiandao` WHERE `uid` = 27 LIMIT 1   [ RunTime:0.0000s ]
INFO: [ app_end ] --START--
INFO: Run Behavior\ShowPageTraceBehavior [ RunTime:0.000000s ]
INFO: [ app_end ] --END-- [ RunTime:0.000000s ]

[ 2015-08-15T18:37:03+08:00 ] 140.207.54.73 /index.php/home/index/weixin?signature=4b17dd47981d9790b24b1027dac40f5362da02fe&timestamp=1439635022&nonce=2133879182
INFO: [ app_init ] --START--
INFO: Run Behavior\BuildLiteBehavior [ RunTime:0.000000s ]
INFO: [ app_init ] --END-- [ RunTime:0.000000s ]
INFO: [ app_begin ] --START--
INFO: Run Behavior\ReadHtmlCacheBehavior [ RunTime:0.000000s ]
INFO: [ app_begin ] --END-- [ RunTime:0.000000s ]
SQL: SHOW COLUMNS FROM `tp_member` [ RunTime:0.0000s ]
SQL: SELECT * FROM `tp_member` WHERE `wxid` = 'oU3aduAmLW8IEMbX35YGOKc5vA3c' LIMIT 1   [ RunTime:0.0000s ]
SQL: SHOW COLUMNS FROM `tp_qiandao` [ RunTime:0.0000s ]
SQL: SELECT * FROM `tp_qiandao` WHERE `uid` = 20 LIMIT 1   [ RunTime:0.0000s ]
SQL: UPDATE `tp_qiandao` SET `num`='3',`last_time`='1439568000' WHERE `uid` = 20 [ RunTime:0.0000s ]
NOTIC: [8] Undefined variable: add_point D:\kehu\mem\Member\Home\Controller\IndexController.class.php 第 112 行.
SQL: UPDATE `tp_member` SET `points`=points+2 WHERE `id` = 20 [ RunTime:0.0000s ]
SQL: SHOW COLUMNS FROM `tp_points` [ RunTime:0.0156s ]
SQL: INSERT INTO `tp_points` (`userid`,`points`,`status`) VALUES ('20','2','1') [ RunTime:0.0000s ]
INFO: [ app_end ] --START--
INFO: Run Behavior\ShowPageTraceBehavior [ RunTime:0.000000s ]
INFO: [ app_end ] --END-- [ RunTime:0.000000s ]

[ 2015-08-15T19:19:45+08:00 ] 140.207.54.73 /index.php/home/index/weixin?signature=bde95d243826048c98dfac921a324fa8e85eec65&timestamp=1439637585&nonce=768430127
INFO: [ app_init ] --START--
INFO: Run Behavior\BuildLiteBehavior [ RunTime:0.000000s ]
INFO: [ app_init ] --END-- [ RunTime:0.000000s ]
INFO: [ app_begin ] --START--
INFO: Run Behavior\ReadHtmlCacheBehavior [ RunTime:0.000000s ]
INFO: [ app_begin ] --END-- [ RunTime:0.000000s ]
SQL: SHOW COLUMNS FROM `tp_member` [ RunTime:0.0000s ]
SQL: SELECT * FROM `tp_member` WHERE `wxid` = 'oU3aduPYeFijTgl3i1sobq1E5pgY' LIMIT 1   [ RunTime:0.0000s ]
SQL: SHOW COLUMNS FROM `tp_qiandao` [ RunTime:0.0156s ]
SQL: SELECT * FROM `tp_qiandao` WHERE `uid` = 34 LIMIT 1   [ RunTime:0.0000s ]
SQL: UPDATE `tp_qiandao` SET `num`='1',`last_time`='1439568000' WHERE `uid` = 34 [ RunTime:0.0000s ]
NOTIC: [8] Undefined variable: add_point D:\kehu\mem\Member\Home\Controller\IndexController.class.php 第 112 行.
SQL: UPDATE `tp_member` SET `points`=points+1 WHERE `id` = 34 [ RunTime:0.0000s ]
SQL: SHOW COLUMNS FROM `tp_points` [ RunTime:0.0000s ]
SQL: INSERT INTO `tp_points` (`userid`,`points`,`status`) VALUES ('34','1','1') [ RunTime:0.0000s ]
INFO: [ app_end ] --START--
INFO: Run Behavior\ShowPageTraceBehavior [ RunTime:0.000000s ]
INFO: [ app_end ] --END-- [ RunTime:0.000000s ]

[ 2015-08-15T19:19:49+08:00 ] 140.207.54.79 /index.php/home/index/weixin?signature=61874cc60749bb47180c7c2393fc4f78f0d00ebd&timestamp=1439637589&nonce=2054965367
INFO: [ app_init ] --START--
INFO: Run Behavior\BuildLiteBehavior [ RunTime:0.000000s ]
INFO: [ app_init ] --END-- [ RunTime:0.000000s ]
INFO: [ app_begin ] --START--
INFO: Run Behavior\ReadHtmlCacheBehavior [ RunTime:0.000000s ]
INFO: [ app_begin ] --END-- [ RunTime:0.000000s ]
NOTIC: [8] Undefined variable: reply D:\kehu\mem\Member\Home\Controller\IndexController.class.php 第 123 行.
INFO: [ app_end ] --START--
INFO: Run Behavior\ShowPageTraceBehavior [ RunTime:0.000000s ]
INFO: [ app_end ] --END-- [ RunTime:0.000000s ]

[ 2015-08-15T19:19:53+08:00 ] 140.207.54.73 /index.php/home/index/weixin?signature=2a71eb8409f2812a055738400d7857407077f216&timestamp=1439637593&nonce=871030509
INFO: [ app_init ] --START--
INFO: Run Behavior\BuildLiteBehavior [ RunTime:0.000000s ]
INFO: [ app_init ] --END-- [ RunTime:0.000000s ]
INFO: [ app_begin ] --START--
INFO: Run Behavior\ReadHtmlCacheBehavior [ RunTime:0.000000s ]
INFO: [ app_begin ] --END-- [ RunTime:0.000000s ]
SQL: SHOW COLUMNS FROM `tp_member` [ RunTime:0.0000s ]
SQL: SELECT * FROM `tp_member` WHERE `wxid` = 'oU3aduPYeFijTgl3i1sobq1E5pgY' LIMIT 1   [ RunTime:0.0000s ]
SQL: SHOW COLUMNS FROM `tp_qiandao` [ RunTime:0.0000s ]
SQL: SELECT * FROM `tp_qiandao` WHERE `uid` = 34 LIMIT 1   [ RunTime:0.0000s ]
INFO: [ app_end ] --START--
INFO: Run Behavior\ShowPageTraceBehavior [ RunTime:0.000000s ]
INFO: [ app_end ] --END-- [ RunTime:0.000000s ]

[ 2015-08-15T19:19:54+08:00 ] 101.226.69.108 /index.php/home/index/weixin
INFO: [ app_init ] --START--
INFO: Run Behavior\BuildLiteBehavior [ RunTime:0.000000s ]
INFO: [ app_init ] --END-- [ RunTime:0.000000s ]
INFO: [ app_begin ] --START--
INFO: Run Behavior\ReadHtmlCacheBehavior [ RunTime:0.000000s ]
INFO: [ app_begin ] --END-- [ RunTime:0.000000s ]
NOTIC: [8] Undefined index: HTTP_RAW_POST_DATA D:\kehu\mem\ThinkPHP\Library\Org\Util\Weixin.class.php 第 20 行.
NOTIC: [8] Undefined index: FromUserName D:\kehu\mem\Member\Home\Controller\IndexController.class.php 第 11 行.
NOTIC: [8] Undefined index: Content D:\kehu\mem\Member\Home\Controller\IndexController.class.php 第 13 行.
NOTIC: [8] Undefined index: Content D:\kehu\mem\Member\Home\Controller\IndexController.class.php 第 15 行.
NOTIC: [8] Undefined index: Content D:\kehu\mem\Member\Home\Controller\IndexController.class.php 第 52 行.
NOTIC: [8] Undefined index: FromUserName D:\kehu\mem\ThinkPHP\Library\Org\Util\Weixin.class.php 第 38 行.
NOTIC: [8] Undefined index: ToUserName D:\kehu\mem\ThinkPHP\Library\Org\Util\Weixin.class.php 第 39 行.
INFO: [ app_end ] --START--
INFO: Run Behavior\ShowPageTraceBehavior [ RunTime:0.000000s ]
INFO: [ app_end ] --END-- [ RunTime:0.000000s ]

[ 2015-08-15T19:41:28+08:00 ] 140.207.54.77 /index.php/home/index/weixin?signature=e38e2c0a4280d3d07e344c195ce34a149c57254f&timestamp=1439638888&nonce=1127611946
INFO: [ app_init ] --START--
INFO: Run Behavior\BuildLiteBehavior [ RunTime:0.000000s ]
INFO: [ app_init ] --END-- [ RunTime:0.000000s ]
INFO: [ app_begin ] --START--
INFO: Run Behavior\ReadHtmlCacheBehavior [ RunTime:0.000000s ]
INFO: [ app_begin ] --END-- [ RunTime:0.000000s ]
NOTIC: [8] Undefined variable: reply D:\kehu\mem\Member\Home\Controller\IndexController.class.php 第 123 行.
INFO: [ app_end ] --START--
INFO: Run Behavior\ShowPageTraceBehavior [ RunTime:0.000000s ]
INFO: [ app_end ] --END-- [ RunTime:0.000000s ]

