[ 2015-08-27T00:46:59+08:00 ] 140.207.54.78 /index.php/home/index/weixin?signature=404ac59a92cee89a2e0c6eb80cc05333ffee1cd9&timestamp=1440607618&nonce=1541919165
INFO: [ app_init ] --START--
INFO: Run Behavior\BuildLiteBehavior [ RunTime:0.000000s ]
INFO: [ app_init ] --END-- [ RunTime:0.000000s ]
INFO: [ app_begin ] --START--
INFO: Run Behavior\ReadHtmlCacheBehavior [ RunTime:0.000000s ]
INFO: [ app_begin ] --END-- [ RunTime:0.000000s ]
NOTIC: [8] Undefined variable: reply D:\kehu\mem\Member\Home\Controller\IndexController.class.php 第 126 行.
INFO: [ app_end ] --START--
INFO: Run Behavior\ShowPageTraceBehavior [ RunTime:0.000000s ]
INFO: [ app_end ] --END-- [ RunTime:0.000000s ]

[ 2015-08-27T00:47:02+08:00 ] 140.207.54.78 /index.php/home/index/weixin?signature=9595e8181eb2308c36d1925a9db3fe64243ef237&timestamp=1440607622&nonce=2109831758
INFO: [ app_init ] --START--
INFO: Run Behavior\BuildLiteBehavior [ RunTime:0.000000s ]
INFO: [ app_init ] --END-- [ RunTime:0.000000s ]
INFO: [ app_begin ] --START--
INFO: Run Behavior\ReadHtmlCacheBehavior [ RunTime:0.000000s ]
INFO: [ app_begin ] --END-- [ RunTime:0.000000s ]
SQL: SHOW COLUMNS FROM `tp_member` [ RunTime:0.0000s ]
SQL: SELECT * FROM `tp_member` WHERE `wxid` = 'oU3aduNDygBykeKQRTpnlA-Et9ZQ' LIMIT 1   [ RunTime:0.0000s ]
SQL: SHOW COLUMNS FROM `tp_qiandao` [ RunTime:0.0156s ]
SQL: SELECT * FROM `tp_qiandao` WHERE `uid` = 2 LIMIT 1   [ RunTime:0.0000s ]
SQL: UPDATE `tp_qiandao` SET `num`='9',`last_time`='1440604800' WHERE `uid` = 2 [ RunTime:0.0000s ]
NOTIC: [8] Undefined variable: add_point D:\kehu\mem\Member\Home\Controller\IndexController.class.php 第 115 行.
SQL: UPDATE `tp_member` SET `points`=points+34 WHERE `id` = 2 [ RunTime:0.0000s ]
SQL: SHOW COLUMNS FROM `tp_points` [ RunTime:0.0000s ]
SQL: INSERT INTO `tp_points` (`userid`,`points`,`status`) VALUES ('2','34','1') [ RunTime:0.0000s ]
INFO: [ app_end ] --START--
INFO: Run Behavior\ShowPageTraceBehavior [ RunTime:0.000000s ]
INFO: [ app_end ] --END-- [ RunTime:0.000000s ]

[ 2015-08-27T01:34:18+08:00 ] 140.207.54.77 /index.php/home/index/weixin?signature=5f44acfb50876bf0270318e67257bb715f496f5a&timestamp=1440610458&nonce=1680618868
INFO: [ app_init ] --START--
INFO: Run Behavior\BuildLiteBehavior [ RunTime:0.000000s ]
INFO: [ app_init ] --END-- [ RunTime:0.000000s ]
INFO: [ app_begin ] --START--
INFO: Run Behavior\ReadHtmlCacheBehavior [ RunTime:0.000000s ]
INFO: [ app_begin ] --END-- [ RunTime:0.000000s ]
NOTIC: [8] Undefined variable: reply D:\kehu\mem\Member\Home\Controller\IndexController.class.php 第 126 行.
INFO: [ app_end ] --START--
INFO: Run Behavior\ShowPageTraceBehavior [ RunTime:0.000000s ]
INFO: [ app_end ] --END-- [ RunTime:0.000000s ]

[ 2015-08-27T05:31:24+08:00 ] 121.42.0.17 /
INFO: [ app_init ] --START--
INFO: Run Behavior\BuildLiteBehavior [ RunTime:0.000000s ]
INFO: [ app_init ] --END-- [ RunTime:0.000000s ]
INFO: [ app_begin ] --START--
INFO: Run Behavior\ReadHtmlCacheBehavior [ RunTime:0.000000s ]
INFO: [ app_begin ] --END-- [ RunTime:0.000000s ]
ERR: 非法操作:index

[ 2015-08-27T05:37:50+08:00 ] 140.207.54.78 /index.php/home/index/weixin?signature=a2cabf93973cc8fe77105843453f54f5394aadb2&timestamp=1440625070&nonce=1339586593
INFO: [ app_init ] --START--
INFO: Run Behavior\BuildLiteBehavior [ RunTime:0.000000s ]
INFO: [ app_init ] --END-- [ RunTime:0.000000s ]
INFO: [ app_begin ] --START--
INFO: Run Behavior\ReadHtmlCacheBehavior [ RunTime:0.000000s ]
INFO: [ app_begin ] --END-- [ RunTime:0.000000s ]
SQL: SHOW COLUMNS FROM `tp_member` [ RunTime:0.0000s ]
SQL: SELECT * FROM `tp_member` WHERE `wxid` = 'oU3aduIBkKpSnVSHtauxIATE8f64' LIMIT 1   [ RunTime:0.0000s ]
SQL: SHOW COLUMNS FROM `tp_qiandao` [ RunTime:0.0000s ]
SQL: SELECT * FROM `tp_qiandao` WHERE `uid` = 27 LIMIT 1   [ RunTime:0.0000s ]
SQL: UPDATE `tp_qiandao` SET `num`='4',`last_time`='1440604800' WHERE `uid` = 27 [ RunTime:0.0000s ]
NOTIC: [8] Undefined variable: add_point D:\kehu\mem\Member\Home\Controller\IndexController.class.php 第 115 行.
SQL: UPDATE `tp_member` SET `points`=points+3 WHERE `id` = 27 [ RunTime:0.0000s ]
SQL: SHOW COLUMNS FROM `tp_points` [ RunTime:0.0000s ]
SQL: INSERT INTO `tp_points` (`userid`,`points`,`status`) VALUES ('27','3','1') [ RunTime:0.0000s ]
INFO: [ app_end ] --START--
INFO: Run Behavior\ShowPageTraceBehavior [ RunTime:0.000000s ]
INFO: [ app_end ] --END-- [ RunTime:0.000000s ]

[ 2015-08-27T05:37:50+08:00 ] 101.226.69.108 /index.php/home/index/weixin
INFO: [ app_init ] --START--
INFO: Run Behavior\BuildLiteBehavior [ RunTime:0.000000s ]
INFO: [ app_init ] --END-- [ RunTime:0.000000s ]
INFO: [ app_begin ] --START--
INFO: Run Behavior\ReadHtmlCacheBehavior [ RunTime:0.000000s ]
INFO: [ app_begin ] --END-- [ RunTime:0.000000s ]
NOTIC: [8] Undefined index: HTTP_RAW_POST_DATA D:\kehu\mem\ThinkPHP\Library\Org\Util\Weixin.class.php 第 20 行.
NOTIC: [8] Undefined index: FromUserName D:\kehu\mem\Member\Home\Controller\IndexController.class.php 第 11 行.
NOTIC: [8] Undefined index: Content D:\kehu\mem\Member\Home\Controller\IndexController.class.php 第 13 行.
NOTIC: [8] Undefined index: Content D:\kehu\mem\Member\Home\Controller\IndexController.class.php 第 15 行.
NOTIC: [8] Undefined index: Content D:\kehu\mem\Member\Home\Controller\IndexController.class.php 第 52 行.
NOTIC: [8] Undefined index: FromUserName D:\kehu\mem\ThinkPHP\Library\Org\Util\Weixin.class.php 第 39 行.
NOTIC: [8] Undefined index: ToUserName D:\kehu\mem\ThinkPHP\Library\Org\Util\Weixin.class.php 第 40 行.
INFO: [ app_end ] --START--
INFO: Run Behavior\ShowPageTraceBehavior [ RunTime:0.000000s ]
INFO: [ app_end ] --END-- [ RunTime:0.000000s ]

[ 2015-08-27T05:37:50+08:00 ] 140.207.54.78 /index.php/home/index/weixin?signature=0813c21c2a646f7d427a5875de97bea4e702bbec&timestamp=1440625070&nonce=1503973002
INFO: [ app_init ] --START--
INFO: Run Behavior\BuildLiteBehavior [ RunTime:0.000000s ]
INFO: [ app_init ] --END-- [ RunTime:0.000000s ]
INFO: [ app_begin ] --START--
INFO: Run Behavior\ReadHtmlCacheBehavior [ RunTime:0.000000s ]
INFO: [ app_begin ] --END-- [ RunTime:0.000000s ]
SQL: SHOW COLUMNS FROM `tp_member` [ RunTime:0.0000s ]
SQL: SELECT * FROM `tp_member` WHERE `wxid` = 'oU3aduIBkKpSnVSHtauxIATE8f64' LIMIT 1   [ RunTime:0.0000s ]
SQL: SHOW COLUMNS FROM `tp_qiandao` [ RunTime:0.0000s ]
SQL: SELECT * FROM `tp_qiandao` WHERE `uid` = 27 LIMIT 1   [ RunTime:0.0000s ]
INFO: [ app_end ] --START--
INFO: Run Behavior\ShowPageTraceBehavior [ RunTime:0.000000s ]
INFO: [ app_end ] --END-- [ RunTime:0.000000s ]

[ 2015-08-27T07:02:08+08:00 ] 140.207.54.78 /index.php/home/index/weixin?signature=6432a9b0f88af4dbbe5907f33b204294bf8e7f3c&timestamp=1440630128&nonce=2138735026
INFO: [ app_init ] --START--
INFO: Run Behavior\BuildLiteBehavior [ RunTime:0.000000s ]
INFO: [ app_init ] --END-- [ RunTime:0.000000s ]
INFO: [ app_begin ] --START--
INFO: Run Behavior\ReadHtmlCacheBehavior [ RunTime:0.000000s ]
INFO: [ app_begin ] --END-- [ RunTime:0.000000s ]
NOTIC: [8] Undefined variable: reply D:\kehu\mem\Member\Home\Controller\IndexController.class.php 第 126 行.
INFO: [ app_end ] --START--
INFO: Run Behavior\ShowPageTraceBehavior [ RunTime:0.000000s ]
INFO: [ app_end ] --END-- [ RunTime:0.000000s ]

[ 2015-08-27T08:03:09+08:00 ] 140.207.54.78 /index.php/home/index/weixin?signature=1573577e9cae573da9c0c03ad50690c7028fa0ec&timestamp=1440633789&nonce=338461253
INFO: [ app_init ] --START--
INFO: Run Behavior\BuildLiteBehavior [ RunTime:0.000000s ]
INFO: [ app_init ] --END-- [ RunTime:0.000000s ]
INFO: [ app_begin ] --START--
INFO: Run Behavior\ReadHtmlCacheBehavior [ RunTime:0.000000s ]
INFO: [ app_begin ] --END-- [ RunTime:0.000000s ]
SQL: SHOW COLUMNS FROM `tp_member` [ RunTime:0.0000s ]
SQL: SELECT * FROM `tp_member` WHERE `wxid` = 'oU3aduBEoLgvsaHj7drgL9lNJsv4' LIMIT 1   [ RunTime:0.0000s ]
SQL: SHOW COLUMNS FROM `tp_qiandao` [ RunTime:0.0000s ]
SQL: SELECT * FROM `tp_qiandao` WHERE `uid` = 25 LIMIT 1   [ RunTime:0.0156s ]
SQL: UPDATE `tp_qiandao` SET `num`='1',`last_time`='1440604800' WHERE `uid` = 25 [ RunTime:0.0000s ]
NOTIC: [8] Undefined variable: add_point D:\kehu\mem\Member\Home\Controller\IndexController.class.php 第 115 行.
SQL: UPDATE `tp_member` SET `points`=points+1 WHERE `id` = 25 [ RunTime:0.0000s ]
SQL: SHOW COLUMNS FROM `tp_points` [ RunTime:0.0000s ]
SQL: INSERT INTO `tp_points` (`userid`,`points`,`status`) VALUES ('25','1','1') [ RunTime:0.0000s ]
INFO: [ app_end ] --START--
INFO: Run Behavior\ShowPageTraceBehavior [ RunTime:0.000000s ]
INFO: [ app_end ] --END-- [ RunTime:0.000000s ]

[ 2015-08-27T09:33:38+08:00 ] 140.207.54.79 /index.php/home/index/weixin?signature=123dd4fb2ecbd07a209195fcffee0ebd47159395&timestamp=1440639218&nonce=197971660
INFO: [ app_init ] --START--
INFO: Run Behavior\BuildLiteBehavior [ RunTime:0.000000s ]
INFO: [ app_init ] --END-- [ RunTime:0.000000s ]
INFO: [ app_begin ] --START--
INFO: Run Behavior\ReadHtmlCacheBehavior [ RunTime:0.000000s ]
INFO: [ app_begin ] --END-- [ RunTime:0.000000s ]
SQL: SHOW COLUMNS FROM `tp_member` [ RunTime:0.0000s ]
SQL: SELECT * FROM `tp_member` WHERE `wxid` = 'oU3aduBGC-k2ObTC6YXz6ti74fXo' LIMIT 1   [ RunTime:0.0000s ]
SQL: SHOW COLUMNS FROM `tp_qiandao` [ RunTime:0.0000s ]
SQL: SELECT * FROM `tp_qiandao` WHERE `uid` = 45 LIMIT 1   [ RunTime:0.0000s ]
SQL: UPDATE `tp_qiandao` SET `num`='6',`last_time`='1440604800' WHERE `uid` = 45 [ RunTime:0.0156s ]
NOTIC: [8] Undefined variable: add_point D:\kehu\mem\Member\Home\Controller\IndexController.class.php 第 115 行.
SQL: UPDATE `tp_member` SET `points`=points+8 WHERE `id` = 45 [ RunTime:0.0000s ]
SQL: SHOW COLUMNS FROM `tp_points` [ RunTime:0.0000s ]
SQL: INSERT INTO `tp_points` (`userid`,`points`,`status`) VALUES ('45','8','1') [ RunTime:0.0000s ]
INFO: [ app_end ] --START--
INFO: Run Behavior\ShowPageTraceBehavior [ RunTime:0.000000s ]
INFO: [ app_end ] --END-- [ RunTime:0.000000s ]

[ 2015-08-27T11:31:02+08:00 ] 140.207.54.73 /index.php/home/index/weixin?signature=1180d2e1c5354f0a8d549640dd1f5d457b7a726b&timestamp=1440646262&nonce=1638496673
INFO: [ app_init ] --START--
INFO: Run Behavior\BuildLiteBehavior [ RunTime:0.000000s ]
INFO: [ app_init ] --END-- [ RunTime:0.000000s ]
INFO: [ app_begin ] --START--
INFO: Run Behavior\ReadHtmlCacheBehavior [ RunTime:0.000000s ]
INFO: [ app_begin ] --END-- [ RunTime:0.000000s ]
SQL: SHOW COLUMNS FROM `tp_member` [ RunTime:0.0000s ]
SQL: SELECT * FROM `tp_member` WHERE `wxid` = 'oU3aduK3TQ3BkmaBUoLHGtAp7zbg' LIMIT 1   [ RunTime:0.0000s ]
SQL: SHOW COLUMNS FROM `tp_qiandao` [ RunTime:0.0000s ]
SQL: SELECT * FROM `tp_qiandao` WHERE `uid` = 28 LIMIT 1   [ RunTime:0.0000s ]
SQL: UPDATE `tp_qiandao` SET `num`='1',`last_time`='1440604800' WHERE `uid` = 28 [ RunTime:0.0000s ]
NOTIC: [8] Undefined variable: add_point D:\kehu\mem\Member\Home\Controller\IndexController.class.php 第 115 行.
SQL: UPDATE `tp_member` SET `points`=points+1 WHERE `id` = 28 [ RunTime:0.0000s ]
SQL: SHOW COLUMNS FROM `tp_points` [ RunTime:0.0000s ]
SQL: INSERT INTO `tp_points` (`userid`,`points`,`status`) VALUES ('28','1','1') [ RunTime:0.0000s ]
INFO: [ app_end ] --START--
INFO: Run Behavior\ShowPageTraceBehavior [ RunTime:0.000000s ]
INFO: [ app_end ] --END-- [ RunTime:0.000000s ]

[ 2015-08-27T12:58:57+08:00 ] 140.207.54.78 /index.php/home/index/weixin?signature=007407667ff3d8bdf9077096ca9d7135a4fd0800&timestamp=1440651537&nonce=1772628898
INFO: [ app_init ] --START--
INFO: Run Behavior\BuildLiteBehavior [ RunTime:0.000000s ]
INFO: [ app_init ] --END-- [ RunTime:0.000000s ]
INFO: [ app_begin ] --START--
INFO: Run Behavior\ReadHtmlCacheBehavior [ RunTime:0.000000s ]
INFO: [ app_begin ] --END-- [ RunTime:0.000000s ]
NOTIC: [8] Undefined variable: reply D:\kehu\mem\Member\Home\Controller\IndexController.class.php 第 126 行.
INFO: [ app_end ] --START--
INFO: Run Behavior\ShowPageTraceBehavior [ RunTime:0.000000s ]
INFO: [ app_end ] --END-- [ RunTime:0.000000s ]

[ 2015-08-27T13:53:46+08:00 ] 121.42.0.31 /
INFO: [ app_init ] --START--
INFO: Run Behavior\BuildLiteBehavior [ RunTime:0.000000s ]
INFO: [ app_init ] --END-- [ RunTime:0.000000s ]
INFO: [ app_begin ] --START--
INFO: Run Behavior\ReadHtmlCacheBehavior [ RunTime:0.000000s ]
INFO: [ app_begin ] --END-- [ RunTime:0.000000s ]
ERR: 非法操作:index

[ 2015-08-27T15:13:04+08:00 ] 140.207.54.74 /index.php/home/index/weixin?signature=cfad2a8142c3f0c031e5a3bc9f05ae6f9b7b524d&timestamp=1440659584&nonce=868771007
INFO: [ app_init ] --START--
INFO: Run Behavior\BuildLiteBehavior [ RunTime:0.000000s ]
INFO: [ app_init ] --END-- [ RunTime:0.000000s ]
INFO: [ app_begin ] --START--
INFO: Run Behavior\ReadHtmlCacheBehavior [ RunTime:0.000000s ]
INFO: [ app_begin ] --END-- [ RunTime:0.000000s ]
SQL: SHOW COLUMNS FROM `tp_member` [ RunTime:0.0000s ]
SQL: SELECT * FROM `tp_member` WHERE `wxid` = 'oU3aduN_A3ZpWxmmRZJRYa-4hKaw' LIMIT 1   [ RunTime:0.0000s ]
SQL: SHOW COLUMNS FROM `tp_qiandao` [ RunTime:0.0000s ]
SQL: SELECT * FROM `tp_qiandao` WHERE `uid` = 41 LIMIT 1   [ RunTime:0.0000s ]
SQL: UPDATE `tp_qiandao` SET `num`='2',`last_time`='1440604800' WHERE `uid` = 41 [ RunTime:0.0156s ]
NOTIC: [8] Undefined variable: add_point D:\kehu\mem\Member\Home\Controller\IndexController.class.php 第 115 行.
SQL: UPDATE `tp_member` SET `points`=points+1 WHERE `id` = 41 [ RunTime:0.0000s ]
SQL: SHOW COLUMNS FROM `tp_points` [ RunTime:0.0000s ]
SQL: INSERT INTO `tp_points` (`userid`,`points`,`status`) VALUES ('41','1','1') [ RunTime:0.0000s ]
INFO: [ app_end ] --START--
INFO: Run Behavior\ShowPageTraceBehavior [ RunTime:0.000000s ]
INFO: [ app_end ] --END-- [ RunTime:0.000000s ]

[ 2015-08-27T15:23:06+08:00 ] 140.207.54.78 /index.php/home/index/weixin?signature=1dfa1ed79ca19f187495833cf6e7478af0e85f69&timestamp=1440660186&nonce=719432344
INFO: [ app_init ] --START--
INFO: Run Behavior\BuildLiteBehavior [ RunTime:0.000000s ]
INFO: [ app_init ] --END-- [ RunTime:0.000000s ]
INFO: [ app_begin ] --START--
INFO: Run Behavior\ReadHtmlCacheBehavior [ RunTime:0.000000s ]
INFO: [ app_begin ] --END-- [ RunTime:0.000000s ]
NOTIC: [8] Undefined variable: reply D:\kehu\mem\Member\Home\Controller\IndexController.class.php 第 126 行.
INFO: [ app_end ] --START--
INFO: Run Behavior\ShowPageTraceBehavior [ RunTime:0.000000s ]
INFO: [ app_end ] --END-- [ RunTime:0.000000s ]

[ 2015-08-27T15:26:56+08:00 ] 140.207.54.78 /index.php/home/index/weixin?signature=c918fa91c46769688ccc3b8b8906343b1efbde5a&timestamp=1440660416&nonce=815350698
INFO: [ app_init ] --START--
INFO: Run Behavior\BuildLiteBehavior [ RunTime:0.000000s ]
INFO: [ app_init ] --END-- [ RunTime:0.000000s ]
INFO: [ app_begin ] --START--
INFO: Run Behavior\ReadHtmlCacheBehavior [ RunTime:0.000000s ]
INFO: [ app_begin ] --END-- [ RunTime:0.000000s ]
NOTIC: [8] Undefined variable: reply D:\kehu\mem\Member\Home\Controller\IndexController.class.php 第 126 行.
INFO: [ app_end ] --START--
INFO: Run Behavior\ShowPageTraceBehavior [ RunTime:0.000000s ]
INFO: [ app_end ] --END-- [ RunTime:0.000000s ]

[ 2015-08-27T18:27:36+08:00 ] 140.207.54.76 /index.php/home/index/weixin?signature=82fca9717ef67c6952c1966a43ff9792b7427055&timestamp=1440671256&nonce=1091718342
INFO: [ app_init ] --START--
INFO: Run Behavior\BuildLiteBehavior [ RunTime:0.000000s ]
INFO: [ app_init ] --END-- [ RunTime:0.000000s ]
INFO: [ app_begin ] --START--
INFO: Run Behavior\ReadHtmlCacheBehavior [ RunTime:0.000000s ]
INFO: [ app_begin ] --END-- [ RunTime:0.000000s ]
SQL: SHOW COLUMNS FROM `tp_member` [ RunTime:0.0000s ]
SQL: SELECT * FROM `tp_member` WHERE `wxid` = 'oU3aduIWmB_SKtjKoflqyQY_hlhY' LIMIT 1   [ RunTime:0.0000s ]
INFO: [ app_end ] --START--
INFO: Run Behavior\ShowPageTraceBehavior [ RunTime:0.000000s ]
INFO: [ app_end ] --END-- [ RunTime:0.000000s ]

[ 2015-08-27T18:30:56+08:00 ] 140.207.54.78 /index.php/home/index/weixin?signature=41920f8cfb4ae8370cf28d5c9ce72324fd6b8762&timestamp=1440671456&nonce=527095966
INFO: [ app_init ] --START--
INFO: Run Behavior\BuildLiteBehavior [ RunTime:0.000000s ]
INFO: [ app_init ] --END-- [ RunTime:0.000000s ]
INFO: [ app_begin ] --START--
INFO: Run Behavior\ReadHtmlCacheBehavior [ RunTime:0.000000s ]
INFO: [ app_begin ] --END-- [ RunTime:0.000000s ]
NOTIC: [8] Undefined variable: reply D:\kehu\mem\Member\Home\Controller\IndexController.class.php 第 126 行.
INFO: [ app_end ] --START--
INFO: Run Behavior\ShowPageTraceBehavior [ RunTime:0.000000s ]
INFO: [ app_end ] --END-- [ RunTime:0.000000s ]

[ 2015-08-27T18:30:57+08:00 ] 101.226.125.114 /index.php/home/index/info
INFO: [ app_init ] --START--
INFO: Run Behavior\BuildLiteBehavior [ RunTime:0.000000s ]
INFO: [ app_init ] --END-- [ RunTime:0.000000s ]
INFO: [ app_begin ] --START--
INFO: Run Behavior\ReadHtmlCacheBehavior [ RunTime:0.000000s ]
INFO: [ app_begin ] --END-- [ RunTime:0.000000s ]
NOTIC: [8] Use of undefined constant CURL_SSLVERSION_TLSv1 - assumed 'CURL_SSLVERSION_TLSv1' D:\kehu\mem\Member\Home\Controller\IndexController.class.php 第 319 行.
NOTIC: [8] Use of undefined constant CURL_SSLVERSION_TLSv1 - assumed 'CURL_SSLVERSION_TLSv1' D:\kehu\mem\Member\Home\Controller\IndexController.class.php 第 319 行.
SQL: SHOW COLUMNS FROM `tp_member` [ RunTime:0.0000s ]
SQL: SELECT * FROM `tp_member` WHERE `wxid` = 'oU3aduNDygBykeKQRTpnlA-Et9ZQ' LIMIT 1   [ RunTime:0.0000s ]
SQL: UPDATE `tp_member` SET `headimg`='http://wx.qlogo.cn/mmopen/ajNVdqHZLLA1zrnSLbibCBu5jjN9jZXhD6ZGHvw3scFibKMib5yetXzn89rZ4mZlzyBEhw1qCgXJ3DZCiauELg8vYA/0' WHERE `wxid` = 'oU3aduNDygBykeKQRTpnlA-Et9ZQ' [ RunTime:0.0000s ]
SQL: SELECT * FROM `tp_member` WHERE `wxid` = 'oU3aduNDygBykeKQRTpnlA-Et9ZQ' LIMIT 1   [ RunTime:0.0000s ]
SQL: SELECT * FROM `tp_member` WHERE `wxid` = 'oU3aduNDygBykeKQRTpnlA-Et9ZQ' LIMIT 1   [ RunTime:0.0000s ]
SQL: SELECT * FROM `tp_member` WHERE `id` = 2 LIMIT 1   [ RunTime:0.0000s ]
INFO: [ view_parse ] --START--
INFO: [ template_filter ] --START--
INFO: Run Behavior\ContentReplaceBehavior [ RunTime:0.000000s ]
INFO: [ template_filter ] --END-- [ RunTime:0.000000s ]
INFO: Run Behavior\ParseTemplateBehavior [ RunTime:0.015626s ]
INFO: [ view_parse ] --END-- [ RunTime:0.015626s ]
INFO: [ view_filter ] --START--
INFO: Run Behavior\WriteHtmlCacheBehavior [ RunTime:0.000000s ]
INFO: [ view_filter ] --END-- [ RunTime:0.000000s ]
INFO: [ app_end ] --START--
INFO: Run Behavior\ShowPageTraceBehavior [ RunTime:0.000000s ]
INFO: [ app_end ] --END-- [ RunTime:0.000000s ]

[ 2015-08-27T19:39:08+08:00 ] 140.207.54.79 /index.php/home/index/weixin?signature=8c6773c08ec29f8cecd5d2cdea6cb1fe130de12a&timestamp=1440675548&nonce=540522167
INFO: [ app_init ] --START--
INFO: Run Behavior\BuildLiteBehavior [ RunTime:0.000000s ]
INFO: [ app_init ] --END-- [ RunTime:0.000000s ]
INFO: [ app_begin ] --START--
INFO: Run Behavior\ReadHtmlCacheBehavior [ RunTime:0.000000s ]
INFO: [ app_begin ] --END-- [ RunTime:0.000000s ]
INFO: [ app_end ] --START--
INFO: Run Behavior\ShowPageTraceBehavior [ RunTime:0.015625s ]
INFO: [ app_end ] --END-- [ RunTime:0.015625s ]

[ 2015-08-27T19:41:07+08:00 ] 140.207.54.77 /index.php/home/index/weixin?signature=3c6c402516b4293f632505a5d7b5b568c58f1c71&timestamp=1440675667&nonce=479567275
INFO: [ app_init ] --START--
INFO: Run Behavior\BuildLiteBehavior [ RunTime:0.000000s ]
INFO: [ app_init ] --END-- [ RunTime:0.000000s ]
INFO: [ app_begin ] --START--
INFO: Run Behavior\ReadHtmlCacheBehavior [ RunTime:0.000000s ]
INFO: [ app_begin ] --END-- [ RunTime:0.000000s ]
NOTIC: [8] Undefined index: EventKey D:\kehu\mem\ThinkPHP\Library\Org\Util\Weixin.class.php 第 29 行.
NOTIC: [8] Undefined index: Event D:\kehu\mem\ThinkPHP\Library\Org\Util\Weixin.class.php 第 30 行.
SQL: SHOW COLUMNS FROM `tp_member` [ RunTime:0.0000s ]
SQL: SELECT * FROM `tp_member` WHERE `name` = '周梦佳' AND `jhr_tel` = '18905325615”' LIMIT 1   [ RunTime:0.0000s ]
INFO: [ app_end ] --START--
INFO: Run Behavior\ShowPageTraceBehavior [ RunTime:0.000000s ]
INFO: [ app_end ] --END-- [ RunTime:0.000000s ]

[ 2015-08-27T19:41:20+08:00 ] 140.207.54.77 /index.php/home/index/weixin?signature=3c2a4ad4b464003c9d1503557bdda71c9a787f2a&timestamp=1440675680&nonce=738278511
INFO: [ app_init ] --START--
INFO: Run Behavior\BuildLiteBehavior [ RunTime:0.000000s ]
INFO: [ app_init ] --END-- [ RunTime:0.000000s ]
INFO: [ app_begin ] --START--
INFO: Run Behavior\ReadHtmlCacheBehavior [ RunTime:0.000000s ]
INFO: [ app_begin ] --END-- [ RunTime:0.000000s ]
NOTIC: [8] Undefined index: EventKey D:\kehu\mem\ThinkPHP\Library\Org\Util\Weixin.class.php 第 29 行.
NOTIC: [8] Undefined index: Event D:\kehu\mem\ThinkPHP\Library\Org\Util\Weixin.class.php 第 30 行.
SQL: SHOW COLUMNS FROM `tp_member` [ RunTime:0.0000s ]
SQL: SELECT * FROM `tp_member` WHERE `name` = '周梦佳' AND `jhr_tel` = '18905325615' LIMIT 1   [ RunTime:0.0000s ]
SQL: UPDATE `tp_member` SET `wxid`='oU3aduKpDBv_dxUL8wp7blcxz_vE' WHERE `id` = 17 [ RunTime:0.0000s ]
INFO: [ app_end ] --START--
INFO: Run Behavior\ShowPageTraceBehavior [ RunTime:0.000000s ]
INFO: [ app_end ] --END-- [ RunTime:0.000000s ]

[ 2015-08-27T19:41:30+08:00 ] 140.207.54.77 /index.php/home/index/weixin?signature=05533437c87413abddcc18b25bd5cea4a3f0b055&timestamp=1440675690&nonce=416420487
INFO: [ app_init ] --START--
INFO: Run Behavior\BuildLiteBehavior [ RunTime:0.000000s ]
INFO: [ app_init ] --END-- [ RunTime:0.000000s ]
INFO: [ app_begin ] --START--
INFO: Run Behavior\ReadHtmlCacheBehavior [ RunTime:0.000000s ]
INFO: [ app_begin ] --END-- [ RunTime:0.000000s ]
SQL: SHOW COLUMNS FROM `tp_member` [ RunTime:0.0000s ]
SQL: SELECT * FROM `tp_member` WHERE `wxid` = 'oU3aduKpDBv_dxUL8wp7blcxz_vE' LIMIT 1   [ RunTime:0.0000s ]
SQL: SHOW COLUMNS FROM `tp_qiandao` [ RunTime:0.0000s ]
SQL: SELECT * FROM `tp_qiandao` WHERE `uid` = 17 LIMIT 1   [ RunTime:0.0000s ]
SQL: INSERT INTO `tp_qiandao` (`uid`,`num`,`last_time`) VALUES ('17','1','1440604800') [ RunTime:0.0156s ]
NOTIC: [8] Undefined variable: add_point D:\kehu\mem\Member\Home\Controller\IndexController.class.php 第 115 行.
SQL: UPDATE `tp_member` SET `points`=points+1 WHERE `id` = 17 [ RunTime:0.0000s ]
SQL: SHOW COLUMNS FROM `tp_points` [ RunTime:0.0000s ]
SQL: INSERT INTO `tp_points` (`userid`,`points`,`status`) VALUES ('17','1','1') [ RunTime:0.0000s ]
INFO: [ app_end ] --START--
INFO: Run Behavior\ShowPageTraceBehavior [ RunTime:0.000000s ]
INFO: [ app_end ] --END-- [ RunTime:0.000000s ]

[ 2015-08-27T19:41:37+08:00 ] 140.207.54.77 /index.php/home/index/weixin?signature=b685bbc8545a88357aeb4f2a0f0a779bb4f333c5&timestamp=1440675697&nonce=1161327646
INFO: [ app_init ] --START--
INFO: Run Behavior\BuildLiteBehavior [ RunTime:0.000000s ]
INFO: [ app_init ] --END-- [ RunTime:0.000000s ]
INFO: [ app_begin ] --START--
INFO: Run Behavior\ReadHtmlCacheBehavior [ RunTime:0.000000s ]
INFO: [ app_begin ] --END-- [ RunTime:0.000000s ]
NOTIC: [8] Undefined variable: reply D:\kehu\mem\Member\Home\Controller\IndexController.class.php 第 126 行.
INFO: [ app_end ] --START--
INFO: Run Behavior\ShowPageTraceBehavior [ RunTime:0.000000s ]
INFO: [ app_end ] --END-- [ RunTime:0.000000s ]

[ 2015-08-27T19:41:39+08:00 ] 153.119.224.107 /index.php/home/index/info
INFO: [ app_init ] --START--
INFO: Run Behavior\BuildLiteBehavior [ RunTime:0.000000s ]
INFO: [ app_init ] --END-- [ RunTime:0.000000s ]
INFO: [ app_begin ] --START--
INFO: Run Behavior\ReadHtmlCacheBehavior [ RunTime:0.000000s ]
INFO: [ app_begin ] --END-- [ RunTime:0.000000s ]
NOTIC: [8] Undefined index: openid D:\kehu\mem\Member\Home\Controller\IndexController.class.php 第 282 行.
NOTIC: [8] Use of undefined constant CURL_SSLVERSION_TLSv1 - assumed 'CURL_SSLVERSION_TLSv1' D:\kehu\mem\Member\Home\Controller\IndexController.class.php 第 319 行.
NOTIC: [8] Use of undefined constant CURL_SSLVERSION_TLSv1 - assumed 'CURL_SSLVERSION_TLSv1' D:\kehu\mem\Member\Home\Controller\IndexController.class.php 第 319 行.
NOTIC: [8] Undefined index: sex D:\kehu\mem\Member\Home\Controller\IndexController.class.php 第 162 行.
NOTIC: [8] Undefined index: headimgurl D:\kehu\mem\Member\Home\Controller\IndexController.class.php 第 163 行.
SQL: SHOW COLUMNS FROM `tp_member` [ RunTime:0.0000s ]
SQL: SELECT * FROM `tp_member` WHERE `wxid` = '' LIMIT 1   [ RunTime:0.0000s ]

[ 2015-08-27T19:41:40+08:00 ] 153.119.224.107 /index.php/home/index/info?code=021c46a6c954a5bf6a4cb6e0887a371y&state=1
INFO: [ app_init ] --START--
INFO: Run Behavior\BuildLiteBehavior [ RunTime:0.000000s ]
INFO: [ app_init ] --END-- [ RunTime:0.000000s ]
INFO: [ app_begin ] --START--
INFO: Run Behavior\ReadHtmlCacheBehavior [ RunTime:0.000000s ]
INFO: [ app_begin ] --END-- [ RunTime:0.000000s ]
NOTIC: [8] Undefined index: openid D:\kehu\mem\Member\Home\Controller\IndexController.class.php 第 282 行.
NOTIC: [8] Use of undefined constant CURL_SSLVERSION_TLSv1 - assumed 'CURL_SSLVERSION_TLSv1' D:\kehu\mem\Member\Home\Controller\IndexController.class.php 第 319 行.
NOTIC: [8] Use of undefined constant CURL_SSLVERSION_TLSv1 - assumed 'CURL_SSLVERSION_TLSv1' D:\kehu\mem\Member\Home\Controller\IndexController.class.php 第 319 行.
NOTIC: [8] Use of undefined constant CURL_SSLVERSION_TLSv1 - assumed 'CURL_SSLVERSION_TLSv1' D:\kehu\mem\Member\Home\Controller\IndexController.class.php 第 319 行.
SQL: SHOW COLUMNS FROM `tp_member` [ RunTime:0.0156s ]
SQL: SELECT * FROM `tp_member` WHERE `wxid` = 'oU3aduKpDBv_dxUL8wp7blcxz_vE' LIMIT 1   [ RunTime:0.0000s ]
SQL: UPDATE `tp_member` SET `headimg`='http://wx.qlogo.cn/mmopen/MqetDIMGBoVDjT3foTjQGZgRYGGZxrLicjdibciacWXM496KkmZStIfR380c1pHH5dlfF6ibHdCnuUWKJ1PlrLQ1opRdViaEzO5sD/0' WHERE `wxid` = 'oU3aduKpDBv_dxUL8wp7blcxz_vE' [ RunTime:0.0000s ]
SQL: SELECT * FROM `tp_member` WHERE `wxid` = 'oU3aduKpDBv_dxUL8wp7blcxz_vE' LIMIT 1   [ RunTime:0.0000s ]
SQL: SELECT * FROM `tp_member` WHERE `wxid` = 'oU3aduKpDBv_dxUL8wp7blcxz_vE' LIMIT 1   [ RunTime:0.0000s ]
SQL: SELECT * FROM `tp_member` WHERE `id` = 17 LIMIT 1   [ RunTime:0.0000s ]
INFO: [ view_parse ] --START--
INFO: [ template_filter ] --START--
INFO: Run Behavior\ContentReplaceBehavior [ RunTime:0.000000s ]
INFO: [ template_filter ] --END-- [ RunTime:0.000000s ]
INFO: Run Behavior\ParseTemplateBehavior [ RunTime:0.031251s ]
INFO: [ view_parse ] --END-- [ RunTime:0.031251s ]
INFO: [ view_filter ] --START--
INFO: Run Behavior\WriteHtmlCacheBehavior [ RunTime:0.000000s ]
INFO: [ view_filter ] --END-- [ RunTime:0.000000s ]
INFO: [ app_end ] --START--
INFO: Run Behavior\ShowPageTraceBehavior [ RunTime:0.000000s ]
INFO: [ app_end ] --END-- [ RunTime:0.000000s ]

[ 2015-08-27T19:41:54+08:00 ] 140.207.54.77 /index.php/home/index/weixin?signature=b3439b0d3685bbedc55d84a4559e98343f29fed5&timestamp=1440675714&nonce=2017309658
INFO: [ app_init ] --START--
INFO: Run Behavior\BuildLiteBehavior [ RunTime:0.000000s ]
INFO: [ app_init ] --END-- [ RunTime:0.000000s ]
INFO: [ app_begin ] --START--
INFO: Run Behavior\ReadHtmlCacheBehavior [ RunTime:0.000000s ]
INFO: [ app_begin ] --END-- [ RunTime:0.000000s ]
NOTIC: [8] Undefined variable: reply D:\kehu\mem\Member\Home\Controller\IndexController.class.php 第 126 行.
INFO: [ app_end ] --START--
INFO: Run Behavior\ShowPageTraceBehavior [ RunTime:0.000000s ]
INFO: [ app_end ] --END-- [ RunTime:0.000000s ]

[ 2015-08-27T19:44:27+08:00 ] 140.207.54.77 /index.php/home/index/weixin?signature=a48547871a50a2982ac574125299faf8b6ba205c&timestamp=1440675867&nonce=1378287067
INFO: [ app_init ] --START--
INFO: Run Behavior\BuildLiteBehavior [ RunTime:0.000000s ]
INFO: [ app_init ] --END-- [ RunTime:0.000000s ]
INFO: [ app_begin ] --START--
INFO: Run Behavior\ReadHtmlCacheBehavior [ RunTime:0.000000s ]
INFO: [ app_begin ] --END-- [ RunTime:0.000000s ]
SQL: SHOW COLUMNS FROM `tp_member` [ RunTime:0.0000s ]
SQL: SELECT * FROM `tp_member` WHERE `wxid` = 'oU3aduKpDBv_dxUL8wp7blcxz_vE' LIMIT 1   [ RunTime:0.0000s ]
SQL: SHOW COLUMNS FROM `tp_qiandao` [ RunTime:0.0000s ]
SQL: SELECT * FROM `tp_qiandao` WHERE `uid` = 17 LIMIT 1   [ RunTime:0.0000s ]
INFO: [ app_end ] --START--
INFO: Run Behavior\ShowPageTraceBehavior [ RunTime:0.000000s ]
INFO: [ app_end ] --END-- [ RunTime:0.000000s ]

[ 2015-08-27T20:38:03+08:00 ] 140.207.54.77 /index.php/home/index/weixin?signature=93246d47b7a3475d264a85a42821cb43197afedf&timestamp=1440679083&nonce=313847082
INFO: [ app_init ] --START--
INFO: Run Behavior\BuildLiteBehavior [ RunTime:0.000000s ]
INFO: [ app_init ] --END-- [ RunTime:0.000000s ]
INFO: [ app_begin ] --START--
INFO: Run Behavior\ReadHtmlCacheBehavior [ RunTime:0.000000s ]
INFO: [ app_begin ] --END-- [ RunTime:0.000000s ]
SQL: SHOW COLUMNS FROM `tp_member` [ RunTime:0.0156s ]
SQL: SELECT * FROM `tp_member` WHERE `wxid` = 'oU3aduEW-co3BKwSPdZVRapd5SDs' LIMIT 1   [ RunTime:0.0000s ]
SQL: SHOW COLUMNS FROM `tp_qiandao` [ RunTime:0.0000s ]
SQL: SELECT * FROM `tp_qiandao` WHERE `uid` = 50 LIMIT 1   [ RunTime:0.0000s ]
SQL: UPDATE `tp_qiandao` SET `num`='2',`last_time`='1440604800' WHERE `uid` = 50 [ RunTime:0.0000s ]
NOTIC: [8] Undefined variable: add_point D:\kehu\mem\Member\Home\Controller\IndexController.class.php 第 115 行.
SQL: UPDATE `tp_member` SET `points`=points+1 WHERE `id` = 50 [ RunTime:0.0000s ]
SQL: SHOW COLUMNS FROM `tp_points` [ RunTime:0.0000s ]
SQL: INSERT INTO `tp_points` (`userid`,`points`,`status`) VALUES ('50','1','1') [ RunTime:0.0000s ]
INFO: [ app_end ] --START--
INFO: Run Behavior\ShowPageTraceBehavior [ RunTime:0.015625s ]
INFO: [ app_end ] --END-- [ RunTime:0.015625s ]

