[ 2016-09-24T09:57:48+08:00 ] ::1 /longchuanwenhua/index.php?s=/Home/index/subsidies.html
INFO: [ app_init ] --START--
INFO: Run Behavior\BuildLiteBehavior [ RunTime:0.000095s ]
INFO: [ app_init ] --END-- [ RunTime:0.000896s ]
INFO: [ app_begin ] --START--
INFO: Run Behavior\ReadHtmlCacheBehavior [ RunTime:0.000585s ]
INFO: [ app_begin ] --END-- [ RunTime:0.000647s ]
SQL: SHOW COLUMNS FROM `tp_member` [ RunTime:0.0473s ]
SQL: SELECT * FROM `tp_member` WHERE `id` = 1 LIMIT 1   [ RunTime:0.0461s ]
SQL: SHOW COLUMNS FROM `tp_flash` [ RunTime:0.0508s ]
SQL: SELECT * FROM `tp_flash`  [ RunTime:0.0435s ]
INFO: [ view_parse ] --START--
INFO: [ template_filter ] --START--
INFO: Run Behavior\ContentReplaceBehavior [ RunTime:0.000084s ]
INFO: [ template_filter ] --END-- [ RunTime:0.000139s ]
NOTIC: [8] Undefined variable: signPackage D:\www\longchuanwenhua\App\Runtime\Cache\Home\ed55048779f03259c237cd71783abb91.php 第 170 行.
NOTIC: [8] Undefined variable: signPackage D:\www\longchuanwenhua\App\Runtime\Cache\Home\ed55048779f03259c237cd71783abb91.php 第 171 行.
NOTIC: [8] Undefined variable: signPackage D:\www\longchuanwenhua\App\Runtime\Cache\Home\ed55048779f03259c237cd71783abb91.php 第 172 行.
NOTIC: [8] Undefined variable: signPackage D:\www\longchuanwenhua\App\Runtime\Cache\Home\ed55048779f03259c237cd71783abb91.php 第 173 行.
NOTIC: [8] Undefined variable: userinfo D:\www\longchuanwenhua\App\Runtime\Cache\Home\ed55048779f03259c237cd71783abb91.php 第 211 行.
NOTIC: [8] Undefined variable: userinfo D:\www\longchuanwenhua\App\Runtime\Cache\Home\ed55048779f03259c237cd71783abb91.php 第 213 行.
INFO: Run Behavior\ParseTemplateBehavior [ RunTime:0.020024s ]
INFO: [ view_parse ] --END-- [ RunTime:0.020078s ]
INFO: [ view_filter ] --START--
INFO: Run Behavior\WriteHtmlCacheBehavior [ RunTime:0.000333s ]
INFO: [ view_filter ] --END-- [ RunTime:0.000375s ]
INFO: [ app_end ] --START--
INFO: Run Behavior\ShowPageTraceBehavior [ RunTime:0.000492s ]
INFO: [ app_end ] --END-- [ RunTime:0.000537s ]

[ 2016-09-24T11:30:13+08:00 ] ::1 /longchuanwenhua/index.php?s=/Home/index/subsidies.html
INFO: [ app_init ] --START--
INFO: Run Behavior\BuildLiteBehavior [ RunTime:0.000019s ]
INFO: [ app_init ] --END-- [ RunTime:0.000613s ]
INFO: [ app_begin ] --START--
INFO: Run Behavior\ReadHtmlCacheBehavior [ RunTime:0.000700s ]
INFO: [ app_begin ] --END-- [ RunTime:0.000780s ]
SQL: SHOW COLUMNS FROM `tp_member` [ RunTime:0.0483s ]
SQL: SELECT * FROM `tp_member` WHERE `id` = 1 LIMIT 1   [ RunTime:0.0455s ]
SQL: SHOW COLUMNS FROM `tp_flash` [ RunTime:0.0476s ]
SQL: SELECT * FROM `tp_flash`  [ RunTime:0.0448s ]
SQL: SHOW COLUMNS FROM `tp_weixin_config` [ RunTime:0.0535s ]
SQL: SELECT * FROM `tp_weixin_config` WHERE ( id = 1 ) LIMIT 1   [ RunTime:0.0451s ]

[ 2016-09-24T11:30:52+08:00 ] ::1 /longchuanwenhua/index.php?s=/Home/index/subsidies.html
INFO: [ app_init ] --START--
INFO: Run Behavior\BuildLiteBehavior [ RunTime:0.000016s ]
INFO: [ app_init ] --END-- [ RunTime:0.000381s ]
INFO: [ app_begin ] --START--
INFO: Run Behavior\ReadHtmlCacheBehavior [ RunTime:0.000561s ]
INFO: [ app_begin ] --END-- [ RunTime:0.000632s ]
SQL: SHOW COLUMNS FROM `tp_member` [ RunTime:0.0527s ]
SQL: SELECT * FROM `tp_member` WHERE `id` = 1 LIMIT 1   [ RunTime:0.0495s ]
SQL: SHOW COLUMNS FROM `tp_flash` [ RunTime:0.0498s ]
SQL: SELECT * FROM `tp_flash`  [ RunTime:0.0481s ]
SQL: SHOW COLUMNS FROM `tp_weixin_config` [ RunTime:0.0509s ]
SQL: SELECT * FROM `tp_weixin_config` WHERE ( id = 1 ) LIMIT 1   [ RunTime:0.0481s ]

[ 2016-09-24T11:30:54+08:00 ] ::1 /longchuanwenhua/index.php?s=/Home/index/subsidies.html
INFO: [ app_init ] --START--
INFO: Run Behavior\BuildLiteBehavior [ RunTime:0.000021s ]
INFO: [ app_init ] --END-- [ RunTime:0.000502s ]
INFO: [ app_begin ] --START--
INFO: Run Behavior\ReadHtmlCacheBehavior [ RunTime:0.000438s ]
INFO: [ app_begin ] --END-- [ RunTime:0.000500s ]
SQL: SHOW COLUMNS FROM `tp_member` [ RunTime:0.0469s ]
SQL: SELECT * FROM `tp_member` WHERE `id` = 1 LIMIT 1   [ RunTime:0.0449s ]
SQL: SHOW COLUMNS FROM `tp_flash` [ RunTime:0.0478s ]
SQL: SELECT * FROM `tp_flash`  [ RunTime:0.0448s ]
SQL: SHOW COLUMNS FROM `tp_weixin_config` [ RunTime:0.0467s ]
SQL: SELECT * FROM `tp_weixin_config` WHERE ( id = 1 ) LIMIT 1   [ RunTime:0.0440s ]

[ 2016-09-24T19:30:02+08:00 ] ::1 /longchuanwenhua/
INFO: [ app_init ] --START--
INFO: Run Behavior\BuildLiteBehavior [ RunTime:0.000059s ]
INFO: [ app_init ] --END-- [ RunTime:0.001501s ]
INFO: [ app_begin ] --START--
INFO: Run Behavior\ReadHtmlCacheBehavior [ RunTime:0.000588s ]
INFO: [ app_begin ] --END-- [ RunTime:0.000655s ]
SQL: SHOW COLUMNS FROM `tp_member` [ RunTime:0.0505s ]
SQL: SELECT * FROM `tp_member` WHERE `openid` = 'oudL8vswIa3ST5abdKFjXDoYuKhM' LIMIT 1   [ RunTime:0.0487s ]
SQL: SELECT * FROM `tp_member` WHERE `id` = 1 LIMIT 1   [ RunTime:0.0488s ]
SQL: SHOW COLUMNS FROM `tp_flash` [ RunTime:0.0502s ]
SQL: SELECT * FROM `tp_flash`  [ RunTime:0.0473s ]
INFO: [ view_parse ] --START--
INFO: [ template_filter ] --START--
INFO: Run Behavior\ContentReplaceBehavior [ RunTime:0.000062s ]
INFO: [ template_filter ] --END-- [ RunTime:0.000122s ]
INFO: Run Behavior\ParseTemplateBehavior [ RunTime:0.019545s ]
INFO: [ view_parse ] --END-- [ RunTime:0.019606s ]
INFO: [ view_filter ] --START--
INFO: Run Behavior\WriteHtmlCacheBehavior [ RunTime:0.000294s ]
INFO: [ view_filter ] --END-- [ RunTime:0.000336s ]
INFO: [ app_end ] --START--
INFO: Run Behavior\ShowPageTraceBehavior [ RunTime:0.000505s ]
INFO: [ app_end ] --END-- [ RunTime:0.000554s ]

