[ 2016-10-12T08:37:26+08:00 ] ::1 /longhcuanwenhua/
INFO: [ app_init ] --START--
INFO: Run Behavior\BuildLiteBehavior [ RunTime:0.000009s ]
INFO: [ app_init ] --END-- [ RunTime:0.000566s ]
INFO: [ app_begin ] --START--
INFO: Run Behavior\ReadHtmlCacheBehavior [ RunTime:0.000494s ]
INFO: [ app_begin ] --END-- [ RunTime:0.000533s ]
SQL: SHOW COLUMNS FROM `tp_member` [ RunTime:0.0498s ]
SQL: SELECT * FROM `tp_member` WHERE `openid` = 'oudL8vswIa3ST5abdKFjXDoYuKhM' LIMIT 1   [ RunTime:0.0377s ]
SQL: SELECT * FROM `tp_member` WHERE `id` = 1 LIMIT 1   [ RunTime:0.0377s ]
SQL: SHOW COLUMNS FROM `tp_flash` [ RunTime:0.0433s ]
SQL: SELECT * FROM `tp_flash`  [ RunTime:0.0384s ]
SQL: SHOW COLUMNS FROM `tp_package` [ RunTime:0.0460s ]
SQL: SELECT * FROM `tp_package` WHERE `id` = 2 LIMIT 1   [ RunTime:0.0365s ]
INFO: [ view_parse ] --START--
INFO: [ template_filter ] --START--
INFO: Run Behavior\ContentReplaceBehavior [ RunTime:0.000035s ]
INFO: [ template_filter ] --END-- [ RunTime:0.000078s ]
NOTIC: [8] Undefined variable: action D:\WWW\longhcuanwenhua\App\Runtime\Cache\Home\00e52909bed743ea261af4b6823297ff.php 第 25 行.
NOTIC: [8] Undefined variable: time D:\WWW\longhcuanwenhua\App\Runtime\Cache\Home\00e52909bed743ea261af4b6823297ff.php 第 69 行.
INFO: Run Behavior\ParseTemplateBehavior [ RunTime:0.015575s ]
INFO: [ view_parse ] --END-- [ RunTime:0.015613s ]
INFO: [ view_filter ] --START--
INFO: Run Behavior\WriteHtmlCacheBehavior [ RunTime:0.000610s ]
INFO: [ view_filter ] --END-- [ RunTime:0.000636s ]
INFO: [ app_end ] --START--
INFO: Run Behavior\ShowPageTraceBehavior [ RunTime:0.000511s ]
INFO: [ app_end ] --END-- [ RunTime:0.000539s ]

[ 2016-10-12T08:41:07+08:00 ] ::1 /longhcuanwenhua/
INFO: [ app_init ] --START--
INFO: Run Behavior\BuildLiteBehavior [ RunTime:0.000008s ]
INFO: [ app_init ] --END-- [ RunTime:0.000253s ]
INFO: [ app_begin ] --START--
INFO: Run Behavior\ReadHtmlCacheBehavior [ RunTime:0.000336s ]
INFO: [ app_begin ] --END-- [ RunTime:0.000383s ]
SQL: SHOW COLUMNS FROM `tp_member` [ RunTime:0.0400s ]
SQL: SELECT * FROM `tp_member` WHERE `id` = 1 LIMIT 1   [ RunTime:0.0370s ]
SQL: SHOW COLUMNS FROM `tp_flash` [ RunTime:0.0403s ]
SQL: SELECT * FROM `tp_flash`  [ RunTime:0.0362s ]
SQL: SHOW COLUMNS FROM `tp_package` [ RunTime:0.0399s ]
SQL: SELECT * FROM `tp_package` WHERE `id` = 2 LIMIT 1   [ RunTime:0.0367s ]
INFO: [ view_parse ] --START--
INFO: [ template_filter ] --START--
INFO: Run Behavior\ContentReplaceBehavior [ RunTime:0.000037s ]
INFO: [ template_filter ] --END-- [ RunTime:0.000099s ]
NOTIC: [8] Undefined variable: action D:\WWW\longhcuanwenhua\App\Runtime\Cache\Home\00e52909bed743ea261af4b6823297ff.php 第 25 行.
NOTIC: [8] Undefined variable: time D:\WWW\longhcuanwenhua\App\Runtime\Cache\Home\00e52909bed743ea261af4b6823297ff.php 第 69 行.
INFO: Run Behavior\ParseTemplateBehavior [ RunTime:0.005814s ]
INFO: [ view_parse ] --END-- [ RunTime:0.005846s ]
INFO: [ view_filter ] --START--
INFO: Run Behavior\WriteHtmlCacheBehavior [ RunTime:0.000215s ]
INFO: [ view_filter ] --END-- [ RunTime:0.000236s ]
INFO: [ app_end ] --START--
INFO: Run Behavior\ShowPageTraceBehavior [ RunTime:0.000384s ]
INFO: [ app_end ] --END-- [ RunTime:0.000407s ]

[ 2016-10-12T16:28:07+08:00 ] 192.168.1.168 /longhcuanwenhua/
INFO: [ app_init ] --START--
INFO: Run Behavior\BuildLiteBehavior [ RunTime:0.000009s ]
INFO: [ app_init ] --END-- [ RunTime:0.000417s ]
INFO: [ app_begin ] --START--
INFO: Run Behavior\ReadHtmlCacheBehavior [ RunTime:0.000440s ]
INFO: [ app_begin ] --END-- [ RunTime:0.000475s ]
SQL: SHOW COLUMNS FROM `tp_member` [ RunTime:0.0207s ]
SQL: SELECT * FROM `tp_member` WHERE `openid` = 'oudL8vswIa3ST5abdKFjXDoYuKhM' LIMIT 1   [ RunTime:0.0186s ]
SQL: SELECT * FROM `tp_member` WHERE `id` = 1 LIMIT 1   [ RunTime:0.0186s ]
SQL: SHOW COLUMNS FROM `tp_flash` [ RunTime:0.0196s ]
SQL: SELECT * FROM `tp_flash`  [ RunTime:0.0191s ]
SQL: SHOW COLUMNS FROM `tp_package` [ RunTime:0.0195s ]
SQL: SELECT * FROM `tp_package` WHERE `id` = 2 LIMIT 1   [ RunTime:0.0242s ]
INFO: [ view_parse ] --START--
INFO: [ template_filter ] --START--
INFO: Run Behavior\ContentReplaceBehavior [ RunTime:0.000035s ]
INFO: [ template_filter ] --END-- [ RunTime:0.000068s ]
NOTIC: [8] Undefined variable: action D:\WWW\longhcuanwenhua\App\Runtime\Cache\Home\00e52909bed743ea261af4b6823297ff.php 第 25 行.
NOTIC: [8] Undefined variable: time D:\WWW\longhcuanwenhua\App\Runtime\Cache\Home\00e52909bed743ea261af4b6823297ff.php 第 69 行.
INFO: Run Behavior\ParseTemplateBehavior [ RunTime:0.016612s ]
INFO: [ view_parse ] --END-- [ RunTime:0.016649s ]
INFO: [ view_filter ] --START--
INFO: Run Behavior\WriteHtmlCacheBehavior [ RunTime:0.000503s ]
INFO: [ view_filter ] --END-- [ RunTime:0.000528s ]
INFO: [ app_end ] --START--
INFO: Run Behavior\ShowPageTraceBehavior [ RunTime:0.000496s ]
INFO: [ app_end ] --END-- [ RunTime:0.000523s ]

[ 2016-10-12T16:34:26+08:00 ] 192.168.1.168 /longhcuanwenhua/
INFO: [ app_init ] --START--
INFO: Run Behavior\BuildLiteBehavior [ RunTime:0.000008s ]
INFO: [ app_init ] --END-- [ RunTime:0.000245s ]
INFO: [ app_begin ] --START--
INFO: Run Behavior\ReadHtmlCacheBehavior [ RunTime:0.000276s ]
INFO: [ app_begin ] --END-- [ RunTime:0.000305s ]
SQL: SHOW COLUMNS FROM `tp_member` [ RunTime:0.0244s ]
SQL: SELECT * FROM `tp_member` WHERE `id` = 1 LIMIT 1   [ RunTime:0.0238s ]
SQL: SHOW COLUMNS FROM `tp_flash` [ RunTime:0.0248s ]
SQL: SELECT * FROM `tp_flash`  [ RunTime:0.0236s ]
SQL: SHOW COLUMNS FROM `tp_package` [ RunTime:0.0246s ]
SQL: SELECT * FROM `tp_package` WHERE `id` = 2 LIMIT 1   [ RunTime:0.0232s ]
INFO: [ view_parse ] --START--
INFO: [ template_filter ] --START--
INFO: Run Behavior\ContentReplaceBehavior [ RunTime:0.000036s ]
INFO: [ template_filter ] --END-- [ RunTime:0.000070s ]
NOTIC: [8] Undefined variable: action D:\WWW\longhcuanwenhua\App\Runtime\Cache\Home\00e52909bed743ea261af4b6823297ff.php 第 25 行.
NOTIC: [8] Undefined variable: time D:\WWW\longhcuanwenhua\App\Runtime\Cache\Home\00e52909bed743ea261af4b6823297ff.php 第 69 行.
INFO: Run Behavior\ParseTemplateBehavior [ RunTime:0.011920s ]
INFO: [ view_parse ] --END-- [ RunTime:0.011951s ]
INFO: [ view_filter ] --START--
INFO: Run Behavior\WriteHtmlCacheBehavior [ RunTime:0.000187s ]
INFO: [ view_filter ] --END-- [ RunTime:0.000208s ]
INFO: [ app_end ] --START--
INFO: Run Behavior\ShowPageTraceBehavior [ RunTime:0.000302s ]
INFO: [ app_end ] --END-- [ RunTime:0.000325s ]

