[ 2016-11-20T06:49:27+08:00 ] 42.156.251.188 /
INFO: [ app_init ] --START--
INFO: Run Behavior\BuildLiteBehavior [ RunTime:0.000017s ]
INFO: [ app_init ] --END-- [ RunTime:0.000402s ]
INFO: [ app_begin ] --START--
INFO: Run Behavior\ReadHtmlCacheBehavior [ RunTime:0.000651s ]
INFO: [ app_begin ] --END-- [ RunTime:0.000704s ]
NOTIC: [8] Undefined index: nickname /data/home/hyu2409230001/htdocs/App/Home/Controller/BaseController.class.php 第 19 行.

[ 2016-11-20T19:38:39+08:00 ] 117.136.0.177 /
INFO: [ app_init ] --START--
INFO: Run Behavior\BuildLiteBehavior [ RunTime:0.000018s ]
INFO: [ app_init ] --END-- [ RunTime:0.000431s ]
INFO: [ app_begin ] --START--
INFO: Run Behavior\ReadHtmlCacheBehavior [ RunTime:0.000667s ]
INFO: [ app_begin ] --END-- [ RunTime:0.000720s ]
NOTIC: [8] Undefined index: nickname /data/home/hyu2409230001/htdocs/App/Home/Controller/BaseController.class.php 第 19 行.

[ 2016-11-20T19:38:40+08:00 ] 117.136.0.177 /?code=0410qxnb0f8Okv1SQ2nb0cwpnb00qxnC&state=STATE
INFO: [ app_init ] --START--
INFO: Run Behavior\BuildLiteBehavior [ RunTime:0.000018s ]
INFO: [ app_init ] --END-- [ RunTime:0.000408s ]
INFO: [ app_begin ] --START--
INFO: Run Behavior\ReadHtmlCacheBehavior [ RunTime:0.000628s ]
INFO: [ app_begin ] --END-- [ RunTime:0.000702s ]
SQL: SHOW COLUMNS FROM `tp_member` [ RunTime:0.0016s ]
SQL: SELECT * FROM `tp_member` WHERE `openid` = 'oudL8vgT_LfD1p7gGIXKL2hao_BM' LIMIT 1   [ RunTime:0.0005s ]

[ 2016-11-20T19:38:40+08:00 ] 117.136.0.177 /index.php?s=/Home/member/register.html
INFO: [ app_init ] --START--
INFO: Run Behavior\BuildLiteBehavior [ RunTime:0.000017s ]
INFO: [ app_init ] --END-- [ RunTime:0.000403s ]
INFO: [ app_begin ] --START--
INFO: Run Behavior\ReadHtmlCacheBehavior [ RunTime:0.000638s ]
INFO: [ app_begin ] --END-- [ RunTime:0.000694s ]
SQL: SHOW COLUMNS FROM `tp_member` [ RunTime:0.0020s ]
SQL: SELECT * FROM `tp_member` WHERE `openid` = 'oudL8vgT_LfD1p7gGIXKL2hao_BM' LIMIT 1   [ RunTime:0.0004s ]
SQL: SHOW COLUMNS FROM `tp_weixin_config` [ RunTime:0.0013s ]
SQL: SELECT * FROM `tp_weixin_config` WHERE ( id = 1 ) LIMIT 1   [ RunTime:0.0005s ]
SQL: SHOW COLUMNS FROM `tp_flash` [ RunTime:0.0017s ]
SQL: SELECT * FROM `tp_flash`  [ RunTime:0.0004s ]
SQL: SHOW COLUMNS FROM `tp_clist` [ RunTime:0.0012s ]
SQL: SELECT * FROM `tp_clist` WHERE ( id = 1 ) LIMIT 1   [ RunTime:0.0004s ]
INFO: [ view_parse ] --START--
INFO: [ template_filter ] --START--
INFO: Run Behavior\ContentReplaceBehavior [ RunTime:0.000065s ]
INFO: [ template_filter ] --END-- [ RunTime:0.000137s ]
NOTIC: [8] Undefined variable: action /data/home/hyu2409230001/htdocs/App/Runtime/Cache/Home/ffa265b14a0c497cd85b72a2f6dd2e78.php 第 30 行.
NOTIC: [8] Undefined variable: action /data/home/hyu2409230001/htdocs/App/Runtime/Cache/Home/ffa265b14a0c497cd85b72a2f6dd2e78.php 第 34 行.
NOTIC: [8] Undefined variable: action /data/home/hyu2409230001/htdocs/App/Runtime/Cache/Home/ffa265b14a0c497cd85b72a2f6dd2e78.php 第 39 行.
NOTIC: [8] Undefined variable: photo /data/home/hyu2409230001/htdocs/App/Runtime/Cache/Home/ffa265b14a0c497cd85b72a2f6dd2e78.php 第 488 行.
INFO: Run Behavior\ParseTemplateBehavior [ RunTime:0.014315s ]
INFO: [ view_parse ] --END-- [ RunTime:0.014364s ]
INFO: [ view_filter ] --START--
INFO: Run Behavior\WriteHtmlCacheBehavior [ RunTime:0.000295s ]
INFO: [ view_filter ] --END-- [ RunTime:0.000337s ]
INFO: [ app_end ] --START--
INFO: Run Behavior\ShowPageTraceBehavior [ RunTime:0.000571s ]
INFO: [ app_end ] --END-- [ RunTime:0.000619s ]

[ 2016-11-20T19:38:57+08:00 ] 180.153.206.22 /index.php?s=/Home/member/register.html
INFO: [ app_init ] --START--
INFO: Run Behavior\BuildLiteBehavior [ RunTime:0.000020s ]
INFO: [ app_init ] --END-- [ RunTime:0.000422s ]
INFO: [ app_begin ] --START--
INFO: Run Behavior\ReadHtmlCacheBehavior [ RunTime:0.000641s ]
INFO: [ app_begin ] --END-- [ RunTime:0.000694s ]

[ 2016-11-20T19:38:57+08:00 ] 180.153.206.22 /index.php?s=/Home/Index/index.html
INFO: [ app_init ] --START--
INFO: Run Behavior\BuildLiteBehavior [ RunTime:0.000018s ]
INFO: [ app_init ] --END-- [ RunTime:0.000534s ]
INFO: [ app_begin ] --START--
INFO: Run Behavior\ReadHtmlCacheBehavior [ RunTime:0.000627s ]
INFO: [ app_begin ] --END-- [ RunTime:0.000679s ]
NOTIC: [8] Undefined index: nickname /data/home/hyu2409230001/htdocs/App/Home/Controller/BaseController.class.php 第 19 行.

