[ 2016-10-16T06:33:45+08:00 ] 42.156.251.188 /
INFO: [ app_init ] --START--
INFO: Run Behavior\BuildLiteBehavior [ RunTime:0.000018s ]
INFO: [ app_init ] --END-- [ RunTime:0.000413s ]
INFO: [ app_begin ] --START--
INFO: Run Behavior\ReadHtmlCacheBehavior [ RunTime:0.000590s ]
INFO: [ app_begin ] --END-- [ RunTime:0.000644s ]
NOTIC: [8] Undefined index: nickname /data/home/hyu2409230001/htdocs/App/Home/Controller/BaseController.class.php 第 15 行.

[ 2016-10-16T09:23:51+08:00 ] 58.56.176.46 /
INFO: [ app_init ] --START--
INFO: Run Behavior\BuildLiteBehavior [ RunTime:0.000041s ]
INFO: [ app_init ] --END-- [ RunTime:0.000403s ]
INFO: [ app_begin ] --START--
INFO: Run Behavior\ReadHtmlCacheBehavior [ RunTime:0.000577s ]
INFO: [ app_begin ] --END-- [ RunTime:0.000655s ]
NOTIC: [8] Undefined index: nickname /data/home/hyu2409230001/htdocs/App/Home/Controller/BaseController.class.php 第 15 行.

[ 2016-10-16T09:23:51+08:00 ] 58.56.176.46 /?code=031BGD7D1yuBd10vrC8D1kyI7D1BGD7S&state=STATE
INFO: [ app_init ] --START--
INFO: Run Behavior\BuildLiteBehavior [ RunTime:0.000018s ]
INFO: [ app_init ] --END-- [ RunTime:0.000401s ]
INFO: [ app_begin ] --START--
INFO: Run Behavior\ReadHtmlCacheBehavior [ RunTime:0.000626s ]
INFO: [ app_begin ] --END-- [ RunTime:0.000681s ]
SQL: SHOW COLUMNS FROM `tp_member` [ RunTime:0.0023s ]
SQL: SELECT * FROM `tp_member` WHERE `openid` = 'oudL8vkoIuiNOQQ_PqO6CMxrvz7U' LIMIT 1   [ RunTime:0.0005s ]
SQL: SELECT * FROM `tp_member` WHERE `id` = 2 LIMIT 1   [ RunTime:0.0008s ]
SQL: SHOW COLUMNS FROM `tp_flash` [ RunTime:0.0010s ]
SQL: SELECT * FROM `tp_flash`  [ RunTime:0.0012s ]
SQL: SHOW COLUMNS FROM `tp_package` [ RunTime:0.0010s ]
SQL: SELECT * FROM `tp_package` WHERE `id` = 1 LIMIT 1   [ RunTime:0.0006s ]
INFO: [ view_parse ] --START--
INFO: [ template_filter ] --START--
INFO: Run Behavior\ContentReplaceBehavior [ RunTime:0.000044s ]
INFO: [ template_filter ] --END-- [ RunTime:0.000093s ]
NOTIC: [8] Undefined variable: action /data/home/hyu2409230001/htdocs/App/Runtime/Cache/Home/00e52909bed743ea261af4b6823297ff.php 第 25 行.
NOTIC: [8] Undefined variable: time /data/home/hyu2409230001/htdocs/App/Runtime/Cache/Home/00e52909bed743ea261af4b6823297ff.php 第 69 行.
INFO: Run Behavior\ParseTemplateBehavior [ RunTime:0.049487s ]
INFO: [ view_parse ] --END-- [ RunTime:0.049555s ]
INFO: [ view_filter ] --START--
INFO: Run Behavior\WriteHtmlCacheBehavior [ RunTime:0.000239s ]
INFO: [ view_filter ] --END-- [ RunTime:0.000283s ]
INFO: [ app_end ] --START--
INFO: Run Behavior\ShowPageTraceBehavior [ RunTime:0.000518s ]
INFO: [ app_end ] --END-- [ RunTime:0.000569s ]

[ 2016-10-16T09:23:55+08:00 ] 58.56.176.46 /index.php?s=/Home/index/getVIp.html
INFO: [ app_init ] --START--
INFO: Run Behavior\BuildLiteBehavior [ RunTime:0.000018s ]
INFO: [ app_init ] --END-- [ RunTime:0.000445s ]
INFO: [ app_begin ] --START--
INFO: Run Behavior\ReadHtmlCacheBehavior [ RunTime:0.000631s ]
INFO: [ app_begin ] --END-- [ RunTime:0.000724s ]
SQL: SHOW COLUMNS FROM `tp_member` [ RunTime:0.0019s ]
SQL: SELECT * FROM `tp_member` WHERE `id` = 2 LIMIT 1   [ RunTime:0.0005s ]
SQL: SHOW COLUMNS FROM `tp_flash` [ RunTime:0.0011s ]
SQL: SELECT * FROM `tp_flash`  [ RunTime:0.0004s ]
SQL: SHOW COLUMNS FROM `tp_check` [ RunTime:0.0014s ]
SQL: SELECT * FROM `tp_check` WHERE `user_id` = 2 AND `checktime` > 1475976235 LIMIT 1   [ RunTime:0.0006s ]

[ 2016-10-16T09:23:56+08:00 ] 58.56.176.46 /index.php?s=/Home/index/s_check.html
INFO: [ app_init ] --START--
INFO: Run Behavior\BuildLiteBehavior [ RunTime:0.000018s ]
INFO: [ app_init ] --END-- [ RunTime:0.000373s ]
INFO: [ app_begin ] --START--
INFO: Run Behavior\ReadHtmlCacheBehavior [ RunTime:0.000593s ]
INFO: [ app_begin ] --END-- [ RunTime:0.000645s ]
SQL: SHOW COLUMNS FROM `tp_member` [ RunTime:0.0013s ]
SQL: SELECT * FROM `tp_member` WHERE `id` = 2 LIMIT 1   [ RunTime:0.0004s ]
SQL: SHOW COLUMNS FROM `tp_flash` [ RunTime:0.0008s ]
SQL: SELECT * FROM `tp_flash`  [ RunTime:0.0003s ]
SQL: SHOW COLUMNS FROM `tp_weixin_config` [ RunTime:0.0011s ]
SQL: SELECT * FROM `tp_weixin_config` WHERE ( id = 1 ) LIMIT 1   [ RunTime:0.0005s ]
INFO: [ view_parse ] --START--
INFO: [ template_filter ] --START--
INFO: Run Behavior\ContentReplaceBehavior [ RunTime:0.000050s ]
INFO: [ template_filter ] --END-- [ RunTime:0.000101s ]
NOTIC: [8] Undefined variable: action /data/home/hyu2409230001/htdocs/App/Runtime/Cache/Home/c455c303d26cd6fee17ce879148e9afc.php 第 32 行.
NOTIC: [8] Undefined variable: photo /data/home/hyu2409230001/htdocs/App/Runtime/Cache/Home/c455c303d26cd6fee17ce879148e9afc.php 第 198 行.
INFO: Run Behavior\ParseTemplateBehavior [ RunTime:0.010463s ]
INFO: [ view_parse ] --END-- [ RunTime:0.010537s ]
INFO: [ view_filter ] --START--
INFO: Run Behavior\WriteHtmlCacheBehavior [ RunTime:0.000234s ]
INFO: [ view_filter ] --END-- [ RunTime:0.000274s ]
INFO: [ app_end ] --START--
INFO: Run Behavior\ShowPageTraceBehavior [ RunTime:0.000593s ]
INFO: [ app_end ] --END-- [ RunTime:0.000653s ]

[ 2016-10-16T09:24:00+08:00 ] 58.56.176.46 /?code=031BGD7D1yuBd10vrC8D1kyI7D1BGD7S&state=STATE
INFO: [ app_init ] --START--
INFO: Run Behavior\BuildLiteBehavior [ RunTime:0.000019s ]
INFO: [ app_init ] --END-- [ RunTime:0.000398s ]
INFO: [ app_begin ] --START--
INFO: Run Behavior\ReadHtmlCacheBehavior [ RunTime:0.000668s ]
INFO: [ app_begin ] --END-- [ RunTime:0.000722s ]
SQL: SHOW COLUMNS FROM `tp_member` [ RunTime:0.0015s ]
SQL: SELECT * FROM `tp_member` WHERE `id` = 2 LIMIT 1   [ RunTime:0.0005s ]
SQL: SHOW COLUMNS FROM `tp_flash` [ RunTime:0.0010s ]
SQL: SELECT * FROM `tp_flash`  [ RunTime:0.0003s ]
SQL: SHOW COLUMNS FROM `tp_package` [ RunTime:0.0007s ]
SQL: SELECT * FROM `tp_package` WHERE `id` = 1 LIMIT 1   [ RunTime:0.0003s ]
INFO: [ view_parse ] --START--
INFO: [ template_filter ] --START--
INFO: Run Behavior\ContentReplaceBehavior [ RunTime:0.000045s ]
INFO: [ template_filter ] --END-- [ RunTime:0.000108s ]
NOTIC: [8] Undefined variable: action /data/home/hyu2409230001/htdocs/App/Runtime/Cache/Home/00e52909bed743ea261af4b6823297ff.php 第 25 行.
NOTIC: [8] Undefined variable: time /data/home/hyu2409230001/htdocs/App/Runtime/Cache/Home/00e52909bed743ea261af4b6823297ff.php 第 69 行.
INFO: Run Behavior\ParseTemplateBehavior [ RunTime:0.009746s ]
INFO: [ view_parse ] --END-- [ RunTime:0.009803s ]
INFO: [ view_filter ] --START--
INFO: Run Behavior\WriteHtmlCacheBehavior [ RunTime:0.000224s ]
INFO: [ view_filter ] --END-- [ RunTime:0.000261s ]
INFO: [ app_end ] --START--
INFO: Run Behavior\ShowPageTraceBehavior [ RunTime:0.000534s ]
INFO: [ app_end ] --END-- [ RunTime:0.000585s ]

[ 2016-10-16T09:24:03+08:00 ] 58.56.176.46 /index.php?s=/Home/index/order.html
INFO: [ app_init ] --START--
INFO: Run Behavior\BuildLiteBehavior [ RunTime:0.000021s ]
INFO: [ app_init ] --END-- [ RunTime:0.000403s ]
INFO: [ app_begin ] --START--
INFO: Run Behavior\ReadHtmlCacheBehavior [ RunTime:0.000621s ]
INFO: [ app_begin ] --END-- [ RunTime:0.000681s ]
SQL: SHOW COLUMNS FROM `tp_member` [ RunTime:0.0017s ]
SQL: SELECT * FROM `tp_member` WHERE `id` = 2 LIMIT 1   [ RunTime:0.0006s ]
SQL: SHOW COLUMNS FROM `tp_flash` [ RunTime:0.0012s ]
SQL: SELECT * FROM `tp_flash`  [ RunTime:0.0003s ]
SQL: SHOW COLUMNS FROM `tp_goods_order` [ RunTime:0.0013s ]
SQL: SELECT * FROM `tp_goods_order` WHERE `user_id` = 2 ORDER BY id desc  [ RunTime:0.0006s ]
INFO: [ view_parse ] --START--
INFO: [ template_filter ] --START--
INFO: Run Behavior\ContentReplaceBehavior [ RunTime:0.000040s ]
INFO: [ template_filter ] --END-- [ RunTime:0.000088s ]
INFO: Run Behavior\ParseTemplateBehavior [ RunTime:0.009942s ]
INFO: [ view_parse ] --END-- [ RunTime:0.009992s ]
INFO: [ view_filter ] --START--
INFO: Run Behavior\WriteHtmlCacheBehavior [ RunTime:0.000212s ]
INFO: [ view_filter ] --END-- [ RunTime:0.000249s ]
INFO: [ app_end ] --START--
INFO: Run Behavior\ShowPageTraceBehavior [ RunTime:0.000497s ]
INFO: [ app_end ] --END-- [ RunTime:0.000542s ]

[ 2016-10-16T09:24:09+08:00 ] 58.56.176.46 /index.php?s=/Home/index/subsidies.html
INFO: [ app_init ] --START--
INFO: Run Behavior\BuildLiteBehavior [ RunTime:0.000021s ]
INFO: [ app_init ] --END-- [ RunTime:0.000428s ]
INFO: [ app_begin ] --START--
INFO: Run Behavior\ReadHtmlCacheBehavior [ RunTime:0.000597s ]
INFO: [ app_begin ] --END-- [ RunTime:0.000650s ]
SQL: SHOW COLUMNS FROM `tp_member` [ RunTime:0.0029s ]
SQL: SELECT * FROM `tp_member` WHERE `id` = 2 LIMIT 1   [ RunTime:0.0004s ]
SQL: SHOW COLUMNS FROM `tp_flash` [ RunTime:0.0010s ]
SQL: SELECT * FROM `tp_flash`  [ RunTime:0.0003s ]
SQL: SHOW COLUMNS FROM `tp_weixin_config` [ RunTime:0.0008s ]
SQL: SELECT * FROM `tp_weixin_config` WHERE ( id = 1 ) LIMIT 1   [ RunTime:0.0003s ]
INFO: [ view_parse ] --START--
INFO: [ template_filter ] --START--
INFO: Run Behavior\ContentReplaceBehavior [ RunTime:0.000047s ]
INFO: [ template_filter ] --END-- [ RunTime:0.000096s ]
NOTIC: [8] Undefined variable: action /data/home/hyu2409230001/htdocs/App/Runtime/Cache/Home/ed55048779f03259c237cd71783abb91.php 第 32 行.
NOTIC: [8] Undefined variable: photo /data/home/hyu2409230001/htdocs/App/Runtime/Cache/Home/ed55048779f03259c237cd71783abb91.php 第 213 行.
INFO: Run Behavior\ParseTemplateBehavior [ RunTime:0.010506s ]
INFO: [ view_parse ] --END-- [ RunTime:0.010568s ]
INFO: [ view_filter ] --START--
INFO: Run Behavior\WriteHtmlCacheBehavior [ RunTime:0.000330s ]
INFO: [ view_filter ] --END-- [ RunTime:0.000391s ]
INFO: [ app_end ] --START--
INFO: Run Behavior\ShowPageTraceBehavior [ RunTime:0.000526s ]
INFO: [ app_end ] --END-- [ RunTime:0.000579s ]

[ 2016-10-16T09:24:13+08:00 ] 58.56.176.46 /?code=031BGD7D1yuBd10vrC8D1kyI7D1BGD7S&state=STATE
INFO: [ app_init ] --START--
INFO: Run Behavior\BuildLiteBehavior [ RunTime:0.000019s ]
INFO: [ app_init ] --END-- [ RunTime:0.000425s ]
INFO: [ app_begin ] --START--
INFO: Run Behavior\ReadHtmlCacheBehavior [ RunTime:0.000657s ]
INFO: [ app_begin ] --END-- [ RunTime:0.000711s ]
SQL: SHOW COLUMNS FROM `tp_member` [ RunTime:0.0016s ]
SQL: SELECT * FROM `tp_member` WHERE `id` = 2 LIMIT 1   [ RunTime:0.0034s ]
SQL: SHOW COLUMNS FROM `tp_flash` [ RunTime:0.0010s ]
SQL: SELECT * FROM `tp_flash`  [ RunTime:0.0003s ]
SQL: SHOW COLUMNS FROM `tp_package` [ RunTime:0.0008s ]
SQL: SELECT * FROM `tp_package` WHERE `id` = 1 LIMIT 1   [ RunTime:0.0003s ]
INFO: [ view_parse ] --START--
INFO: [ template_filter ] --START--
INFO: Run Behavior\ContentReplaceBehavior [ RunTime:0.000042s ]
INFO: [ template_filter ] --END-- [ RunTime:0.000093s ]
NOTIC: [8] Undefined variable: action /data/home/hyu2409230001/htdocs/App/Runtime/Cache/Home/00e52909bed743ea261af4b6823297ff.php 第 25 行.
NOTIC: [8] Undefined variable: time /data/home/hyu2409230001/htdocs/App/Runtime/Cache/Home/00e52909bed743ea261af4b6823297ff.php 第 69 行.
INFO: Run Behavior\ParseTemplateBehavior [ RunTime:0.009360s ]
INFO: [ view_parse ] --END-- [ RunTime:0.009411s ]
INFO: [ view_filter ] --START--
INFO: Run Behavior\WriteHtmlCacheBehavior [ RunTime:0.000488s ]
INFO: [ view_filter ] --END-- [ RunTime:0.000525s ]
INFO: [ app_end ] --START--
INFO: Run Behavior\ShowPageTraceBehavior [ RunTime:0.000529s ]
INFO: [ app_end ] --END-- [ RunTime:0.000579s ]

[ 2016-10-16T09:24:25+08:00 ] 58.56.176.46 /index.php?s=/Home/index/getVIp.html
INFO: [ app_init ] --START--
INFO: Run Behavior\BuildLiteBehavior [ RunTime:0.000019s ]
INFO: [ app_init ] --END-- [ RunTime:0.000383s ]
INFO: [ app_begin ] --START--
INFO: Run Behavior\ReadHtmlCacheBehavior [ RunTime:0.000633s ]
INFO: [ app_begin ] --END-- [ RunTime:0.000691s ]
SQL: SHOW COLUMNS FROM `tp_member` [ RunTime:0.0018s ]
SQL: SELECT * FROM `tp_member` WHERE `id` = 2 LIMIT 1   [ RunTime:0.0005s ]
SQL: SHOW COLUMNS FROM `tp_flash` [ RunTime:0.0009s ]
SQL: SELECT * FROM `tp_flash`  [ RunTime:0.0003s ]
SQL: SHOW COLUMNS FROM `tp_check` [ RunTime:0.0008s ]
SQL: SELECT * FROM `tp_check` WHERE `user_id` = 2 AND `checktime` > 1475976265 LIMIT 1   [ RunTime:0.0005s ]

[ 2016-10-16T09:24:25+08:00 ] 58.56.176.46 /index.php?s=/Home/index/s_check.html
INFO: [ app_init ] --START--
INFO: Run Behavior\BuildLiteBehavior [ RunTime:0.000018s ]
INFO: [ app_init ] --END-- [ RunTime:0.000384s ]
INFO: [ app_begin ] --START--
INFO: Run Behavior\ReadHtmlCacheBehavior [ RunTime:0.000630s ]
INFO: [ app_begin ] --END-- [ RunTime:0.000682s ]
SQL: SHOW COLUMNS FROM `tp_member` [ RunTime:0.0017s ]
SQL: SELECT * FROM `tp_member` WHERE `id` = 2 LIMIT 1   [ RunTime:0.0005s ]
SQL: SHOW COLUMNS FROM `tp_flash` [ RunTime:0.0010s ]
SQL: SELECT * FROM `tp_flash`  [ RunTime:0.0003s ]
SQL: SHOW COLUMNS FROM `tp_weixin_config` [ RunTime:0.0009s ]
SQL: SELECT * FROM `tp_weixin_config` WHERE ( id = 1 ) LIMIT 1   [ RunTime:0.0003s ]
INFO: [ view_parse ] --START--
INFO: [ template_filter ] --START--
INFO: Run Behavior\ContentReplaceBehavior [ RunTime:0.000048s ]
INFO: [ template_filter ] --END-- [ RunTime:0.000092s ]
NOTIC: [8] Undefined variable: action /data/home/hyu2409230001/htdocs/App/Runtime/Cache/Home/c455c303d26cd6fee17ce879148e9afc.php 第 32 行.
NOTIC: [8] Undefined variable: photo /data/home/hyu2409230001/htdocs/App/Runtime/Cache/Home/c455c303d26cd6fee17ce879148e9afc.php 第 198 行.
INFO: Run Behavior\ParseTemplateBehavior [ RunTime:0.010279s ]
INFO: [ view_parse ] --END-- [ RunTime:0.010342s ]
INFO: [ view_filter ] --START--
INFO: Run Behavior\WriteHtmlCacheBehavior [ RunTime:0.000220s ]
INFO: [ view_filter ] --END-- [ RunTime:0.000271s ]
INFO: [ app_end ] --START--
INFO: Run Behavior\ShowPageTraceBehavior [ RunTime:0.000499s ]
INFO: [ app_end ] --END-- [ RunTime:0.000556s ]

[ 2016-10-16T09:24:33+08:00 ] 58.56.176.46 /index.php?s=/Home/index/getVIp.html
INFO: [ app_init ] --START--
INFO: Run Behavior\BuildLiteBehavior [ RunTime:0.000017s ]
INFO: [ app_init ] --END-- [ RunTime:0.000377s ]
INFO: [ app_begin ] --START--
INFO: Run Behavior\ReadHtmlCacheBehavior [ RunTime:0.000585s ]
INFO: [ app_begin ] --END-- [ RunTime:0.000639s ]
SQL: SHOW COLUMNS FROM `tp_member` [ RunTime:0.0014s ]
SQL: SELECT * FROM `tp_member` WHERE `id` = 2 LIMIT 1   [ RunTime:0.0004s ]
SQL: SHOW COLUMNS FROM `tp_flash` [ RunTime:0.0007s ]
SQL: SELECT * FROM `tp_flash`  [ RunTime:0.0003s ]
SQL: SHOW COLUMNS FROM `tp_check` [ RunTime:0.0008s ]
SQL: SELECT * FROM `tp_check` WHERE `user_id` = 2 AND `checktime` > 1475976273 LIMIT 1   [ RunTime:0.0008s ]

[ 2016-10-16T09:24:33+08:00 ] 58.56.176.46 /index.php?s=/Home/index/s_check.html
INFO: [ app_init ] --START--
INFO: Run Behavior\BuildLiteBehavior [ RunTime:0.000023s ]
INFO: [ app_init ] --END-- [ RunTime:0.000433s ]
INFO: [ app_begin ] --START--
INFO: Run Behavior\ReadHtmlCacheBehavior [ RunTime:0.000949s ]
INFO: [ app_begin ] --END-- [ RunTime:0.001024s ]
SQL: SHOW COLUMNS FROM `tp_member` [ RunTime:0.0015s ]
SQL: SELECT * FROM `tp_member` WHERE `id` = 2 LIMIT 1   [ RunTime:0.0006s ]
SQL: SHOW COLUMNS FROM `tp_flash` [ RunTime:0.0008s ]
SQL: SELECT * FROM `tp_flash`  [ RunTime:0.0003s ]
SQL: SHOW COLUMNS FROM `tp_weixin_config` [ RunTime:0.0007s ]
SQL: SELECT * FROM `tp_weixin_config` WHERE ( id = 1 ) LIMIT 1   [ RunTime:0.0003s ]
INFO: [ view_parse ] --START--
INFO: [ template_filter ] --START--
INFO: Run Behavior\ContentReplaceBehavior [ RunTime:0.000071s ]
INFO: [ template_filter ] --END-- [ RunTime:0.000141s ]
NOTIC: [8] Undefined variable: action /data/home/hyu2409230001/htdocs/App/Runtime/Cache/Home/c455c303d26cd6fee17ce879148e9afc.php 第 32 行.
NOTIC: [8] Undefined variable: photo /data/home/hyu2409230001/htdocs/App/Runtime/Cache/Home/c455c303d26cd6fee17ce879148e9afc.php 第 198 行.
INFO: Run Behavior\ParseTemplateBehavior [ RunTime:0.011327s ]
INFO: [ view_parse ] --END-- [ RunTime:0.011395s ]
INFO: [ view_filter ] --START--
INFO: Run Behavior\WriteHtmlCacheBehavior [ RunTime:0.000278s ]
INFO: [ view_filter ] --END-- [ RunTime:0.000316s ]
INFO: [ app_end ] --START--
INFO: Run Behavior\ShowPageTraceBehavior [ RunTime:0.000586s ]
INFO: [ app_end ] --END-- [ RunTime:0.000637s ]

[ 2016-10-16T09:24:48+08:00 ] 58.56.176.46 /index.php?s=/Home/Index/uploadImg.html
INFO: [ app_init ] --START--
INFO: Run Behavior\BuildLiteBehavior [ RunTime:0.000024s ]
INFO: [ app_init ] --END-- [ RunTime:0.000405s ]
INFO: [ app_begin ] --START--
INFO: Run Behavior\ReadHtmlCacheBehavior [ RunTime:0.000652s ]
INFO: [ app_begin ] --END-- [ RunTime:0.000707s ]
SQL: SHOW COLUMNS FROM `tp_member` [ RunTime:0.0018s ]
SQL: SELECT * FROM `tp_member` WHERE `id` = 2 LIMIT 1   [ RunTime:0.0005s ]
SQL: SHOW COLUMNS FROM `tp_flash` [ RunTime:0.0008s ]
SQL: SELECT * FROM `tp_flash`  [ RunTime:0.0004s ]
SQL: SHOW COLUMNS FROM `tp_weixin_config` [ RunTime:0.0012s ]
SQL: SELECT * FROM `tp_weixin_config` WHERE ( id = 1 ) LIMIT 1   [ RunTime:0.0005s ]
NOTIC: [2] curl_setopt(): CURLOPT_FOLLOWLOCATION cannot be activated when an open_basedir is set /data/home/hyu2409230001/htdocs/App/Home/Controller/IndexController.class.php 第 374 行.
SQL: UPDATE `tp_weixin_config` SET `access_token`='zSGCfmfOhuz4WGuCJQ3n3s095F345qvsFJO8wtiCE_Yqd2kC8v02UxyOAdRHR81w2bFpz_VuYqOowkC_ySydlLfW6jZWVNAPA_6PcRe2dQOo8Ng8xyilr-sPMP3euf9-KUEbADAUEO',`dateline`='1476581088' WHERE ( id = 1 ) [ RunTime:0.0007s ]
NOTIC: [8] Undefined variable: server_id /data/home/hyu2409230001/htdocs/App/Home/Controller/IndexController.class.php 第 263 行.
SQL: SHOW COLUMNS FROM `tp_img` [ RunTime:0.0014s ]
SQL: INSERT INTO `tp_img` (`user_id`,`path`,`server_id`,`addtime`) VALUES ('2','/uploads/BL/5802d6e05fd8c.jpg','7Zdu50hdFAPONTmFMWNS-GOdO26KHc05_0rwqZYez4RX0tjZTmqscxMU_HTiNr9U','1476581088') [ RunTime:0.0004s ]

[ 2016-10-16T09:25:01+08:00 ] 58.56.176.46 /index.php?s=/Home/index/save_check.html
INFO: [ app_init ] --START--
INFO: Run Behavior\BuildLiteBehavior [ RunTime:0.000032s ]
INFO: [ app_init ] --END-- [ RunTime:0.000668s ]
INFO: [ app_begin ] --START--
INFO: Run Behavior\ReadHtmlCacheBehavior [ RunTime:0.000649s ]
INFO: [ app_begin ] --END-- [ RunTime:0.000704s ]
SQL: SHOW COLUMNS FROM `tp_member` [ RunTime:0.0014s ]
SQL: SELECT * FROM `tp_member` WHERE `id` = 2 LIMIT 1   [ RunTime:0.0003s ]
SQL: SHOW COLUMNS FROM `tp_flash` [ RunTime:0.0006s ]
SQL: SELECT * FROM `tp_flash`  [ RunTime:0.0003s ]
SQL: SHOW COLUMNS FROM `tp_check` [ RunTime:0.0008s ]
SQL: INSERT INTO `tp_check` (`user_id`,`bl_img`,`addtime`) VALUES ('2','7Zdu50hdFAPONTmFMWNS-GOdO26KHc05_0rwqZYez4RX0tjZTmqscxMU_HTiNr9U','1476581101') [ RunTime:0.0005s ]
INFO: [ view_parse ] --START--
INFO: [ template_filter ] --START--
INFO: Run Behavior\ContentReplaceBehavior [ RunTime:0.000036s ]
INFO: [ template_filter ] --END-- [ RunTime:0.000091s ]
INFO: Run Behavior\ParseTemplateBehavior [ RunTime:0.005775s ]
INFO: [ view_parse ] --END-- [ RunTime:0.005829s ]
INFO: [ view_filter ] --START--
INFO: Run Behavior\WriteHtmlCacheBehavior [ RunTime:0.000225s ]
INFO: [ view_filter ] --END-- [ RunTime:0.000261s ]
INFO: [ app_end ] --START--
INFO: Run Behavior\ShowPageTraceBehavior [ RunTime:0.000611s ]
INFO: [ app_end ] --END-- [ RunTime:0.000655s ]

[ 2016-10-16T09:25:03+08:00 ] 58.56.176.46 /index.php?s=/Home/Index/index.html
INFO: [ app_init ] --START--
INFO: Run Behavior\BuildLiteBehavior [ RunTime:0.000018s ]
INFO: [ app_init ] --END-- [ RunTime:0.000380s ]
INFO: [ app_begin ] --START--
INFO: Run Behavior\ReadHtmlCacheBehavior [ RunTime:0.000609s ]
INFO: [ app_begin ] --END-- [ RunTime:0.000662s ]
SQL: SHOW COLUMNS FROM `tp_member` [ RunTime:0.0015s ]
SQL: SELECT * FROM `tp_member` WHERE `id` = 2 LIMIT 1   [ RunTime:0.0004s ]
SQL: SHOW COLUMNS FROM `tp_flash` [ RunTime:0.0007s ]
SQL: SELECT * FROM `tp_flash`  [ RunTime:0.0003s ]
SQL: SHOW COLUMNS FROM `tp_package` [ RunTime:0.0011s ]
SQL: SELECT * FROM `tp_package` WHERE `id` = 1 LIMIT 1   [ RunTime:0.0003s ]
INFO: [ view_parse ] --START--
INFO: [ template_filter ] --START--
INFO: Run Behavior\ContentReplaceBehavior [ RunTime:0.000038s ]
INFO: [ template_filter ] --END-- [ RunTime:0.000081s ]
NOTIC: [8] Undefined variable: action /data/home/hyu2409230001/htdocs/App/Runtime/Cache/Home/00e52909bed743ea261af4b6823297ff.php 第 25 行.
NOTIC: [8] Undefined variable: time /data/home/hyu2409230001/htdocs/App/Runtime/Cache/Home/00e52909bed743ea261af4b6823297ff.php 第 69 行.
INFO: Run Behavior\ParseTemplateBehavior [ RunTime:0.009304s ]
INFO: [ view_parse ] --END-- [ RunTime:0.009354s ]
INFO: [ view_filter ] --START--
INFO: Run Behavior\WriteHtmlCacheBehavior [ RunTime:0.000211s ]
INFO: [ view_filter ] --END-- [ RunTime:0.000255s ]
INFO: [ app_end ] --START--
INFO: Run Behavior\ShowPageTraceBehavior [ RunTime:0.000518s ]
INFO: [ app_end ] --END-- [ RunTime:0.000567s ]

[ 2016-10-16T09:27:02+08:00 ] 101.226.68.213 /index.php?s=/Home/index/s_check.html
INFO: [ app_init ] --START--
INFO: Run Behavior\BuildLiteBehavior [ RunTime:0.000018s ]
INFO: [ app_init ] --END-- [ RunTime:0.000409s ]
INFO: [ app_begin ] --START--
INFO: Run Behavior\ReadHtmlCacheBehavior [ RunTime:0.000595s ]
INFO: [ app_begin ] --END-- [ RunTime:0.000647s ]
NOTIC: [8] Undefined index: nickname /data/home/hyu2409230001/htdocs/App/Home/Controller/BaseController.class.php 第 15 行.

[ 2016-10-16T09:27:12+08:00 ] 180.153.206.23 /index.php?s=/Home/index/order.html
INFO: [ app_init ] --START--
INFO: Run Behavior\BuildLiteBehavior [ RunTime:0.000020s ]
INFO: [ app_init ] --END-- [ RunTime:0.000417s ]
INFO: [ app_begin ] --START--
INFO: Run Behavior\ReadHtmlCacheBehavior [ RunTime:0.000650s ]
INFO: [ app_begin ] --END-- [ RunTime:0.000703s ]
NOTIC: [8] Undefined index: nickname /data/home/hyu2409230001/htdocs/App/Home/Controller/BaseController.class.php 第 15 行.

[ 2016-10-16T09:27:17+08:00 ] 101.226.66.173 /index.php?s=/Home/index/subsidies.html
INFO: [ app_init ] --START--
INFO: Run Behavior\BuildLiteBehavior [ RunTime:0.000019s ]
INFO: [ app_init ] --END-- [ RunTime:0.000404s ]
INFO: [ app_begin ] --START--
INFO: Run Behavior\ReadHtmlCacheBehavior [ RunTime:0.000606s ]
INFO: [ app_begin ] --END-- [ RunTime:0.000660s ]
NOTIC: [8] Undefined index: nickname /data/home/hyu2409230001/htdocs/App/Home/Controller/BaseController.class.php 第 15 行.

[ 2016-10-16T09:28:03+08:00 ] 140.207.185.112 /index.php?s=/Home/Index/index.html
INFO: [ app_init ] --START--
INFO: Run Behavior\BuildLiteBehavior [ RunTime:0.000019s ]
INFO: [ app_init ] --END-- [ RunTime:0.000407s ]
INFO: [ app_begin ] --START--
INFO: Run Behavior\ReadHtmlCacheBehavior [ RunTime:0.000578s ]
INFO: [ app_begin ] --END-- [ RunTime:0.000658s ]
NOTIC: [8] Undefined index: nickname /data/home/hyu2409230001/htdocs/App/Home/Controller/BaseController.class.php 第 15 行.

[ 2016-10-16T09:28:10+08:00 ] 101.226.65.108 /index.php?s=/Home/index/save_check.html
INFO: [ app_init ] --START--
INFO: Run Behavior\BuildLiteBehavior [ RunTime:0.000018s ]
INFO: [ app_init ] --END-- [ RunTime:0.000405s ]
INFO: [ app_begin ] --START--
INFO: Run Behavior\ReadHtmlCacheBehavior [ RunTime:0.000579s ]
INFO: [ app_begin ] --END-- [ RunTime:0.000654s ]
NOTIC: [8] Undefined index: nickname /data/home/hyu2409230001/htdocs/App/Home/Controller/BaseController.class.php 第 15 行.

[ 2016-10-16T11:54:01+08:00 ] 123.117.51.228 /
INFO: [ app_init ] --START--
INFO: Run Behavior\BuildLiteBehavior [ RunTime:0.000023s ]
INFO: [ app_init ] --END-- [ RunTime:0.000418s ]
INFO: [ app_begin ] --START--
INFO: Run Behavior\ReadHtmlCacheBehavior [ RunTime:0.000643s ]
INFO: [ app_begin ] --END-- [ RunTime:0.000704s ]
NOTIC: [8] Undefined index: nickname /data/home/hyu2409230001/htdocs/App/Home/Controller/BaseController.class.php 第 15 行.

[ 2016-10-16T11:54:02+08:00 ] 125.39.210.27 /
INFO: [ app_init ] --START--
INFO: Run Behavior\BuildLiteBehavior [ RunTime:0.000026s ]
INFO: [ app_init ] --END-- [ RunTime:0.000471s ]
INFO: [ app_begin ] --START--
INFO: Run Behavior\ReadHtmlCacheBehavior [ RunTime:0.000658s ]
INFO: [ app_begin ] --END-- [ RunTime:0.000736s ]
NOTIC: [8] Undefined index: nickname /data/home/hyu2409230001/htdocs/App/Home/Controller/BaseController.class.php 第 15 行.

[ 2016-10-16T11:54:02+08:00 ] 123.151.139.145 /
INFO: [ app_init ] --START--
INFO: Run Behavior\BuildLiteBehavior [ RunTime:0.000022s ]
INFO: [ app_init ] --END-- [ RunTime:0.000405s ]
INFO: [ app_begin ] --START--
INFO: Run Behavior\ReadHtmlCacheBehavior [ RunTime:0.010846s ]
INFO: [ app_begin ] --END-- [ RunTime:0.010910s ]
NOTIC: [8] Undefined index: nickname /data/home/hyu2409230001/htdocs/App/Home/Controller/BaseController.class.php 第 15 行.

[ 2016-10-16T11:54:02+08:00 ] 111.161.57.49 /?code=0419JV9F1UnCe301AJ7F1z7T9F19JV9O&state=STATE
INFO: [ app_init ] --START--
INFO: Run Behavior\BuildLiteBehavior [ RunTime:0.000021s ]
INFO: [ app_init ] --END-- [ RunTime:0.008797s ]
INFO: [ app_begin ] --START--
INFO: Run Behavior\ReadHtmlCacheBehavior [ RunTime:0.000715s ]
INFO: [ app_begin ] --END-- [ RunTime:0.000769s ]
SQL: SHOW COLUMNS FROM `tp_member` [ RunTime:0.0017s ]
SQL: SELECT * FROM `tp_member` WHERE `openid` = 'oudL8vvH15YspV2kx9_R0WpauxJ8' LIMIT 1   [ RunTime:0.0006s ]

[ 2016-10-16T11:54:02+08:00 ] 111.161.57.49 /index.php?s=/Home/member/register.html
INFO: [ app_init ] --START--
INFO: Run Behavior\BuildLiteBehavior [ RunTime:0.000021s ]
INFO: [ app_init ] --END-- [ RunTime:0.000410s ]
INFO: [ app_begin ] --START--
INFO: Run Behavior\ReadHtmlCacheBehavior [ RunTime:0.000669s ]
INFO: [ app_begin ] --END-- [ RunTime:0.000730s ]
SQL: SHOW COLUMNS FROM `tp_member` [ RunTime:0.0014s ]
SQL: SELECT * FROM `tp_member` WHERE `openid` = 'oudL8vvH15YspV2kx9_R0WpauxJ8' LIMIT 1   [ RunTime:0.0004s ]
SQL: SHOW COLUMNS FROM `tp_weixin_config` [ RunTime:0.0010s ]
SQL: SELECT * FROM `tp_weixin_config` WHERE ( id = 1 ) LIMIT 1   [ RunTime:0.0005s ]
SQL: SHOW COLUMNS FROM `tp_flash` [ RunTime:0.0057s ]
SQL: SELECT * FROM `tp_flash`  [ RunTime:0.0004s ]
INFO: [ view_parse ] --START--
INFO: [ template_filter ] --START--
INFO: Run Behavior\ContentReplaceBehavior [ RunTime:0.000090s ]
INFO: [ template_filter ] --END-- [ RunTime:0.000147s ]
NOTIC: [8] Undefined variable: photo /data/home/hyu2409230001/htdocs/App/Runtime/Cache/Home/ffa265b14a0c497cd85b72a2f6dd2e78.php 第 423 行.
INFO: Run Behavior\ParseTemplateBehavior [ RunTime:0.012698s ]
INFO: [ view_parse ] --END-- [ RunTime:0.012747s ]
INFO: [ view_filter ] --START--
INFO: Run Behavior\WriteHtmlCacheBehavior [ RunTime:0.000217s ]
INFO: [ view_filter ] --END-- [ RunTime:0.000254s ]
INFO: [ app_end ] --START--
INFO: Run Behavior\ShowPageTraceBehavior [ RunTime:0.000565s ]
INFO: [ app_end ] --END-- [ RunTime:0.000612s ]

[ 2016-10-16T12:02:34+08:00 ] 58.56.176.46 /
INFO: [ app_init ] --START--
INFO: Run Behavior\BuildLiteBehavior [ RunTime:0.000019s ]
INFO: [ app_init ] --END-- [ RunTime:0.000390s ]
INFO: [ app_begin ] --START--
INFO: Run Behavior\ReadHtmlCacheBehavior [ RunTime:0.000620s ]
INFO: [ app_begin ] --END-- [ RunTime:0.000677s ]
NOTIC: [8] Undefined index: nickname /data/home/hyu2409230001/htdocs/App/Home/Controller/BaseController.class.php 第 15 行.

[ 2016-10-16T12:02:35+08:00 ] 58.56.176.46 /?code=021Yyb6F0wfj0h279p8F0KBf6F0Yyb6R&state=STATE
INFO: [ app_init ] --START--
INFO: Run Behavior\BuildLiteBehavior [ RunTime:0.000018s ]
INFO: [ app_init ] --END-- [ RunTime:0.000374s ]
INFO: [ app_begin ] --START--
INFO: Run Behavior\ReadHtmlCacheBehavior [ RunTime:0.000613s ]
INFO: [ app_begin ] --END-- [ RunTime:0.000666s ]
SQL: SHOW COLUMNS FROM `tp_member` [ RunTime:0.0016s ]
SQL: SELECT * FROM `tp_member` WHERE `openid` = 'oudL8vvyPJF9cDMCNd_UbTUipvMk' LIMIT 1   [ RunTime:0.0006s ]

[ 2016-10-16T12:02:35+08:00 ] 58.56.176.46 /index.php?s=/Home/member/register.html
INFO: [ app_init ] --START--
INFO: Run Behavior\BuildLiteBehavior [ RunTime:0.000018s ]
INFO: [ app_init ] --END-- [ RunTime:0.000382s ]
INFO: [ app_begin ] --START--
INFO: Run Behavior\ReadHtmlCacheBehavior [ RunTime:0.000617s ]
INFO: [ app_begin ] --END-- [ RunTime:0.000707s ]
SQL: SHOW COLUMNS FROM `tp_member` [ RunTime:0.0012s ]
SQL: SELECT * FROM `tp_member` WHERE `openid` = 'oudL8vvyPJF9cDMCNd_UbTUipvMk' LIMIT 1   [ RunTime:0.0003s ]
SQL: SHOW COLUMNS FROM `tp_weixin_config` [ RunTime:0.0010s ]
SQL: SELECT * FROM `tp_weixin_config` WHERE ( id = 1 ) LIMIT 1   [ RunTime:0.0004s ]
SQL: SHOW COLUMNS FROM `tp_flash` [ RunTime:0.0010s ]
SQL: SELECT * FROM `tp_flash`  [ RunTime:0.0004s ]
INFO: [ view_parse ] --START--
INFO: [ template_filter ] --START--
INFO: Run Behavior\ContentReplaceBehavior [ RunTime:0.000067s ]
INFO: [ template_filter ] --END-- [ RunTime:0.000115s ]
NOTIC: [8] Undefined variable: photo /data/home/hyu2409230001/htdocs/App/Runtime/Cache/Home/ffa265b14a0c497cd85b72a2f6dd2e78.php 第 423 行.
INFO: Run Behavior\ParseTemplateBehavior [ RunTime:0.012503s ]
INFO: [ view_parse ] --END-- [ RunTime:0.012554s ]
INFO: [ view_filter ] --START--
INFO: Run Behavior\WriteHtmlCacheBehavior [ RunTime:0.000210s ]
INFO: [ view_filter ] --END-- [ RunTime:0.000247s ]
INFO: [ app_end ] --START--
INFO: Run Behavior\ShowPageTraceBehavior [ RunTime:0.000494s ]
INFO: [ app_end ] --END-- [ RunTime:0.000541s ]

[ 2016-10-16T16:37:51+08:00 ] 114.253.105.103 /
INFO: [ app_init ] --START--
INFO: Run Behavior\BuildLiteBehavior [ RunTime:0.000054s ]
INFO: [ app_init ] --END-- [ RunTime:0.000640s ]
INFO: [ app_begin ] --START--
INFO: Run Behavior\ReadHtmlCacheBehavior [ RunTime:0.000812s ]
INFO: [ app_begin ] --END-- [ RunTime:0.000927s ]
NOTIC: [8] Undefined index: nickname /data/home/hyu2409230001/htdocs/App/Home/Controller/BaseController.class.php 第 15 行.

[ 2016-10-16T16:37:52+08:00 ] 125.39.210.27 /
INFO: [ app_init ] --START--
INFO: Run Behavior\BuildLiteBehavior [ RunTime:0.000024s ]
INFO: [ app_init ] --END-- [ RunTime:0.000553s ]
INFO: [ app_begin ] --START--
INFO: Run Behavior\ReadHtmlCacheBehavior [ RunTime:0.000637s ]
INFO: [ app_begin ] --END-- [ RunTime:0.000693s ]
NOTIC: [8] Undefined index: nickname /data/home/hyu2409230001/htdocs/App/Home/Controller/BaseController.class.php 第 15 行.

[ 2016-10-16T16:37:52+08:00 ] 123.151.139.155 /
INFO: [ app_init ] --START--
INFO: Run Behavior\BuildLiteBehavior [ RunTime:0.000021s ]
INFO: [ app_init ] --END-- [ RunTime:0.000397s ]
INFO: [ app_begin ] --START--
INFO: Run Behavior\ReadHtmlCacheBehavior [ RunTime:0.000622s ]
INFO: [ app_begin ] --END-- [ RunTime:0.000675s ]
NOTIC: [8] Undefined index: nickname /data/home/hyu2409230001/htdocs/App/Home/Controller/BaseController.class.php 第 15 行.

[ 2016-10-16T16:37:52+08:00 ] 111.161.57.49 /?code=0215Xncy1ciFre0YCNby1Putcy15Xncy&state=STATE
INFO: [ app_init ] --START--
INFO: Run Behavior\BuildLiteBehavior [ RunTime:0.000016s ]
INFO: [ app_init ] --END-- [ RunTime:0.004414s ]
INFO: [ app_begin ] --START--
INFO: Run Behavior\ReadHtmlCacheBehavior [ RunTime:0.000601s ]
INFO: [ app_begin ] --END-- [ RunTime:0.000654s ]
SQL: SHOW COLUMNS FROM `tp_member` [ RunTime:0.0019s ]
SQL: SELECT * FROM `tp_member` WHERE `openid` = 'oudL8vvH15YspV2kx9_R0WpauxJ8' LIMIT 1   [ RunTime:0.0006s ]

[ 2016-10-16T16:37:53+08:00 ] 111.161.57.49 /index.php?s=/Home/member/register.html
INFO: [ app_init ] --START--
INFO: Run Behavior\BuildLiteBehavior [ RunTime:0.000020s ]
INFO: [ app_init ] --END-- [ RunTime:0.000403s ]
INFO: [ app_begin ] --START--
INFO: Run Behavior\ReadHtmlCacheBehavior [ RunTime:0.000671s ]
INFO: [ app_begin ] --END-- [ RunTime:0.000731s ]
SQL: SHOW COLUMNS FROM `tp_member` [ RunTime:0.0014s ]
SQL: SELECT * FROM `tp_member` WHERE `openid` = 'oudL8vvH15YspV2kx9_R0WpauxJ8' LIMIT 1   [ RunTime:0.0004s ]
SQL: SHOW COLUMNS FROM `tp_weixin_config` [ RunTime:0.0009s ]
SQL: SELECT * FROM `tp_weixin_config` WHERE ( id = 1 ) LIMIT 1   [ RunTime:0.0004s ]
SQL: SHOW COLUMNS FROM `tp_flash` [ RunTime:0.0013s ]
SQL: SELECT * FROM `tp_flash`  [ RunTime:0.0004s ]
INFO: [ view_parse ] --START--
INFO: [ template_filter ] --START--
INFO: Run Behavior\ContentReplaceBehavior [ RunTime:0.000070s ]
INFO: [ template_filter ] --END-- [ RunTime:0.000124s ]
NOTIC: [8] Undefined variable: photo /data/home/hyu2409230001/htdocs/App/Runtime/Cache/Home/ffa265b14a0c497cd85b72a2f6dd2e78.php 第 423 行.
INFO: Run Behavior\ParseTemplateBehavior [ RunTime:0.012682s ]
INFO: [ view_parse ] --END-- [ RunTime:0.012732s ]
INFO: [ view_filter ] --START--
INFO: Run Behavior\WriteHtmlCacheBehavior [ RunTime:0.000257s ]
INFO: [ view_filter ] --END-- [ RunTime:0.000294s ]
INFO: [ app_end ] --START--
INFO: Run Behavior\ShowPageTraceBehavior [ RunTime:0.000556s ]
INFO: [ app_end ] --END-- [ RunTime:0.000604s ]

[ 2016-10-16T19:32:45+08:00 ] 58.56.176.46 /
INFO: [ app_init ] --START--
INFO: Run Behavior\BuildLiteBehavior [ RunTime:0.000020s ]
INFO: [ app_init ] --END-- [ RunTime:0.000418s ]
INFO: [ app_begin ] --START--
INFO: Run Behavior\ReadHtmlCacheBehavior [ RunTime:0.000650s ]
INFO: [ app_begin ] --END-- [ RunTime:0.000737s ]
SQL: SHOW COLUMNS FROM `tp_member` [ RunTime:0.0047s ]
SQL: SELECT * FROM `tp_member` WHERE `openid` = 'oudL8vvyPJF9cDMCNd_UbTUipvMk' LIMIT 1   [ RunTime:0.0006s ]

[ 2016-10-16T19:32:46+08:00 ] 58.56.176.46 /index.php?s=/Home/member/register.html
INFO: [ app_init ] --START--
INFO: Run Behavior\BuildLiteBehavior [ RunTime:0.000018s ]
INFO: [ app_init ] --END-- [ RunTime:0.000376s ]
INFO: [ app_begin ] --START--
INFO: Run Behavior\ReadHtmlCacheBehavior [ RunTime:0.000609s ]
INFO: [ app_begin ] --END-- [ RunTime:0.000661s ]
SQL: SHOW COLUMNS FROM `tp_member` [ RunTime:0.0015s ]
SQL: SELECT * FROM `tp_member` WHERE `openid` = 'oudL8vvyPJF9cDMCNd_UbTUipvMk' LIMIT 1   [ RunTime:0.0004s ]
SQL: SHOW COLUMNS FROM `tp_weixin_config` [ RunTime:0.0010s ]
SQL: SELECT * FROM `tp_weixin_config` WHERE ( id = 1 ) LIMIT 1   [ RunTime:0.0004s ]
SQL: SHOW COLUMNS FROM `tp_flash` [ RunTime:0.0018s ]
SQL: SELECT * FROM `tp_flash`  [ RunTime:0.0005s ]
INFO: [ view_parse ] --START--
INFO: [ template_filter ] --START--
INFO: Run Behavior\ContentReplaceBehavior [ RunTime:0.000069s ]
INFO: [ template_filter ] --END-- [ RunTime:0.000114s ]
NOTIC: [8] Undefined variable: photo /data/home/hyu2409230001/htdocs/App/Runtime/Cache/Home/ffa265b14a0c497cd85b72a2f6dd2e78.php 第 423 行.
INFO: Run Behavior\ParseTemplateBehavior [ RunTime:0.012678s ]
INFO: [ view_parse ] --END-- [ RunTime:0.012727s ]
INFO: [ view_filter ] --START--
INFO: Run Behavior\WriteHtmlCacheBehavior [ RunTime:0.000209s ]
INFO: [ view_filter ] --END-- [ RunTime:0.000247s ]
INFO: [ app_end ] --START--
INFO: Run Behavior\ShowPageTraceBehavior [ RunTime:0.000502s ]
INFO: [ app_end ] --END-- [ RunTime:0.000548s ]

[ 2016-10-16T19:32:56+08:00 ] 58.56.176.46 /
INFO: [ app_init ] --START--
INFO: Run Behavior\BuildLiteBehavior [ RunTime:0.000021s ]
INFO: [ app_init ] --END-- [ RunTime:0.000397s ]
INFO: [ app_begin ] --START--
INFO: Run Behavior\ReadHtmlCacheBehavior [ RunTime:0.000609s ]
INFO: [ app_begin ] --END-- [ RunTime:0.000662s ]
SQL: SHOW COLUMNS FROM `tp_member` [ RunTime:0.0013s ]
SQL: SELECT * FROM `tp_member` WHERE `openid` = 'oudL8vvyPJF9cDMCNd_UbTUipvMk' LIMIT 1   [ RunTime:0.0004s ]

[ 2016-10-16T19:32:56+08:00 ] 58.56.176.46 /index.php?s=/Home/member/register.html
INFO: [ app_init ] --START--
INFO: Run Behavior\BuildLiteBehavior [ RunTime:0.000018s ]
INFO: [ app_init ] --END-- [ RunTime:0.000382s ]
INFO: [ app_begin ] --START--
INFO: Run Behavior\ReadHtmlCacheBehavior [ RunTime:0.000607s ]
INFO: [ app_begin ] --END-- [ RunTime:0.000659s ]
SQL: SHOW COLUMNS FROM `tp_member` [ RunTime:0.0011s ]
SQL: SELECT * FROM `tp_member` WHERE `openid` = 'oudL8vvyPJF9cDMCNd_UbTUipvMk' LIMIT 1   [ RunTime:0.0004s ]
SQL: SHOW COLUMNS FROM `tp_weixin_config` [ RunTime:0.0006s ]
SQL: SELECT * FROM `tp_weixin_config` WHERE ( id = 1 ) LIMIT 1   [ RunTime:0.0003s ]
SQL: SHOW COLUMNS FROM `tp_flash` [ RunTime:0.0008s ]
SQL: SELECT * FROM `tp_flash`  [ RunTime:0.0003s ]
INFO: [ view_parse ] --START--
INFO: [ template_filter ] --START--
INFO: Run Behavior\ContentReplaceBehavior [ RunTime:0.000068s ]
INFO: [ template_filter ] --END-- [ RunTime:0.000117s ]
NOTIC: [8] Undefined variable: photo /data/home/hyu2409230001/htdocs/App/Runtime/Cache/Home/ffa265b14a0c497cd85b72a2f6dd2e78.php 第 423 行.
INFO: Run Behavior\ParseTemplateBehavior [ RunTime:0.012490s ]
INFO: [ view_parse ] --END-- [ RunTime:0.012536s ]
INFO: [ view_filter ] --START--
INFO: Run Behavior\WriteHtmlCacheBehavior [ RunTime:0.000244s ]
INFO: [ view_filter ] --END-- [ RunTime:0.000280s ]
INFO: [ app_end ] --START--
INFO: Run Behavior\ShowPageTraceBehavior [ RunTime:0.000511s ]
INFO: [ app_end ] --END-- [ RunTime:0.000557s ]

[ 2016-10-16T21:52:03+08:00 ] 114.253.105.103 /
INFO: [ app_init ] --START--
INFO: Run Behavior\BuildLiteBehavior [ RunTime:0.000018s ]
INFO: [ app_init ] --END-- [ RunTime:0.000400s ]
INFO: [ app_begin ] --START--
INFO: Run Behavior\ReadHtmlCacheBehavior [ RunTime:0.000580s ]
INFO: [ app_begin ] --END-- [ RunTime:0.000660s ]
NOTIC: [8] Undefined index: nickname /data/home/hyu2409230001/htdocs/App/Home/Controller/BaseController.class.php 第 15 行.

[ 2016-10-16T21:52:03+08:00 ] 111.161.52.234 /
INFO: [ app_init ] --START--
INFO: Run Behavior\BuildLiteBehavior [ RunTime:0.000016s ]
INFO: [ app_init ] --END-- [ RunTime:0.000382s ]
INFO: [ app_begin ] --START--
INFO: Run Behavior\ReadHtmlCacheBehavior [ RunTime:0.001980s ]
INFO: [ app_begin ] --END-- [ RunTime:0.002038s ]
NOTIC: [8] Undefined index: nickname /data/home/hyu2409230001/htdocs/App/Home/Controller/BaseController.class.php 第 15 行.

[ 2016-10-16T21:52:03+08:00 ] 123.151.40.34 /
INFO: [ app_init ] --START--
INFO: Run Behavior\BuildLiteBehavior [ RunTime:0.000018s ]
INFO: [ app_init ] --END-- [ RunTime:0.000415s ]
INFO: [ app_begin ] --START--
INFO: Run Behavior\ReadHtmlCacheBehavior [ RunTime:0.000606s ]
INFO: [ app_begin ] --END-- [ RunTime:0.000661s ]
NOTIC: [8] Undefined index: nickname /data/home/hyu2409230001/htdocs/App/Home/Controller/BaseController.class.php 第 15 行.

[ 2016-10-16T21:52:03+08:00 ] 111.161.57.49 /?code=011Tao3Q1bPBC61pw36Q1rbj3Q1Tao3Z&state=STATE
INFO: [ app_init ] --START--
INFO: Run Behavior\BuildLiteBehavior [ RunTime:0.000019s ]
INFO: [ app_init ] --END-- [ RunTime:0.000399s ]
INFO: [ app_begin ] --START--
INFO: Run Behavior\ReadHtmlCacheBehavior [ RunTime:0.000625s ]
INFO: [ app_begin ] --END-- [ RunTime:0.000681s ]
SQL: SHOW COLUMNS FROM `tp_member` [ RunTime:0.0016s ]
SQL: SELECT * FROM `tp_member` WHERE `openid` = 'oudL8vvH15YspV2kx9_R0WpauxJ8' LIMIT 1   [ RunTime:0.0005s ]

[ 2016-10-16T21:52:04+08:00 ] 111.161.57.49 /index.php?s=/Home/member/register.html
INFO: [ app_init ] --START--
INFO: Run Behavior\BuildLiteBehavior [ RunTime:0.000030s ]
INFO: [ app_init ] --END-- [ RunTime:0.000464s ]
INFO: [ app_begin ] --START--
INFO: Run Behavior\ReadHtmlCacheBehavior [ RunTime:0.000631s ]
INFO: [ app_begin ] --END-- [ RunTime:0.000684s ]
SQL: SHOW COLUMNS FROM `tp_member` [ RunTime:0.0014s ]
SQL: SELECT * FROM `tp_member` WHERE `openid` = 'oudL8vvH15YspV2kx9_R0WpauxJ8' LIMIT 1   [ RunTime:0.0004s ]
SQL: SHOW COLUMNS FROM `tp_weixin_config` [ RunTime:0.0011s ]
SQL: SELECT * FROM `tp_weixin_config` WHERE ( id = 1 ) LIMIT 1   [ RunTime:0.0004s ]
SQL: SHOW COLUMNS FROM `tp_flash` [ RunTime:0.0031s ]
SQL: SELECT * FROM `tp_flash`  [ RunTime:0.0004s ]
INFO: [ view_parse ] --START--
INFO: [ template_filter ] --START--
INFO: Run Behavior\ContentReplaceBehavior [ RunTime:0.000074s ]
INFO: [ template_filter ] --END-- [ RunTime:0.000128s ]
NOTIC: [8] Undefined variable: photo /data/home/hyu2409230001/htdocs/App/Runtime/Cache/Home/ffa265b14a0c497cd85b72a2f6dd2e78.php 第 423 行.
INFO: Run Behavior\ParseTemplateBehavior [ RunTime:0.012817s ]
INFO: [ view_parse ] --END-- [ RunTime:0.012867s ]
INFO: [ view_filter ] --START--
INFO: Run Behavior\WriteHtmlCacheBehavior [ RunTime:0.000233s ]
INFO: [ view_filter ] --END-- [ RunTime:0.000270s ]
INFO: [ app_end ] --START--
INFO: Run Behavior\ShowPageTraceBehavior [ RunTime:0.000549s ]
INFO: [ app_end ] --END-- [ RunTime:0.000620s ]

