[ 2016-10-28T09:35:49+08:00 ] 112.224.67.61 /
INFO: [ app_init ] --START--
INFO: Run Behavior\BuildLiteBehavior [ RunTime:0.000025s ]
INFO: [ app_init ] --END-- [ RunTime:0.000566s ]
INFO: [ app_begin ] --START--
INFO: Run Behavior\ReadHtmlCacheBehavior [ RunTime:0.000728s ]
INFO: [ app_begin ] --END-- [ RunTime:0.000782s ]
NOTIC: [8] Undefined index: nickname /data/home/hyu2409230001/htdocs/App/Home/Controller/BaseController.class.php 第 18 行.

[ 2016-10-28T09:35:50+08:00 ] 112.224.67.61 /?code=031fVyeQ1dnZK6158NeQ18OteQ1fVyeM&state=STATE
INFO: [ app_init ] --START--
INFO: Run Behavior\BuildLiteBehavior [ RunTime:0.000018s ]
INFO: [ app_init ] --END-- [ RunTime:0.000421s ]
INFO: [ app_begin ] --START--
INFO: Run Behavior\ReadHtmlCacheBehavior [ RunTime:0.000640s ]
INFO: [ app_begin ] --END-- [ RunTime:0.000697s ]
SQL: SHOW COLUMNS FROM `tp_member` [ RunTime:0.0019s ]
SQL: SELECT * FROM `tp_member` WHERE `openid` = 'oudL8vkoIuiNOQQ_PqO6CMxrvz7U' LIMIT 1   [ RunTime:0.0008s ]
SQL: SELECT * FROM `tp_member` WHERE `id` = 13 LIMIT 1   [ RunTime:0.0007s ]
SQL: SHOW COLUMNS FROM `tp_flash` [ RunTime:0.0009s ]
SQL: SELECT * FROM `tp_flash`  [ RunTime:0.0005s ]
SQL: SHOW COLUMNS FROM `tp_package` [ RunTime:0.0011s ]
SQL: SELECT * FROM `tp_package` WHERE `id` = 2 LIMIT 1   [ RunTime:0.0004s ]
INFO: [ view_parse ] --START--
INFO: [ template_filter ] --START--
INFO: Run Behavior\ContentReplaceBehavior [ RunTime:0.000040s ]
INFO: [ template_filter ] --END-- [ RunTime:0.000090s ]
NOTIC: [8] Undefined variable: action /data/home/hyu2409230001/htdocs/App/Runtime/Cache/Home/00e52909bed743ea261af4b6823297ff.php 第 25 行.
NOTIC: [8] Undefined variable: action /data/home/hyu2409230001/htdocs/App/Runtime/Cache/Home/00e52909bed743ea261af4b6823297ff.php 第 33 行.
NOTIC: [8] Undefined variable: time /data/home/hyu2409230001/htdocs/App/Runtime/Cache/Home/00e52909bed743ea261af4b6823297ff.php 第 70 行.
INFO: Run Behavior\ParseTemplateBehavior [ RunTime:0.026183s ]
INFO: [ view_parse ] --END-- [ RunTime:0.026247s ]
INFO: [ view_filter ] --START--
INFO: Run Behavior\WriteHtmlCacheBehavior [ RunTime:0.000326s ]
INFO: [ view_filter ] --END-- [ RunTime:0.000365s ]
INFO: [ app_end ] --START--
INFO: Run Behavior\ShowPageTraceBehavior [ RunTime:0.000602s ]
INFO: [ app_end ] --END-- [ RunTime:0.000653s ]

[ 2016-10-28T09:35:56+08:00 ] 112.224.67.61 /index.php?s=/Home/index/getVip.html
INFO: [ app_init ] --START--
INFO: Run Behavior\BuildLiteBehavior [ RunTime:0.000018s ]
INFO: [ app_init ] --END-- [ RunTime:0.000388s ]
INFO: [ app_begin ] --START--
INFO: Run Behavior\ReadHtmlCacheBehavior [ RunTime:0.000626s ]
INFO: [ app_begin ] --END-- [ RunTime:0.000679s ]
SQL: SHOW COLUMNS FROM `tp_member` [ RunTime:0.0016s ]
SQL: SELECT * FROM `tp_member` WHERE `id` = 13 LIMIT 1   [ RunTime:0.0006s ]
SQL: SHOW COLUMNS FROM `tp_flash` [ RunTime:0.0006s ]
SQL: SELECT * FROM `tp_flash`  [ RunTime:0.0003s ]
SQL: SHOW COLUMNS FROM `tp_check` [ RunTime:0.0013s ]
SQL: SELECT * FROM `tp_check` WHERE `user_id` = 13 AND `addtime` > 1477013756 LIMIT 1   [ RunTime:0.0005s ]
NOTIC: [2] Missing argument 1 for getMoneyByAge(), called in /data/home/hyu2409230001/htdocs/App/Home/Controller/IndexController.class.php on line 42 and defined /data/home/hyu2409230001/htdocs/App/Home/Common/function.php 第 21 行.
NOTIC: [8] Undefined variable: age /data/home/hyu2409230001/htdocs/App/Home/Common/function.php 第 28 行.
NOTIC: [8] Undefined variable: age /data/home/hyu2409230001/htdocs/App/Home/Common/function.php 第 30 行.
NOTIC: [8] Undefined variable: age /data/home/hyu2409230001/htdocs/App/Home/Common/function.php 第 32 行.
NOTIC: [8] Undefined variable: age /data/home/hyu2409230001/htdocs/App/Home/Common/function.php 第 34 行.
NOTIC: [8] Undefined variable: age /data/home/hyu2409230001/htdocs/App/Home/Common/function.php 第 36 行.
NOTIC: [8] Undefined variable: key /data/home/hyu2409230001/htdocs/App/Home/Common/function.php 第 41 行.
NOTIC: [8] Undefined index:  /data/home/hyu2409230001/htdocs/App/Home/Common/function.php 第 41 行.
NOTIC: [8] Undefined variable: key /data/home/hyu2409230001/htdocs/App/Home/Common/function.php 第 42 行.
NOTIC: [8] Undefined index:  /data/home/hyu2409230001/htdocs/App/Home/Common/function.php 第 42 行.
NOTIC: [8] Undefined variable: key /data/home/hyu2409230001/htdocs/App/Home/Common/function.php 第 43 行.
NOTIC: [8] Undefined index:  /data/home/hyu2409230001/htdocs/App/Home/Common/function.php 第 43 行.
SQL: SHOW COLUMNS FROM `tp_package` [ RunTime:0.0009s ]
SQL: SELECT * FROM `tp_package`  [ RunTime:0.0004s ]
SQL: SHOW COLUMNS FROM `tp_package_type` [ RunTime:0.0010s ]
SQL: SELECT * FROM `tp_package_type` WHERE `package_id` = 1  [ RunTime:0.0004s ]
SQL: SELECT * FROM `tp_package_type` WHERE `package_id` = 2  [ RunTime:0.0004s ]
SQL: SELECT * FROM `tp_package_type` WHERE `package_id` = 3  [ RunTime:0.0004s ]
INFO: [ view_parse ] --START--
INFO: [ template_filter ] --START--
INFO: Run Behavior\ContentReplaceBehavior [ RunTime:0.000056s ]
INFO: [ template_filter ] --END-- [ RunTime:0.000152s ]
NOTIC: [8] Undefined variable: action /data/home/hyu2409230001/htdocs/App/Runtime/Cache/Home/ae4d052136b38b37e711305829aa55ce.php 第 69 行.
NOTIC: [8] Undefined variable: action /data/home/hyu2409230001/htdocs/App/Runtime/Cache/Home/ae4d052136b38b37e711305829aa55ce.php 第 77 行.
INFO: Run Behavior\ParseTemplateBehavior [ RunTime:0.013600s ]
INFO: [ view_parse ] --END-- [ RunTime:0.013660s ]
INFO: [ view_filter ] --START--
INFO: Run Behavior\WriteHtmlCacheBehavior [ RunTime:0.000284s ]
INFO: [ view_filter ] --END-- [ RunTime:0.000322s ]
INFO: [ app_end ] --START--
INFO: Run Behavior\ShowPageTraceBehavior [ RunTime:0.000585s ]
INFO: [ app_end ] --END-- [ RunTime:0.000633s ]

[ 2016-10-28T09:36:01+08:00 ] 112.224.67.61 /index.php?s=/Home/index/subsidies.html
INFO: [ app_init ] --START--
INFO: Run Behavior\BuildLiteBehavior [ RunTime:0.000030s ]
INFO: [ app_init ] --END-- [ RunTime:0.008080s ]
INFO: [ app_begin ] --START--
INFO: Run Behavior\ReadHtmlCacheBehavior [ RunTime:0.007356s ]
INFO: [ app_begin ] --END-- [ RunTime:0.007485s ]
SQL: SHOW COLUMNS FROM `tp_member` [ RunTime:0.0020s ]
SQL: SELECT * FROM `tp_member` WHERE `id` = 13 LIMIT 1   [ RunTime:0.0006s ]
SQL: SHOW COLUMNS FROM `tp_flash` [ RunTime:0.0013s ]
SQL: SELECT * FROM `tp_flash`  [ RunTime:0.0003s ]
NOTIC: [8] Indirect modification of overloaded property Home\Controller\IndexController::$user_info has no effect /data/home/hyu2409230001/htdocs/App/Home/Controller/IndexController.class.php 第 144 行.
SQL: SHOW COLUMNS FROM `tp_weixin_config` [ RunTime:0.0017s ]
SQL: SELECT * FROM `tp_weixin_config` WHERE ( id = 1 ) LIMIT 1   [ RunTime:0.0010s ]
INFO: [ view_parse ] --START--
INFO: [ template_filter ] --START--
INFO: Run Behavior\ContentReplaceBehavior [ RunTime:0.000060s ]
INFO: [ template_filter ] --END-- [ RunTime:0.000127s ]
NOTIC: [8] Undefined variable: action /data/home/hyu2409230001/htdocs/App/Runtime/Cache/Home/ed55048779f03259c237cd71783abb91.php 第 32 行.
NOTIC: [8] Undefined variable: action /data/home/hyu2409230001/htdocs/App/Runtime/Cache/Home/ed55048779f03259c237cd71783abb91.php 第 40 行.
NOTIC: [8] Undefined variable: photo /data/home/hyu2409230001/htdocs/App/Runtime/Cache/Home/ed55048779f03259c237cd71783abb91.php 第 212 行.
INFO: Run Behavior\ParseTemplateBehavior [ RunTime:0.011141s ]
INFO: [ view_parse ] --END-- [ RunTime:0.011208s ]
INFO: [ view_filter ] --START--
INFO: Run Behavior\WriteHtmlCacheBehavior [ RunTime:0.000326s ]
INFO: [ view_filter ] --END-- [ RunTime:0.000365s ]
INFO: [ app_end ] --START--
INFO: Run Behavior\ShowPageTraceBehavior [ RunTime:0.000987s ]
INFO: [ app_end ] --END-- [ RunTime:0.001067s ]

[ 2016-10-28T09:38:49+08:00 ] 112.65.193.13 /
INFO: [ app_init ] --START--
INFO: Run Behavior\BuildLiteBehavior [ RunTime:0.000018s ]
INFO: [ app_init ] --END-- [ RunTime:0.000395s ]
INFO: [ app_begin ] --START--
INFO: Run Behavior\ReadHtmlCacheBehavior [ RunTime:0.000641s ]
INFO: [ app_begin ] --END-- [ RunTime:0.000694s ]
NOTIC: [8] Undefined index: nickname /data/home/hyu2409230001/htdocs/App/Home/Controller/BaseController.class.php 第 18 行.

[ 2016-10-28T09:38:49+08:00 ] 117.185.27.113 /
INFO: [ app_init ] --START--
INFO: Run Behavior\BuildLiteBehavior [ RunTime:0.000024s ]
INFO: [ app_init ] --END-- [ RunTime:0.002822s ]
INFO: [ app_begin ] --START--
INFO: Run Behavior\ReadHtmlCacheBehavior [ RunTime:0.000664s ]
INFO: [ app_begin ] --END-- [ RunTime:0.000718s ]
NOTIC: [8] Undefined index: nickname /data/home/hyu2409230001/htdocs/App/Home/Controller/BaseController.class.php 第 18 行.

[ 2016-10-28T09:38:58+08:00 ] 101.226.51.226 /
INFO: [ app_init ] --START--
INFO: Run Behavior\BuildLiteBehavior [ RunTime:0.000022s ]
INFO: [ app_init ] --END-- [ RunTime:0.000413s ]
INFO: [ app_begin ] --START--
INFO: Run Behavior\ReadHtmlCacheBehavior [ RunTime:0.000682s ]
INFO: [ app_begin ] --END-- [ RunTime:0.000739s ]
NOTIC: [8] Undefined index: nickname /data/home/hyu2409230001/htdocs/App/Home/Controller/BaseController.class.php 第 18 行.

[ 2016-10-28T09:38:58+08:00 ] 101.226.51.226 /
INFO: [ app_init ] --START--
INFO: Run Behavior\BuildLiteBehavior [ RunTime:0.000018s ]
INFO: [ app_init ] --END-- [ RunTime:0.000396s ]
INFO: [ app_begin ] --START--
INFO: Run Behavior\ReadHtmlCacheBehavior [ RunTime:0.000660s ]
INFO: [ app_begin ] --END-- [ RunTime:0.000713s ]
NOTIC: [8] Undefined index: nickname /data/home/hyu2409230001/htdocs/App/Home/Controller/BaseController.class.php 第 18 行.

[ 2016-10-28T09:39:06+08:00 ] 101.226.64.177 /index.php?s=/Home/index/subsidies.html
INFO: [ app_init ] --START--
INFO: Run Behavior\BuildLiteBehavior [ RunTime:0.000018s ]
INFO: [ app_init ] --END-- [ RunTime:0.000416s ]
INFO: [ app_begin ] --START--
INFO: Run Behavior\ReadHtmlCacheBehavior [ RunTime:0.000645s ]
INFO: [ app_begin ] --END-- [ RunTime:0.000698s ]
NOTIC: [8] Undefined index: nickname /data/home/hyu2409230001/htdocs/App/Home/Controller/BaseController.class.php 第 18 行.

[ 2016-10-28T10:42:33+08:00 ] 221.215.172.211 /
INFO: [ app_init ] --START--
INFO: Run Behavior\BuildLiteBehavior [ RunTime:0.000019s ]
INFO: [ app_init ] --END-- [ RunTime:0.000395s ]
INFO: [ app_begin ] --START--
INFO: Run Behavior\ReadHtmlCacheBehavior [ RunTime:0.000613s ]
INFO: [ app_begin ] --END-- [ RunTime:0.000665s ]
SQL: SHOW COLUMNS FROM `tp_member` [ RunTime:0.0026s ]
SQL: SELECT * FROM `tp_member` WHERE `id` = 13 LIMIT 1   [ RunTime:0.0014s ]
SQL: SHOW COLUMNS FROM `tp_flash` [ RunTime:0.0016s ]
SQL: SELECT * FROM `tp_flash`  [ RunTime:0.0004s ]
SQL: SHOW COLUMNS FROM `tp_package` [ RunTime:0.0011s ]
SQL: SELECT * FROM `tp_package` WHERE `id` = 2 LIMIT 1   [ RunTime:0.0004s ]
INFO: [ view_parse ] --START--
INFO: [ template_filter ] --START--
INFO: Run Behavior\ContentReplaceBehavior [ RunTime:0.000053s ]
INFO: [ template_filter ] --END-- [ RunTime:0.000097s ]
NOTIC: [8] Undefined variable: action /data/home/hyu2409230001/htdocs/App/Runtime/Cache/Home/00e52909bed743ea261af4b6823297ff.php 第 25 行.
NOTIC: [8] Undefined variable: action /data/home/hyu2409230001/htdocs/App/Runtime/Cache/Home/00e52909bed743ea261af4b6823297ff.php 第 33 行.
NOTIC: [8] Undefined variable: time /data/home/hyu2409230001/htdocs/App/Runtime/Cache/Home/00e52909bed743ea261af4b6823297ff.php 第 70 行.
INFO: Run Behavior\ParseTemplateBehavior [ RunTime:0.010537s ]
INFO: [ view_parse ] --END-- [ RunTime:0.010600s ]
INFO: [ view_filter ] --START--
INFO: Run Behavior\WriteHtmlCacheBehavior [ RunTime:0.000274s ]
INFO: [ view_filter ] --END-- [ RunTime:0.000311s ]
INFO: [ app_end ] --START--
INFO: Run Behavior\ShowPageTraceBehavior [ RunTime:0.000600s ]
INFO: [ app_end ] --END-- [ RunTime:0.000650s ]

[ 2016-10-28T10:42:38+08:00 ] 221.215.172.211 /index.php?s=/Home/index/getVip.html
INFO: [ app_init ] --START--
INFO: Run Behavior\BuildLiteBehavior [ RunTime:0.000024s ]
INFO: [ app_init ] --END-- [ RunTime:0.000440s ]
INFO: [ app_begin ] --START--
INFO: Run Behavior\ReadHtmlCacheBehavior [ RunTime:0.000683s ]
INFO: [ app_begin ] --END-- [ RunTime:0.000736s ]
SQL: SHOW COLUMNS FROM `tp_member` [ RunTime:0.0014s ]
SQL: SELECT * FROM `tp_member` WHERE `id` = 13 LIMIT 1   [ RunTime:0.0060s ]
SQL: SHOW COLUMNS FROM `tp_flash` [ RunTime:0.0010s ]
SQL: SELECT * FROM `tp_flash`  [ RunTime:0.0004s ]
SQL: SHOW COLUMNS FROM `tp_check` [ RunTime:0.0010s ]
SQL: SELECT * FROM `tp_check` WHERE `user_id` = 13 AND `addtime` > 1477017758 LIMIT 1   [ RunTime:0.0076s ]
NOTIC: [2] Missing argument 1 for getMoneyByAge(), called in /data/home/hyu2409230001/htdocs/App/Home/Controller/IndexController.class.php on line 42 and defined /data/home/hyu2409230001/htdocs/App/Home/Common/function.php 第 21 行.
NOTIC: [8] Undefined variable: age /data/home/hyu2409230001/htdocs/App/Home/Common/function.php 第 28 行.
NOTIC: [8] Undefined variable: age /data/home/hyu2409230001/htdocs/App/Home/Common/function.php 第 30 行.
NOTIC: [8] Undefined variable: age /data/home/hyu2409230001/htdocs/App/Home/Common/function.php 第 32 行.
NOTIC: [8] Undefined variable: age /data/home/hyu2409230001/htdocs/App/Home/Common/function.php 第 34 行.
NOTIC: [8] Undefined variable: age /data/home/hyu2409230001/htdocs/App/Home/Common/function.php 第 36 行.
NOTIC: [8] Undefined variable: key /data/home/hyu2409230001/htdocs/App/Home/Common/function.php 第 41 行.
NOTIC: [8] Undefined index:  /data/home/hyu2409230001/htdocs/App/Home/Common/function.php 第 41 行.
NOTIC: [8] Undefined variable: key /data/home/hyu2409230001/htdocs/App/Home/Common/function.php 第 42 行.
NOTIC: [8] Undefined index:  /data/home/hyu2409230001/htdocs/App/Home/Common/function.php 第 42 行.
NOTIC: [8] Undefined variable: key /data/home/hyu2409230001/htdocs/App/Home/Common/function.php 第 43 行.
NOTIC: [8] Undefined index:  /data/home/hyu2409230001/htdocs/App/Home/Common/function.php 第 43 行.
SQL: SHOW COLUMNS FROM `tp_package` [ RunTime:0.0010s ]
SQL: SELECT * FROM `tp_package`  [ RunTime:0.0004s ]
SQL: SHOW COLUMNS FROM `tp_package_type` [ RunTime:0.0011s ]
SQL: SELECT * FROM `tp_package_type` WHERE `package_id` = 1  [ RunTime:0.0005s ]
SQL: SELECT * FROM `tp_package_type` WHERE `package_id` = 2  [ RunTime:0.0004s ]
SQL: SELECT * FROM `tp_package_type` WHERE `package_id` = 3  [ RunTime:0.0004s ]
INFO: [ view_parse ] --START--
INFO: [ template_filter ] --START--
INFO: Run Behavior\ContentReplaceBehavior [ RunTime:0.000051s ]
INFO: [ template_filter ] --END-- [ RunTime:0.000113s ]
NOTIC: [8] Undefined variable: action /data/home/hyu2409230001/htdocs/App/Runtime/Cache/Home/ae4d052136b38b37e711305829aa55ce.php 第 69 行.
NOTIC: [8] Undefined variable: action /data/home/hyu2409230001/htdocs/App/Runtime/Cache/Home/ae4d052136b38b37e711305829aa55ce.php 第 77 行.
INFO: Run Behavior\ParseTemplateBehavior [ RunTime:0.012811s ]
INFO: [ view_parse ] --END-- [ RunTime:0.012868s ]
INFO: [ view_filter ] --START--
INFO: Run Behavior\WriteHtmlCacheBehavior [ RunTime:0.000272s ]
INFO: [ view_filter ] --END-- [ RunTime:0.000311s ]
INFO: [ app_end ] --START--
INFO: Run Behavior\ShowPageTraceBehavior [ RunTime:0.000713s ]
INFO: [ app_end ] --END-- [ RunTime:0.000771s ]

[ 2016-10-28T10:51:49+08:00 ] 117.144.246.77 /
INFO: [ app_init ] --START--
INFO: Run Behavior\BuildLiteBehavior [ RunTime:0.000021s ]
INFO: [ app_init ] --END-- [ RunTime:0.000429s ]
INFO: [ app_begin ] --START--
INFO: Run Behavior\ReadHtmlCacheBehavior [ RunTime:0.000623s ]
INFO: [ app_begin ] --END-- [ RunTime:0.000676s ]
NOTIC: [8] Undefined index: nickname /data/home/hyu2409230001/htdocs/App/Home/Controller/BaseController.class.php 第 18 行.

[ 2016-10-28T10:51:59+08:00 ] 112.224.67.13 /
INFO: [ app_init ] --START--
INFO: Run Behavior\BuildLiteBehavior [ RunTime:0.000019s ]
INFO: [ app_init ] --END-- [ RunTime:0.000430s ]
INFO: [ app_begin ] --START--
INFO: Run Behavior\ReadHtmlCacheBehavior [ RunTime:0.000715s ]
INFO: [ app_begin ] --END-- [ RunTime:0.000768s ]
NOTIC: [8] Undefined index: nickname /data/home/hyu2409230001/htdocs/App/Home/Controller/BaseController.class.php 第 18 行.

[ 2016-10-28T10:51:59+08:00 ] 101.226.61.193 /
INFO: [ app_init ] --START--
INFO: Run Behavior\BuildLiteBehavior [ RunTime:0.000020s ]
INFO: [ app_init ] --END-- [ RunTime:0.000420s ]
INFO: [ app_begin ] --START--
INFO: Run Behavior\ReadHtmlCacheBehavior [ RunTime:0.000932s ]
INFO: [ app_begin ] --END-- [ RunTime:0.000987s ]
NOTIC: [8] Undefined index: nickname /data/home/hyu2409230001/htdocs/App/Home/Controller/BaseController.class.php 第 18 行.

[ 2016-10-28T10:52:00+08:00 ] 101.226.61.193 /?code=041gviQy13pL9f0rKTNy1K6hQy1gviQZ&state=STATE
INFO: [ app_init ] --START--
INFO: Run Behavior\BuildLiteBehavior [ RunTime:0.000021s ]
INFO: [ app_init ] --END-- [ RunTime:0.000412s ]
INFO: [ app_begin ] --START--
INFO: Run Behavior\ReadHtmlCacheBehavior [ RunTime:0.000658s ]
INFO: [ app_begin ] --END-- [ RunTime:0.000712s ]
SQL: SHOW COLUMNS FROM `tp_member` [ RunTime:0.0022s ]
SQL: SELECT * FROM `tp_member` WHERE `openid` = 'oudL8vtrov2ri6NzAHDkj6_BrkeA' LIMIT 1   [ RunTime:0.0007s ]

[ 2016-10-28T10:52:02+08:00 ] 101.226.61.193 /
INFO: [ app_init ] --START--
INFO: Run Behavior\BuildLiteBehavior [ RunTime:0.000020s ]
INFO: [ app_init ] --END-- [ RunTime:0.000403s ]
INFO: [ app_begin ] --START--
INFO: Run Behavior\ReadHtmlCacheBehavior [ RunTime:0.000632s ]
INFO: [ app_begin ] --END-- [ RunTime:0.000684s ]
SQL: SHOW COLUMNS FROM `tp_member` [ RunTime:0.0022s ]
SQL: SELECT * FROM `tp_member` WHERE `openid` = 'oudL8vtrov2ri6NzAHDkj6_BrkeA' LIMIT 1   [ RunTime:0.0004s ]

[ 2016-10-28T10:52:02+08:00 ] 101.226.61.193 /index.php?s=/Home/member/register.html
INFO: [ app_init ] --START--
INFO: Run Behavior\BuildLiteBehavior [ RunTime:0.000025s ]
INFO: [ app_init ] --END-- [ RunTime:0.000496s ]
INFO: [ app_begin ] --START--
INFO: Run Behavior\ReadHtmlCacheBehavior [ RunTime:0.000734s ]
INFO: [ app_begin ] --END-- [ RunTime:0.000789s ]
SQL: SHOW COLUMNS FROM `tp_member` [ RunTime:0.0014s ]
SQL: SELECT * FROM `tp_member` WHERE `openid` = 'oudL8vtrov2ri6NzAHDkj6_BrkeA' LIMIT 1   [ RunTime:0.0003s ]
SQL: SHOW COLUMNS FROM `tp_weixin_config` [ RunTime:0.0008s ]
SQL: SELECT * FROM `tp_weixin_config` WHERE ( id = 1 ) LIMIT 1   [ RunTime:0.0005s ]
SQL: SHOW COLUMNS FROM `tp_flash` [ RunTime:0.0010s ]
SQL: SELECT * FROM `tp_flash`  [ RunTime:0.0004s ]
INFO: [ view_parse ] --START--
INFO: [ template_filter ] --START--
INFO: Run Behavior\ContentReplaceBehavior [ RunTime:0.000064s ]
INFO: [ template_filter ] --END-- [ RunTime:0.000113s ]
NOTIC: [8] Undefined variable: action /data/home/hyu2409230001/htdocs/App/Runtime/Cache/Home/ffa265b14a0c497cd85b72a2f6dd2e78.php 第 29 行.
NOTIC: [8] Undefined variable: action /data/home/hyu2409230001/htdocs/App/Runtime/Cache/Home/ffa265b14a0c497cd85b72a2f6dd2e78.php 第 37 行.
NOTIC: [8] Undefined variable: photo /data/home/hyu2409230001/htdocs/App/Runtime/Cache/Home/ffa265b14a0c497cd85b72a2f6dd2e78.php 第 464 行.
INFO: Run Behavior\ParseTemplateBehavior [ RunTime:0.013998s ]
INFO: [ view_parse ] --END-- [ RunTime:0.014043s ]
INFO: [ view_filter ] --START--
INFO: Run Behavior\WriteHtmlCacheBehavior [ RunTime:0.000305s ]
INFO: [ view_filter ] --END-- [ RunTime:0.000343s ]
INFO: [ app_end ] --START--
INFO: Run Behavior\ShowPageTraceBehavior [ RunTime:0.000575s ]
INFO: [ app_end ] --END-- [ RunTime:0.000620s ]

[ 2016-10-28T10:55:02+08:00 ] 112.65.193.15 /
INFO: [ app_init ] --START--
INFO: Run Behavior\BuildLiteBehavior [ RunTime:0.000023s ]
INFO: [ app_init ] --END-- [ RunTime:0.000445s ]
INFO: [ app_begin ] --START--
INFO: Run Behavior\ReadHtmlCacheBehavior [ RunTime:0.000652s ]
INFO: [ app_begin ] --END-- [ RunTime:0.000704s ]
NOTIC: [8] Undefined index: nickname /data/home/hyu2409230001/htdocs/App/Home/Controller/BaseController.class.php 第 18 行.

[ 2016-10-28T11:08:24+08:00 ] 101.226.125.15 /
INFO: [ app_init ] --START--
INFO: Run Behavior\BuildLiteBehavior [ RunTime:0.000020s ]
INFO: [ app_init ] --END-- [ RunTime:0.004496s ]
INFO: [ app_begin ] --START--
INFO: Run Behavior\ReadHtmlCacheBehavior [ RunTime:0.004684s ]
INFO: [ app_begin ] --END-- [ RunTime:0.004739s ]
NOTIC: [8] Undefined index: nickname /data/home/hyu2409230001/htdocs/App/Home/Controller/BaseController.class.php 第 18 行.

[ 2016-10-28T11:08:24+08:00 ] 117.185.24.135 /
INFO: [ app_init ] --START--
INFO: Run Behavior\BuildLiteBehavior [ RunTime:0.000018s ]
INFO: [ app_init ] --END-- [ RunTime:0.000431s ]
INFO: [ app_begin ] --START--
INFO: Run Behavior\ReadHtmlCacheBehavior [ RunTime:0.000648s ]
INFO: [ app_begin ] --END-- [ RunTime:0.000700s ]
NOTIC: [8] Undefined index: nickname /data/home/hyu2409230001/htdocs/App/Home/Controller/BaseController.class.php 第 18 行.

[ 2016-10-28T11:08:24+08:00 ] 101.226.102.237 /
INFO: [ app_init ] --START--
INFO: Run Behavior\BuildLiteBehavior [ RunTime:0.000016s ]
INFO: [ app_init ] --END-- [ RunTime:0.000376s ]
INFO: [ app_begin ] --START--
INFO: Run Behavior\ReadHtmlCacheBehavior [ RunTime:0.003789s ]
INFO: [ app_begin ] --END-- [ RunTime:0.003842s ]
NOTIC: [8] Undefined index: nickname /data/home/hyu2409230001/htdocs/App/Home/Controller/BaseController.class.php 第 18 行.

[ 2016-10-28T11:08:24+08:00 ] 101.226.125.15 /?code=041PLsQQ1JQyu71sDaQQ135pQQ1PLsQY&state=STATE
INFO: [ app_init ] --START--
INFO: Run Behavior\BuildLiteBehavior [ RunTime:0.000018s ]
INFO: [ app_init ] --END-- [ RunTime:0.000416s ]
INFO: [ app_begin ] --START--
INFO: Run Behavior\ReadHtmlCacheBehavior [ RunTime:0.000783s ]
INFO: [ app_begin ] --END-- [ RunTime:0.000843s ]
SQL: SHOW COLUMNS FROM `tp_member` [ RunTime:0.0017s ]
SQL: SELECT * FROM `tp_member` WHERE `openid` = 'oudL8vv7yHRh4E_tTZz1E55-g2fU' LIMIT 1   [ RunTime:0.0005s ]

[ 2016-10-28T11:08:25+08:00 ] 101.226.125.15 /index.php?s=/Home/member/register.html
INFO: [ app_init ] --START--
INFO: Run Behavior\BuildLiteBehavior [ RunTime:0.000018s ]
INFO: [ app_init ] --END-- [ RunTime:0.000423s ]
INFO: [ app_begin ] --START--
INFO: Run Behavior\ReadHtmlCacheBehavior [ RunTime:0.000648s ]
INFO: [ app_begin ] --END-- [ RunTime:0.000706s ]
SQL: SHOW COLUMNS FROM `tp_member` [ RunTime:0.0017s ]
SQL: SELECT * FROM `tp_member` WHERE `openid` = 'oudL8vv7yHRh4E_tTZz1E55-g2fU' LIMIT 1   [ RunTime:0.0004s ]
SQL: SHOW COLUMNS FROM `tp_weixin_config` [ RunTime:0.0010s ]
SQL: SELECT * FROM `tp_weixin_config` WHERE ( id = 1 ) LIMIT 1   [ RunTime:0.0004s ]
SQL: SHOW COLUMNS FROM `tp_flash` [ RunTime:0.0010s ]
SQL: SELECT * FROM `tp_flash`  [ RunTime:0.0005s ]
INFO: [ view_parse ] --START--
INFO: [ template_filter ] --START--
INFO: Run Behavior\ContentReplaceBehavior [ RunTime:0.000062s ]
INFO: [ template_filter ] --END-- [ RunTime:0.000116s ]
NOTIC: [8] Undefined variable: action /data/home/hyu2409230001/htdocs/App/Runtime/Cache/Home/ffa265b14a0c497cd85b72a2f6dd2e78.php 第 29 行.
NOTIC: [8] Undefined variable: action /data/home/hyu2409230001/htdocs/App/Runtime/Cache/Home/ffa265b14a0c497cd85b72a2f6dd2e78.php 第 37 行.
NOTIC: [8] Undefined variable: photo /data/home/hyu2409230001/htdocs/App/Runtime/Cache/Home/ffa265b14a0c497cd85b72a2f6dd2e78.php 第 464 行.
INFO: Run Behavior\ParseTemplateBehavior [ RunTime:0.013511s ]
INFO: [ view_parse ] --END-- [ RunTime:0.013557s ]
INFO: [ view_filter ] --START--
INFO: Run Behavior\WriteHtmlCacheBehavior [ RunTime:0.000261s ]
INFO: [ view_filter ] --END-- [ RunTime:0.000298s ]
INFO: [ app_end ] --START--
INFO: Run Behavior\ShowPageTraceBehavior [ RunTime:0.000531s ]
INFO: [ app_end ] --END-- [ RunTime:0.000577s ]

[ 2016-10-28T11:31:12+08:00 ] 221.215.172.211 /
INFO: [ app_init ] --START--
INFO: Run Behavior\BuildLiteBehavior [ RunTime:0.000020s ]
INFO: [ app_init ] --END-- [ RunTime:0.000451s ]
INFO: [ app_begin ] --START--
INFO: Run Behavior\ReadHtmlCacheBehavior [ RunTime:0.000659s ]
INFO: [ app_begin ] --END-- [ RunTime:0.000713s ]
SQL: SHOW COLUMNS FROM `tp_member` [ RunTime:0.0019s ]
SQL: SELECT * FROM `tp_member` WHERE `id` = 13 LIMIT 1   [ RunTime:0.0011s ]
SQL: SHOW COLUMNS FROM `tp_flash` [ RunTime:0.0012s ]
SQL: SELECT * FROM `tp_flash`  [ RunTime:0.0006s ]
SQL: SHOW COLUMNS FROM `tp_package` [ RunTime:0.0009s ]
SQL: SELECT * FROM `tp_package` WHERE `id` = 2 LIMIT 1   [ RunTime:0.0005s ]
INFO: [ view_parse ] --START--
INFO: [ template_filter ] --START--
INFO: Run Behavior\ContentReplaceBehavior [ RunTime:0.000041s ]
INFO: [ template_filter ] --END-- [ RunTime:0.000093s ]
NOTIC: [8] Undefined variable: action /data/home/hyu2409230001/htdocs/App/Runtime/Cache/Home/00e52909bed743ea261af4b6823297ff.php 第 25 行.
NOTIC: [8] Undefined variable: action /data/home/hyu2409230001/htdocs/App/Runtime/Cache/Home/00e52909bed743ea261af4b6823297ff.php 第 33 行.
NOTIC: [8] Undefined variable: time /data/home/hyu2409230001/htdocs/App/Runtime/Cache/Home/00e52909bed743ea261af4b6823297ff.php 第 70 行.
INFO: Run Behavior\ParseTemplateBehavior [ RunTime:0.011150s ]
INFO: [ view_parse ] --END-- [ RunTime:0.011231s ]
INFO: [ view_filter ] --START--
INFO: Run Behavior\WriteHtmlCacheBehavior [ RunTime:0.000274s ]
INFO: [ view_filter ] --END-- [ RunTime:0.000313s ]
INFO: [ app_end ] --START--
INFO: Run Behavior\ShowPageTraceBehavior [ RunTime:0.000605s ]
INFO: [ app_end ] --END-- [ RunTime:0.000655s ]

[ 2016-10-28T11:31:15+08:00 ] 221.215.172.211 /index.php?s=/Home/index/goods.html
INFO: [ app_init ] --START--
INFO: Run Behavior\BuildLiteBehavior [ RunTime:0.000021s ]
INFO: [ app_init ] --END-- [ RunTime:0.000438s ]
INFO: [ app_begin ] --START--
INFO: Run Behavior\ReadHtmlCacheBehavior [ RunTime:0.000730s ]
INFO: [ app_begin ] --END-- [ RunTime:0.000847s ]
SQL: SHOW COLUMNS FROM `tp_member` [ RunTime:0.0014s ]
SQL: SELECT * FROM `tp_member` WHERE `id` = 13 LIMIT 1   [ RunTime:0.0006s ]
SQL: SHOW COLUMNS FROM `tp_flash` [ RunTime:0.0006s ]
SQL: SELECT * FROM `tp_flash`  [ RunTime:0.0003s ]
SQL: SHOW COLUMNS FROM `tp_goods` [ RunTime:0.0011s ]
SQL: SELECT * FROM `tp_goods`  [ RunTime:0.0004s ]
INFO: [ view_parse ] --START--
INFO: [ template_filter ] --START--
INFO: Run Behavior\ContentReplaceBehavior [ RunTime:0.000039s ]
INFO: [ template_filter ] --END-- [ RunTime:0.000088s ]
NOTIC: [8] Undefined variable: action /data/home/hyu2409230001/htdocs/App/Runtime/Cache/Home/17c4bca283389dd62725b9c7ba8c16bb.php 第 29 行.
NOTIC: [8] Undefined variable: action /data/home/hyu2409230001/htdocs/App/Runtime/Cache/Home/17c4bca283389dd62725b9c7ba8c16bb.php 第 37 行.
INFO: Run Behavior\ParseTemplateBehavior [ RunTime:0.009485s ]
INFO: [ view_parse ] --END-- [ RunTime:0.009543s ]
INFO: [ view_filter ] --START--
INFO: Run Behavior\WriteHtmlCacheBehavior [ RunTime:0.000289s ]
INFO: [ view_filter ] --END-- [ RunTime:0.000326s ]
INFO: [ app_end ] --START--
INFO: Run Behavior\ShowPageTraceBehavior [ RunTime:0.000598s ]
INFO: [ app_end ] --END-- [ RunTime:0.000647s ]

[ 2016-10-28T11:31:24+08:00 ] 221.215.172.211 /index.php?s=/Home/index/goods_detail/id/6.html
INFO: [ app_init ] --START--
INFO: Run Behavior\BuildLiteBehavior [ RunTime:0.000018s ]
INFO: [ app_init ] --END-- [ RunTime:0.000445s ]
INFO: [ app_begin ] --START--
INFO: Run Behavior\ReadHtmlCacheBehavior [ RunTime:0.000636s ]
INFO: [ app_begin ] --END-- [ RunTime:0.000688s ]
SQL: SHOW COLUMNS FROM `tp_member` [ RunTime:0.0015s ]
SQL: SELECT * FROM `tp_member` WHERE `id` = 13 LIMIT 1   [ RunTime:0.0005s ]
SQL: SHOW COLUMNS FROM `tp_flash` [ RunTime:0.0008s ]
SQL: SELECT * FROM `tp_flash`  [ RunTime:0.0003s ]
SQL: SHOW COLUMNS FROM `tp_goods` [ RunTime:0.0009s ]
SQL: SELECT * FROM `tp_goods` WHERE `id` = 6 LIMIT 1   [ RunTime:0.0003s ]
NOTIC: [8] Indirect modification of overloaded property Home\Controller\IndexController::$user_info has no effect /data/home/hyu2409230001/htdocs/App/Home/Controller/IndexController.class.php 第 193 行.
INFO: [ view_parse ] --START--
INFO: [ template_filter ] --START--
INFO: Run Behavior\ContentReplaceBehavior [ RunTime:0.000042s ]
INFO: [ template_filter ] --END-- [ RunTime:0.000086s ]
NOTIC: [8] Undefined variable: action /data/home/hyu2409230001/htdocs/App/Runtime/Cache/Home/1a107889ae1a36e116a772b0e3a9e0bd.php 第 69 行.
NOTIC: [8] Undefined variable: action /data/home/hyu2409230001/htdocs/App/Runtime/Cache/Home/1a107889ae1a36e116a772b0e3a9e0bd.php 第 77 行.
INFO: Run Behavior\ParseTemplateBehavior [ RunTime:0.009978s ]
INFO: [ view_parse ] --END-- [ RunTime:0.010026s ]
INFO: [ view_filter ] --START--
INFO: Run Behavior\WriteHtmlCacheBehavior [ RunTime:0.000284s ]
INFO: [ view_filter ] --END-- [ RunTime:0.000321s ]
INFO: [ app_end ] --START--
INFO: Run Behavior\ShowPageTraceBehavior [ RunTime:0.000556s ]
INFO: [ app_end ] --END-- [ RunTime:0.000610s ]

[ 2016-10-28T11:31:35+08:00 ] 221.215.172.211 /index.php?s=/Home/index/sub_goods.html
INFO: [ app_init ] --START--
INFO: Run Behavior\BuildLiteBehavior [ RunTime:0.000018s ]
INFO: [ app_init ] --END-- [ RunTime:0.000398s ]
INFO: [ app_begin ] --START--
INFO: Run Behavior\ReadHtmlCacheBehavior [ RunTime:0.000704s ]
INFO: [ app_begin ] --END-- [ RunTime:0.000756s ]
SQL: SHOW COLUMNS FROM `tp_member` [ RunTime:0.0014s ]
SQL: SELECT * FROM `tp_member` WHERE `id` = 13 LIMIT 1   [ RunTime:0.0005s ]
SQL: SHOW COLUMNS FROM `tp_flash` [ RunTime:0.0006s ]
SQL: SELECT * FROM `tp_flash`  [ RunTime:0.0005s ]
SQL: SHOW COLUMNS FROM `tp_goods` [ RunTime:0.0007s ]
SQL: SELECT * FROM `tp_goods` WHERE `id` = 6 LIMIT 1   [ RunTime:0.0003s ]
NOTIC: [8] Indirect modification of overloaded property Home\Controller\IndexController::$user_info has no effect /data/home/hyu2409230001/htdocs/App/Home/Controller/IndexController.class.php 第 212 行.
SQL: SHOW COLUMNS FROM `tp_goods_order` [ RunTime:0.0011s ]
SQL: INSERT INTO `tp_goods_order` (`user_id`,`goods_id`,`goods_name`,`yuan_money`,`money`,`addtime`,`order_sn`) VALUES ('13','6','陈敏华特尊肝病医疗教育奖励基金（10000元）','10000.00','10000','1477625494','1477625494') [ RunTime:0.0004s ]
NOTIC: [8] Use of undefined constant CURLOP_TIMEOUT - assumed 'CURLOP_TIMEOUT' /data/home/hyu2409230001/htdocs/ThinkPHP/Library/Vendor/WxPayPubHelperGood/WxPayPubHelper.php 第 154 行.
NOTIC: [2] curl_setopt() expects parameter 2 to be long, string given /data/home/hyu2409230001/htdocs/ThinkPHP/Library/Vendor/WxPayPubHelperGood/WxPayPubHelper.php 第 154 行.
NOTIC: [2] curl_close(): 34 is not a valid cURL handle resource /data/home/hyu2409230001/htdocs/ThinkPHP/Library/Vendor/WxPayPubHelperGood/WxPayPubHelper.php 第 174 行.

[ 2016-10-28T11:31:41+08:00 ] 221.215.172.211 /index.php?s=/Home/index/sub_goods.html
INFO: [ app_init ] --START--
INFO: Run Behavior\BuildLiteBehavior [ RunTime:0.000021s ]
INFO: [ app_init ] --END-- [ RunTime:0.000469s ]
INFO: [ app_begin ] --START--
INFO: Run Behavior\ReadHtmlCacheBehavior [ RunTime:0.000674s ]
INFO: [ app_begin ] --END-- [ RunTime:0.000726s ]
SQL: SHOW COLUMNS FROM `tp_member` [ RunTime:0.0015s ]
SQL: SELECT * FROM `tp_member` WHERE `id` = 13 LIMIT 1   [ RunTime:0.0005s ]
SQL: SHOW COLUMNS FROM `tp_flash` [ RunTime:0.0006s ]
SQL: SELECT * FROM `tp_flash`  [ RunTime:0.0003s ]
SQL: SHOW COLUMNS FROM `tp_goods` [ RunTime:0.0007s ]
SQL: SELECT * FROM `tp_goods` WHERE `id` = 6 LIMIT 1   [ RunTime:0.0003s ]
NOTIC: [8] Indirect modification of overloaded property Home\Controller\IndexController::$user_info has no effect /data/home/hyu2409230001/htdocs/App/Home/Controller/IndexController.class.php 第 212 行.
SQL: SHOW COLUMNS FROM `tp_goods_order` [ RunTime:0.0009s ]
SQL: INSERT INTO `tp_goods_order` (`user_id`,`goods_id`,`goods_name`,`yuan_money`,`money`,`addtime`,`order_sn`) VALUES ('13','6','陈敏华特尊肝病医疗教育奖励基金（10000元）','10000.00','10000','1477625501','1477625501') [ RunTime:0.0004s ]
NOTIC: [8] Use of undefined constant CURLOP_TIMEOUT - assumed 'CURLOP_TIMEOUT' /data/home/hyu2409230001/htdocs/ThinkPHP/Library/Vendor/WxPayPubHelperGood/WxPayPubHelper.php 第 154 行.
NOTIC: [2] curl_setopt() expects parameter 2 to be long, string given /data/home/hyu2409230001/htdocs/ThinkPHP/Library/Vendor/WxPayPubHelperGood/WxPayPubHelper.php 第 154 行.
NOTIC: [2] curl_close(): 34 is not a valid cURL handle resource /data/home/hyu2409230001/htdocs/ThinkPHP/Library/Vendor/WxPayPubHelperGood/WxPayPubHelper.php 第 174 行.

[ 2016-10-28T11:37:05+08:00 ] 221.215.172.211 /
INFO: [ app_init ] --START--
INFO: Run Behavior\BuildLiteBehavior [ RunTime:0.000018s ]
INFO: [ app_init ] --END-- [ RunTime:0.000447s ]
INFO: [ app_begin ] --START--
INFO: Run Behavior\ReadHtmlCacheBehavior [ RunTime:0.000669s ]
INFO: [ app_begin ] --END-- [ RunTime:0.000722s ]
SQL: SHOW COLUMNS FROM `tp_member` [ RunTime:0.0018s ]
SQL: SELECT * FROM `tp_member` WHERE `id` = 13 LIMIT 1   [ RunTime:0.0008s ]
SQL: SHOW COLUMNS FROM `tp_flash` [ RunTime:0.0009s ]
SQL: SELECT * FROM `tp_flash`  [ RunTime:0.0004s ]
SQL: SHOW COLUMNS FROM `tp_package` [ RunTime:0.0009s ]
SQL: SELECT * FROM `tp_package` WHERE `id` = 2 LIMIT 1   [ RunTime:0.0004s ]
INFO: [ view_parse ] --START--
INFO: [ template_filter ] --START--
INFO: Run Behavior\ContentReplaceBehavior [ RunTime:0.000039s ]
INFO: [ template_filter ] --END-- [ RunTime:0.000084s ]
NOTIC: [8] Undefined variable: action /data/home/hyu2409230001/htdocs/App/Runtime/Cache/Home/00e52909bed743ea261af4b6823297ff.php 第 25 行.
NOTIC: [8] Undefined variable: action /data/home/hyu2409230001/htdocs/App/Runtime/Cache/Home/00e52909bed743ea261af4b6823297ff.php 第 33 行.
NOTIC: [8] Undefined variable: time /data/home/hyu2409230001/htdocs/App/Runtime/Cache/Home/00e52909bed743ea261af4b6823297ff.php 第 70 行.
INFO: Run Behavior\ParseTemplateBehavior [ RunTime:0.009570s ]
INFO: [ view_parse ] --END-- [ RunTime:0.009619s ]
INFO: [ view_filter ] --START--
INFO: Run Behavior\WriteHtmlCacheBehavior [ RunTime:0.000260s ]
INFO: [ view_filter ] --END-- [ RunTime:0.000296s ]
INFO: [ app_end ] --START--
INFO: Run Behavior\ShowPageTraceBehavior [ RunTime:0.000577s ]
INFO: [ app_end ] --END-- [ RunTime:0.000625s ]

[ 2016-10-28T11:37:07+08:00 ] 221.215.172.211 /index.php?s=/Home/index/goods.html
INFO: [ app_init ] --START--
INFO: Run Behavior\BuildLiteBehavior [ RunTime:0.000019s ]
INFO: [ app_init ] --END-- [ RunTime:0.000414s ]
INFO: [ app_begin ] --START--
INFO: Run Behavior\ReadHtmlCacheBehavior [ RunTime:0.000658s ]
INFO: [ app_begin ] --END-- [ RunTime:0.000760s ]
SQL: SHOW COLUMNS FROM `tp_member` [ RunTime:0.0015s ]
SQL: SELECT * FROM `tp_member` WHERE `id` = 13 LIMIT 1   [ RunTime:0.0006s ]
SQL: SHOW COLUMNS FROM `tp_flash` [ RunTime:0.0009s ]
SQL: SELECT * FROM `tp_flash`  [ RunTime:0.0003s ]
SQL: SHOW COLUMNS FROM `tp_goods` [ RunTime:0.0016s ]
SQL: SELECT * FROM `tp_goods`  [ RunTime:0.0006s ]
INFO: [ view_parse ] --START--
INFO: [ template_filter ] --START--
INFO: Run Behavior\ContentReplaceBehavior [ RunTime:0.000040s ]
INFO: [ template_filter ] --END-- [ RunTime:0.000089s ]
NOTIC: [8] Undefined variable: action /data/home/hyu2409230001/htdocs/App/Runtime/Cache/Home/17c4bca283389dd62725b9c7ba8c16bb.php 第 29 行.
NOTIC: [8] Undefined variable: action /data/home/hyu2409230001/htdocs/App/Runtime/Cache/Home/17c4bca283389dd62725b9c7ba8c16bb.php 第 37 行.
INFO: Run Behavior\ParseTemplateBehavior [ RunTime:0.009885s ]
INFO: [ view_parse ] --END-- [ RunTime:0.009937s ]
INFO: [ view_filter ] --START--
INFO: Run Behavior\WriteHtmlCacheBehavior [ RunTime:0.000353s ]
INFO: [ view_filter ] --END-- [ RunTime:0.000391s ]
INFO: [ app_end ] --START--
INFO: Run Behavior\ShowPageTraceBehavior [ RunTime:0.000586s ]
INFO: [ app_end ] --END-- [ RunTime:0.000637s ]

[ 2016-10-28T11:37:10+08:00 ] 221.215.172.211 /index.php?s=/Home/index/goods_detail/id/6.html
INFO: [ app_init ] --START--
INFO: Run Behavior\BuildLiteBehavior [ RunTime:0.000019s ]
INFO: [ app_init ] --END-- [ RunTime:0.000448s ]
INFO: [ app_begin ] --START--
INFO: Run Behavior\ReadHtmlCacheBehavior [ RunTime:0.000657s ]
INFO: [ app_begin ] --END-- [ RunTime:0.000710s ]
SQL: SHOW COLUMNS FROM `tp_member` [ RunTime:0.0015s ]
SQL: SELECT * FROM `tp_member` WHERE `id` = 13 LIMIT 1   [ RunTime:0.0007s ]
SQL: SHOW COLUMNS FROM `tp_flash` [ RunTime:0.0008s ]
SQL: SELECT * FROM `tp_flash`  [ RunTime:0.0003s ]
SQL: SHOW COLUMNS FROM `tp_goods` [ RunTime:0.0007s ]
SQL: SELECT * FROM `tp_goods` WHERE `id` = 6 LIMIT 1   [ RunTime:0.0004s ]
NOTIC: [8] Indirect modification of overloaded property Home\Controller\IndexController::$user_info has no effect /data/home/hyu2409230001/htdocs/App/Home/Controller/IndexController.class.php 第 193 行.
INFO: [ view_parse ] --START--
INFO: [ template_filter ] --START--
INFO: Run Behavior\ContentReplaceBehavior [ RunTime:0.000041s ]
INFO: [ template_filter ] --END-- [ RunTime:0.000085s ]
NOTIC: [8] Undefined variable: action /data/home/hyu2409230001/htdocs/App/Runtime/Cache/Home/1a107889ae1a36e116a772b0e3a9e0bd.php 第 69 行.
NOTIC: [8] Undefined variable: action /data/home/hyu2409230001/htdocs/App/Runtime/Cache/Home/1a107889ae1a36e116a772b0e3a9e0bd.php 第 77 行.
INFO: Run Behavior\ParseTemplateBehavior [ RunTime:0.009866s ]
INFO: [ view_parse ] --END-- [ RunTime:0.009940s ]
INFO: [ view_filter ] --START--
INFO: Run Behavior\WriteHtmlCacheBehavior [ RunTime:0.000348s ]
INFO: [ view_filter ] --END-- [ RunTime:0.000387s ]
INFO: [ app_end ] --START--
INFO: Run Behavior\ShowPageTraceBehavior [ RunTime:0.000612s ]
INFO: [ app_end ] --END-- [ RunTime:0.000665s ]

[ 2016-10-28T12:44:10+08:00 ] 112.224.69.125 /
INFO: [ app_init ] --START--
INFO: Run Behavior\BuildLiteBehavior [ RunTime:0.000022s ]
INFO: [ app_init ] --END-- [ RunTime:0.000442s ]
INFO: [ app_begin ] --START--
INFO: Run Behavior\ReadHtmlCacheBehavior [ RunTime:0.000708s ]
INFO: [ app_begin ] --END-- [ RunTime:0.000766s ]
NOTIC: [8] Undefined index: nickname /data/home/hyu2409230001/htdocs/App/Home/Controller/BaseController.class.php 第 18 行.

[ 2016-10-28T12:44:10+08:00 ] 112.224.69.125 /?code=021qJ28000B5ZB1tgl800bt0800qJ283&state=STATE
INFO: [ app_init ] --START--
INFO: Run Behavior\BuildLiteBehavior [ RunTime:0.000018s ]
INFO: [ app_init ] --END-- [ RunTime:0.000433s ]
INFO: [ app_begin ] --START--
INFO: Run Behavior\ReadHtmlCacheBehavior [ RunTime:0.000701s ]
INFO: [ app_begin ] --END-- [ RunTime:0.000765s ]
SQL: SHOW COLUMNS FROM `tp_member` [ RunTime:0.0017s ]
SQL: SELECT * FROM `tp_member` WHERE `openid` = 'oudL8vj2EYp4fDnR0cTZ0JMRd2Gk' LIMIT 1   [ RunTime:0.0005s ]

[ 2016-10-28T12:44:11+08:00 ] 112.224.69.125 /index.php?s=/Home/member/register.html
INFO: [ app_init ] --START--
INFO: Run Behavior\BuildLiteBehavior [ RunTime:0.000018s ]
INFO: [ app_init ] --END-- [ RunTime:0.000394s ]
INFO: [ app_begin ] --START--
INFO: Run Behavior\ReadHtmlCacheBehavior [ RunTime:0.000814s ]
INFO: [ app_begin ] --END-- [ RunTime:0.000866s ]
SQL: SHOW COLUMNS FROM `tp_member` [ RunTime:0.0017s ]
SQL: SELECT * FROM `tp_member` WHERE `openid` = 'oudL8vj2EYp4fDnR0cTZ0JMRd2Gk' LIMIT 1   [ RunTime:0.0004s ]
SQL: SHOW COLUMNS FROM `tp_weixin_config` [ RunTime:0.0010s ]
SQL: SELECT * FROM `tp_weixin_config` WHERE ( id = 1 ) LIMIT 1   [ RunTime:0.0006s ]
SQL: SHOW COLUMNS FROM `tp_flash` [ RunTime:0.0016s ]
SQL: SELECT * FROM `tp_flash`  [ RunTime:0.0005s ]
INFO: [ view_parse ] --START--
INFO: [ template_filter ] --START--
INFO: Run Behavior\ContentReplaceBehavior [ RunTime:0.000070s ]
INFO: [ template_filter ] --END-- [ RunTime:0.000132s ]
NOTIC: [8] Undefined variable: action /data/home/hyu2409230001/htdocs/App/Runtime/Cache/Home/ffa265b14a0c497cd85b72a2f6dd2e78.php 第 29 行.
NOTIC: [8] Undefined variable: action /data/home/hyu2409230001/htdocs/App/Runtime/Cache/Home/ffa265b14a0c497cd85b72a2f6dd2e78.php 第 37 行.
NOTIC: [8] Undefined variable: photo /data/home/hyu2409230001/htdocs/App/Runtime/Cache/Home/ffa265b14a0c497cd85b72a2f6dd2e78.php 第 464 行.
INFO: Run Behavior\ParseTemplateBehavior [ RunTime:0.014199s ]
INFO: [ view_parse ] --END-- [ RunTime:0.014253s ]
INFO: [ view_filter ] --START--
INFO: Run Behavior\WriteHtmlCacheBehavior [ RunTime:0.000275s ]
INFO: [ view_filter ] --END-- [ RunTime:0.000312s ]
INFO: [ app_end ] --START--
INFO: Run Behavior\ShowPageTraceBehavior [ RunTime:0.000610s ]
INFO: [ app_end ] --END-- [ RunTime:0.000658s ]

[ 2016-10-28T12:44:16+08:00 ] 112.224.69.125 /index.php?s=/Home/index/order.html
INFO: [ app_init ] --START--
INFO: Run Behavior\BuildLiteBehavior [ RunTime:0.000020s ]
INFO: [ app_init ] --END-- [ RunTime:0.000440s ]
INFO: [ app_begin ] --START--
INFO: Run Behavior\ReadHtmlCacheBehavior [ RunTime:0.000675s ]
INFO: [ app_begin ] --END-- [ RunTime:0.000732s ]
SQL: SHOW COLUMNS FROM `tp_member` [ RunTime:0.0013s ]
SQL: SELECT * FROM `tp_member` WHERE `openid` = 'oudL8vj2EYp4fDnR0cTZ0JMRd2Gk' LIMIT 1   [ RunTime:0.0003s ]

[ 2016-10-28T12:44:16+08:00 ] 112.224.69.125 /index.php?s=/Home/member/register.html
INFO: [ app_init ] --START--
INFO: Run Behavior\BuildLiteBehavior [ RunTime:0.000019s ]
INFO: [ app_init ] --END-- [ RunTime:0.000446s ]
INFO: [ app_begin ] --START--
INFO: Run Behavior\ReadHtmlCacheBehavior [ RunTime:0.000653s ]
INFO: [ app_begin ] --END-- [ RunTime:0.000705s ]
SQL: SHOW COLUMNS FROM `tp_member` [ RunTime:0.0014s ]
SQL: SELECT * FROM `tp_member` WHERE `openid` = 'oudL8vj2EYp4fDnR0cTZ0JMRd2Gk' LIMIT 1   [ RunTime:0.0003s ]
SQL: SHOW COLUMNS FROM `tp_weixin_config` [ RunTime:0.0007s ]
SQL: SELECT * FROM `tp_weixin_config` WHERE ( id = 1 ) LIMIT 1   [ RunTime:0.0005s ]
SQL: SHOW COLUMNS FROM `tp_flash` [ RunTime:0.0007s ]
SQL: SELECT * FROM `tp_flash`  [ RunTime:0.0003s ]
INFO: [ view_parse ] --START--
INFO: [ template_filter ] --START--
INFO: Run Behavior\ContentReplaceBehavior [ RunTime:0.000064s ]
INFO: [ template_filter ] --END-- [ RunTime:0.000117s ]
NOTIC: [8] Undefined variable: action /data/home/hyu2409230001/htdocs/App/Runtime/Cache/Home/ffa265b14a0c497cd85b72a2f6dd2e78.php 第 29 行.
NOTIC: [8] Undefined variable: action /data/home/hyu2409230001/htdocs/App/Runtime/Cache/Home/ffa265b14a0c497cd85b72a2f6dd2e78.php 第 37 行.
NOTIC: [8] Undefined variable: photo /data/home/hyu2409230001/htdocs/App/Runtime/Cache/Home/ffa265b14a0c497cd85b72a2f6dd2e78.php 第 464 行.
INFO: Run Behavior\ParseTemplateBehavior [ RunTime:0.013766s ]
INFO: [ view_parse ] --END-- [ RunTime:0.013811s ]
INFO: [ view_filter ] --START--
INFO: Run Behavior\WriteHtmlCacheBehavior [ RunTime:0.000298s ]
INFO: [ view_filter ] --END-- [ RunTime:0.000336s ]
INFO: [ app_end ] --START--
INFO: Run Behavior\ShowPageTraceBehavior [ RunTime:0.000831s ]
INFO: [ app_end ] --END-- [ RunTime:0.000878s ]

[ 2016-10-28T12:44:18+08:00 ] 112.224.69.125 /index.php?s=/Home/member/register.html
INFO: [ app_init ] --START--
INFO: Run Behavior\BuildLiteBehavior [ RunTime:0.000019s ]
INFO: [ app_init ] --END-- [ RunTime:0.000471s ]
INFO: [ app_begin ] --START--
INFO: Run Behavior\ReadHtmlCacheBehavior [ RunTime:0.000725s ]
INFO: [ app_begin ] --END-- [ RunTime:0.000789s ]
SQL: SHOW COLUMNS FROM `tp_member` [ RunTime:0.0015s ]
SQL: SELECT * FROM `tp_member` WHERE `openid` = 'oudL8vj2EYp4fDnR0cTZ0JMRd2Gk' LIMIT 1   [ RunTime:0.0004s ]
SQL: SHOW COLUMNS FROM `tp_weixin_config` [ RunTime:0.0008s ]
SQL: SELECT * FROM `tp_weixin_config` WHERE ( id = 1 ) LIMIT 1   [ RunTime:0.0017s ]
SQL: SHOW COLUMNS FROM `tp_flash` [ RunTime:0.0012s ]
SQL: SELECT * FROM `tp_flash`  [ RunTime:0.0003s ]
INFO: [ view_parse ] --START--
INFO: [ template_filter ] --START--
INFO: Run Behavior\ContentReplaceBehavior [ RunTime:0.000065s ]
INFO: [ template_filter ] --END-- [ RunTime:0.000123s ]
NOTIC: [8] Undefined variable: action /data/home/hyu2409230001/htdocs/App/Runtime/Cache/Home/ffa265b14a0c497cd85b72a2f6dd2e78.php 第 29 行.
NOTIC: [8] Undefined variable: action /data/home/hyu2409230001/htdocs/App/Runtime/Cache/Home/ffa265b14a0c497cd85b72a2f6dd2e78.php 第 37 行.
NOTIC: [8] Undefined variable: photo /data/home/hyu2409230001/htdocs/App/Runtime/Cache/Home/ffa265b14a0c497cd85b72a2f6dd2e78.php 第 464 行.
INFO: Run Behavior\ParseTemplateBehavior [ RunTime:0.013854s ]
INFO: [ view_parse ] --END-- [ RunTime:0.013900s ]
INFO: [ view_filter ] --START--
INFO: Run Behavior\WriteHtmlCacheBehavior [ RunTime:0.000308s ]
INFO: [ view_filter ] --END-- [ RunTime:0.000346s ]
INFO: [ app_end ] --START--
INFO: Run Behavior\ShowPageTraceBehavior [ RunTime:0.000590s ]
INFO: [ app_end ] --END-- [ RunTime:0.000637s ]

[ 2016-10-28T12:44:20+08:00 ] 112.224.69.125 /index.php?s=/Home/index/info.html
INFO: [ app_init ] --START--
INFO: Run Behavior\BuildLiteBehavior [ RunTime:0.000018s ]
INFO: [ app_init ] --END-- [ RunTime:0.000424s ]
INFO: [ app_begin ] --START--
INFO: Run Behavior\ReadHtmlCacheBehavior [ RunTime:0.000670s ]
INFO: [ app_begin ] --END-- [ RunTime:0.000736s ]
SQL: SHOW COLUMNS FROM `tp_member` [ RunTime:0.0014s ]
SQL: SELECT * FROM `tp_member` WHERE `openid` = 'oudL8vj2EYp4fDnR0cTZ0JMRd2Gk' LIMIT 1   [ RunTime:0.0004s ]

[ 2016-10-28T12:44:20+08:00 ] 112.224.69.125 /index.php?s=/Home/member/register.html
INFO: [ app_init ] --START--
INFO: Run Behavior\BuildLiteBehavior [ RunTime:0.000018s ]
INFO: [ app_init ] --END-- [ RunTime:0.000444s ]
INFO: [ app_begin ] --START--
INFO: Run Behavior\ReadHtmlCacheBehavior [ RunTime:0.000650s ]
INFO: [ app_begin ] --END-- [ RunTime:0.000702s ]
SQL: SHOW COLUMNS FROM `tp_member` [ RunTime:0.0018s ]
SQL: SELECT * FROM `tp_member` WHERE `openid` = 'oudL8vj2EYp4fDnR0cTZ0JMRd2Gk' LIMIT 1   [ RunTime:0.0004s ]
SQL: SHOW COLUMNS FROM `tp_weixin_config` [ RunTime:0.0008s ]
SQL: SELECT * FROM `tp_weixin_config` WHERE ( id = 1 ) LIMIT 1   [ RunTime:0.0003s ]
SQL: SHOW COLUMNS FROM `tp_flash` [ RunTime:0.0006s ]
SQL: SELECT * FROM `tp_flash`  [ RunTime:0.0003s ]
INFO: [ view_parse ] --START--
INFO: [ template_filter ] --START--
INFO: Run Behavior\ContentReplaceBehavior [ RunTime:0.000063s ]
INFO: [ template_filter ] --END-- [ RunTime:0.000116s ]
NOTIC: [8] Undefined variable: action /data/home/hyu2409230001/htdocs/App/Runtime/Cache/Home/ffa265b14a0c497cd85b72a2f6dd2e78.php 第 29 行.
NOTIC: [8] Undefined variable: action /data/home/hyu2409230001/htdocs/App/Runtime/Cache/Home/ffa265b14a0c497cd85b72a2f6dd2e78.php 第 37 行.
NOTIC: [8] Undefined variable: photo /data/home/hyu2409230001/htdocs/App/Runtime/Cache/Home/ffa265b14a0c497cd85b72a2f6dd2e78.php 第 464 行.
INFO: Run Behavior\ParseTemplateBehavior [ RunTime:0.013722s ]
INFO: [ view_parse ] --END-- [ RunTime:0.013776s ]
INFO: [ view_filter ] --START--
INFO: Run Behavior\WriteHtmlCacheBehavior [ RunTime:0.000302s ]
INFO: [ view_filter ] --END-- [ RunTime:0.000341s ]
INFO: [ app_end ] --START--
INFO: Run Behavior\ShowPageTraceBehavior [ RunTime:0.000606s ]
INFO: [ app_end ] --END-- [ RunTime:0.000665s ]

[ 2016-10-28T12:44:49+08:00 ] 112.224.69.125 /
INFO: [ app_init ] --START--
INFO: Run Behavior\BuildLiteBehavior [ RunTime:0.000022s ]
INFO: [ app_init ] --END-- [ RunTime:0.000441s ]
INFO: [ app_begin ] --START--
INFO: Run Behavior\ReadHtmlCacheBehavior [ RunTime:0.000891s ]
INFO: [ app_begin ] --END-- [ RunTime:0.000949s ]
SQL: SHOW COLUMNS FROM `tp_member` [ RunTime:0.0015s ]
SQL: SELECT * FROM `tp_member` WHERE `openid` = 'oudL8vj2EYp4fDnR0cTZ0JMRd2Gk' LIMIT 1   [ RunTime:0.0004s ]

[ 2016-10-28T12:44:50+08:00 ] 112.224.69.125 /index.php?s=/Home/member/register.html
INFO: [ app_init ] --START--
INFO: Run Behavior\BuildLiteBehavior [ RunTime:0.000021s ]
INFO: [ app_init ] --END-- [ RunTime:0.000449s ]
INFO: [ app_begin ] --START--
INFO: Run Behavior\ReadHtmlCacheBehavior [ RunTime:0.000700s ]
INFO: [ app_begin ] --END-- [ RunTime:0.000754s ]
SQL: SHOW COLUMNS FROM `tp_member` [ RunTime:0.0014s ]
SQL: SELECT * FROM `tp_member` WHERE `openid` = 'oudL8vj2EYp4fDnR0cTZ0JMRd2Gk' LIMIT 1   [ RunTime:0.0003s ]
SQL: SHOW COLUMNS FROM `tp_weixin_config` [ RunTime:0.0006s ]
SQL: SELECT * FROM `tp_weixin_config` WHERE ( id = 1 ) LIMIT 1   [ RunTime:0.0003s ]
SQL: SHOW COLUMNS FROM `tp_flash` [ RunTime:0.0006s ]
SQL: SELECT * FROM `tp_flash`  [ RunTime:0.0003s ]
INFO: [ view_parse ] --START--
INFO: [ template_filter ] --START--
INFO: Run Behavior\ContentReplaceBehavior [ RunTime:0.000094s ]
INFO: [ template_filter ] --END-- [ RunTime:0.000174s ]
NOTIC: [8] Undefined variable: action /data/home/hyu2409230001/htdocs/App/Runtime/Cache/Home/ffa265b14a0c497cd85b72a2f6dd2e78.php 第 29 行.
NOTIC: [8] Undefined variable: action /data/home/hyu2409230001/htdocs/App/Runtime/Cache/Home/ffa265b14a0c497cd85b72a2f6dd2e78.php 第 37 行.
NOTIC: [8] Undefined variable: photo /data/home/hyu2409230001/htdocs/App/Runtime/Cache/Home/ffa265b14a0c497cd85b72a2f6dd2e78.php 第 464 行.
INFO: Run Behavior\ParseTemplateBehavior [ RunTime:0.016338s ]
INFO: [ view_parse ] --END-- [ RunTime:0.016400s ]
INFO: [ view_filter ] --START--
INFO: Run Behavior\WriteHtmlCacheBehavior [ RunTime:0.000295s ]
INFO: [ view_filter ] --END-- [ RunTime:0.000332s ]
INFO: [ app_end ] --START--
INFO: Run Behavior\ShowPageTraceBehavior [ RunTime:0.000649s ]
INFO: [ app_end ] --END-- [ RunTime:0.000700s ]

[ 2016-10-28T12:47:16+08:00 ] 101.226.89.117 /index.php?s=/Home/index/order.html
INFO: [ app_init ] --START--
INFO: Run Behavior\BuildLiteBehavior [ RunTime:0.000020s ]
INFO: [ app_init ] --END-- [ RunTime:0.000486s ]
INFO: [ app_begin ] --START--
INFO: Run Behavior\ReadHtmlCacheBehavior [ RunTime:0.000657s ]
INFO: [ app_begin ] --END-- [ RunTime:0.000716s ]
NOTIC: [8] Undefined index: nickname /data/home/hyu2409230001/htdocs/App/Home/Controller/BaseController.class.php 第 18 行.

[ 2016-10-28T12:53:37+08:00 ] 101.226.61.184 /
INFO: [ app_init ] --START--
INFO: Run Behavior\BuildLiteBehavior [ RunTime:0.000023s ]
INFO: [ app_init ] --END-- [ RunTime:0.000431s ]
INFO: [ app_begin ] --START--
INFO: Run Behavior\ReadHtmlCacheBehavior [ RunTime:0.004479s ]
INFO: [ app_begin ] --END-- [ RunTime:0.004539s ]
NOTIC: [8] Undefined index: nickname /data/home/hyu2409230001/htdocs/App/Home/Controller/BaseController.class.php 第 18 行.

[ 2016-10-28T12:53:37+08:00 ] 101.226.125.119 /
INFO: [ app_init ] --START--
INFO: Run Behavior\BuildLiteBehavior [ RunTime:0.000017s ]
INFO: [ app_init ] --END-- [ RunTime:0.000390s ]
INFO: [ app_begin ] --START--
INFO: Run Behavior\ReadHtmlCacheBehavior [ RunTime:0.006123s ]
INFO: [ app_begin ] --END-- [ RunTime:0.006179s ]
NOTIC: [8] Undefined index: nickname /data/home/hyu2409230001/htdocs/App/Home/Controller/BaseController.class.php 第 18 行.

[ 2016-10-28T12:53:37+08:00 ] 117.144.246.146 /
INFO: [ app_init ] --START--
INFO: Run Behavior\BuildLiteBehavior [ RunTime:0.000022s ]
INFO: [ app_init ] --END-- [ RunTime:0.000432s ]
INFO: [ app_begin ] --START--
INFO: Run Behavior\ReadHtmlCacheBehavior [ RunTime:0.000655s ]
INFO: [ app_begin ] --END-- [ RunTime:0.000708s ]
NOTIC: [8] Undefined index: nickname /data/home/hyu2409230001/htdocs/App/Home/Controller/BaseController.class.php 第 18 行.

[ 2016-10-28T12:53:37+08:00 ] 101.226.61.184 /?code=001AVqV62fKAeN0fmEU62jSpV62AVqVf&state=STATE
INFO: [ app_init ] --START--
INFO: Run Behavior\BuildLiteBehavior [ RunTime:0.000017s ]
INFO: [ app_init ] --END-- [ RunTime:0.000436s ]
INFO: [ app_begin ] --START--
INFO: Run Behavior\ReadHtmlCacheBehavior [ RunTime:0.000806s ]
INFO: [ app_begin ] --END-- [ RunTime:0.000896s ]
SQL: SHOW COLUMNS FROM `tp_member` [ RunTime:0.0017s ]
SQL: SELECT * FROM `tp_member` WHERE `openid` = 'oudL8vmEnPTbvib5k_IK_Kx6Zj3o' LIMIT 1   [ RunTime:0.0006s ]

[ 2016-10-28T12:53:38+08:00 ] 101.226.61.184 /index.php?s=/Home/member/register.html
INFO: [ app_init ] --START--
INFO: Run Behavior\BuildLiteBehavior [ RunTime:0.000019s ]
INFO: [ app_init ] --END-- [ RunTime:0.000402s ]
INFO: [ app_begin ] --START--
INFO: Run Behavior\ReadHtmlCacheBehavior [ RunTime:0.000648s ]
INFO: [ app_begin ] --END-- [ RunTime:0.000702s ]
SQL: SHOW COLUMNS FROM `tp_member` [ RunTime:0.0015s ]
SQL: SELECT * FROM `tp_member` WHERE `openid` = 'oudL8vmEnPTbvib5k_IK_Kx6Zj3o' LIMIT 1   [ RunTime:0.0004s ]
SQL: SHOW COLUMNS FROM `tp_weixin_config` [ RunTime:0.0011s ]
SQL: SELECT * FROM `tp_weixin_config` WHERE ( id = 1 ) LIMIT 1   [ RunTime:0.0005s ]
SQL: SHOW COLUMNS FROM `tp_flash` [ RunTime:0.0010s ]
SQL: SELECT * FROM `tp_flash`  [ RunTime:0.0004s ]
INFO: [ view_parse ] --START--
INFO: [ template_filter ] --START--
INFO: Run Behavior\ContentReplaceBehavior [ RunTime:0.000062s ]
INFO: [ template_filter ] --END-- [ RunTime:0.000112s ]
NOTIC: [8] Undefined variable: action /data/home/hyu2409230001/htdocs/App/Runtime/Cache/Home/ffa265b14a0c497cd85b72a2f6dd2e78.php 第 29 行.
NOTIC: [8] Undefined variable: action /data/home/hyu2409230001/htdocs/App/Runtime/Cache/Home/ffa265b14a0c497cd85b72a2f6dd2e78.php 第 37 行.
NOTIC: [8] Undefined variable: photo /data/home/hyu2409230001/htdocs/App/Runtime/Cache/Home/ffa265b14a0c497cd85b72a2f6dd2e78.php 第 464 行.
INFO: Run Behavior\ParseTemplateBehavior [ RunTime:0.014381s ]
INFO: [ view_parse ] --END-- [ RunTime:0.014430s ]
INFO: [ view_filter ] --START--
INFO: Run Behavior\WriteHtmlCacheBehavior [ RunTime:0.000260s ]
INFO: [ view_filter ] --END-- [ RunTime:0.000296s ]
INFO: [ app_end ] --START--
INFO: Run Behavior\ShowPageTraceBehavior [ RunTime:0.000619s ]
INFO: [ app_end ] --END-- [ RunTime:0.000666s ]

[ 2016-10-28T12:53:57+08:00 ] 101.226.61.184 /index.php?s=/Home/member/register.html
INFO: [ app_init ] --START--
INFO: Run Behavior\BuildLiteBehavior [ RunTime:0.000018s ]
INFO: [ app_init ] --END-- [ RunTime:0.000422s ]
INFO: [ app_begin ] --START--
INFO: Run Behavior\ReadHtmlCacheBehavior [ RunTime:0.000646s ]
INFO: [ app_begin ] --END-- [ RunTime:0.000701s ]
SQL: SHOW COLUMNS FROM `tp_member` [ RunTime:0.0014s ]
SQL: SELECT * FROM `tp_member` WHERE `openid` = 'oudL8vmEnPTbvib5k_IK_Kx6Zj3o' LIMIT 1   [ RunTime:0.0003s ]
SQL: SHOW COLUMNS FROM `tp_weixin_config` [ RunTime:0.0006s ]
SQL: SELECT * FROM `tp_weixin_config` WHERE ( id = 1 ) LIMIT 1   [ RunTime:0.0003s ]
SQL: SHOW COLUMNS FROM `tp_flash` [ RunTime:0.0006s ]
SQL: SELECT * FROM `tp_flash`  [ RunTime:0.0003s ]
INFO: [ view_parse ] --START--
INFO: [ template_filter ] --START--
INFO: Run Behavior\ContentReplaceBehavior [ RunTime:0.000105s ]
INFO: [ template_filter ] --END-- [ RunTime:0.000186s ]
NOTIC: [8] Undefined variable: action /data/home/hyu2409230001/htdocs/App/Runtime/Cache/Home/ffa265b14a0c497cd85b72a2f6dd2e78.php 第 29 行.
NOTIC: [8] Undefined variable: action /data/home/hyu2409230001/htdocs/App/Runtime/Cache/Home/ffa265b14a0c497cd85b72a2f6dd2e78.php 第 37 行.
NOTIC: [8] Undefined variable: photo /data/home/hyu2409230001/htdocs/App/Runtime/Cache/Home/ffa265b14a0c497cd85b72a2f6dd2e78.php 第 464 行.
INFO: Run Behavior\ParseTemplateBehavior [ RunTime:0.013532s ]
INFO: [ view_parse ] --END-- [ RunTime:0.013578s ]
INFO: [ view_filter ] --START--
INFO: Run Behavior\WriteHtmlCacheBehavior [ RunTime:0.000263s ]
INFO: [ view_filter ] --END-- [ RunTime:0.000324s ]
INFO: [ app_end ] --START--
INFO: Run Behavior\ShowPageTraceBehavior [ RunTime:0.000544s ]
INFO: [ app_end ] --END-- [ RunTime:0.000592s ]

[ 2016-10-28T12:53:59+08:00 ] 140.207.63.103 /index.php?s=/Home/index/order.html
INFO: [ app_init ] --START--
INFO: Run Behavior\BuildLiteBehavior [ RunTime:0.000018s ]
INFO: [ app_init ] --END-- [ RunTime:0.000408s ]
INFO: [ app_begin ] --START--
INFO: Run Behavior\ReadHtmlCacheBehavior [ RunTime:0.000654s ]
INFO: [ app_begin ] --END-- [ RunTime:0.000706s ]
SQL: SHOW COLUMNS FROM `tp_member` [ RunTime:0.0014s ]
SQL: SELECT * FROM `tp_member` WHERE `openid` = 'oudL8vmEnPTbvib5k_IK_Kx6Zj3o' LIMIT 1   [ RunTime:0.0004s ]

[ 2016-10-28T12:53:59+08:00 ] 101.226.61.184 /index.php?s=/Home/member/register.html
INFO: [ app_init ] --START--
INFO: Run Behavior\BuildLiteBehavior [ RunTime:0.000021s ]
INFO: [ app_init ] --END-- [ RunTime:0.000436s ]
INFO: [ app_begin ] --START--
INFO: Run Behavior\ReadHtmlCacheBehavior [ RunTime:0.000665s ]
INFO: [ app_begin ] --END-- [ RunTime:0.000719s ]
SQL: SHOW COLUMNS FROM `tp_member` [ RunTime:0.0014s ]
SQL: SELECT * FROM `tp_member` WHERE `openid` = 'oudL8vmEnPTbvib5k_IK_Kx6Zj3o' LIMIT 1   [ RunTime:0.0004s ]
SQL: SHOW COLUMNS FROM `tp_weixin_config` [ RunTime:0.0007s ]
SQL: SELECT * FROM `tp_weixin_config` WHERE ( id = 1 ) LIMIT 1   [ RunTime:0.0003s ]
SQL: SHOW COLUMNS FROM `tp_flash` [ RunTime:0.0006s ]
SQL: SELECT * FROM `tp_flash`  [ RunTime:0.0002s ]
INFO: [ view_parse ] --START--
INFO: [ template_filter ] --START--
INFO: Run Behavior\ContentReplaceBehavior [ RunTime:0.000064s ]
INFO: [ template_filter ] --END-- [ RunTime:0.000114s ]
NOTIC: [8] Undefined variable: action /data/home/hyu2409230001/htdocs/App/Runtime/Cache/Home/ffa265b14a0c497cd85b72a2f6dd2e78.php 第 29 行.
NOTIC: [8] Undefined variable: action /data/home/hyu2409230001/htdocs/App/Runtime/Cache/Home/ffa265b14a0c497cd85b72a2f6dd2e78.php 第 37 行.
NOTIC: [8] Undefined variable: photo /data/home/hyu2409230001/htdocs/App/Runtime/Cache/Home/ffa265b14a0c497cd85b72a2f6dd2e78.php 第 464 行.
INFO: Run Behavior\ParseTemplateBehavior [ RunTime:0.013814s ]
INFO: [ view_parse ] --END-- [ RunTime:0.013862s ]
INFO: [ view_filter ] --START--
INFO: Run Behavior\WriteHtmlCacheBehavior [ RunTime:0.000286s ]
INFO: [ view_filter ] --END-- [ RunTime:0.000323s ]
INFO: [ app_end ] --START--
INFO: Run Behavior\ShowPageTraceBehavior [ RunTime:0.000626s ]
INFO: [ app_end ] --END-- [ RunTime:0.000673s ]

[ 2016-10-28T12:54:00+08:00 ] 101.226.61.184 /index.php?s=/Home/index/order.html
INFO: [ app_init ] --START--
INFO: Run Behavior\BuildLiteBehavior [ RunTime:0.000023s ]
INFO: [ app_init ] --END-- [ RunTime:0.000470s ]
INFO: [ app_begin ] --START--
INFO: Run Behavior\ReadHtmlCacheBehavior [ RunTime:0.000708s ]
INFO: [ app_begin ] --END-- [ RunTime:0.000761s ]
SQL: SHOW COLUMNS FROM `tp_member` [ RunTime:0.0018s ]
SQL: SELECT * FROM `tp_member` WHERE `openid` = 'oudL8vmEnPTbvib5k_IK_Kx6Zj3o' LIMIT 1   [ RunTime:0.0004s ]

[ 2016-10-28T12:54:00+08:00 ] 101.226.61.184 /index.php?s=/Home/member/register.html
INFO: [ app_init ] --START--
INFO: Run Behavior\BuildLiteBehavior [ RunTime:0.000021s ]
INFO: [ app_init ] --END-- [ RunTime:0.000492s ]
INFO: [ app_begin ] --START--
INFO: Run Behavior\ReadHtmlCacheBehavior [ RunTime:0.000685s ]
INFO: [ app_begin ] --END-- [ RunTime:0.000743s ]
SQL: SHOW COLUMNS FROM `tp_member` [ RunTime:0.0016s ]
SQL: SELECT * FROM `tp_member` WHERE `openid` = 'oudL8vmEnPTbvib5k_IK_Kx6Zj3o' LIMIT 1   [ RunTime:0.0003s ]
SQL: SHOW COLUMNS FROM `tp_weixin_config` [ RunTime:0.0006s ]
SQL: SELECT * FROM `tp_weixin_config` WHERE ( id = 1 ) LIMIT 1   [ RunTime:0.0003s ]
SQL: SHOW COLUMNS FROM `tp_flash` [ RunTime:0.0007s ]
SQL: SELECT * FROM `tp_flash`  [ RunTime:0.0003s ]
INFO: [ view_parse ] --START--
INFO: [ template_filter ] --START--
INFO: Run Behavior\ContentReplaceBehavior [ RunTime:0.000067s ]
INFO: [ template_filter ] --END-- [ RunTime:0.000135s ]
NOTIC: [8] Undefined variable: action /data/home/hyu2409230001/htdocs/App/Runtime/Cache/Home/ffa265b14a0c497cd85b72a2f6dd2e78.php 第 29 行.
NOTIC: [8] Undefined variable: action /data/home/hyu2409230001/htdocs/App/Runtime/Cache/Home/ffa265b14a0c497cd85b72a2f6dd2e78.php 第 37 行.
NOTIC: [8] Undefined variable: photo /data/home/hyu2409230001/htdocs/App/Runtime/Cache/Home/ffa265b14a0c497cd85b72a2f6dd2e78.php 第 464 行.
INFO: Run Behavior\ParseTemplateBehavior [ RunTime:0.013949s ]
INFO: [ view_parse ] --END-- [ RunTime:0.013999s ]
INFO: [ view_filter ] --START--
INFO: Run Behavior\WriteHtmlCacheBehavior [ RunTime:0.000261s ]
INFO: [ view_filter ] --END-- [ RunTime:0.000298s ]
INFO: [ app_end ] --START--
INFO: Run Behavior\ShowPageTraceBehavior [ RunTime:0.000572s ]
INFO: [ app_end ] --END-- [ RunTime:0.000618s ]

[ 2016-10-28T12:54:01+08:00 ] 140.207.63.103 /index.php?s=/Home/member/register.html
INFO: [ app_init ] --START--
INFO: Run Behavior\BuildLiteBehavior [ RunTime:0.000018s ]
INFO: [ app_init ] --END-- [ RunTime:0.000404s ]
INFO: [ app_begin ] --START--
INFO: Run Behavior\ReadHtmlCacheBehavior [ RunTime:0.000664s ]
INFO: [ app_begin ] --END-- [ RunTime:0.000717s ]
SQL: SHOW COLUMNS FROM `tp_member` [ RunTime:0.0019s ]
SQL: SELECT * FROM `tp_member` WHERE `openid` = 'oudL8vmEnPTbvib5k_IK_Kx6Zj3o' LIMIT 1   [ RunTime:0.0005s ]
SQL: SHOW COLUMNS FROM `tp_weixin_config` [ RunTime:0.0015s ]
SQL: SELECT * FROM `tp_weixin_config` WHERE ( id = 1 ) LIMIT 1   [ RunTime:0.0003s ]
SQL: SHOW COLUMNS FROM `tp_flash` [ RunTime:0.0008s ]
SQL: SELECT * FROM `tp_flash`  [ RunTime:0.0004s ]
INFO: [ view_parse ] --START--
INFO: [ template_filter ] --START--
INFO: Run Behavior\ContentReplaceBehavior [ RunTime:0.000065s ]
INFO: [ template_filter ] --END-- [ RunTime:0.000116s ]
NOTIC: [8] Undefined variable: action /data/home/hyu2409230001/htdocs/App/Runtime/Cache/Home/ffa265b14a0c497cd85b72a2f6dd2e78.php 第 29 行.
NOTIC: [8] Undefined variable: action /data/home/hyu2409230001/htdocs/App/Runtime/Cache/Home/ffa265b14a0c497cd85b72a2f6dd2e78.php 第 37 行.
NOTIC: [8] Undefined variable: photo /data/home/hyu2409230001/htdocs/App/Runtime/Cache/Home/ffa265b14a0c497cd85b72a2f6dd2e78.php 第 464 行.
INFO: Run Behavior\ParseTemplateBehavior [ RunTime:0.013763s ]
INFO: [ view_parse ] --END-- [ RunTime:0.013812s ]
INFO: [ view_filter ] --START--
INFO: Run Behavior\WriteHtmlCacheBehavior [ RunTime:0.000259s ]
INFO: [ view_filter ] --END-- [ RunTime:0.000296s ]
INFO: [ app_end ] --START--
INFO: Run Behavior\ShowPageTraceBehavior [ RunTime:0.000619s ]
INFO: [ app_end ] --END-- [ RunTime:0.000665s ]

[ 2016-10-28T12:54:03+08:00 ] 140.207.63.103 /index.php?s=/Home/member/register.html
INFO: [ app_init ] --START--
INFO: Run Behavior\BuildLiteBehavior [ RunTime:0.000026s ]
INFO: [ app_init ] --END-- [ RunTime:0.000595s ]
INFO: [ app_begin ] --START--
INFO: Run Behavior\ReadHtmlCacheBehavior [ RunTime:0.000755s ]
INFO: [ app_begin ] --END-- [ RunTime:0.000809s ]
SQL: SHOW COLUMNS FROM `tp_member` [ RunTime:0.0018s ]
SQL: SELECT * FROM `tp_member` WHERE `openid` = 'oudL8vmEnPTbvib5k_IK_Kx6Zj3o' LIMIT 1   [ RunTime:0.0004s ]
SQL: SHOW COLUMNS FROM `tp_weixin_config` [ RunTime:0.0008s ]
SQL: SELECT * FROM `tp_weixin_config` WHERE ( id = 1 ) LIMIT 1   [ RunTime:0.0003s ]
SQL: SHOW COLUMNS FROM `tp_flash` [ RunTime:0.0007s ]
SQL: SELECT * FROM `tp_flash`  [ RunTime:0.0003s ]
INFO: [ view_parse ] --START--
INFO: [ template_filter ] --START--
INFO: Run Behavior\ContentReplaceBehavior [ RunTime:0.000066s ]
INFO: [ template_filter ] --END-- [ RunTime:0.000122s ]
NOTIC: [8] Undefined variable: action /data/home/hyu2409230001/htdocs/App/Runtime/Cache/Home/ffa265b14a0c497cd85b72a2f6dd2e78.php 第 29 行.
NOTIC: [8] Undefined variable: action /data/home/hyu2409230001/htdocs/App/Runtime/Cache/Home/ffa265b14a0c497cd85b72a2f6dd2e78.php 第 37 行.
NOTIC: [8] Undefined variable: photo /data/home/hyu2409230001/htdocs/App/Runtime/Cache/Home/ffa265b14a0c497cd85b72a2f6dd2e78.php 第 464 行.
INFO: Run Behavior\ParseTemplateBehavior [ RunTime:0.013713s ]
INFO: [ view_parse ] --END-- [ RunTime:0.013760s ]
INFO: [ view_filter ] --START--
INFO: Run Behavior\WriteHtmlCacheBehavior [ RunTime:0.000262s ]
INFO: [ view_filter ] --END-- [ RunTime:0.000299s ]
INFO: [ app_end ] --START--
INFO: Run Behavior\ShowPageTraceBehavior [ RunTime:0.000565s ]
INFO: [ app_end ] --END-- [ RunTime:0.000611s ]

[ 2016-10-28T13:08:21+08:00 ] 112.224.69.125 /
INFO: [ app_init ] --START--
INFO: Run Behavior\BuildLiteBehavior [ RunTime:0.000025s ]
INFO: [ app_init ] --END-- [ RunTime:0.000436s ]
INFO: [ app_begin ] --START--
INFO: Run Behavior\ReadHtmlCacheBehavior [ RunTime:0.000639s ]
INFO: [ app_begin ] --END-- [ RunTime:0.000696s ]
SQL: SHOW COLUMNS FROM `tp_member` [ RunTime:0.0022s ]
SQL: SELECT * FROM `tp_member` WHERE `openid` = 'oudL8vj2EYp4fDnR0cTZ0JMRd2Gk' LIMIT 1   [ RunTime:0.0007s ]

[ 2016-10-28T13:08:22+08:00 ] 112.224.69.125 /index.php?s=/Home/member/register.html
INFO: [ app_init ] --START--
INFO: Run Behavior\BuildLiteBehavior [ RunTime:0.000021s ]
INFO: [ app_init ] --END-- [ RunTime:0.000504s ]
INFO: [ app_begin ] --START--
INFO: Run Behavior\ReadHtmlCacheBehavior [ RunTime:0.000701s ]
INFO: [ app_begin ] --END-- [ RunTime:0.000756s ]
SQL: SHOW COLUMNS FROM `tp_member` [ RunTime:0.0015s ]
SQL: SELECT * FROM `tp_member` WHERE `openid` = 'oudL8vj2EYp4fDnR0cTZ0JMRd2Gk' LIMIT 1   [ RunTime:0.0004s ]
SQL: SHOW COLUMNS FROM `tp_weixin_config` [ RunTime:0.0009s ]
SQL: SELECT * FROM `tp_weixin_config` WHERE ( id = 1 ) LIMIT 1   [ RunTime:0.0004s ]
SQL: SHOW COLUMNS FROM `tp_flash` [ RunTime:0.0009s ]
SQL: SELECT * FROM `tp_flash`  [ RunTime:0.0004s ]
INFO: [ view_parse ] --START--
INFO: [ template_filter ] --START--
INFO: Run Behavior\ContentReplaceBehavior [ RunTime:0.000064s ]
INFO: [ template_filter ] --END-- [ RunTime:0.000114s ]
NOTIC: [8] Undefined variable: action /data/home/hyu2409230001/htdocs/App/Runtime/Cache/Home/ffa265b14a0c497cd85b72a2f6dd2e78.php 第 29 行.
NOTIC: [8] Undefined variable: action /data/home/hyu2409230001/htdocs/App/Runtime/Cache/Home/ffa265b14a0c497cd85b72a2f6dd2e78.php 第 37 行.
NOTIC: [8] Undefined variable: photo /data/home/hyu2409230001/htdocs/App/Runtime/Cache/Home/ffa265b14a0c497cd85b72a2f6dd2e78.php 第 464 行.
INFO: Run Behavior\ParseTemplateBehavior [ RunTime:0.013401s ]
INFO: [ view_parse ] --END-- [ RunTime:0.013460s ]
INFO: [ view_filter ] --START--
INFO: Run Behavior\WriteHtmlCacheBehavior [ RunTime:0.000310s ]
INFO: [ view_filter ] --END-- [ RunTime:0.000360s ]
INFO: [ app_end ] --START--
INFO: Run Behavior\ShowPageTraceBehavior [ RunTime:0.000559s ]
INFO: [ app_end ] --END-- [ RunTime:0.000607s ]

[ 2016-10-28T13:22:03+08:00 ] 121.42.0.84 /extensions/kindeditor/themes/default/default.png)
INFO: [ app_init ] --START--
INFO: Run Behavior\BuildLiteBehavior [ RunTime:0.000019s ]
INFO: [ app_init ] --END-- [ RunTime:0.000447s ]
NOTIC: [2] preg_replace(): Compilation failed: unmatched parentheses at offset 5 /data/home/hyu2409230001/htdocs/ThinkPHP/Library/Think/Dispatcher.class.php 第 127 行.
NOTIC: [2] preg_replace(): Compilation failed: unmatched parentheses at offset 5 /data/home/hyu2409230001/htdocs/ThinkPHP/Library/Think/Route.class.php 第 20 行.
INFO: [ app_begin ] --START--
INFO: Run Behavior\ReadHtmlCacheBehavior [ RunTime:0.000666s ]
INFO: [ app_begin ] --END-- [ RunTime:0.000712s ]
ERR: 无法加载控制器:Kindeditor

[ 2016-10-28T17:32:52+08:00 ] 101.226.125.119 /
INFO: [ app_init ] --START--
INFO: Run Behavior\BuildLiteBehavior [ RunTime:0.000023s ]
INFO: [ app_init ] --END-- [ RunTime:0.000455s ]
INFO: [ app_begin ] --START--
INFO: Run Behavior\ReadHtmlCacheBehavior [ RunTime:0.004948s ]
INFO: [ app_begin ] --END-- [ RunTime:0.005023s ]
NOTIC: [8] Undefined index: nickname /data/home/hyu2409230001/htdocs/App/Home/Controller/BaseController.class.php 第 18 行.

[ 2016-10-28T17:32:52+08:00 ] 101.226.125.117 /
INFO: [ app_init ] --START--
INFO: Run Behavior\BuildLiteBehavior [ RunTime:0.000020s ]
INFO: [ app_init ] --END-- [ RunTime:0.003424s ]
INFO: [ app_begin ] --START--
INFO: Run Behavior\ReadHtmlCacheBehavior [ RunTime:0.000696s ]
INFO: [ app_begin ] --END-- [ RunTime:0.000750s ]
NOTIC: [8] Undefined index: nickname /data/home/hyu2409230001/htdocs/App/Home/Controller/BaseController.class.php 第 18 行.

[ 2016-10-28T17:32:52+08:00 ] 117.185.27.146 /
INFO: [ app_init ] --START--
INFO: Run Behavior\BuildLiteBehavior [ RunTime:0.000018s ]
INFO: [ app_init ] --END-- [ RunTime:0.002651s ]
INFO: [ app_begin ] --START--
INFO: Run Behavior\ReadHtmlCacheBehavior [ RunTime:0.004865s ]
INFO: [ app_begin ] --END-- [ RunTime:0.004943s ]
NOTIC: [8] Undefined index: nickname /data/home/hyu2409230001/htdocs/App/Home/Controller/BaseController.class.php 第 18 行.

[ 2016-10-28T17:32:52+08:00 ] 101.226.125.117 /?code=021oXnkf0Y56az1nVelf04Xpkf0oXnkR&state=STATE
INFO: [ app_init ] --START--
INFO: Run Behavior\BuildLiteBehavior [ RunTime:0.000020s ]
INFO: [ app_init ] --END-- [ RunTime:0.000424s ]
INFO: [ app_begin ] --START--
INFO: Run Behavior\ReadHtmlCacheBehavior [ RunTime:0.000802s ]
INFO: [ app_begin ] --END-- [ RunTime:0.000866s ]
SQL: SHOW COLUMNS FROM `tp_member` [ RunTime:0.0021s ]
SQL: SELECT * FROM `tp_member` WHERE `openid` = 'oudL8vi9tNWVUHdOdYEaeJbL2Tvk' LIMIT 1   [ RunTime:0.0006s ]

[ 2016-10-28T17:32:53+08:00 ] 101.226.125.117 /index.php?s=/Home/member/register.html
INFO: [ app_init ] --START--
INFO: Run Behavior\BuildLiteBehavior [ RunTime:0.000020s ]
INFO: [ app_init ] --END-- [ RunTime:0.000413s ]
INFO: [ app_begin ] --START--
INFO: Run Behavior\ReadHtmlCacheBehavior [ RunTime:0.000642s ]
INFO: [ app_begin ] --END-- [ RunTime:0.000696s ]
SQL: SHOW COLUMNS FROM `tp_member` [ RunTime:0.0013s ]
SQL: SELECT * FROM `tp_member` WHERE `openid` = 'oudL8vi9tNWVUHdOdYEaeJbL2Tvk' LIMIT 1   [ RunTime:0.0004s ]
SQL: SHOW COLUMNS FROM `tp_weixin_config` [ RunTime:0.0010s ]
SQL: SELECT * FROM `tp_weixin_config` WHERE ( id = 1 ) LIMIT 1   [ RunTime:0.0004s ]
SQL: SHOW COLUMNS FROM `tp_flash` [ RunTime:0.0017s ]
SQL: SELECT * FROM `tp_flash`  [ RunTime:0.0006s ]
INFO: [ view_parse ] --START--
INFO: [ template_filter ] --START--
INFO: Run Behavior\ContentReplaceBehavior [ RunTime:0.000066s ]
INFO: [ template_filter ] --END-- [ RunTime:0.000144s ]
NOTIC: [8] Undefined variable: action /data/home/hyu2409230001/htdocs/App/Runtime/Cache/Home/ffa265b14a0c497cd85b72a2f6dd2e78.php 第 29 行.
NOTIC: [8] Undefined variable: action /data/home/hyu2409230001/htdocs/App/Runtime/Cache/Home/ffa265b14a0c497cd85b72a2f6dd2e78.php 第 37 行.
NOTIC: [8] Undefined variable: photo /data/home/hyu2409230001/htdocs/App/Runtime/Cache/Home/ffa265b14a0c497cd85b72a2f6dd2e78.php 第 464 行.
INFO: Run Behavior\ParseTemplateBehavior [ RunTime:0.014010s ]
INFO: [ view_parse ] --END-- [ RunTime:0.014060s ]
INFO: [ view_filter ] --START--
INFO: Run Behavior\WriteHtmlCacheBehavior [ RunTime:0.000273s ]
INFO: [ view_filter ] --END-- [ RunTime:0.000310s ]
INFO: [ app_end ] --START--
INFO: Run Behavior\ShowPageTraceBehavior [ RunTime:0.000599s ]
INFO: [ app_end ] --END-- [ RunTime:0.000648s ]

[ 2016-10-28T17:39:49+08:00 ] 27.219.162.179 /
INFO: [ app_init ] --START--
INFO: Run Behavior\BuildLiteBehavior [ RunTime:0.000022s ]
INFO: [ app_init ] --END-- [ RunTime:0.000464s ]
INFO: [ app_begin ] --START--
INFO: Run Behavior\ReadHtmlCacheBehavior [ RunTime:0.000830s ]
INFO: [ app_begin ] --END-- [ RunTime:0.000892s ]
NOTIC: [8] Undefined index: nickname /data/home/hyu2409230001/htdocs/App/Home/Controller/BaseController.class.php 第 18 行.

[ 2016-10-28T17:39:49+08:00 ] 27.219.162.179 /?code=041BhjvV0wX6aX1wAgvV0VGivV0BhjvW&state=STATE
INFO: [ app_init ] --START--
INFO: Run Behavior\BuildLiteBehavior [ RunTime:0.000027s ]
INFO: [ app_init ] --END-- [ RunTime:0.000601s ]
INFO: [ app_begin ] --START--
INFO: Run Behavior\ReadHtmlCacheBehavior [ RunTime:0.000944s ]
INFO: [ app_begin ] --END-- [ RunTime:0.001006s ]
SQL: SHOW COLUMNS FROM `tp_member` [ RunTime:0.0017s ]
SQL: SELECT * FROM `tp_member` WHERE `openid` = 'oudL8vj2EYp4fDnR0cTZ0JMRd2Gk' LIMIT 1   [ RunTime:0.0005s ]

[ 2016-10-28T17:39:49+08:00 ] 27.219.162.179 /index.php?s=/Home/member/register.html
INFO: [ app_init ] --START--
INFO: Run Behavior\BuildLiteBehavior [ RunTime:0.000019s ]
INFO: [ app_init ] --END-- [ RunTime:0.000439s ]
INFO: [ app_begin ] --START--
INFO: Run Behavior\ReadHtmlCacheBehavior [ RunTime:0.000695s ]
INFO: [ app_begin ] --END-- [ RunTime:0.000747s ]
SQL: SHOW COLUMNS FROM `tp_member` [ RunTime:0.0023s ]
SQL: SELECT * FROM `tp_member` WHERE `openid` = 'oudL8vj2EYp4fDnR0cTZ0JMRd2Gk' LIMIT 1   [ RunTime:0.0004s ]
SQL: SHOW COLUMNS FROM `tp_weixin_config` [ RunTime:0.0009s ]
SQL: SELECT * FROM `tp_weixin_config` WHERE ( id = 1 ) LIMIT 1   [ RunTime:0.0005s ]
SQL: SHOW COLUMNS FROM `tp_flash` [ RunTime:0.0010s ]
SQL: SELECT * FROM `tp_flash`  [ RunTime:0.0004s ]
INFO: [ view_parse ] --START--
INFO: [ template_filter ] --START--
INFO: Run Behavior\ContentReplaceBehavior [ RunTime:0.000065s ]
INFO: [ template_filter ] --END-- [ RunTime:0.000118s ]
NOTIC: [8] Undefined variable: action /data/home/hyu2409230001/htdocs/App/Runtime/Cache/Home/ffa265b14a0c497cd85b72a2f6dd2e78.php 第 29 行.
NOTIC: [8] Undefined variable: action /data/home/hyu2409230001/htdocs/App/Runtime/Cache/Home/ffa265b14a0c497cd85b72a2f6dd2e78.php 第 37 行.
NOTIC: [8] Undefined variable: photo /data/home/hyu2409230001/htdocs/App/Runtime/Cache/Home/ffa265b14a0c497cd85b72a2f6dd2e78.php 第 464 行.
INFO: Run Behavior\ParseTemplateBehavior [ RunTime:0.014597s ]
INFO: [ view_parse ] --END-- [ RunTime:0.014645s ]
INFO: [ view_filter ] --START--
INFO: Run Behavior\WriteHtmlCacheBehavior [ RunTime:0.000291s ]
INFO: [ view_filter ] --END-- [ RunTime:0.000329s ]
INFO: [ app_end ] --START--
INFO: Run Behavior\ShowPageTraceBehavior [ RunTime:0.000547s ]
INFO: [ app_end ] --END-- [ RunTime:0.000593s ]

[ 2016-10-28T17:39:53+08:00 ] 27.219.162.179 /index.php?s=/Home/index/order.html
INFO: [ app_init ] --START--
INFO: Run Behavior\BuildLiteBehavior [ RunTime:0.000018s ]
INFO: [ app_init ] --END-- [ RunTime:0.000396s ]
INFO: [ app_begin ] --START--
INFO: Run Behavior\ReadHtmlCacheBehavior [ RunTime:0.000641s ]
INFO: [ app_begin ] --END-- [ RunTime:0.000702s ]
SQL: SHOW COLUMNS FROM `tp_member` [ RunTime:0.0017s ]
SQL: SELECT * FROM `tp_member` WHERE `openid` = 'oudL8vj2EYp4fDnR0cTZ0JMRd2Gk' LIMIT 1   [ RunTime:0.0004s ]

[ 2016-10-28T17:39:53+08:00 ] 27.219.162.179 /index.php?s=/Home/member/register.html
INFO: [ app_init ] --START--
INFO: Run Behavior\BuildLiteBehavior [ RunTime:0.000018s ]
INFO: [ app_init ] --END-- [ RunTime:0.000395s ]
INFO: [ app_begin ] --START--
INFO: Run Behavior\ReadHtmlCacheBehavior [ RunTime:0.000632s ]
INFO: [ app_begin ] --END-- [ RunTime:0.000707s ]
SQL: SHOW COLUMNS FROM `tp_member` [ RunTime:0.0017s ]
SQL: SELECT * FROM `tp_member` WHERE `openid` = 'oudL8vj2EYp4fDnR0cTZ0JMRd2Gk' LIMIT 1   [ RunTime:0.0004s ]
SQL: SHOW COLUMNS FROM `tp_weixin_config` [ RunTime:0.0008s ]
SQL: SELECT * FROM `tp_weixin_config` WHERE ( id = 1 ) LIMIT 1   [ RunTime:0.0003s ]
SQL: SHOW COLUMNS FROM `tp_flash` [ RunTime:0.0008s ]
SQL: SELECT * FROM `tp_flash`  [ RunTime:0.0003s ]
INFO: [ view_parse ] --START--
INFO: [ template_filter ] --START--
INFO: Run Behavior\ContentReplaceBehavior [ RunTime:0.000065s ]
INFO: [ template_filter ] --END-- [ RunTime:0.000120s ]
NOTIC: [8] Undefined variable: action /data/home/hyu2409230001/htdocs/App/Runtime/Cache/Home/ffa265b14a0c497cd85b72a2f6dd2e78.php 第 29 行.
NOTIC: [8] Undefined variable: action /data/home/hyu2409230001/htdocs/App/Runtime/Cache/Home/ffa265b14a0c497cd85b72a2f6dd2e78.php 第 37 行.
NOTIC: [8] Undefined variable: photo /data/home/hyu2409230001/htdocs/App/Runtime/Cache/Home/ffa265b14a0c497cd85b72a2f6dd2e78.php 第 464 行.
INFO: Run Behavior\ParseTemplateBehavior [ RunTime:0.013872s ]
INFO: [ view_parse ] --END-- [ RunTime:0.013917s ]
INFO: [ view_filter ] --START--
INFO: Run Behavior\WriteHtmlCacheBehavior [ RunTime:0.000285s ]
INFO: [ view_filter ] --END-- [ RunTime:0.000324s ]
INFO: [ app_end ] --START--
INFO: Run Behavior\ShowPageTraceBehavior [ RunTime:0.000567s ]
INFO: [ app_end ] --END-- [ RunTime:0.000614s ]

[ 2016-10-28T17:39:54+08:00 ] 27.219.162.179 /index.php?s=/Home/index/index.html
INFO: [ app_init ] --START--
INFO: Run Behavior\BuildLiteBehavior [ RunTime:0.000018s ]
INFO: [ app_init ] --END-- [ RunTime:0.000407s ]
INFO: [ app_begin ] --START--
INFO: Run Behavior\ReadHtmlCacheBehavior [ RunTime:0.000678s ]
INFO: [ app_begin ] --END-- [ RunTime:0.000731s ]
SQL: SHOW COLUMNS FROM `tp_member` [ RunTime:0.0014s ]
SQL: SELECT * FROM `tp_member` WHERE `openid` = 'oudL8vj2EYp4fDnR0cTZ0JMRd2Gk' LIMIT 1   [ RunTime:0.0004s ]

[ 2016-10-28T17:39:55+08:00 ] 27.219.162.179 /index.php?s=/Home/member/register.html
INFO: [ app_init ] --START--
INFO: Run Behavior\BuildLiteBehavior [ RunTime:0.000018s ]
INFO: [ app_init ] --END-- [ RunTime:0.000399s ]
INFO: [ app_begin ] --START--
INFO: Run Behavior\ReadHtmlCacheBehavior [ RunTime:0.000627s ]
INFO: [ app_begin ] --END-- [ RunTime:0.000680s ]
SQL: SHOW COLUMNS FROM `tp_member` [ RunTime:0.0018s ]
SQL: SELECT * FROM `tp_member` WHERE `openid` = 'oudL8vj2EYp4fDnR0cTZ0JMRd2Gk' LIMIT 1   [ RunTime:0.0004s ]
SQL: SHOW COLUMNS FROM `tp_weixin_config` [ RunTime:0.0008s ]
SQL: SELECT * FROM `tp_weixin_config` WHERE ( id = 1 ) LIMIT 1   [ RunTime:0.0003s ]
SQL: SHOW COLUMNS FROM `tp_flash` [ RunTime:0.0008s ]
SQL: SELECT * FROM `tp_flash`  [ RunTime:0.0003s ]
INFO: [ view_parse ] --START--
INFO: [ template_filter ] --START--
INFO: Run Behavior\ContentReplaceBehavior [ RunTime:0.000082s ]
INFO: [ template_filter ] --END-- [ RunTime:0.000139s ]
NOTIC: [8] Undefined variable: action /data/home/hyu2409230001/htdocs/App/Runtime/Cache/Home/ffa265b14a0c497cd85b72a2f6dd2e78.php 第 29 行.
NOTIC: [8] Undefined variable: action /data/home/hyu2409230001/htdocs/App/Runtime/Cache/Home/ffa265b14a0c497cd85b72a2f6dd2e78.php 第 37 行.
NOTIC: [8] Undefined variable: photo /data/home/hyu2409230001/htdocs/App/Runtime/Cache/Home/ffa265b14a0c497cd85b72a2f6dd2e78.php 第 464 行.
INFO: Run Behavior\ParseTemplateBehavior [ RunTime:0.013409s ]
INFO: [ view_parse ] --END-- [ RunTime:0.013457s ]
INFO: [ view_filter ] --START--
INFO: Run Behavior\WriteHtmlCacheBehavior [ RunTime:0.000259s ]
INFO: [ view_filter ] --END-- [ RunTime:0.000296s ]
INFO: [ app_end ] --START--
INFO: Run Behavior\ShowPageTraceBehavior [ RunTime:0.000556s ]
INFO: [ app_end ] --END-- [ RunTime:0.000603s ]

[ 2016-10-28T17:39:55+08:00 ] 27.219.162.179 /index.php?s=/Home/index/order.html
INFO: [ app_init ] --START--
INFO: Run Behavior\BuildLiteBehavior [ RunTime:0.000024s ]
INFO: [ app_init ] --END-- [ RunTime:0.000494s ]
INFO: [ app_begin ] --START--
INFO: Run Behavior\ReadHtmlCacheBehavior [ RunTime:0.000657s ]
INFO: [ app_begin ] --END-- [ RunTime:0.000710s ]
SQL: SHOW COLUMNS FROM `tp_member` [ RunTime:0.0018s ]
SQL: SELECT * FROM `tp_member` WHERE `openid` = 'oudL8vj2EYp4fDnR0cTZ0JMRd2Gk' LIMIT 1   [ RunTime:0.0003s ]

[ 2016-10-28T17:39:56+08:00 ] 27.219.162.179 /index.php?s=/Home/member/register.html
INFO: [ app_init ] --START--
INFO: Run Behavior\BuildLiteBehavior [ RunTime:0.000019s ]
INFO: [ app_init ] --END-- [ RunTime:0.000509s ]
INFO: [ app_begin ] --START--
INFO: Run Behavior\ReadHtmlCacheBehavior [ RunTime:0.000667s ]
INFO: [ app_begin ] --END-- [ RunTime:0.000719s ]
SQL: SHOW COLUMNS FROM `tp_member` [ RunTime:0.0015s ]
SQL: SELECT * FROM `tp_member` WHERE `openid` = 'oudL8vj2EYp4fDnR0cTZ0JMRd2Gk' LIMIT 1   [ RunTime:0.0004s ]
SQL: SHOW COLUMNS FROM `tp_weixin_config` [ RunTime:0.0007s ]
SQL: SELECT * FROM `tp_weixin_config` WHERE ( id = 1 ) LIMIT 1   [ RunTime:0.0003s ]
SQL: SHOW COLUMNS FROM `tp_flash` [ RunTime:0.0007s ]
SQL: SELECT * FROM `tp_flash`  [ RunTime:0.0003s ]
INFO: [ view_parse ] --START--
INFO: [ template_filter ] --START--
INFO: Run Behavior\ContentReplaceBehavior [ RunTime:0.000064s ]
INFO: [ template_filter ] --END-- [ RunTime:0.000119s ]
NOTIC: [8] Undefined variable: action /data/home/hyu2409230001/htdocs/App/Runtime/Cache/Home/ffa265b14a0c497cd85b72a2f6dd2e78.php 第 29 行.
NOTIC: [8] Undefined variable: action /data/home/hyu2409230001/htdocs/App/Runtime/Cache/Home/ffa265b14a0c497cd85b72a2f6dd2e78.php 第 37 行.
NOTIC: [8] Undefined variable: photo /data/home/hyu2409230001/htdocs/App/Runtime/Cache/Home/ffa265b14a0c497cd85b72a2f6dd2e78.php 第 464 行.
INFO: Run Behavior\ParseTemplateBehavior [ RunTime:0.013388s ]
INFO: [ view_parse ] --END-- [ RunTime:0.013434s ]
INFO: [ view_filter ] --START--
INFO: Run Behavior\WriteHtmlCacheBehavior [ RunTime:0.000295s ]
INFO: [ view_filter ] --END-- [ RunTime:0.000330s ]
INFO: [ app_end ] --START--
INFO: Run Behavior\ShowPageTraceBehavior [ RunTime:0.000831s ]
INFO: [ app_end ] --END-- [ RunTime:0.000879s ]

[ 2016-10-28T17:40:00+08:00 ] 27.219.162.179 /index.php?s=/Home/member/register.html
INFO: [ app_init ] --START--
INFO: Run Behavior\BuildLiteBehavior [ RunTime:0.000021s ]
INFO: [ app_init ] --END-- [ RunTime:0.000427s ]
INFO: [ app_begin ] --START--
INFO: Run Behavior\ReadHtmlCacheBehavior [ RunTime:0.000671s ]
INFO: [ app_begin ] --END-- [ RunTime:0.000727s ]
SQL: SHOW COLUMNS FROM `tp_member` [ RunTime:0.0014s ]
SQL: SELECT * FROM `tp_member` WHERE `openid` = 'oudL8vj2EYp4fDnR0cTZ0JMRd2Gk' LIMIT 1   [ RunTime:0.0005s ]
SQL: SHOW COLUMNS FROM `tp_weixin_config` [ RunTime:0.0006s ]
SQL: SELECT * FROM `tp_weixin_config` WHERE ( id = 1 ) LIMIT 1   [ RunTime:0.0003s ]
SQL: SHOW COLUMNS FROM `tp_flash` [ RunTime:0.0006s ]
SQL: SELECT * FROM `tp_flash`  [ RunTime:0.0004s ]
INFO: [ view_parse ] --START--
INFO: [ template_filter ] --START--
INFO: Run Behavior\ContentReplaceBehavior [ RunTime:0.000069s ]
INFO: [ template_filter ] --END-- [ RunTime:0.000143s ]
NOTIC: [8] Undefined variable: action /data/home/hyu2409230001/htdocs/App/Runtime/Cache/Home/ffa265b14a0c497cd85b72a2f6dd2e78.php 第 29 行.
NOTIC: [8] Undefined variable: action /data/home/hyu2409230001/htdocs/App/Runtime/Cache/Home/ffa265b14a0c497cd85b72a2f6dd2e78.php 第 37 行.
NOTIC: [8] Undefined variable: photo /data/home/hyu2409230001/htdocs/App/Runtime/Cache/Home/ffa265b14a0c497cd85b72a2f6dd2e78.php 第 464 行.
INFO: Run Behavior\ParseTemplateBehavior [ RunTime:0.014524s ]
INFO: [ view_parse ] --END-- [ RunTime:0.014596s ]
INFO: [ view_filter ] --START--
INFO: Run Behavior\WriteHtmlCacheBehavior [ RunTime:0.000314s ]
INFO: [ view_filter ] --END-- [ RunTime:0.000354s ]
INFO: [ app_end ] --START--
INFO: Run Behavior\ShowPageTraceBehavior [ RunTime:0.000653s ]
INFO: [ app_end ] --END-- [ RunTime:0.000702s ]

[ 2016-10-28T17:40:02+08:00 ] 27.219.162.179 /index.php?s=/Home/index/order.html
INFO: [ app_init ] --START--
INFO: Run Behavior\BuildLiteBehavior [ RunTime:0.000020s ]
INFO: [ app_init ] --END-- [ RunTime:0.000417s ]
INFO: [ app_begin ] --START--
INFO: Run Behavior\ReadHtmlCacheBehavior [ RunTime:0.000673s ]
INFO: [ app_begin ] --END-- [ RunTime:0.000726s ]
SQL: SHOW COLUMNS FROM `tp_member` [ RunTime:0.0014s ]
SQL: SELECT * FROM `tp_member` WHERE `openid` = 'oudL8vj2EYp4fDnR0cTZ0JMRd2Gk' LIMIT 1   [ RunTime:0.0004s ]

[ 2016-10-28T17:40:02+08:00 ] 27.219.162.179 /index.php?s=/Home/member/register.html
INFO: [ app_init ] --START--
INFO: Run Behavior\BuildLiteBehavior [ RunTime:0.000019s ]
INFO: [ app_init ] --END-- [ RunTime:0.000456s ]
INFO: [ app_begin ] --START--
INFO: Run Behavior\ReadHtmlCacheBehavior [ RunTime:0.000766s ]
INFO: [ app_begin ] --END-- [ RunTime:0.000826s ]
SQL: SHOW COLUMNS FROM `tp_member` [ RunTime:0.0017s ]
SQL: SELECT * FROM `tp_member` WHERE `openid` = 'oudL8vj2EYp4fDnR0cTZ0JMRd2Gk' LIMIT 1   [ RunTime:0.0004s ]
SQL: SHOW COLUMNS FROM `tp_weixin_config` [ RunTime:0.0007s ]
SQL: SELECT * FROM `tp_weixin_config` WHERE ( id = 1 ) LIMIT 1   [ RunTime:0.0003s ]
SQL: SHOW COLUMNS FROM `tp_flash` [ RunTime:0.0007s ]
SQL: SELECT * FROM `tp_flash`  [ RunTime:0.0016s ]
INFO: [ view_parse ] --START--
INFO: [ template_filter ] --START--
INFO: Run Behavior\ContentReplaceBehavior [ RunTime:0.000082s ]
INFO: [ template_filter ] --END-- [ RunTime:0.000137s ]
NOTIC: [8] Undefined variable: action /data/home/hyu2409230001/htdocs/App/Runtime/Cache/Home/ffa265b14a0c497cd85b72a2f6dd2e78.php 第 29 行.
NOTIC: [8] Undefined variable: action /data/home/hyu2409230001/htdocs/App/Runtime/Cache/Home/ffa265b14a0c497cd85b72a2f6dd2e78.php 第 37 行.
NOTIC: [8] Undefined variable: photo /data/home/hyu2409230001/htdocs/App/Runtime/Cache/Home/ffa265b14a0c497cd85b72a2f6dd2e78.php 第 464 行.
INFO: Run Behavior\ParseTemplateBehavior [ RunTime:0.013873s ]
INFO: [ view_parse ] --END-- [ RunTime:0.013919s ]
INFO: [ view_filter ] --START--
INFO: Run Behavior\WriteHtmlCacheBehavior [ RunTime:0.000268s ]
INFO: [ view_filter ] --END-- [ RunTime:0.000305s ]
INFO: [ app_end ] --START--
INFO: Run Behavior\ShowPageTraceBehavior [ RunTime:0.000571s ]
INFO: [ app_end ] --END-- [ RunTime:0.000619s ]

[ 2016-10-28T17:40:10+08:00 ] 180.153.206.22 /index.php?s=/Home/index/order.html
INFO: [ app_init ] --START--
INFO: Run Behavior\BuildLiteBehavior [ RunTime:0.000019s ]
INFO: [ app_init ] --END-- [ RunTime:0.000407s ]
INFO: [ app_begin ] --START--
INFO: Run Behavior\ReadHtmlCacheBehavior [ RunTime:0.000661s ]
INFO: [ app_begin ] --END-- [ RunTime:0.000714s ]
NOTIC: [8] Undefined index: nickname /data/home/hyu2409230001/htdocs/App/Home/Controller/BaseController.class.php 第 18 行.

[ 2016-10-28T17:40:12+08:00 ] 180.153.81.203 /index.php?s=/Home/index/index.html
INFO: [ app_init ] --START--
INFO: Run Behavior\BuildLiteBehavior [ RunTime:0.000019s ]
INFO: [ app_init ] --END-- [ RunTime:0.000401s ]
INFO: [ app_begin ] --START--
INFO: Run Behavior\ReadHtmlCacheBehavior [ RunTime:0.000626s ]
INFO: [ app_begin ] --END-- [ RunTime:0.000703s ]
NOTIC: [8] Undefined index: nickname /data/home/hyu2409230001/htdocs/App/Home/Controller/BaseController.class.php 第 18 行.

