[ 2016-11-07T06:45:50+08:00 ] 42.156.251.185 /
INFO: [ app_init ] --START--
INFO: Run Behavior\BuildLiteBehavior [ RunTime:0.000019s ]
INFO: [ app_init ] --END-- [ RunTime:0.000422s ]
INFO: [ app_begin ] --START--
INFO: Run Behavior\ReadHtmlCacheBehavior [ RunTime:0.000735s ]
INFO: [ app_begin ] --END-- [ RunTime:0.000788s ]
NOTIC: [8] Undefined index: nickname /data/home/hyu2409230001/htdocs/App/Home/Controller/BaseController.class.php 第 19 行.

[ 2016-11-07T13:04:16+08:00 ] 101.226.125.18 /
INFO: [ app_init ] --START--
INFO: Run Behavior\BuildLiteBehavior [ RunTime:0.000019s ]
INFO: [ app_init ] --END-- [ RunTime:0.000448s ]
INFO: [ app_begin ] --START--
INFO: Run Behavior\ReadHtmlCacheBehavior [ RunTime:0.000669s ]
INFO: [ app_begin ] --END-- [ RunTime:0.000723s ]
NOTIC: [8] Undefined index: nickname /data/home/hyu2409230001/htdocs/App/Home/Controller/BaseController.class.php 第 19 行.

[ 2016-11-07T13:04:17+08:00 ] 101.226.125.18 /?code=001XTDQf2T13ND09toRf2xQGQf2XTDQ2&state=STATE
INFO: [ app_init ] --START--
INFO: Run Behavior\BuildLiteBehavior [ RunTime:0.000024s ]
INFO: [ app_init ] --END-- [ RunTime:0.000466s ]
INFO: [ app_begin ] --START--
INFO: Run Behavior\ReadHtmlCacheBehavior [ RunTime:0.000658s ]
INFO: [ app_begin ] --END-- [ RunTime:0.000711s ]
SQL: SHOW COLUMNS FROM `tp_member` [ RunTime:0.0027s ]
SQL: SELECT * FROM `tp_member` WHERE `openid` = 'oudL8vvH15YspV2kx9_R0WpauxJ8' LIMIT 1   [ RunTime:0.0007s ]
SQL: SELECT * FROM `tp_member` WHERE `id` = 24 LIMIT 1   [ RunTime:0.0006s ]
SQL: SHOW COLUMNS FROM `tp_flash` [ RunTime:0.0018s ]
SQL: SELECT * FROM `tp_flash`  [ RunTime:0.0005s ]
SQL: SHOW COLUMNS FROM `tp_package` [ RunTime:0.0011s ]
SQL: SELECT * FROM `tp_package` WHERE `id` = 0 LIMIT 1   [ RunTime:0.0005s ]
INFO: [ view_parse ] --START--
INFO: [ template_filter ] --START--
INFO: Run Behavior\ContentReplaceBehavior [ RunTime:0.000051s ]
INFO: [ template_filter ] --END-- [ RunTime:0.000131s ]
NOTIC: [8] Undefined variable: action /data/home/hyu2409230001/htdocs/App/Runtime/Cache/Home/00e52909bed743ea261af4b6823297ff.php 第 25 行.
NOTIC: [8] Undefined variable: action /data/home/hyu2409230001/htdocs/App/Runtime/Cache/Home/00e52909bed743ea261af4b6823297ff.php 第 29 行.
NOTIC: [8] Undefined variable: action /data/home/hyu2409230001/htdocs/App/Runtime/Cache/Home/00e52909bed743ea261af4b6823297ff.php 第 34 行.
INFO: Run Behavior\ParseTemplateBehavior [ RunTime:0.030721s ]
INFO: [ view_parse ] --END-- [ RunTime:0.030792s ]
INFO: [ view_filter ] --START--
INFO: Run Behavior\WriteHtmlCacheBehavior [ RunTime:0.000335s ]
INFO: [ view_filter ] --END-- [ RunTime:0.000377s ]
INFO: [ app_end ] --START--
INFO: Run Behavior\ShowPageTraceBehavior [ RunTime:0.000640s ]
INFO: [ app_end ] --END-- [ RunTime:0.000691s ]

[ 2016-11-07T13:04:26+08:00 ] 140.207.185.112 /
INFO: [ app_init ] --START--
INFO: Run Behavior\BuildLiteBehavior [ RunTime:0.000020s ]
INFO: [ app_init ] --END-- [ RunTime:0.000440s ]
INFO: [ app_begin ] --START--
INFO: Run Behavior\ReadHtmlCacheBehavior [ RunTime:0.000670s ]
INFO: [ app_begin ] --END-- [ RunTime:0.000723s ]
NOTIC: [8] Undefined index: nickname /data/home/hyu2409230001/htdocs/App/Home/Controller/BaseController.class.php 第 19 行.

[ 2016-11-07T20:23:24+08:00 ] 101.226.125.119 /
INFO: [ app_init ] --START--
INFO: Run Behavior\BuildLiteBehavior [ RunTime:0.000018s ]
INFO: [ app_init ] --END-- [ RunTime:0.000446s ]
INFO: [ app_begin ] --START--
INFO: Run Behavior\ReadHtmlCacheBehavior [ RunTime:0.000641s ]
INFO: [ app_begin ] --END-- [ RunTime:0.000716s ]
NOTIC: [8] Undefined index: nickname /data/home/hyu2409230001/htdocs/App/Home/Controller/BaseController.class.php 第 19 行.

[ 2016-11-07T20:23:24+08:00 ] 112.254.78.237 /
INFO: [ app_init ] --START--
INFO: Run Behavior\BuildLiteBehavior [ RunTime:0.000018s ]
INFO: [ app_init ] --END-- [ RunTime:0.000407s ]
INFO: [ app_begin ] --START--
INFO: Run Behavior\ReadHtmlCacheBehavior [ RunTime:0.000670s ]
INFO: [ app_begin ] --END-- [ RunTime:0.000721s ]
NOTIC: [8] Undefined index: nickname /data/home/hyu2409230001/htdocs/App/Home/Controller/BaseController.class.php 第 19 行.

[ 2016-11-07T20:23:24+08:00 ] 101.226.125.119 /?code=0016CxQf1iqzzw0XQ7Rf1JHzQf16CxQB&state=STATE
INFO: [ app_init ] --START--
INFO: Run Behavior\BuildLiteBehavior [ RunTime:0.000018s ]
INFO: [ app_init ] --END-- [ RunTime:0.000430s ]
INFO: [ app_begin ] --START--
INFO: Run Behavior\ReadHtmlCacheBehavior [ RunTime:0.000808s ]
INFO: [ app_begin ] --END-- [ RunTime:0.000861s ]
SQL: SHOW COLUMNS FROM `tp_member` [ RunTime:0.0018s ]
SQL: SELECT * FROM `tp_member` WHERE `openid` = 'oudL8vsr83bRqWhdAHOzHt4vZmaI' LIMIT 1   [ RunTime:0.0006s ]

[ 2016-11-07T20:23:25+08:00 ] 101.226.125.119 /index.php?s=/Home/member/register.html
INFO: [ app_init ] --START--
INFO: Run Behavior\BuildLiteBehavior [ RunTime:0.000018s ]
INFO: [ app_init ] --END-- [ RunTime:0.000470s ]
INFO: [ app_begin ] --START--
INFO: Run Behavior\ReadHtmlCacheBehavior [ RunTime:0.000692s ]
INFO: [ app_begin ] --END-- [ RunTime:0.000746s ]
SQL: SHOW COLUMNS FROM `tp_member` [ RunTime:0.0079s ]
SQL: SELECT * FROM `tp_member` WHERE `openid` = 'oudL8vsr83bRqWhdAHOzHt4vZmaI' LIMIT 1   [ RunTime:0.0006s ]
SQL: SHOW COLUMNS FROM `tp_weixin_config` [ RunTime:0.0013s ]
SQL: SELECT * FROM `tp_weixin_config` WHERE ( id = 1 ) LIMIT 1   [ RunTime:0.0006s ]
SQL: SHOW COLUMNS FROM `tp_flash` [ RunTime:0.0015s ]
SQL: SELECT * FROM `tp_flash`  [ RunTime:0.0004s ]
SQL: SHOW COLUMNS FROM `tp_clist` [ RunTime:0.0008s ]
SQL: SELECT * FROM `tp_clist` WHERE ( id = 1 ) LIMIT 1   [ RunTime:0.0004s ]
INFO: [ view_parse ] --START--
INFO: [ template_filter ] --START--
INFO: Run Behavior\ContentReplaceBehavior [ RunTime:0.000076s ]
INFO: [ template_filter ] --END-- [ RunTime:0.000148s ]
NOTIC: [8] Undefined variable: action /data/home/hyu2409230001/htdocs/App/Runtime/Cache/Home/ffa265b14a0c497cd85b72a2f6dd2e78.php 第 30 行.
NOTIC: [8] Undefined variable: action /data/home/hyu2409230001/htdocs/App/Runtime/Cache/Home/ffa265b14a0c497cd85b72a2f6dd2e78.php 第 34 行.
NOTIC: [8] Undefined variable: action /data/home/hyu2409230001/htdocs/App/Runtime/Cache/Home/ffa265b14a0c497cd85b72a2f6dd2e78.php 第 39 行.
NOTIC: [8] Undefined variable: photo /data/home/hyu2409230001/htdocs/App/Runtime/Cache/Home/ffa265b14a0c497cd85b72a2f6dd2e78.php 第 488 行.
INFO: Run Behavior\ParseTemplateBehavior [ RunTime:0.014938s ]
INFO: [ view_parse ] --END-- [ RunTime:0.014992s ]
INFO: [ view_filter ] --START--
INFO: Run Behavior\WriteHtmlCacheBehavior [ RunTime:0.000342s ]
INFO: [ view_filter ] --END-- [ RunTime:0.000382s ]
INFO: [ app_end ] --START--
INFO: Run Behavior\ShowPageTraceBehavior [ RunTime:0.000742s ]
INFO: [ app_end ] --END-- [ RunTime:0.000834s ]

[ 2016-11-07T20:23:40+08:00 ] 101.226.33.218 /index.php?s=/Home/member/register.html
INFO: [ app_init ] --START--
INFO: Run Behavior\BuildLiteBehavior [ RunTime:0.000018s ]
INFO: [ app_init ] --END-- [ RunTime:0.000409s ]
INFO: [ app_begin ] --START--
INFO: Run Behavior\ReadHtmlCacheBehavior [ RunTime:0.000663s ]
INFO: [ app_begin ] --END-- [ RunTime:0.000715s ]

[ 2016-11-07T20:23:40+08:00 ] 101.226.33.218 /index.php?s=/Home/Index/index.html
INFO: [ app_init ] --START--
INFO: Run Behavior\BuildLiteBehavior [ RunTime:0.000022s ]
INFO: [ app_init ] --END-- [ RunTime:0.000453s ]
INFO: [ app_begin ] --START--
INFO: Run Behavior\ReadHtmlCacheBehavior [ RunTime:0.000736s ]
INFO: [ app_begin ] --END-- [ RunTime:0.000790s ]
NOTIC: [8] Undefined index: nickname /data/home/hyu2409230001/htdocs/App/Home/Controller/BaseController.class.php 第 19 行.

[ 2016-11-07T20:23:42+08:00 ] 101.226.125.119 /index.php?s=/Home/index/goods.html
INFO: [ app_init ] --START--
INFO: Run Behavior\BuildLiteBehavior [ RunTime:0.000021s ]
INFO: [ app_init ] --END-- [ RunTime:0.000520s ]
INFO: [ app_begin ] --START--
INFO: Run Behavior\ReadHtmlCacheBehavior [ RunTime:0.000704s ]
INFO: [ app_begin ] --END-- [ RunTime:0.000762s ]
SQL: SHOW COLUMNS FROM `tp_member` [ RunTime:0.0019s ]
SQL: SELECT * FROM `tp_member` WHERE `openid` = 'oudL8vsr83bRqWhdAHOzHt4vZmaI' LIMIT 1   [ RunTime:0.0004s ]

[ 2016-11-07T20:23:42+08:00 ] 117.144.246.146 /index.php?s=/Home/member/register.html
INFO: [ app_init ] --START--
INFO: Run Behavior\BuildLiteBehavior [ RunTime:0.000018s ]
INFO: [ app_init ] --END-- [ RunTime:0.000433s ]
INFO: [ app_begin ] --START--
INFO: Run Behavior\ReadHtmlCacheBehavior [ RunTime:0.000683s ]
INFO: [ app_begin ] --END-- [ RunTime:0.000735s ]
SQL: SHOW COLUMNS FROM `tp_member` [ RunTime:0.0065s ]
SQL: SELECT * FROM `tp_member` WHERE `openid` = 'oudL8vsr83bRqWhdAHOzHt4vZmaI' LIMIT 1   [ RunTime:0.0004s ]
SQL: SHOW COLUMNS FROM `tp_weixin_config` [ RunTime:0.0009s ]
SQL: SELECT * FROM `tp_weixin_config` WHERE ( id = 1 ) LIMIT 1   [ RunTime:0.0003s ]
SQL: SHOW COLUMNS FROM `tp_flash` [ RunTime:0.0006s ]
SQL: SELECT * FROM `tp_flash`  [ RunTime:0.0003s ]
SQL: SHOW COLUMNS FROM `tp_clist` [ RunTime:0.0006s ]
SQL: SELECT * FROM `tp_clist` WHERE ( id = 1 ) LIMIT 1   [ RunTime:0.0003s ]
INFO: [ view_parse ] --START--
INFO: [ template_filter ] --START--
INFO: Run Behavior\ContentReplaceBehavior [ RunTime:0.000078s ]
INFO: [ template_filter ] --END-- [ RunTime:0.000148s ]
NOTIC: [8] Undefined variable: action /data/home/hyu2409230001/htdocs/App/Runtime/Cache/Home/ffa265b14a0c497cd85b72a2f6dd2e78.php 第 30 行.
NOTIC: [8] Undefined variable: action /data/home/hyu2409230001/htdocs/App/Runtime/Cache/Home/ffa265b14a0c497cd85b72a2f6dd2e78.php 第 34 行.
NOTIC: [8] Undefined variable: action /data/home/hyu2409230001/htdocs/App/Runtime/Cache/Home/ffa265b14a0c497cd85b72a2f6dd2e78.php 第 39 行.
NOTIC: [8] Undefined variable: photo /data/home/hyu2409230001/htdocs/App/Runtime/Cache/Home/ffa265b14a0c497cd85b72a2f6dd2e78.php 第 488 行.
INFO: Run Behavior\ParseTemplateBehavior [ RunTime:0.015696s ]
INFO: [ view_parse ] --END-- [ RunTime:0.015750s ]
INFO: [ view_filter ] --START--
INFO: Run Behavior\WriteHtmlCacheBehavior [ RunTime:0.000344s ]
INFO: [ view_filter ] --END-- [ RunTime:0.000384s ]
INFO: [ app_end ] --START--
INFO: Run Behavior\ShowPageTraceBehavior [ RunTime:0.000652s ]
INFO: [ app_end ] --END-- [ RunTime:0.000698s ]

[ 2016-11-07T20:23:52+08:00 ] 101.226.125.119 /index.php?s=/Home/index/info.html
INFO: [ app_init ] --START--
INFO: Run Behavior\BuildLiteBehavior [ RunTime:0.000026s ]
INFO: [ app_init ] --END-- [ RunTime:0.000454s ]
INFO: [ app_begin ] --START--
INFO: Run Behavior\ReadHtmlCacheBehavior [ RunTime:0.000740s ]
INFO: [ app_begin ] --END-- [ RunTime:0.000817s ]
SQL: SHOW COLUMNS FROM `tp_member` [ RunTime:0.0015s ]
SQL: SELECT * FROM `tp_member` WHERE `openid` = 'oudL8vsr83bRqWhdAHOzHt4vZmaI' LIMIT 1   [ RunTime:0.0004s ]

[ 2016-11-07T20:23:53+08:00 ] 140.207.185.123 /
INFO: [ app_init ] --START--
INFO: Run Behavior\BuildLiteBehavior [ RunTime:0.000017s ]
INFO: [ app_init ] --END-- [ RunTime:0.000401s ]
INFO: [ app_begin ] --START--
INFO: Run Behavior\ReadHtmlCacheBehavior [ RunTime:0.000682s ]
INFO: [ app_begin ] --END-- [ RunTime:0.000737s ]
NOTIC: [8] Undefined index: nickname /data/home/hyu2409230001/htdocs/App/Home/Controller/BaseController.class.php 第 19 行.

[ 2016-11-07T20:23:53+08:00 ] 117.144.246.146 /index.php?s=/Home/member/register.html
INFO: [ app_init ] --START--
INFO: Run Behavior\BuildLiteBehavior [ RunTime:0.000020s ]
INFO: [ app_init ] --END-- [ RunTime:0.000453s ]
INFO: [ app_begin ] --START--
INFO: Run Behavior\ReadHtmlCacheBehavior [ RunTime:0.000685s ]
INFO: [ app_begin ] --END-- [ RunTime:0.000741s ]
SQL: SHOW COLUMNS FROM `tp_member` [ RunTime:0.0015s ]
SQL: SELECT * FROM `tp_member` WHERE `openid` = 'oudL8vsr83bRqWhdAHOzHt4vZmaI' LIMIT 1   [ RunTime:0.0004s ]
SQL: SHOW COLUMNS FROM `tp_weixin_config` [ RunTime:0.0006s ]
SQL: SELECT * FROM `tp_weixin_config` WHERE ( id = 1 ) LIMIT 1   [ RunTime:0.0003s ]
SQL: SHOW COLUMNS FROM `tp_flash` [ RunTime:0.0006s ]
SQL: SELECT * FROM `tp_flash`  [ RunTime:0.0003s ]
SQL: SHOW COLUMNS FROM `tp_clist` [ RunTime:0.0006s ]
SQL: SELECT * FROM `tp_clist` WHERE ( id = 1 ) LIMIT 1   [ RunTime:0.0003s ]
INFO: [ view_parse ] --START--
INFO: [ template_filter ] --START--
INFO: Run Behavior\ContentReplaceBehavior [ RunTime:0.000070s ]
INFO: [ template_filter ] --END-- [ RunTime:0.000125s ]
NOTIC: [8] Undefined variable: action /data/home/hyu2409230001/htdocs/App/Runtime/Cache/Home/ffa265b14a0c497cd85b72a2f6dd2e78.php 第 30 行.
NOTIC: [8] Undefined variable: action /data/home/hyu2409230001/htdocs/App/Runtime/Cache/Home/ffa265b14a0c497cd85b72a2f6dd2e78.php 第 34 行.
NOTIC: [8] Undefined variable: action /data/home/hyu2409230001/htdocs/App/Runtime/Cache/Home/ffa265b14a0c497cd85b72a2f6dd2e78.php 第 39 行.
NOTIC: [8] Undefined variable: photo /data/home/hyu2409230001/htdocs/App/Runtime/Cache/Home/ffa265b14a0c497cd85b72a2f6dd2e78.php 第 488 行.
INFO: Run Behavior\ParseTemplateBehavior [ RunTime:0.014286s ]
INFO: [ view_parse ] --END-- [ RunTime:0.014340s ]
INFO: [ view_filter ] --START--
INFO: Run Behavior\WriteHtmlCacheBehavior [ RunTime:0.000290s ]
INFO: [ view_filter ] --END-- [ RunTime:0.000327s ]
INFO: [ app_end ] --START--
INFO: Run Behavior\ShowPageTraceBehavior [ RunTime:0.000607s ]
INFO: [ app_end ] --END-- [ RunTime:0.000653s ]

[ 2016-11-07T20:23:56+08:00 ] 101.226.125.119 /index.php?s=/Home/index/order.html
INFO: [ app_init ] --START--
INFO: Run Behavior\BuildLiteBehavior [ RunTime:0.000018s ]
INFO: [ app_init ] --END-- [ RunTime:0.000403s ]
INFO: [ app_begin ] --START--
INFO: Run Behavior\ReadHtmlCacheBehavior [ RunTime:0.000636s ]
INFO: [ app_begin ] --END-- [ RunTime:0.000690s ]
SQL: SHOW COLUMNS FROM `tp_member` [ RunTime:0.0014s ]
SQL: SELECT * FROM `tp_member` WHERE `openid` = 'oudL8vsr83bRqWhdAHOzHt4vZmaI' LIMIT 1   [ RunTime:0.0004s ]

[ 2016-11-07T20:23:56+08:00 ] 101.226.125.119 /index.php?s=/Home/member/register.html
INFO: [ app_init ] --START--
INFO: Run Behavior\BuildLiteBehavior [ RunTime:0.000019s ]
INFO: [ app_init ] --END-- [ RunTime:0.000448s ]
INFO: [ app_begin ] --START--
INFO: Run Behavior\ReadHtmlCacheBehavior [ RunTime:0.000722s ]
INFO: [ app_begin ] --END-- [ RunTime:0.000780s ]
SQL: SHOW COLUMNS FROM `tp_member` [ RunTime:0.0018s ]
SQL: SELECT * FROM `tp_member` WHERE `openid` = 'oudL8vsr83bRqWhdAHOzHt4vZmaI' LIMIT 1   [ RunTime:0.0004s ]
SQL: SHOW COLUMNS FROM `tp_weixin_config` [ RunTime:0.0008s ]
SQL: SELECT * FROM `tp_weixin_config` WHERE ( id = 1 ) LIMIT 1   [ RunTime:0.0003s ]
SQL: SHOW COLUMNS FROM `tp_flash` [ RunTime:0.0008s ]
SQL: SELECT * FROM `tp_flash`  [ RunTime:0.0003s ]
SQL: SHOW COLUMNS FROM `tp_clist` [ RunTime:0.0007s ]
SQL: SELECT * FROM `tp_clist` WHERE ( id = 1 ) LIMIT 1   [ RunTime:0.0003s ]
INFO: [ view_parse ] --START--
INFO: [ template_filter ] --START--
INFO: Run Behavior\ContentReplaceBehavior [ RunTime:0.000078s ]
INFO: [ template_filter ] --END-- [ RunTime:0.000132s ]
NOTIC: [8] Undefined variable: action /data/home/hyu2409230001/htdocs/App/Runtime/Cache/Home/ffa265b14a0c497cd85b72a2f6dd2e78.php 第 30 行.
NOTIC: [8] Undefined variable: action /data/home/hyu2409230001/htdocs/App/Runtime/Cache/Home/ffa265b14a0c497cd85b72a2f6dd2e78.php 第 34 行.
NOTIC: [8] Undefined variable: action /data/home/hyu2409230001/htdocs/App/Runtime/Cache/Home/ffa265b14a0c497cd85b72a2f6dd2e78.php 第 39 行.
NOTIC: [8] Undefined variable: photo /data/home/hyu2409230001/htdocs/App/Runtime/Cache/Home/ffa265b14a0c497cd85b72a2f6dd2e78.php 第 488 行.
INFO: Run Behavior\ParseTemplateBehavior [ RunTime:0.014508s ]
INFO: [ view_parse ] --END-- [ RunTime:0.014555s ]
INFO: [ view_filter ] --START--
INFO: Run Behavior\WriteHtmlCacheBehavior [ RunTime:0.000288s ]
INFO: [ view_filter ] --END-- [ RunTime:0.000325s ]
INFO: [ app_end ] --START--
INFO: Run Behavior\ShowPageTraceBehavior [ RunTime:0.000641s ]
INFO: [ app_end ] --END-- [ RunTime:0.000689s ]

[ 2016-11-07T20:24:08+08:00 ] 180.163.1.46 /index.php?s=/Home/index/info.html
INFO: [ app_init ] --START--
INFO: Run Behavior\BuildLiteBehavior [ RunTime:0.000022s ]
INFO: [ app_init ] --END-- [ RunTime:0.000455s ]
INFO: [ app_begin ] --START--
INFO: Run Behavior\ReadHtmlCacheBehavior [ RunTime:0.000772s ]
INFO: [ app_begin ] --END-- [ RunTime:0.000839s ]
NOTIC: [8] Undefined index: nickname /data/home/hyu2409230001/htdocs/App/Home/Controller/BaseController.class.php 第 19 行.

[ 2016-11-07T20:24:13+08:00 ] 101.226.66.172 /index.php?s=/Home/index/order.html
INFO: [ app_init ] --START--
INFO: Run Behavior\BuildLiteBehavior [ RunTime:0.000018s ]
INFO: [ app_init ] --END-- [ RunTime:0.000423s ]
INFO: [ app_begin ] --START--
INFO: Run Behavior\ReadHtmlCacheBehavior [ RunTime:0.000677s ]
INFO: [ app_begin ] --END-- [ RunTime:0.000729s ]
NOTIC: [8] Undefined index: nickname /data/home/hyu2409230001/htdocs/App/Home/Controller/BaseController.class.php 第 19 行.

[ 2016-11-07T20:30:43+08:00 ] 119.147.146.73 /index.php?s=/Home/index/info.html
INFO: [ app_init ] --START--
INFO: Run Behavior\BuildLiteBehavior [ RunTime:0.000018s ]
INFO: [ app_init ] --END-- [ RunTime:0.000432s ]
INFO: [ app_begin ] --START--
INFO: Run Behavior\ReadHtmlCacheBehavior [ RunTime:0.000672s ]
INFO: [ app_begin ] --END-- [ RunTime:0.000725s ]
NOTIC: [8] Undefined index: nickname /data/home/hyu2409230001/htdocs/App/Home/Controller/BaseController.class.php 第 19 行.

