[ 2016-11-04T00:43:12+08:00 ] 121.42.0.38 /
INFO: [ app_init ] --START--
INFO: Run Behavior\BuildLiteBehavior [ RunTime:0.000019s ]
INFO: [ app_init ] --END-- [ RunTime:0.000442s ]
INFO: [ app_begin ] --START--
INFO: Run Behavior\ReadHtmlCacheBehavior [ RunTime:0.000688s ]
INFO: [ app_begin ] --END-- [ RunTime:0.000741s ]
NOTIC: [8] Undefined index: nickname /data/home/hyu2409230001/htdocs/App/Home/Controller/BaseController.class.php 第 19 行.

[ 2016-11-04T00:43:58+08:00 ] 121.42.0.38 /extensions/kindeditor/themes/default/default.png)
INFO: [ app_init ] --START--
INFO: Run Behavior\BuildLiteBehavior [ RunTime:0.000074s ]
INFO: [ app_init ] --END-- [ RunTime:0.000508s ]
NOTIC: [2] preg_replace(): Compilation failed: unmatched parentheses at offset 5 /data/home/hyu2409230001/htdocs/ThinkPHP/Library/Think/Dispatcher.class.php 第 127 行.
NOTIC: [2] preg_replace(): Compilation failed: unmatched parentheses at offset 5 /data/home/hyu2409230001/htdocs/ThinkPHP/Library/Think/Route.class.php 第 20 行.
INFO: [ app_begin ] --START--
INFO: Run Behavior\ReadHtmlCacheBehavior [ RunTime:0.000789s ]
INFO: [ app_begin ] --END-- [ RunTime:0.000852s ]
ERR: 无法加载控制器:Kindeditor

[ 2016-11-04T05:01:05+08:00 ] 140.207.54.144 /
INFO: [ app_init ] --START--
INFO: Run Behavior\BuildLiteBehavior [ RunTime:0.000018s ]
INFO: [ app_init ] --END-- [ RunTime:0.000429s ]
INFO: [ app_begin ] --START--
INFO: Run Behavior\ReadHtmlCacheBehavior [ RunTime:0.000660s ]
INFO: [ app_begin ] --END-- [ RunTime:0.000757s ]
NOTIC: [8] Undefined index: nickname /data/home/hyu2409230001/htdocs/App/Home/Controller/BaseController.class.php 第 19 行.

[ 2016-11-04T05:01:15+08:00 ] 112.254.73.205 /
INFO: [ app_init ] --START--
INFO: Run Behavior\BuildLiteBehavior [ RunTime:0.000017s ]
INFO: [ app_init ] --END-- [ RunTime:0.000404s ]
INFO: [ app_begin ] --START--
INFO: Run Behavior\ReadHtmlCacheBehavior [ RunTime:0.000681s ]
INFO: [ app_begin ] --END-- [ RunTime:0.000738s ]
NOTIC: [8] Undefined index: nickname /data/home/hyu2409230001/htdocs/App/Home/Controller/BaseController.class.php 第 19 行.

[ 2016-11-04T05:01:15+08:00 ] 101.226.61.184 /
INFO: [ app_init ] --START--
INFO: Run Behavior\BuildLiteBehavior [ RunTime:0.000017s ]
INFO: [ app_init ] --END-- [ RunTime:0.000407s ]
INFO: [ app_begin ] --START--
INFO: Run Behavior\ReadHtmlCacheBehavior [ RunTime:0.000692s ]
INFO: [ app_begin ] --END-- [ RunTime:0.000745s ]
NOTIC: [8] Undefined index: nickname /data/home/hyu2409230001/htdocs/App/Home/Controller/BaseController.class.php 第 19 行.

[ 2016-11-04T05:01:15+08:00 ] 117.185.27.144 /
INFO: [ app_init ] --START--
INFO: Run Behavior\BuildLiteBehavior [ RunTime:0.000018s ]
INFO: [ app_init ] --END-- [ RunTime:0.000399s ]
INFO: [ app_begin ] --START--
INFO: Run Behavior\ReadHtmlCacheBehavior [ RunTime:0.000633s ]
INFO: [ app_begin ] --END-- [ RunTime:0.000686s ]
NOTIC: [8] Undefined index: nickname /data/home/hyu2409230001/htdocs/App/Home/Controller/BaseController.class.php 第 19 行.

[ 2016-11-04T05:01:19+08:00 ] 101.226.61.184 /
INFO: [ app_init ] --START--
INFO: Run Behavior\BuildLiteBehavior [ RunTime:0.000018s ]
INFO: [ app_init ] --END-- [ RunTime:0.000493s ]
INFO: [ app_begin ] --START--
INFO: Run Behavior\ReadHtmlCacheBehavior [ RunTime:0.000722s ]
INFO: [ app_begin ] --END-- [ RunTime:0.000775s ]
NOTIC: [8] Undefined index: nickname /data/home/hyu2409230001/htdocs/App/Home/Controller/BaseController.class.php 第 19 行.

[ 2016-11-04T05:01:19+08:00 ] 101.226.61.184 /?code=021vqcAQ1ahVb713bvBQ1kwcAQ1vqcAw&state=STATE
INFO: [ app_init ] --START--
INFO: Run Behavior\BuildLiteBehavior [ RunTime:0.000019s ]
INFO: [ app_init ] --END-- [ RunTime:0.000432s ]
INFO: [ app_begin ] --START--
INFO: Run Behavior\ReadHtmlCacheBehavior [ RunTime:0.000673s ]
INFO: [ app_begin ] --END-- [ RunTime:0.000726s ]
SQL: SHOW COLUMNS FROM `tp_member` [ RunTime:0.0016s ]
SQL: SELECT * FROM `tp_member` WHERE `openid` = 'oudL8vvH15YspV2kx9_R0WpauxJ8' LIMIT 1   [ RunTime:0.0005s ]

[ 2016-11-04T05:01:20+08:00 ] 101.226.61.184 /index.php?s=/Home/member/register.html
INFO: [ app_init ] --START--
INFO: Run Behavior\BuildLiteBehavior [ RunTime:0.000051s ]
INFO: [ app_init ] --END-- [ RunTime:0.000451s ]
INFO: [ app_begin ] --START--
INFO: Run Behavior\ReadHtmlCacheBehavior [ RunTime:0.000703s ]
INFO: [ app_begin ] --END-- [ RunTime:0.000779s ]
SQL: SHOW COLUMNS FROM `tp_member` [ RunTime:0.0016s ]
SQL: SELECT * FROM `tp_member` WHERE `openid` = 'oudL8vvH15YspV2kx9_R0WpauxJ8' LIMIT 1   [ RunTime:0.0004s ]
SQL: SHOW COLUMNS FROM `tp_weixin_config` [ RunTime:0.0009s ]
SQL: SELECT * FROM `tp_weixin_config` WHERE ( id = 1 ) LIMIT 1   [ RunTime:0.0004s ]
SQL: SHOW COLUMNS FROM `tp_flash` [ RunTime:0.0069s ]
SQL: SELECT * FROM `tp_flash`  [ RunTime:0.0004s ]
SQL: SHOW COLUMNS FROM `tp_clist` [ RunTime:0.0011s ]
SQL: SELECT * FROM `tp_clist` WHERE ( id = 1 ) LIMIT 1   [ RunTime:0.0005s ]
INFO: [ view_parse ] --START--
INFO: [ template_filter ] --START--
INFO: Run Behavior\ContentReplaceBehavior [ RunTime:0.000067s ]
INFO: [ template_filter ] --END-- [ RunTime:0.000148s ]
NOTIC: [8] Undefined variable: action /data/home/hyu2409230001/htdocs/App/Runtime/Cache/Home/ffa265b14a0c497cd85b72a2f6dd2e78.php 第 30 行.
NOTIC: [8] Undefined variable: action /data/home/hyu2409230001/htdocs/App/Runtime/Cache/Home/ffa265b14a0c497cd85b72a2f6dd2e78.php 第 34 行.
NOTIC: [8] Undefined variable: action /data/home/hyu2409230001/htdocs/App/Runtime/Cache/Home/ffa265b14a0c497cd85b72a2f6dd2e78.php 第 39 行.
NOTIC: [8] Undefined variable: photo /data/home/hyu2409230001/htdocs/App/Runtime/Cache/Home/ffa265b14a0c497cd85b72a2f6dd2e78.php 第 488 行.
INFO: Run Behavior\ParseTemplateBehavior [ RunTime:0.014978s ]
INFO: [ view_parse ] --END-- [ RunTime:0.015031s ]
INFO: [ view_filter ] --START--
INFO: Run Behavior\WriteHtmlCacheBehavior [ RunTime:0.000292s ]
INFO: [ view_filter ] --END-- [ RunTime:0.000329s ]
INFO: [ app_end ] --START--
INFO: Run Behavior\ShowPageTraceBehavior [ RunTime:0.000640s ]
INFO: [ app_end ] --END-- [ RunTime:0.000696s ]

[ 2016-11-04T05:01:20+08:00 ] 101.226.125.103 /
INFO: [ app_init ] --START--
INFO: Run Behavior\BuildLiteBehavior [ RunTime:0.000040s ]
INFO: [ app_init ] --END-- [ RunTime:0.000433s ]
INFO: [ app_begin ] --START--
INFO: Run Behavior\ReadHtmlCacheBehavior [ RunTime:0.000656s ]
INFO: [ app_begin ] --END-- [ RunTime:0.000710s ]
NOTIC: [8] Undefined index: nickname /data/home/hyu2409230001/htdocs/App/Home/Controller/BaseController.class.php 第 19 行.

[ 2016-11-04T05:01:29+08:00 ] 140.207.185.112 /index.php?s=/Home/member/register.html
INFO: [ app_init ] --START--
INFO: Run Behavior\BuildLiteBehavior [ RunTime:0.000018s ]
INFO: [ app_init ] --END-- [ RunTime:0.000431s ]
INFO: [ app_begin ] --START--
INFO: Run Behavior\ReadHtmlCacheBehavior [ RunTime:0.000735s ]
INFO: [ app_begin ] --END-- [ RunTime:0.000788s ]

[ 2016-11-04T05:01:29+08:00 ] 140.207.185.112 /index.php?s=/Home/Index/index.html
INFO: [ app_init ] --START--
INFO: Run Behavior\BuildLiteBehavior [ RunTime:0.000019s ]
INFO: [ app_init ] --END-- [ RunTime:0.000565s ]
INFO: [ app_begin ] --START--
INFO: Run Behavior\ReadHtmlCacheBehavior [ RunTime:0.000664s ]
INFO: [ app_begin ] --END-- [ RunTime:0.000717s ]
NOTIC: [8] Undefined index: nickname /data/home/hyu2409230001/htdocs/App/Home/Controller/BaseController.class.php 第 19 行.

[ 2016-11-04T05:01:32+08:00 ] 27.47.72.92 /
INFO: [ app_init ] --START--
INFO: Run Behavior\BuildLiteBehavior [ RunTime:0.000019s ]
INFO: [ app_init ] --END-- [ RunTime:0.000443s ]
INFO: [ app_begin ] --START--
INFO: Run Behavior\ReadHtmlCacheBehavior [ RunTime:0.000701s ]
INFO: [ app_begin ] --END-- [ RunTime:0.000754s ]
NOTIC: [8] Undefined index: nickname /data/home/hyu2409230001/htdocs/App/Home/Controller/BaseController.class.php 第 19 行.

[ 2016-11-04T08:13:49+08:00 ] 101.226.61.184 /
INFO: [ app_init ] --START--
INFO: Run Behavior\BuildLiteBehavior [ RunTime:0.000018s ]
INFO: [ app_init ] --END-- [ RunTime:0.000433s ]
INFO: [ app_begin ] --START--
INFO: Run Behavior\ReadHtmlCacheBehavior [ RunTime:0.000720s ]
INFO: [ app_begin ] --END-- [ RunTime:0.000796s ]
NOTIC: [8] Undefined index: nickname /data/home/hyu2409230001/htdocs/App/Home/Controller/BaseController.class.php 第 19 行.

[ 2016-11-04T08:13:49+08:00 ] 140.207.62.210 /
INFO: [ app_init ] --START--
INFO: Run Behavior\BuildLiteBehavior [ RunTime:0.000015s ]
INFO: [ app_init ] --END-- [ RunTime:0.000396s ]
INFO: [ app_begin ] --START--
INFO: Run Behavior\ReadHtmlCacheBehavior [ RunTime:0.000709s ]
INFO: [ app_begin ] --END-- [ RunTime:0.000761s ]
NOTIC: [8] Undefined index: nickname /data/home/hyu2409230001/htdocs/App/Home/Controller/BaseController.class.php 第 19 行.

[ 2016-11-04T08:13:50+08:00 ] 101.226.61.184 /?code=001dpvyY1oRTWW0ZZwAY1zFxyY1dpvy0&state=STATE
INFO: [ app_init ] --START--
INFO: Run Behavior\BuildLiteBehavior [ RunTime:0.000020s ]
INFO: [ app_init ] --END-- [ RunTime:0.000465s ]
INFO: [ app_begin ] --START--
INFO: Run Behavior\ReadHtmlCacheBehavior [ RunTime:0.000710s ]
INFO: [ app_begin ] --END-- [ RunTime:0.000764s ]
SQL: SHOW COLUMNS FROM `tp_member` [ RunTime:0.0023s ]
SQL: SELECT * FROM `tp_member` WHERE `openid` = 'oudL8vvH15YspV2kx9_R0WpauxJ8' LIMIT 1   [ RunTime:0.0005s ]

[ 2016-11-04T08:13:50+08:00 ] 101.226.61.184 /index.php?s=/Home/member/register.html
INFO: [ app_init ] --START--
INFO: Run Behavior\BuildLiteBehavior [ RunTime:0.000020s ]
INFO: [ app_init ] --END-- [ RunTime:0.000453s ]
INFO: [ app_begin ] --START--
INFO: Run Behavior\ReadHtmlCacheBehavior [ RunTime:0.000705s ]
INFO: [ app_begin ] --END-- [ RunTime:0.000758s ]
SQL: SHOW COLUMNS FROM `tp_member` [ RunTime:0.0014s ]
SQL: SELECT * FROM `tp_member` WHERE `openid` = 'oudL8vvH15YspV2kx9_R0WpauxJ8' LIMIT 1   [ RunTime:0.0003s ]
SQL: SHOW COLUMNS FROM `tp_weixin_config` [ RunTime:0.0012s ]
SQL: SELECT * FROM `tp_weixin_config` WHERE ( id = 1 ) LIMIT 1   [ RunTime:0.0008s ]
SQL: SHOW COLUMNS FROM `tp_flash` [ RunTime:0.0019s ]
SQL: SELECT * FROM `tp_flash`  [ RunTime:0.0003s ]
SQL: SHOW COLUMNS FROM `tp_clist` [ RunTime:0.0008s ]
SQL: SELECT * FROM `tp_clist` WHERE ( id = 1 ) LIMIT 1   [ RunTime:0.0004s ]
INFO: [ view_parse ] --START--
INFO: [ template_filter ] --START--
INFO: Run Behavior\ContentReplaceBehavior [ RunTime:0.000067s ]
INFO: [ template_filter ] --END-- [ RunTime:0.000121s ]
NOTIC: [8] Undefined variable: action /data/home/hyu2409230001/htdocs/App/Runtime/Cache/Home/ffa265b14a0c497cd85b72a2f6dd2e78.php 第 30 行.
NOTIC: [8] Undefined variable: action /data/home/hyu2409230001/htdocs/App/Runtime/Cache/Home/ffa265b14a0c497cd85b72a2f6dd2e78.php 第 34 行.
NOTIC: [8] Undefined variable: action /data/home/hyu2409230001/htdocs/App/Runtime/Cache/Home/ffa265b14a0c497cd85b72a2f6dd2e78.php 第 39 行.
NOTIC: [8] Undefined variable: photo /data/home/hyu2409230001/htdocs/App/Runtime/Cache/Home/ffa265b14a0c497cd85b72a2f6dd2e78.php 第 488 行.
INFO: Run Behavior\ParseTemplateBehavior [ RunTime:0.014614s ]
INFO: [ view_parse ] --END-- [ RunTime:0.014664s ]
INFO: [ view_filter ] --START--
INFO: Run Behavior\WriteHtmlCacheBehavior [ RunTime:0.000310s ]
INFO: [ view_filter ] --END-- [ RunTime:0.000347s ]
INFO: [ app_end ] --START--
INFO: Run Behavior\ShowPageTraceBehavior [ RunTime:0.000648s ]
INFO: [ app_end ] --END-- [ RunTime:0.000695s ]

[ 2016-11-04T08:13:59+08:00 ] 117.185.27.146 /
INFO: [ app_init ] --START--
INFO: Run Behavior\BuildLiteBehavior [ RunTime:0.000018s ]
INFO: [ app_init ] --END-- [ RunTime:0.000415s ]
INFO: [ app_begin ] --START--
INFO: Run Behavior\ReadHtmlCacheBehavior [ RunTime:0.000719s ]
INFO: [ app_begin ] --END-- [ RunTime:0.000772s ]
NOTIC: [8] Undefined index: nickname /data/home/hyu2409230001/htdocs/App/Home/Controller/BaseController.class.php 第 19 行.

[ 2016-11-04T08:17:03+08:00 ] 101.226.61.184 /index.php?s=/Home/member/ajax_register.html
INFO: [ app_init ] --START--
INFO: Run Behavior\BuildLiteBehavior [ RunTime:0.000018s ]
INFO: [ app_init ] --END-- [ RunTime:0.000407s ]
INFO: [ app_begin ] --START--
INFO: Run Behavior\ReadHtmlCacheBehavior [ RunTime:0.000807s ]
INFO: [ app_begin ] --END-- [ RunTime:0.000861s ]
SQL: SHOW COLUMNS FROM `tp_member` [ RunTime:0.0017s ]
SQL: SELECT * FROM `tp_member` WHERE `openid` = 'oudL8vvH15YspV2kx9_R0WpauxJ8' LIMIT 1   [ RunTime:0.0007s ]
SQL: SELECT * FROM `tp_member` WHERE `mobile` = '13965478563' LIMIT 1   [ RunTime:0.0006s ]
SQL: SELECT * FROM `tp_member` WHERE `idCard` = '156398653252365' LIMIT 1   [ RunTime:0.0004s ]
SQL: INSERT INTO `tp_member` (`openid`,`headimg`,`name`,`birthday`,`sex`,`idCard`,`age`,`mobile`,`bailor`,`bailor_mobile`,`diagnose`,`domicile`,`cq_domicile`,`illness_history`,`illness_time`,`gm_history`,`jz_history`,`description`,`email`,`bailor_idcard`,`relation`,`bailor_email`,`bl_img`,`wxid`,`b_domicile`,`s_wxid`,`createtime`) VALUES ('oudL8vvH15YspV2kx9_R0WpauxJ8','http://wx.qlogo.cn/mmopen/n1XQ6lzLSdaZrMJghibVIOkJflE8yEpgjl63Y00pft0YOSUwrSkxGz7pCn9opLuzE7caJHjEQ5LfOzeic87Q0OMI3vDg9LTdwl/0','王强','0','1','156398653252365','58','13965478563','','','6','北京市,北京市市辖区,石景山区,','内蒙古自治区,鄂尔多斯市,鄂托克旗','','1','','','','','','','','','0',',,,','','1478218623') [ RunTime:0.0007s ]
INFO: [ view_parse ] --START--
INFO: [ template_filter ] --START--
INFO: Run Behavior\ContentReplaceBehavior [ RunTime:0.000037s ]
INFO: [ template_filter ] --END-- [ RunTime:0.000126s ]
INFO: Run Behavior\ParseTemplateBehavior [ RunTime:0.006618s ]
INFO: [ view_parse ] --END-- [ RunTime:0.006680s ]
INFO: [ view_filter ] --START--
INFO: Run Behavior\WriteHtmlCacheBehavior [ RunTime:0.000493s ]
INFO: [ view_filter ] --END-- [ RunTime:0.000559s ]
INFO: [ app_end ] --START--
INFO: Run Behavior\ShowPageTraceBehavior [ RunTime:0.000666s ]
INFO: [ app_end ] --END-- [ RunTime:0.000716s ]

[ 2016-11-04T08:17:05+08:00 ] 101.226.61.184 /index.php?s=/Home/Index/index.html
INFO: [ app_init ] --START--
INFO: Run Behavior\BuildLiteBehavior [ RunTime:0.000018s ]
INFO: [ app_init ] --END-- [ RunTime:0.000555s ]
INFO: [ app_begin ] --START--
INFO: Run Behavior\ReadHtmlCacheBehavior [ RunTime:0.000663s ]
INFO: [ app_begin ] --END-- [ RunTime:0.000716s ]
SQL: SHOW COLUMNS FROM `tp_member` [ RunTime:0.0017s ]
SQL: SELECT * FROM `tp_member` WHERE `id` = 24 LIMIT 1   [ RunTime:0.0008s ]
SQL: SHOW COLUMNS FROM `tp_flash` [ RunTime:0.0013s ]
SQL: SELECT * FROM `tp_flash`  [ RunTime:0.0005s ]
SQL: SHOW COLUMNS FROM `tp_package` [ RunTime:0.0012s ]
SQL: SELECT * FROM `tp_package` WHERE `id` = 0 LIMIT 1   [ RunTime:0.0006s ]
INFO: [ view_parse ] --START--
INFO: [ template_filter ] --START--
INFO: Run Behavior\ContentReplaceBehavior [ RunTime:0.000039s ]
INFO: [ template_filter ] --END-- [ RunTime:0.000083s ]
NOTIC: [8] Undefined variable: action /data/home/hyu2409230001/htdocs/App/Runtime/Cache/Home/00e52909bed743ea261af4b6823297ff.php 第 25 行.
NOTIC: [8] Undefined variable: action /data/home/hyu2409230001/htdocs/App/Runtime/Cache/Home/00e52909bed743ea261af4b6823297ff.php 第 29 行.
NOTIC: [8] Undefined variable: action /data/home/hyu2409230001/htdocs/App/Runtime/Cache/Home/00e52909bed743ea261af4b6823297ff.php 第 34 行.
INFO: Run Behavior\ParseTemplateBehavior [ RunTime:0.010445s ]
INFO: [ view_parse ] --END-- [ RunTime:0.010500s ]
INFO: [ view_filter ] --START--
INFO: Run Behavior\WriteHtmlCacheBehavior [ RunTime:0.000293s ]
INFO: [ view_filter ] --END-- [ RunTime:0.000329s ]
INFO: [ app_end ] --START--
INFO: Run Behavior\ShowPageTraceBehavior [ RunTime:0.000654s ]
INFO: [ app_end ] --END-- [ RunTime:0.000711s ]

[ 2016-11-04T08:17:12+08:00 ] 101.226.61.184 /index.php?s=/Home/index/getVip.html
INFO: [ app_init ] --START--
INFO: Run Behavior\BuildLiteBehavior [ RunTime:0.000019s ]
INFO: [ app_init ] --END-- [ RunTime:0.000440s ]
INFO: [ app_begin ] --START--
INFO: Run Behavior\ReadHtmlCacheBehavior [ RunTime:0.000695s ]
INFO: [ app_begin ] --END-- [ RunTime:0.000747s ]
SQL: SHOW COLUMNS FROM `tp_member` [ RunTime:0.0016s ]
SQL: SELECT * FROM `tp_member` WHERE `id` = 24 LIMIT 1   [ RunTime:0.0005s ]
SQL: SHOW COLUMNS FROM `tp_flash` [ RunTime:0.0009s ]
SQL: SELECT * FROM `tp_flash`  [ RunTime:0.0003s ]
SQL: SHOW COLUMNS FROM `tp_check` [ RunTime:0.0010s ]
SQL: SELECT * FROM `tp_check` WHERE `user_id` = 24 ORDER BY id desc LIMIT 1   [ RunTime:0.0004s ]

[ 2016-11-04T08:17:12+08:00 ] 101.226.61.184 /index.php?s=/Home/index/s_check.html
INFO: [ app_init ] --START--
INFO: Run Behavior\BuildLiteBehavior [ RunTime:0.000021s ]
INFO: [ app_init ] --END-- [ RunTime:0.000504s ]
INFO: [ app_begin ] --START--
INFO: Run Behavior\ReadHtmlCacheBehavior [ RunTime:0.000696s ]
INFO: [ app_begin ] --END-- [ RunTime:0.000748s ]
SQL: SHOW COLUMNS FROM `tp_member` [ RunTime:0.0020s ]
SQL: SELECT * FROM `tp_member` WHERE `id` = 24 LIMIT 1   [ RunTime:0.0005s ]
SQL: SHOW COLUMNS FROM `tp_flash` [ RunTime:0.0009s ]
SQL: SELECT * FROM `tp_flash`  [ RunTime:0.0003s ]
SQL: SHOW COLUMNS FROM `tp_agreement` [ RunTime:0.0010s ]
SQL: SELECT * FROM `tp_agreement` WHERE ( id = 1 ) LIMIT 1   [ RunTime:0.0010s ]
INFO: [ view_parse ] --START--
INFO: [ template_filter ] --START--
INFO: Run Behavior\ContentReplaceBehavior [ RunTime:0.000033s ]
INFO: [ template_filter ] --END-- [ RunTime:0.000111s ]
INFO: Run Behavior\ParseTemplateBehavior [ RunTime:0.006138s ]
INFO: [ view_parse ] --END-- [ RunTime:0.006184s ]
INFO: [ view_filter ] --START--
INFO: Run Behavior\WriteHtmlCacheBehavior [ RunTime:0.000309s ]
INFO: [ view_filter ] --END-- [ RunTime:0.000350s ]
INFO: [ app_end ] --START--
INFO: Run Behavior\ShowPageTraceBehavior [ RunTime:0.000602s ]
INFO: [ app_end ] --END-- [ RunTime:0.000680s ]

[ 2016-11-04T08:17:16+08:00 ] 101.226.61.184 /index.php?s=/Home/index/s_check.html
INFO: [ app_init ] --START--
INFO: Run Behavior\BuildLiteBehavior [ RunTime:0.000018s ]
INFO: [ app_init ] --END-- [ RunTime:0.000431s ]
INFO: [ app_begin ] --START--
INFO: Run Behavior\ReadHtmlCacheBehavior [ RunTime:0.000679s ]
INFO: [ app_begin ] --END-- [ RunTime:0.000733s ]
SQL: SHOW COLUMNS FROM `tp_member` [ RunTime:0.0019s ]
SQL: SELECT * FROM `tp_member` WHERE `id` = 24 LIMIT 1   [ RunTime:0.0004s ]
SQL: SHOW COLUMNS FROM `tp_flash` [ RunTime:0.0006s ]
SQL: SELECT * FROM `tp_flash`  [ RunTime:0.0004s ]
SQL: SHOW COLUMNS FROM `tp_check` [ RunTime:0.0011s ]
SQL: SELECT * FROM `tp_check` WHERE `user_id` = 24 ORDER BY id desc LIMIT 1   [ RunTime:0.0004s ]
SQL: SHOW COLUMNS FROM `tp_weixin_config` [ RunTime:0.0011s ]
SQL: SELECT * FROM `tp_weixin_config` WHERE ( id = 1 ) LIMIT 1   [ RunTime:0.0006s ]
SQL: SHOW COLUMNS FROM `tp_clist` [ RunTime:0.0011s ]
SQL: SELECT * FROM `tp_clist` WHERE ( id = 3 ) LIMIT 1   [ RunTime:0.0006s ]
INFO: [ view_parse ] --START--
INFO: [ template_filter ] --START--
INFO: Run Behavior\ContentReplaceBehavior [ RunTime:0.000064s ]
INFO: [ template_filter ] --END-- [ RunTime:0.000114s ]
NOTIC: [8] Undefined variable: action /data/home/hyu2409230001/htdocs/App/Runtime/Cache/Home/c455c303d26cd6fee17ce879148e9afc.php 第 32 行.
NOTIC: [8] Undefined variable: action /data/home/hyu2409230001/htdocs/App/Runtime/Cache/Home/c455c303d26cd6fee17ce879148e9afc.php 第 36 行.
NOTIC: [8] Undefined variable: action /data/home/hyu2409230001/htdocs/App/Runtime/Cache/Home/c455c303d26cd6fee17ce879148e9afc.php 第 41 行.
NOTIC: [8] Undefined variable: photo /data/home/hyu2409230001/htdocs/App/Runtime/Cache/Home/c455c303d26cd6fee17ce879148e9afc.php 第 212 行.
INFO: Run Behavior\ParseTemplateBehavior [ RunTime:0.011141s ]
INFO: [ view_parse ] --END-- [ RunTime:0.011186s ]
INFO: [ view_filter ] --START--
INFO: Run Behavior\WriteHtmlCacheBehavior [ RunTime:0.000299s ]
INFO: [ view_filter ] --END-- [ RunTime:0.000335s ]
INFO: [ app_end ] --START--
INFO: Run Behavior\ShowPageTraceBehavior [ RunTime:0.000660s ]
INFO: [ app_end ] --END-- [ RunTime:0.000709s ]

[ 2016-11-04T08:17:19+08:00 ] 101.226.61.184 /index.php?s=/Home/index/save_check.html
INFO: [ app_init ] --START--
INFO: Run Behavior\BuildLiteBehavior [ RunTime:0.000017s ]
INFO: [ app_init ] --END-- [ RunTime:0.000405s ]
INFO: [ app_begin ] --START--
INFO: Run Behavior\ReadHtmlCacheBehavior [ RunTime:0.000783s ]
INFO: [ app_begin ] --END-- [ RunTime:0.000838s ]
SQL: SHOW COLUMNS FROM `tp_member` [ RunTime:0.0018s ]
SQL: SELECT * FROM `tp_member` WHERE `id` = 24 LIMIT 1   [ RunTime:0.0006s ]
SQL: SHOW COLUMNS FROM `tp_flash` [ RunTime:0.0010s ]
SQL: SELECT * FROM `tp_flash`  [ RunTime:0.0003s ]
INFO: [ view_parse ] --START--
INFO: [ template_filter ] --START--
INFO: Run Behavior\ContentReplaceBehavior [ RunTime:0.000035s ]
INFO: [ template_filter ] --END-- [ RunTime:0.000115s ]
INFO: Run Behavior\ParseTemplateBehavior [ RunTime:0.035344s ]
INFO: [ view_parse ] --END-- [ RunTime:0.035438s ]
INFO: [ view_filter ] --START--
INFO: Run Behavior\WriteHtmlCacheBehavior [ RunTime:0.000416s ]
INFO: [ view_filter ] --END-- [ RunTime:0.000459s ]

[ 2016-11-04T08:17:38+08:00 ] 101.226.33.223 /index.php?s=/Home/index/save_check.html
INFO: [ app_init ] --START--
INFO: Run Behavior\BuildLiteBehavior [ RunTime:0.000018s ]
INFO: [ app_init ] --END-- [ RunTime:0.000406s ]
INFO: [ app_begin ] --START--
INFO: Run Behavior\ReadHtmlCacheBehavior [ RunTime:0.000690s ]
INFO: [ app_begin ] --END-- [ RunTime:0.000748s ]
NOTIC: [8] Undefined index: nickname /data/home/hyu2409230001/htdocs/App/Home/Controller/BaseController.class.php 第 19 行.

[ 2016-11-04T08:18:08+08:00 ] 101.226.61.184 /index.php?s=/Home/Index/uploadImg.html
INFO: [ app_init ] --START--
INFO: Run Behavior\BuildLiteBehavior [ RunTime:0.000019s ]
INFO: [ app_init ] --END-- [ RunTime:0.000466s ]
INFO: [ app_begin ] --START--
INFO: Run Behavior\ReadHtmlCacheBehavior [ RunTime:0.000817s ]
INFO: [ app_begin ] --END-- [ RunTime:0.000888s ]
SQL: SHOW COLUMNS FROM `tp_member` [ RunTime:0.0015s ]
SQL: SELECT * FROM `tp_member` WHERE `id` = 24 LIMIT 1   [ RunTime:0.0005s ]
SQL: SHOW COLUMNS FROM `tp_flash` [ RunTime:0.0011s ]
SQL: SELECT * FROM `tp_flash`  [ RunTime:0.0003s ]
SQL: SHOW COLUMNS FROM `tp_weixin_config` [ RunTime:0.0009s ]
SQL: SELECT * FROM `tp_weixin_config` WHERE ( id = 1 ) LIMIT 1   [ RunTime:0.0003s ]
NOTIC: [2] curl_setopt(): CURLOPT_FOLLOWLOCATION cannot be activated when an open_basedir is set /data/home/hyu2409230001/htdocs/App/Home/Controller/IndexController.class.php 第 500 行.
SQL: UPDATE `tp_weixin_config` SET `access_token`='UabxGjOxp5xf2BXRD-vlhPaCFowg8eWLleZp6oCG2qNNJF-QnxMco08fONy_0RS6QgmZAezZ8tLeWCMGLdB-4VpBhwVjf8BTQzC-na_92sRwmYY9Gt9CIOVUCPh3UhacPATfAFAALE',`dateline`='1478218686' WHERE ( id = 1 ) [ RunTime:0.0008s ]
NOTIC: [8] Undefined variable: server_id /data/home/hyu2409230001/htdocs/App/Home/Controller/IndexController.class.php 第 389 行.
SQL: SELECT * FROM `tp_weixin_config` WHERE ( id = 1 ) LIMIT 1   [ RunTime:0.0007s ]
SQL: SHOW COLUMNS FROM `tp_img` [ RunTime:0.0016s ]
SQL: INSERT INTO `tp_img` (`user_id`,`path`,`server_id`,`addtime`) VALUES ('24','/uploads/BL/581bd3bfab7a6.jpg','AAI98FOmYwNXwz-xAs8gcOFo1uQn8BujjqMaOYc1Zst1URrjW6h91sBrBZsmKPRG','1478218687'),('24','/uploads/BL/581bd3c01bb79.jpg','bd9Uon5GG2PmA9SVEA6nhOq3fNcQ4wgAg7VJn1NnB0Wl5DEEw9s8NmShxYlHXUdR','1478218688') [ RunTime:0.0005s ]

[ 2016-11-04T08:18:24+08:00 ] 101.226.61.184 /index.php?s=/Home/index/save_check.html
INFO: [ app_init ] --START--
INFO: Run Behavior\BuildLiteBehavior [ RunTime:0.000019s ]
INFO: [ app_init ] --END-- [ RunTime:0.000443s ]
INFO: [ app_begin ] --START--
INFO: Run Behavior\ReadHtmlCacheBehavior [ RunTime:0.000747s ]
INFO: [ app_begin ] --END-- [ RunTime:0.000809s ]
SQL: SHOW COLUMNS FROM `tp_member` [ RunTime:0.0018s ]
SQL: SELECT * FROM `tp_member` WHERE `id` = 24 LIMIT 1   [ RunTime:0.0006s ]
SQL: SHOW COLUMNS FROM `tp_flash` [ RunTime:0.0009s ]
SQL: SELECT * FROM `tp_flash`  [ RunTime:0.0003s ]
SQL: SHOW COLUMNS FROM `tp_check` [ RunTime:0.0008s ]
SQL: INSERT INTO `tp_check` (`user_id`,`doctor_bh`,`bl_img`,`addtime`) VALUES ('24','TZ00001','AAI98FOmYwNXwz-xAs8gcOFo1uQn8BujjqMaOYc1Zst1URrjW6h91sBrBZsmKPRG,bd9Uon5GG2PmA9SVEA6nhOq3fNcQ4wgAg7VJn1NnB0Wl5DEEw9s8NmShxYlHXUdR','1478218704') [ RunTime:0.0005s ]
INFO: [ view_parse ] --START--
INFO: [ template_filter ] --START--
INFO: Run Behavior\ContentReplaceBehavior [ RunTime:0.000035s ]
INFO: [ template_filter ] --END-- [ RunTime:0.000116s ]
INFO: Run Behavior\ParseTemplateBehavior [ RunTime:0.006053s ]
INFO: [ view_parse ] --END-- [ RunTime:0.006105s ]
INFO: [ view_filter ] --START--
INFO: Run Behavior\WriteHtmlCacheBehavior [ RunTime:0.000292s ]
INFO: [ view_filter ] --END-- [ RunTime:0.000329s ]
INFO: [ app_end ] --START--
INFO: Run Behavior\ShowPageTraceBehavior [ RunTime:0.000581s ]
INFO: [ app_end ] --END-- [ RunTime:0.000652s ]

[ 2016-11-04T08:18:27+08:00 ] 101.226.61.184 /index.php?s=/Home/Index/index.html
INFO: [ app_init ] --START--
INFO: Run Behavior\BuildLiteBehavior [ RunTime:0.000018s ]
INFO: [ app_init ] --END-- [ RunTime:0.000447s ]
INFO: [ app_begin ] --START--
INFO: Run Behavior\ReadHtmlCacheBehavior [ RunTime:0.000685s ]
INFO: [ app_begin ] --END-- [ RunTime:0.000738s ]
SQL: SHOW COLUMNS FROM `tp_member` [ RunTime:0.0015s ]
SQL: SELECT * FROM `tp_member` WHERE `id` = 24 LIMIT 1   [ RunTime:0.0004s ]
SQL: SHOW COLUMNS FROM `tp_flash` [ RunTime:0.0007s ]
SQL: SELECT * FROM `tp_flash`  [ RunTime:0.0004s ]
SQL: SHOW COLUMNS FROM `tp_package` [ RunTime:0.0008s ]
SQL: SELECT * FROM `tp_package` WHERE `id` = 0 LIMIT 1   [ RunTime:0.0003s ]
INFO: [ view_parse ] --START--
INFO: [ template_filter ] --START--
INFO: Run Behavior\ContentReplaceBehavior [ RunTime:0.000042s ]
INFO: [ template_filter ] --END-- [ RunTime:0.000117s ]
NOTIC: [8] Undefined variable: action /data/home/hyu2409230001/htdocs/App/Runtime/Cache/Home/00e52909bed743ea261af4b6823297ff.php 第 25 行.
NOTIC: [8] Undefined variable: action /data/home/hyu2409230001/htdocs/App/Runtime/Cache/Home/00e52909bed743ea261af4b6823297ff.php 第 29 行.
NOTIC: [8] Undefined variable: action /data/home/hyu2409230001/htdocs/App/Runtime/Cache/Home/00e52909bed743ea261af4b6823297ff.php 第 34 行.
INFO: Run Behavior\ParseTemplateBehavior [ RunTime:0.010078s ]
INFO: [ view_parse ] --END-- [ RunTime:0.010129s ]
INFO: [ view_filter ] --START--
INFO: Run Behavior\WriteHtmlCacheBehavior [ RunTime:0.000325s ]
INFO: [ view_filter ] --END-- [ RunTime:0.000361s ]
INFO: [ app_end ] --START--
INFO: Run Behavior\ShowPageTraceBehavior [ RunTime:0.000621s ]
INFO: [ app_end ] --END-- [ RunTime:0.000668s ]

[ 2016-11-04T08:18:37+08:00 ] 101.226.61.184 /index.php?s=/Home/index/getVip.html
INFO: [ app_init ] --START--
INFO: Run Behavior\BuildLiteBehavior [ RunTime:0.000017s ]
INFO: [ app_init ] --END-- [ RunTime:0.000480s ]
INFO: [ app_begin ] --START--
INFO: Run Behavior\ReadHtmlCacheBehavior [ RunTime:0.000886s ]
INFO: [ app_begin ] --END-- [ RunTime:0.000940s ]
SQL: SHOW COLUMNS FROM `tp_member` [ RunTime:0.0018s ]
SQL: SELECT * FROM `tp_member` WHERE `id` = 24 LIMIT 1   [ RunTime:0.0004s ]
SQL: SHOW COLUMNS FROM `tp_flash` [ RunTime:0.0009s ]
SQL: SELECT * FROM `tp_flash`  [ RunTime:0.0003s ]
SQL: SHOW COLUMNS FROM `tp_check` [ RunTime:0.0008s ]
SQL: SELECT * FROM `tp_check` WHERE `user_id` = 24 ORDER BY id desc LIMIT 1   [ RunTime:0.0006s ]

[ 2016-11-04T08:18:37+08:00 ] 101.226.61.189 /index.php?s=/Home/index/s_check.html
INFO: [ app_init ] --START--
INFO: Run Behavior\BuildLiteBehavior [ RunTime:0.000018s ]
INFO: [ app_init ] --END-- [ RunTime:0.000412s ]
INFO: [ app_begin ] --START--
INFO: Run Behavior\ReadHtmlCacheBehavior [ RunTime:0.000990s ]
INFO: [ app_begin ] --END-- [ RunTime:0.001065s ]
SQL: SHOW COLUMNS FROM `tp_member` [ RunTime:0.0016s ]
SQL: SELECT * FROM `tp_member` WHERE `id` = 24 LIMIT 1   [ RunTime:0.0006s ]
SQL: SHOW COLUMNS FROM `tp_flash` [ RunTime:0.0008s ]
SQL: SELECT * FROM `tp_flash`  [ RunTime:0.0003s ]
SQL: SHOW COLUMNS FROM `tp_agreement` [ RunTime:0.0008s ]
SQL: SELECT * FROM `tp_agreement` WHERE ( id = 1 ) LIMIT 1   [ RunTime:0.0007s ]
INFO: [ view_parse ] --START--
INFO: [ template_filter ] --START--
INFO: Run Behavior\ContentReplaceBehavior [ RunTime:0.000036s ]
INFO: [ template_filter ] --END-- [ RunTime:0.000113s ]
INFO: Run Behavior\ParseTemplateBehavior [ RunTime:0.006429s ]
INFO: [ view_parse ] --END-- [ RunTime:0.006478s ]
INFO: [ view_filter ] --START--
INFO: Run Behavior\WriteHtmlCacheBehavior [ RunTime:0.000323s ]
INFO: [ view_filter ] --END-- [ RunTime:0.000365s ]
INFO: [ app_end ] --START--
INFO: Run Behavior\ShowPageTraceBehavior [ RunTime:0.000649s ]
INFO: [ app_end ] --END-- [ RunTime:0.000699s ]

[ 2016-11-04T08:18:44+08:00 ] 101.226.61.184 /index.php?s=/Home/index/getVip.html
INFO: [ app_init ] --START--
INFO: Run Behavior\BuildLiteBehavior [ RunTime:0.000018s ]
INFO: [ app_init ] --END-- [ RunTime:0.000442s ]
INFO: [ app_begin ] --START--
INFO: Run Behavior\ReadHtmlCacheBehavior [ RunTime:0.000699s ]
INFO: [ app_begin ] --END-- [ RunTime:0.000753s ]
SQL: SHOW COLUMNS FROM `tp_member` [ RunTime:0.0014s ]
SQL: SELECT * FROM `tp_member` WHERE `id` = 24 LIMIT 1   [ RunTime:0.0004s ]
SQL: SHOW COLUMNS FROM `tp_flash` [ RunTime:0.0006s ]
SQL: SELECT * FROM `tp_flash`  [ RunTime:0.0003s ]
SQL: SHOW COLUMNS FROM `tp_check` [ RunTime:0.0010s ]
SQL: SELECT * FROM `tp_check` WHERE `user_id` = 24 ORDER BY id desc LIMIT 1   [ RunTime:0.0005s ]

[ 2016-11-04T08:18:44+08:00 ] 101.226.61.184 /index.php?s=/Home/index/s_check.html
INFO: [ app_init ] --START--
INFO: Run Behavior\BuildLiteBehavior [ RunTime:0.000018s ]
INFO: [ app_init ] --END-- [ RunTime:0.000417s ]
INFO: [ app_begin ] --START--
INFO: Run Behavior\ReadHtmlCacheBehavior [ RunTime:0.000725s ]
INFO: [ app_begin ] --END-- [ RunTime:0.000784s ]
SQL: SHOW COLUMNS FROM `tp_member` [ RunTime:0.0018s ]
SQL: SELECT * FROM `tp_member` WHERE `id` = 24 LIMIT 1   [ RunTime:0.0004s ]
SQL: SHOW COLUMNS FROM `tp_flash` [ RunTime:0.0010s ]
SQL: SELECT * FROM `tp_flash`  [ RunTime:0.0004s ]
SQL: SHOW COLUMNS FROM `tp_agreement` [ RunTime:0.0007s ]
SQL: SELECT * FROM `tp_agreement` WHERE ( id = 1 ) LIMIT 1   [ RunTime:0.0006s ]
INFO: [ view_parse ] --START--
INFO: [ template_filter ] --START--
INFO: Run Behavior\ContentReplaceBehavior [ RunTime:0.000036s ]
INFO: [ template_filter ] --END-- [ RunTime:0.000128s ]
INFO: Run Behavior\ParseTemplateBehavior [ RunTime:0.006407s ]
INFO: [ view_parse ] --END-- [ RunTime:0.006455s ]
INFO: [ view_filter ] --START--
INFO: Run Behavior\WriteHtmlCacheBehavior [ RunTime:0.000326s ]
INFO: [ view_filter ] --END-- [ RunTime:0.000367s ]
INFO: [ app_end ] --START--
INFO: Run Behavior\ShowPageTraceBehavior [ RunTime:0.000772s ]
INFO: [ app_end ] --END-- [ RunTime:0.000824s ]

[ 2016-11-04T08:18:49+08:00 ] 101.226.61.184 /index.php?s=/Home/index/s_check.html
INFO: [ app_init ] --START--
INFO: Run Behavior\BuildLiteBehavior [ RunTime:0.000017s ]
INFO: [ app_init ] --END-- [ RunTime:0.000421s ]
INFO: [ app_begin ] --START--
INFO: Run Behavior\ReadHtmlCacheBehavior [ RunTime:0.000685s ]
INFO: [ app_begin ] --END-- [ RunTime:0.000739s ]
SQL: SHOW COLUMNS FROM `tp_member` [ RunTime:0.0015s ]
SQL: SELECT * FROM `tp_member` WHERE `id` = 24 LIMIT 1   [ RunTime:0.0004s ]
SQL: SHOW COLUMNS FROM `tp_flash` [ RunTime:0.0010s ]
SQL: SELECT * FROM `tp_flash`  [ RunTime:0.0003s ]
SQL: SHOW COLUMNS FROM `tp_check` [ RunTime:0.0007s ]
SQL: SELECT * FROM `tp_check` WHERE `user_id` = 24 ORDER BY id desc LIMIT 1   [ RunTime:0.0003s ]
INFO: [ view_parse ] --START--
INFO: [ template_filter ] --START--
INFO: Run Behavior\ContentReplaceBehavior [ RunTime:0.000033s ]
INFO: [ template_filter ] --END-- [ RunTime:0.000109s ]
INFO: Run Behavior\ParseTemplateBehavior [ RunTime:0.006150s ]
INFO: [ view_parse ] --END-- [ RunTime:0.006224s ]
INFO: [ view_filter ] --START--
INFO: Run Behavior\WriteHtmlCacheBehavior [ RunTime:0.000303s ]
INFO: [ view_filter ] --END-- [ RunTime:0.000340s ]

[ 2016-11-04T08:18:51+08:00 ] 101.226.61.184 /index.php?s=/Home/index/s_check.html
INFO: [ app_init ] --START--
INFO: Run Behavior\BuildLiteBehavior [ RunTime:0.000021s ]
INFO: [ app_init ] --END-- [ RunTime:0.000462s ]
INFO: [ app_begin ] --START--
INFO: Run Behavior\ReadHtmlCacheBehavior [ RunTime:0.000744s ]
INFO: [ app_begin ] --END-- [ RunTime:0.000803s ]
SQL: SHOW COLUMNS FROM `tp_member` [ RunTime:0.0017s ]
SQL: SELECT * FROM `tp_member` WHERE `id` = 24 LIMIT 1   [ RunTime:0.0004s ]
SQL: SHOW COLUMNS FROM `tp_flash` [ RunTime:0.0006s ]
SQL: SELECT * FROM `tp_flash`  [ RunTime:0.0003s ]
SQL: SHOW COLUMNS FROM `tp_agreement` [ RunTime:0.0030s ]
SQL: SELECT * FROM `tp_agreement` WHERE ( id = 1 ) LIMIT 1   [ RunTime:0.0007s ]
INFO: [ view_parse ] --START--
INFO: [ template_filter ] --START--
INFO: Run Behavior\ContentReplaceBehavior [ RunTime:0.000036s ]
INFO: [ template_filter ] --END-- [ RunTime:0.000120s ]
INFO: Run Behavior\ParseTemplateBehavior [ RunTime:0.008362s ]
INFO: [ view_parse ] --END-- [ RunTime:0.008412s ]
INFO: [ view_filter ] --START--
INFO: Run Behavior\WriteHtmlCacheBehavior [ RunTime:0.000296s ]
INFO: [ view_filter ] --END-- [ RunTime:0.000337s ]
INFO: [ app_end ] --START--
INFO: Run Behavior\ShowPageTraceBehavior [ RunTime:0.000616s ]
INFO: [ app_end ] --END-- [ RunTime:0.000664s ]

[ 2016-11-04T10:02:20+08:00 ] 221.215.172.211 /
INFO: [ app_init ] --START--
INFO: Run Behavior\BuildLiteBehavior [ RunTime:0.000018s ]
INFO: [ app_init ] --END-- [ RunTime:0.000433s ]
INFO: [ app_begin ] --START--
INFO: Run Behavior\ReadHtmlCacheBehavior [ RunTime:0.000665s ]
INFO: [ app_begin ] --END-- [ RunTime:0.000718s ]
NOTIC: [8] Undefined index: nickname /data/home/hyu2409230001/htdocs/App/Home/Controller/BaseController.class.php 第 19 行.

[ 2016-11-04T10:02:21+08:00 ] 221.215.172.211 /?code=001L8nSo132Upn0q3JTo1cxqSo1L8nSR&state=STATE
INFO: [ app_init ] --START--
INFO: Run Behavior\BuildLiteBehavior [ RunTime:0.000044s ]
INFO: [ app_init ] --END-- [ RunTime:0.000466s ]
INFO: [ app_begin ] --START--
INFO: Run Behavior\ReadHtmlCacheBehavior [ RunTime:0.000697s ]
INFO: [ app_begin ] --END-- [ RunTime:0.000750s ]
SQL: SHOW COLUMNS FROM `tp_member` [ RunTime:0.0019s ]
SQL: SELECT * FROM `tp_member` WHERE `openid` = 'oudL8vkoIuiNOQQ_PqO6CMxrvz7U' LIMIT 1   [ RunTime:0.0016s ]
SQL: SELECT * FROM `tp_member` WHERE `id` = 22 LIMIT 1   [ RunTime:0.0006s ]
SQL: SHOW COLUMNS FROM `tp_flash` [ RunTime:0.0011s ]
SQL: SELECT * FROM `tp_flash`  [ RunTime:0.0004s ]
SQL: SHOW COLUMNS FROM `tp_package` [ RunTime:0.0010s ]
SQL: SELECT * FROM `tp_package` WHERE `id` = 0 LIMIT 1   [ RunTime:0.0005s ]
INFO: [ view_parse ] --START--
INFO: [ template_filter ] --START--
INFO: Run Behavior\ContentReplaceBehavior [ RunTime:0.000040s ]
INFO: [ template_filter ] --END-- [ RunTime:0.000099s ]
NOTIC: [8] Undefined variable: action /data/home/hyu2409230001/htdocs/App/Runtime/Cache/Home/00e52909bed743ea261af4b6823297ff.php 第 25 行.
NOTIC: [8] Undefined variable: action /data/home/hyu2409230001/htdocs/App/Runtime/Cache/Home/00e52909bed743ea261af4b6823297ff.php 第 29 行.
NOTIC: [8] Undefined variable: action /data/home/hyu2409230001/htdocs/App/Runtime/Cache/Home/00e52909bed743ea261af4b6823297ff.php 第 34 行.
INFO: Run Behavior\ParseTemplateBehavior [ RunTime:0.009970s ]
INFO: [ view_parse ] --END-- [ RunTime:0.010019s ]
INFO: [ view_filter ] --START--
INFO: Run Behavior\WriteHtmlCacheBehavior [ RunTime:0.000289s ]
INFO: [ view_filter ] --END-- [ RunTime:0.000325s ]
INFO: [ app_end ] --START--
INFO: Run Behavior\ShowPageTraceBehavior [ RunTime:0.000585s ]
INFO: [ app_end ] --END-- [ RunTime:0.000633s ]

[ 2016-11-04T10:02:24+08:00 ] 221.215.172.211 /index.php?s=/Home/index/getVip.html
INFO: [ app_init ] --START--
INFO: Run Behavior\BuildLiteBehavior [ RunTime:0.000019s ]
INFO: [ app_init ] --END-- [ RunTime:0.000448s ]
INFO: [ app_begin ] --START--
INFO: Run Behavior\ReadHtmlCacheBehavior [ RunTime:0.000702s ]
INFO: [ app_begin ] --END-- [ RunTime:0.000762s ]
SQL: SHOW COLUMNS FROM `tp_member` [ RunTime:0.0022s ]
SQL: SELECT * FROM `tp_member` WHERE `id` = 22 LIMIT 1   [ RunTime:0.0008s ]
SQL: SHOW COLUMNS FROM `tp_flash` [ RunTime:0.0009s ]
SQL: SELECT * FROM `tp_flash`  [ RunTime:0.0005s ]
SQL: SHOW COLUMNS FROM `tp_check` [ RunTime:0.0013s ]
SQL: SELECT * FROM `tp_check` WHERE `user_id` = 22 ORDER BY id desc LIMIT 1   [ RunTime:0.0005s ]

[ 2016-11-04T10:02:25+08:00 ] 221.215.172.211 /index.php?s=/Home/index/s_check.html
INFO: [ app_init ] --START--
INFO: Run Behavior\BuildLiteBehavior [ RunTime:0.000018s ]
INFO: [ app_init ] --END-- [ RunTime:0.000452s ]
INFO: [ app_begin ] --START--
INFO: Run Behavior\ReadHtmlCacheBehavior [ RunTime:0.000702s ]
INFO: [ app_begin ] --END-- [ RunTime:0.000754s ]
SQL: SHOW COLUMNS FROM `tp_member` [ RunTime:0.0018s ]
SQL: SELECT * FROM `tp_member` WHERE `id` = 22 LIMIT 1   [ RunTime:0.0007s ]
SQL: SHOW COLUMNS FROM `tp_flash` [ RunTime:0.0009s ]
SQL: SELECT * FROM `tp_flash`  [ RunTime:0.0003s ]
SQL: SHOW COLUMNS FROM `tp_agreement` [ RunTime:0.0010s ]
SQL: SELECT * FROM `tp_agreement` WHERE ( id = 1 ) LIMIT 1   [ RunTime:0.0009s ]
INFO: [ view_parse ] --START--
INFO: [ template_filter ] --START--
INFO: Run Behavior\ContentReplaceBehavior [ RunTime:0.000035s ]
INFO: [ template_filter ] --END-- [ RunTime:0.000110s ]
INFO: Run Behavior\ParseTemplateBehavior [ RunTime:0.006689s ]
INFO: [ view_parse ] --END-- [ RunTime:0.006752s ]
INFO: [ view_filter ] --START--
INFO: Run Behavior\WriteHtmlCacheBehavior [ RunTime:0.000505s ]
INFO: [ view_filter ] --END-- [ RunTime:0.000577s ]
INFO: [ app_end ] --START--
INFO: Run Behavior\ShowPageTraceBehavior [ RunTime:0.000624s ]
INFO: [ app_end ] --END-- [ RunTime:0.000675s ]

[ 2016-11-04T10:02:28+08:00 ] 221.215.172.211 /index.php?s=/Home/index/s_check.html
INFO: [ app_init ] --START--
INFO: Run Behavior\BuildLiteBehavior [ RunTime:0.000018s ]
INFO: [ app_init ] --END-- [ RunTime:0.000407s ]
INFO: [ app_begin ] --START--
INFO: Run Behavior\ReadHtmlCacheBehavior [ RunTime:0.000779s ]
INFO: [ app_begin ] --END-- [ RunTime:0.000860s ]
SQL: SHOW COLUMNS FROM `tp_member` [ RunTime:0.0016s ]
SQL: SELECT * FROM `tp_member` WHERE `id` = 22 LIMIT 1   [ RunTime:0.0006s ]
SQL: SHOW COLUMNS FROM `tp_flash` [ RunTime:0.0009s ]
SQL: SELECT * FROM `tp_flash`  [ RunTime:0.0003s ]
SQL: SHOW COLUMNS FROM `tp_check` [ RunTime:0.0007s ]
SQL: SELECT * FROM `tp_check` WHERE `user_id` = 22 ORDER BY id desc LIMIT 1   [ RunTime:0.0003s ]
SQL: SHOW COLUMNS FROM `tp_weixin_config` [ RunTime:0.0009s ]
SQL: SELECT * FROM `tp_weixin_config` WHERE ( id = 1 ) LIMIT 1   [ RunTime:0.0004s ]
SQL: SHOW COLUMNS FROM `tp_clist` [ RunTime:0.0010s ]
SQL: SELECT * FROM `tp_clist` WHERE ( id = 3 ) LIMIT 1   [ RunTime:0.0004s ]
INFO: [ view_parse ] --START--
INFO: [ template_filter ] --START--
INFO: Run Behavior\ContentReplaceBehavior [ RunTime:0.000061s ]
INFO: [ template_filter ] --END-- [ RunTime:0.000108s ]
NOTIC: [8] Undefined variable: action /data/home/hyu2409230001/htdocs/App/Runtime/Cache/Home/c455c303d26cd6fee17ce879148e9afc.php 第 32 行.
NOTIC: [8] Undefined variable: action /data/home/hyu2409230001/htdocs/App/Runtime/Cache/Home/c455c303d26cd6fee17ce879148e9afc.php 第 36 行.
NOTIC: [8] Undefined variable: action /data/home/hyu2409230001/htdocs/App/Runtime/Cache/Home/c455c303d26cd6fee17ce879148e9afc.php 第 41 行.
NOTIC: [8] Undefined variable: photo /data/home/hyu2409230001/htdocs/App/Runtime/Cache/Home/c455c303d26cd6fee17ce879148e9afc.php 第 212 行.
INFO: Run Behavior\ParseTemplateBehavior [ RunTime:0.010766s ]
INFO: [ view_parse ] --END-- [ RunTime:0.010812s ]
INFO: [ view_filter ] --START--
INFO: Run Behavior\WriteHtmlCacheBehavior [ RunTime:0.000289s ]
INFO: [ view_filter ] --END-- [ RunTime:0.000325s ]
INFO: [ app_end ] --START--
INFO: Run Behavior\ShowPageTraceBehavior [ RunTime:0.000560s ]
INFO: [ app_end ] --END-- [ RunTime:0.000607s ]

[ 2016-11-04T10:05:11+08:00 ] 221.215.172.211 /
INFO: [ app_init ] --START--
INFO: Run Behavior\BuildLiteBehavior [ RunTime:0.000017s ]
INFO: [ app_init ] --END-- [ RunTime:0.000405s ]
INFO: [ app_begin ] --START--
INFO: Run Behavior\ReadHtmlCacheBehavior [ RunTime:0.000665s ]
INFO: [ app_begin ] --END-- [ RunTime:0.000723s ]
SQL: SHOW COLUMNS FROM `tp_member` [ RunTime:0.0021s ]
SQL: SELECT * FROM `tp_member` WHERE `id` = 22 LIMIT 1   [ RunTime:0.0006s ]
SQL: SHOW COLUMNS FROM `tp_flash` [ RunTime:0.0009s ]
SQL: SELECT * FROM `tp_flash`  [ RunTime:0.0003s ]
SQL: SHOW COLUMNS FROM `tp_package` [ RunTime:0.0009s ]
SQL: SELECT * FROM `tp_package` WHERE `id` = 0 LIMIT 1   [ RunTime:0.0003s ]
INFO: [ view_parse ] --START--
INFO: [ template_filter ] --START--
INFO: Run Behavior\ContentReplaceBehavior [ RunTime:0.000043s ]
INFO: [ template_filter ] --END-- [ RunTime:0.000100s ]
NOTIC: [8] Undefined variable: action /data/home/hyu2409230001/htdocs/App/Runtime/Cache/Home/00e52909bed743ea261af4b6823297ff.php 第 25 行.
NOTIC: [8] Undefined variable: action /data/home/hyu2409230001/htdocs/App/Runtime/Cache/Home/00e52909bed743ea261af4b6823297ff.php 第 29 行.
NOTIC: [8] Undefined variable: action /data/home/hyu2409230001/htdocs/App/Runtime/Cache/Home/00e52909bed743ea261af4b6823297ff.php 第 34 行.
INFO: Run Behavior\ParseTemplateBehavior [ RunTime:0.010018s ]
INFO: [ view_parse ] --END-- [ RunTime:0.010065s ]
INFO: [ view_filter ] --START--
INFO: Run Behavior\WriteHtmlCacheBehavior [ RunTime:0.000326s ]
INFO: [ view_filter ] --END-- [ RunTime:0.000364s ]
INFO: [ app_end ] --START--
INFO: Run Behavior\ShowPageTraceBehavior [ RunTime:0.000666s ]
INFO: [ app_end ] --END-- [ RunTime:0.000715s ]

[ 2016-11-04T10:05:13+08:00 ] 221.215.172.211 /index.php?s=/Home/index/getVip.html
INFO: [ app_init ] --START--
INFO: Run Behavior\BuildLiteBehavior [ RunTime:0.000020s ]
INFO: [ app_init ] --END-- [ RunTime:0.000447s ]
INFO: [ app_begin ] --START--
INFO: Run Behavior\ReadHtmlCacheBehavior [ RunTime:0.000689s ]
INFO: [ app_begin ] --END-- [ RunTime:0.000741s ]
SQL: SHOW COLUMNS FROM `tp_member` [ RunTime:0.0016s ]
SQL: SELECT * FROM `tp_member` WHERE `id` = 22 LIMIT 1   [ RunTime:0.0005s ]
SQL: SHOW COLUMNS FROM `tp_flash` [ RunTime:0.0007s ]
SQL: SELECT * FROM `tp_flash`  [ RunTime:0.0003s ]
SQL: SHOW COLUMNS FROM `tp_check` [ RunTime:0.0012s ]
SQL: SELECT * FROM `tp_check` WHERE `user_id` = 22 ORDER BY id desc LIMIT 1   [ RunTime:0.0003s ]

[ 2016-11-04T10:05:13+08:00 ] 221.215.172.211 /index.php?s=/Home/index/s_check.html
INFO: [ app_init ] --START--
INFO: Run Behavior\BuildLiteBehavior [ RunTime:0.000022s ]
INFO: [ app_init ] --END-- [ RunTime:0.000471s ]
INFO: [ app_begin ] --START--
INFO: Run Behavior\ReadHtmlCacheBehavior [ RunTime:0.000704s ]
INFO: [ app_begin ] --END-- [ RunTime:0.000756s ]
SQL: SHOW COLUMNS FROM `tp_member` [ RunTime:0.0015s ]
SQL: SELECT * FROM `tp_member` WHERE `id` = 22 LIMIT 1   [ RunTime:0.0005s ]
SQL: SHOW COLUMNS FROM `tp_flash` [ RunTime:0.0007s ]
SQL: SELECT * FROM `tp_flash`  [ RunTime:0.0003s ]
SQL: SHOW COLUMNS FROM `tp_agreement` [ RunTime:0.0012s ]
SQL: SELECT * FROM `tp_agreement` WHERE ( id = 1 ) LIMIT 1   [ RunTime:0.0011s ]
INFO: [ view_parse ] --START--
INFO: [ template_filter ] --START--
INFO: Run Behavior\ContentReplaceBehavior [ RunTime:0.000043s ]
INFO: [ template_filter ] --END-- [ RunTime:0.000153s ]
INFO: Run Behavior\ParseTemplateBehavior [ RunTime:0.007605s ]
INFO: [ view_parse ] --END-- [ RunTime:0.007658s ]
INFO: [ view_filter ] --START--
INFO: Run Behavior\WriteHtmlCacheBehavior [ RunTime:0.000298s ]
INFO: [ view_filter ] --END-- [ RunTime:0.000339s ]
INFO: [ app_end ] --START--
INFO: Run Behavior\ShowPageTraceBehavior [ RunTime:0.000659s ]
INFO: [ app_end ] --END-- [ RunTime:0.000711s ]

[ 2016-11-04T10:05:16+08:00 ] 221.215.172.211 /index.php?s=/Home/index/s_check.html
INFO: [ app_init ] --START--
INFO: Run Behavior\BuildLiteBehavior [ RunTime:0.000017s ]
INFO: [ app_init ] --END-- [ RunTime:0.000437s ]
INFO: [ app_begin ] --START--
INFO: Run Behavior\ReadHtmlCacheBehavior [ RunTime:0.000735s ]
INFO: [ app_begin ] --END-- [ RunTime:0.000790s ]
SQL: SHOW COLUMNS FROM `tp_member` [ RunTime:0.0014s ]
SQL: SELECT * FROM `tp_member` WHERE `id` = 22 LIMIT 1   [ RunTime:0.0005s ]
SQL: SHOW COLUMNS FROM `tp_flash` [ RunTime:0.0006s ]
SQL: SELECT * FROM `tp_flash`  [ RunTime:0.0003s ]
SQL: SHOW COLUMNS FROM `tp_check` [ RunTime:0.0009s ]
SQL: SELECT * FROM `tp_check` WHERE `user_id` = 22 ORDER BY id desc LIMIT 1   [ RunTime:0.0003s ]
SQL: SHOW COLUMNS FROM `tp_weixin_config` [ RunTime:0.0016s ]
SQL: SELECT * FROM `tp_weixin_config` WHERE ( id = 1 ) LIMIT 1   [ RunTime:0.0003s ]
SQL: SHOW COLUMNS FROM `tp_clist` [ RunTime:0.0009s ]
SQL: SELECT * FROM `tp_clist` WHERE ( id = 3 ) LIMIT 1   [ RunTime:0.0016s ]
INFO: [ view_parse ] --START--
INFO: [ template_filter ] --START--
INFO: Run Behavior\ContentReplaceBehavior [ RunTime:0.000078s ]
INFO: [ template_filter ] --END-- [ RunTime:0.000125s ]
NOTIC: [8] Undefined variable: action /data/home/hyu2409230001/htdocs/App/Runtime/Cache/Home/c455c303d26cd6fee17ce879148e9afc.php 第 32 行.
NOTIC: [8] Undefined variable: action /data/home/hyu2409230001/htdocs/App/Runtime/Cache/Home/c455c303d26cd6fee17ce879148e9afc.php 第 36 行.
NOTIC: [8] Undefined variable: action /data/home/hyu2409230001/htdocs/App/Runtime/Cache/Home/c455c303d26cd6fee17ce879148e9afc.php 第 41 行.
NOTIC: [8] Undefined variable: photo /data/home/hyu2409230001/htdocs/App/Runtime/Cache/Home/c455c303d26cd6fee17ce879148e9afc.php 第 212 行.
INFO: Run Behavior\ParseTemplateBehavior [ RunTime:0.010987s ]
INFO: [ view_parse ] --END-- [ RunTime:0.011033s ]
INFO: [ view_filter ] --START--
INFO: Run Behavior\WriteHtmlCacheBehavior [ RunTime:0.000314s ]
INFO: [ view_filter ] --END-- [ RunTime:0.000350s ]
INFO: [ app_end ] --START--
INFO: Run Behavior\ShowPageTraceBehavior [ RunTime:0.000627s ]
INFO: [ app_end ] --END-- [ RunTime:0.000675s ]

[ 2016-11-04T10:05:29+08:00 ] 101.226.102.97 /index.php?s=/Home/index/getVip.html
INFO: [ app_init ] --START--
INFO: Run Behavior\BuildLiteBehavior [ RunTime:0.000022s ]
INFO: [ app_init ] --END-- [ RunTime:0.000438s ]
INFO: [ app_begin ] --START--
INFO: Run Behavior\ReadHtmlCacheBehavior [ RunTime:0.000773s ]
INFO: [ app_begin ] --END-- [ RunTime:0.000825s ]
NOTIC: [8] Undefined index: nickname /data/home/hyu2409230001/htdocs/App/Home/Controller/BaseController.class.php 第 19 行.

[ 2016-11-04T10:05:30+08:00 ] 101.226.68.197 /index.php?s=/Home/index/getVip.html
INFO: [ app_init ] --START--
INFO: Run Behavior\BuildLiteBehavior [ RunTime:0.000019s ]
INFO: [ app_init ] --END-- [ RunTime:0.000423s ]
INFO: [ app_begin ] --START--
INFO: Run Behavior\ReadHtmlCacheBehavior [ RunTime:0.002817s ]
INFO: [ app_begin ] --END-- [ RunTime:0.002870s ]
NOTIC: [8] Undefined index: nickname /data/home/hyu2409230001/htdocs/App/Home/Controller/BaseController.class.php 第 19 行.

[ 2016-11-04T10:05:30+08:00 ] 101.226.125.105 /index.php?s=/Home/index/getVip.html
INFO: [ app_init ] --START--
INFO: Run Behavior\BuildLiteBehavior [ RunTime:0.000018s ]
INFO: [ app_init ] --END-- [ RunTime:0.000470s ]
INFO: [ app_begin ] --START--
INFO: Run Behavior\ReadHtmlCacheBehavior [ RunTime:0.000684s ]
INFO: [ app_begin ] --END-- [ RunTime:0.000737s ]
NOTIC: [8] Undefined index: nickname /data/home/hyu2409230001/htdocs/App/Home/Controller/BaseController.class.php 第 19 行.

[ 2016-11-04T10:06:25+08:00 ] 221.215.172.211 /index.php?s=/Home/Index/uploadImg.html
INFO: [ app_init ] --START--
INFO: Run Behavior\BuildLiteBehavior [ RunTime:0.000019s ]
INFO: [ app_init ] --END-- [ RunTime:0.000413s ]
INFO: [ app_begin ] --START--
INFO: Run Behavior\ReadHtmlCacheBehavior [ RunTime:0.000756s ]
INFO: [ app_begin ] --END-- [ RunTime:0.000807s ]
SQL: SHOW COLUMNS FROM `tp_member` [ RunTime:0.0020s ]
SQL: SELECT * FROM `tp_member` WHERE `id` = 22 LIMIT 1   [ RunTime:0.0006s ]
SQL: SHOW COLUMNS FROM `tp_flash` [ RunTime:0.0009s ]
SQL: SELECT * FROM `tp_flash`  [ RunTime:0.0003s ]
SQL: SHOW COLUMNS FROM `tp_weixin_config` [ RunTime:0.0013s ]
SQL: SELECT * FROM `tp_weixin_config` WHERE ( id = 1 ) LIMIT 1   [ RunTime:0.0003s ]
NOTIC: [8] Undefined variable: server_id /data/home/hyu2409230001/htdocs/App/Home/Controller/IndexController.class.php 第 389 行.
SQL: SELECT * FROM `tp_weixin_config` WHERE ( id = 1 ) LIMIT 1   [ RunTime:0.0004s ]
SQL: SELECT * FROM `tp_weixin_config` WHERE ( id = 1 ) LIMIT 1   [ RunTime:0.0031s ]
SQL: SHOW COLUMNS FROM `tp_img` [ RunTime:0.0018s ]
SQL: INSERT INTO `tp_img` (`user_id`,`path`,`server_id`,`addtime`) VALUES ('22','/uploads/BL/581bed21af041.jpg','TFALHRptasRQKJKAtYN7k4AcVvhJwr6uMp1wLjd6gUJaCh3BfUp0YQf9VmAipP__','1478225185'),('22','/uploads/BL/581bed21bda0b.jpg','4McHabo2rdzwjAQ_pw3_EMURWnpBuW1hG2aEEMDC52yOx4eyiv2-ZUvqjukUYZp8','1478225185'),('22','/uploads/BL/581bed21ca2e5.jpg','phbwf7KNm5Qtt18FrC67tPAOvPk9L5y0o7-BXu1LtLE6YyLYcf9oKSsxb_E_gJUl','1478225185') [ RunTime:0.0006s ]

[ 2016-11-04T10:09:32+08:00 ] 140.207.54.197 /
INFO: [ app_init ] --START--
INFO: Run Behavior\BuildLiteBehavior [ RunTime:0.000041s ]
INFO: [ app_init ] --END-- [ RunTime:0.000429s ]
INFO: [ app_begin ] --START--
INFO: Run Behavior\ReadHtmlCacheBehavior [ RunTime:0.000665s ]
INFO: [ app_begin ] --END-- [ RunTime:0.000720s ]
NOTIC: [8] Undefined index: nickname /data/home/hyu2409230001/htdocs/App/Home/Controller/BaseController.class.php 第 19 行.

[ 2016-11-04T10:09:43+08:00 ] 101.226.102.237 /
INFO: [ app_init ] --START--
INFO: Run Behavior\BuildLiteBehavior [ RunTime:0.000018s ]
INFO: [ app_init ] --END-- [ RunTime:0.000406s ]
INFO: [ app_begin ] --START--
INFO: Run Behavior\ReadHtmlCacheBehavior [ RunTime:0.000647s ]
INFO: [ app_begin ] --END-- [ RunTime:0.000703s ]
NOTIC: [8] Undefined index: nickname /data/home/hyu2409230001/htdocs/App/Home/Controller/BaseController.class.php 第 19 行.

[ 2016-11-04T10:09:43+08:00 ] 117.185.27.142 /
INFO: [ app_init ] --START--
INFO: Run Behavior\BuildLiteBehavior [ RunTime:0.000022s ]
INFO: [ app_init ] --END-- [ RunTime:0.000436s ]
INFO: [ app_begin ] --START--
INFO: Run Behavior\ReadHtmlCacheBehavior [ RunTime:0.000707s ]
INFO: [ app_begin ] --END-- [ RunTime:0.000764s ]
NOTIC: [8] Undefined index: nickname /data/home/hyu2409230001/htdocs/App/Home/Controller/BaseController.class.php 第 19 行.

[ 2016-11-04T10:09:43+08:00 ] 123.234.28.66 /
INFO: [ app_init ] --START--
INFO: Run Behavior\BuildLiteBehavior [ RunTime:0.000022s ]
INFO: [ app_init ] --END-- [ RunTime:0.000438s ]
INFO: [ app_begin ] --START--
INFO: Run Behavior\ReadHtmlCacheBehavior [ RunTime:0.000704s ]
INFO: [ app_begin ] --END-- [ RunTime:0.000771s ]
NOTIC: [8] Undefined index: nickname /data/home/hyu2409230001/htdocs/App/Home/Controller/BaseController.class.php 第 19 行.

[ 2016-11-04T10:09:43+08:00 ] 101.226.102.237 /?code=041Y6Wpe2rmQxC0rFdqe2qO2qe2Y6Wp7&state=STATE
INFO: [ app_init ] --START--
INFO: Run Behavior\BuildLiteBehavior [ RunTime:0.000023s ]
INFO: [ app_init ] --END-- [ RunTime:0.000491s ]
INFO: [ app_begin ] --START--
INFO: Run Behavior\ReadHtmlCacheBehavior [ RunTime:0.000834s ]
INFO: [ app_begin ] --END-- [ RunTime:0.000888s ]
SQL: SHOW COLUMNS FROM `tp_member` [ RunTime:0.0015s ]
SQL: SELECT * FROM `tp_member` WHERE `openid` = 'oudL8vmc0rq239JsGsk-EWo1XdOU' LIMIT 1   [ RunTime:0.0005s ]

[ 2016-11-04T10:09:44+08:00 ] 101.226.102.237 /index.php?s=/Home/member/register.html
INFO: [ app_init ] --START--
INFO: Run Behavior\BuildLiteBehavior [ RunTime:0.000021s ]
INFO: [ app_init ] --END-- [ RunTime:0.000424s ]
INFO: [ app_begin ] --START--
INFO: Run Behavior\ReadHtmlCacheBehavior [ RunTime:0.000661s ]
INFO: [ app_begin ] --END-- [ RunTime:0.000713s ]
SQL: SHOW COLUMNS FROM `tp_member` [ RunTime:0.0014s ]
SQL: SELECT * FROM `tp_member` WHERE `openid` = 'oudL8vmc0rq239JsGsk-EWo1XdOU' LIMIT 1   [ RunTime:0.0004s ]
SQL: SHOW COLUMNS FROM `tp_weixin_config` [ RunTime:0.0011s ]
SQL: SELECT * FROM `tp_weixin_config` WHERE ( id = 1 ) LIMIT 1   [ RunTime:0.0004s ]
SQL: SHOW COLUMNS FROM `tp_flash` [ RunTime:0.0009s ]
SQL: SELECT * FROM `tp_flash`  [ RunTime:0.0004s ]
SQL: SHOW COLUMNS FROM `tp_clist` [ RunTime:0.0008s ]
SQL: SELECT * FROM `tp_clist` WHERE ( id = 1 ) LIMIT 1   [ RunTime:0.0006s ]
INFO: [ view_parse ] --START--
INFO: [ template_filter ] --START--
INFO: Run Behavior\ContentReplaceBehavior [ RunTime:0.000074s ]
INFO: [ template_filter ] --END-- [ RunTime:0.000136s ]
NOTIC: [8] Undefined variable: action /data/home/hyu2409230001/htdocs/App/Runtime/Cache/Home/ffa265b14a0c497cd85b72a2f6dd2e78.php 第 30 行.
NOTIC: [8] Undefined variable: action /data/home/hyu2409230001/htdocs/App/Runtime/Cache/Home/ffa265b14a0c497cd85b72a2f6dd2e78.php 第 34 行.
NOTIC: [8] Undefined variable: action /data/home/hyu2409230001/htdocs/App/Runtime/Cache/Home/ffa265b14a0c497cd85b72a2f6dd2e78.php 第 39 行.
NOTIC: [8] Undefined variable: photo /data/home/hyu2409230001/htdocs/App/Runtime/Cache/Home/ffa265b14a0c497cd85b72a2f6dd2e78.php 第 488 行.
INFO: Run Behavior\ParseTemplateBehavior [ RunTime:0.014232s ]
INFO: [ view_parse ] --END-- [ RunTime:0.014295s ]
INFO: [ view_filter ] --START--
INFO: Run Behavior\WriteHtmlCacheBehavior [ RunTime:0.000360s ]
INFO: [ view_filter ] --END-- [ RunTime:0.000406s ]
INFO: [ app_end ] --START--
INFO: Run Behavior\ShowPageTraceBehavior [ RunTime:0.000624s ]
INFO: [ app_end ] --END-- [ RunTime:0.000670s ]

[ 2016-11-04T10:09:46+08:00 ] 221.215.172.211 /
INFO: [ app_init ] --START--
INFO: Run Behavior\BuildLiteBehavior [ RunTime:0.000021s ]
INFO: [ app_init ] --END-- [ RunTime:0.000452s ]
INFO: [ app_begin ] --START--
INFO: Run Behavior\ReadHtmlCacheBehavior [ RunTime:0.000747s ]
INFO: [ app_begin ] --END-- [ RunTime:0.000803s ]
SQL: SHOW COLUMNS FROM `tp_member` [ RunTime:0.0078s ]
SQL: SELECT * FROM `tp_member` WHERE `id` = 22 LIMIT 1   [ RunTime:0.0009s ]
SQL: SHOW COLUMNS FROM `tp_flash` [ RunTime:0.0008s ]
SQL: SELECT * FROM `tp_flash`  [ RunTime:0.0002s ]
SQL: SHOW COLUMNS FROM `tp_package` [ RunTime:0.0010s ]
SQL: SELECT * FROM `tp_package` WHERE `id` = 0 LIMIT 1   [ RunTime:0.0004s ]
INFO: [ view_parse ] --START--
INFO: [ template_filter ] --START--
INFO: Run Behavior\ContentReplaceBehavior [ RunTime:0.000040s ]
INFO: [ template_filter ] --END-- [ RunTime:0.000086s ]
NOTIC: [8] Undefined variable: action /data/home/hyu2409230001/htdocs/App/Runtime/Cache/Home/00e52909bed743ea261af4b6823297ff.php 第 25 行.
NOTIC: [8] Undefined variable: action /data/home/hyu2409230001/htdocs/App/Runtime/Cache/Home/00e52909bed743ea261af4b6823297ff.php 第 29 行.
NOTIC: [8] Undefined variable: action /data/home/hyu2409230001/htdocs/App/Runtime/Cache/Home/00e52909bed743ea261af4b6823297ff.php 第 34 行.
INFO: Run Behavior\ParseTemplateBehavior [ RunTime:0.009999s ]
INFO: [ view_parse ] --END-- [ RunTime:0.010048s ]
INFO: [ view_filter ] --START--
INFO: Run Behavior\WriteHtmlCacheBehavior [ RunTime:0.000291s ]
INFO: [ view_filter ] --END-- [ RunTime:0.000328s ]
INFO: [ app_end ] --START--
INFO: Run Behavior\ShowPageTraceBehavior [ RunTime:0.000612s ]
INFO: [ app_end ] --END-- [ RunTime:0.000659s ]

[ 2016-11-04T10:09:48+08:00 ] 221.215.172.211 /
INFO: [ app_init ] --START--
INFO: Run Behavior\BuildLiteBehavior [ RunTime:0.000019s ]
INFO: [ app_init ] --END-- [ RunTime:0.000682s ]
INFO: [ app_begin ] --START--
INFO: Run Behavior\ReadHtmlCacheBehavior [ RunTime:0.000705s ]
INFO: [ app_begin ] --END-- [ RunTime:0.000764s ]
SQL: SHOW COLUMNS FROM `tp_member` [ RunTime:0.0015s ]
SQL: SELECT * FROM `tp_member` WHERE `id` = 22 LIMIT 1   [ RunTime:0.0006s ]
SQL: SHOW COLUMNS FROM `tp_flash` [ RunTime:0.0007s ]
SQL: SELECT * FROM `tp_flash`  [ RunTime:0.0003s ]
SQL: SHOW COLUMNS FROM `tp_package` [ RunTime:0.0007s ]
SQL: SELECT * FROM `tp_package` WHERE `id` = 0 LIMIT 1   [ RunTime:0.0003s ]
INFO: [ view_parse ] --START--
INFO: [ template_filter ] --START--
INFO: Run Behavior\ContentReplaceBehavior [ RunTime:0.000038s ]
INFO: [ template_filter ] --END-- [ RunTime:0.000089s ]
NOTIC: [8] Undefined variable: action /data/home/hyu2409230001/htdocs/App/Runtime/Cache/Home/00e52909bed743ea261af4b6823297ff.php 第 25 行.
NOTIC: [8] Undefined variable: action /data/home/hyu2409230001/htdocs/App/Runtime/Cache/Home/00e52909bed743ea261af4b6823297ff.php 第 29 行.
NOTIC: [8] Undefined variable: action /data/home/hyu2409230001/htdocs/App/Runtime/Cache/Home/00e52909bed743ea261af4b6823297ff.php 第 34 行.
INFO: Run Behavior\ParseTemplateBehavior [ RunTime:0.010535s ]
INFO: [ view_parse ] --END-- [ RunTime:0.010586s ]
INFO: [ view_filter ] --START--
INFO: Run Behavior\WriteHtmlCacheBehavior [ RunTime:0.000317s ]
INFO: [ view_filter ] --END-- [ RunTime:0.000354s ]
INFO: [ app_end ] --START--
INFO: Run Behavior\ShowPageTraceBehavior [ RunTime:0.000648s ]
INFO: [ app_end ] --END-- [ RunTime:0.000694s ]

[ 2016-11-04T10:09:50+08:00 ] 221.215.172.211 /index.php?s=/Home/index/getVip.html
INFO: [ app_init ] --START--
INFO: Run Behavior\BuildLiteBehavior [ RunTime:0.000019s ]
INFO: [ app_init ] --END-- [ RunTime:0.000417s ]
INFO: [ app_begin ] --START--
INFO: Run Behavior\ReadHtmlCacheBehavior [ RunTime:0.000687s ]
INFO: [ app_begin ] --END-- [ RunTime:0.000741s ]
SQL: SHOW COLUMNS FROM `tp_member` [ RunTime:0.0018s ]
SQL: SELECT * FROM `tp_member` WHERE `id` = 22 LIMIT 1   [ RunTime:0.0008s ]
SQL: SHOW COLUMNS FROM `tp_flash` [ RunTime:0.0012s ]
SQL: SELECT * FROM `tp_flash`  [ RunTime:0.0003s ]
SQL: SHOW COLUMNS FROM `tp_check` [ RunTime:0.0008s ]
SQL: SELECT * FROM `tp_check` WHERE `user_id` = 22 ORDER BY id desc LIMIT 1   [ RunTime:0.0005s ]

[ 2016-11-04T10:09:50+08:00 ] 221.215.172.211 /index.php?s=/Home/index/s_check.html
INFO: [ app_init ] --START--
INFO: Run Behavior\BuildLiteBehavior [ RunTime:0.000018s ]
INFO: [ app_init ] --END-- [ RunTime:0.000440s ]
INFO: [ app_begin ] --START--
INFO: Run Behavior\ReadHtmlCacheBehavior [ RunTime:0.000736s ]
INFO: [ app_begin ] --END-- [ RunTime:0.000801s ]
SQL: SHOW COLUMNS FROM `tp_member` [ RunTime:0.0020s ]
SQL: SELECT * FROM `tp_member` WHERE `id` = 22 LIMIT 1   [ RunTime:0.0006s ]
SQL: SHOW COLUMNS FROM `tp_flash` [ RunTime:0.0008s ]
SQL: SELECT * FROM `tp_flash`  [ RunTime:0.0003s ]
SQL: SHOW COLUMNS FROM `tp_agreement` [ RunTime:0.0008s ]
SQL: SELECT * FROM `tp_agreement` WHERE ( id = 1 ) LIMIT 1   [ RunTime:0.0009s ]
INFO: [ view_parse ] --START--
INFO: [ template_filter ] --START--
INFO: Run Behavior\ContentReplaceBehavior [ RunTime:0.000036s ]
INFO: [ template_filter ] --END-- [ RunTime:0.000110s ]
INFO: Run Behavior\ParseTemplateBehavior [ RunTime:0.006215s ]
INFO: [ view_parse ] --END-- [ RunTime:0.006278s ]
INFO: [ view_filter ] --START--
INFO: Run Behavior\WriteHtmlCacheBehavior [ RunTime:0.000394s ]
INFO: [ view_filter ] --END-- [ RunTime:0.000441s ]
INFO: [ app_end ] --START--
INFO: Run Behavior\ShowPageTraceBehavior [ RunTime:0.000612s ]
INFO: [ app_end ] --END-- [ RunTime:0.000661s ]

[ 2016-11-04T10:09:53+08:00 ] 221.215.172.211 /index.php?s=/Home/index/s_check.html
INFO: [ app_init ] --START--
INFO: Run Behavior\BuildLiteBehavior [ RunTime:0.000017s ]
INFO: [ app_init ] --END-- [ RunTime:0.000422s ]
INFO: [ app_begin ] --START--
INFO: Run Behavior\ReadHtmlCacheBehavior [ RunTime:0.000664s ]
INFO: [ app_begin ] --END-- [ RunTime:0.000717s ]
SQL: SHOW COLUMNS FROM `tp_member` [ RunTime:0.0019s ]
SQL: SELECT * FROM `tp_member` WHERE `id` = 22 LIMIT 1   [ RunTime:0.0006s ]
SQL: SHOW COLUMNS FROM `tp_flash` [ RunTime:0.0007s ]
SQL: SELECT * FROM `tp_flash`  [ RunTime:0.0003s ]
SQL: SHOW COLUMNS FROM `tp_check` [ RunTime:0.0010s ]
SQL: SELECT * FROM `tp_check` WHERE `user_id` = 22 ORDER BY id desc LIMIT 1   [ RunTime:0.0003s ]
SQL: SHOW COLUMNS FROM `tp_weixin_config` [ RunTime:0.0006s ]
SQL: SELECT * FROM `tp_weixin_config` WHERE ( id = 1 ) LIMIT 1   [ RunTime:0.0003s ]
SQL: SHOW COLUMNS FROM `tp_clist` [ RunTime:0.0006s ]
SQL: SELECT * FROM `tp_clist` WHERE ( id = 3 ) LIMIT 1   [ RunTime:0.0004s ]
INFO: [ view_parse ] --START--
INFO: [ template_filter ] --START--
INFO: Run Behavior\ContentReplaceBehavior [ RunTime:0.000056s ]
INFO: [ template_filter ] --END-- [ RunTime:0.000104s ]
NOTIC: [8] Undefined variable: action /data/home/hyu2409230001/htdocs/App/Runtime/Cache/Home/c455c303d26cd6fee17ce879148e9afc.php 第 32 行.
NOTIC: [8] Undefined variable: action /data/home/hyu2409230001/htdocs/App/Runtime/Cache/Home/c455c303d26cd6fee17ce879148e9afc.php 第 36 行.
NOTIC: [8] Undefined variable: action /data/home/hyu2409230001/htdocs/App/Runtime/Cache/Home/c455c303d26cd6fee17ce879148e9afc.php 第 41 行.
NOTIC: [8] Undefined variable: photo /data/home/hyu2409230001/htdocs/App/Runtime/Cache/Home/c455c303d26cd6fee17ce879148e9afc.php 第 212 行.
INFO: Run Behavior\ParseTemplateBehavior [ RunTime:0.010698s ]
INFO: [ view_parse ] --END-- [ RunTime:0.010743s ]
INFO: [ view_filter ] --START--
INFO: Run Behavior\WriteHtmlCacheBehavior [ RunTime:0.000322s ]
INFO: [ view_filter ] --END-- [ RunTime:0.000359s ]
INFO: [ app_end ] --START--
INFO: Run Behavior\ShowPageTraceBehavior [ RunTime:0.000590s ]
INFO: [ app_end ] --END-- [ RunTime:0.000639s ]

[ 2016-11-04T10:10:15+08:00 ] 221.215.172.211 /index.php?s=/Home/Index/uploadImg.html
INFO: [ app_init ] --START--
INFO: Run Behavior\BuildLiteBehavior [ RunTime:0.000024s ]
INFO: [ app_init ] --END-- [ RunTime:0.000472s ]
INFO: [ app_begin ] --START--
INFO: Run Behavior\ReadHtmlCacheBehavior [ RunTime:0.000692s ]
INFO: [ app_begin ] --END-- [ RunTime:0.000750s ]
SQL: SHOW COLUMNS FROM `tp_member` [ RunTime:0.0016s ]
SQL: SELECT * FROM `tp_member` WHERE `id` = 22 LIMIT 1   [ RunTime:0.0007s ]
SQL: SHOW COLUMNS FROM `tp_flash` [ RunTime:0.0009s ]
SQL: SELECT * FROM `tp_flash`  [ RunTime:0.0003s ]
SQL: SHOW COLUMNS FROM `tp_weixin_config` [ RunTime:0.0007s ]
SQL: SELECT * FROM `tp_weixin_config` WHERE ( id = 1 ) LIMIT 1   [ RunTime:0.0003s ]
NOTIC: [8] Undefined variable: server_id /data/home/hyu2409230001/htdocs/App/Home/Controller/IndexController.class.php 第 389 行.
SQL: SELECT * FROM `tp_weixin_config` WHERE ( id = 1 ) LIMIT 1   [ RunTime:0.0005s ]
SQL: SELECT * FROM `tp_weixin_config` WHERE ( id = 1 ) LIMIT 1   [ RunTime:0.0004s ]
SQL: SHOW COLUMNS FROM `tp_img` [ RunTime:0.0015s ]
SQL: INSERT INTO `tp_img` (`user_id`,`path`,`server_id`,`addtime`) VALUES ('22','/uploads/BL/581bee07aa948.jpg','nymeHoa0YpENXv1NtWqqjEfyLUjMqimYtqlrZDqZHHUHLf9d5YwozeuMseUK9Lvd','1478225415'),('22','/uploads/BL/581bee07b3bee.jpg','KdbpVED2oku-lAEYf6XiwWz7fn9MNqchD-U7p3hXIFjj4fzQCxTK-t1zRw0w1C87','1478225415'),('22','/uploads/BL/581bee07c1c99.jpg','c4AeWPiZbMns0ilhbNWCMBbWxGuMHo1Q7wQTd10ChW6h1BdIQ5ARAMU3GOwCe5Mh','1478225415') [ RunTime:0.0124s ]

[ 2016-11-04T10:10:19+08:00 ] 221.215.172.211 /index.php?s=/Home/index/save_check.html
INFO: [ app_init ] --START--
INFO: Run Behavior\BuildLiteBehavior [ RunTime:0.000018s ]
INFO: [ app_init ] --END-- [ RunTime:0.000430s ]
INFO: [ app_begin ] --START--
INFO: Run Behavior\ReadHtmlCacheBehavior [ RunTime:0.000665s ]
INFO: [ app_begin ] --END-- [ RunTime:0.000721s ]
SQL: SHOW COLUMNS FROM `tp_member` [ RunTime:0.0015s ]
SQL: SELECT * FROM `tp_member` WHERE `id` = 22 LIMIT 1   [ RunTime:0.0005s ]
SQL: SHOW COLUMNS FROM `tp_flash` [ RunTime:0.0007s ]
SQL: SELECT * FROM `tp_flash`  [ RunTime:0.0003s ]
SQL: SHOW COLUMNS FROM `tp_check` [ RunTime:0.0007s ]
SQL: INSERT INTO `tp_check` (`user_id`,`doctor_bh`,`bl_img`,`addtime`) VALUES ('22','TZ00001','nymeHoa0YpENXv1NtWqqjEfyLUjMqimYtqlrZDqZHHUHLf9d5YwozeuMseUK9Lvd,KdbpVED2oku-lAEYf6XiwWz7fn9MNqchD-U7p3hXIFjj4fzQCxTK-t1zRw0w1C87','1478225419') [ RunTime:0.0006s ]
INFO: [ view_parse ] --START--
INFO: [ template_filter ] --START--
INFO: Run Behavior\ContentReplaceBehavior [ RunTime:0.000033s ]
INFO: [ template_filter ] --END-- [ RunTime:0.000112s ]
INFO: Run Behavior\ParseTemplateBehavior [ RunTime:0.006149s ]
INFO: [ view_parse ] --END-- [ RunTime:0.006197s ]
INFO: [ view_filter ] --START--
INFO: Run Behavior\WriteHtmlCacheBehavior [ RunTime:0.000300s ]
INFO: [ view_filter ] --END-- [ RunTime:0.000340s ]
INFO: [ app_end ] --START--
INFO: Run Behavior\ShowPageTraceBehavior [ RunTime:0.000586s ]
INFO: [ app_end ] --END-- [ RunTime:0.000638s ]

[ 2016-11-04T10:10:21+08:00 ] 221.215.172.211 /index.php?s=/Home/Index/index.html
INFO: [ app_init ] --START--
INFO: Run Behavior\BuildLiteBehavior [ RunTime:0.000018s ]
INFO: [ app_init ] --END-- [ RunTime:0.000409s ]
INFO: [ app_begin ] --START--
INFO: Run Behavior\ReadHtmlCacheBehavior [ RunTime:0.000654s ]
INFO: [ app_begin ] --END-- [ RunTime:0.000707s ]
SQL: SHOW COLUMNS FROM `tp_member` [ RunTime:0.0020s ]
SQL: SELECT * FROM `tp_member` WHERE `id` = 22 LIMIT 1   [ RunTime:0.0006s ]
SQL: SHOW COLUMNS FROM `tp_flash` [ RunTime:0.0011s ]
SQL: SELECT * FROM `tp_flash`  [ RunTime:0.0003s ]
SQL: SHOW COLUMNS FROM `tp_package` [ RunTime:0.0010s ]
SQL: SELECT * FROM `tp_package` WHERE `id` = 0 LIMIT 1   [ RunTime:0.0003s ]
INFO: [ view_parse ] --START--
INFO: [ template_filter ] --START--
INFO: Run Behavior\ContentReplaceBehavior [ RunTime:0.000042s ]
INFO: [ template_filter ] --END-- [ RunTime:0.000101s ]
NOTIC: [8] Undefined variable: action /data/home/hyu2409230001/htdocs/App/Runtime/Cache/Home/00e52909bed743ea261af4b6823297ff.php 第 25 行.
NOTIC: [8] Undefined variable: action /data/home/hyu2409230001/htdocs/App/Runtime/Cache/Home/00e52909bed743ea261af4b6823297ff.php 第 29 行.
NOTIC: [8] Undefined variable: action /data/home/hyu2409230001/htdocs/App/Runtime/Cache/Home/00e52909bed743ea261af4b6823297ff.php 第 34 行.
INFO: Run Behavior\ParseTemplateBehavior [ RunTime:0.010441s ]
INFO: [ view_parse ] --END-- [ RunTime:0.010495s ]
INFO: [ view_filter ] --START--
INFO: Run Behavior\WriteHtmlCacheBehavior [ RunTime:0.000348s ]
INFO: [ view_filter ] --END-- [ RunTime:0.000393s ]
INFO: [ app_end ] --START--
INFO: Run Behavior\ShowPageTraceBehavior [ RunTime:0.000590s ]
INFO: [ app_end ] --END-- [ RunTime:0.000635s ]

[ 2016-11-04T10:14:36+08:00 ] 221.215.172.211 /index.php?s=/Home/Index/index.html
INFO: [ app_init ] --START--
INFO: Run Behavior\BuildLiteBehavior [ RunTime:0.000017s ]
INFO: [ app_init ] --END-- [ RunTime:0.000405s ]
INFO: [ app_begin ] --START--
INFO: Run Behavior\ReadHtmlCacheBehavior [ RunTime:0.000662s ]
INFO: [ app_begin ] --END-- [ RunTime:0.000740s ]
SQL: SHOW COLUMNS FROM `tp_member` [ RunTime:0.0025s ]
SQL: SELECT * FROM `tp_member` WHERE `id` = 22 LIMIT 1   [ RunTime:0.0010s ]
SQL: SHOW COLUMNS FROM `tp_flash` [ RunTime:0.0015s ]
SQL: SELECT * FROM `tp_flash`  [ RunTime:0.0005s ]
SQL: SHOW COLUMNS FROM `tp_package` [ RunTime:0.0012s ]
SQL: SELECT * FROM `tp_package` WHERE `id` = 0 LIMIT 1   [ RunTime:0.0005s ]
INFO: [ view_parse ] --START--
INFO: [ template_filter ] --START--
INFO: Run Behavior\ContentReplaceBehavior [ RunTime:0.000060s ]
INFO: [ template_filter ] --END-- [ RunTime:0.000138s ]
NOTIC: [8] Undefined variable: action /data/home/hyu2409230001/htdocs/App/Runtime/Cache/Home/00e52909bed743ea261af4b6823297ff.php 第 25 行.
NOTIC: [8] Undefined variable: action /data/home/hyu2409230001/htdocs/App/Runtime/Cache/Home/00e52909bed743ea261af4b6823297ff.php 第 29 行.
NOTIC: [8] Undefined variable: action /data/home/hyu2409230001/htdocs/App/Runtime/Cache/Home/00e52909bed743ea261af4b6823297ff.php 第 34 行.
INFO: Run Behavior\ParseTemplateBehavior [ RunTime:0.011249s ]
INFO: [ view_parse ] --END-- [ RunTime:0.011300s ]
INFO: [ view_filter ] --START--
INFO: Run Behavior\WriteHtmlCacheBehavior [ RunTime:0.000321s ]
INFO: [ view_filter ] --END-- [ RunTime:0.000360s ]
INFO: [ app_end ] --START--
INFO: Run Behavior\ShowPageTraceBehavior [ RunTime:0.000638s ]
INFO: [ app_end ] --END-- [ RunTime:0.000685s ]

[ 2016-11-04T10:54:10+08:00 ] 219.147.31.174 /
INFO: [ app_init ] --START--
INFO: Run Behavior\BuildLiteBehavior [ RunTime:0.000019s ]
INFO: [ app_init ] --END-- [ RunTime:0.000439s ]
INFO: [ app_begin ] --START--
INFO: Run Behavior\ReadHtmlCacheBehavior [ RunTime:0.000683s ]
INFO: [ app_begin ] --END-- [ RunTime:0.000738s ]
NOTIC: [8] Undefined index: nickname /data/home/hyu2409230001/htdocs/App/Home/Controller/BaseController.class.php 第 19 行.

[ 2016-11-04T11:18:27+08:00 ] 121.42.0.84 /
INFO: [ app_init ] --START--
INFO: Run Behavior\BuildLiteBehavior [ RunTime:0.000018s ]
INFO: [ app_init ] --END-- [ RunTime:0.000453s ]
INFO: [ app_begin ] --START--
INFO: Run Behavior\ReadHtmlCacheBehavior [ RunTime:0.000709s ]
INFO: [ app_begin ] --END-- [ RunTime:0.000763s ]
NOTIC: [8] Undefined index: nickname /data/home/hyu2409230001/htdocs/App/Home/Controller/BaseController.class.php 第 19 行.

[ 2016-11-04T11:19:59+08:00 ] 121.42.0.84 /extensions/kindeditor/themes/default/default.png)
INFO: [ app_init ] --START--
INFO: Run Behavior\BuildLiteBehavior [ RunTime:0.000020s ]
INFO: [ app_init ] --END-- [ RunTime:0.000418s ]
NOTIC: [2] preg_replace(): Compilation failed: unmatched parentheses at offset 5 /data/home/hyu2409230001/htdocs/ThinkPHP/Library/Think/Dispatcher.class.php 第 127 行.
NOTIC: [2] preg_replace(): Compilation failed: unmatched parentheses at offset 5 /data/home/hyu2409230001/htdocs/ThinkPHP/Library/Think/Route.class.php 第 20 行.
INFO: [ app_begin ] --START--
INFO: Run Behavior\ReadHtmlCacheBehavior [ RunTime:0.000742s ]
INFO: [ app_begin ] --END-- [ RunTime:0.000790s ]
ERR: 无法加载控制器:Kindeditor

[ 2016-11-04T19:21:23+08:00 ] 123.151.42.52 /
INFO: [ app_init ] --START--
INFO: Run Behavior\BuildLiteBehavior [ RunTime:0.000019s ]
INFO: [ app_init ] --END-- [ RunTime:0.000447s ]
INFO: [ app_begin ] --START--
INFO: Run Behavior\ReadHtmlCacheBehavior [ RunTime:0.000705s ]
INFO: [ app_begin ] --END-- [ RunTime:0.000770s ]
NOTIC: [8] Undefined index: nickname /data/home/hyu2409230001/htdocs/App/Home/Controller/BaseController.class.php 第 19 行.

[ 2016-11-04T19:21:24+08:00 ] 123.151.42.52 /?code=011BjKgV1K5WJT0itUfV1hLJgV1BjKgH&state=STATE
INFO: [ app_init ] --START--
INFO: Run Behavior\BuildLiteBehavior [ RunTime:0.000018s ]
INFO: [ app_init ] --END-- [ RunTime:0.000439s ]
INFO: [ app_begin ] --START--
INFO: Run Behavior\ReadHtmlCacheBehavior [ RunTime:0.000680s ]
INFO: [ app_begin ] --END-- [ RunTime:0.000734s ]
SQL: SHOW COLUMNS FROM `tp_member` [ RunTime:0.0023s ]
SQL: SELECT * FROM `tp_member` WHERE `openid` = 'oudL8vu2gvrXVmnaZq09IvhXwZzU' LIMIT 1   [ RunTime:0.0007s ]

[ 2016-11-04T19:21:24+08:00 ] 123.151.42.52 /index.php?s=/Home/member/register.html
INFO: [ app_init ] --START--
INFO: Run Behavior\BuildLiteBehavior [ RunTime:0.000021s ]
INFO: [ app_init ] --END-- [ RunTime:0.000452s ]
INFO: [ app_begin ] --START--
INFO: Run Behavior\ReadHtmlCacheBehavior [ RunTime:0.000693s ]
INFO: [ app_begin ] --END-- [ RunTime:0.000768s ]
SQL: SHOW COLUMNS FROM `tp_member` [ RunTime:0.0015s ]
SQL: SELECT * FROM `tp_member` WHERE `openid` = 'oudL8vu2gvrXVmnaZq09IvhXwZzU' LIMIT 1   [ RunTime:0.0004s ]
SQL: SHOW COLUMNS FROM `tp_weixin_config` [ RunTime:0.0011s ]
SQL: SELECT * FROM `tp_weixin_config` WHERE ( id = 1 ) LIMIT 1   [ RunTime:0.0017s ]
SQL: SHOW COLUMNS FROM `tp_flash` [ RunTime:0.0015s ]
SQL: SELECT * FROM `tp_flash`  [ RunTime:0.0005s ]
SQL: SHOW COLUMNS FROM `tp_clist` [ RunTime:0.0011s ]
SQL: SELECT * FROM `tp_clist` WHERE ( id = 1 ) LIMIT 1   [ RunTime:0.0006s ]
INFO: [ view_parse ] --START--
INFO: [ template_filter ] --START--
INFO: Run Behavior\ContentReplaceBehavior [ RunTime:0.000074s ]
INFO: [ template_filter ] --END-- [ RunTime:0.000138s ]
NOTIC: [8] Undefined variable: action /data/home/hyu2409230001/htdocs/App/Runtime/Cache/Home/ffa265b14a0c497cd85b72a2f6dd2e78.php 第 30 行.
NOTIC: [8] Undefined variable: action /data/home/hyu2409230001/htdocs/App/Runtime/Cache/Home/ffa265b14a0c497cd85b72a2f6dd2e78.php 第 34 行.
NOTIC: [8] Undefined variable: action /data/home/hyu2409230001/htdocs/App/Runtime/Cache/Home/ffa265b14a0c497cd85b72a2f6dd2e78.php 第 39 行.
NOTIC: [8] Undefined variable: photo /data/home/hyu2409230001/htdocs/App/Runtime/Cache/Home/ffa265b14a0c497cd85b72a2f6dd2e78.php 第 488 行.
INFO: Run Behavior\ParseTemplateBehavior [ RunTime:0.015639s ]
INFO: [ view_parse ] --END-- [ RunTime:0.015709s ]
INFO: [ view_filter ] --START--
INFO: Run Behavior\WriteHtmlCacheBehavior [ RunTime:0.000342s ]
INFO: [ view_filter ] --END-- [ RunTime:0.000379s ]
INFO: [ app_end ] --START--
INFO: Run Behavior\ShowPageTraceBehavior [ RunTime:0.000676s ]
INFO: [ app_end ] --END-- [ RunTime:0.000732s ]

[ 2016-11-04T19:21:39+08:00 ] 123.151.42.52 /index.php?s=/Home/index/goods.html
INFO: [ app_init ] --START--
INFO: Run Behavior\BuildLiteBehavior [ RunTime:0.000018s ]
INFO: [ app_init ] --END-- [ RunTime:0.000439s ]
INFO: [ app_begin ] --START--
INFO: Run Behavior\ReadHtmlCacheBehavior [ RunTime:0.000677s ]
INFO: [ app_begin ] --END-- [ RunTime:0.000730s ]
SQL: SHOW COLUMNS FROM `tp_member` [ RunTime:0.0015s ]
SQL: SELECT * FROM `tp_member` WHERE `openid` = 'oudL8vu2gvrXVmnaZq09IvhXwZzU' LIMIT 1   [ RunTime:0.0004s ]

[ 2016-11-04T19:21:39+08:00 ] 123.151.42.52 /index.php?s=/Home/member/register.html
INFO: [ app_init ] --START--
INFO: Run Behavior\BuildLiteBehavior [ RunTime:0.000019s ]
INFO: [ app_init ] --END-- [ RunTime:0.000409s ]
INFO: [ app_begin ] --START--
INFO: Run Behavior\ReadHtmlCacheBehavior [ RunTime:0.000733s ]
INFO: [ app_begin ] --END-- [ RunTime:0.000791s ]
SQL: SHOW COLUMNS FROM `tp_member` [ RunTime:0.0015s ]
SQL: SELECT * FROM `tp_member` WHERE `openid` = 'oudL8vu2gvrXVmnaZq09IvhXwZzU' LIMIT 1   [ RunTime:0.0004s ]
SQL: SHOW COLUMNS FROM `tp_weixin_config` [ RunTime:0.0007s ]
SQL: SELECT * FROM `tp_weixin_config` WHERE ( id = 1 ) LIMIT 1   [ RunTime:0.0003s ]
SQL: SHOW COLUMNS FROM `tp_flash` [ RunTime:0.0006s ]
SQL: SELECT * FROM `tp_flash`  [ RunTime:0.0003s ]
SQL: SHOW COLUMNS FROM `tp_clist` [ RunTime:0.0006s ]
SQL: SELECT * FROM `tp_clist` WHERE ( id = 1 ) LIMIT 1   [ RunTime:0.0003s ]
INFO: [ view_parse ] --START--
INFO: [ template_filter ] --START--
INFO: Run Behavior\ContentReplaceBehavior [ RunTime:0.000070s ]
INFO: [ template_filter ] --END-- [ RunTime:0.000127s ]
NOTIC: [8] Undefined variable: action /data/home/hyu2409230001/htdocs/App/Runtime/Cache/Home/ffa265b14a0c497cd85b72a2f6dd2e78.php 第 30 行.
NOTIC: [8] Undefined variable: action /data/home/hyu2409230001/htdocs/App/Runtime/Cache/Home/ffa265b14a0c497cd85b72a2f6dd2e78.php 第 34 行.
NOTIC: [8] Undefined variable: action /data/home/hyu2409230001/htdocs/App/Runtime/Cache/Home/ffa265b14a0c497cd85b72a2f6dd2e78.php 第 39 行.
NOTIC: [8] Undefined variable: photo /data/home/hyu2409230001/htdocs/App/Runtime/Cache/Home/ffa265b14a0c497cd85b72a2f6dd2e78.php 第 488 行.
INFO: Run Behavior\ParseTemplateBehavior [ RunTime:0.014391s ]
INFO: [ view_parse ] --END-- [ RunTime:0.014438s ]
INFO: [ view_filter ] --START--
INFO: Run Behavior\WriteHtmlCacheBehavior [ RunTime:0.000325s ]
INFO: [ view_filter ] --END-- [ RunTime:0.000363s ]
INFO: [ app_end ] --START--
INFO: Run Behavior\ShowPageTraceBehavior [ RunTime:0.000637s ]
INFO: [ app_end ] --END-- [ RunTime:0.000684s ]

[ 2016-11-04T19:21:41+08:00 ] 123.151.42.52 /index.php?s=/Home/index/goods.html
INFO: [ app_init ] --START--
INFO: Run Behavior\BuildLiteBehavior [ RunTime:0.000020s ]
INFO: [ app_init ] --END-- [ RunTime:0.000445s ]
INFO: [ app_begin ] --START--
INFO: Run Behavior\ReadHtmlCacheBehavior [ RunTime:0.000712s ]
INFO: [ app_begin ] --END-- [ RunTime:0.000767s ]
SQL: SHOW COLUMNS FROM `tp_member` [ RunTime:0.0021s ]
SQL: SELECT * FROM `tp_member` WHERE `openid` = 'oudL8vu2gvrXVmnaZq09IvhXwZzU' LIMIT 1   [ RunTime:0.0004s ]

[ 2016-11-04T19:21:41+08:00 ] 123.151.42.52 /index.php?s=/Home/member/register.html
INFO: [ app_init ] --START--
INFO: Run Behavior\BuildLiteBehavior [ RunTime:0.000019s ]
INFO: [ app_init ] --END-- [ RunTime:0.000541s ]
INFO: [ app_begin ] --START--
INFO: Run Behavior\ReadHtmlCacheBehavior [ RunTime:0.000701s ]
INFO: [ app_begin ] --END-- [ RunTime:0.000756s ]
SQL: SHOW COLUMNS FROM `tp_member` [ RunTime:0.0018s ]
SQL: SELECT * FROM `tp_member` WHERE `openid` = 'oudL8vu2gvrXVmnaZq09IvhXwZzU' LIMIT 1   [ RunTime:0.0004s ]
SQL: SHOW COLUMNS FROM `tp_weixin_config` [ RunTime:0.0008s ]
SQL: SELECT * FROM `tp_weixin_config` WHERE ( id = 1 ) LIMIT 1   [ RunTime:0.0004s ]
SQL: SHOW COLUMNS FROM `tp_flash` [ RunTime:0.0008s ]
SQL: SELECT * FROM `tp_flash`  [ RunTime:0.0003s ]
SQL: SHOW COLUMNS FROM `tp_clist` [ RunTime:0.0008s ]
SQL: SELECT * FROM `tp_clist` WHERE ( id = 1 ) LIMIT 1   [ RunTime:0.0003s ]
INFO: [ view_parse ] --START--
INFO: [ template_filter ] --START--
INFO: Run Behavior\ContentReplaceBehavior [ RunTime:0.000087s ]
INFO: [ template_filter ] --END-- [ RunTime:0.000137s ]
NOTIC: [8] Undefined variable: action /data/home/hyu2409230001/htdocs/App/Runtime/Cache/Home/ffa265b14a0c497cd85b72a2f6dd2e78.php 第 30 行.
NOTIC: [8] Undefined variable: action /data/home/hyu2409230001/htdocs/App/Runtime/Cache/Home/ffa265b14a0c497cd85b72a2f6dd2e78.php 第 34 行.
NOTIC: [8] Undefined variable: action /data/home/hyu2409230001/htdocs/App/Runtime/Cache/Home/ffa265b14a0c497cd85b72a2f6dd2e78.php 第 39 行.
NOTIC: [8] Undefined variable: photo /data/home/hyu2409230001/htdocs/App/Runtime/Cache/Home/ffa265b14a0c497cd85b72a2f6dd2e78.php 第 488 行.
INFO: Run Behavior\ParseTemplateBehavior [ RunTime:0.014479s ]
INFO: [ view_parse ] --END-- [ RunTime:0.014530s ]
INFO: [ view_filter ] --START--
INFO: Run Behavior\WriteHtmlCacheBehavior [ RunTime:0.000333s ]
INFO: [ view_filter ] --END-- [ RunTime:0.000380s ]
INFO: [ app_end ] --START--
INFO: Run Behavior\ShowPageTraceBehavior [ RunTime:0.000870s ]
INFO: [ app_end ] --END-- [ RunTime:0.000928s ]

[ 2016-11-04T19:21:43+08:00 ] 123.151.42.52 /index.php?s=/Home/index/goods.html
INFO: [ app_init ] --START--
INFO: Run Behavior\BuildLiteBehavior [ RunTime:0.000019s ]
INFO: [ app_init ] --END-- [ RunTime:0.000443s ]
INFO: [ app_begin ] --START--
INFO: Run Behavior\ReadHtmlCacheBehavior [ RunTime:0.000708s ]
INFO: [ app_begin ] --END-- [ RunTime:0.000762s ]
SQL: SHOW COLUMNS FROM `tp_member` [ RunTime:0.0019s ]
SQL: SELECT * FROM `tp_member` WHERE `openid` = 'oudL8vu2gvrXVmnaZq09IvhXwZzU' LIMIT 1   [ RunTime:0.0003s ]

[ 2016-11-04T19:21:43+08:00 ] 123.151.42.52 /index.php?s=/Home/member/register.html
INFO: [ app_init ] --START--
INFO: Run Behavior\BuildLiteBehavior [ RunTime:0.000019s ]
INFO: [ app_init ] --END-- [ RunTime:0.000443s ]
INFO: [ app_begin ] --START--
INFO: Run Behavior\ReadHtmlCacheBehavior [ RunTime:0.000693s ]
INFO: [ app_begin ] --END-- [ RunTime:0.000747s ]
SQL: SHOW COLUMNS FROM `tp_member` [ RunTime:0.0014s ]
SQL: SELECT * FROM `tp_member` WHERE `openid` = 'oudL8vu2gvrXVmnaZq09IvhXwZzU' LIMIT 1   [ RunTime:0.0004s ]
SQL: SHOW COLUMNS FROM `tp_weixin_config` [ RunTime:0.0006s ]
SQL: SELECT * FROM `tp_weixin_config` WHERE ( id = 1 ) LIMIT 1   [ RunTime:0.0003s ]
SQL: SHOW COLUMNS FROM `tp_flash` [ RunTime:0.0006s ]
SQL: SELECT * FROM `tp_flash`  [ RunTime:0.0002s ]
SQL: SHOW COLUMNS FROM `tp_clist` [ RunTime:0.0008s ]
SQL: SELECT * FROM `tp_clist` WHERE ( id = 1 ) LIMIT 1   [ RunTime:0.0003s ]
INFO: [ view_parse ] --START--
INFO: [ template_filter ] --START--
INFO: Run Behavior\ContentReplaceBehavior [ RunTime:0.000098s ]
INFO: [ template_filter ] --END-- [ RunTime:0.000149s ]
NOTIC: [8] Undefined variable: action /data/home/hyu2409230001/htdocs/App/Runtime/Cache/Home/ffa265b14a0c497cd85b72a2f6dd2e78.php 第 30 行.
NOTIC: [8] Undefined variable: action /data/home/hyu2409230001/htdocs/App/Runtime/Cache/Home/ffa265b14a0c497cd85b72a2f6dd2e78.php 第 34 行.
NOTIC: [8] Undefined variable: action /data/home/hyu2409230001/htdocs/App/Runtime/Cache/Home/ffa265b14a0c497cd85b72a2f6dd2e78.php 第 39 行.
NOTIC: [8] Undefined variable: photo /data/home/hyu2409230001/htdocs/App/Runtime/Cache/Home/ffa265b14a0c497cd85b72a2f6dd2e78.php 第 488 行.
INFO: Run Behavior\ParseTemplateBehavior [ RunTime:0.014263s ]
INFO: [ view_parse ] --END-- [ RunTime:0.014316s ]
INFO: [ view_filter ] --START--
INFO: Run Behavior\WriteHtmlCacheBehavior [ RunTime:0.000870s ]
INFO: [ view_filter ] --END-- [ RunTime:0.000909s ]
INFO: [ app_end ] --START--
INFO: Run Behavior\ShowPageTraceBehavior [ RunTime:0.000626s ]
INFO: [ app_end ] --END-- [ RunTime:0.000673s ]

[ 2016-11-04T19:21:46+08:00 ] 123.151.42.52 /index.php?s=/Home/index/info.html
INFO: [ app_init ] --START--
INFO: Run Behavior\BuildLiteBehavior [ RunTime:0.000019s ]
INFO: [ app_init ] --END-- [ RunTime:0.000422s ]
INFO: [ app_begin ] --START--
INFO: Run Behavior\ReadHtmlCacheBehavior [ RunTime:0.000658s ]
INFO: [ app_begin ] --END-- [ RunTime:0.000714s ]
SQL: SHOW COLUMNS FROM `tp_member` [ RunTime:0.0019s ]
SQL: SELECT * FROM `tp_member` WHERE `openid` = 'oudL8vu2gvrXVmnaZq09IvhXwZzU' LIMIT 1   [ RunTime:0.0004s ]

[ 2016-11-04T19:21:47+08:00 ] 123.151.42.52 /index.php?s=/Home/member/register.html
INFO: [ app_init ] --START--
INFO: Run Behavior\BuildLiteBehavior [ RunTime:0.000018s ]
INFO: [ app_init ] --END-- [ RunTime:0.000409s ]
INFO: [ app_begin ] --START--
INFO: Run Behavior\ReadHtmlCacheBehavior [ RunTime:0.000653s ]
INFO: [ app_begin ] --END-- [ RunTime:0.000705s ]
SQL: SHOW COLUMNS FROM `tp_member` [ RunTime:0.0013s ]
SQL: SELECT * FROM `tp_member` WHERE `openid` = 'oudL8vu2gvrXVmnaZq09IvhXwZzU' LIMIT 1   [ RunTime:0.0004s ]
SQL: SHOW COLUMNS FROM `tp_weixin_config` [ RunTime:0.0009s ]
SQL: SELECT * FROM `tp_weixin_config` WHERE ( id = 1 ) LIMIT 1   [ RunTime:0.0003s ]
SQL: SHOW COLUMNS FROM `tp_flash` [ RunTime:0.0009s ]
SQL: SELECT * FROM `tp_flash`  [ RunTime:0.0003s ]
SQL: SHOW COLUMNS FROM `tp_clist` [ RunTime:0.0008s ]
SQL: SELECT * FROM `tp_clist` WHERE ( id = 1 ) LIMIT 1   [ RunTime:0.0003s ]
INFO: [ view_parse ] --START--
INFO: [ template_filter ] --START--
INFO: Run Behavior\ContentReplaceBehavior [ RunTime:0.000081s ]
INFO: [ template_filter ] --END-- [ RunTime:0.000152s ]
NOTIC: [8] Undefined variable: action /data/home/hyu2409230001/htdocs/App/Runtime/Cache/Home/ffa265b14a0c497cd85b72a2f6dd2e78.php 第 30 行.
NOTIC: [8] Undefined variable: action /data/home/hyu2409230001/htdocs/App/Runtime/Cache/Home/ffa265b14a0c497cd85b72a2f6dd2e78.php 第 34 行.
NOTIC: [8] Undefined variable: action /data/home/hyu2409230001/htdocs/App/Runtime/Cache/Home/ffa265b14a0c497cd85b72a2f6dd2e78.php 第 39 行.
NOTIC: [8] Undefined variable: photo /data/home/hyu2409230001/htdocs/App/Runtime/Cache/Home/ffa265b14a0c497cd85b72a2f6dd2e78.php 第 488 行.
INFO: Run Behavior\ParseTemplateBehavior [ RunTime:0.015658s ]
INFO: [ view_parse ] --END-- [ RunTime:0.015720s ]
INFO: [ view_filter ] --START--
INFO: Run Behavior\WriteHtmlCacheBehavior [ RunTime:0.000306s ]
INFO: [ view_filter ] --END-- [ RunTime:0.000345s ]
INFO: [ app_end ] --START--
INFO: Run Behavior\ShowPageTraceBehavior [ RunTime:0.000577s ]
INFO: [ app_end ] --END-- [ RunTime:0.000623s ]

[ 2016-11-04T19:21:47+08:00 ] 123.151.42.52 /index.php?s=/Home/index/info.html
INFO: [ app_init ] --START--
INFO: Run Behavior\BuildLiteBehavior [ RunTime:0.000019s ]
INFO: [ app_init ] --END-- [ RunTime:0.000419s ]
INFO: [ app_begin ] --START--
INFO: Run Behavior\ReadHtmlCacheBehavior [ RunTime:0.000767s ]
INFO: [ app_begin ] --END-- [ RunTime:0.000822s ]
SQL: SHOW COLUMNS FROM `tp_member` [ RunTime:0.0014s ]
SQL: SELECT * FROM `tp_member` WHERE `openid` = 'oudL8vu2gvrXVmnaZq09IvhXwZzU' LIMIT 1   [ RunTime:0.0004s ]

[ 2016-11-04T19:21:48+08:00 ] 123.151.42.52 /index.php?s=/Home/index/info.html
INFO: [ app_init ] --START--
INFO: Run Behavior\BuildLiteBehavior [ RunTime:0.000019s ]
INFO: [ app_init ] --END-- [ RunTime:0.000418s ]
INFO: [ app_begin ] --START--
INFO: Run Behavior\ReadHtmlCacheBehavior [ RunTime:0.000668s ]
INFO: [ app_begin ] --END-- [ RunTime:0.000742s ]
SQL: SHOW COLUMNS FROM `tp_member` [ RunTime:0.0014s ]
SQL: SELECT * FROM `tp_member` WHERE `openid` = 'oudL8vu2gvrXVmnaZq09IvhXwZzU' LIMIT 1   [ RunTime:0.0004s ]

[ 2016-11-04T19:21:48+08:00 ] 123.151.42.52 /index.php?s=/Home/index/info.html
INFO: [ app_init ] --START--
INFO: Run Behavior\BuildLiteBehavior [ RunTime:0.000019s ]
INFO: [ app_init ] --END-- [ RunTime:0.000427s ]
INFO: [ app_begin ] --START--
INFO: Run Behavior\ReadHtmlCacheBehavior [ RunTime:0.001064s ]
INFO: [ app_begin ] --END-- [ RunTime:0.001150s ]
SQL: SHOW COLUMNS FROM `tp_member` [ RunTime:0.0016s ]
SQL: SELECT * FROM `tp_member` WHERE `openid` = 'oudL8vu2gvrXVmnaZq09IvhXwZzU' LIMIT 1   [ RunTime:0.0004s ]

[ 2016-11-04T19:21:48+08:00 ] 123.151.42.52 /index.php?s=/Home/index/info.html
INFO: [ app_init ] --START--
INFO: Run Behavior\BuildLiteBehavior [ RunTime:0.000027s ]
INFO: [ app_init ] --END-- [ RunTime:0.000682s ]
INFO: [ app_begin ] --START--
INFO: Run Behavior\ReadHtmlCacheBehavior [ RunTime:0.000695s ]
INFO: [ app_begin ] --END-- [ RunTime:0.000754s ]
SQL: SHOW COLUMNS FROM `tp_member` [ RunTime:0.0014s ]
SQL: SELECT * FROM `tp_member` WHERE `openid` = 'oudL8vu2gvrXVmnaZq09IvhXwZzU' LIMIT 1   [ RunTime:0.0004s ]

[ 2016-11-04T19:21:49+08:00 ] 111.30.141.47 /index.php?s=/Home/member/register.html
INFO: [ app_init ] --START--
INFO: Run Behavior\BuildLiteBehavior [ RunTime:0.000021s ]
INFO: [ app_init ] --END-- [ RunTime:0.000458s ]
INFO: [ app_begin ] --START--
INFO: Run Behavior\ReadHtmlCacheBehavior [ RunTime:0.000723s ]
INFO: [ app_begin ] --END-- [ RunTime:0.000788s ]
SQL: SHOW COLUMNS FROM `tp_member` [ RunTime:0.0017s ]
SQL: SELECT * FROM `tp_member` WHERE `openid` = 'oudL8vu2gvrXVmnaZq09IvhXwZzU' LIMIT 1   [ RunTime:0.0004s ]
SQL: SHOW COLUMNS FROM `tp_weixin_config` [ RunTime:0.0007s ]
SQL: SELECT * FROM `tp_weixin_config` WHERE ( id = 1 ) LIMIT 1   [ RunTime:0.0003s ]
SQL: SHOW COLUMNS FROM `tp_flash` [ RunTime:0.0011s ]
SQL: SELECT * FROM `tp_flash`  [ RunTime:0.0003s ]
SQL: SHOW COLUMNS FROM `tp_clist` [ RunTime:0.0008s ]
SQL: SELECT * FROM `tp_clist` WHERE ( id = 1 ) LIMIT 1   [ RunTime:0.0003s ]
INFO: [ view_parse ] --START--
INFO: [ template_filter ] --START--
INFO: Run Behavior\ContentReplaceBehavior [ RunTime:0.000071s ]
INFO: [ template_filter ] --END-- [ RunTime:0.000128s ]
NOTIC: [8] Undefined variable: action /data/home/hyu2409230001/htdocs/App/Runtime/Cache/Home/ffa265b14a0c497cd85b72a2f6dd2e78.php 第 30 行.
NOTIC: [8] Undefined variable: action /data/home/hyu2409230001/htdocs/App/Runtime/Cache/Home/ffa265b14a0c497cd85b72a2f6dd2e78.php 第 34 行.
NOTIC: [8] Undefined variable: action /data/home/hyu2409230001/htdocs/App/Runtime/Cache/Home/ffa265b14a0c497cd85b72a2f6dd2e78.php 第 39 行.
NOTIC: [8] Undefined variable: photo /data/home/hyu2409230001/htdocs/App/Runtime/Cache/Home/ffa265b14a0c497cd85b72a2f6dd2e78.php 第 488 行.
INFO: Run Behavior\ParseTemplateBehavior [ RunTime:0.014467s ]
INFO: [ view_parse ] --END-- [ RunTime:0.014519s ]
INFO: [ view_filter ] --START--
INFO: Run Behavior\WriteHtmlCacheBehavior [ RunTime:0.000350s ]
INFO: [ view_filter ] --END-- [ RunTime:0.000388s ]
INFO: [ app_end ] --START--
INFO: Run Behavior\ShowPageTraceBehavior [ RunTime:0.000615s ]
INFO: [ app_end ] --END-- [ RunTime:0.000663s ]

[ 2016-11-04T19:21:49+08:00 ] 117.185.27.114 /index.php?s=/Home/index/goods.html
INFO: [ app_init ] --START--
INFO: Run Behavior\BuildLiteBehavior [ RunTime:0.000018s ]
INFO: [ app_init ] --END-- [ RunTime:0.000442s ]
INFO: [ app_begin ] --START--
INFO: Run Behavior\ReadHtmlCacheBehavior [ RunTime:0.000694s ]
INFO: [ app_begin ] --END-- [ RunTime:0.000746s ]
NOTIC: [8] Undefined index: nickname /data/home/hyu2409230001/htdocs/App/Home/Controller/BaseController.class.php 第 19 行.

[ 2016-11-04T19:22:04+08:00 ] 101.226.69.246 /index.php?s=/Home/index/info.html
INFO: [ app_init ] --START--
INFO: Run Behavior\BuildLiteBehavior [ RunTime:0.000018s ]
INFO: [ app_init ] --END-- [ RunTime:0.000415s ]
INFO: [ app_begin ] --START--
INFO: Run Behavior\ReadHtmlCacheBehavior [ RunTime:0.001165s ]
INFO: [ app_begin ] --END-- [ RunTime:0.001262s ]
NOTIC: [8] Undefined index: nickname /data/home/hyu2409230001/htdocs/App/Home/Controller/BaseController.class.php 第 19 行.

[ 2016-11-04T21:33:30+08:00 ] 140.207.185.123 /
INFO: [ app_init ] --START--
INFO: Run Behavior\BuildLiteBehavior [ RunTime:0.000019s ]
INFO: [ app_init ] --END-- [ RunTime:0.000442s ]
INFO: [ app_begin ] --START--
INFO: Run Behavior\ReadHtmlCacheBehavior [ RunTime:0.000673s ]
INFO: [ app_begin ] --END-- [ RunTime:0.000726s ]
NOTIC: [8] Undefined index: nickname /data/home/hyu2409230001/htdocs/App/Home/Controller/BaseController.class.php 第 19 行.

[ 2016-11-04T21:33:41+08:00 ] 101.226.125.118 /
INFO: [ app_init ] --START--
INFO: Run Behavior\BuildLiteBehavior [ RunTime:0.000018s ]
INFO: [ app_init ] --END-- [ RunTime:0.000457s ]
INFO: [ app_begin ] --START--
INFO: Run Behavior\ReadHtmlCacheBehavior [ RunTime:0.000691s ]
INFO: [ app_begin ] --END-- [ RunTime:0.000745s ]
NOTIC: [8] Undefined index: nickname /data/home/hyu2409230001/htdocs/App/Home/Controller/BaseController.class.php 第 19 行.

[ 2016-11-04T21:33:41+08:00 ] 117.144.246.149 /
INFO: [ app_init ] --START--
INFO: Run Behavior\BuildLiteBehavior [ RunTime:0.000020s ]
INFO: [ app_init ] --END-- [ RunTime:0.000465s ]
INFO: [ app_begin ] --START--
INFO: Run Behavior\ReadHtmlCacheBehavior [ RunTime:0.000693s ]
INFO: [ app_begin ] --END-- [ RunTime:0.000745s ]
NOTIC: [8] Undefined index: nickname /data/home/hyu2409230001/htdocs/App/Home/Controller/BaseController.class.php 第 19 行.

[ 2016-11-04T21:33:42+08:00 ] 58.56.176.42 /
INFO: [ app_init ] --START--
INFO: Run Behavior\BuildLiteBehavior [ RunTime:0.000019s ]
INFO: [ app_init ] --END-- [ RunTime:0.000597s ]
INFO: [ app_begin ] --START--
INFO: Run Behavior\ReadHtmlCacheBehavior [ RunTime:0.000723s ]
INFO: [ app_begin ] --END-- [ RunTime:0.000777s ]
NOTIC: [8] Undefined index: nickname /data/home/hyu2409230001/htdocs/App/Home/Controller/BaseController.class.php 第 19 行.

[ 2016-11-04T21:33:43+08:00 ] 101.226.125.118 /?code=011uMg4L08OjL421AO4L0fwj4L0uMg4o&state=STATE
INFO: [ app_init ] --START--
INFO: Run Behavior\BuildLiteBehavior [ RunTime:0.000021s ]
INFO: [ app_init ] --END-- [ RunTime:0.000473s ]
INFO: [ app_begin ] --START--
INFO: Run Behavior\ReadHtmlCacheBehavior [ RunTime:0.000705s ]
INFO: [ app_begin ] --END-- [ RunTime:0.000758s ]
SQL: SHOW COLUMNS FROM `tp_member` [ RunTime:0.0021s ]
SQL: SELECT * FROM `tp_member` WHERE `openid` = 'oudL8vgRlSgWeDptN7H2a66s4mwc' LIMIT 1   [ RunTime:0.0006s ]

[ 2016-11-04T21:33:43+08:00 ] 101.226.125.118 /index.php?s=/Home/member/register.html
INFO: [ app_init ] --START--
INFO: Run Behavior\BuildLiteBehavior [ RunTime:0.000018s ]
INFO: [ app_init ] --END-- [ RunTime:0.000405s ]
INFO: [ app_begin ] --START--
INFO: Run Behavior\ReadHtmlCacheBehavior [ RunTime:0.000682s ]
INFO: [ app_begin ] --END-- [ RunTime:0.000752s ]
SQL: SHOW COLUMNS FROM `tp_member` [ RunTime:0.0017s ]
SQL: SELECT * FROM `tp_member` WHERE `openid` = 'oudL8vgRlSgWeDptN7H2a66s4mwc' LIMIT 1   [ RunTime:0.0004s ]
SQL: SHOW COLUMNS FROM `tp_weixin_config` [ RunTime:0.0012s ]
SQL: SELECT * FROM `tp_weixin_config` WHERE ( id = 1 ) LIMIT 1   [ RunTime:0.0004s ]
SQL: SHOW COLUMNS FROM `tp_flash` [ RunTime:0.0027s ]
SQL: SELECT * FROM `tp_flash`  [ RunTime:0.0004s ]
SQL: SHOW COLUMNS FROM `tp_clist` [ RunTime:0.0011s ]
SQL: SELECT * FROM `tp_clist` WHERE ( id = 1 ) LIMIT 1   [ RunTime:0.0004s ]
INFO: [ view_parse ] --START--
INFO: [ template_filter ] --START--
INFO: Run Behavior\ContentReplaceBehavior [ RunTime:0.000065s ]
INFO: [ template_filter ] --END-- [ RunTime:0.000113s ]
NOTIC: [8] Undefined variable: action /data/home/hyu2409230001/htdocs/App/Runtime/Cache/Home/ffa265b14a0c497cd85b72a2f6dd2e78.php 第 30 行.
NOTIC: [8] Undefined variable: action /data/home/hyu2409230001/htdocs/App/Runtime/Cache/Home/ffa265b14a0c497cd85b72a2f6dd2e78.php 第 34 行.
NOTIC: [8] Undefined variable: action /data/home/hyu2409230001/htdocs/App/Runtime/Cache/Home/ffa265b14a0c497cd85b72a2f6dd2e78.php 第 39 行.
NOTIC: [8] Undefined variable: photo /data/home/hyu2409230001/htdocs/App/Runtime/Cache/Home/ffa265b14a0c497cd85b72a2f6dd2e78.php 第 488 行.
INFO: Run Behavior\ParseTemplateBehavior [ RunTime:0.014251s ]
INFO: [ view_parse ] --END-- [ RunTime:0.014313s ]
INFO: [ view_filter ] --START--
INFO: Run Behavior\WriteHtmlCacheBehavior [ RunTime:0.000291s ]
INFO: [ view_filter ] --END-- [ RunTime:0.000329s ]
INFO: [ app_end ] --START--
INFO: Run Behavior\ShowPageTraceBehavior [ RunTime:0.000630s ]
INFO: [ app_end ] --END-- [ RunTime:0.000677s ]

[ 2016-11-04T21:33:58+08:00 ] 101.226.33.216 /
INFO: [ app_init ] --START--
INFO: Run Behavior\BuildLiteBehavior [ RunTime:0.000028s ]
INFO: [ app_init ] --END-- [ RunTime:0.000489s ]
INFO: [ app_begin ] --START--
INFO: Run Behavior\ReadHtmlCacheBehavior [ RunTime:0.000713s ]
INFO: [ app_begin ] --END-- [ RunTime:0.000772s ]
NOTIC: [8] Undefined index: nickname /data/home/hyu2409230001/htdocs/App/Home/Controller/BaseController.class.php 第 19 行.

[ 2016-11-04T22:16:27+08:00 ] 140.207.55.80 /
INFO: [ app_init ] --START--
INFO: Run Behavior\BuildLiteBehavior [ RunTime:0.000017s ]
INFO: [ app_init ] --END-- [ RunTime:0.000443s ]
INFO: [ app_begin ] --START--
INFO: Run Behavior\ReadHtmlCacheBehavior [ RunTime:0.001854s ]
INFO: [ app_begin ] --END-- [ RunTime:0.001921s ]
NOTIC: [8] Undefined index: nickname /data/home/hyu2409230001/htdocs/App/Home/Controller/BaseController.class.php 第 19 行.

[ 2016-11-04T22:16:27+08:00 ] 117.144.246.149 /
INFO: [ app_init ] --START--
INFO: Run Behavior\BuildLiteBehavior [ RunTime:0.000027s ]
INFO: [ app_init ] --END-- [ RunTime:0.000620s ]
INFO: [ app_begin ] --START--
INFO: Run Behavior\ReadHtmlCacheBehavior [ RunTime:0.000720s ]
INFO: [ app_begin ] --END-- [ RunTime:0.000774s ]
NOTIC: [8] Undefined index: nickname /data/home/hyu2409230001/htdocs/App/Home/Controller/BaseController.class.php 第 19 行.

[ 2016-11-04T22:16:38+08:00 ] 101.226.125.18 /
INFO: [ app_init ] --START--
INFO: Run Behavior\BuildLiteBehavior [ RunTime:0.000021s ]
INFO: [ app_init ] --END-- [ RunTime:0.000452s ]
INFO: [ app_begin ] --START--
INFO: Run Behavior\ReadHtmlCacheBehavior [ RunTime:0.000851s ]
INFO: [ app_begin ] --END-- [ RunTime:0.000920s ]
NOTIC: [8] Undefined index: nickname /data/home/hyu2409230001/htdocs/App/Home/Controller/BaseController.class.php 第 19 行.

