[ 2016-11-10T11:54:29+08:00 ] 27.223.244.227 /
INFO: [ app_init ] --START--
INFO: Run Behavior\BuildLiteBehavior [ RunTime:0.000020s ]
INFO: [ app_init ] --END-- [ RunTime:0.000449s ]
INFO: [ app_begin ] --START--
INFO: Run Behavior\ReadHtmlCacheBehavior [ RunTime:0.000682s ]
INFO: [ app_begin ] --END-- [ RunTime:0.000735s ]
NOTIC: [8] Undefined index: nickname /data/home/hyu2409230001/htdocs/App/Home/Controller/BaseController.class.php 第 19 行.

[ 2016-11-10T11:54:29+08:00 ] 27.223.244.227 /?code=011N4psL0uRBm522Q1tL0rUmsL0N4psH&state=STATE
INFO: [ app_init ] --START--
INFO: Run Behavior\BuildLiteBehavior [ RunTime:0.000052s ]
INFO: [ app_init ] --END-- [ RunTime:0.000513s ]
INFO: [ app_begin ] --START--
INFO: Run Behavior\ReadHtmlCacheBehavior [ RunTime:0.000794s ]
INFO: [ app_begin ] --END-- [ RunTime:0.000877s ]
SQL: SHOW COLUMNS FROM `tp_member` [ RunTime:0.0023s ]
SQL: SELECT * FROM `tp_member` WHERE `openid` = 'oudL8vkoIuiNOQQ_PqO6CMxrvz7U' LIMIT 1   [ RunTime:0.0009s ]
SQL: SELECT * FROM `tp_member` WHERE `id` = 22 LIMIT 1   [ RunTime:0.0006s ]
SQL: SHOW COLUMNS FROM `tp_flash` [ RunTime:0.0010s ]
SQL: SELECT * FROM `tp_flash`  [ RunTime:0.0003s ]
SQL: SHOW COLUMNS FROM `tp_package` [ RunTime:0.0009s ]
SQL: SELECT * FROM `tp_package` WHERE `id` = 0 LIMIT 1   [ RunTime:0.0004s ]
INFO: [ view_parse ] --START--
INFO: [ template_filter ] --START--
INFO: Run Behavior\ContentReplaceBehavior [ RunTime:0.000064s ]
INFO: [ template_filter ] --END-- [ RunTime:0.000152s ]
NOTIC: [8] Undefined variable: action /data/home/hyu2409230001/htdocs/App/Runtime/Cache/Home/00e52909bed743ea261af4b6823297ff.php 第 25 行.
NOTIC: [8] Undefined variable: action /data/home/hyu2409230001/htdocs/App/Runtime/Cache/Home/00e52909bed743ea261af4b6823297ff.php 第 29 行.
NOTIC: [8] Undefined variable: action /data/home/hyu2409230001/htdocs/App/Runtime/Cache/Home/00e52909bed743ea261af4b6823297ff.php 第 34 行.
INFO: Run Behavior\ParseTemplateBehavior [ RunTime:0.025636s ]
INFO: [ view_parse ] --END-- [ RunTime:0.025691s ]
INFO: [ view_filter ] --START--
INFO: Run Behavior\WriteHtmlCacheBehavior [ RunTime:0.000301s ]
INFO: [ view_filter ] --END-- [ RunTime:0.000339s ]
INFO: [ app_end ] --START--
INFO: Run Behavior\ShowPageTraceBehavior [ RunTime:0.000608s ]
INFO: [ app_end ] --END-- [ RunTime:0.000657s ]

[ 2016-11-10T11:54:34+08:00 ] 27.223.244.227 /index.php?s=/Home/index/getVip.html
INFO: [ app_init ] --START--
INFO: Run Behavior\BuildLiteBehavior [ RunTime:0.000018s ]
INFO: [ app_init ] --END-- [ RunTime:0.000405s ]
INFO: [ app_begin ] --START--
INFO: Run Behavior\ReadHtmlCacheBehavior [ RunTime:0.000655s ]
INFO: [ app_begin ] --END-- [ RunTime:0.000709s ]
SQL: SHOW COLUMNS FROM `tp_member` [ RunTime:0.0016s ]
SQL: SELECT * FROM `tp_member` WHERE `id` = 22 LIMIT 1   [ RunTime:0.0007s ]
SQL: SHOW COLUMNS FROM `tp_flash` [ RunTime:0.0007s ]
SQL: SELECT * FROM `tp_flash`  [ RunTime:0.0003s ]
SQL: SHOW COLUMNS FROM `tp_check` [ RunTime:0.0009s ]
SQL: SELECT * FROM `tp_check` WHERE `user_id` = 22 ORDER BY id desc LIMIT 1   [ RunTime:0.0004s ]

[ 2016-11-10T11:54:34+08:00 ] 27.223.244.227 /index.php?s=/Home/index/s_check.html
INFO: [ app_init ] --START--
INFO: Run Behavior\BuildLiteBehavior [ RunTime:0.000018s ]
INFO: [ app_init ] --END-- [ RunTime:0.000401s ]
INFO: [ app_begin ] --START--
INFO: Run Behavior\ReadHtmlCacheBehavior [ RunTime:0.000635s ]
INFO: [ app_begin ] --END-- [ RunTime:0.000711s ]
SQL: SHOW COLUMNS FROM `tp_member` [ RunTime:0.0015s ]
SQL: SELECT * FROM `tp_member` WHERE `id` = 22 LIMIT 1   [ RunTime:0.0006s ]
SQL: SHOW COLUMNS FROM `tp_flash` [ RunTime:0.0008s ]
SQL: SELECT * FROM `tp_flash`  [ RunTime:0.0005s ]
SQL: SHOW COLUMNS FROM `tp_agreement` [ RunTime:0.0009s ]
SQL: SELECT * FROM `tp_agreement` WHERE ( id = 1 ) LIMIT 1   [ RunTime:0.0009s ]
INFO: [ view_parse ] --START--
INFO: [ template_filter ] --START--
INFO: Run Behavior\ContentReplaceBehavior [ RunTime:0.000043s ]
INFO: [ template_filter ] --END-- [ RunTime:0.000187s ]
INFO: Run Behavior\ParseTemplateBehavior [ RunTime:0.006822s ]
INFO: [ view_parse ] --END-- [ RunTime:0.006881s ]
INFO: [ view_filter ] --START--
INFO: Run Behavior\WriteHtmlCacheBehavior [ RunTime:0.000439s ]
INFO: [ view_filter ] --END-- [ RunTime:0.000483s ]
INFO: [ app_end ] --START--
INFO: Run Behavior\ShowPageTraceBehavior [ RunTime:0.000649s ]
INFO: [ app_end ] --END-- [ RunTime:0.000698s ]

[ 2016-11-10T11:54:42+08:00 ] 27.223.244.227 /index.php?s=/Home/index/s_check.html
INFO: [ app_init ] --START--
INFO: Run Behavior\BuildLiteBehavior [ RunTime:0.000021s ]
INFO: [ app_init ] --END-- [ RunTime:0.000432s ]
INFO: [ app_begin ] --START--
INFO: Run Behavior\ReadHtmlCacheBehavior [ RunTime:0.000714s ]
INFO: [ app_begin ] --END-- [ RunTime:0.000769s ]
SQL: SHOW COLUMNS FROM `tp_member` [ RunTime:0.0018s ]
SQL: SELECT * FROM `tp_member` WHERE `id` = 22 LIMIT 1   [ RunTime:0.0007s ]
SQL: SHOW COLUMNS FROM `tp_flash` [ RunTime:0.0009s ]
SQL: SELECT * FROM `tp_flash`  [ RunTime:0.0003s ]
SQL: SHOW COLUMNS FROM `tp_check` [ RunTime:0.0007s ]
SQL: SELECT * FROM `tp_check` WHERE `user_id` = 22 ORDER BY id desc LIMIT 1   [ RunTime:0.0003s ]
INFO: [ view_parse ] --START--
INFO: [ template_filter ] --START--
INFO: Run Behavior\ContentReplaceBehavior [ RunTime:0.000038s ]
INFO: [ template_filter ] --END-- [ RunTime:0.000146s ]
INFO: Run Behavior\ParseTemplateBehavior [ RunTime:0.007891s ]
INFO: [ view_parse ] --END-- [ RunTime:0.007954s ]
INFO: [ view_filter ] --START--
INFO: Run Behavior\WriteHtmlCacheBehavior [ RunTime:0.000319s ]
INFO: [ view_filter ] --END-- [ RunTime:0.000356s ]

[ 2016-11-10T11:54:46+08:00 ] 180.153.201.15 /
INFO: [ app_init ] --START--
INFO: Run Behavior\BuildLiteBehavior [ RunTime:0.000021s ]
INFO: [ app_init ] --END-- [ RunTime:0.000432s ]
INFO: [ app_begin ] --START--
INFO: Run Behavior\ReadHtmlCacheBehavior [ RunTime:0.000728s ]
INFO: [ app_begin ] --END-- [ RunTime:0.000781s ]
NOTIC: [8] Undefined index: nickname /data/home/hyu2409230001/htdocs/App/Home/Controller/BaseController.class.php 第 19 行.

[ 2016-11-10T11:54:46+08:00 ] 27.223.244.227 /index.php?s=/Home/index/s_check.html
INFO: [ app_init ] --START--
INFO: Run Behavior\BuildLiteBehavior [ RunTime:0.000020s ]
INFO: [ app_init ] --END-- [ RunTime:0.000428s ]
INFO: [ app_begin ] --START--
INFO: Run Behavior\ReadHtmlCacheBehavior [ RunTime:0.000650s ]
INFO: [ app_begin ] --END-- [ RunTime:0.000703s ]
SQL: SHOW COLUMNS FROM `tp_member` [ RunTime:0.0014s ]
SQL: SELECT * FROM `tp_member` WHERE `id` = 22 LIMIT 1   [ RunTime:0.0005s ]
SQL: SHOW COLUMNS FROM `tp_flash` [ RunTime:0.0009s ]
SQL: SELECT * FROM `tp_flash`  [ RunTime:0.0004s ]
SQL: SHOW COLUMNS FROM `tp_check` [ RunTime:0.0011s ]
SQL: SELECT * FROM `tp_check` WHERE `user_id` = 22 ORDER BY id desc LIMIT 1   [ RunTime:0.0003s ]
INFO: [ view_parse ] --START--
INFO: [ template_filter ] --START--
INFO: Run Behavior\ContentReplaceBehavior [ RunTime:0.000035s ]
INFO: [ template_filter ] --END-- [ RunTime:0.000111s ]
INFO: Run Behavior\ParseTemplateBehavior [ RunTime:0.006012s ]
INFO: [ view_parse ] --END-- [ RunTime:0.006062s ]
INFO: [ view_filter ] --START--
INFO: Run Behavior\WriteHtmlCacheBehavior [ RunTime:0.000288s ]
INFO: [ view_filter ] --END-- [ RunTime:0.000325s ]

[ 2016-11-10T11:54:49+08:00 ] 101.226.89.122 /index.php?s=/Home/index/s_check.html
INFO: [ app_init ] --START--
INFO: Run Behavior\BuildLiteBehavior [ RunTime:0.000019s ]
INFO: [ app_init ] --END-- [ RunTime:0.000473s ]
INFO: [ app_begin ] --START--
INFO: Run Behavior\ReadHtmlCacheBehavior [ RunTime:0.000678s ]
INFO: [ app_begin ] --END-- [ RunTime:0.000731s ]
NOTIC: [8] Undefined index: nickname /data/home/hyu2409230001/htdocs/App/Home/Controller/BaseController.class.php 第 19 行.

[ 2016-11-10T11:54:50+08:00 ] 101.226.125.16 /index.php?s=/Home/index/getVip.html
INFO: [ app_init ] --START--
INFO: Run Behavior\BuildLiteBehavior [ RunTime:0.000018s ]
INFO: [ app_init ] --END-- [ RunTime:0.000464s ]
INFO: [ app_begin ] --START--
INFO: Run Behavior\ReadHtmlCacheBehavior [ RunTime:0.000660s ]
INFO: [ app_begin ] --END-- [ RunTime:0.000713s ]
NOTIC: [8] Undefined index: nickname /data/home/hyu2409230001/htdocs/App/Home/Controller/BaseController.class.php 第 19 行.

[ 2016-11-10T11:55:01+08:00 ] 175.155.25.103 /index.php?s=/Home/index/s_check.html
INFO: [ app_init ] --START--
INFO: Run Behavior\BuildLiteBehavior [ RunTime:0.000022s ]
INFO: [ app_init ] --END-- [ RunTime:0.000432s ]
INFO: [ app_begin ] --START--
INFO: Run Behavior\ReadHtmlCacheBehavior [ RunTime:0.000706s ]
INFO: [ app_begin ] --END-- [ RunTime:0.000759s ]
NOTIC: [8] Undefined index: nickname /data/home/hyu2409230001/htdocs/App/Home/Controller/BaseController.class.php 第 19 行.

[ 2016-11-10T12:40:53+08:00 ] 27.223.244.227 /
INFO: [ app_init ] --START--
INFO: Run Behavior\BuildLiteBehavior [ RunTime:0.000017s ]
INFO: [ app_init ] --END-- [ RunTime:0.000433s ]
INFO: [ app_begin ] --START--
INFO: Run Behavior\ReadHtmlCacheBehavior [ RunTime:0.000683s ]
INFO: [ app_begin ] --END-- [ RunTime:0.000741s ]
SQL: SHOW COLUMNS FROM `tp_member` [ RunTime:0.0023s ]
SQL: SELECT * FROM `tp_member` WHERE `id` = 22 LIMIT 1   [ RunTime:0.0006s ]
SQL: SHOW COLUMNS FROM `tp_flash` [ RunTime:0.0011s ]
SQL: SELECT * FROM `tp_flash`  [ RunTime:0.0004s ]
SQL: SHOW COLUMNS FROM `tp_package` [ RunTime:0.0011s ]
SQL: SELECT * FROM `tp_package` WHERE `id` = null LIMIT 1   [ RunTime:0.0004s ]
INFO: [ view_parse ] --START--
INFO: [ template_filter ] --START--
INFO: Run Behavior\ContentReplaceBehavior [ RunTime:0.000038s ]
INFO: [ template_filter ] --END-- [ RunTime:0.000085s ]
NOTIC: [8] Undefined variable: action /data/home/hyu2409230001/htdocs/App/Runtime/Cache/Home/00e52909bed743ea261af4b6823297ff.php 第 25 行.
NOTIC: [8] Undefined variable: action /data/home/hyu2409230001/htdocs/App/Runtime/Cache/Home/00e52909bed743ea261af4b6823297ff.php 第 29 行.
NOTIC: [8] Undefined variable: action /data/home/hyu2409230001/htdocs/App/Runtime/Cache/Home/00e52909bed743ea261af4b6823297ff.php 第 34 行.
INFO: Run Behavior\ParseTemplateBehavior [ RunTime:0.009811s ]
INFO: [ view_parse ] --END-- [ RunTime:0.009863s ]
INFO: [ view_filter ] --START--
INFO: Run Behavior\WriteHtmlCacheBehavior [ RunTime:0.000314s ]
INFO: [ view_filter ] --END-- [ RunTime:0.000361s ]
INFO: [ app_end ] --START--
INFO: Run Behavior\ShowPageTraceBehavior [ RunTime:0.000719s ]
INFO: [ app_end ] --END-- [ RunTime:0.000766s ]

[ 2016-11-10T12:41:01+08:00 ] 27.223.244.227 /index.php?s=/Home/index/info.html
INFO: [ app_init ] --START--
INFO: Run Behavior\BuildLiteBehavior [ RunTime:0.000023s ]
INFO: [ app_init ] --END-- [ RunTime:0.000473s ]
INFO: [ app_begin ] --START--
INFO: Run Behavior\ReadHtmlCacheBehavior [ RunTime:0.000789s ]
INFO: [ app_begin ] --END-- [ RunTime:0.000842s ]
SQL: SHOW COLUMNS FROM `tp_member` [ RunTime:0.0019s ]
SQL: SELECT * FROM `tp_member` WHERE `id` = 22 LIMIT 1   [ RunTime:0.0004s ]
SQL: SHOW COLUMNS FROM `tp_flash` [ RunTime:0.0007s ]
SQL: SELECT * FROM `tp_flash`  [ RunTime:0.0003s ]
SQL: SELECT * FROM `tp_member` WHERE `id` = 22 LIMIT 1   [ RunTime:0.0005s ]
INFO: [ view_parse ] --START--
INFO: [ template_filter ] --START--
INFO: Run Behavior\ContentReplaceBehavior [ RunTime:0.000073s ]
INFO: [ template_filter ] --END-- [ RunTime:0.000139s ]
NOTIC: [2] date() expects parameter 2 to be long, string given /data/home/hyu2409230001/htdocs/App/Runtime/Cache/Home/20a66da8ae7771bf7b29378f8f54ab56.php 第 130 行.
NOTIC: [8] Undefined variable: sickid /data/home/hyu2409230001/htdocs/App/Runtime/Cache/Home/20a66da8ae7771bf7b29378f8f54ab56.php 第 163 行.
NOTIC: [8] Undefined variable: signPackage /data/home/hyu2409230001/htdocs/App/Runtime/Cache/Home/20a66da8ae7771bf7b29378f8f54ab56.php 第 349 行.
NOTIC: [8] Undefined variable: signPackage /data/home/hyu2409230001/htdocs/App/Runtime/Cache/Home/20a66da8ae7771bf7b29378f8f54ab56.php 第 350 行.
NOTIC: [8] Undefined variable: signPackage /data/home/hyu2409230001/htdocs/App/Runtime/Cache/Home/20a66da8ae7771bf7b29378f8f54ab56.php 第 351 行.
NOTIC: [8] Undefined variable: signPackage /data/home/hyu2409230001/htdocs/App/Runtime/Cache/Home/20a66da8ae7771bf7b29378f8f54ab56.php 第 352 行.
NOTIC: [8] Undefined variable: photo /data/home/hyu2409230001/htdocs/App/Runtime/Cache/Home/20a66da8ae7771bf7b29378f8f54ab56.php 第 409 行.
INFO: Run Behavior\ParseTemplateBehavior [ RunTime:0.016085s ]
INFO: [ view_parse ] --END-- [ RunTime:0.016151s ]
INFO: [ view_filter ] --START--
INFO: Run Behavior\WriteHtmlCacheBehavior [ RunTime:0.000350s ]
INFO: [ view_filter ] --END-- [ RunTime:0.000387s ]
INFO: [ app_end ] --START--
INFO: Run Behavior\ShowPageTraceBehavior [ RunTime:0.000656s ]
INFO: [ app_end ] --END-- [ RunTime:0.000703s ]

[ 2016-11-10T12:41:05+08:00 ] 27.223.244.227 /
INFO: [ app_init ] --START--
INFO: Run Behavior\BuildLiteBehavior [ RunTime:0.000019s ]
INFO: [ app_init ] --END-- [ RunTime:0.000471s ]
INFO: [ app_begin ] --START--
INFO: Run Behavior\ReadHtmlCacheBehavior [ RunTime:0.000657s ]
INFO: [ app_begin ] --END-- [ RunTime:0.000708s ]
SQL: SHOW COLUMNS FROM `tp_member` [ RunTime:0.0015s ]
SQL: SELECT * FROM `tp_member` WHERE `id` = 22 LIMIT 1   [ RunTime:0.0004s ]
SQL: SHOW COLUMNS FROM `tp_flash` [ RunTime:0.0006s ]
SQL: SELECT * FROM `tp_flash`  [ RunTime:0.0003s ]
SQL: SHOW COLUMNS FROM `tp_package` [ RunTime:0.0011s ]
SQL: SELECT * FROM `tp_package` WHERE `id` = null LIMIT 1   [ RunTime:0.0003s ]
INFO: [ view_parse ] --START--
INFO: [ template_filter ] --START--
INFO: Run Behavior\ContentReplaceBehavior [ RunTime:0.000037s ]
INFO: [ template_filter ] --END-- [ RunTime:0.000081s ]
NOTIC: [8] Undefined variable: action /data/home/hyu2409230001/htdocs/App/Runtime/Cache/Home/00e52909bed743ea261af4b6823297ff.php 第 25 行.
NOTIC: [8] Undefined variable: action /data/home/hyu2409230001/htdocs/App/Runtime/Cache/Home/00e52909bed743ea261af4b6823297ff.php 第 29 行.
NOTIC: [8] Undefined variable: action /data/home/hyu2409230001/htdocs/App/Runtime/Cache/Home/00e52909bed743ea261af4b6823297ff.php 第 34 行.
INFO: Run Behavior\ParseTemplateBehavior [ RunTime:0.009777s ]
INFO: [ view_parse ] --END-- [ RunTime:0.009826s ]
INFO: [ view_filter ] --START--
INFO: Run Behavior\WriteHtmlCacheBehavior [ RunTime:0.000573s ]
INFO: [ view_filter ] --END-- [ RunTime:0.000612s ]
INFO: [ app_end ] --START--
INFO: Run Behavior\ShowPageTraceBehavior [ RunTime:0.000616s ]
INFO: [ app_end ] --END-- [ RunTime:0.000682s ]

[ 2016-11-10T13:53:24+08:00 ] 27.223.244.227 /
INFO: [ app_init ] --START--
INFO: Run Behavior\BuildLiteBehavior [ RunTime:0.000018s ]
INFO: [ app_init ] --END-- [ RunTime:0.000439s ]
INFO: [ app_begin ] --START--
INFO: Run Behavior\ReadHtmlCacheBehavior [ RunTime:0.000647s ]
INFO: [ app_begin ] --END-- [ RunTime:0.000723s ]
SQL: SHOW COLUMNS FROM `tp_member` [ RunTime:0.0017s ]
SQL: SELECT * FROM `tp_member` WHERE `id` = 22 LIMIT 1   [ RunTime:0.0005s ]
SQL: SHOW COLUMNS FROM `tp_flash` [ RunTime:0.0008s ]
SQL: SELECT * FROM `tp_flash`  [ RunTime:0.0003s ]
SQL: SHOW COLUMNS FROM `tp_package` [ RunTime:0.0008s ]
SQL: SELECT * FROM `tp_package` WHERE `id` = null LIMIT 1   [ RunTime:0.0004s ]
INFO: [ view_parse ] --START--
INFO: [ template_filter ] --START--
INFO: Run Behavior\ContentReplaceBehavior [ RunTime:0.000038s ]
INFO: [ template_filter ] --END-- [ RunTime:0.000084s ]
NOTIC: [8] Undefined variable: action /data/home/hyu2409230001/htdocs/App/Runtime/Cache/Home/00e52909bed743ea261af4b6823297ff.php 第 25 行.
NOTIC: [8] Undefined variable: action /data/home/hyu2409230001/htdocs/App/Runtime/Cache/Home/00e52909bed743ea261af4b6823297ff.php 第 29 行.
NOTIC: [8] Undefined variable: action /data/home/hyu2409230001/htdocs/App/Runtime/Cache/Home/00e52909bed743ea261af4b6823297ff.php 第 34 行.
INFO: Run Behavior\ParseTemplateBehavior [ RunTime:0.010012s ]
INFO: [ view_parse ] --END-- [ RunTime:0.010064s ]
INFO: [ view_filter ] --START--
INFO: Run Behavior\WriteHtmlCacheBehavior [ RunTime:0.000284s ]
INFO: [ view_filter ] --END-- [ RunTime:0.000320s ]
INFO: [ app_end ] --START--
INFO: Run Behavior\ShowPageTraceBehavior [ RunTime:0.000868s ]
INFO: [ app_end ] --END-- [ RunTime:0.000915s ]

[ 2016-11-10T14:00:50+08:00 ] 27.223.244.227 /
INFO: [ app_init ] --START--
INFO: Run Behavior\BuildLiteBehavior [ RunTime:0.000020s ]
INFO: [ app_init ] --END-- [ RunTime:0.000450s ]
INFO: [ app_begin ] --START--
INFO: Run Behavior\ReadHtmlCacheBehavior [ RunTime:0.000698s ]
INFO: [ app_begin ] --END-- [ RunTime:0.000751s ]
NOTIC: [8] Undefined index: nickname /data/home/hyu2409230001/htdocs/App/Home/Controller/BaseController.class.php 第 19 行.

[ 2016-11-10T14:00:50+08:00 ] 27.223.244.227 /?code=031z2AWl05ODGn1bvwWl08eBWl0z2AWV&state=STATE
INFO: [ app_init ] --START--
INFO: Run Behavior\BuildLiteBehavior [ RunTime:0.000018s ]
INFO: [ app_init ] --END-- [ RunTime:0.000435s ]
INFO: [ app_begin ] --START--
INFO: Run Behavior\ReadHtmlCacheBehavior [ RunTime:0.000653s ]
INFO: [ app_begin ] --END-- [ RunTime:0.000704s ]
SQL: SHOW COLUMNS FROM `tp_member` [ RunTime:0.0020s ]
SQL: SELECT * FROM `tp_member` WHERE `openid` = 'oudL8vkoIuiNOQQ_PqO6CMxrvz7U' LIMIT 1   [ RunTime:0.0007s ]

[ 2016-11-10T14:00:51+08:00 ] 27.223.244.227 /index.php?s=/Home/member/register.html
INFO: [ app_init ] --START--
INFO: Run Behavior\BuildLiteBehavior [ RunTime:0.000027s ]
INFO: [ app_init ] --END-- [ RunTime:0.000581s ]
INFO: [ app_begin ] --START--
INFO: Run Behavior\ReadHtmlCacheBehavior [ RunTime:0.000769s ]
INFO: [ app_begin ] --END-- [ RunTime:0.000822s ]
SQL: SHOW COLUMNS FROM `tp_member` [ RunTime:0.0024s ]
SQL: SELECT * FROM `tp_member` WHERE `openid` = 'oudL8vkoIuiNOQQ_PqO6CMxrvz7U' LIMIT 1   [ RunTime:0.0005s ]
SQL: SHOW COLUMNS FROM `tp_weixin_config` [ RunTime:0.0030s ]
SQL: SELECT * FROM `tp_weixin_config` WHERE ( id = 1 ) LIMIT 1   [ RunTime:0.0006s ]
SQL: SHOW COLUMNS FROM `tp_flash` [ RunTime:0.0053s ]
SQL: SELECT * FROM `tp_flash`  [ RunTime:0.0005s ]
SQL: SHOW COLUMNS FROM `tp_clist` [ RunTime:0.0016s ]
SQL: SELECT * FROM `tp_clist` WHERE ( id = 1 ) LIMIT 1   [ RunTime:0.0007s ]
INFO: [ view_parse ] --START--
INFO: [ template_filter ] --START--
INFO: Run Behavior\ContentReplaceBehavior [ RunTime:0.000066s ]
INFO: [ template_filter ] --END-- [ RunTime:0.000140s ]
NOTIC: [8] Undefined variable: action /data/home/hyu2409230001/htdocs/App/Runtime/Cache/Home/ffa265b14a0c497cd85b72a2f6dd2e78.php 第 30 行.
NOTIC: [8] Undefined variable: action /data/home/hyu2409230001/htdocs/App/Runtime/Cache/Home/ffa265b14a0c497cd85b72a2f6dd2e78.php 第 34 行.
NOTIC: [8] Undefined variable: action /data/home/hyu2409230001/htdocs/App/Runtime/Cache/Home/ffa265b14a0c497cd85b72a2f6dd2e78.php 第 39 行.
NOTIC: [8] Undefined variable: photo /data/home/hyu2409230001/htdocs/App/Runtime/Cache/Home/ffa265b14a0c497cd85b72a2f6dd2e78.php 第 488 行.
INFO: Run Behavior\ParseTemplateBehavior [ RunTime:0.016644s ]
INFO: [ view_parse ] --END-- [ RunTime:0.016704s ]
INFO: [ view_filter ] --START--
INFO: Run Behavior\WriteHtmlCacheBehavior [ RunTime:0.000307s ]
INFO: [ view_filter ] --END-- [ RunTime:0.000344s ]
INFO: [ app_end ] --START--
INFO: Run Behavior\ShowPageTraceBehavior [ RunTime:0.000611s ]
INFO: [ app_end ] --END-- [ RunTime:0.000658s ]

[ 2016-11-10T14:35:36+08:00 ] 112.224.69.156 /
INFO: [ app_init ] --START--
INFO: Run Behavior\BuildLiteBehavior [ RunTime:0.000018s ]
INFO: [ app_init ] --END-- [ RunTime:0.000423s ]
INFO: [ app_begin ] --START--
INFO: Run Behavior\ReadHtmlCacheBehavior [ RunTime:0.000650s ]
INFO: [ app_begin ] --END-- [ RunTime:0.000704s ]
NOTIC: [8] Undefined index: nickname /data/home/hyu2409230001/htdocs/App/Home/Controller/BaseController.class.php 第 19 行.

[ 2016-11-10T14:35:36+08:00 ] 112.224.69.156 /?code=011dtdV60FhWZI1e7xV60vg8V60dtdVc&state=STATE
INFO: [ app_init ] --START--
INFO: Run Behavior\BuildLiteBehavior [ RunTime:0.000039s ]
INFO: [ app_init ] --END-- [ RunTime:0.000425s ]
INFO: [ app_begin ] --START--
INFO: Run Behavior\ReadHtmlCacheBehavior [ RunTime:0.000668s ]
INFO: [ app_begin ] --END-- [ RunTime:0.000721s ]
SQL: SHOW COLUMNS FROM `tp_member` [ RunTime:0.0021s ]
SQL: SELECT * FROM `tp_member` WHERE `openid` = 'oudL8vkoIuiNOQQ_PqO6CMxrvz7U' LIMIT 1   [ RunTime:0.0005s ]

[ 2016-11-10T14:35:37+08:00 ] 112.224.69.156 /index.php?s=/Home/member/register.html
INFO: [ app_init ] --START--
INFO: Run Behavior\BuildLiteBehavior [ RunTime:0.000049s ]
INFO: [ app_init ] --END-- [ RunTime:0.000436s ]
INFO: [ app_begin ] --START--
INFO: Run Behavior\ReadHtmlCacheBehavior [ RunTime:0.000645s ]
INFO: [ app_begin ] --END-- [ RunTime:0.000699s ]
SQL: SHOW COLUMNS FROM `tp_member` [ RunTime:0.0018s ]
SQL: SELECT * FROM `tp_member` WHERE `openid` = 'oudL8vkoIuiNOQQ_PqO6CMxrvz7U' LIMIT 1   [ RunTime:0.0003s ]
SQL: SHOW COLUMNS FROM `tp_weixin_config` [ RunTime:0.0009s ]
SQL: SELECT * FROM `tp_weixin_config` WHERE ( id = 1 ) LIMIT 1   [ RunTime:0.0004s ]
SQL: SHOW COLUMNS FROM `tp_flash` [ RunTime:0.0008s ]
SQL: SELECT * FROM `tp_flash`  [ RunTime:0.0004s ]
SQL: SHOW COLUMNS FROM `tp_clist` [ RunTime:0.0008s ]
SQL: SELECT * FROM `tp_clist` WHERE ( id = 1 ) LIMIT 1   [ RunTime:0.0003s ]
INFO: [ view_parse ] --START--
INFO: [ template_filter ] --START--
INFO: Run Behavior\ContentReplaceBehavior [ RunTime:0.000109s ]
INFO: [ template_filter ] --END-- [ RunTime:0.000159s ]
NOTIC: [8] Undefined variable: action /data/home/hyu2409230001/htdocs/App/Runtime/Cache/Home/ffa265b14a0c497cd85b72a2f6dd2e78.php 第 30 行.
NOTIC: [8] Undefined variable: action /data/home/hyu2409230001/htdocs/App/Runtime/Cache/Home/ffa265b14a0c497cd85b72a2f6dd2e78.php 第 34 行.
NOTIC: [8] Undefined variable: action /data/home/hyu2409230001/htdocs/App/Runtime/Cache/Home/ffa265b14a0c497cd85b72a2f6dd2e78.php 第 39 行.
NOTIC: [8] Undefined variable: photo /data/home/hyu2409230001/htdocs/App/Runtime/Cache/Home/ffa265b14a0c497cd85b72a2f6dd2e78.php 第 488 行.
INFO: Run Behavior\ParseTemplateBehavior [ RunTime:0.014471s ]
INFO: [ view_parse ] --END-- [ RunTime:0.014517s ]
INFO: [ view_filter ] --START--
INFO: Run Behavior\WriteHtmlCacheBehavior [ RunTime:0.000302s ]
INFO: [ view_filter ] --END-- [ RunTime:0.000339s ]
INFO: [ app_end ] --START--
INFO: Run Behavior\ShowPageTraceBehavior [ RunTime:0.000575s ]
INFO: [ app_end ] --END-- [ RunTime:0.000621s ]

[ 2016-11-10T14:41:35+08:00 ] 112.224.69.156 /index.php?s=/Home/member/uploadImg.html
INFO: [ app_init ] --START--
INFO: Run Behavior\BuildLiteBehavior [ RunTime:0.000018s ]
INFO: [ app_init ] --END-- [ RunTime:0.000439s ]
INFO: [ app_begin ] --START--
INFO: Run Behavior\ReadHtmlCacheBehavior [ RunTime:0.000777s ]
INFO: [ app_begin ] --END-- [ RunTime:0.000840s ]
SQL: SHOW COLUMNS FROM `tp_member` [ RunTime:0.0021s ]
SQL: SELECT * FROM `tp_member` WHERE `openid` = 'oudL8vkoIuiNOQQ_PqO6CMxrvz7U' LIMIT 1   [ RunTime:0.0006s ]
SQL: SHOW COLUMNS FROM `tp_weixin_config` [ RunTime:0.0010s ]
SQL: SELECT * FROM `tp_weixin_config` WHERE ( id = 1 ) LIMIT 1   [ RunTime:0.0004s ]
NOTIC: [2] curl_setopt(): CURLOPT_FOLLOWLOCATION cannot be activated when an open_basedir is set /data/home/hyu2409230001/htdocs/App/Home/Controller/MemberController.class.php 第 233 行.
SQL: UPDATE `tp_weixin_config` SET `access_token`='GASfmxyCfYHA9GKiBnlsgGloH6xlHDzc-FzcFGpVDhl-robAsm2Lr1titzT1ZGwJXwoywGO_UBNWzphXgXBuz6butJIqXQgmPV418zlSm3MAZNjAIAJIW',`dateline`='1478760094' WHERE ( id = 1 ) [ RunTime:0.0006s ]
NOTIC: [8] Undefined variable: server_id /data/home/hyu2409230001/htdocs/App/Home/Controller/MemberController.class.php 第 122 行.
SQL: SELECT * FROM `tp_weixin_config` WHERE ( id = 1 ) LIMIT 1   [ RunTime:0.0006s ]
SQL: SELECT * FROM `tp_weixin_config` WHERE ( id = 1 ) LIMIT 1   [ RunTime:0.0004s ]
SQL: SHOW COLUMNS FROM `tp_img` [ RunTime:0.0013s ]
SQL: INSERT INTO `tp_img` (`user_id`,`path`,`server_id`,`addtime`) VALUES ('0','/uploads/BL/5824169f22645.jpg','f9dlRc6y2ZXkkC92RiVTjvcLUos2eGoEOP8Ckb2EKdOrHPHUPD7cbtF3lvG4hYYm','1478760095'),('0','/uploads/BL/5824169f3dfa9.jpg','lF0iFPyN-jtGqDfxaOOXFnEcaKZ8neQVPhL1hD6tNgWPu2m_qMgbrjL9-HTefDvJ','1478760095'),('0','/uploads/BL/5824169f5320a.jpg','PbDiu6IWbUzZQQ8uYw082_FHsI2xuGhrZzMfouj3xMoEJIyE0--wvU-QysPDacmH','1478760095') [ RunTime:0.0004s ]

[ 2016-11-10T14:45:07+08:00 ] 112.224.69.156 /index.php?s=/Home/member/ajax_register.html
INFO: [ app_init ] --START--
INFO: Run Behavior\BuildLiteBehavior [ RunTime:0.000019s ]
INFO: [ app_init ] --END-- [ RunTime:0.000404s ]
INFO: [ app_begin ] --START--
INFO: Run Behavior\ReadHtmlCacheBehavior [ RunTime:0.000655s ]
INFO: [ app_begin ] --END-- [ RunTime:0.000711s ]
SQL: SHOW COLUMNS FROM `tp_member` [ RunTime:0.0018s ]
SQL: SELECT * FROM `tp_member` WHERE `openid` = 'oudL8vkoIuiNOQQ_PqO6CMxrvz7U' LIMIT 1   [ RunTime:0.0005s ]
SQL: SELECT * FROM `tp_member` WHERE `mobile` = '18669855896' LIMIT 1   [ RunTime:0.0004s ]
SQL: SELECT * FROM `tp_member` WHERE `idCard` = '370208197605257536' LIMIT 1   [ RunTime:0.0005s ]
SQL: INSERT INTO `tp_member` (`openid`,`headimg`,`name`,`birthday`,`sex`,`idCard`,`age`,`mobile`,`bailor`,`bailor_mobile`,`diagnose`,`domicile`,`cq_domicile`,`illness_history`,`illness_time`,`gm_history`,`jz_history`,`description`,`email`,`bailor_idcard`,`relation`,`bailor_email`,`bl_img`,`wxid`,`b_domicile`,`s_wxid`,`createtime`) VALUES ('oudL8vkoIuiNOQQ_PqO6CMxrvz7U','http://wx.qlogo.cn/mmopen/n1XQ6lzLSdaZrMJghibVIOup4oDHggFPeKYoSwbWXapyVoD53KHpl4KR2RcV3cxibXBefm5BCEnG4wicNDcU6KAOUetCrb3WLgq/0','张三','1273420800','1','370208197605257536','42','18669855896','张小明','13998741236','5','湖北省,恩施土家族苗族自治州,宣恩县,哦流量','山西省,晋城市,泽州县','糖尿病，心脏病','2','青霉素','哮喘病','吸烟喝酒等不良嗜好。','jgfch','152270819860109147x','父子','jftjgfgjh','f9dlRc6y2ZXkkC92RiVTjvcLUos2eGoEOP8Ckb2EKdOrHPHUPD7cbtF3lvG4hYYm,lF0iFPyN-jtGqDfxaOOXFnEcaKZ8neQVPhL1hD6tNgWPu2m_qMgbrjL9-HTefDvJ,PbDiu6IWbUzZQQ8uYw082_FHsI2xuGhrZzMfouj3xMoEJIyE0--wvU-QysPDacmH','phytr','海南省,三沙市,南沙群岛,五楼邻居','哦啦啦','1478760307') [ RunTime:0.0005s ]
INFO: [ view_parse ] --START--
INFO: [ template_filter ] --START--
INFO: Run Behavior\ContentReplaceBehavior [ RunTime:0.000043s ]
INFO: [ template_filter ] --END-- [ RunTime:0.000126s ]
INFO: Run Behavior\ParseTemplateBehavior [ RunTime:0.006342s ]
INFO: [ view_parse ] --END-- [ RunTime:0.006394s ]
INFO: [ view_filter ] --START--
INFO: Run Behavior\WriteHtmlCacheBehavior [ RunTime:0.000322s ]
INFO: [ view_filter ] --END-- [ RunTime:0.000358s ]
INFO: [ app_end ] --START--
INFO: Run Behavior\ShowPageTraceBehavior [ RunTime:0.000631s ]
INFO: [ app_end ] --END-- [ RunTime:0.000681s ]

[ 2016-11-10T14:45:09+08:00 ] 112.224.69.156 /index.php?s=/Home/Index/index.html
INFO: [ app_init ] --START--
INFO: Run Behavior\BuildLiteBehavior [ RunTime:0.000022s ]
INFO: [ app_init ] --END-- [ RunTime:0.000439s ]
INFO: [ app_begin ] --START--
INFO: Run Behavior\ReadHtmlCacheBehavior [ RunTime:0.000798s ]
INFO: [ app_begin ] --END-- [ RunTime:0.000853s ]
NOTIC: [8] Undefined index: nickname /data/home/hyu2409230001/htdocs/App/Home/Controller/BaseController.class.php 第 19 行.

[ 2016-11-10T14:45:10+08:00 ] 112.224.69.156 /index.php?s=/Home/Index/index.html&code=011I9Exa2PEfDQ05w2va2KzBxa2I9ExY&state=STATE
INFO: [ app_init ] --START--
INFO: Run Behavior\BuildLiteBehavior [ RunTime:0.000018s ]
INFO: [ app_init ] --END-- [ RunTime:0.000408s ]
INFO: [ app_begin ] --START--
INFO: Run Behavior\ReadHtmlCacheBehavior [ RunTime:0.000729s ]
INFO: [ app_begin ] --END-- [ RunTime:0.000783s ]
SQL: SHOW COLUMNS FROM `tp_member` [ RunTime:0.0014s ]
SQL: SELECT * FROM `tp_member` WHERE `openid` = 'oudL8vkoIuiNOQQ_PqO6CMxrvz7U' LIMIT 1   [ RunTime:0.0007s ]
SQL: SELECT * FROM `tp_member` WHERE `id` = 27 LIMIT 1   [ RunTime:0.0004s ]
SQL: SHOW COLUMNS FROM `tp_flash` [ RunTime:0.0009s ]
SQL: SELECT * FROM `tp_flash`  [ RunTime:0.0004s ]
SQL: SHOW COLUMNS FROM `tp_package` [ RunTime:0.0012s ]
SQL: SELECT * FROM `tp_package` WHERE `id` = 0 LIMIT 1   [ RunTime:0.0004s ]
INFO: [ view_parse ] --START--
INFO: [ template_filter ] --START--
INFO: Run Behavior\ContentReplaceBehavior [ RunTime:0.000041s ]
INFO: [ template_filter ] --END-- [ RunTime:0.000098s ]
NOTIC: [8] Undefined variable: action /data/home/hyu2409230001/htdocs/App/Runtime/Cache/Home/00e52909bed743ea261af4b6823297ff.php 第 25 行.
NOTIC: [8] Undefined variable: action /data/home/hyu2409230001/htdocs/App/Runtime/Cache/Home/00e52909bed743ea261af4b6823297ff.php 第 29 行.
NOTIC: [8] Undefined variable: action /data/home/hyu2409230001/htdocs/App/Runtime/Cache/Home/00e52909bed743ea261af4b6823297ff.php 第 34 行.
INFO: Run Behavior\ParseTemplateBehavior [ RunTime:0.010368s ]
INFO: [ view_parse ] --END-- [ RunTime:0.010431s ]
INFO: [ view_filter ] --START--
INFO: Run Behavior\WriteHtmlCacheBehavior [ RunTime:0.000297s ]
INFO: [ view_filter ] --END-- [ RunTime:0.000355s ]
INFO: [ app_end ] --START--
INFO: Run Behavior\ShowPageTraceBehavior [ RunTime:0.000631s ]
INFO: [ app_end ] --END-- [ RunTime:0.000676s ]

[ 2016-11-10T14:45:23+08:00 ] 101.226.33.221 /index.php?s=/Home/member/ajax_register.html
INFO: [ app_init ] --START--
INFO: Run Behavior\BuildLiteBehavior [ RunTime:0.000020s ]
INFO: [ app_init ] --END-- [ RunTime:0.000418s ]
INFO: [ app_begin ] --START--
INFO: Run Behavior\ReadHtmlCacheBehavior [ RunTime:0.000912s ]
INFO: [ app_begin ] --END-- [ RunTime:0.000994s ]

[ 2016-11-10T14:45:24+08:00 ] 101.226.33.221 /index.php?s=/Home/Index/index.html
INFO: [ app_init ] --START--
INFO: Run Behavior\BuildLiteBehavior [ RunTime:0.000019s ]
INFO: [ app_init ] --END-- [ RunTime:0.000449s ]
INFO: [ app_begin ] --START--
INFO: Run Behavior\ReadHtmlCacheBehavior [ RunTime:0.000680s ]
INFO: [ app_begin ] --END-- [ RunTime:0.000734s ]
NOTIC: [8] Undefined index: nickname /data/home/hyu2409230001/htdocs/App/Home/Controller/BaseController.class.php 第 19 行.

[ 2016-11-10T14:45:26+08:00 ] 180.153.214.200 /index.php?s=/Home/Index/index.html
INFO: [ app_init ] --START--
INFO: Run Behavior\BuildLiteBehavior [ RunTime:0.000017s ]
INFO: [ app_init ] --END-- [ RunTime:0.000413s ]
INFO: [ app_begin ] --START--
INFO: Run Behavior\ReadHtmlCacheBehavior [ RunTime:0.000663s ]
INFO: [ app_begin ] --END-- [ RunTime:0.000737s ]
NOTIC: [8] Undefined index: nickname /data/home/hyu2409230001/htdocs/App/Home/Controller/BaseController.class.php 第 19 行.

