[ 2015-06-28T13:58:23+08:00 ] 127.0.0.1 /wxpay/
INFO: [ app_init ] --START--
INFO: [ app_init ] --END-- [ RunTime:0.000534s ]
INFO: [ app_begin ] --START--
INFO: Run Behavior\ReadHtmlCache [ RunTime:0.000283s ]
INFO: [ app_begin ] --END-- [ RunTime:0.000546s ]
INFO: [ action_begin ] --START--
INFO: [ action_begin ] --END-- [ RunTime:0.000124s ]

[ 2015-06-28T13:59:17+08:00 ] 127.0.0.1 /wxpay/
INFO: [ app_init ] --START--
INFO: [ app_init ] --END-- [ RunTime:0.000491s ]
INFO: [ app_begin ] --START--
INFO: Run Behavior\ReadHtmlCache [ RunTime:0.000203s ]
INFO: [ app_begin ] --END-- [ RunTime:0.000413s ]
INFO: [ action_begin ] --START--
INFO: [ action_begin ] --END-- [ RunTime:0.000113s ]

[ 2015-06-28T13:59:17+08:00 ] 127.0.0.1 /wxpay/
INFO: [ app_init ] --START--
INFO: [ app_init ] --END-- [ RunTime:0.000486s ]
INFO: [ app_begin ] --START--
INFO: Run Behavior\ReadHtmlCache [ RunTime:0.000182s ]
INFO: [ app_begin ] --END-- [ RunTime:0.000370s ]
INFO: [ action_begin ] --START--
INFO: [ action_begin ] --END-- [ RunTime:0.000102s ]

[ 2015-06-28T13:59:18+08:00 ] 127.0.0.1 /wxpay/
INFO: [ app_init ] --START--
INFO: [ app_init ] --END-- [ RunTime:0.000486s ]
INFO: [ app_begin ] --START--
INFO: Run Behavior\ReadHtmlCache [ RunTime:0.000173s ]
INFO: [ app_begin ] --END-- [ RunTime:0.000360s ]
INFO: [ action_begin ] --START--
INFO: [ action_begin ] --END-- [ RunTime:0.000104s ]

[ 2015-06-28T13:59:18+08:00 ] 127.0.0.1 /wxpay/
INFO: [ app_init ] --START--
INFO: [ app_init ] --END-- [ RunTime:0.000500s ]
INFO: [ app_begin ] --START--
INFO: Run Behavior\ReadHtmlCache [ RunTime:0.000284s ]
INFO: [ app_begin ] --END-- [ RunTime:0.000504s ]
INFO: [ action_begin ] --START--
INFO: [ action_begin ] --END-- [ RunTime:0.000107s ]

[ 2015-06-28T13:59:19+08:00 ] 127.0.0.1 /wxpay/
INFO: [ app_init ] --START--
INFO: [ app_init ] --END-- [ RunTime:0.000492s ]
INFO: [ app_begin ] --START--
INFO: Run Behavior\ReadHtmlCache [ RunTime:0.000172s ]
INFO: [ app_begin ] --END-- [ RunTime:0.000361s ]
INFO: [ action_begin ] --START--
INFO: [ action_begin ] --END-- [ RunTime:0.000130s ]

[ 2015-06-28T13:59:19+08:00 ] 127.0.0.1 /wxpay/
INFO: [ app_init ] --START--
INFO: [ app_init ] --END-- [ RunTime:0.000564s ]
INFO: [ app_begin ] --START--
INFO: Run Behavior\ReadHtmlCache [ RunTime:0.000175s ]
INFO: [ app_begin ] --END-- [ RunTime:0.000362s ]
INFO: [ action_begin ] --START--
INFO: [ action_begin ] --END-- [ RunTime:0.000210s ]

[ 2015-06-28T13:59:19+08:00 ] 127.0.0.1 /wxpay/
INFO: [ app_init ] --START--
INFO: [ app_init ] --END-- [ RunTime:0.000496s ]
INFO: [ app_begin ] --START--
INFO: Run Behavior\ReadHtmlCache [ RunTime:0.000174s ]
INFO: [ app_begin ] --END-- [ RunTime:0.000362s ]
INFO: [ action_begin ] --START--
INFO: [ action_begin ] --END-- [ RunTime:0.000119s ]

[ 2015-06-28T13:59:19+08:00 ] 127.0.0.1 /wxpay/
INFO: [ app_init ] --START--
INFO: [ app_init ] --END-- [ RunTime:0.000485s ]
INFO: [ app_begin ] --START--
INFO: Run Behavior\ReadHtmlCache [ RunTime:0.000177s ]
INFO: [ app_begin ] --END-- [ RunTime:0.000369s ]
INFO: [ action_begin ] --START--
INFO: [ action_begin ] --END-- [ RunTime:0.000158s ]

[ 2015-06-28T13:59:19+08:00 ] 127.0.0.1 /wxpay/
INFO: [ app_init ] --START--
INFO: [ app_init ] --END-- [ RunTime:0.000495s ]
INFO: [ app_begin ] --START--
INFO: Run Behavior\ReadHtmlCache [ RunTime:0.000184s ]
INFO: [ app_begin ] --END-- [ RunTime:0.000381s ]
INFO: [ action_begin ] --START--
INFO: [ action_begin ] --END-- [ RunTime:0.000106s ]

[ 2015-06-28T13:59:20+08:00 ] 127.0.0.1 /wxpay/
INFO: [ app_init ] --START--
INFO: [ app_init ] --END-- [ RunTime:0.000499s ]
INFO: [ app_begin ] --START--
INFO: Run Behavior\ReadHtmlCache [ RunTime:0.000180s ]
INFO: [ app_begin ] --END-- [ RunTime:0.000377s ]
INFO: [ action_begin ] --START--
INFO: [ action_begin ] --END-- [ RunTime:0.000104s ]

[ 2015-06-28T13:59:20+08:00 ] 127.0.0.1 /wxpay/
INFO: [ app_init ] --START--
INFO: [ app_init ] --END-- [ RunTime:0.000494s ]
INFO: [ app_begin ] --START--
INFO: Run Behavior\ReadHtmlCache [ RunTime:0.000177s ]
INFO: [ app_begin ] --END-- [ RunTime:0.000394s ]
INFO: [ action_begin ] --START--
INFO: [ action_begin ] --END-- [ RunTime:0.000103s ]

[ 2015-06-28T13:59:20+08:00 ] 127.0.0.1 /wxpay/
INFO: [ app_init ] --START--
INFO: [ app_init ] --END-- [ RunTime:0.000504s ]
INFO: [ app_begin ] --START--
INFO: Run Behavior\ReadHtmlCache [ RunTime:0.000173s ]
INFO: [ app_begin ] --END-- [ RunTime:0.000359s ]
INFO: [ action_begin ] --START--
INFO: [ action_begin ] --END-- [ RunTime:0.000101s ]

[ 2015-06-28T13:59:20+08:00 ] 127.0.0.1 /wxpay/
INFO: [ app_init ] --START--
INFO: [ app_init ] --END-- [ RunTime:0.000499s ]
INFO: [ app_begin ] --START--
INFO: Run Behavior\ReadHtmlCache [ RunTime:0.000185s ]
INFO: [ app_begin ] --END-- [ RunTime:0.000379s ]
INFO: [ action_begin ] --START--
INFO: [ action_begin ] --END-- [ RunTime:0.000111s ]

[ 2015-06-28T13:59:21+08:00 ] 127.0.0.1 /wxpay/
INFO: [ app_init ] --START--
INFO: [ app_init ] --END-- [ RunTime:0.000473s ]
INFO: [ app_begin ] --START--
INFO: Run Behavior\ReadHtmlCache [ RunTime:0.000171s ]
INFO: [ app_begin ] --END-- [ RunTime:0.000357s ]
INFO: [ action_begin ] --START--
INFO: [ action_begin ] --END-- [ RunTime:0.000100s ]

[ 2015-06-28T13:59:21+08:00 ] 127.0.0.1 /wxpay/
INFO: [ app_init ] --START--
INFO: [ app_init ] --END-- [ RunTime:0.000481s ]
INFO: [ app_begin ] --START--
INFO: Run Behavior\ReadHtmlCache [ RunTime:0.000173s ]
INFO: [ app_begin ] --END-- [ RunTime:0.000359s ]
INFO: [ action_begin ] --START--
INFO: [ action_begin ] --END-- [ RunTime:0.000108s ]

[ 2015-06-28T13:59:38+08:00 ] 127.0.0.1 /wxpay/
INFO: [ app_init ] --START--
INFO: [ app_init ] --END-- [ RunTime:0.000436s ]
INFO: [ app_begin ] --START--
INFO: Run Behavior\ReadHtmlCache [ RunTime:0.000172s ]
INFO: [ app_begin ] --END-- [ RunTime:0.000360s ]
INFO: [ action_begin ] --START--
INFO: [ action_begin ] --END-- [ RunTime:0.000108s ]

[ 2015-06-28T13:59:38+08:00 ] 127.0.0.1 /wxpay/
INFO: [ app_init ] --START--
INFO: [ app_init ] --END-- [ RunTime:0.000433s ]
INFO: [ app_begin ] --START--
INFO: Run Behavior\ReadHtmlCache [ RunTime:0.000165s ]
INFO: [ app_begin ] --END-- [ RunTime:0.000347s ]
INFO: [ action_begin ] --START--
INFO: [ action_begin ] --END-- [ RunTime:0.000104s ]

[ 2015-06-28T13:59:38+08:00 ] 127.0.0.1 /wxpay/
INFO: [ app_init ] --START--
INFO: [ app_init ] --END-- [ RunTime:0.000655s ]
INFO: [ app_begin ] --START--
INFO: Run Behavior\ReadHtmlCache [ RunTime:0.000170s ]
INFO: [ app_begin ] --END-- [ RunTime:0.000357s ]
INFO: [ action_begin ] --START--
INFO: [ action_begin ] --END-- [ RunTime:0.000103s ]

[ 2015-06-28T13:59:39+08:00 ] 127.0.0.1 /wxpay/
INFO: [ app_init ] --START--
INFO: [ app_init ] --END-- [ RunTime:0.000441s ]
INFO: [ app_begin ] --START--
INFO: Run Behavior\ReadHtmlCache [ RunTime:0.000166s ]
INFO: [ app_begin ] --END-- [ RunTime:0.000349s ]
INFO: [ action_begin ] --START--
INFO: [ action_begin ] --END-- [ RunTime:0.000105s ]

[ 2015-06-28T13:59:40+08:00 ] 127.0.0.1 /wxpay/
INFO: [ app_init ] --START--
INFO: [ app_init ] --END-- [ RunTime:0.000532s ]
INFO: [ app_begin ] --START--
INFO: Run Behavior\ReadHtmlCache [ RunTime:0.000162s ]
INFO: [ app_begin ] --END-- [ RunTime:0.000343s ]
INFO: [ action_begin ] --START--
INFO: [ action_begin ] --END-- [ RunTime:0.000106s ]

[ 2015-06-28T13:59:40+08:00 ] 127.0.0.1 /wxpay/
INFO: [ app_init ] --START--
INFO: [ app_init ] --END-- [ RunTime:0.000487s ]
INFO: [ app_begin ] --START--
INFO: Run Behavior\ReadHtmlCache [ RunTime:0.000165s ]
INFO: [ app_begin ] --END-- [ RunTime:0.000346s ]
INFO: [ action_begin ] --START--
INFO: [ action_begin ] --END-- [ RunTime:0.000107s ]

[ 2015-06-28T13:59:41+08:00 ] 127.0.0.1 /wxpay/
INFO: [ app_init ] --START--
INFO: [ app_init ] --END-- [ RunTime:0.000433s ]
INFO: [ app_begin ] --START--
INFO: Run Behavior\ReadHtmlCache [ RunTime:0.000164s ]
INFO: [ app_begin ] --END-- [ RunTime:0.000346s ]
INFO: [ action_begin ] --START--
INFO: [ action_begin ] --END-- [ RunTime:0.000107s ]

[ 2015-06-28T13:59:41+08:00 ] 127.0.0.1 /wxpay/
INFO: [ app_init ] --START--
INFO: [ app_init ] --END-- [ RunTime:0.000430s ]
INFO: [ app_begin ] --START--
INFO: Run Behavior\ReadHtmlCache [ RunTime:0.000166s ]
INFO: [ app_begin ] --END-- [ RunTime:0.000351s ]
INFO: [ action_begin ] --START--
INFO: [ action_begin ] --END-- [ RunTime:0.000104s ]

[ 2015-06-28T14:00:19+08:00 ] 127.0.0.1 /wxpay/
INFO: [ app_init ] --START--
INFO: [ app_init ] --END-- [ RunTime:0.000615s ]
INFO: [ app_begin ] --START--
INFO: Run Behavior\ReadHtmlCache [ RunTime:0.000161s ]
INFO: [ app_begin ] --END-- [ RunTime:0.000352s ]
INFO: [ action_begin ] --START--
INFO: [ action_begin ] --END-- [ RunTime:0.000107s ]

[ 2015-06-28T14:00:20+08:00 ] 127.0.0.1 /wxpay/
INFO: [ app_init ] --START--
INFO: [ app_init ] --END-- [ RunTime:0.000486s ]
INFO: [ app_begin ] --START--
INFO: Run Behavior\ReadHtmlCache [ RunTime:0.000169s ]
INFO: [ app_begin ] --END-- [ RunTime:0.000391s ]
INFO: [ action_begin ] --START--
INFO: [ action_begin ] --END-- [ RunTime:0.000107s ]

[ 2015-06-28T14:00:20+08:00 ] 127.0.0.1 /wxpay/
INFO: [ app_init ] --START--
INFO: [ app_init ] --END-- [ RunTime:0.000524s ]
INFO: [ app_begin ] --START--
INFO: Run Behavior\ReadHtmlCache [ RunTime:0.000163s ]
INFO: [ app_begin ] --END-- [ RunTime:0.000343s ]
INFO: [ action_begin ] --START--
INFO: [ action_begin ] --END-- [ RunTime:0.000108s ]

[ 2015-06-28T14:00:20+08:00 ] 127.0.0.1 /wxpay/
INFO: [ app_init ] --START--
INFO: [ app_init ] --END-- [ RunTime:0.000481s ]
INFO: [ app_begin ] --START--
INFO: Run Behavior\ReadHtmlCache [ RunTime:0.000164s ]
INFO: [ app_begin ] --END-- [ RunTime:0.000350s ]
INFO: [ action_begin ] --START--
INFO: [ action_begin ] --END-- [ RunTime:0.000110s ]

[ 2015-06-28T14:00:21+08:00 ] 127.0.0.1 /wxpay/
INFO: [ app_init ] --START--
INFO: [ app_init ] --END-- [ RunTime:0.000487s ]
INFO: [ app_begin ] --START--
INFO: Run Behavior\ReadHtmlCache [ RunTime:0.000162s ]
INFO: [ app_begin ] --END-- [ RunTime:0.000340s ]
INFO: [ action_begin ] --START--
INFO: [ action_begin ] --END-- [ RunTime:0.000099s ]

[ 2015-06-28T14:00:21+08:00 ] 127.0.0.1 /wxpay/
INFO: [ app_init ] --START--
INFO: [ app_init ] --END-- [ RunTime:0.000488s ]
INFO: [ app_begin ] --START--
INFO: Run Behavior\ReadHtmlCache [ RunTime:0.000164s ]
INFO: [ app_begin ] --END-- [ RunTime:0.000347s ]
INFO: [ action_begin ] --START--
INFO: [ action_begin ] --END-- [ RunTime:0.000101s ]

[ 2015-06-28T14:00:22+08:00 ] 127.0.0.1 /wxpay/
INFO: [ app_init ] --START--
INFO: [ app_init ] --END-- [ RunTime:0.000506s ]
INFO: [ app_begin ] --START--
INFO: Run Behavior\ReadHtmlCache [ RunTime:0.000169s ]
INFO: [ app_begin ] --END-- [ RunTime:0.000363s ]
INFO: [ action_begin ] --START--
INFO: [ action_begin ] --END-- [ RunTime:0.000103s ]

[ 2015-06-28T14:00:22+08:00 ] 127.0.0.1 /wxpay/
INFO: [ app_init ] --START--
INFO: [ app_init ] --END-- [ RunTime:0.000573s ]
INFO: [ app_begin ] --START--
INFO: Run Behavior\ReadHtmlCache [ RunTime:0.000163s ]
INFO: [ app_begin ] --END-- [ RunTime:0.000350s ]
INFO: [ action_begin ] --START--
INFO: [ action_begin ] --END-- [ RunTime:0.000109s ]

[ 2015-06-28T14:00:23+08:00 ] 127.0.0.1 /wxpay/
INFO: [ app_init ] --START--
INFO: [ app_init ] --END-- [ RunTime:0.000511s ]
INFO: [ app_begin ] --START--
INFO: Run Behavior\ReadHtmlCache [ RunTime:0.000173s ]
INFO: [ app_begin ] --END-- [ RunTime:0.000361s ]
INFO: [ action_begin ] --START--
INFO: [ action_begin ] --END-- [ RunTime:0.000108s ]

[ 2015-06-28T14:00:23+08:00 ] 127.0.0.1 /wxpay/
INFO: [ app_init ] --START--
INFO: [ app_init ] --END-- [ RunTime:0.000490s ]
INFO: [ app_begin ] --START--
INFO: Run Behavior\ReadHtmlCache [ RunTime:0.000176s ]
INFO: [ app_begin ] --END-- [ RunTime:0.000367s ]
INFO: [ action_begin ] --START--
INFO: [ action_begin ] --END-- [ RunTime:0.000107s ]

[ 2015-06-28T14:00:23+08:00 ] 127.0.0.1 /wxpay/
INFO: [ app_init ] --START--
INFO: [ app_init ] --END-- [ RunTime:0.000483s ]
INFO: [ app_begin ] --START--
INFO: Run Behavior\ReadHtmlCache [ RunTime:0.000162s ]
INFO: [ app_begin ] --END-- [ RunTime:0.000343s ]
INFO: [ action_begin ] --START--
INFO: [ action_begin ] --END-- [ RunTime:0.000104s ]

[ 2015-06-28T14:00:23+08:00 ] 127.0.0.1 /wxpay/
INFO: [ app_init ] --START--
INFO: [ app_init ] --END-- [ RunTime:0.000479s ]
INFO: [ app_begin ] --START--
INFO: Run Behavior\ReadHtmlCache [ RunTime:0.000160s ]
INFO: [ app_begin ] --END-- [ RunTime:0.000340s ]
INFO: [ action_begin ] --START--
INFO: [ action_begin ] --END-- [ RunTime:0.000107s ]

