[ 2015-08-27T14:40:30+08:00 ] 182.40.28.41 /index.php/Admin/User/login.html
INFO: [ app_init ] --START--
INFO: Run Behavior\BuildLiteBehavior [ RunTime:0.000000s ]
INFO: [ app_init ] --END-- [ RunTime:0.000000s ]
INFO: [ app_begin ] --START--
INFO: Run Behavior\ReadHtmlCacheBehavior [ RunTime:0.000000s ]
INFO: [ app_begin ] --END-- [ RunTime:0.000000s ]
INFO: [ view_parse ] --START--
INFO: [ template_filter ] --START--
INFO: Run Behavior\ContentReplaceBehavior [ RunTime:0.000000s ]
INFO: [ template_filter ] --END-- [ RunTime:0.000000s ]
INFO: Run Behavior\ParseTemplateBehavior [ RunTime:0.031251s ]
INFO: [ view_parse ] --END-- [ RunTime:0.031251s ]
INFO: [ view_filter ] --START--
INFO: Run Behavior\WriteHtmlCacheBehavior [ RunTime:0.000000s ]
INFO: [ view_filter ] --END-- [ RunTime:0.000000s ]
INFO: [ app_end ] --START--
INFO: Run Behavior\ShowPageTraceBehavior [ RunTime:0.000000s ]
INFO: [ app_end ] --END-- [ RunTime:0.000000s ]

[ 2015-08-27T14:40:30+08:00 ] 182.40.28.41 /index.php/admin/user/verify.html
INFO: [ app_init ] --START--
INFO: Run Behavior\BuildLiteBehavior [ RunTime:0.000000s ]
INFO: [ app_init ] --END-- [ RunTime:0.000000s ]
INFO: [ app_begin ] --START--
INFO: Run Behavior\ReadHtmlCacheBehavior [ RunTime:0.000000s ]
INFO: [ app_begin ] --END-- [ RunTime:0.000000s ]
INFO: [ app_end ] --START--
INFO: Run Behavior\ShowPageTraceBehavior [ RunTime:0.000000s ]
INFO: [ app_end ] --END-- [ RunTime:0.000000s ]

[ 2015-08-27T14:40:48+08:00 ] 182.40.28.41 /index.php/admin/user/login.html
INFO: [ app_init ] --START--
INFO: Run Behavior\BuildLiteBehavior [ RunTime:0.000000s ]
INFO: [ app_init ] --END-- [ RunTime:0.000000s ]
INFO: [ app_begin ] --START--
INFO: Run Behavior\ReadHtmlCacheBehavior [ RunTime:0.000000s ]
INFO: [ app_begin ] --END-- [ RunTime:0.000000s ]
NOTIC: [8] Undefined variable: id D:\kehu\mem\Member\Admin\Controller\UserController.class.php 第 18 行.
SQL: SHOW COLUMNS FROM `tp_user` [ RunTime:0.0000s ]
SQL: SELECT * FROM `tp_user` WHERE `name` = 'admin' AND `pwd` = 'e10adc3949ba59abbe56e057f20f883e' LIMIT 1   [ RunTime:0.0000s ]
INFO: [ view_parse ] --START--
INFO: [ template_filter ] --START--
INFO: Run Behavior\ContentReplaceBehavior [ RunTime:0.000000s ]
INFO: [ template_filter ] --END-- [ RunTime:0.000000s ]
INFO: Run Behavior\ParseTemplateBehavior [ RunTime:0.000000s ]
INFO: [ view_parse ] --END-- [ RunTime:0.000000s ]
INFO: [ view_filter ] --START--
INFO: Run Behavior\WriteHtmlCacheBehavior [ RunTime:0.000000s ]
INFO: [ view_filter ] --END-- [ RunTime:0.000000s ]
INFO: [ app_end ] --START--
INFO: Run Behavior\ShowPageTraceBehavior [ RunTime:0.000000s ]
INFO: [ app_end ] --END-- [ RunTime:0.000000s ]

[ 2015-08-27T14:40:49+08:00 ] 182.40.28.41 /index.php/Admin/Index/index
INFO: [ app_init ] --START--
INFO: Run Behavior\BuildLiteBehavior [ RunTime:0.000000s ]
INFO: [ app_init ] --END-- [ RunTime:0.000000s ]
INFO: [ app_begin ] --START--
INFO: Run Behavior\ReadHtmlCacheBehavior [ RunTime:0.000000s ]
INFO: [ app_begin ] --END-- [ RunTime:0.000000s ]
INFO: [ view_parse ] --START--
INFO: [ template_filter ] --START--
INFO: Run Behavior\ContentReplaceBehavior [ RunTime:0.000000s ]
INFO: [ template_filter ] --END-- [ RunTime:0.000000s ]
INFO: Run Behavior\ParseTemplateBehavior [ RunTime:0.046876s ]
INFO: [ view_parse ] --END-- [ RunTime:0.046876s ]
INFO: [ view_filter ] --START--
INFO: Run Behavior\WriteHtmlCacheBehavior [ RunTime:0.000000s ]
INFO: [ view_filter ] --END-- [ RunTime:0.000000s ]
INFO: [ app_end ] --START--
INFO: Run Behavior\ShowPageTraceBehavior [ RunTime:0.000000s ]
INFO: [ app_end ] --END-- [ RunTime:0.000000s ]

[ 2015-08-27T14:40:49+08:00 ] 182.40.28.41 /index.php/Admin/Index/Gtt/Public/Admin/js/common/main-min.js
INFO: [ app_init ] --START--
INFO: Run Behavior\BuildLiteBehavior [ RunTime:0.000000s ]
INFO: [ app_init ] --END-- [ RunTime:0.000000s ]
INFO: [ app_begin ] --START--
INFO: Run Behavior\ReadHtmlCacheBehavior [ RunTime:0.000000s ]
INFO: [ app_begin ] --END-- [ RunTime:0.000000s ]
ERR: 非法操作:Gtt

[ 2015-08-27T14:40:50+08:00 ] 182.40.28.41 /index.php/admin/Member/list.html
INFO: [ app_init ] --START--
INFO: Run Behavior\BuildLiteBehavior [ RunTime:0.000000s ]
INFO: [ app_init ] --END-- [ RunTime:0.000000s ]
INFO: [ app_begin ] --START--
INFO: Run Behavior\ReadHtmlCacheBehavior [ RunTime:0.000000s ]
INFO: [ app_begin ] --END-- [ RunTime:0.000000s ]
SQL: SHOW COLUMNS FROM `tp_member` [ RunTime:0.0156s ]
SQL: SELECT * FROM `tp_member` INNER JOIN tp_member_tree on tp_member_tree.userid = tp_member.id  WHERE tp_member_tree.parentid = 0  [ RunTime:0.0000s ]
INFO: [ view_parse ] --START--
INFO: [ template_filter ] --START--
INFO: Run Behavior\ContentReplaceBehavior [ RunTime:0.000000s ]
INFO: [ template_filter ] --END-- [ RunTime:0.000000s ]
INFO: Run Behavior\ParseTemplateBehavior [ RunTime:0.000000s ]
INFO: [ view_parse ] --END-- [ RunTime:0.000000s ]
INFO: [ view_filter ] --START--
INFO: Run Behavior\WriteHtmlCacheBehavior [ RunTime:0.000000s ]
INFO: [ view_filter ] --END-- [ RunTime:0.000000s ]
INFO: [ app_end ] --START--
INFO: Run Behavior\ShowPageTraceBehavior [ RunTime:0.000000s ]
INFO: [ app_end ] --END-- [ RunTime:0.000000s ]

[ 2015-08-27T14:40:55+08:00 ] 182.40.28.41 /index.php/admin/Member/points.html
INFO: [ app_init ] --START--
INFO: Run Behavior\BuildLiteBehavior [ RunTime:0.000000s ]
INFO: [ app_init ] --END-- [ RunTime:0.000000s ]
INFO: [ app_begin ] --START--
INFO: Run Behavior\ReadHtmlCacheBehavior [ RunTime:0.000000s ]
INFO: [ app_begin ] --END-- [ RunTime:0.000000s ]
SQL: SHOW COLUMNS FROM `tp_member` [ RunTime:0.0000s ]
NOTIC: [8] Undefined variable: w D:\kehu\mem\Member\Admin\Controller\IndexController.class.php 第 165 行.
SQL: SELECT COUNT(*) AS tp_count FROM `tp_member` LIMIT 1   [ RunTime:0.0000s ]
NOTIC: [8] Undefined variable: w D:\kehu\mem\Member\Admin\Controller\IndexController.class.php 第 168 行.
SQL: SELECT * FROM `tp_member` ORDER BY id desc LIMIT 0,20   [ RunTime:0.0000s ]
INFO: [ view_parse ] --START--
INFO: [ template_filter ] --START--
INFO: Run Behavior\ContentReplaceBehavior [ RunTime:0.000000s ]
INFO: [ template_filter ] --END-- [ RunTime:0.000000s ]
INFO: Run Behavior\ParseTemplateBehavior [ RunTime:0.015626s ]
INFO: [ view_parse ] --END-- [ RunTime:0.015626s ]
INFO: [ view_filter ] --START--
INFO: Run Behavior\WriteHtmlCacheBehavior [ RunTime:0.000000s ]
INFO: [ view_filter ] --END-- [ RunTime:0.000000s ]
INFO: [ app_end ] --START--
INFO: Run Behavior\ShowPageTraceBehavior [ RunTime:0.000000s ]
INFO: [ app_end ] --END-- [ RunTime:0.000000s ]

[ 2015-08-27T14:40:56+08:00 ] 182.40.28.41 /index.php/admin/Member/list.html
INFO: [ app_init ] --START--
INFO: Run Behavior\BuildLiteBehavior [ RunTime:0.000000s ]
INFO: [ app_init ] --END-- [ RunTime:0.000000s ]
INFO: [ app_begin ] --START--
INFO: Run Behavior\ReadHtmlCacheBehavior [ RunTime:0.000000s ]
INFO: [ app_begin ] --END-- [ RunTime:0.000000s ]
SQL: SHOW COLUMNS FROM `tp_member` [ RunTime:0.0000s ]
SQL: SELECT * FROM `tp_member` INNER JOIN tp_member_tree on tp_member_tree.userid = tp_member.id  WHERE tp_member_tree.parentid = 0  [ RunTime:0.0000s ]
INFO: [ view_parse ] --START--
INFO: [ template_filter ] --START--
INFO: Run Behavior\ContentReplaceBehavior [ RunTime:0.000000s ]
INFO: [ template_filter ] --END-- [ RunTime:0.000000s ]
INFO: Run Behavior\ParseTemplateBehavior [ RunTime:0.015626s ]
INFO: [ view_parse ] --END-- [ RunTime:0.015626s ]
INFO: [ view_filter ] --START--
INFO: Run Behavior\WriteHtmlCacheBehavior [ RunTime:0.000000s ]
INFO: [ view_filter ] --END-- [ RunTime:0.000000s ]
INFO: [ app_end ] --START--
INFO: Run Behavior\ShowPageTraceBehavior [ RunTime:0.000000s ]
INFO: [ app_end ] --END-- [ RunTime:0.000000s ]

[ 2015-08-27T14:40:56+08:00 ] 182.40.28.41 /index.php/admin/Member/edit.html
INFO: [ app_init ] --START--
INFO: Run Behavior\BuildLiteBehavior [ RunTime:0.000000s ]
INFO: [ app_init ] --END-- [ RunTime:0.000000s ]
INFO: [ app_begin ] --START--
INFO: Run Behavior\ReadHtmlCacheBehavior [ RunTime:0.000000s ]
INFO: [ app_begin ] --END-- [ RunTime:0.000000s ]
SQL: SHOW COLUMNS FROM `tp_member` [ RunTime:0.0156s ]
SQL: SHOW COLUMNS FROM `tp_member_tree` [ RunTime:0.0000s ]
SQL: SELECT tp_member_tree.id,`userid`,`parentid`,`path`,a.name FROM `tp_member_tree` right JOIN tp_member as a on a.id = tp_member_tree.userid   [ RunTime:0.0000s ]
NOTIC: [8] Undefined index: son D:\kehu\mem\Member\Admin\Controller\IndexController.class.php 第 327 行.
NOTIC: [8] Undefined index: son D:\kehu\mem\Member\Admin\Controller\IndexController.class.php 第 327 行.
NOTIC: [8] Undefined index: son D:\kehu\mem\Member\Admin\Controller\IndexController.class.php 第 327 行.
NOTIC: [8] Undefined index: son D:\kehu\mem\Member\Admin\Controller\IndexController.class.php 第 327 行.
NOTIC: [8] Undefined index: son D:\kehu\mem\Member\Admin\Controller\IndexController.class.php 第 327 行.
NOTIC: [8] Undefined index: son D:\kehu\mem\Member\Admin\Controller\IndexController.class.php 第 327 行.
NOTIC: [8] Undefined index: son D:\kehu\mem\Member\Admin\Controller\IndexController.class.php 第 327 行.
NOTIC: [8] Undefined index: son D:\kehu\mem\Member\Admin\Controller\IndexController.class.php 第 327 行.
NOTIC: [8] Undefined index: son D:\kehu\mem\Member\Admin\Controller\IndexController.class.php 第 327 行.
NOTIC: [8] Undefined index: son D:\kehu\mem\Member\Admin\Controller\IndexController.class.php 第 327 行.
NOTIC: [8] Undefined index: son D:\kehu\mem\Member\Admin\Controller\IndexController.class.php 第 327 行.
NOTIC: [8] Undefined index: son D:\kehu\mem\Member\Admin\Controller\IndexController.class.php 第 327 行.
NOTIC: [8] Undefined index: son D:\kehu\mem\Member\Admin\Controller\IndexController.class.php 第 327 行.
NOTIC: [8] Undefined index: son D:\kehu\mem\Member\Admin\Controller\IndexController.class.php 第 327 行.
NOTIC: [8] Undefined index: son D:\kehu\mem\Member\Admin\Controller\IndexController.class.php 第 327 行.
NOTIC: [8] Undefined index: son D:\kehu\mem\Member\Admin\Controller\IndexController.class.php 第 327 行.
NOTIC: [8] Undefined index: son D:\kehu\mem\Member\Admin\Controller\IndexController.class.php 第 327 行.
NOTIC: [8] Undefined index: son D:\kehu\mem\Member\Admin\Controller\IndexController.class.php 第 327 行.
NOTIC: [8] Undefined index: son D:\kehu\mem\Member\Admin\Controller\IndexController.class.php 第 327 行.
NOTIC: [8] Undefined index: son D:\kehu\mem\Member\Admin\Controller\IndexController.class.php 第 327 行.
NOTIC: [8] Undefined index: son D:\kehu\mem\Member\Admin\Controller\IndexController.class.php 第 327 行.
NOTIC: [8] Undefined index: son D:\kehu\mem\Member\Admin\Controller\IndexController.class.php 第 327 行.
NOTIC: [8] Undefined index: son D:\kehu\mem\Member\Admin\Controller\IndexController.class.php 第 327 行.
NOTIC: [8] Undefined index: son D:\kehu\mem\Member\Admin\Controller\IndexController.class.php 第 327 行.
NOTIC: [8] Undefined index: son D:\kehu\mem\Member\Admin\Controller\IndexController.class.php 第 327 行.
NOTIC: [8] Undefined index: son D:\kehu\mem\Member\Admin\Controller\IndexController.class.php 第 327 行.
NOTIC: [8] Undefined index: son D:\kehu\mem\Member\Admin\Controller\IndexController.class.php 第 327 行.
NOTIC: [8] Undefined index: son D:\kehu\mem\Member\Admin\Controller\IndexController.class.php 第 327 行.
NOTIC: [8] Undefined index: son D:\kehu\mem\Member\Admin\Controller\IndexController.class.php 第 327 行.
NOTIC: [8] Undefined index: son D:\kehu\mem\Member\Admin\Controller\IndexController.class.php 第 327 行.
NOTIC: [8] Undefined index: son D:\kehu\mem\Member\Admin\Controller\IndexController.class.php 第 327 行.
NOTIC: [8] Undefined index: son D:\kehu\mem\Member\Admin\Controller\IndexController.class.php 第 327 行.
INFO: [ view_parse ] --START--
INFO: [ template_filter ] --START--
INFO: Run Behavior\ContentReplaceBehavior [ RunTime:0.000000s ]
INFO: [ template_filter ] --END-- [ RunTime:0.000000s ]
NOTIC: [8] Undefined variable: data D:\kehu\mem\Member\Runtime\Cache\Admin\a580cb9d736a601fd8986b0ad0add657.php 第 42 行.
NOTIC: [8] Undefined variable: data D:\kehu\mem\Member\Runtime\Cache\Admin\a580cb9d736a601fd8986b0ad0add657.php 第 46 行.
NOTIC: [8] Undefined variable: data D:\kehu\mem\Member\Runtime\Cache\Admin\a580cb9d736a601fd8986b0ad0add657.php 第 50 行.
NOTIC: [8] Undefined variable: data D:\kehu\mem\Member\Runtime\Cache\Admin\a580cb9d736a601fd8986b0ad0add657.php 第 54 行.
NOTIC: [8] Undefined variable: data D:\kehu\mem\Member\Runtime\Cache\Admin\a580cb9d736a601fd8986b0ad0add657.php 第 58 行.
NOTIC: [8] Undefined variable: data D:\kehu\mem\Member\Runtime\Cache\Admin\a580cb9d736a601fd8986b0ad0add657.php 第 62 行.
NOTIC: [8] Undefined variable: data D:\kehu\mem\Member\Runtime\Cache\Admin\a580cb9d736a601fd8986b0ad0add657.php 第 66 行.
NOTIC: [8] Undefined variable: data D:\kehu\mem\Member\Runtime\Cache\Admin\a580cb9d736a601fd8986b0ad0add657.php 第 70 行.
NOTIC: [8] Undefined variable: data D:\kehu\mem\Member\Runtime\Cache\Admin\a580cb9d736a601fd8986b0ad0add657.php 第 74 行.
NOTIC: [8] Undefined variable: parent D:\kehu\mem\Member\Runtime\Cache\Admin\a580cb9d736a601fd8986b0ad0add657.php 第 89 行.
NOTIC: [8] Undefined variable: data D:\kehu\mem\Member\Runtime\Cache\Admin\a580cb9d736a601fd8986b0ad0add657.php 第 96 行.
NOTIC: [8] Undefined variable: data D:\kehu\mem\Member\Runtime\Cache\Admin\a580cb9d736a601fd8986b0ad0add657.php 第 97 行.
NOTIC: [8] Undefined variable: data D:\kehu\mem\Member\Runtime\Cache\Admin\a580cb9d736a601fd8986b0ad0add657.php 第 98 行.
INFO: Run Behavior\ParseTemplateBehavior [ RunTime:0.015625s ]
INFO: [ view_parse ] --END-- [ RunTime:0.015625s ]
INFO: [ view_filter ] --START--
INFO: Run Behavior\WriteHtmlCacheBehavior [ RunTime:0.000000s ]
INFO: [ view_filter ] --END-- [ RunTime:0.000000s ]
INFO: [ app_end ] --START--
INFO: Run Behavior\ShowPageTraceBehavior [ RunTime:0.000000s ]
INFO: [ app_end ] --END-- [ RunTime:0.000000s ]

[ 2015-08-27T14:41:13+08:00 ] 182.40.28.41 /index.php/admin/Member/points.html
INFO: [ app_init ] --START--
INFO: Run Behavior\BuildLiteBehavior [ RunTime:0.000000s ]
INFO: [ app_init ] --END-- [ RunTime:0.000000s ]
INFO: [ app_begin ] --START--
INFO: Run Behavior\ReadHtmlCacheBehavior [ RunTime:0.000000s ]
INFO: [ app_begin ] --END-- [ RunTime:0.000000s ]
SQL: SHOW COLUMNS FROM `tp_member` [ RunTime:0.0156s ]
NOTIC: [8] Undefined variable: w D:\kehu\mem\Member\Admin\Controller\IndexController.class.php 第 165 行.
SQL: SELECT COUNT(*) AS tp_count FROM `tp_member` LIMIT 1   [ RunTime:0.0000s ]
NOTIC: [8] Undefined variable: w D:\kehu\mem\Member\Admin\Controller\IndexController.class.php 第 168 行.
SQL: SELECT * FROM `tp_member` ORDER BY id desc LIMIT 0,20   [ RunTime:0.0000s ]
INFO: [ view_parse ] --START--
INFO: [ template_filter ] --START--
INFO: Run Behavior\ContentReplaceBehavior [ RunTime:0.000000s ]
INFO: [ template_filter ] --END-- [ RunTime:0.000000s ]
INFO: Run Behavior\ParseTemplateBehavior [ RunTime:0.015625s ]
INFO: [ view_parse ] --END-- [ RunTime:0.015625s ]
INFO: [ view_filter ] --START--
INFO: Run Behavior\WriteHtmlCacheBehavior [ RunTime:0.000000s ]
INFO: [ view_filter ] --END-- [ RunTime:0.000000s ]
INFO: [ app_end ] --START--
INFO: Run Behavior\ShowPageTraceBehavior [ RunTime:0.000000s ]
INFO: [ app_end ] --END-- [ RunTime:0.000000s ]

[ 2015-08-27T14:41:16+08:00 ] 182.40.28.41 /index.php/admin/Member/list.html
INFO: [ app_init ] --START--
INFO: Run Behavior\BuildLiteBehavior [ RunTime:0.000000s ]
INFO: [ app_init ] --END-- [ RunTime:0.000000s ]
INFO: [ app_begin ] --START--
INFO: Run Behavior\ReadHtmlCacheBehavior [ RunTime:0.015625s ]
INFO: [ app_begin ] --END-- [ RunTime:0.015625s ]
SQL: SHOW COLUMNS FROM `tp_member` [ RunTime:0.0000s ]
SQL: SELECT * FROM `tp_member` INNER JOIN tp_member_tree on tp_member_tree.userid = tp_member.id  WHERE tp_member_tree.parentid = 0  [ RunTime:0.0000s ]
INFO: [ view_parse ] --START--
INFO: [ template_filter ] --START--
INFO: Run Behavior\ContentReplaceBehavior [ RunTime:0.000000s ]
INFO: [ template_filter ] --END-- [ RunTime:0.000000s ]
INFO: Run Behavior\ParseTemplateBehavior [ RunTime:0.015625s ]
INFO: [ view_parse ] --END-- [ RunTime:0.015625s ]
INFO: [ view_filter ] --START--
INFO: Run Behavior\WriteHtmlCacheBehavior [ RunTime:0.000000s ]
INFO: [ view_filter ] --END-- [ RunTime:0.000000s ]
INFO: [ app_end ] --START--
INFO: Run Behavior\ShowPageTraceBehavior [ RunTime:0.000000s ]
INFO: [ app_end ] --END-- [ RunTime:0.000000s ]

[ 2015-08-27T14:41:19+08:00 ] 182.40.28.41 /index.php/admin/member/ajaxlist.html
INFO: [ app_init ] --START--
INFO: Run Behavior\BuildLiteBehavior [ RunTime:0.000000s ]
INFO: [ app_init ] --END-- [ RunTime:0.000000s ]
INFO: [ app_begin ] --START--
INFO: Run Behavior\ReadHtmlCacheBehavior [ RunTime:0.000000s ]
INFO: [ app_begin ] --END-- [ RunTime:0.000000s ]
SQL: SHOW COLUMNS FROM `tp_member` [ RunTime:0.0000s ]
SQL: SELECT * FROM `tp_member` INNER JOIN tp_member_tree on tp_member_tree.userid = tp_member.id  WHERE tp_member_tree.parentid = 2  [ RunTime:0.0000s ]

[ 2015-08-27T14:41:22+08:00 ] 182.40.28.41 /index.php/admin/member/ajaxlist.html
INFO: [ app_init ] --START--
INFO: Run Behavior\BuildLiteBehavior [ RunTime:0.000000s ]
INFO: [ app_init ] --END-- [ RunTime:0.000000s ]
INFO: [ app_begin ] --START--
INFO: Run Behavior\ReadHtmlCacheBehavior [ RunTime:0.000000s ]
INFO: [ app_begin ] --END-- [ RunTime:0.000000s ]
SQL: SHOW COLUMNS FROM `tp_member` [ RunTime:0.0000s ]
SQL: SELECT * FROM `tp_member` INNER JOIN tp_member_tree on tp_member_tree.userid = tp_member.id  WHERE tp_member_tree.parentid = 3  [ RunTime:0.0000s ]

[ 2015-08-27T14:41:25+08:00 ] 182.40.28.41 /index.php/admin/Member/edit.html
INFO: [ app_init ] --START--
INFO: Run Behavior\BuildLiteBehavior [ RunTime:0.000000s ]
INFO: [ app_init ] --END-- [ RunTime:0.000000s ]
INFO: [ app_begin ] --START--
INFO: Run Behavior\ReadHtmlCacheBehavior [ RunTime:0.000000s ]
INFO: [ app_begin ] --END-- [ RunTime:0.000000s ]
SQL: SHOW COLUMNS FROM `tp_member` [ RunTime:0.0000s ]
SQL: SHOW COLUMNS FROM `tp_member_tree` [ RunTime:0.0156s ]
SQL: SELECT tp_member_tree.id,`userid`,`parentid`,`path`,a.name FROM `tp_member_tree` right JOIN tp_member as a on a.id = tp_member_tree.userid   [ RunTime:0.0000s ]
NOTIC: [8] Undefined index: son D:\kehu\mem\Member\Admin\Controller\IndexController.class.php 第 327 行.
NOTIC: [8] Undefined index: son D:\kehu\mem\Member\Admin\Controller\IndexController.class.php 第 327 行.
NOTIC: [8] Undefined index: son D:\kehu\mem\Member\Admin\Controller\IndexController.class.php 第 327 行.
NOTIC: [8] Undefined index: son D:\kehu\mem\Member\Admin\Controller\IndexController.class.php 第 327 行.
NOTIC: [8] Undefined index: son D:\kehu\mem\Member\Admin\Controller\IndexController.class.php 第 327 行.
NOTIC: [8] Undefined index: son D:\kehu\mem\Member\Admin\Controller\IndexController.class.php 第 327 行.
NOTIC: [8] Undefined index: son D:\kehu\mem\Member\Admin\Controller\IndexController.class.php 第 327 行.
NOTIC: [8] Undefined index: son D:\kehu\mem\Member\Admin\Controller\IndexController.class.php 第 327 行.
NOTIC: [8] Undefined index: son D:\kehu\mem\Member\Admin\Controller\IndexController.class.php 第 327 行.
NOTIC: [8] Undefined index: son D:\kehu\mem\Member\Admin\Controller\IndexController.class.php 第 327 行.
NOTIC: [8] Undefined index: son D:\kehu\mem\Member\Admin\Controller\IndexController.class.php 第 327 行.
NOTIC: [8] Undefined index: son D:\kehu\mem\Member\Admin\Controller\IndexController.class.php 第 327 行.
NOTIC: [8] Undefined index: son D:\kehu\mem\Member\Admin\Controller\IndexController.class.php 第 327 行.
NOTIC: [8] Undefined index: son D:\kehu\mem\Member\Admin\Controller\IndexController.class.php 第 327 行.
NOTIC: [8] Undefined index: son D:\kehu\mem\Member\Admin\Controller\IndexController.class.php 第 327 行.
NOTIC: [8] Undefined index: son D:\kehu\mem\Member\Admin\Controller\IndexController.class.php 第 327 行.
NOTIC: [8] Undefined index: son D:\kehu\mem\Member\Admin\Controller\IndexController.class.php 第 327 行.
NOTIC: [8] Undefined index: son D:\kehu\mem\Member\Admin\Controller\IndexController.class.php 第 327 行.
NOTIC: [8] Undefined index: son D:\kehu\mem\Member\Admin\Controller\IndexController.class.php 第 327 行.
NOTIC: [8] Undefined index: son D:\kehu\mem\Member\Admin\Controller\IndexController.class.php 第 327 行.
NOTIC: [8] Undefined index: son D:\kehu\mem\Member\Admin\Controller\IndexController.class.php 第 327 行.
NOTIC: [8] Undefined index: son D:\kehu\mem\Member\Admin\Controller\IndexController.class.php 第 327 行.
NOTIC: [8] Undefined index: son D:\kehu\mem\Member\Admin\Controller\IndexController.class.php 第 327 行.
NOTIC: [8] Undefined index: son D:\kehu\mem\Member\Admin\Controller\IndexController.class.php 第 327 行.
NOTIC: [8] Undefined index: son D:\kehu\mem\Member\Admin\Controller\IndexController.class.php 第 327 行.
NOTIC: [8] Undefined index: son D:\kehu\mem\Member\Admin\Controller\IndexController.class.php 第 327 行.
NOTIC: [8] Undefined index: son D:\kehu\mem\Member\Admin\Controller\IndexController.class.php 第 327 行.
NOTIC: [8] Undefined index: son D:\kehu\mem\Member\Admin\Controller\IndexController.class.php 第 327 行.
NOTIC: [8] Undefined index: son D:\kehu\mem\Member\Admin\Controller\IndexController.class.php 第 327 行.
NOTIC: [8] Undefined index: son D:\kehu\mem\Member\Admin\Controller\IndexController.class.php 第 327 行.
NOTIC: [8] Undefined index: son D:\kehu\mem\Member\Admin\Controller\IndexController.class.php 第 327 行.
NOTIC: [8] Undefined index: son D:\kehu\mem\Member\Admin\Controller\IndexController.class.php 第 327 行.
INFO: [ view_parse ] --START--
INFO: [ template_filter ] --START--
INFO: Run Behavior\ContentReplaceBehavior [ RunTime:0.000000s ]
INFO: [ template_filter ] --END-- [ RunTime:0.000000s ]
NOTIC: [8] Undefined variable: data D:\kehu\mem\Member\Runtime\Cache\Admin\a580cb9d736a601fd8986b0ad0add657.php 第 42 行.
NOTIC: [8] Undefined variable: data D:\kehu\mem\Member\Runtime\Cache\Admin\a580cb9d736a601fd8986b0ad0add657.php 第 46 行.
NOTIC: [8] Undefined variable: data D:\kehu\mem\Member\Runtime\Cache\Admin\a580cb9d736a601fd8986b0ad0add657.php 第 50 行.
NOTIC: [8] Undefined variable: data D:\kehu\mem\Member\Runtime\Cache\Admin\a580cb9d736a601fd8986b0ad0add657.php 第 54 行.
NOTIC: [8] Undefined variable: data D:\kehu\mem\Member\Runtime\Cache\Admin\a580cb9d736a601fd8986b0ad0add657.php 第 58 行.
NOTIC: [8] Undefined variable: data D:\kehu\mem\Member\Runtime\Cache\Admin\a580cb9d736a601fd8986b0ad0add657.php 第 62 行.
NOTIC: [8] Undefined variable: data D:\kehu\mem\Member\Runtime\Cache\Admin\a580cb9d736a601fd8986b0ad0add657.php 第 66 行.
NOTIC: [8] Undefined variable: data D:\kehu\mem\Member\Runtime\Cache\Admin\a580cb9d736a601fd8986b0ad0add657.php 第 70 行.
NOTIC: [8] Undefined variable: data D:\kehu\mem\Member\Runtime\Cache\Admin\a580cb9d736a601fd8986b0ad0add657.php 第 74 行.
NOTIC: [8] Undefined variable: parent D:\kehu\mem\Member\Runtime\Cache\Admin\a580cb9d736a601fd8986b0ad0add657.php 第 89 行.
NOTIC: [8] Undefined variable: data D:\kehu\mem\Member\Runtime\Cache\Admin\a580cb9d736a601fd8986b0ad0add657.php 第 96 行.
NOTIC: [8] Undefined variable: data D:\kehu\mem\Member\Runtime\Cache\Admin\a580cb9d736a601fd8986b0ad0add657.php 第 97 行.
NOTIC: [8] Undefined variable: data D:\kehu\mem\Member\Runtime\Cache\Admin\a580cb9d736a601fd8986b0ad0add657.php 第 98 行.
INFO: Run Behavior\ParseTemplateBehavior [ RunTime:0.000000s ]
INFO: [ view_parse ] --END-- [ RunTime:0.000000s ]
INFO: [ view_filter ] --START--
INFO: Run Behavior\WriteHtmlCacheBehavior [ RunTime:0.000000s ]
INFO: [ view_filter ] --END-- [ RunTime:0.015625s ]
INFO: [ app_end ] --START--
INFO: Run Behavior\ShowPageTraceBehavior [ RunTime:0.000000s ]
INFO: [ app_end ] --END-- [ RunTime:0.000000s ]

[ 2015-08-27T14:41:27+08:00 ] 182.40.28.41 /index.php/admin/Member/list.html
INFO: [ app_init ] --START--
INFO: Run Behavior\BuildLiteBehavior [ RunTime:0.000000s ]
INFO: [ app_init ] --END-- [ RunTime:0.000000s ]
INFO: [ app_begin ] --START--
INFO: Run Behavior\ReadHtmlCacheBehavior [ RunTime:0.000000s ]
INFO: [ app_begin ] --END-- [ RunTime:0.000000s ]
SQL: SHOW COLUMNS FROM `tp_member` [ RunTime:0.0000s ]
SQL: SELECT * FROM `tp_member` INNER JOIN tp_member_tree on tp_member_tree.userid = tp_member.id  WHERE tp_member_tree.parentid = 0  [ RunTime:0.0000s ]
INFO: [ view_parse ] --START--
INFO: [ template_filter ] --START--
INFO: Run Behavior\ContentReplaceBehavior [ RunTime:0.000000s ]
INFO: [ template_filter ] --END-- [ RunTime:0.000000s ]
INFO: Run Behavior\ParseTemplateBehavior [ RunTime:0.015626s ]
INFO: [ view_parse ] --END-- [ RunTime:0.015626s ]
INFO: [ view_filter ] --START--
INFO: Run Behavior\WriteHtmlCacheBehavior [ RunTime:0.000000s ]
INFO: [ view_filter ] --END-- [ RunTime:0.000000s ]
INFO: [ app_end ] --START--
INFO: Run Behavior\ShowPageTraceBehavior [ RunTime:0.000000s ]
INFO: [ app_end ] --END-- [ RunTime:0.000000s ]

[ 2015-08-27T14:42:18+08:00 ] 182.40.28.41 /index.php/admin/member/ajaxlist.html
INFO: [ app_init ] --START--
INFO: Run Behavior\BuildLiteBehavior [ RunTime:0.000000s ]
INFO: [ app_init ] --END-- [ RunTime:0.000000s ]
INFO: [ app_begin ] --START--
INFO: Run Behavior\ReadHtmlCacheBehavior [ RunTime:0.000000s ]
INFO: [ app_begin ] --END-- [ RunTime:0.000000s ]
SQL: SHOW COLUMNS FROM `tp_member` [ RunTime:0.0000s ]
SQL: SELECT * FROM `tp_member` INNER JOIN tp_member_tree on tp_member_tree.userid = tp_member.id  WHERE tp_member_tree.parentid = 2  [ RunTime:0.0000s ]

[ 2015-08-27T14:42:19+08:00 ] 182.40.28.41 /index.php/admin/member/ajaxlist.html
INFO: [ app_init ] --START--
INFO: Run Behavior\BuildLiteBehavior [ RunTime:0.000000s ]
INFO: [ app_init ] --END-- [ RunTime:0.000000s ]
INFO: [ app_begin ] --START--
INFO: Run Behavior\ReadHtmlCacheBehavior [ RunTime:0.000000s ]
INFO: [ app_begin ] --END-- [ RunTime:0.000000s ]
SQL: SHOW COLUMNS FROM `tp_member` [ RunTime:0.0000s ]
SQL: SELECT * FROM `tp_member` INNER JOIN tp_member_tree on tp_member_tree.userid = tp_member.id  WHERE tp_member_tree.parentid = 3  [ RunTime:0.0000s ]

[ 2015-08-27T14:42:23+08:00 ] 182.40.28.41 /index.php/admin/member/ajaxlist.html
INFO: [ app_init ] --START--
INFO: Run Behavior\BuildLiteBehavior [ RunTime:0.000000s ]
INFO: [ app_init ] --END-- [ RunTime:0.000000s ]
INFO: [ app_begin ] --START--
INFO: Run Behavior\ReadHtmlCacheBehavior [ RunTime:0.000000s ]
INFO: [ app_begin ] --END-- [ RunTime:0.000000s ]
SQL: SHOW COLUMNS FROM `tp_member` [ RunTime:0.0000s ]
SQL: SELECT * FROM `tp_member` INNER JOIN tp_member_tree on tp_member_tree.userid = tp_member.id  WHERE tp_member_tree.parentid = 4  [ RunTime:0.0000s ]

[ 2015-08-27T14:42:26+08:00 ] 182.40.28.41 /index.php/admin/member/edit/9.html
INFO: [ app_init ] --START--
INFO: Run Behavior\BuildLiteBehavior [ RunTime:0.000000s ]
INFO: [ app_init ] --END-- [ RunTime:0.000000s ]
INFO: [ app_begin ] --START--
INFO: Run Behavior\ReadHtmlCacheBehavior [ RunTime:0.000000s ]
INFO: [ app_begin ] --END-- [ RunTime:0.000000s ]
SQL: SHOW COLUMNS FROM `tp_member` [ RunTime:0.0000s ]
SQL: SELECT * FROM `tp_member` WHERE `id` = 9 LIMIT 1   [ RunTime:0.0000s ]
SQL: SHOW COLUMNS FROM `tp_member_tree` [ RunTime:0.0000s ]
SQL: SELECT * FROM `tp_member_tree` left JOIN tp_member on tp_member.id=tp_member_tree.parentid  WHERE `userid` = 9 LIMIT 1   [ RunTime:0.0000s ]
SQL: SELECT tp_member_tree.id,`userid`,`parentid`,`path`,a.name FROM `tp_member_tree` right JOIN tp_member as a on a.id = tp_member_tree.userid   [ RunTime:0.0000s ]
NOTIC: [8] Undefined index: son D:\kehu\mem\Member\Admin\Controller\IndexController.class.php 第 327 行.
NOTIC: [8] Undefined index: son D:\kehu\mem\Member\Admin\Controller\IndexController.class.php 第 327 行.
NOTIC: [8] Undefined index: son D:\kehu\mem\Member\Admin\Controller\IndexController.class.php 第 327 行.
NOTIC: [8] Undefined index: son D:\kehu\mem\Member\Admin\Controller\IndexController.class.php 第 327 行.
NOTIC: [8] Undefined index: son D:\kehu\mem\Member\Admin\Controller\IndexController.class.php 第 327 行.
NOTIC: [8] Undefined index: son D:\kehu\mem\Member\Admin\Controller\IndexController.class.php 第 327 行.
NOTIC: [8] Undefined index: son D:\kehu\mem\Member\Admin\Controller\IndexController.class.php 第 327 行.
NOTIC: [8] Undefined index: son D:\kehu\mem\Member\Admin\Controller\IndexController.class.php 第 327 行.
NOTIC: [8] Undefined index: son D:\kehu\mem\Member\Admin\Controller\IndexController.class.php 第 327 行.
NOTIC: [8] Undefined index: son D:\kehu\mem\Member\Admin\Controller\IndexController.class.php 第 327 行.
NOTIC: [8] Undefined index: son D:\kehu\mem\Member\Admin\Controller\IndexController.class.php 第 327 行.
NOTIC: [8] Undefined index: son D:\kehu\mem\Member\Admin\Controller\IndexController.class.php 第 327 行.
NOTIC: [8] Undefined index: son D:\kehu\mem\Member\Admin\Controller\IndexController.class.php 第 327 行.
NOTIC: [8] Undefined index: son D:\kehu\mem\Member\Admin\Controller\IndexController.class.php 第 327 行.
NOTIC: [8] Undefined index: son D:\kehu\mem\Member\Admin\Controller\IndexController.class.php 第 327 行.
NOTIC: [8] Undefined index: son D:\kehu\mem\Member\Admin\Controller\IndexController.class.php 第 327 行.
NOTIC: [8] Undefined index: son D:\kehu\mem\Member\Admin\Controller\IndexController.class.php 第 327 行.
NOTIC: [8] Undefined index: son D:\kehu\mem\Member\Admin\Controller\IndexController.class.php 第 327 行.
NOTIC: [8] Undefined index: son D:\kehu\mem\Member\Admin\Controller\IndexController.class.php 第 327 行.
NOTIC: [8] Undefined index: son D:\kehu\mem\Member\Admin\Controller\IndexController.class.php 第 327 行.
NOTIC: [8] Undefined index: son D:\kehu\mem\Member\Admin\Controller\IndexController.class.php 第 327 行.
NOTIC: [8] Undefined index: son D:\kehu\mem\Member\Admin\Controller\IndexController.class.php 第 327 行.
NOTIC: [8] Undefined index: son D:\kehu\mem\Member\Admin\Controller\IndexController.class.php 第 327 行.
NOTIC: [8] Undefined index: son D:\kehu\mem\Member\Admin\Controller\IndexController.class.php 第 327 行.
NOTIC: [8] Undefined index: son D:\kehu\mem\Member\Admin\Controller\IndexController.class.php 第 327 行.
NOTIC: [8] Undefined index: son D:\kehu\mem\Member\Admin\Controller\IndexController.class.php 第 327 行.
NOTIC: [8] Undefined index: son D:\kehu\mem\Member\Admin\Controller\IndexController.class.php 第 327 行.
NOTIC: [8] Undefined index: son D:\kehu\mem\Member\Admin\Controller\IndexController.class.php 第 327 行.
NOTIC: [8] Undefined index: son D:\kehu\mem\Member\Admin\Controller\IndexController.class.php 第 327 行.
NOTIC: [8] Undefined index: son D:\kehu\mem\Member\Admin\Controller\IndexController.class.php 第 327 行.
NOTIC: [8] Undefined index: son D:\kehu\mem\Member\Admin\Controller\IndexController.class.php 第 327 行.
NOTIC: [8] Undefined index: son D:\kehu\mem\Member\Admin\Controller\IndexController.class.php 第 327 行.
INFO: [ view_parse ] --START--
INFO: [ template_filter ] --START--
INFO: Run Behavior\ContentReplaceBehavior [ RunTime:0.000000s ]
INFO: [ template_filter ] --END-- [ RunTime:0.000000s ]
INFO: Run Behavior\ParseTemplateBehavior [ RunTime:0.031250s ]
INFO: [ view_parse ] --END-- [ RunTime:0.031250s ]
INFO: [ view_filter ] --START--
INFO: Run Behavior\WriteHtmlCacheBehavior [ RunTime:0.000000s ]
INFO: [ view_filter ] --END-- [ RunTime:0.000000s ]
INFO: [ app_end ] --START--
INFO: Run Behavior\ShowPageTraceBehavior [ RunTime:0.000000s ]
INFO: [ app_end ] --END-- [ RunTime:0.000000s ]

[ 2015-08-27T14:42:36+08:00 ] 182.40.28.41 /index.php/admin/Member/points.html
INFO: [ app_init ] --START--
INFO: Run Behavior\BuildLiteBehavior [ RunTime:0.000000s ]
INFO: [ app_init ] --END-- [ RunTime:0.000000s ]
INFO: [ app_begin ] --START--
INFO: Run Behavior\ReadHtmlCacheBehavior [ RunTime:0.000000s ]
INFO: [ app_begin ] --END-- [ RunTime:0.000000s ]
SQL: SHOW COLUMNS FROM `tp_member` [ RunTime:0.0156s ]
NOTIC: [8] Undefined variable: w D:\kehu\mem\Member\Admin\Controller\IndexController.class.php 第 165 行.
SQL: SELECT COUNT(*) AS tp_count FROM `tp_member` LIMIT 1   [ RunTime:0.0000s ]
NOTIC: [8] Undefined variable: w D:\kehu\mem\Member\Admin\Controller\IndexController.class.php 第 168 行.
SQL: SELECT * FROM `tp_member` ORDER BY id desc LIMIT 0,20   [ RunTime:0.0000s ]
INFO: [ view_parse ] --START--
INFO: [ template_filter ] --START--
INFO: Run Behavior\ContentReplaceBehavior [ RunTime:0.000000s ]
INFO: [ template_filter ] --END-- [ RunTime:0.000000s ]
INFO: Run Behavior\ParseTemplateBehavior [ RunTime:0.000000s ]
INFO: [ view_parse ] --END-- [ RunTime:0.000000s ]
INFO: [ view_filter ] --START--
INFO: Run Behavior\WriteHtmlCacheBehavior [ RunTime:0.000000s ]
INFO: [ view_filter ] --END-- [ RunTime:0.015625s ]
INFO: [ app_end ] --START--
INFO: Run Behavior\ShowPageTraceBehavior [ RunTime:0.000000s ]
INFO: [ app_end ] --END-- [ RunTime:0.000000s ]

[ 2015-08-27T14:42:52+08:00 ] 182.40.28.41 /index.php/admin/config/index.html
INFO: [ app_init ] --START--
INFO: Run Behavior\BuildLiteBehavior [ RunTime:0.000000s ]
INFO: [ app_init ] --END-- [ RunTime:0.000000s ]
INFO: [ app_begin ] --START--
INFO: Run Behavior\ReadHtmlCacheBehavior [ RunTime:0.000000s ]
INFO: [ app_begin ] --END-- [ RunTime:0.000000s ]
SQL: SHOW COLUMNS FROM `tp_config` [ RunTime:0.0000s ]
SQL: SELECT * FROM `tp_config` WHERE ( id = 1 ) LIMIT 1   [ RunTime:0.0000s ]
INFO: [ view_parse ] --START--
INFO: [ template_filter ] --START--
INFO: Run Behavior\ContentReplaceBehavior [ RunTime:0.000000s ]
INFO: [ template_filter ] --END-- [ RunTime:0.000000s ]
INFO: Run Behavior\ParseTemplateBehavior [ RunTime:0.015625s ]
INFO: [ view_parse ] --END-- [ RunTime:0.015625s ]
INFO: [ view_filter ] --START--
INFO: Run Behavior\WriteHtmlCacheBehavior [ RunTime:0.000000s ]
INFO: [ view_filter ] --END-- [ RunTime:0.000000s ]
INFO: [ app_end ] --START--
INFO: Run Behavior\ShowPageTraceBehavior [ RunTime:0.000000s ]
INFO: [ app_end ] --END-- [ RunTime:0.000000s ]

[ 2015-08-27T14:46:31+08:00 ] 182.40.28.41 /index.php/admin/Member/points.html
INFO: [ app_init ] --START--
INFO: Run Behavior\BuildLiteBehavior [ RunTime:0.000000s ]
INFO: [ app_init ] --END-- [ RunTime:0.000000s ]
INFO: [ app_begin ] --START--
INFO: Run Behavior\ReadHtmlCacheBehavior [ RunTime:0.000000s ]
INFO: [ app_begin ] --END-- [ RunTime:0.000000s ]
SQL: SHOW COLUMNS FROM `tp_member` [ RunTime:0.0000s ]
NOTIC: [8] Undefined variable: w D:\kehu\mem\Member\Admin\Controller\IndexController.class.php 第 165 行.
SQL: SELECT COUNT(*) AS tp_count FROM `tp_member` LIMIT 1   [ RunTime:0.0000s ]
NOTIC: [8] Undefined variable: w D:\kehu\mem\Member\Admin\Controller\IndexController.class.php 第 168 行.
SQL: SELECT * FROM `tp_member` ORDER BY id desc LIMIT 0,20   [ RunTime:0.0000s ]
INFO: [ view_parse ] --START--
INFO: [ template_filter ] --START--
INFO: Run Behavior\ContentReplaceBehavior [ RunTime:0.000000s ]
INFO: [ template_filter ] --END-- [ RunTime:0.000000s ]
INFO: Run Behavior\ParseTemplateBehavior [ RunTime:0.015625s ]
INFO: [ view_parse ] --END-- [ RunTime:0.015625s ]
INFO: [ view_filter ] --START--
INFO: Run Behavior\WriteHtmlCacheBehavior [ RunTime:0.000000s ]
INFO: [ view_filter ] --END-- [ RunTime:0.000000s ]
INFO: [ app_end ] --START--
INFO: Run Behavior\ShowPageTraceBehavior [ RunTime:0.000000s ]
INFO: [ app_end ] --END-- [ RunTime:0.000000s ]

[ 2015-08-27T14:46:51+08:00 ] 182.40.28.41 /index.php/admin/Member/list.html
INFO: [ app_init ] --START--
INFO: Run Behavior\BuildLiteBehavior [ RunTime:0.000000s ]
INFO: [ app_init ] --END-- [ RunTime:0.000000s ]
INFO: [ app_begin ] --START--
INFO: Run Behavior\ReadHtmlCacheBehavior [ RunTime:0.000000s ]
INFO: [ app_begin ] --END-- [ RunTime:0.000000s ]
SQL: SHOW COLUMNS FROM `tp_member` [ RunTime:0.0000s ]
SQL: SELECT * FROM `tp_member` INNER JOIN tp_member_tree on tp_member_tree.userid = tp_member.id  WHERE tp_member_tree.parentid = 0  [ RunTime:0.0000s ]
INFO: [ view_parse ] --START--
INFO: [ template_filter ] --START--
INFO: Run Behavior\ContentReplaceBehavior [ RunTime:0.000000s ]
INFO: [ template_filter ] --END-- [ RunTime:0.000000s ]
INFO: Run Behavior\ParseTemplateBehavior [ RunTime:0.015626s ]
INFO: [ view_parse ] --END-- [ RunTime:0.015626s ]
INFO: [ view_filter ] --START--
INFO: Run Behavior\WriteHtmlCacheBehavior [ RunTime:0.000000s ]
INFO: [ view_filter ] --END-- [ RunTime:0.000000s ]
INFO: [ app_end ] --START--
INFO: Run Behavior\ShowPageTraceBehavior [ RunTime:0.000000s ]
INFO: [ app_end ] --END-- [ RunTime:0.000000s ]

[ 2015-08-27T14:46:53+08:00 ] 182.40.28.41 /index.php/admin/Member/points.html
INFO: [ app_init ] --START--
INFO: Run Behavior\BuildLiteBehavior [ RunTime:0.000000s ]
INFO: [ app_init ] --END-- [ RunTime:0.000000s ]
INFO: [ app_begin ] --START--
INFO: Run Behavior\ReadHtmlCacheBehavior [ RunTime:0.000000s ]
INFO: [ app_begin ] --END-- [ RunTime:0.000000s ]
SQL: SHOW COLUMNS FROM `tp_member` [ RunTime:0.0000s ]
NOTIC: [8] Undefined variable: w D:\kehu\mem\Member\Admin\Controller\IndexController.class.php 第 165 行.
SQL: SELECT COUNT(*) AS tp_count FROM `tp_member` LIMIT 1   [ RunTime:0.0000s ]
NOTIC: [8] Undefined variable: w D:\kehu\mem\Member\Admin\Controller\IndexController.class.php 第 168 行.
SQL: SELECT * FROM `tp_member` ORDER BY id desc LIMIT 0,20   [ RunTime:0.0000s ]
INFO: [ view_parse ] --START--
INFO: [ template_filter ] --START--
INFO: Run Behavior\ContentReplaceBehavior [ RunTime:0.000000s ]
INFO: [ template_filter ] --END-- [ RunTime:0.000000s ]
INFO: Run Behavior\ParseTemplateBehavior [ RunTime:0.015625s ]
INFO: [ view_parse ] --END-- [ RunTime:0.015625s ]
INFO: [ view_filter ] --START--
INFO: Run Behavior\WriteHtmlCacheBehavior [ RunTime:0.000000s ]
INFO: [ view_filter ] --END-- [ RunTime:0.000000s ]
INFO: [ app_end ] --START--
INFO: Run Behavior\ShowPageTraceBehavior [ RunTime:0.000000s ]
INFO: [ app_end ] --END-- [ RunTime:0.000000s ]

[ 2015-08-27T14:53:37+08:00 ] 182.40.28.41 /index.php/admin/Member/points.html
INFO: [ app_init ] --START--
INFO: Run Behavior\BuildLiteBehavior [ RunTime:0.000000s ]
INFO: [ app_init ] --END-- [ RunTime:0.000000s ]
INFO: [ app_begin ] --START--
INFO: Run Behavior\ReadHtmlCacheBehavior [ RunTime:0.000000s ]
INFO: [ app_begin ] --END-- [ RunTime:0.015626s ]
SQL: SHOW COLUMNS FROM `tp_member` [ RunTime:0.0156s ]
NOTIC: [8] Undefined variable: w D:\kehu\mem\Member\Admin\Controller\IndexController.class.php 第 165 行.
SQL: SELECT COUNT(*) AS tp_count FROM `tp_member` LIMIT 1   [ RunTime:0.0000s ]
NOTIC: [8] Undefined variable: w D:\kehu\mem\Member\Admin\Controller\IndexController.class.php 第 168 行.
SQL: SELECT * FROM `tp_member` ORDER BY id desc LIMIT 0,20   [ RunTime:0.0000s ]
INFO: [ view_parse ] --START--
INFO: [ template_filter ] --START--
INFO: Run Behavior\ContentReplaceBehavior [ RunTime:0.000000s ]
INFO: [ template_filter ] --END-- [ RunTime:0.000000s ]
INFO: Run Behavior\ParseTemplateBehavior [ RunTime:0.000000s ]
INFO: [ view_parse ] --END-- [ RunTime:0.015626s ]
INFO: [ view_filter ] --START--
INFO: Run Behavior\WriteHtmlCacheBehavior [ RunTime:0.000000s ]
INFO: [ view_filter ] --END-- [ RunTime:0.000000s ]
INFO: [ app_end ] --START--
INFO: Run Behavior\ShowPageTraceBehavior [ RunTime:0.000000s ]
INFO: [ app_end ] --END-- [ RunTime:0.000000s ]

[ 2015-08-27T14:53:40+08:00 ] 182.40.28.41 /index.php/admin/Member/list.html
INFO: [ app_init ] --START--
INFO: Run Behavior\BuildLiteBehavior [ RunTime:0.000000s ]
INFO: [ app_init ] --END-- [ RunTime:0.000000s ]
INFO: [ app_begin ] --START--
INFO: Run Behavior\ReadHtmlCacheBehavior [ RunTime:0.000000s ]
INFO: [ app_begin ] --END-- [ RunTime:0.000000s ]
SQL: SHOW COLUMNS FROM `tp_member` [ RunTime:0.0000s ]
SQL: SELECT * FROM `tp_member` INNER JOIN tp_member_tree on tp_member_tree.userid = tp_member.id  WHERE tp_member_tree.parentid = 0  [ RunTime:0.0000s ]
INFO: [ view_parse ] --START--
INFO: [ template_filter ] --START--
INFO: Run Behavior\ContentReplaceBehavior [ RunTime:0.000000s ]
INFO: [ template_filter ] --END-- [ RunTime:0.000000s ]
INFO: Run Behavior\ParseTemplateBehavior [ RunTime:0.015626s ]
INFO: [ view_parse ] --END-- [ RunTime:0.015626s ]
INFO: [ view_filter ] --START--
INFO: Run Behavior\WriteHtmlCacheBehavior [ RunTime:0.000000s ]
INFO: [ view_filter ] --END-- [ RunTime:0.000000s ]
INFO: [ app_end ] --START--
INFO: Run Behavior\ShowPageTraceBehavior [ RunTime:0.000000s ]
INFO: [ app_end ] --END-- [ RunTime:0.000000s ]

[ 2015-08-27T14:53:44+08:00 ] 182.40.28.41 /index.php/admin/member/ajaxlist.html
INFO: [ app_init ] --START--
INFO: Run Behavior\BuildLiteBehavior [ RunTime:0.000000s ]
INFO: [ app_init ] --END-- [ RunTime:0.000000s ]
INFO: [ app_begin ] --START--
INFO: Run Behavior\ReadHtmlCacheBehavior [ RunTime:0.015626s ]
INFO: [ app_begin ] --END-- [ RunTime:0.015626s ]
SQL: SHOW COLUMNS FROM `tp_member` [ RunTime:0.0000s ]
SQL: SELECT * FROM `tp_member` INNER JOIN tp_member_tree on tp_member_tree.userid = tp_member.id  WHERE tp_member_tree.parentid = 2  [ RunTime:0.0000s ]

[ 2015-08-27T14:53:55+08:00 ] 182.40.28.41 /index.php/admin/member/ajaxlist.html
INFO: [ app_init ] --START--
INFO: Run Behavior\BuildLiteBehavior [ RunTime:0.000000s ]
INFO: [ app_init ] --END-- [ RunTime:0.000000s ]
INFO: [ app_begin ] --START--
INFO: Run Behavior\ReadHtmlCacheBehavior [ RunTime:0.000000s ]
INFO: [ app_begin ] --END-- [ RunTime:0.000000s ]
SQL: SHOW COLUMNS FROM `tp_member` [ RunTime:0.0000s ]
SQL: SELECT * FROM `tp_member` INNER JOIN tp_member_tree on tp_member_tree.userid = tp_member.id  WHERE tp_member_tree.parentid = 46  [ RunTime:0.0000s ]

[ 2015-08-27T14:54:01+08:00 ] 180.153.161.55 /index.php/Admin/User/login.html
INFO: [ app_init ] --START--
INFO: Run Behavior\BuildLiteBehavior [ RunTime:0.000000s ]
INFO: [ app_init ] --END-- [ RunTime:0.000000s ]
INFO: [ app_begin ] --START--
INFO: Run Behavior\ReadHtmlCacheBehavior [ RunTime:0.000000s ]
INFO: [ app_begin ] --END-- [ RunTime:0.000000s ]
INFO: [ view_parse ] --START--
INFO: [ template_filter ] --START--
INFO: Run Behavior\ContentReplaceBehavior [ RunTime:0.000000s ]
INFO: [ template_filter ] --END-- [ RunTime:0.000000s ]
INFO: Run Behavior\ParseTemplateBehavior [ RunTime:0.000000s ]
INFO: [ view_parse ] --END-- [ RunTime:0.000000s ]
INFO: [ view_filter ] --START--
INFO: Run Behavior\WriteHtmlCacheBehavior [ RunTime:0.000000s ]
INFO: [ view_filter ] --END-- [ RunTime:0.000000s ]
INFO: [ app_end ] --START--
INFO: Run Behavior\ShowPageTraceBehavior [ RunTime:0.000000s ]
INFO: [ app_end ] --END-- [ RunTime:0.000000s ]

[ 2015-08-27T14:54:04+08:00 ] 180.153.205.252 /index.php/admin/user/verify.html
INFO: [ app_init ] --START--
INFO: Run Behavior\BuildLiteBehavior [ RunTime:0.000000s ]
INFO: [ app_init ] --END-- [ RunTime:0.000000s ]
INFO: [ app_begin ] --START--
INFO: Run Behavior\ReadHtmlCacheBehavior [ RunTime:0.000000s ]
INFO: [ app_begin ] --END-- [ RunTime:0.000000s ]
INFO: [ app_end ] --START--
INFO: Run Behavior\ShowPageTraceBehavior [ RunTime:0.000000s ]
INFO: [ app_end ] --END-- [ RunTime:0.000000s ]

[ 2015-08-27T14:54:19+08:00 ] 101.226.65.107 /index.php/admin/Member/list.html
INFO: [ app_init ] --START--
INFO: Run Behavior\BuildLiteBehavior [ RunTime:0.000000s ]
INFO: [ app_init ] --END-- [ RunTime:0.000000s ]
INFO: [ app_begin ] --START--
INFO: Run Behavior\ReadHtmlCacheBehavior [ RunTime:0.000000s ]
INFO: [ app_begin ] --END-- [ RunTime:0.000000s ]

[ 2015-08-27T14:54:19+08:00 ] 101.226.65.107 /index.php/Admin/User/login.html
INFO: [ app_init ] --START--
INFO: Run Behavior\BuildLiteBehavior [ RunTime:0.000000s ]
INFO: [ app_init ] --END-- [ RunTime:0.000000s ]
INFO: [ app_begin ] --START--
INFO: Run Behavior\ReadHtmlCacheBehavior [ RunTime:0.000000s ]
INFO: [ app_begin ] --END-- [ RunTime:0.000000s ]
INFO: [ view_parse ] --START--
INFO: [ template_filter ] --START--
INFO: Run Behavior\ContentReplaceBehavior [ RunTime:0.000000s ]
INFO: [ template_filter ] --END-- [ RunTime:0.000000s ]
INFO: Run Behavior\ParseTemplateBehavior [ RunTime:0.000000s ]
INFO: [ view_parse ] --END-- [ RunTime:0.000000s ]
INFO: [ view_filter ] --START--
INFO: Run Behavior\WriteHtmlCacheBehavior [ RunTime:0.015626s ]
INFO: [ view_filter ] --END-- [ RunTime:0.015626s ]
INFO: [ app_end ] --START--
INFO: Run Behavior\ShowPageTraceBehavior [ RunTime:0.000000s ]
INFO: [ app_end ] --END-- [ RunTime:0.000000s ]

[ 2015-08-27T14:54:25+08:00 ] 182.40.28.41 /index.php/admin/member/ajaxlist.html
INFO: [ app_init ] --START--
INFO: Run Behavior\BuildLiteBehavior [ RunTime:0.000000s ]
INFO: [ app_init ] --END-- [ RunTime:0.000000s ]
INFO: [ app_begin ] --START--
INFO: Run Behavior\ReadHtmlCacheBehavior [ RunTime:0.000000s ]
INFO: [ app_begin ] --END-- [ RunTime:0.000000s ]
SQL: SHOW COLUMNS FROM `tp_member` [ RunTime:0.0000s ]
SQL: SELECT * FROM `tp_member` INNER JOIN tp_member_tree on tp_member_tree.userid = tp_member.id  WHERE tp_member_tree.parentid = 2  [ RunTime:0.0156s ]

[ 2015-08-27T14:54:30+08:00 ] 112.65.193.14 /index.php/admin/Member/points.html
INFO: [ app_init ] --START--
INFO: Run Behavior\BuildLiteBehavior [ RunTime:0.000000s ]
INFO: [ app_init ] --END-- [ RunTime:0.000000s ]
INFO: [ app_begin ] --START--
INFO: Run Behavior\ReadHtmlCacheBehavior [ RunTime:0.000000s ]
INFO: [ app_begin ] --END-- [ RunTime:0.000000s ]

[ 2015-08-27T14:54:30+08:00 ] 112.65.193.14 /index.php/Admin/User/login.html
INFO: [ app_init ] --START--
INFO: Run Behavior\BuildLiteBehavior [ RunTime:0.000000s ]
INFO: [ app_init ] --END-- [ RunTime:0.000000s ]
INFO: [ app_begin ] --START--
INFO: Run Behavior\ReadHtmlCacheBehavior [ RunTime:0.000000s ]
INFO: [ app_begin ] --END-- [ RunTime:0.000000s ]
INFO: [ view_parse ] --START--
INFO: [ template_filter ] --START--
INFO: Run Behavior\ContentReplaceBehavior [ RunTime:0.000000s ]
INFO: [ template_filter ] --END-- [ RunTime:0.000000s ]
INFO: Run Behavior\ParseTemplateBehavior [ RunTime:0.015626s ]
INFO: [ view_parse ] --END-- [ RunTime:0.015626s ]
INFO: [ view_filter ] --START--
INFO: Run Behavior\WriteHtmlCacheBehavior [ RunTime:0.000000s ]
INFO: [ view_filter ] --END-- [ RunTime:0.000000s ]
INFO: [ app_end ] --START--
INFO: Run Behavior\ShowPageTraceBehavior [ RunTime:0.000000s ]
INFO: [ app_end ] --END-- [ RunTime:0.000000s ]

[ 2015-08-27T14:54:39+08:00 ] 182.40.28.41 /index.php/admin/member/ajaxlist.html
INFO: [ app_init ] --START--
INFO: Run Behavior\BuildLiteBehavior [ RunTime:0.000000s ]
INFO: [ app_init ] --END-- [ RunTime:0.000000s ]
INFO: [ app_begin ] --START--
INFO: Run Behavior\ReadHtmlCacheBehavior [ RunTime:0.000000s ]
INFO: [ app_begin ] --END-- [ RunTime:0.000000s ]
SQL: SHOW COLUMNS FROM `tp_member` [ RunTime:0.0000s ]
SQL: SELECT * FROM `tp_member` INNER JOIN tp_member_tree on tp_member_tree.userid = tp_member.id  WHERE tp_member_tree.parentid = 2  [ RunTime:0.0000s ]

[ 2015-08-27T14:55:03+08:00 ] 182.40.28.41 /index.php/admin/member/ajaxlist.html
INFO: [ app_init ] --START--
INFO: Run Behavior\BuildLiteBehavior [ RunTime:0.000000s ]
INFO: [ app_init ] --END-- [ RunTime:0.000000s ]
INFO: [ app_begin ] --START--
INFO: Run Behavior\ReadHtmlCacheBehavior [ RunTime:0.000000s ]
INFO: [ app_begin ] --END-- [ RunTime:0.000000s ]
SQL: SHOW COLUMNS FROM `tp_member` [ RunTime:0.0000s ]
SQL: SELECT * FROM `tp_member` INNER JOIN tp_member_tree on tp_member_tree.userid = tp_member.id  WHERE tp_member_tree.parentid = 44  [ RunTime:0.0000s ]

[ 2015-08-27T14:55:59+08:00 ] 180.153.212.13 /index.php/admin/member/edit/9.html
INFO: [ app_init ] --START--
INFO: Run Behavior\BuildLiteBehavior [ RunTime:0.000000s ]
INFO: [ app_init ] --END-- [ RunTime:0.000000s ]
INFO: [ app_begin ] --START--
INFO: Run Behavior\ReadHtmlCacheBehavior [ RunTime:0.000000s ]
INFO: [ app_begin ] --END-- [ RunTime:0.000000s ]

[ 2015-08-27T14:55:59+08:00 ] 180.153.212.13 /index.php/Admin/User/login.html
INFO: [ app_init ] --START--
INFO: Run Behavior\BuildLiteBehavior [ RunTime:0.000000s ]
INFO: [ app_init ] --END-- [ RunTime:0.000000s ]
INFO: [ app_begin ] --START--
INFO: Run Behavior\ReadHtmlCacheBehavior [ RunTime:0.000000s ]
INFO: [ app_begin ] --END-- [ RunTime:0.000000s ]
INFO: [ view_parse ] --START--
INFO: [ template_filter ] --START--
INFO: Run Behavior\ContentReplaceBehavior [ RunTime:0.000000s ]
INFO: [ template_filter ] --END-- [ RunTime:0.000000s ]
INFO: Run Behavior\ParseTemplateBehavior [ RunTime:0.000000s ]
INFO: [ view_parse ] --END-- [ RunTime:0.000000s ]
INFO: [ view_filter ] --START--
INFO: Run Behavior\WriteHtmlCacheBehavior [ RunTime:0.000000s ]
INFO: [ view_filter ] --END-- [ RunTime:0.015626s ]
INFO: [ app_end ] --START--
INFO: Run Behavior\ShowPageTraceBehavior [ RunTime:0.000000s ]
INFO: [ app_end ] --END-- [ RunTime:0.000000s ]

[ 2015-08-27T14:56:20+08:00 ] 101.226.66.193 /index.php/admin/config/index.html
INFO: [ app_init ] --START--
INFO: Run Behavior\BuildLiteBehavior [ RunTime:0.000000s ]
INFO: [ app_init ] --END-- [ RunTime:0.000000s ]
INFO: [ app_begin ] --START--
INFO: Run Behavior\ReadHtmlCacheBehavior [ RunTime:0.000000s ]
INFO: [ app_begin ] --END-- [ RunTime:0.000000s ]

[ 2015-08-27T14:56:20+08:00 ] 101.226.66.193 /index.php/Admin/User/login.html
INFO: [ app_init ] --START--
INFO: Run Behavior\BuildLiteBehavior [ RunTime:0.000000s ]
INFO: [ app_init ] --END-- [ RunTime:0.000000s ]
INFO: [ app_begin ] --START--
INFO: Run Behavior\ReadHtmlCacheBehavior [ RunTime:0.000000s ]
INFO: [ app_begin ] --END-- [ RunTime:0.000000s ]
INFO: [ view_parse ] --START--
INFO: [ template_filter ] --START--
INFO: Run Behavior\ContentReplaceBehavior [ RunTime:0.000000s ]
INFO: [ template_filter ] --END-- [ RunTime:0.000000s ]
INFO: Run Behavior\ParseTemplateBehavior [ RunTime:0.015626s ]
INFO: [ view_parse ] --END-- [ RunTime:0.015626s ]
INFO: [ view_filter ] --START--
INFO: Run Behavior\WriteHtmlCacheBehavior [ RunTime:0.000000s ]
INFO: [ view_filter ] --END-- [ RunTime:0.000000s ]
INFO: [ app_end ] --START--
INFO: Run Behavior\ShowPageTraceBehavior [ RunTime:0.000000s ]
INFO: [ app_end ] --END-- [ RunTime:0.000000s ]

