[ 2016-09-11T17:04:25+08:00 ] ::1 /zzyl/admin
INFO: [ app_init ] --START--
INFO: Run Behavior\BuildLiteBehavior [ RunTime:0.000016s ]
INFO: [ app_init ] --END-- [ RunTime:0.000346s ]
INFO: [ app_begin ] --START--
INFO: Run Behavior\ReadHtmlCacheBehavior [ RunTime:0.000463s ]
INFO: [ app_begin ] --END-- [ RunTime:0.000529s ]

[ 2016-09-11T17:04:25+08:00 ] ::1 /zzyl/index.php/Admin/Users/login.html
INFO: [ app_init ] --START--
INFO: Run Behavior\BuildLiteBehavior [ RunTime:0.000017s ]
INFO: [ app_init ] --END-- [ RunTime:0.000352s ]
INFO: [ app_begin ] --START--
INFO: Run Behavior\ReadHtmlCacheBehavior [ RunTime:0.000464s ]
INFO: [ app_begin ] --END-- [ RunTime:0.000529s ]
INFO: [ view_parse ] --START--
INFO: [ template_filter ] --START--
INFO: Run Behavior\ContentReplaceBehavior [ RunTime:0.000053s ]
INFO: [ template_filter ] --END-- [ RunTime:0.000132s ]
INFO: Run Behavior\ParseTemplateBehavior [ RunTime:0.021145s ]
INFO: [ view_parse ] --END-- [ RunTime:0.021215s ]
INFO: [ view_filter ] --START--
INFO: Run Behavior\WriteHtmlCacheBehavior [ RunTime:0.000369s ]
INFO: [ view_filter ] --END-- [ RunTime:0.000427s ]
INFO: [ app_end ] --START--
INFO: Run Behavior\ShowPageTraceBehavior [ RunTime:0.000572s ]
INFO: [ app_end ] --END-- [ RunTime:0.000626s ]

[ 2016-09-11T17:04:25+08:00 ] ::1 /zzyl/index.php/admin/users/verify.html
INFO: [ app_init ] --START--
INFO: Run Behavior\BuildLiteBehavior [ RunTime:0.000017s ]
INFO: [ app_init ] --END-- [ RunTime:0.000424s ]
INFO: [ app_begin ] --START--
INFO: Run Behavior\ReadHtmlCacheBehavior [ RunTime:0.000718s ]
INFO: [ app_begin ] --END-- [ RunTime:0.000820s ]
INFO: [ app_end ] --START--
INFO: Run Behavior\ShowPageTraceBehavior [ RunTime:0.000717s ]
INFO: [ app_end ] --END-- [ RunTime:0.000795s ]

[ 2016-09-11T17:04:35+08:00 ] ::1 /zzyl/index.php/admin/users/verify.html
INFO: [ app_init ] --START--
INFO: Run Behavior\BuildLiteBehavior [ RunTime:0.000017s ]
INFO: [ app_init ] --END-- [ RunTime:0.000411s ]
INFO: [ app_begin ] --START--
INFO: Run Behavior\ReadHtmlCacheBehavior [ RunTime:0.000596s ]
INFO: [ app_begin ] --END-- [ RunTime:0.000662s ]
INFO: [ app_end ] --START--
INFO: Run Behavior\ShowPageTraceBehavior [ RunTime:0.000667s ]
INFO: [ app_end ] --END-- [ RunTime:0.000746s ]

[ 2016-09-11T17:04:38+08:00 ] ::1 /zzyl/index.php/admin/users/login.html
INFO: [ app_init ] --START--
INFO: Run Behavior\BuildLiteBehavior [ RunTime:0.000020s ]
INFO: [ app_init ] --END-- [ RunTime:0.000482s ]
INFO: [ app_begin ] --START--
INFO: Run Behavior\ReadHtmlCacheBehavior [ RunTime:0.000547s ]
INFO: [ app_begin ] --END-- [ RunTime:0.000618s ]
NOTIC: [8] Undefined variable: id D:\www\zzyl\App\Admin\Controller\UsersController.class.php 第 18 行.
INFO: [ view_parse ] --START--
INFO: [ template_filter ] --START--
INFO: Run Behavior\ContentReplaceBehavior [ RunTime:0.000043s ]
INFO: [ template_filter ] --END-- [ RunTime:0.000113s ]
INFO: Run Behavior\ParseTemplateBehavior [ RunTime:0.007233s ]
INFO: [ view_parse ] --END-- [ RunTime:0.007306s ]
INFO: [ view_filter ] --START--
INFO: Run Behavior\WriteHtmlCacheBehavior [ RunTime:0.000342s ]
INFO: [ view_filter ] --END-- [ RunTime:0.000394s ]

[ 2016-09-11T17:04:41+08:00 ] ::1 /zzyl/index.php/admin/user/login.html
INFO: [ app_init ] --START--
INFO: Run Behavior\BuildLiteBehavior [ RunTime:0.000021s ]
INFO: [ app_init ] --END-- [ RunTime:0.000534s ]
INFO: [ app_begin ] --START--
INFO: Run Behavior\ReadHtmlCacheBehavior [ RunTime:0.000884s ]
INFO: [ app_begin ] --END-- [ RunTime:0.000997s ]

[ 2016-09-11T17:04:41+08:00 ] ::1 /zzyl/index.php/Admin/Users/login.html
INFO: [ app_init ] --START--
INFO: Run Behavior\BuildLiteBehavior [ RunTime:0.000016s ]
INFO: [ app_init ] --END-- [ RunTime:0.000343s ]
INFO: [ app_begin ] --START--
INFO: Run Behavior\ReadHtmlCacheBehavior [ RunTime:0.000468s ]
INFO: [ app_begin ] --END-- [ RunTime:0.000534s ]
INFO: [ view_parse ] --START--
INFO: [ template_filter ] --START--
INFO: Run Behavior\ContentReplaceBehavior [ RunTime:0.000057s ]
INFO: [ template_filter ] --END-- [ RunTime:0.000136s ]
INFO: Run Behavior\ParseTemplateBehavior [ RunTime:0.005454s ]
INFO: [ view_parse ] --END-- [ RunTime:0.005516s ]
INFO: [ view_filter ] --START--
INFO: Run Behavior\WriteHtmlCacheBehavior [ RunTime:0.000225s ]
INFO: [ view_filter ] --END-- [ RunTime:0.000274s ]
INFO: [ app_end ] --START--
INFO: Run Behavior\ShowPageTraceBehavior [ RunTime:0.000472s ]
INFO: [ app_end ] --END-- [ RunTime:0.000526s ]

[ 2016-09-11T17:04:41+08:00 ] ::1 /zzyl/index.php/admin/users/verify.html
INFO: [ app_init ] --START--
INFO: Run Behavior\BuildLiteBehavior [ RunTime:0.000017s ]
INFO: [ app_init ] --END-- [ RunTime:0.000347s ]
INFO: [ app_begin ] --START--
INFO: Run Behavior\ReadHtmlCacheBehavior [ RunTime:0.000512s ]
INFO: [ app_begin ] --END-- [ RunTime:0.000585s ]
INFO: [ app_end ] --START--
INFO: Run Behavior\ShowPageTraceBehavior [ RunTime:0.000781s ]
INFO: [ app_end ] --END-- [ RunTime:0.000884s ]

[ 2016-09-11T17:04:50+08:00 ] ::1 /zzyl/index.php/admin/users/verify.html
INFO: [ app_init ] --START--
INFO: Run Behavior\BuildLiteBehavior [ RunTime:0.000020s ]
INFO: [ app_init ] --END-- [ RunTime:0.000407s ]
INFO: [ app_begin ] --START--
INFO: Run Behavior\ReadHtmlCacheBehavior [ RunTime:0.000494s ]
INFO: [ app_begin ] --END-- [ RunTime:0.000559s ]
INFO: [ app_end ] --START--
INFO: Run Behavior\ShowPageTraceBehavior [ RunTime:0.000592s ]
INFO: [ app_end ] --END-- [ RunTime:0.000662s ]

[ 2016-09-11T17:04:56+08:00 ] ::1 /zzyl/index.php/admin/users/login.html
INFO: [ app_init ] --START--
INFO: Run Behavior\BuildLiteBehavior [ RunTime:0.000020s ]
INFO: [ app_init ] --END-- [ RunTime:0.000483s ]
INFO: [ app_begin ] --START--
INFO: Run Behavior\ReadHtmlCacheBehavior [ RunTime:0.000479s ]
INFO: [ app_begin ] --END-- [ RunTime:0.000565s ]
NOTIC: [8] Undefined variable: id D:\www\zzyl\App\Admin\Controller\UsersController.class.php 第 18 行.
SQL: SHOW COLUMNS FROM `tp_user` [ RunTime:0.0033s ]
SQL: SELECT * FROM `tp_user` WHERE `name` = 'admin' AND `pwd` = 'e10adc3949ba59abbe56e057f20f883e' LIMIT 1   [ RunTime:0.0003s ]
INFO: [ view_parse ] --START--
INFO: [ template_filter ] --START--
INFO: Run Behavior\ContentReplaceBehavior [ RunTime:0.000045s ]
INFO: [ template_filter ] --END-- [ RunTime:0.000121s ]
INFO: Run Behavior\ParseTemplateBehavior [ RunTime:0.005354s ]
INFO: [ view_parse ] --END-- [ RunTime:0.005431s ]
INFO: [ view_filter ] --START--
INFO: Run Behavior\WriteHtmlCacheBehavior [ RunTime:0.000225s ]
INFO: [ view_filter ] --END-- [ RunTime:0.000276s ]
INFO: [ app_end ] --START--
INFO: Run Behavior\ShowPageTraceBehavior [ RunTime:0.000459s ]
INFO: [ app_end ] --END-- [ RunTime:0.000518s ]

[ 2016-09-11T17:04:59+08:00 ] ::1 /zzyl/index.php/Admin/Index/index
INFO: [ app_init ] --START--
INFO: Run Behavior\BuildLiteBehavior [ RunTime:0.000016s ]
INFO: [ app_init ] --END-- [ RunTime:0.000348s ]
INFO: [ app_begin ] --START--
INFO: Run Behavior\ReadHtmlCacheBehavior [ RunTime:0.000469s ]
INFO: [ app_begin ] --END-- [ RunTime:0.000538s ]
SQL: SHOW COLUMNS FROM `tp_user_group` [ RunTime:0.0054s ]
SQL: SELECT * FROM `tp_user_group`  [ RunTime:0.0006s ]
INFO: [ view_parse ] --START--
INFO: [ template_filter ] --START--
INFO: Run Behavior\ContentReplaceBehavior [ RunTime:0.000054s ]
INFO: [ template_filter ] --END-- [ RunTime:0.000125s ]
INFO: Run Behavior\ParseTemplateBehavior [ RunTime:0.051469s ]
INFO: [ view_parse ] --END-- [ RunTime:0.051556s ]
INFO: [ view_filter ] --START--
INFO: Run Behavior\WriteHtmlCacheBehavior [ RunTime:0.000231s ]
INFO: [ view_filter ] --END-- [ RunTime:0.000282s ]
INFO: [ app_end ] --START--
INFO: Run Behavior\ShowPageTraceBehavior [ RunTime:0.000465s ]
INFO: [ app_end ] --END-- [ RunTime:0.000519s ]

[ 2016-09-11T17:05:01+08:00 ] ::1 /zzyl/index.php/admin/power/user.html
INFO: [ app_init ] --START--
INFO: Run Behavior\BuildLiteBehavior [ RunTime:0.000031s ]
INFO: [ app_init ] --END-- [ RunTime:0.000556s ]
INFO: [ app_begin ] --START--
INFO: Run Behavior\ReadHtmlCacheBehavior [ RunTime:0.000859s ]
INFO: [ app_begin ] --END-- [ RunTime:0.000980s ]
SQL: SHOW COLUMNS FROM `tp_user_group` [ RunTime:0.0038s ]
SQL: SELECT * FROM `tp_user_group`  [ RunTime:0.0003s ]
NOTIC: [8] Undefined index: id D:\www\zzyl\App\Admin\Controller\PowerController.class.php 第 30 行.
SQL: SHOW COLUMNS FROM `tp_user` [ RunTime:0.0038s ]
SQL: SELECT COUNT(*) AS tp_count FROM `tp_user` LIMIT 1   [ RunTime:0.0146s ]
SQL: SELECT tp_user.*,tp_user_group.title FROM `tp_user` left JOIN tp_user_group on tp_user_group.id = tp_user.group_id  LIMIT 0,20   [ RunTime:0.0005s ]
INFO: [ view_parse ] --START--
INFO: [ template_filter ] --START--
INFO: Run Behavior\ContentReplaceBehavior [ RunTime:0.000083s ]
INFO: [ template_filter ] --END-- [ RunTime:0.000182s ]
NOTIC: [8] Undefined variable: type D:\www\zzyl\App\Runtime\Cache\Admin\a2a7a4406b9d8e0ee72cdd04638f3b3b.php 第 89 行.
INFO: Run Behavior\ParseTemplateBehavior [ RunTime:0.009766s ]
INFO: [ view_parse ] --END-- [ RunTime:0.009835s ]
INFO: [ view_filter ] --START--
INFO: Run Behavior\WriteHtmlCacheBehavior [ RunTime:0.000405s ]
INFO: [ view_filter ] --END-- [ RunTime:0.000458s ]
INFO: [ app_end ] --START--
INFO: Run Behavior\ShowPageTraceBehavior [ RunTime:0.000547s ]
INFO: [ app_end ] --END-- [ RunTime:0.000601s ]

[ 2016-09-11T18:47:42+08:00 ] ::1 /zzyl/index.php/Admin/Index/index
INFO: [ app_init ] --START--
INFO: Run Behavior\BuildLiteBehavior [ RunTime:0.000021s ]
INFO: [ app_init ] --END-- [ RunTime:0.000515s ]
INFO: [ app_begin ] --START--
INFO: Run Behavior\ReadHtmlCacheBehavior [ RunTime:0.000891s ]
INFO: [ app_begin ] --END-- [ RunTime:0.000986s ]
SQL: SHOW COLUMNS FROM `tp_user_group` [ RunTime:0.0129s ]
SQL: SELECT * FROM `tp_user_group`  [ RunTime:0.0008s ]
INFO: [ view_parse ] --START--
INFO: [ template_filter ] --START--
INFO: Run Behavior\ContentReplaceBehavior [ RunTime:0.000049s ]
INFO: [ template_filter ] --END-- [ RunTime:0.000117s ]
INFO: Run Behavior\ParseTemplateBehavior [ RunTime:0.007814s ]
INFO: [ view_parse ] --END-- [ RunTime:0.007937s ]
INFO: [ view_filter ] --START--
INFO: Run Behavior\WriteHtmlCacheBehavior [ RunTime:0.000331s ]
INFO: [ view_filter ] --END-- [ RunTime:0.000381s ]
INFO: [ app_end ] --START--
INFO: Run Behavior\ShowPageTraceBehavior [ RunTime:0.000623s ]
INFO: [ app_end ] --END-- [ RunTime:0.000685s ]

[ 2016-09-11T18:47:44+08:00 ] ::1 /zzyl/index.php/admin/power/user.html
INFO: [ app_init ] --START--
INFO: Run Behavior\BuildLiteBehavior [ RunTime:0.000028s ]
INFO: [ app_init ] --END-- [ RunTime:0.000677s ]
INFO: [ app_begin ] --START--
INFO: Run Behavior\ReadHtmlCacheBehavior [ RunTime:0.001112s ]
INFO: [ app_begin ] --END-- [ RunTime:0.001243s ]
SQL: SHOW COLUMNS FROM `tp_user_group` [ RunTime:0.0042s ]
SQL: SELECT * FROM `tp_user_group`  [ RunTime:0.0003s ]
NOTIC: [8] Undefined index: id D:\www\zzyl\App\Admin\Controller\PowerController.class.php 第 30 行.
SQL: SHOW COLUMNS FROM `tp_user` [ RunTime:0.0047s ]
SQL: SELECT COUNT(*) AS tp_count FROM `tp_user` LIMIT 1   [ RunTime:0.0008s ]
SQL: SELECT tp_user.*,tp_user_group.title FROM `tp_user` left JOIN tp_user_group on tp_user_group.id = tp_user.group_id  LIMIT 0,20   [ RunTime:0.0007s ]
INFO: [ view_parse ] --START--
INFO: [ template_filter ] --START--
INFO: Run Behavior\ContentReplaceBehavior [ RunTime:0.000065s ]
INFO: [ template_filter ] --END-- [ RunTime:0.000141s ]
NOTIC: [8] Undefined variable: type D:\www\zzyl\App\Runtime\Cache\Admin\a2a7a4406b9d8e0ee72cdd04638f3b3b.php 第 89 行.
INFO: Run Behavior\ParseTemplateBehavior [ RunTime:0.009224s ]
INFO: [ view_parse ] --END-- [ RunTime:0.009298s ]
INFO: [ view_filter ] --START--
INFO: Run Behavior\WriteHtmlCacheBehavior [ RunTime:0.000451s ]
INFO: [ view_filter ] --END-- [ RunTime:0.000514s ]
INFO: [ app_end ] --START--
INFO: Run Behavior\ShowPageTraceBehavior [ RunTime:0.001191s ]
INFO: [ app_end ] --END-- [ RunTime:0.001274s ]

[ 2016-09-11T18:47:56+08:00 ] ::1 /zzyl/index.php/admin/power/user.html
INFO: [ app_init ] --START--
INFO: Run Behavior\BuildLiteBehavior [ RunTime:0.000027s ]
INFO: [ app_init ] --END-- [ RunTime:0.000744s ]
INFO: [ app_begin ] --START--
INFO: Run Behavior\ReadHtmlCacheBehavior [ RunTime:0.000648s ]
INFO: [ app_begin ] --END-- [ RunTime:0.000747s ]
SQL: SHOW COLUMNS FROM `tp_user_group` [ RunTime:0.0077s ]
SQL: SELECT * FROM `tp_user_group`  [ RunTime:0.0038s ]
NOTIC: [8] Undefined index: id D:\www\zzyl\App\Admin\Controller\PowerController.class.php 第 30 行.
SQL: SHOW COLUMNS FROM `tp_user` [ RunTime:0.0058s ]
SQL: SELECT COUNT(*) AS tp_count FROM `tp_user` LIMIT 1   [ RunTime:0.0005s ]
SQL: SELECT tp_user.*,tp_user_group.title FROM `tp_user` left JOIN tp_user_group on tp_user_group.id = tp_user.group_id  LIMIT 0,20   [ RunTime:0.0009s ]
INFO: [ view_parse ] --START--
INFO: [ template_filter ] --START--
INFO: Run Behavior\ContentReplaceBehavior [ RunTime:0.000068s ]
INFO: [ template_filter ] --END-- [ RunTime:0.000153s ]
NOTIC: [8] Undefined variable: type D:\www\zzyl\App\Runtime\Cache\Admin\a2a7a4406b9d8e0ee72cdd04638f3b3b.php 第 89 行.
INFO: Run Behavior\ParseTemplateBehavior [ RunTime:0.010222s ]
INFO: [ view_parse ] --END-- [ RunTime:0.010298s ]
INFO: [ view_filter ] --START--
INFO: Run Behavior\WriteHtmlCacheBehavior [ RunTime:0.000299s ]
INFO: [ view_filter ] --END-- [ RunTime:0.000352s ]
INFO: [ app_end ] --START--
INFO: Run Behavior\ShowPageTraceBehavior [ RunTime:0.000598s ]
INFO: [ app_end ] --END-- [ RunTime:0.000664s ]

[ 2016-09-11T18:52:50+08:00 ] ::1 /zzyl/index.php/Admin/Index/index
INFO: [ app_init ] --START--
INFO: Run Behavior\BuildLiteBehavior [ RunTime:0.000018s ]
INFO: [ app_init ] --END-- [ RunTime:0.000445s ]
INFO: [ app_begin ] --START--
INFO: Run Behavior\ReadHtmlCacheBehavior [ RunTime:0.000637s ]
INFO: [ app_begin ] --END-- [ RunTime:0.000707s ]
SQL: SHOW COLUMNS FROM `tp_user_group` [ RunTime:0.0033s ]
SQL: SELECT * FROM `tp_user_group`  [ RunTime:0.0003s ]
INFO: [ view_parse ] --START--
INFO: [ template_filter ] --START--
INFO: Run Behavior\ContentReplaceBehavior [ RunTime:0.000055s ]
INFO: [ template_filter ] --END-- [ RunTime:0.000122s ]
INFO: Run Behavior\ParseTemplateBehavior [ RunTime:0.006361s ]
INFO: [ view_parse ] --END-- [ RunTime:0.006435s ]
INFO: [ view_filter ] --START--
INFO: Run Behavior\WriteHtmlCacheBehavior [ RunTime:0.000367s ]
INFO: [ view_filter ] --END-- [ RunTime:0.000420s ]
INFO: [ app_end ] --START--
INFO: Run Behavior\ShowPageTraceBehavior [ RunTime:0.000545s ]
INFO: [ app_end ] --END-- [ RunTime:0.000601s ]

[ 2016-09-11T18:52:52+08:00 ] ::1 /zzyl/index.php/admin/power/user.html
INFO: [ app_init ] --START--
INFO: Run Behavior\BuildLiteBehavior [ RunTime:0.000026s ]
INFO: [ app_init ] --END-- [ RunTime:0.000541s ]
INFO: [ app_begin ] --START--
INFO: Run Behavior\ReadHtmlCacheBehavior [ RunTime:0.000733s ]
INFO: [ app_begin ] --END-- [ RunTime:0.000823s ]
SQL: SHOW COLUMNS FROM `tp_user_group` [ RunTime:0.0034s ]
SQL: SELECT * FROM `tp_user_group`  [ RunTime:0.0003s ]
NOTIC: [8] Undefined index: id D:\www\zzyl\App\Admin\Controller\PowerController.class.php 第 30 行.
SQL: SHOW COLUMNS FROM `tp_user` [ RunTime:0.0039s ]
SQL: SELECT COUNT(*) AS tp_count FROM `tp_user` LIMIT 1   [ RunTime:0.0005s ]
SQL: SELECT tp_user.*,tp_user_group.title FROM `tp_user` left JOIN tp_user_group on tp_user_group.id = tp_user.group_id  LIMIT 0,20   [ RunTime:0.0009s ]
INFO: [ view_parse ] --START--
INFO: [ template_filter ] --START--
INFO: Run Behavior\ContentReplaceBehavior [ RunTime:0.000058s ]
INFO: [ template_filter ] --END-- [ RunTime:0.000121s ]
NOTIC: [8] Undefined variable: type D:\www\zzyl\App\Runtime\Cache\Admin\a2a7a4406b9d8e0ee72cdd04638f3b3b.php 第 89 行.
INFO: Run Behavior\ParseTemplateBehavior [ RunTime:0.007750s ]
INFO: [ view_parse ] --END-- [ RunTime:0.007813s ]
INFO: [ view_filter ] --START--
INFO: Run Behavior\WriteHtmlCacheBehavior [ RunTime:0.000365s ]
INFO: [ view_filter ] --END-- [ RunTime:0.000416s ]
INFO: [ app_end ] --START--
INFO: Run Behavior\ShowPageTraceBehavior [ RunTime:0.000537s ]
INFO: [ app_end ] --END-- [ RunTime:0.000591s ]

[ 2016-09-11T18:53:07+08:00 ] ::1 /zzyl/index.php/Admin/Index/index
INFO: [ app_init ] --START--
INFO: Run Behavior\BuildLiteBehavior [ RunTime:0.000018s ]
INFO: [ app_init ] --END-- [ RunTime:0.000406s ]
INFO: [ app_begin ] --START--
INFO: Run Behavior\ReadHtmlCacheBehavior [ RunTime:0.000595s ]
INFO: [ app_begin ] --END-- [ RunTime:0.000660s ]
SQL: SHOW COLUMNS FROM `tp_user_group` [ RunTime:0.0032s ]
SQL: SELECT * FROM `tp_user_group`  [ RunTime:0.0004s ]
INFO: [ view_parse ] --START--
INFO: [ template_filter ] --START--
INFO: Run Behavior\ContentReplaceBehavior [ RunTime:0.000054s ]
INFO: [ template_filter ] --END-- [ RunTime:0.000122s ]
INFO: Run Behavior\ParseTemplateBehavior [ RunTime:0.007431s ]
INFO: [ view_parse ] --END-- [ RunTime:0.007533s ]
INFO: [ view_filter ] --START--
INFO: Run Behavior\WriteHtmlCacheBehavior [ RunTime:0.000317s ]
INFO: [ view_filter ] --END-- [ RunTime:0.000368s ]
INFO: [ app_end ] --START--
INFO: Run Behavior\ShowPageTraceBehavior [ RunTime:0.000543s ]
INFO: [ app_end ] --END-- [ RunTime:0.000598s ]

[ 2016-09-11T18:53:08+08:00 ] ::1 /zzyl/index.php/admin/index/flash.html
INFO: [ app_init ] --START--
INFO: Run Behavior\BuildLiteBehavior [ RunTime:0.000093s ]
INFO: [ app_init ] --END-- [ RunTime:0.000853s ]
INFO: [ app_begin ] --START--
INFO: Run Behavior\ReadHtmlCacheBehavior [ RunTime:0.001059s ]
INFO: [ app_begin ] --END-- [ RunTime:0.001165s ]
SQL: SHOW COLUMNS FROM `tp_user_group` [ RunTime:0.0038s ]
SQL: SELECT * FROM `tp_user_group`  [ RunTime:0.0004s ]
SQL: SHOW COLUMNS FROM `tp_flash` [ RunTime:0.0038s ]
INFO: [ app_end ] --START--
INFO: Run Behavior\ShowPageTraceBehavior [ RunTime:0.000555s ]
INFO: [ app_end ] --END-- [ RunTime:0.000627s ]

[ 2016-09-11T18:53:09+08:00 ] ::1 /zzyl/index.php/admin/power/user.html
INFO: [ app_init ] --START--
INFO: Run Behavior\BuildLiteBehavior [ RunTime:0.000027s ]
INFO: [ app_init ] --END-- [ RunTime:0.000681s ]
INFO: [ app_begin ] --START--
INFO: Run Behavior\ReadHtmlCacheBehavior [ RunTime:0.000695s ]
INFO: [ app_begin ] --END-- [ RunTime:0.000801s ]
SQL: SHOW COLUMNS FROM `tp_user_group` [ RunTime:0.0034s ]
SQL: SELECT * FROM `tp_user_group`  [ RunTime:0.0003s ]
NOTIC: [8] Undefined index: id D:\www\zzyl\App\Admin\Controller\PowerController.class.php 第 30 行.
SQL: SHOW COLUMNS FROM `tp_user` [ RunTime:0.0036s ]
SQL: SELECT COUNT(*) AS tp_count FROM `tp_user` LIMIT 1   [ RunTime:0.0003s ]
SQL: SELECT tp_user.*,tp_user_group.title FROM `tp_user` left JOIN tp_user_group on tp_user_group.id = tp_user.group_id  LIMIT 0,20   [ RunTime:0.0008s ]
INFO: [ view_parse ] --START--
INFO: [ template_filter ] --START--
INFO: Run Behavior\ContentReplaceBehavior [ RunTime:0.000076s ]
INFO: [ template_filter ] --END-- [ RunTime:0.000193s ]
NOTIC: [8] Undefined variable: type D:\www\zzyl\App\Runtime\Cache\Admin\a2a7a4406b9d8e0ee72cdd04638f3b3b.php 第 89 行.
INFO: Run Behavior\ParseTemplateBehavior [ RunTime:0.008991s ]
INFO: [ view_parse ] --END-- [ RunTime:0.009057s ]
INFO: [ view_filter ] --START--
INFO: Run Behavior\WriteHtmlCacheBehavior [ RunTime:0.000240s ]
INFO: [ view_filter ] --END-- [ RunTime:0.000290s ]
INFO: [ app_end ] --START--
INFO: Run Behavior\ShowPageTraceBehavior [ RunTime:0.000518s ]
INFO: [ app_end ] --END-- [ RunTime:0.000577s ]

[ 2016-09-11T18:53:12+08:00 ] ::1 /zzyl/index.php/Admin/Index/index
INFO: [ app_init ] --START--
INFO: Run Behavior\BuildLiteBehavior [ RunTime:0.000026s ]
INFO: [ app_init ] --END-- [ RunTime:0.000546s ]
INFO: [ app_begin ] --START--
INFO: Run Behavior\ReadHtmlCacheBehavior [ RunTime:0.000697s ]
INFO: [ app_begin ] --END-- [ RunTime:0.000796s ]
SQL: SHOW COLUMNS FROM `tp_user_group` [ RunTime:0.0070s ]
SQL: SELECT * FROM `tp_user_group`  [ RunTime:0.0006s ]
INFO: [ view_parse ] --START--
INFO: [ template_filter ] --START--
INFO: Run Behavior\ContentReplaceBehavior [ RunTime:0.000060s ]
INFO: [ template_filter ] --END-- [ RunTime:0.000134s ]
INFO: Run Behavior\ParseTemplateBehavior [ RunTime:0.006320s ]
INFO: [ view_parse ] --END-- [ RunTime:0.006395s ]
INFO: [ view_filter ] --START--
INFO: Run Behavior\WriteHtmlCacheBehavior [ RunTime:0.000218s ]
INFO: [ view_filter ] --END-- [ RunTime:0.000270s ]
INFO: [ app_end ] --START--
INFO: Run Behavior\ShowPageTraceBehavior [ RunTime:0.000454s ]
INFO: [ app_end ] --END-- [ RunTime:0.000509s ]

[ 2016-09-11T18:53:13+08:00 ] ::1 /zzyl/index.php/admin/index/flash.html
INFO: [ app_init ] --START--
INFO: Run Behavior\BuildLiteBehavior [ RunTime:0.000030s ]
INFO: [ app_init ] --END-- [ RunTime:0.000532s ]
INFO: [ app_begin ] --START--
INFO: Run Behavior\ReadHtmlCacheBehavior [ RunTime:0.000509s ]
INFO: [ app_begin ] --END-- [ RunTime:0.000596s ]
SQL: SHOW COLUMNS FROM `tp_user_group` [ RunTime:0.0042s ]
SQL: SELECT * FROM `tp_user_group`  [ RunTime:0.0005s ]
SQL: SHOW COLUMNS FROM `tp_flash` [ RunTime:0.0053s ]
INFO: [ app_end ] --START--
INFO: Run Behavior\ShowPageTraceBehavior [ RunTime:0.000608s ]
INFO: [ app_end ] --END-- [ RunTime:0.000670s ]

[ 2016-09-11T18:53:14+08:00 ] ::1 /zzyl/index.php/admin/power/user.html
INFO: [ app_init ] --START--
INFO: Run Behavior\BuildLiteBehavior [ RunTime:0.000020s ]
INFO: [ app_init ] --END-- [ RunTime:0.000470s ]
INFO: [ app_begin ] --START--
INFO: Run Behavior\ReadHtmlCacheBehavior [ RunTime:0.000605s ]
INFO: [ app_begin ] --END-- [ RunTime:0.000678s ]
SQL: SHOW COLUMNS FROM `tp_user_group` [ RunTime:0.0032s ]
SQL: SELECT * FROM `tp_user_group`  [ RunTime:0.0004s ]
NOTIC: [8] Undefined index: id D:\www\zzyl\App\Admin\Controller\PowerController.class.php 第 30 行.
SQL: SHOW COLUMNS FROM `tp_user` [ RunTime:0.0043s ]
SQL: SELECT COUNT(*) AS tp_count FROM `tp_user` LIMIT 1   [ RunTime:0.0002s ]
SQL: SELECT tp_user.*,tp_user_group.title FROM `tp_user` left JOIN tp_user_group on tp_user_group.id = tp_user.group_id  LIMIT 0,20   [ RunTime:0.0003s ]
INFO: [ view_parse ] --START--
INFO: [ template_filter ] --START--
INFO: Run Behavior\ContentReplaceBehavior [ RunTime:0.000060s ]
INFO: [ template_filter ] --END-- [ RunTime:0.000134s ]
NOTIC: [8] Undefined variable: type D:\www\zzyl\App\Runtime\Cache\Admin\a2a7a4406b9d8e0ee72cdd04638f3b3b.php 第 89 行.
INFO: Run Behavior\ParseTemplateBehavior [ RunTime:0.007962s ]
INFO: [ view_parse ] --END-- [ RunTime:0.008021s ]
INFO: [ view_filter ] --START--
INFO: Run Behavior\WriteHtmlCacheBehavior [ RunTime:0.000321s ]
INFO: [ view_filter ] --END-- [ RunTime:0.000371s ]
INFO: [ app_end ] --START--
INFO: Run Behavior\ShowPageTraceBehavior [ RunTime:0.000546s ]
INFO: [ app_end ] --END-- [ RunTime:0.000600s ]

[ 2016-09-11T18:53:15+08:00 ] ::1 /zzyl/index.php/admin/index/flash.html
INFO: [ app_init ] --START--
INFO: Run Behavior\BuildLiteBehavior [ RunTime:0.000026s ]
INFO: [ app_init ] --END-- [ RunTime:0.000604s ]
INFO: [ app_begin ] --START--
INFO: Run Behavior\ReadHtmlCacheBehavior [ RunTime:0.000802s ]
INFO: [ app_begin ] --END-- [ RunTime:0.000929s ]
SQL: SHOW COLUMNS FROM `tp_user_group` [ RunTime:0.0033s ]
SQL: SELECT * FROM `tp_user_group`  [ RunTime:0.0002s ]
SQL: SHOW COLUMNS FROM `tp_flash` [ RunTime:0.0049s ]
INFO: [ app_end ] --START--
INFO: Run Behavior\ShowPageTraceBehavior [ RunTime:0.000619s ]
INFO: [ app_end ] --END-- [ RunTime:0.000679s ]

[ 2016-09-11T18:53:20+08:00 ] ::1 /zzyl/index.php/Admin/Index/index
INFO: [ app_init ] --START--
INFO: Run Behavior\BuildLiteBehavior [ RunTime:0.000019s ]
INFO: [ app_init ] --END-- [ RunTime:0.000395s ]
INFO: [ app_begin ] --START--
INFO: Run Behavior\ReadHtmlCacheBehavior [ RunTime:0.000550s ]
INFO: [ app_begin ] --END-- [ RunTime:0.000640s ]
SQL: SHOW COLUMNS FROM `tp_user_group` [ RunTime:0.0036s ]
SQL: SELECT * FROM `tp_user_group`  [ RunTime:0.0002s ]
INFO: [ view_parse ] --START--
INFO: [ template_filter ] --START--
INFO: Run Behavior\ContentReplaceBehavior [ RunTime:0.000055s ]
INFO: [ template_filter ] --END-- [ RunTime:0.000127s ]
INFO: Run Behavior\ParseTemplateBehavior [ RunTime:0.006510s ]
INFO: [ view_parse ] --END-- [ RunTime:0.006574s ]
INFO: [ view_filter ] --START--
INFO: Run Behavior\WriteHtmlCacheBehavior [ RunTime:0.000221s ]
INFO: [ view_filter ] --END-- [ RunTime:0.000272s ]
INFO: [ app_end ] --START--
INFO: Run Behavior\ShowPageTraceBehavior [ RunTime:0.000455s ]
INFO: [ app_end ] --END-- [ RunTime:0.000507s ]

[ 2016-09-11T18:53:21+08:00 ] ::1 /zzyl/index.php/admin/index/flash.html
INFO: [ app_init ] --START--
INFO: Run Behavior\BuildLiteBehavior [ RunTime:0.000020s ]
INFO: [ app_init ] --END-- [ RunTime:0.000466s ]
INFO: [ app_begin ] --START--
INFO: Run Behavior\ReadHtmlCacheBehavior [ RunTime:0.000646s ]
INFO: [ app_begin ] --END-- [ RunTime:0.000751s ]
SQL: SHOW COLUMNS FROM `tp_user_group` [ RunTime:0.0034s ]
SQL: SELECT * FROM `tp_user_group`  [ RunTime:0.0003s ]
SQL: SHOW COLUMNS FROM `tp_flash` [ RunTime:0.0039s ]
INFO: [ app_end ] --START--
INFO: Run Behavior\ShowPageTraceBehavior [ RunTime:0.000634s ]
INFO: [ app_end ] --END-- [ RunTime:0.000714s ]

[ 2016-09-11T18:53:43+08:00 ] ::1 /zzyl/index.php/admin/index/flash.html
INFO: [ app_init ] --START--
INFO: Run Behavior\BuildLiteBehavior [ RunTime:0.000017s ]
INFO: [ app_init ] --END-- [ RunTime:0.000357s ]
INFO: [ app_begin ] --START--
INFO: Run Behavior\ReadHtmlCacheBehavior [ RunTime:0.000501s ]
INFO: [ app_begin ] --END-- [ RunTime:0.000575s ]
SQL: SHOW COLUMNS FROM `tp_user_group` [ RunTime:0.0033s ]
SQL: SELECT * FROM `tp_user_group`  [ RunTime:0.0005s ]
SQL: SHOW COLUMNS FROM `tp_flash` [ RunTime:0.0046s ]
INFO: [ app_end ] --START--
INFO: Run Behavior\ShowPageTraceBehavior [ RunTime:0.000572s ]
INFO: [ app_end ] --END-- [ RunTime:0.000632s ]

[ 2016-09-11T18:54:09+08:00 ] ::1 /zzyl/index.php/admin/index/flash.html
INFO: [ app_init ] --START--
INFO: Run Behavior\BuildLiteBehavior [ RunTime:0.000040s ]
INFO: [ app_init ] --END-- [ RunTime:0.000517s ]
INFO: [ app_begin ] --START--
INFO: Run Behavior\ReadHtmlCacheBehavior [ RunTime:0.000645s ]
INFO: [ app_begin ] --END-- [ RunTime:0.000762s ]
SQL: SHOW COLUMNS FROM `tp_user_group` [ RunTime:0.0033s ]
SQL: SELECT * FROM `tp_user_group`  [ RunTime:0.0002s ]
SQL: SHOW COLUMNS FROM `tp_flash` [ RunTime:0.0037s ]
SQL: SELECT COUNT(*) AS tp_count FROM `tp_flash` LIMIT 1   [ RunTime:0.0002s ]
NOTIC: [8] Undefined variable: coun D:\www\zzyl\App\Admin\Controller\IndexController.class.php 第 30 行.
SQL: SELECT * FROM `tp_flash` LIMIT 0,20   [ RunTime:0.0003s ]
INFO: [ view_parse ] --START--
INFO: [ template_filter ] --START--
INFO: Run Behavior\ContentReplaceBehavior [ RunTime:0.000067s ]
INFO: [ template_filter ] --END-- [ RunTime:0.000140s ]
NOTIC: [8] Undefined variable: type D:\www\zzyl\App\Runtime\Cache\Admin\d9a1363b41819a08f613d513b674c4dc.php 第 43 行.
INFO: Run Behavior\ParseTemplateBehavior [ RunTime:0.011808s ]
INFO: [ view_parse ] --END-- [ RunTime:0.011877s ]
INFO: [ view_filter ] --START--
INFO: Run Behavior\WriteHtmlCacheBehavior [ RunTime:0.000299s ]
INFO: [ view_filter ] --END-- [ RunTime:0.000351s ]
INFO: [ app_end ] --START--
INFO: Run Behavior\ShowPageTraceBehavior [ RunTime:0.000493s ]
INFO: [ app_end ] --END-- [ RunTime:0.000550s ]

[ 2016-09-11T18:54:16+08:00 ] ::1 /zzyl/index.php/admin/model/del.html
INFO: [ app_init ] --START--
INFO: Run Behavior\BuildLiteBehavior [ RunTime:0.000024s ]
INFO: [ app_init ] --END-- [ RunTime:0.000527s ]
INFO: [ app_begin ] --START--
INFO: Run Behavior\ReadHtmlCacheBehavior [ RunTime:0.001096s ]
INFO: [ app_begin ] --END-- [ RunTime:0.001339s ]
ERR: 无法加载控制器:Model

[ 2016-09-11T18:55:30+08:00 ] ::1 /zzyl/index.php/admin/index/flash.html
INFO: [ app_init ] --START--
INFO: Run Behavior\BuildLiteBehavior [ RunTime:0.000018s ]
INFO: [ app_init ] --END-- [ RunTime:0.000415s ]
INFO: [ app_begin ] --START--
INFO: Run Behavior\ReadHtmlCacheBehavior [ RunTime:0.000588s ]
INFO: [ app_begin ] --END-- [ RunTime:0.000653s ]
SQL: SHOW COLUMNS FROM `tp_user_group` [ RunTime:0.0046s ]
SQL: SELECT * FROM `tp_user_group`  [ RunTime:0.0005s ]
SQL: SHOW COLUMNS FROM `tp_flash` [ RunTime:0.0037s ]
SQL: SELECT COUNT(*) AS tp_count FROM `tp_flash` LIMIT 1   [ RunTime:0.0002s ]
NOTIC: [8] Undefined variable: coun D:\www\zzyl\App\Admin\Controller\IndexController.class.php 第 30 行.
SQL: SELECT * FROM `tp_flash` LIMIT 0,20   [ RunTime:0.0003s ]
INFO: [ view_parse ] --START--
INFO: [ template_filter ] --START--
INFO: Run Behavior\ContentReplaceBehavior [ RunTime:0.000059s ]
INFO: [ template_filter ] --END-- [ RunTime:0.000125s ]
NOTIC: [8] Undefined variable: type D:\www\zzyl\App\Runtime\Cache\Admin\d9a1363b41819a08f613d513b674c4dc.php 第 43 行.
INFO: Run Behavior\ParseTemplateBehavior [ RunTime:0.008076s ]
INFO: [ view_parse ] --END-- [ RunTime:0.008138s ]
INFO: [ view_filter ] --START--
INFO: Run Behavior\WriteHtmlCacheBehavior [ RunTime:0.000360s ]
INFO: [ view_filter ] --END-- [ RunTime:0.000418s ]
INFO: [ app_end ] --START--
INFO: Run Behavior\ShowPageTraceBehavior [ RunTime:0.000611s ]
INFO: [ app_end ] --END-- [ RunTime:0.000671s ]

[ 2016-09-11T18:55:34+08:00 ] ::1 /zzyl/index.php/admin/model/del.html
INFO: [ app_init ] --START--
INFO: Run Behavior\BuildLiteBehavior [ RunTime:0.000024s ]
INFO: [ app_init ] --END-- [ RunTime:0.000599s ]
INFO: [ app_begin ] --START--
INFO: Run Behavior\ReadHtmlCacheBehavior [ RunTime:0.000989s ]
INFO: [ app_begin ] --END-- [ RunTime:0.001111s ]
SQL: SHOW COLUMNS FROM `tp_user_group` [ RunTime:0.0045s ]
SQL: SELECT * FROM `tp_user_group`  [ RunTime:0.0003s ]
NOTIC: [8] Use of undefined constant IS_PSOT - assumed 'IS_PSOT' D:\www\zzyl\App\Admin\Controller\IndexController.class.php 第 73 行.
SQL: SHOW COLUMNS FROM `tp_flash` [ RunTime:0.0041s ]
SQL: DELETE FROM `tp_flash` WHERE `id` = 3 [ RunTime:0.0280s ]

[ 2016-09-11T18:55:36+08:00 ] ::1 /zzyl/index.php/admin/index/flash.html
INFO: [ app_init ] --START--
INFO: Run Behavior\BuildLiteBehavior [ RunTime:0.000031s ]
INFO: [ app_init ] --END-- [ RunTime:0.000589s ]
INFO: [ app_begin ] --START--
INFO: Run Behavior\ReadHtmlCacheBehavior [ RunTime:0.000693s ]
INFO: [ app_begin ] --END-- [ RunTime:0.000796s ]
SQL: SHOW COLUMNS FROM `tp_user_group` [ RunTime:0.0033s ]
SQL: SELECT * FROM `tp_user_group`  [ RunTime:0.0003s ]
SQL: SHOW COLUMNS FROM `tp_flash` [ RunTime:0.0035s ]
SQL: SELECT COUNT(*) AS tp_count FROM `tp_flash` LIMIT 1   [ RunTime:0.0002s ]
NOTIC: [8] Undefined variable: coun D:\www\zzyl\App\Admin\Controller\IndexController.class.php 第 30 行.
SQL: SELECT * FROM `tp_flash` LIMIT 0,20   [ RunTime:0.0003s ]
INFO: [ view_parse ] --START--
INFO: [ template_filter ] --START--
INFO: Run Behavior\ContentReplaceBehavior [ RunTime:0.000061s ]
INFO: [ template_filter ] --END-- [ RunTime:0.000130s ]
NOTIC: [8] Undefined variable: type D:\www\zzyl\App\Runtime\Cache\Admin\d9a1363b41819a08f613d513b674c4dc.php 第 43 行.
INFO: Run Behavior\ParseTemplateBehavior [ RunTime:0.008637s ]
INFO: [ view_parse ] --END-- [ RunTime:0.008698s ]
INFO: [ view_filter ] --START--
INFO: Run Behavior\WriteHtmlCacheBehavior [ RunTime:0.000342s ]
INFO: [ view_filter ] --END-- [ RunTime:0.000395s ]
INFO: [ app_end ] --START--
INFO: Run Behavior\ShowPageTraceBehavior [ RunTime:0.000541s ]
INFO: [ app_end ] --END-- [ RunTime:0.000597s ]

[ 2016-09-11T18:55:39+08:00 ] ::1 /zzyl/index.php/admin/model/del.html
INFO: [ app_init ] --START--
INFO: Run Behavior\BuildLiteBehavior [ RunTime:0.000025s ]
INFO: [ app_init ] --END-- [ RunTime:0.000536s ]
INFO: [ app_begin ] --START--
INFO: Run Behavior\ReadHtmlCacheBehavior [ RunTime:0.001007s ]
INFO: [ app_begin ] --END-- [ RunTime:0.001168s ]
SQL: SHOW COLUMNS FROM `tp_user_group` [ RunTime:0.0032s ]
SQL: SELECT * FROM `tp_user_group`  [ RunTime:0.0002s ]
NOTIC: [8] Use of undefined constant IS_PSOT - assumed 'IS_PSOT' D:\www\zzyl\App\Admin\Controller\IndexController.class.php 第 73 行.
SQL: SHOW COLUMNS FROM `tp_flash` [ RunTime:0.0038s ]
SQL: DELETE FROM `tp_flash` WHERE `id` = 2 [ RunTime:0.0003s ]

[ 2016-09-11T18:55:42+08:00 ] ::1 /zzyl/index.php/admin/index/flash.html
INFO: [ app_init ] --START--
INFO: Run Behavior\BuildLiteBehavior [ RunTime:0.000027s ]
INFO: [ app_init ] --END-- [ RunTime:0.000545s ]
INFO: [ app_begin ] --START--
INFO: Run Behavior\ReadHtmlCacheBehavior [ RunTime:0.000569s ]
INFO: [ app_begin ] --END-- [ RunTime:0.000663s ]
SQL: SHOW COLUMNS FROM `tp_user_group` [ RunTime:0.0033s ]
SQL: SELECT * FROM `tp_user_group`  [ RunTime:0.0002s ]
SQL: SHOW COLUMNS FROM `tp_flash` [ RunTime:0.0037s ]
SQL: SELECT COUNT(*) AS tp_count FROM `tp_flash` LIMIT 1   [ RunTime:0.0002s ]
NOTIC: [8] Undefined variable: coun D:\www\zzyl\App\Admin\Controller\IndexController.class.php 第 30 行.
SQL: SELECT * FROM `tp_flash` LIMIT 0,20   [ RunTime:0.0002s ]
INFO: [ view_parse ] --START--
INFO: [ template_filter ] --START--
INFO: Run Behavior\ContentReplaceBehavior [ RunTime:0.000074s ]
INFO: [ template_filter ] --END-- [ RunTime:0.000240s ]
NOTIC: [8] Undefined variable: type D:\www\zzyl\App\Runtime\Cache\Admin\d9a1363b41819a08f613d513b674c4dc.php 第 43 行.
INFO: Run Behavior\ParseTemplateBehavior [ RunTime:0.007695s ]
INFO: [ view_parse ] --END-- [ RunTime:0.007756s ]
INFO: [ view_filter ] --START--
INFO: Run Behavior\WriteHtmlCacheBehavior [ RunTime:0.000230s ]
INFO: [ view_filter ] --END-- [ RunTime:0.000279s ]
INFO: [ app_end ] --START--
INFO: Run Behavior\ShowPageTraceBehavior [ RunTime:0.000468s ]
INFO: [ app_end ] --END-- [ RunTime:0.000525s ]

[ 2016-09-11T18:55:45+08:00 ] ::1 /zzyl/index.php/admin/model/del.html
INFO: [ app_init ] --START--
INFO: Run Behavior\BuildLiteBehavior [ RunTime:0.000032s ]
INFO: [ app_init ] --END-- [ RunTime:0.000464s ]
INFO: [ app_begin ] --START--
INFO: Run Behavior\ReadHtmlCacheBehavior [ RunTime:0.000606s ]
INFO: [ app_begin ] --END-- [ RunTime:0.000682s ]
SQL: SHOW COLUMNS FROM `tp_user_group` [ RunTime:0.0083s ]
SQL: SELECT * FROM `tp_user_group`  [ RunTime:0.0003s ]
NOTIC: [8] Use of undefined constant IS_PSOT - assumed 'IS_PSOT' D:\www\zzyl\App\Admin\Controller\IndexController.class.php 第 73 行.
SQL: SHOW COLUMNS FROM `tp_flash` [ RunTime:0.0034s ]
SQL: DELETE FROM `tp_flash` WHERE `id` = 1 [ RunTime:0.0003s ]

[ 2016-09-11T18:55:47+08:00 ] ::1 /zzyl/index.php/admin/index/flash.html
INFO: [ app_init ] --START--
INFO: Run Behavior\BuildLiteBehavior [ RunTime:0.000019s ]
INFO: [ app_init ] --END-- [ RunTime:0.000431s ]
INFO: [ app_begin ] --START--
INFO: Run Behavior\ReadHtmlCacheBehavior [ RunTime:0.000737s ]
INFO: [ app_begin ] --END-- [ RunTime:0.000864s ]
SQL: SHOW COLUMNS FROM `tp_user_group` [ RunTime:0.0033s ]
SQL: SELECT * FROM `tp_user_group`  [ RunTime:0.0003s ]
SQL: SHOW COLUMNS FROM `tp_flash` [ RunTime:0.0041s ]
SQL: SELECT COUNT(*) AS tp_count FROM `tp_flash` LIMIT 1   [ RunTime:0.0002s ]
NOTIC: [8] Undefined variable: coun D:\www\zzyl\App\Admin\Controller\IndexController.class.php 第 30 行.
SQL: SELECT * FROM `tp_flash` LIMIT 0,20   [ RunTime:0.0002s ]
INFO: [ view_parse ] --START--
INFO: [ template_filter ] --START--
INFO: Run Behavior\ContentReplaceBehavior [ RunTime:0.000058s ]
INFO: [ template_filter ] --END-- [ RunTime:0.000124s ]
NOTIC: [8] Undefined variable: type D:\www\zzyl\App\Runtime\Cache\Admin\d9a1363b41819a08f613d513b674c4dc.php 第 43 行.
INFO: Run Behavior\ParseTemplateBehavior [ RunTime:0.007749s ]
INFO: [ view_parse ] --END-- [ RunTime:0.007815s ]
INFO: [ view_filter ] --START--
INFO: Run Behavior\WriteHtmlCacheBehavior [ RunTime:0.000375s ]
INFO: [ view_filter ] --END-- [ RunTime:0.000436s ]
INFO: [ app_end ] --START--
INFO: Run Behavior\ShowPageTraceBehavior [ RunTime:0.000787s ]
INFO: [ app_end ] --END-- [ RunTime:0.000867s ]

[ 2016-09-11T18:55:50+08:00 ] ::1 /zzyl/index.php/admin/flash/edit.html
INFO: [ app_init ] --START--
INFO: Run Behavior\BuildLiteBehavior [ RunTime:0.000030s ]
INFO: [ app_init ] --END-- [ RunTime:0.000465s ]
INFO: [ app_begin ] --START--
INFO: Run Behavior\ReadHtmlCacheBehavior [ RunTime:0.000554s ]
INFO: [ app_begin ] --END-- [ RunTime:0.000635s ]
SQL: SHOW COLUMNS FROM `tp_user_group` [ RunTime:0.0037s ]
SQL: SELECT * FROM `tp_user_group`  [ RunTime:0.0008s ]
SQL: SHOW COLUMNS FROM `tp_flash` [ RunTime:0.0042s ]
INFO: [ view_parse ] --START--
INFO: [ template_filter ] --START--
INFO: Run Behavior\ContentReplaceBehavior [ RunTime:0.000080s ]
INFO: [ template_filter ] --END-- [ RunTime:0.000155s ]
NOTIC: [8] Undefined variable: data D:\www\zzyl\App\Runtime\Cache\Admin\e9725e640f9ade093c86475d3239a34a.php 第 47 行.
NOTIC: [8] Undefined variable: data D:\www\zzyl\App\Runtime\Cache\Admin\e9725e640f9ade093c86475d3239a34a.php 第 51 行.
NOTIC: [8] Undefined variable: data D:\www\zzyl\App\Runtime\Cache\Admin\e9725e640f9ade093c86475d3239a34a.php 第 55 行.
NOTIC: [8] Undefined variable: data D:\www\zzyl\App\Runtime\Cache\Admin\e9725e640f9ade093c86475d3239a34a.php 第 64 行.
NOTIC: [8] Undefined variable: data D:\www\zzyl\App\Runtime\Cache\Admin\e9725e640f9ade093c86475d3239a34a.php 第 69 行.
NOTIC: [8] Undefined variable: data D:\www\zzyl\App\Runtime\Cache\Admin\e9725e640f9ade093c86475d3239a34a.php 第 69 行.
INFO: Run Behavior\ParseTemplateBehavior [ RunTime:0.007655s ]
INFO: [ view_parse ] --END-- [ RunTime:0.007717s ]
INFO: [ view_filter ] --START--
INFO: Run Behavior\WriteHtmlCacheBehavior [ RunTime:0.000236s ]
INFO: [ view_filter ] --END-- [ RunTime:0.000286s ]
INFO: [ app_end ] --START--
INFO: Run Behavior\ShowPageTraceBehavior [ RunTime:0.000436s ]
INFO: [ app_end ] --END-- [ RunTime:0.000489s ]

[ 2016-09-11T18:56:15+08:00 ] ::1 /zzyl/index.php/admin/index/uploadFile.html
INFO: [ app_init ] --START--
INFO: Run Behavior\BuildLiteBehavior [ RunTime:0.000043s ]
INFO: [ app_init ] --END-- [ RunTime:0.000757s ]
INFO: [ app_begin ] --START--
INFO: Run Behavior\ReadHtmlCacheBehavior [ RunTime:0.000825s ]
INFO: [ app_begin ] --END-- [ RunTime:0.000942s ]
SQL: SHOW COLUMNS FROM `tp_user_group` [ RunTime:0.0037s ]
SQL: SELECT * FROM `tp_user_group`  [ RunTime:0.0004s ]
NOTIC: [8] Undefined index: act D:\www\zzyl\App\Admin\Controller\IndexController.class.php 第 312 行.

[ 2016-09-11T18:58:33+08:00 ] ::1 /zzyl/index.php/admin/index/uploadFile/act/delimg.html
INFO: [ app_init ] --START--
INFO: Run Behavior\BuildLiteBehavior [ RunTime:0.000022s ]
INFO: [ app_init ] --END-- [ RunTime:0.000723s ]
INFO: [ app_begin ] --START--
INFO: Run Behavior\ReadHtmlCacheBehavior [ RunTime:0.002795s ]
INFO: [ app_begin ] --END-- [ RunTime:0.002896s ]
SQL: SHOW COLUMNS FROM `tp_user_group` [ RunTime:0.0037s ]
SQL: SELECT * FROM `tp_user_group`  [ RunTime:0.0003s ]

[ 2016-09-11T18:58:36+08:00 ] ::1 /zzyl/index.php/admin/flash/save.html
INFO: [ app_init ] --START--
INFO: Run Behavior\BuildLiteBehavior [ RunTime:0.000016s ]
INFO: [ app_init ] --END-- [ RunTime:0.000392s ]
INFO: [ app_begin ] --START--
INFO: Run Behavior\ReadHtmlCacheBehavior [ RunTime:0.000908s ]
INFO: [ app_begin ] --END-- [ RunTime:0.000999s ]
SQL: SHOW COLUMNS FROM `tp_user_group` [ RunTime:0.0038s ]
SQL: SELECT * FROM `tp_user_group`  [ RunTime:0.0002s ]
SQL: SHOW COLUMNS FROM `tp_flash` [ RunTime:0.0041s ]
NOTIC: [8] Use of undefined constant time - assumed 'time' D:\www\zzyl\App\Admin\Controller\IndexController.class.php 第 54 行.
SQL: INSERT INTO `tp_flash` (`name`,`url`,`image`,`addtime`) VALUES ('123','www.baidu.com','','0') [ RunTime:0.0004s ]

[ 2016-09-11T18:58:38+08:00 ] ::1 /zzyl/index.php/admin/flash/edit/4.html
INFO: [ app_init ] --START--
INFO: Run Behavior\BuildLiteBehavior [ RunTime:0.000021s ]
INFO: [ app_init ] --END-- [ RunTime:0.000440s ]
INFO: [ app_begin ] --START--
INFO: Run Behavior\ReadHtmlCacheBehavior [ RunTime:0.000877s ]
INFO: [ app_begin ] --END-- [ RunTime:0.000979s ]
SQL: SHOW COLUMNS FROM `tp_user_group` [ RunTime:0.0033s ]
SQL: SELECT * FROM `tp_user_group`  [ RunTime:0.0002s ]
SQL: SHOW COLUMNS FROM `tp_flash` [ RunTime:0.0036s ]
SQL: SELECT * FROM `tp_flash` WHERE `id` = 4 LIMIT 1   [ RunTime:0.0003s ]
INFO: [ view_parse ] --START--
INFO: [ template_filter ] --START--
INFO: Run Behavior\ContentReplaceBehavior [ RunTime:0.000077s ]
INFO: [ template_filter ] --END-- [ RunTime:0.000158s ]
INFO: Run Behavior\ParseTemplateBehavior [ RunTime:0.008514s ]
INFO: [ view_parse ] --END-- [ RunTime:0.008598s ]
INFO: [ view_filter ] --START--
INFO: Run Behavior\WriteHtmlCacheBehavior [ RunTime:0.000635s ]
INFO: [ view_filter ] --END-- [ RunTime:0.000706s ]
INFO: [ app_end ] --START--
INFO: Run Behavior\ShowPageTraceBehavior [ RunTime:0.001222s ]
INFO: [ app_end ] --END-- [ RunTime:0.001312s ]

[ 2016-09-11T18:58:47+08:00 ] ::1 /zzyl/index.php/admin/index/uploadFile/act/delimg.html
INFO: [ app_init ] --START--
INFO: Run Behavior\BuildLiteBehavior [ RunTime:0.000089s ]
INFO: [ app_init ] --END-- [ RunTime:0.000969s ]
INFO: [ app_begin ] --START--
INFO: Run Behavior\ReadHtmlCacheBehavior [ RunTime:0.001138s ]
INFO: [ app_begin ] --END-- [ RunTime:0.001252s ]
SQL: SHOW COLUMNS FROM `tp_user_group` [ RunTime:0.0046s ]
SQL: SELECT * FROM `tp_user_group`  [ RunTime:0.0003s ]

[ 2016-09-11T18:58:48+08:00 ] ::1 /zzyl/index.php/admin/flash/edit/4.html
INFO: [ app_init ] --START--
INFO: Run Behavior\BuildLiteBehavior [ RunTime:0.000019s ]
INFO: [ app_init ] --END-- [ RunTime:0.000404s ]
INFO: [ app_begin ] --START--
INFO: Run Behavior\ReadHtmlCacheBehavior [ RunTime:0.000590s ]
INFO: [ app_begin ] --END-- [ RunTime:0.000657s ]
SQL: SHOW COLUMNS FROM `tp_user_group` [ RunTime:0.0035s ]
SQL: SELECT * FROM `tp_user_group`  [ RunTime:0.0003s ]
SQL: SHOW COLUMNS FROM `tp_flash` [ RunTime:0.0038s ]
SQL: SELECT * FROM `tp_flash` WHERE `id` = 4 LIMIT 1   [ RunTime:0.0006s ]
INFO: [ view_parse ] --START--
INFO: [ template_filter ] --START--
INFO: Run Behavior\ContentReplaceBehavior [ RunTime:0.000073s ]
INFO: [ template_filter ] --END-- [ RunTime:0.000137s ]
INFO: Run Behavior\ParseTemplateBehavior [ RunTime:0.007468s ]
INFO: [ view_parse ] --END-- [ RunTime:0.007549s ]
INFO: [ view_filter ] --START--
INFO: Run Behavior\WriteHtmlCacheBehavior [ RunTime:0.000322s ]
INFO: [ view_filter ] --END-- [ RunTime:0.000374s ]
INFO: [ app_end ] --START--
INFO: Run Behavior\ShowPageTraceBehavior [ RunTime:0.000550s ]
INFO: [ app_end ] --END-- [ RunTime:0.000604s ]

[ 2016-09-11T18:59:31+08:00 ] ::1 /zzyl/index.php/admin/index/uploadFile.html
INFO: [ app_init ] --START--
INFO: Run Behavior\BuildLiteBehavior [ RunTime:0.000025s ]
INFO: [ app_init ] --END-- [ RunTime:0.000517s ]
INFO: [ app_begin ] --START--
INFO: Run Behavior\ReadHtmlCacheBehavior [ RunTime:0.000482s ]
INFO: [ app_begin ] --END-- [ RunTime:0.000543s ]
SQL: SHOW COLUMNS FROM `tp_user_group` [ RunTime:0.0035s ]
SQL: SELECT * FROM `tp_user_group`  [ RunTime:0.0003s ]
NOTIC: [8] Undefined index: act D:\www\zzyl\App\Admin\Controller\IndexController.class.php 第 312 行.
NOTIC: [2] call_user_func() expects parameter 1 to be a valid callback, no array or string given D:\www\zzyl\ThinkPHP\Library\Think\Upload.class.php 第 170 行.
INFO: [ app_end ] --START--
INFO: Run Behavior\ShowPageTraceBehavior [ RunTime:0.000811s ]
INFO: [ app_end ] --END-- [ RunTime:0.000881s ]

[ 2016-09-11T19:00:19+08:00 ] ::1 /zzyl/index.php/admin/index/uploadFile.html
INFO: [ app_init ] --START--
INFO: Run Behavior\BuildLiteBehavior [ RunTime:0.000018s ]
INFO: [ app_init ] --END-- [ RunTime:0.000472s ]
INFO: [ app_begin ] --START--
INFO: Run Behavior\ReadHtmlCacheBehavior [ RunTime:0.000821s ]
INFO: [ app_begin ] --END-- [ RunTime:0.000883s ]
SQL: SHOW COLUMNS FROM `tp_user_group` [ RunTime:0.0036s ]
SQL: SELECT * FROM `tp_user_group`  [ RunTime:0.0003s ]
NOTIC: [8] Undefined index: act D:\www\zzyl\App\Admin\Controller\IndexController.class.php 第 312 行.

[ 2016-09-11T19:01:04+08:00 ] ::1 /zzyl/index.php/admin/flash/edit/4.html
INFO: [ app_init ] --START--
INFO: Run Behavior\BuildLiteBehavior [ RunTime:0.000022s ]
INFO: [ app_init ] --END-- [ RunTime:0.000557s ]
INFO: [ app_begin ] --START--
INFO: Run Behavior\ReadHtmlCacheBehavior [ RunTime:0.001216s ]
INFO: [ app_begin ] --END-- [ RunTime:0.001352s ]

[ 2016-09-11T19:01:22+08:00 ] ::1 /zzyl/index.php/admin/flash/edit/4.html
INFO: [ app_init ] --START--
INFO: Run Behavior\BuildLiteBehavior [ RunTime:0.000019s ]
INFO: [ app_init ] --END-- [ RunTime:0.000461s ]
INFO: [ app_begin ] --START--
INFO: Run Behavior\ReadHtmlCacheBehavior [ RunTime:0.000966s ]
INFO: [ app_begin ] --END-- [ RunTime:0.001063s ]
SQL: SHOW COLUMNS FROM `tp_user_group` [ RunTime:0.0033s ]
SQL: SELECT * FROM `tp_user_group`  [ RunTime:0.0003s ]
SQL: SHOW COLUMNS FROM `tp_flash` [ RunTime:0.0035s ]
SQL: SELECT * FROM `tp_flash` WHERE `id` = 4 LIMIT 1   [ RunTime:0.0003s ]
INFO: [ view_parse ] --START--
INFO: [ template_filter ] --START--
INFO: Run Behavior\ContentReplaceBehavior [ RunTime:0.000199s ]
INFO: [ template_filter ] --END-- [ RunTime:0.000284s ]
INFO: Run Behavior\ParseTemplateBehavior [ RunTime:0.008676s ]
INFO: [ view_parse ] --END-- [ RunTime:0.008774s ]
INFO: [ view_filter ] --START--
INFO: Run Behavior\WriteHtmlCacheBehavior [ RunTime:0.000611s ]
INFO: [ view_filter ] --END-- [ RunTime:0.000666s ]
INFO: [ app_end ] --START--
INFO: Run Behavior\ShowPageTraceBehavior [ RunTime:0.000806s ]
INFO: [ app_end ] --END-- [ RunTime:0.000863s ]

[ 2016-09-11T19:01:27+08:00 ] ::1 /zzyl/index.php/admin/index/uploadFile.html
INFO: [ app_init ] --START--
INFO: Run Behavior\BuildLiteBehavior [ RunTime:0.000026s ]
INFO: [ app_init ] --END-- [ RunTime:0.000515s ]
INFO: [ app_begin ] --START--
INFO: Run Behavior\ReadHtmlCacheBehavior [ RunTime:0.000464s ]
INFO: [ app_begin ] --END-- [ RunTime:0.000523s ]
SQL: SHOW COLUMNS FROM `tp_user_group` [ RunTime:0.0050s ]
SQL: SELECT * FROM `tp_user_group`  [ RunTime:0.0006s ]
NOTIC: [8] Undefined index: act D:\www\zzyl\App\Admin\Controller\IndexController.class.php 第 312 行.

[ 2016-09-11T19:02:49+08:00 ] ::1 /zzyl/index.php/admin/flash/edit/4.html
INFO: [ app_init ] --START--
INFO: Run Behavior\BuildLiteBehavior [ RunTime:0.000029s ]
INFO: [ app_init ] --END-- [ RunTime:0.001006s ]
INFO: [ app_begin ] --START--
INFO: Run Behavior\ReadHtmlCacheBehavior [ RunTime:0.001221s ]
INFO: [ app_begin ] --END-- [ RunTime:0.001346s ]
SQL: SHOW COLUMNS FROM `tp_user_group` [ RunTime:0.0039s ]
SQL: SELECT * FROM `tp_user_group`  [ RunTime:0.0003s ]
SQL: SHOW COLUMNS FROM `tp_flash` [ RunTime:0.0040s ]
SQL: SELECT * FROM `tp_flash` WHERE `id` = 4 LIMIT 1   [ RunTime:0.0006s ]
INFO: [ view_parse ] --START--
INFO: [ template_filter ] --START--
INFO: Run Behavior\ContentReplaceBehavior [ RunTime:0.000074s ]
INFO: [ template_filter ] --END-- [ RunTime:0.000139s ]
INFO: Run Behavior\ParseTemplateBehavior [ RunTime:0.009565s ]
INFO: [ view_parse ] --END-- [ RunTime:0.009636s ]
INFO: [ view_filter ] --START--
INFO: Run Behavior\WriteHtmlCacheBehavior [ RunTime:0.000743s ]
INFO: [ view_filter ] --END-- [ RunTime:0.000797s ]
INFO: [ app_end ] --START--
INFO: Run Behavior\ShowPageTraceBehavior [ RunTime:0.000943s ]
INFO: [ app_end ] --END-- [ RunTime:0.000997s ]

[ 2016-09-11T19:02:53+08:00 ] ::1 /zzyl/index.php/admin/index/uploadFile.html
INFO: [ app_init ] --START--
INFO: Run Behavior\BuildLiteBehavior [ RunTime:0.000020s ]
INFO: [ app_init ] --END-- [ RunTime:0.000415s ]
INFO: [ app_begin ] --START--
INFO: Run Behavior\ReadHtmlCacheBehavior [ RunTime:0.000752s ]
INFO: [ app_begin ] --END-- [ RunTime:0.000860s ]
SQL: SHOW COLUMNS FROM `tp_user_group` [ RunTime:0.0034s ]
SQL: SELECT * FROM `tp_user_group`  [ RunTime:0.0003s ]
NOTIC: [8] Undefined index: act D:\www\zzyl\App\Admin\Controller\IndexController.class.php 第 312 行.

[ 2016-09-11T19:03:17+08:00 ] ::1 /zzyl/index.php/admin/flash/edit/4.html
INFO: [ app_init ] --START--
INFO: Run Behavior\BuildLiteBehavior [ RunTime:0.000025s ]
INFO: [ app_init ] --END-- [ RunTime:0.000503s ]
INFO: [ app_begin ] --START--
INFO: Run Behavior\ReadHtmlCacheBehavior [ RunTime:0.001385s ]
INFO: [ app_begin ] --END-- [ RunTime:0.001683s ]
SQL: SHOW COLUMNS FROM `tp_user_group` [ RunTime:0.0033s ]
SQL: SELECT * FROM `tp_user_group`  [ RunTime:0.0003s ]
SQL: SHOW COLUMNS FROM `tp_flash` [ RunTime:0.0036s ]
SQL: SELECT * FROM `tp_flash` WHERE `id` = 4 LIMIT 1   [ RunTime:0.0003s ]
INFO: [ view_parse ] --START--
INFO: [ template_filter ] --START--
INFO: Run Behavior\ContentReplaceBehavior [ RunTime:0.000074s ]
INFO: [ template_filter ] --END-- [ RunTime:0.000139s ]
INFO: Run Behavior\ParseTemplateBehavior [ RunTime:0.009392s ]
INFO: [ view_parse ] --END-- [ RunTime:0.009472s ]
INFO: [ view_filter ] --START--
INFO: Run Behavior\WriteHtmlCacheBehavior [ RunTime:0.000612s ]
INFO: [ view_filter ] --END-- [ RunTime:0.000669s ]
INFO: [ app_end ] --START--
INFO: Run Behavior\ShowPageTraceBehavior [ RunTime:0.000798s ]
INFO: [ app_end ] --END-- [ RunTime:0.000853s ]

[ 2016-09-11T19:03:22+08:00 ] ::1 /zzyl/index.php/admin/index/uploadFile.html
INFO: [ app_init ] --START--
INFO: Run Behavior\BuildLiteBehavior [ RunTime:0.000032s ]
INFO: [ app_init ] --END-- [ RunTime:0.000530s ]
INFO: [ app_begin ] --START--
INFO: Run Behavior\ReadHtmlCacheBehavior [ RunTime:0.000914s ]
INFO: [ app_begin ] --END-- [ RunTime:0.001026s ]
SQL: SHOW COLUMNS FROM `tp_user_group` [ RunTime:0.0033s ]
SQL: SELECT * FROM `tp_user_group`  [ RunTime:0.0003s ]
NOTIC: [8] Undefined index: act D:\www\zzyl\App\Admin\Controller\IndexController.class.php 第 312 行.

[ 2016-09-11T19:03:59+08:00 ] ::1 /zzyl/index.php/admin/flash/edit/4.html
INFO: [ app_init ] --START--
INFO: Run Behavior\BuildLiteBehavior [ RunTime:0.000021s ]
INFO: [ app_init ] --END-- [ RunTime:0.000531s ]
INFO: [ app_begin ] --START--
INFO: Run Behavior\ReadHtmlCacheBehavior [ RunTime:0.000689s ]
INFO: [ app_begin ] --END-- [ RunTime:0.000766s ]
SQL: SHOW COLUMNS FROM `tp_user_group` [ RunTime:0.0038s ]
SQL: SELECT * FROM `tp_user_group`  [ RunTime:0.0002s ]
SQL: SHOW COLUMNS FROM `tp_flash` [ RunTime:0.0036s ]
SQL: SELECT * FROM `tp_flash` WHERE `id` = 4 LIMIT 1   [ RunTime:0.0003s ]
INFO: [ view_parse ] --START--
INFO: [ template_filter ] --START--
INFO: Run Behavior\ContentReplaceBehavior [ RunTime:0.000074s ]
INFO: [ template_filter ] --END-- [ RunTime:0.000139s ]
INFO: Run Behavior\ParseTemplateBehavior [ RunTime:0.008317s ]
INFO: [ view_parse ] --END-- [ RunTime:0.008395s ]
INFO: [ view_filter ] --START--
INFO: Run Behavior\WriteHtmlCacheBehavior [ RunTime:0.000414s ]
INFO: [ view_filter ] --END-- [ RunTime:0.000466s ]
INFO: [ app_end ] --START--
INFO: Run Behavior\ShowPageTraceBehavior [ RunTime:0.000641s ]
INFO: [ app_end ] --END-- [ RunTime:0.000699s ]

[ 2016-09-11T19:04:05+08:00 ] ::1 /zzyl/index.php/admin/index/uploadFile.html
INFO: [ app_init ] --START--
INFO: Run Behavior\BuildLiteBehavior [ RunTime:0.000026s ]
INFO: [ app_init ] --END-- [ RunTime:0.000444s ]
INFO: [ app_begin ] --START--
INFO: Run Behavior\ReadHtmlCacheBehavior [ RunTime:0.001096s ]
INFO: [ app_begin ] --END-- [ RunTime:0.001233s ]
SQL: SHOW COLUMNS FROM `tp_user_group` [ RunTime:0.0033s ]
SQL: SELECT * FROM `tp_user_group`  [ RunTime:0.0003s ]
NOTIC: [8] Undefined index: act D:\www\zzyl\App\Admin\Controller\IndexController.class.php 第 312 行.

[ 2016-09-11T19:04:18+08:00 ] ::1 /zzyl/index.php/admin/flash/edit/4.html
INFO: [ app_init ] --START--
INFO: Run Behavior\BuildLiteBehavior [ RunTime:0.000019s ]
INFO: [ app_init ] --END-- [ RunTime:0.000471s ]
INFO: [ app_begin ] --START--
INFO: Run Behavior\ReadHtmlCacheBehavior [ RunTime:0.001252s ]
INFO: [ app_begin ] --END-- [ RunTime:0.001370s ]
SQL: SHOW COLUMNS FROM `tp_user_group` [ RunTime:0.0033s ]
SQL: SELECT * FROM `tp_user_group`  [ RunTime:0.0003s ]
SQL: SHOW COLUMNS FROM `tp_flash` [ RunTime:0.0041s ]
SQL: SELECT * FROM `tp_flash` WHERE `id` = 4 LIMIT 1   [ RunTime:0.0003s ]
INFO: [ view_parse ] --START--
INFO: [ template_filter ] --START--
INFO: Run Behavior\ContentReplaceBehavior [ RunTime:0.000077s ]
INFO: [ template_filter ] --END-- [ RunTime:0.000144s ]
INFO: Run Behavior\ParseTemplateBehavior [ RunTime:0.009673s ]
INFO: [ view_parse ] --END-- [ RunTime:0.009741s ]
INFO: [ view_filter ] --START--
INFO: Run Behavior\WriteHtmlCacheBehavior [ RunTime:0.000574s ]
INFO: [ view_filter ] --END-- [ RunTime:0.000627s ]
INFO: [ app_end ] --START--
INFO: Run Behavior\ShowPageTraceBehavior [ RunTime:0.000859s ]
INFO: [ app_end ] --END-- [ RunTime:0.000932s ]

[ 2016-09-11T19:04:43+08:00 ] ::1 /zzyl/index.php/admin/flash/edit/4.html
INFO: [ app_init ] --START--
INFO: Run Behavior\BuildLiteBehavior [ RunTime:0.000021s ]
INFO: [ app_init ] --END-- [ RunTime:0.000583s ]
INFO: [ app_begin ] --START--
INFO: Run Behavior\ReadHtmlCacheBehavior [ RunTime:0.003048s ]
INFO: [ app_begin ] --END-- [ RunTime:0.003167s ]
SQL: SHOW COLUMNS FROM `tp_user_group` [ RunTime:0.0032s ]
SQL: SELECT * FROM `tp_user_group`  [ RunTime:0.0003s ]
SQL: SHOW COLUMNS FROM `tp_flash` [ RunTime:0.0040s ]
SQL: SELECT * FROM `tp_flash` WHERE `id` = 4 LIMIT 1   [ RunTime:0.0003s ]
INFO: [ view_parse ] --START--
INFO: [ template_filter ] --START--
INFO: Run Behavior\ContentReplaceBehavior [ RunTime:0.000076s ]
INFO: [ template_filter ] --END-- [ RunTime:0.000141s ]
INFO: Run Behavior\ParseTemplateBehavior [ RunTime:0.009283s ]
INFO: [ view_parse ] --END-- [ RunTime:0.009354s ]
INFO: [ view_filter ] --START--
INFO: Run Behavior\WriteHtmlCacheBehavior [ RunTime:0.000582s ]
INFO: [ view_filter ] --END-- [ RunTime:0.000634s ]
INFO: [ app_end ] --START--
INFO: Run Behavior\ShowPageTraceBehavior [ RunTime:0.000785s ]
INFO: [ app_end ] --END-- [ RunTime:0.000840s ]

[ 2016-09-11T19:04:48+08:00 ] ::1 /zzyl/index.php/admin/index/uploadFile.html
INFO: [ app_init ] --START--
INFO: Run Behavior\BuildLiteBehavior [ RunTime:0.000018s ]
INFO: [ app_init ] --END-- [ RunTime:0.000480s ]
INFO: [ app_begin ] --START--
INFO: Run Behavior\ReadHtmlCacheBehavior [ RunTime:0.000758s ]
INFO: [ app_begin ] --END-- [ RunTime:0.000818s ]
SQL: SHOW COLUMNS FROM `tp_user_group` [ RunTime:0.0033s ]
SQL: SELECT * FROM `tp_user_group`  [ RunTime:0.0003s ]
NOTIC: [8] Undefined index: act D:\www\zzyl\App\Admin\Controller\IndexController.class.php 第 312 行.

[ 2016-09-11T19:05:37+08:00 ] ::1 /zzyl/index.php/Admin/Index/index
INFO: [ app_init ] --START--
INFO: Run Behavior\BuildLiteBehavior [ RunTime:0.000024s ]
INFO: [ app_init ] --END-- [ RunTime:0.000648s ]
INFO: [ app_begin ] --START--
INFO: Run Behavior\ReadHtmlCacheBehavior [ RunTime:0.001128s ]
INFO: [ app_begin ] --END-- [ RunTime:0.001250s ]
SQL: SHOW COLUMNS FROM `tp_user_group` [ RunTime:0.0042s ]
SQL: SELECT * FROM `tp_user_group`  [ RunTime:0.0003s ]
INFO: [ view_parse ] --START--
INFO: [ template_filter ] --START--
INFO: Run Behavior\ContentReplaceBehavior [ RunTime:0.000063s ]
INFO: [ template_filter ] --END-- [ RunTime:0.000141s ]
INFO: Run Behavior\ParseTemplateBehavior [ RunTime:0.008789s ]
INFO: [ view_parse ] --END-- [ RunTime:0.008900s ]
INFO: [ view_filter ] --START--
INFO: Run Behavior\WriteHtmlCacheBehavior [ RunTime:0.000793s ]
INFO: [ view_filter ] --END-- [ RunTime:0.000871s ]
INFO: [ app_end ] --START--
INFO: Run Behavior\ShowPageTraceBehavior [ RunTime:0.001108s ]
INFO: [ app_end ] --END-- [ RunTime:0.001200s ]

[ 2016-09-11T19:05:41+08:00 ] ::1 /zzyl/index.php/admin/index/flash.html
INFO: [ app_init ] --START--
INFO: Run Behavior\BuildLiteBehavior [ RunTime:0.000020s ]
INFO: [ app_init ] --END-- [ RunTime:0.000489s ]
INFO: [ app_begin ] --START--
INFO: Run Behavior\ReadHtmlCacheBehavior [ RunTime:0.000899s ]
INFO: [ app_begin ] --END-- [ RunTime:0.000978s ]
SQL: SHOW COLUMNS FROM `tp_user_group` [ RunTime:0.0046s ]
SQL: SELECT * FROM `tp_user_group`  [ RunTime:0.0005s ]
SQL: SHOW COLUMNS FROM `tp_flash` [ RunTime:0.0143s ]
SQL: SELECT COUNT(*) AS tp_count FROM `tp_flash` LIMIT 1   [ RunTime:0.0005s ]
NOTIC: [8] Undefined variable: coun D:\www\zzyl\App\Admin\Controller\IndexController.class.php 第 30 行.
SQL: SELECT * FROM `tp_flash` LIMIT 0,20   [ RunTime:0.0011s ]
INFO: [ view_parse ] --START--
INFO: [ template_filter ] --START--
INFO: Run Behavior\ContentReplaceBehavior [ RunTime:0.000063s ]
INFO: [ template_filter ] --END-- [ RunTime:0.000141s ]
NOTIC: [8] Undefined variable: type D:\www\zzyl\App\Runtime\Cache\Admin\d9a1363b41819a08f613d513b674c4dc.php 第 43 行.
INFO: Run Behavior\ParseTemplateBehavior [ RunTime:0.011210s ]
INFO: [ view_parse ] --END-- [ RunTime:0.011293s ]
INFO: [ view_filter ] --START--
INFO: Run Behavior\WriteHtmlCacheBehavior [ RunTime:0.000601s ]
INFO: [ view_filter ] --END-- [ RunTime:0.000658s ]
INFO: [ app_end ] --START--
INFO: Run Behavior\ShowPageTraceBehavior [ RunTime:0.000844s ]
INFO: [ app_end ] --END-- [ RunTime:0.000899s ]

