[ 2016-09-15T16:57:16+08:00 ] ::1 /longchuanwenhua/index.php/admin
INFO: [ app_init ] --START--
INFO: Run Behavior\BuildLiteBehavior [ RunTime:0.000014s ]
INFO: [ app_init ] --END-- [ RunTime:0.000335s ]
INFO: [ app_begin ] --START--
INFO: Run Behavior\ReadHtmlCacheBehavior [ RunTime:0.000422s ]
INFO: [ app_begin ] --END-- [ RunTime:0.000479s ]

[ 2016-09-15T16:57:16+08:00 ] ::1 /longchuanwenhua/index.php/Admin/Users/login.html
INFO: [ app_init ] --START--
INFO: Run Behavior\BuildLiteBehavior [ RunTime:0.000018s ]
INFO: [ app_init ] --END-- [ RunTime:0.000442s ]
INFO: [ app_begin ] --START--
INFO: Run Behavior\ReadHtmlCacheBehavior [ RunTime:0.000537s ]
INFO: [ app_begin ] --END-- [ RunTime:0.000598s ]
INFO: [ view_parse ] --START--
INFO: [ template_filter ] --START--
INFO: Run Behavior\ContentReplaceBehavior [ RunTime:0.000047s ]
INFO: [ template_filter ] --END-- [ RunTime:0.000102s ]
INFO: Run Behavior\ParseTemplateBehavior [ RunTime:0.005170s ]
INFO: [ view_parse ] --END-- [ RunTime:0.005231s ]
INFO: [ view_filter ] --START--
INFO: Run Behavior\WriteHtmlCacheBehavior [ RunTime:0.000211s ]
INFO: [ view_filter ] --END-- [ RunTime:0.000253s ]
INFO: [ app_end ] --START--
INFO: Run Behavior\ShowPageTraceBehavior [ RunTime:0.000613s ]
INFO: [ app_end ] --END-- [ RunTime:0.000685s ]

[ 2016-09-15T16:57:16+08:00 ] ::1 /longchuanwenhua/index.php/admin/users/verify.html
INFO: [ app_init ] --START--
INFO: Run Behavior\BuildLiteBehavior [ RunTime:0.000016s ]
INFO: [ app_init ] --END-- [ RunTime:0.000420s ]
INFO: [ app_begin ] --START--
INFO: Run Behavior\ReadHtmlCacheBehavior [ RunTime:0.000599s ]
INFO: [ app_begin ] --END-- [ RunTime:0.000674s ]
INFO: [ app_end ] --START--
INFO: Run Behavior\ShowPageTraceBehavior [ RunTime:0.000565s ]
INFO: [ app_end ] --END-- [ RunTime:0.000637s ]

[ 2016-09-15T16:57:26+08:00 ] ::1 /longchuanwenhua/index.php/admin/users/login.html
INFO: [ app_init ] --START--
INFO: Run Behavior\BuildLiteBehavior [ RunTime:0.000015s ]
INFO: [ app_init ] --END-- [ RunTime:0.000387s ]
INFO: [ app_begin ] --START--
INFO: Run Behavior\ReadHtmlCacheBehavior [ RunTime:0.000523s ]
INFO: [ app_begin ] --END-- [ RunTime:0.000589s ]
NOTIC: [8] Undefined variable: id D:\www\longchuanwenhua\App\Admin\Controller\UsersController.class.php 第 18 行.
SQL: SHOW COLUMNS FROM `tp_user` [ RunTime:0.0486s ]
SQL: SELECT * FROM `tp_user` WHERE `name` = 'admin' AND `pwd` = 'e10adc3949ba59abbe56e057f20f883e' LIMIT 1   [ RunTime:0.0457s ]
INFO: [ view_parse ] --START--
INFO: [ template_filter ] --START--
INFO: Run Behavior\ContentReplaceBehavior [ RunTime:0.000038s ]
INFO: [ template_filter ] --END-- [ RunTime:0.000094s ]
INFO: Run Behavior\ParseTemplateBehavior [ RunTime:0.005719s ]
INFO: [ view_parse ] --END-- [ RunTime:0.005796s ]
INFO: [ view_filter ] --START--
INFO: Run Behavior\WriteHtmlCacheBehavior [ RunTime:0.000296s ]
INFO: [ view_filter ] --END-- [ RunTime:0.000352s ]
INFO: [ app_end ] --START--
INFO: Run Behavior\ShowPageTraceBehavior [ RunTime:0.000506s ]
INFO: [ app_end ] --END-- [ RunTime:0.000558s ]

[ 2016-09-15T16:57:27+08:00 ] ::1 /longchuanwenhua/index.php/Admin/Index/index
INFO: [ app_init ] --START--
INFO: Run Behavior\BuildLiteBehavior [ RunTime:0.000015s ]
INFO: [ app_init ] --END-- [ RunTime:0.000349s ]
INFO: [ app_begin ] --START--
INFO: Run Behavior\ReadHtmlCacheBehavior [ RunTime:0.000399s ]
INFO: [ app_begin ] --END-- [ RunTime:0.000463s ]
SQL: SHOW COLUMNS FROM `tp_user_group` [ RunTime:0.0497s ]
SQL: SELECT * FROM `tp_user_group`  [ RunTime:0.0451s ]
INFO: [ view_parse ] --START--
INFO: [ template_filter ] --START--
INFO: Run Behavior\ContentReplaceBehavior [ RunTime:0.000051s ]
INFO: [ template_filter ] --END-- [ RunTime:0.000108s ]
NOTIC: [8] Array to string conversion D:\www\longchuanwenhua\App\Runtime\Cache\Admin\9df924d9a2d217daa77a359c5bee0c33.php 第 19 行.
INFO: Run Behavior\ParseTemplateBehavior [ RunTime:0.006487s ]
INFO: [ view_parse ] --END-- [ RunTime:0.006536s ]
INFO: [ view_filter ] --START--
INFO: Run Behavior\WriteHtmlCacheBehavior [ RunTime:0.000195s ]
INFO: [ view_filter ] --END-- [ RunTime:0.000237s ]
INFO: [ app_end ] --START--
INFO: Run Behavior\ShowPageTraceBehavior [ RunTime:0.000405s ]
INFO: [ app_end ] --END-- [ RunTime:0.000456s ]

[ 2016-09-15T16:57:29+08:00 ] ::1 /longchuanwenhua/index.php/admin/index/flash.html
INFO: [ app_init ] --START--
INFO: Run Behavior\BuildLiteBehavior [ RunTime:0.000021s ]
INFO: [ app_init ] --END-- [ RunTime:0.000552s ]
INFO: [ app_begin ] --START--
INFO: Run Behavior\ReadHtmlCacheBehavior [ RunTime:0.000647s ]
INFO: [ app_begin ] --END-- [ RunTime:0.000752s ]
SQL: SHOW COLUMNS FROM `tp_user_group` [ RunTime:0.0514s ]
SQL: SELECT * FROM `tp_user_group`  [ RunTime:0.0475s ]
SQL: SHOW COLUMNS FROM `tp_flash` [ RunTime:0.0499s ]
SQL: SELECT COUNT(*) AS tp_count FROM `tp_flash` LIMIT 1   [ RunTime:0.0473s ]
SQL: SELECT * FROM `tp_flash` LIMIT 0,20   [ RunTime:0.0478s ]
INFO: [ view_parse ] --START--
INFO: [ template_filter ] --START--
INFO: Run Behavior\ContentReplaceBehavior [ RunTime:0.000069s ]
INFO: [ template_filter ] --END-- [ RunTime:0.000134s ]
NOTIC: [8] Undefined variable: type D:\www\longchuanwenhua\App\Runtime\Cache\Admin\d9a1363b41819a08f613d513b674c4dc.php 第 43 行.
INFO: Run Behavior\ParseTemplateBehavior [ RunTime:0.023197s ]
INFO: [ view_parse ] --END-- [ RunTime:0.023260s ]
INFO: [ view_filter ] --START--
INFO: Run Behavior\WriteHtmlCacheBehavior [ RunTime:0.000291s ]
INFO: [ view_filter ] --END-- [ RunTime:0.000337s ]
INFO: [ app_end ] --START--
INFO: Run Behavior\ShowPageTraceBehavior [ RunTime:0.000440s ]
INFO: [ app_end ] --END-- [ RunTime:0.000486s ]

[ 2016-09-15T16:57:30+08:00 ] ::1 /longchuanwenhua/index.php/Admin/Index/index
INFO: [ app_init ] --START--
INFO: Run Behavior\BuildLiteBehavior [ RunTime:0.000021s ]
INFO: [ app_init ] --END-- [ RunTime:0.000500s ]
INFO: [ app_begin ] --START--
INFO: Run Behavior\ReadHtmlCacheBehavior [ RunTime:0.000428s ]
INFO: [ app_begin ] --END-- [ RunTime:0.000483s ]
SQL: SHOW COLUMNS FROM `tp_user_group` [ RunTime:0.0607s ]
SQL: SELECT * FROM `tp_user_group`  [ RunTime:0.0510s ]
INFO: [ view_parse ] --START--
INFO: [ template_filter ] --START--
INFO: Run Behavior\ContentReplaceBehavior [ RunTime:0.000051s ]
INFO: [ template_filter ] --END-- [ RunTime:0.000108s ]
NOTIC: [8] Array to string conversion D:\www\longchuanwenhua\App\Runtime\Cache\Admin\9df924d9a2d217daa77a359c5bee0c33.php 第 19 行.
INFO: Run Behavior\ParseTemplateBehavior [ RunTime:0.005430s ]
INFO: [ view_parse ] --END-- [ RunTime:0.005482s ]
INFO: [ view_filter ] --START--
INFO: Run Behavior\WriteHtmlCacheBehavior [ RunTime:0.000223s ]
INFO: [ view_filter ] --END-- [ RunTime:0.000269s ]
INFO: [ app_end ] --START--
INFO: Run Behavior\ShowPageTraceBehavior [ RunTime:0.000408s ]
INFO: [ app_end ] --END-- [ RunTime:0.000454s ]

[ 2016-09-15T16:57:31+08:00 ] ::1 /longchuanwenhua/index.php/admin/index/flash.html
INFO: [ app_init ] --START--
INFO: Run Behavior\BuildLiteBehavior [ RunTime:0.000017s ]
INFO: [ app_init ] --END-- [ RunTime:0.000483s ]
INFO: [ app_begin ] --START--
INFO: Run Behavior\ReadHtmlCacheBehavior [ RunTime:0.000505s ]
INFO: [ app_begin ] --END-- [ RunTime:0.000578s ]
SQL: SHOW COLUMNS FROM `tp_user_group` [ RunTime:0.0498s ]
SQL: SELECT * FROM `tp_user_group`  [ RunTime:0.0477s ]
SQL: SHOW COLUMNS FROM `tp_flash` [ RunTime:0.0504s ]
SQL: SELECT COUNT(*) AS tp_count FROM `tp_flash` LIMIT 1   [ RunTime:0.0468s ]
SQL: SELECT * FROM `tp_flash` LIMIT 0,20   [ RunTime:0.0506s ]
INFO: [ view_parse ] --START--
INFO: [ template_filter ] --START--
INFO: Run Behavior\ContentReplaceBehavior [ RunTime:0.000059s ]
INFO: [ template_filter ] --END-- [ RunTime:0.000121s ]
NOTIC: [8] Undefined variable: type D:\www\longchuanwenhua\App\Runtime\Cache\Admin\d9a1363b41819a08f613d513b674c4dc.php 第 43 行.
INFO: Run Behavior\ParseTemplateBehavior [ RunTime:0.007528s ]
INFO: [ view_parse ] --END-- [ RunTime:0.007600s ]
INFO: [ view_filter ] --START--
INFO: Run Behavior\WriteHtmlCacheBehavior [ RunTime:0.000213s ]
INFO: [ view_filter ] --END-- [ RunTime:0.000254s ]
INFO: [ app_end ] --START--
INFO: Run Behavior\ShowPageTraceBehavior [ RunTime:0.000415s ]
INFO: [ app_end ] --END-- [ RunTime:0.000462s ]

[ 2016-09-15T16:57:35+08:00 ] ::1 /longchuanwenhua/index.php/admin/member/member.html
INFO: [ app_init ] --START--
INFO: Run Behavior\BuildLiteBehavior [ RunTime:0.000016s ]
INFO: [ app_init ] --END-- [ RunTime:0.000411s ]
INFO: [ app_begin ] --START--
INFO: Run Behavior\ReadHtmlCacheBehavior [ RunTime:0.000646s ]
INFO: [ app_begin ] --END-- [ RunTime:0.000731s ]
SQL: SHOW COLUMNS FROM `tp_user_group` [ RunTime:0.0567s ]
SQL: SELECT * FROM `tp_user_group`  [ RunTime:0.0524s ]
INFO: [ app_end ] --START--
INFO: Run Behavior\ShowPageTraceBehavior [ RunTime:0.000617s ]
INFO: [ app_end ] --END-- [ RunTime:0.000673s ]

[ 2016-09-15T16:57:36+08:00 ] ::1 /longchuanwenhua/index.php/admin/member/member.html
INFO: [ app_init ] --START--
INFO: Run Behavior\BuildLiteBehavior [ RunTime:0.000016s ]
INFO: [ app_init ] --END-- [ RunTime:0.000361s ]
INFO: [ app_begin ] --START--
INFO: Run Behavior\ReadHtmlCacheBehavior [ RunTime:0.000455s ]
INFO: [ app_begin ] --END-- [ RunTime:0.000514s ]
SQL: SHOW COLUMNS FROM `tp_user_group` [ RunTime:0.0490s ]
SQL: SELECT * FROM `tp_user_group`  [ RunTime:0.0486s ]
INFO: [ app_end ] --START--
INFO: Run Behavior\ShowPageTraceBehavior [ RunTime:0.000589s ]
INFO: [ app_end ] --END-- [ RunTime:0.000643s ]

[ 2016-09-15T16:58:19+08:00 ] ::1 /longchuanwenhua/index.php/admin/member/member.html
INFO: [ app_init ] --START--
INFO: Run Behavior\BuildLiteBehavior [ RunTime:0.000015s ]
INFO: [ app_init ] --END-- [ RunTime:0.000409s ]
INFO: [ app_begin ] --START--
INFO: Run Behavior\ReadHtmlCacheBehavior [ RunTime:0.000476s ]
INFO: [ app_begin ] --END-- [ RunTime:0.000533s ]
SQL: SHOW COLUMNS FROM `tp_user_group` [ RunTime:0.0492s ]
SQL: SELECT * FROM `tp_user_group`  [ RunTime:0.0475s ]
INFO: [ app_end ] --START--
INFO: Run Behavior\ShowPageTraceBehavior [ RunTime:0.000566s ]
INFO: [ app_end ] --END-- [ RunTime:0.000618s ]

[ 2016-09-15T16:58:22+08:00 ] ::1 /longchuanwenhua/index.php/admin/member/member.html
INFO: [ app_init ] --START--
INFO: Run Behavior\BuildLiteBehavior [ RunTime:0.000014s ]
INFO: [ app_init ] --END-- [ RunTime:0.000335s ]
INFO: [ app_begin ] --START--
INFO: Run Behavior\ReadHtmlCacheBehavior [ RunTime:0.000415s ]
INFO: [ app_begin ] --END-- [ RunTime:0.000472s ]
SQL: SHOW COLUMNS FROM `tp_user_group` [ RunTime:0.0515s ]
SQL: SELECT * FROM `tp_user_group`  [ RunTime:0.0484s ]
INFO: [ app_end ] --START--
INFO: Run Behavior\ShowPageTraceBehavior [ RunTime:0.000566s ]
INFO: [ app_end ] --END-- [ RunTime:0.000617s ]

[ 2016-09-15T16:59:33+08:00 ] ::1 /longchuanwenhua/index.php/admin/member/member.html
INFO: [ app_init ] --START--
INFO: Run Behavior\BuildLiteBehavior [ RunTime:0.000014s ]
INFO: [ app_init ] --END-- [ RunTime:0.000342s ]
INFO: [ app_begin ] --START--
INFO: Run Behavior\ReadHtmlCacheBehavior [ RunTime:0.000414s ]
INFO: [ app_begin ] --END-- [ RunTime:0.000469s ]
SQL: SHOW COLUMNS FROM `tp_user_group` [ RunTime:0.0508s ]
SQL: SELECT * FROM `tp_user_group`  [ RunTime:0.0478s ]

[ 2016-09-15T16:59:56+08:00 ] ::1 /longchuanwenhua/index.php/admin/member/member.html
INFO: [ app_init ] --START--
INFO: Run Behavior\BuildLiteBehavior [ RunTime:0.000013s ]
INFO: [ app_init ] --END-- [ RunTime:0.000338s ]
INFO: [ app_begin ] --START--
INFO: Run Behavior\ReadHtmlCacheBehavior [ RunTime:0.000413s ]
INFO: [ app_begin ] --END-- [ RunTime:0.000467s ]
SQL: SHOW COLUMNS FROM `tp_user_group` [ RunTime:0.0499s ]
SQL: SELECT * FROM `tp_user_group`  [ RunTime:0.0492s ]
INFO: [ app_end ] --START--
INFO: Run Behavior\ShowPageTraceBehavior [ RunTime:0.000678s ]
INFO: [ app_end ] --END-- [ RunTime:0.000756s ]

[ 2016-09-15T17:00:32+08:00 ] ::1 /longchuanwenhua/index.php/admin/member/member.html
INFO: [ app_init ] --START--
INFO: Run Behavior\BuildLiteBehavior [ RunTime:0.000015s ]
INFO: [ app_init ] --END-- [ RunTime:0.000390s ]
INFO: [ app_begin ] --START--
INFO: Run Behavior\ReadHtmlCacheBehavior [ RunTime:0.000473s ]
INFO: [ app_begin ] --END-- [ RunTime:0.000529s ]
SQL: SHOW COLUMNS FROM `tp_user_group` [ RunTime:0.0549s ]
SQL: SELECT * FROM `tp_user_group`  [ RunTime:0.0519s ]
INFO: [ app_end ] --START--
INFO: Run Behavior\ShowPageTraceBehavior [ RunTime:0.000570s ]
INFO: [ app_end ] --END-- [ RunTime:0.000623s ]

[ 2016-09-15T17:00:33+08:00 ] ::1 /longchuanwenhua/index.php/admin/member/member.html
INFO: [ app_init ] --START--
INFO: Run Behavior\BuildLiteBehavior [ RunTime:0.000014s ]
INFO: [ app_init ] --END-- [ RunTime:0.000334s ]
INFO: [ app_begin ] --START--
INFO: Run Behavior\ReadHtmlCacheBehavior [ RunTime:0.000407s ]
INFO: [ app_begin ] --END-- [ RunTime:0.000460s ]
SQL: SHOW COLUMNS FROM `tp_user_group` [ RunTime:0.0522s ]
SQL: SELECT * FROM `tp_user_group`  [ RunTime:0.0489s ]
INFO: [ app_end ] --START--
INFO: Run Behavior\ShowPageTraceBehavior [ RunTime:0.000549s ]
INFO: [ app_end ] --END-- [ RunTime:0.000601s ]

[ 2016-09-15T17:00:39+08:00 ] ::1 /longchuanwenhua/index.php/Admin/Index/index
INFO: [ app_init ] --START--
INFO: Run Behavior\BuildLiteBehavior [ RunTime:0.000013s ]
INFO: [ app_init ] --END-- [ RunTime:0.000337s ]
INFO: [ app_begin ] --START--
INFO: Run Behavior\ReadHtmlCacheBehavior [ RunTime:0.000549s ]
INFO: [ app_begin ] --END-- [ RunTime:0.000623s ]
SQL: SHOW COLUMNS FROM `tp_user_group` [ RunTime:0.0516s ]
SQL: SELECT * FROM `tp_user_group`  [ RunTime:0.0482s ]
INFO: [ view_parse ] --START--
INFO: [ template_filter ] --START--
INFO: Run Behavior\ContentReplaceBehavior [ RunTime:0.000059s ]
INFO: [ template_filter ] --END-- [ RunTime:0.000122s ]
NOTIC: [8] Array to string conversion D:\www\longchuanwenhua\App\Runtime\Cache\Admin\9df924d9a2d217daa77a359c5bee0c33.php 第 19 行.
INFO: Run Behavior\ParseTemplateBehavior [ RunTime:0.007449s ]
INFO: [ view_parse ] --END-- [ RunTime:0.007520s ]
INFO: [ view_filter ] --START--
INFO: Run Behavior\WriteHtmlCacheBehavior [ RunTime:0.000252s ]
INFO: [ view_filter ] --END-- [ RunTime:0.000294s ]
INFO: [ app_end ] --START--
INFO: Run Behavior\ShowPageTraceBehavior [ RunTime:0.000415s ]
INFO: [ app_end ] --END-- [ RunTime:0.000475s ]

[ 2016-09-15T17:00:40+08:00 ] ::1 /longchuanwenhua/index.php/admin/index/flash.html
INFO: [ app_init ] --START--
INFO: Run Behavior\BuildLiteBehavior [ RunTime:0.000028s ]
INFO: [ app_init ] --END-- [ RunTime:0.000922s ]
INFO: [ app_begin ] --START--
INFO: Run Behavior\ReadHtmlCacheBehavior [ RunTime:0.000509s ]
INFO: [ app_begin ] --END-- [ RunTime:0.000577s ]
SQL: SHOW COLUMNS FROM `tp_user_group` [ RunTime:0.0512s ]
SQL: SELECT * FROM `tp_user_group`  [ RunTime:0.0487s ]
SQL: SHOW COLUMNS FROM `tp_flash` [ RunTime:0.0515s ]
SQL: SELECT COUNT(*) AS tp_count FROM `tp_flash` LIMIT 1   [ RunTime:0.0485s ]
SQL: SELECT * FROM `tp_flash` LIMIT 0,20   [ RunTime:0.0487s ]
INFO: [ view_parse ] --START--
INFO: [ template_filter ] --START--
INFO: Run Behavior\ContentReplaceBehavior [ RunTime:0.000057s ]
INFO: [ template_filter ] --END-- [ RunTime:0.000120s ]
NOTIC: [8] Undefined variable: type D:\www\longchuanwenhua\App\Runtime\Cache\Admin\d9a1363b41819a08f613d513b674c4dc.php 第 43 行.
INFO: Run Behavior\ParseTemplateBehavior [ RunTime:0.007295s ]
INFO: [ view_parse ] --END-- [ RunTime:0.007394s ]
INFO: [ view_filter ] --START--
INFO: Run Behavior\WriteHtmlCacheBehavior [ RunTime:0.000221s ]
INFO: [ view_filter ] --END-- [ RunTime:0.000264s ]
INFO: [ app_end ] --START--
INFO: Run Behavior\ShowPageTraceBehavior [ RunTime:0.000420s ]
INFO: [ app_end ] --END-- [ RunTime:0.000465s ]

[ 2016-09-15T17:00:41+08:00 ] ::1 /longchuanwenhua/index.php/admin/member/list.html
INFO: [ app_init ] --START--
INFO: Run Behavior\BuildLiteBehavior [ RunTime:0.000013s ]
INFO: [ app_init ] --END-- [ RunTime:0.000344s ]
INFO: [ app_begin ] --START--
INFO: Run Behavior\ReadHtmlCacheBehavior [ RunTime:0.000416s ]
INFO: [ app_begin ] --END-- [ RunTime:0.000469s ]
SQL: SHOW COLUMNS FROM `tp_user_group` [ RunTime:0.0634s ]
SQL: SELECT * FROM `tp_user_group`  [ RunTime:0.0637s ]
INFO: [ app_end ] --START--
INFO: Run Behavior\ShowPageTraceBehavior [ RunTime:0.000800s ]
INFO: [ app_end ] --END-- [ RunTime:0.000907s ]

[ 2016-09-15T17:00:42+08:00 ] ::1 /longchuanwenhua/index.php/admin/member/list.html
INFO: [ app_init ] --START--
INFO: Run Behavior\BuildLiteBehavior [ RunTime:0.000015s ]
INFO: [ app_init ] --END-- [ RunTime:0.000347s ]
INFO: [ app_begin ] --START--
INFO: Run Behavior\ReadHtmlCacheBehavior [ RunTime:0.000813s ]
INFO: [ app_begin ] --END-- [ RunTime:0.000959s ]
SQL: SHOW COLUMNS FROM `tp_user_group` [ RunTime:0.0473s ]
SQL: SELECT * FROM `tp_user_group`  [ RunTime:0.0447s ]
INFO: [ app_end ] --START--
INFO: Run Behavior\ShowPageTraceBehavior [ RunTime:0.000551s ]
INFO: [ app_end ] --END-- [ RunTime:0.000602s ]

[ 2016-09-15T17:00:51+08:00 ] ::1 /longchuanwenhua/index.php/admin/index/flash.html
INFO: [ app_init ] --START--
INFO: Run Behavior\BuildLiteBehavior [ RunTime:0.000022s ]
INFO: [ app_init ] --END-- [ RunTime:0.000707s ]
INFO: [ app_begin ] --START--
INFO: Run Behavior\ReadHtmlCacheBehavior [ RunTime:0.000559s ]
INFO: [ app_begin ] --END-- [ RunTime:0.000633s ]
SQL: SHOW COLUMNS FROM `tp_user_group` [ RunTime:0.5195s ]
SQL: SELECT * FROM `tp_user_group`  [ RunTime:0.0496s ]
SQL: SHOW COLUMNS FROM `tp_flash` [ RunTime:0.0526s ]
SQL: SELECT COUNT(*) AS tp_count FROM `tp_flash` LIMIT 1   [ RunTime:0.0500s ]
SQL: SELECT * FROM `tp_flash` LIMIT 0,20   [ RunTime:0.0500s ]
INFO: [ view_parse ] --START--
INFO: [ template_filter ] --START--
INFO: Run Behavior\ContentReplaceBehavior [ RunTime:0.000072s ]
INFO: [ template_filter ] --END-- [ RunTime:0.000136s ]
NOTIC: [8] Undefined variable: type D:\www\longchuanwenhua\App\Runtime\Cache\Admin\d9a1363b41819a08f613d513b674c4dc.php 第 43 行.
INFO: Run Behavior\ParseTemplateBehavior [ RunTime:0.007926s ]
INFO: [ view_parse ] --END-- [ RunTime:0.007977s ]
INFO: [ view_filter ] --START--
INFO: Run Behavior\WriteHtmlCacheBehavior [ RunTime:0.000214s ]
INFO: [ view_filter ] --END-- [ RunTime:0.000256s ]
INFO: [ app_end ] --START--
INFO: Run Behavior\ShowPageTraceBehavior [ RunTime:0.000423s ]
INFO: [ app_end ] --END-- [ RunTime:0.000468s ]

[ 2016-09-15T17:00:53+08:00 ] ::1 /longchuanwenhua/index.php/admin/power/user.html
INFO: [ app_init ] --START--
INFO: Run Behavior\BuildLiteBehavior [ RunTime:0.000023s ]
INFO: [ app_init ] --END-- [ RunTime:0.000794s ]
INFO: [ app_begin ] --START--
INFO: Run Behavior\ReadHtmlCacheBehavior [ RunTime:0.000691s ]
INFO: [ app_begin ] --END-- [ RunTime:0.000784s ]
SQL: SHOW COLUMNS FROM `tp_user_group` [ RunTime:0.0517s ]
SQL: SELECT * FROM `tp_user_group`  [ RunTime:0.0494s ]
NOTIC: [8] Undefined index: id D:\www\longchuanwenhua\App\Admin\Controller\PowerController.class.php 第 30 行.
SQL: SHOW COLUMNS FROM `tp_user` [ RunTime:0.0531s ]
SQL: SELECT COUNT(*) AS tp_count FROM `tp_user` LIMIT 1   [ RunTime:0.0494s ]
SQL: SELECT tp_user.*,tp_user_group.title FROM `tp_user` left JOIN tp_user_group on tp_user_group.id = tp_user.group_id  LIMIT 0,20   [ RunTime:0.0499s ]
INFO: [ view_parse ] --START--
INFO: [ template_filter ] --START--
INFO: Run Behavior\ContentReplaceBehavior [ RunTime:0.000059s ]
INFO: [ template_filter ] --END-- [ RunTime:0.000116s ]
NOTIC: [8] Undefined variable: type D:\www\longchuanwenhua\App\Runtime\Cache\Admin\a2a7a4406b9d8e0ee72cdd04638f3b3b.php 第 89 行.
INFO: Run Behavior\ParseTemplateBehavior [ RunTime:0.014437s ]
INFO: [ view_parse ] --END-- [ RunTime:0.014491s ]
INFO: [ view_filter ] --START--
INFO: Run Behavior\WriteHtmlCacheBehavior [ RunTime:0.000247s ]
INFO: [ view_filter ] --END-- [ RunTime:0.000291s ]
INFO: [ app_end ] --START--
INFO: Run Behavior\ShowPageTraceBehavior [ RunTime:0.000458s ]
INFO: [ app_end ] --END-- [ RunTime:0.000517s ]

[ 2016-09-15T17:02:06+08:00 ] ::1 /longchuanwenhua/index.php/admin/member/list.html
INFO: [ app_init ] --START--
INFO: Run Behavior\BuildLiteBehavior [ RunTime:0.000015s ]
INFO: [ app_init ] --END-- [ RunTime:0.000435s ]
INFO: [ app_begin ] --START--
INFO: Run Behavior\ReadHtmlCacheBehavior [ RunTime:0.000554s ]
INFO: [ app_begin ] --END-- [ RunTime:0.000622s ]
SQL: SHOW COLUMNS FROM `tp_user_group` [ RunTime:0.0489s ]
SQL: SELECT * FROM `tp_user_group`  [ RunTime:0.0452s ]
INFO: [ view_parse ] --START--
INFO: [ template_filter ] --START--
INFO: Run Behavior\ContentReplaceBehavior [ RunTime:0.000058s ]
INFO: [ template_filter ] --END-- [ RunTime:0.000114s ]
NOTIC: [8] Undefined variable: list D:\www\longchuanwenhua\App\Runtime\Cache\Admin\18bc80a3a1335b3d6f94bb81c17b9385.php 第 71 行.
NOTIC: [8] Undefined variable: show D:\www\longchuanwenhua\App\Runtime\Cache\Admin\18bc80a3a1335b3d6f94bb81c17b9385.php 第 86 行.
NOTIC: [8] Undefined variable: show D:\www\longchuanwenhua\App\Runtime\Cache\Admin\18bc80a3a1335b3d6f94bb81c17b9385.php 第 87 行.
NOTIC: [8] Undefined variable: type D:\www\longchuanwenhua\App\Runtime\Cache\Admin\18bc80a3a1335b3d6f94bb81c17b9385.php 第 89 行.
INFO: Run Behavior\ParseTemplateBehavior [ RunTime:0.007476s ]
INFO: [ view_parse ] --END-- [ RunTime:0.007547s ]
INFO: [ view_filter ] --START--
INFO: Run Behavior\WriteHtmlCacheBehavior [ RunTime:0.000232s ]
INFO: [ view_filter ] --END-- [ RunTime:0.000279s ]
INFO: [ app_end ] --START--
INFO: Run Behavior\ShowPageTraceBehavior [ RunTime:0.000516s ]
INFO: [ app_end ] --END-- [ RunTime:0.000567s ]

[ 2016-09-15T17:03:59+08:00 ] ::1 /longchuanwenhua/index.php/Admin/Index/index
INFO: [ app_init ] --START--
INFO: Run Behavior\BuildLiteBehavior [ RunTime:0.000013s ]
INFO: [ app_init ] --END-- [ RunTime:0.000406s ]
INFO: [ app_begin ] --START--
INFO: Run Behavior\ReadHtmlCacheBehavior [ RunTime:0.000583s ]
INFO: [ app_begin ] --END-- [ RunTime:0.000651s ]
SQL: SHOW COLUMNS FROM `tp_user_group` [ RunTime:0.0465s ]
SQL: SELECT * FROM `tp_user_group`  [ RunTime:0.0442s ]
INFO: [ view_parse ] --START--
INFO: [ template_filter ] --START--
INFO: Run Behavior\ContentReplaceBehavior [ RunTime:0.000053s ]
INFO: [ template_filter ] --END-- [ RunTime:0.000110s ]
NOTIC: [8] Array to string conversion D:\www\longchuanwenhua\App\Runtime\Cache\Admin\9df924d9a2d217daa77a359c5bee0c33.php 第 19 行.
INFO: Run Behavior\ParseTemplateBehavior [ RunTime:0.016293s ]
INFO: [ view_parse ] --END-- [ RunTime:0.016343s ]
INFO: [ view_filter ] --START--
INFO: Run Behavior\WriteHtmlCacheBehavior [ RunTime:0.000272s ]
INFO: [ view_filter ] --END-- [ RunTime:0.000315s ]
INFO: [ app_end ] --START--
INFO: Run Behavior\ShowPageTraceBehavior [ RunTime:0.000480s ]
INFO: [ app_end ] --END-- [ RunTime:0.000528s ]

[ 2016-09-15T17:04:00+08:00 ] ::1 /longchuanwenhua/index.php/admin/index/flash.html
INFO: [ app_init ] --START--
INFO: Run Behavior\BuildLiteBehavior [ RunTime:0.000020s ]
INFO: [ app_init ] --END-- [ RunTime:0.000528s ]
INFO: [ app_begin ] --START--
INFO: Run Behavior\ReadHtmlCacheBehavior [ RunTime:0.000624s ]
INFO: [ app_begin ] --END-- [ RunTime:0.000706s ]
SQL: SHOW COLUMNS FROM `tp_user_group` [ RunTime:0.0492s ]
SQL: SELECT * FROM `tp_user_group`  [ RunTime:0.0465s ]
SQL: SHOW COLUMNS FROM `tp_flash` [ RunTime:0.0496s ]
SQL: SELECT COUNT(*) AS tp_count FROM `tp_flash` LIMIT 1   [ RunTime:0.0466s ]
SQL: SELECT * FROM `tp_flash` LIMIT 0,20   [ RunTime:0.0472s ]
INFO: [ view_parse ] --START--
INFO: [ template_filter ] --START--
INFO: Run Behavior\ContentReplaceBehavior [ RunTime:0.000059s ]
INFO: [ template_filter ] --END-- [ RunTime:0.000126s ]
NOTIC: [8] Undefined variable: type D:\www\longchuanwenhua\App\Runtime\Cache\Admin\d9a1363b41819a08f613d513b674c4dc.php 第 43 行.
INFO: Run Behavior\ParseTemplateBehavior [ RunTime:0.006931s ]
INFO: [ view_parse ] --END-- [ RunTime:0.007008s ]
INFO: [ view_filter ] --START--
INFO: Run Behavior\WriteHtmlCacheBehavior [ RunTime:0.000204s ]
INFO: [ view_filter ] --END-- [ RunTime:0.000246s ]
INFO: [ app_end ] --START--
INFO: Run Behavior\ShowPageTraceBehavior [ RunTime:0.000425s ]
INFO: [ app_end ] --END-- [ RunTime:0.000469s ]

[ 2016-09-15T17:04:01+08:00 ] ::1 /longchuanwenhua/index.php/admin/member/list.html
INFO: [ app_init ] --START--
INFO: Run Behavior\BuildLiteBehavior [ RunTime:0.000014s ]
INFO: [ app_init ] --END-- [ RunTime:0.000338s ]
INFO: [ app_begin ] --START--
INFO: Run Behavior\ReadHtmlCacheBehavior [ RunTime:0.000462s ]
INFO: [ app_begin ] --END-- [ RunTime:0.000521s ]
SQL: SHOW COLUMNS FROM `tp_user_group` [ RunTime:0.0611s ]
SQL: SELECT * FROM `tp_user_group`  [ RunTime:0.0504s ]
NOTIC: [8] Undefined index: id D:\www\longchuanwenhua\App\Admin\Controller\MemberController.class.php 第 11 行.
SQL: SHOW COLUMNS FROM `tp_member` [ RunTime:0.0592s ]
SQL: SELECT COUNT(*) AS tp_count FROM `tp_member` LIMIT 1   [ RunTime:0.0500s ]
SQL: SELECT * FROM `tp_member` LIMIT 0,20   [ RunTime:0.0506s ]
INFO: [ view_parse ] --START--
INFO: [ template_filter ] --START--
INFO: Run Behavior\ContentReplaceBehavior [ RunTime:0.000058s ]
INFO: [ template_filter ] --END-- [ RunTime:0.000115s ]
NOTIC: [8] Undefined index: title D:\www\longchuanwenhua\App\Runtime\Cache\Admin\18bc80a3a1335b3d6f94bb81c17b9385.php 第 73 行.
NOTIC: [8] Undefined variable: type D:\www\longchuanwenhua\App\Runtime\Cache\Admin\18bc80a3a1335b3d6f94bb81c17b9385.php 第 89 行.
INFO: Run Behavior\ParseTemplateBehavior [ RunTime:0.007441s ]
INFO: [ view_parse ] --END-- [ RunTime:0.007503s ]
INFO: [ view_filter ] --START--
INFO: Run Behavior\WriteHtmlCacheBehavior [ RunTime:0.000221s ]
INFO: [ view_filter ] --END-- [ RunTime:0.000263s ]
INFO: [ app_end ] --START--
INFO: Run Behavior\ShowPageTraceBehavior [ RunTime:0.000419s ]
INFO: [ app_end ] --END-- [ RunTime:0.000465s ]

[ 2016-09-15T17:04:02+08:00 ] ::1 /longchuanwenhua/index.php/admin/power/user.html
INFO: [ app_init ] --START--
INFO: Run Behavior\BuildLiteBehavior [ RunTime:0.000015s ]
INFO: [ app_init ] --END-- [ RunTime:0.000471s ]
INFO: [ app_begin ] --START--
INFO: Run Behavior\ReadHtmlCacheBehavior [ RunTime:0.000590s ]
INFO: [ app_begin ] --END-- [ RunTime:0.000653s ]
SQL: SHOW COLUMNS FROM `tp_user_group` [ RunTime:0.0528s ]
SQL: SELECT * FROM `tp_user_group`  [ RunTime:0.0506s ]
NOTIC: [8] Undefined index: id D:\www\longchuanwenhua\App\Admin\Controller\PowerController.class.php 第 30 行.
SQL: SHOW COLUMNS FROM `tp_user` [ RunTime:0.0532s ]
SQL: SELECT COUNT(*) AS tp_count FROM `tp_user` LIMIT 1   [ RunTime:0.0509s ]
SQL: SELECT tp_user.*,tp_user_group.title FROM `tp_user` left JOIN tp_user_group on tp_user_group.id = tp_user.group_id  LIMIT 0,20   [ RunTime:0.0511s ]
INFO: [ view_parse ] --START--
INFO: [ template_filter ] --START--
INFO: Run Behavior\ContentReplaceBehavior [ RunTime:0.000072s ]
INFO: [ template_filter ] --END-- [ RunTime:0.000149s ]
NOTIC: [8] Undefined variable: type D:\www\longchuanwenhua\App\Runtime\Cache\Admin\a2a7a4406b9d8e0ee72cdd04638f3b3b.php 第 89 行.
INFO: Run Behavior\ParseTemplateBehavior [ RunTime:0.017374s ]
INFO: [ view_parse ] --END-- [ RunTime:0.017432s ]
INFO: [ view_filter ] --START--
INFO: Run Behavior\WriteHtmlCacheBehavior [ RunTime:0.000305s ]
INFO: [ view_filter ] --END-- [ RunTime:0.000349s ]
INFO: [ app_end ] --START--
INFO: Run Behavior\ShowPageTraceBehavior [ RunTime:0.000476s ]
INFO: [ app_end ] --END-- [ RunTime:0.000525s ]

[ 2016-09-15T17:04:03+08:00 ] ::1 /longchuanwenhua/index.php/admin/member/list.html
INFO: [ app_init ] --START--
INFO: Run Behavior\BuildLiteBehavior [ RunTime:0.000014s ]
INFO: [ app_init ] --END-- [ RunTime:0.000439s ]
INFO: [ app_begin ] --START--
INFO: Run Behavior\ReadHtmlCacheBehavior [ RunTime:0.000419s ]
INFO: [ app_begin ] --END-- [ RunTime:0.000479s ]
SQL: SHOW COLUMNS FROM `tp_user_group` [ RunTime:0.1646s ]
SQL: SELECT * FROM `tp_user_group`  [ RunTime:0.0514s ]
NOTIC: [8] Undefined index: id D:\www\longchuanwenhua\App\Admin\Controller\MemberController.class.php 第 11 行.
SQL: SHOW COLUMNS FROM `tp_member` [ RunTime:0.0544s ]
SQL: SELECT COUNT(*) AS tp_count FROM `tp_member` LIMIT 1   [ RunTime:0.0520s ]
SQL: SELECT * FROM `tp_member` LIMIT 0,20   [ RunTime:0.0527s ]
INFO: [ view_parse ] --START--
INFO: [ template_filter ] --START--
INFO: Run Behavior\ContentReplaceBehavior [ RunTime:0.000058s ]
INFO: [ template_filter ] --END-- [ RunTime:0.000118s ]
NOTIC: [8] Undefined index: title D:\www\longchuanwenhua\App\Runtime\Cache\Admin\18bc80a3a1335b3d6f94bb81c17b9385.php 第 73 行.
NOTIC: [8] Undefined variable: type D:\www\longchuanwenhua\App\Runtime\Cache\Admin\18bc80a3a1335b3d6f94bb81c17b9385.php 第 89 行.
INFO: Run Behavior\ParseTemplateBehavior [ RunTime:0.007142s ]
INFO: [ view_parse ] --END-- [ RunTime:0.007197s ]
INFO: [ view_filter ] --START--
INFO: Run Behavior\WriteHtmlCacheBehavior [ RunTime:0.000216s ]
INFO: [ view_filter ] --END-- [ RunTime:0.000257s ]
INFO: [ app_end ] --START--
INFO: Run Behavior\ShowPageTraceBehavior [ RunTime:0.000426s ]
INFO: [ app_end ] --END-- [ RunTime:0.000472s ]

[ 2016-09-15T17:09:33+08:00 ] ::1 /longchuanwenhua/index.php/Admin/Index/index
INFO: [ app_init ] --START--
INFO: Run Behavior\BuildLiteBehavior [ RunTime:0.000014s ]
INFO: [ app_init ] --END-- [ RunTime:0.000477s ]
INFO: [ app_begin ] --START--
INFO: Run Behavior\ReadHtmlCacheBehavior [ RunTime:0.000477s ]
INFO: [ app_begin ] --END-- [ RunTime:0.000533s ]
SQL: SHOW COLUMNS FROM `tp_user_group` [ RunTime:0.0511s ]
SQL: SELECT * FROM `tp_user_group`  [ RunTime:0.0472s ]
INFO: [ view_parse ] --START--
INFO: [ template_filter ] --START--
INFO: Run Behavior\ContentReplaceBehavior [ RunTime:0.000051s ]
INFO: [ template_filter ] --END-- [ RunTime:0.000106s ]
NOTIC: [8] Array to string conversion D:\www\longchuanwenhua\App\Runtime\Cache\Admin\9df924d9a2d217daa77a359c5bee0c33.php 第 19 行.
INFO: Run Behavior\ParseTemplateBehavior [ RunTime:0.005891s ]
INFO: [ view_parse ] --END-- [ RunTime:0.005941s ]
INFO: [ view_filter ] --START--
INFO: Run Behavior\WriteHtmlCacheBehavior [ RunTime:0.000270s ]
INFO: [ view_filter ] --END-- [ RunTime:0.000314s ]
INFO: [ app_end ] --START--
INFO: Run Behavior\ShowPageTraceBehavior [ RunTime:0.000472s ]
INFO: [ app_end ] --END-- [ RunTime:0.000519s ]

[ 2016-09-15T17:09:34+08:00 ] ::1 /longchuanwenhua/index.php/admin/index/flash.html
INFO: [ app_init ] --START--
INFO: Run Behavior\BuildLiteBehavior [ RunTime:0.000017s ]
INFO: [ app_init ] --END-- [ RunTime:0.000378s ]
INFO: [ app_begin ] --START--
INFO: Run Behavior\ReadHtmlCacheBehavior [ RunTime:0.000460s ]
INFO: [ app_begin ] --END-- [ RunTime:0.000536s ]
SQL: SHOW COLUMNS FROM `tp_user_group` [ RunTime:0.0511s ]
SQL: SELECT * FROM `tp_user_group`  [ RunTime:0.0496s ]
SQL: SHOW COLUMNS FROM `tp_flash` [ RunTime:0.0531s ]
SQL: SELECT COUNT(*) AS tp_count FROM `tp_flash` LIMIT 1   [ RunTime:0.0485s ]
SQL: SELECT * FROM `tp_flash` LIMIT 0,20   [ RunTime:0.0485s ]
INFO: [ view_parse ] --START--
INFO: [ template_filter ] --START--
INFO: Run Behavior\ContentReplaceBehavior [ RunTime:0.000056s ]
INFO: [ template_filter ] --END-- [ RunTime:0.000112s ]
NOTIC: [8] Undefined variable: type D:\www\longchuanwenhua\App\Runtime\Cache\Admin\d9a1363b41819a08f613d513b674c4dc.php 第 43 行.
INFO: Run Behavior\ParseTemplateBehavior [ RunTime:0.007188s ]
INFO: [ view_parse ] --END-- [ RunTime:0.007253s ]
INFO: [ view_filter ] --START--
INFO: Run Behavior\WriteHtmlCacheBehavior [ RunTime:0.000226s ]
INFO: [ view_filter ] --END-- [ RunTime:0.000267s ]
INFO: [ app_end ] --START--
INFO: Run Behavior\ShowPageTraceBehavior [ RunTime:0.000421s ]
INFO: [ app_end ] --END-- [ RunTime:0.000465s ]

[ 2016-09-15T17:09:35+08:00 ] ::1 /longchuanwenhua/index.php/admin/power/user.html
INFO: [ app_init ] --START--
INFO: Run Behavior\BuildLiteBehavior [ RunTime:0.000016s ]
INFO: [ app_init ] --END-- [ RunTime:0.000433s ]
INFO: [ app_begin ] --START--
INFO: Run Behavior\ReadHtmlCacheBehavior [ RunTime:0.000831s ]
INFO: [ app_begin ] --END-- [ RunTime:0.000952s ]
SQL: SHOW COLUMNS FROM `tp_user_group` [ RunTime:0.0977s ]
SQL: SELECT * FROM `tp_user_group`  [ RunTime:0.0486s ]
NOTIC: [8] Undefined index: id D:\www\longchuanwenhua\App\Admin\Controller\PowerController.class.php 第 30 行.
SQL: SHOW COLUMNS FROM `tp_user` [ RunTime:0.0505s ]
SQL: SELECT COUNT(*) AS tp_count FROM `tp_user` LIMIT 1   [ RunTime:0.0476s ]
SQL: SELECT tp_user.*,tp_user_group.title FROM `tp_user` left JOIN tp_user_group on tp_user_group.id = tp_user.group_id  LIMIT 0,20   [ RunTime:0.0480s ]
INFO: [ view_parse ] --START--
INFO: [ template_filter ] --START--
INFO: Run Behavior\ContentReplaceBehavior [ RunTime:0.000061s ]
INFO: [ template_filter ] --END-- [ RunTime:0.000122s ]
NOTIC: [8] Undefined variable: type D:\www\longchuanwenhua\App\Runtime\Cache\Admin\a2a7a4406b9d8e0ee72cdd04638f3b3b.php 第 89 行.
INFO: Run Behavior\ParseTemplateBehavior [ RunTime:0.007680s ]
INFO: [ view_parse ] --END-- [ RunTime:0.007733s ]
INFO: [ view_filter ] --START--
INFO: Run Behavior\WriteHtmlCacheBehavior [ RunTime:0.000278s ]
INFO: [ view_filter ] --END-- [ RunTime:0.000326s ]
INFO: [ app_end ] --START--
INFO: Run Behavior\ShowPageTraceBehavior [ RunTime:0.000525s ]
INFO: [ app_end ] --END-- [ RunTime:0.000579s ]

[ 2016-09-15T17:09:37+08:00 ] ::1 /longchuanwenhua/index.php/admin/member/list.html
INFO: [ app_init ] --START--
INFO: Run Behavior\BuildLiteBehavior [ RunTime:0.000013s ]
INFO: [ app_init ] --END-- [ RunTime:0.000334s ]
INFO: [ app_begin ] --START--
INFO: Run Behavior\ReadHtmlCacheBehavior [ RunTime:0.000409s ]
INFO: [ app_begin ] --END-- [ RunTime:0.000462s ]
SQL: SHOW COLUMNS FROM `tp_user_group` [ RunTime:0.0631s ]
SQL: SELECT * FROM `tp_user_group`  [ RunTime:0.0606s ]
NOTIC: [8] Undefined index: id D:\www\longchuanwenhua\App\Admin\Controller\MemberController.class.php 第 11 行.
SQL: SHOW COLUMNS FROM `tp_member` [ RunTime:0.0634s ]
SQL: SELECT COUNT(*) AS tp_count FROM `tp_member` LIMIT 1   [ RunTime:0.0621s ]
SQL: SELECT * FROM `tp_member` LIMIT 0,20   [ RunTime:0.0617s ]
INFO: [ view_parse ] --START--
INFO: [ template_filter ] --START--
INFO: Run Behavior\ContentReplaceBehavior [ RunTime:0.000060s ]
INFO: [ template_filter ] --END-- [ RunTime:0.000121s ]
NOTIC: [8] Undefined index: idCard D:\www\longchuanwenhua\App\Runtime\Cache\Admin\18bc80a3a1335b3d6f94bb81c17b9385.php 第 78 行.
NOTIC: [8] Undefined variable: type D:\www\longchuanwenhua\App\Runtime\Cache\Admin\18bc80a3a1335b3d6f94bb81c17b9385.php 第 95 行.
INFO: Run Behavior\ParseTemplateBehavior [ RunTime:0.008294s ]
INFO: [ view_parse ] --END-- [ RunTime:0.008366s ]
INFO: [ view_filter ] --START--
INFO: Run Behavior\WriteHtmlCacheBehavior [ RunTime:0.000221s ]
INFO: [ view_filter ] --END-- [ RunTime:0.000263s ]
INFO: [ app_end ] --START--
INFO: Run Behavior\ShowPageTraceBehavior [ RunTime:0.000413s ]
INFO: [ app_end ] --END-- [ RunTime:0.000457s ]

[ 2016-09-15T17:10:01+08:00 ] ::1 /longchuanwenhua/index.php/admin/member/list.html
INFO: [ app_init ] --START--
INFO: Run Behavior\BuildLiteBehavior [ RunTime:0.000014s ]
INFO: [ app_init ] --END-- [ RunTime:0.000328s ]
INFO: [ app_begin ] --START--
INFO: Run Behavior\ReadHtmlCacheBehavior [ RunTime:0.000451s ]
INFO: [ app_begin ] --END-- [ RunTime:0.000513s ]
SQL: SHOW COLUMNS FROM `tp_user_group` [ RunTime:0.0465s ]
SQL: SELECT * FROM `tp_user_group`  [ RunTime:0.0435s ]
NOTIC: [8] Undefined index: id D:\www\longchuanwenhua\App\Admin\Controller\MemberController.class.php 第 11 行.
SQL: SHOW COLUMNS FROM `tp_member` [ RunTime:0.0457s ]
SQL: SELECT COUNT(*) AS tp_count FROM `tp_member` LIMIT 1   [ RunTime:0.0432s ]
SQL: SELECT * FROM `tp_member` LIMIT 0,20   [ RunTime:0.0448s ]
INFO: [ view_parse ] --START--
INFO: [ template_filter ] --START--
INFO: Run Behavior\ContentReplaceBehavior [ RunTime:0.000060s ]
INFO: [ template_filter ] --END-- [ RunTime:0.000121s ]
NOTIC: [8] Undefined index: idCard D:\www\longchuanwenhua\App\Runtime\Cache\Admin\18bc80a3a1335b3d6f94bb81c17b9385.php 第 78 行.
NOTIC: [8] Undefined variable: type D:\www\longchuanwenhua\App\Runtime\Cache\Admin\18bc80a3a1335b3d6f94bb81c17b9385.php 第 95 行.
INFO: Run Behavior\ParseTemplateBehavior [ RunTime:0.007441s ]
INFO: [ view_parse ] --END-- [ RunTime:0.007499s ]
INFO: [ view_filter ] --START--
INFO: Run Behavior\WriteHtmlCacheBehavior [ RunTime:0.000225s ]
INFO: [ view_filter ] --END-- [ RunTime:0.000266s ]
INFO: [ app_end ] --START--
INFO: Run Behavior\ShowPageTraceBehavior [ RunTime:0.000467s ]
INFO: [ app_end ] --END-- [ RunTime:0.000513s ]

[ 2016-09-15T17:10:29+08:00 ] ::1 /longchuanwenhua/index.php/admin/member/list.html
INFO: [ app_init ] --START--
INFO: Run Behavior\BuildLiteBehavior [ RunTime:0.000013s ]
INFO: [ app_init ] --END-- [ RunTime:0.000408s ]
INFO: [ app_begin ] --START--
INFO: Run Behavior\ReadHtmlCacheBehavior [ RunTime:0.000819s ]
INFO: [ app_begin ] --END-- [ RunTime:0.000973s ]
SQL: SHOW COLUMNS FROM `tp_user_group` [ RunTime:0.0471s ]
SQL: SELECT * FROM `tp_user_group`  [ RunTime:0.0448s ]
NOTIC: [8] Undefined index: id D:\www\longchuanwenhua\App\Admin\Controller\MemberController.class.php 第 11 行.
SQL: SHOW COLUMNS FROM `tp_member` [ RunTime:0.0479s ]
SQL: SELECT COUNT(*) AS tp_count FROM `tp_member` LIMIT 1   [ RunTime:0.0442s ]
SQL: SELECT * FROM `tp_member` LIMIT 0,20   [ RunTime:0.0458s ]
INFO: [ view_parse ] --START--
INFO: [ template_filter ] --START--
INFO: Run Behavior\ContentReplaceBehavior [ RunTime:0.000059s ]
INFO: [ template_filter ] --END-- [ RunTime:0.000117s ]
NOTIC: [8] Undefined index: idCard D:\www\longchuanwenhua\App\Runtime\Cache\Admin\18bc80a3a1335b3d6f94bb81c17b9385.php 第 78 行.
NOTIC: [8] Undefined variable: type D:\www\longchuanwenhua\App\Runtime\Cache\Admin\18bc80a3a1335b3d6f94bb81c17b9385.php 第 95 行.
INFO: Run Behavior\ParseTemplateBehavior [ RunTime:0.019058s ]
INFO: [ view_parse ] --END-- [ RunTime:0.019119s ]
INFO: [ view_filter ] --START--
INFO: Run Behavior\WriteHtmlCacheBehavior [ RunTime:0.000408s ]
INFO: [ view_filter ] --END-- [ RunTime:0.000457s ]
INFO: [ app_end ] --START--
INFO: Run Behavior\ShowPageTraceBehavior [ RunTime:0.000836s ]
INFO: [ app_end ] --END-- [ RunTime:0.000915s ]

[ 2016-09-15T17:11:03+08:00 ] ::1 /longchuanwenhua/index.php/admin/member/list.html
INFO: [ app_init ] --START--
INFO: Run Behavior\BuildLiteBehavior [ RunTime:0.000014s ]
INFO: [ app_init ] --END-- [ RunTime:0.000330s ]
INFO: [ app_begin ] --START--
INFO: Run Behavior\ReadHtmlCacheBehavior [ RunTime:0.000418s ]
INFO: [ app_begin ] --END-- [ RunTime:0.000473s ]
SQL: SHOW COLUMNS FROM `tp_user_group` [ RunTime:0.0514s ]
SQL: SELECT * FROM `tp_user_group`  [ RunTime:0.0485s ]
NOTIC: [8] Undefined index: id D:\www\longchuanwenhua\App\Admin\Controller\MemberController.class.php 第 11 行.
SQL: SHOW COLUMNS FROM `tp_member` [ RunTime:0.0516s ]
SQL: SELECT COUNT(*) AS tp_count FROM `tp_member` LIMIT 1   [ RunTime:0.0488s ]
SQL: SELECT * FROM `tp_member` LIMIT 0,20   [ RunTime:0.0496s ]
INFO: [ view_parse ] --START--
INFO: [ template_filter ] --START--
INFO: Run Behavior\ContentReplaceBehavior [ RunTime:0.000062s ]
INFO: [ template_filter ] --END-- [ RunTime:0.000123s ]
NOTIC: [8] Undefined variable: type D:\www\longchuanwenhua\App\Runtime\Cache\Admin\18bc80a3a1335b3d6f94bb81c17b9385.php 第 95 行.
INFO: Run Behavior\ParseTemplateBehavior [ RunTime:0.008660s ]
INFO: [ view_parse ] --END-- [ RunTime:0.008715s ]
INFO: [ view_filter ] --START--
INFO: Run Behavior\WriteHtmlCacheBehavior [ RunTime:0.000220s ]
INFO: [ view_filter ] --END-- [ RunTime:0.000261s ]
INFO: [ app_end ] --START--
INFO: Run Behavior\ShowPageTraceBehavior [ RunTime:0.000430s ]
INFO: [ app_end ] --END-- [ RunTime:0.000475s ]

[ 2016-09-15T17:11:23+08:00 ] ::1 /longchuanwenhua/index.php/admin/member/list.html
INFO: [ app_init ] --START--
INFO: Run Behavior\BuildLiteBehavior [ RunTime:0.000015s ]
INFO: [ app_init ] --END-- [ RunTime:0.000401s ]
INFO: [ app_begin ] --START--
INFO: Run Behavior\ReadHtmlCacheBehavior [ RunTime:0.000431s ]
INFO: [ app_begin ] --END-- [ RunTime:0.000486s ]
SQL: SHOW COLUMNS FROM `tp_user_group` [ RunTime:0.0509s ]
SQL: SELECT * FROM `tp_user_group`  [ RunTime:0.0476s ]
NOTIC: [8] Undefined index: id D:\www\longchuanwenhua\App\Admin\Controller\MemberController.class.php 第 11 行.
SQL: SHOW COLUMNS FROM `tp_member` [ RunTime:0.0500s ]
SQL: SELECT COUNT(*) AS tp_count FROM `tp_member` LIMIT 1   [ RunTime:0.0472s ]
SQL: SELECT * FROM `tp_member` LIMIT 0,20   [ RunTime:0.0484s ]
INFO: [ view_parse ] --START--
INFO: [ template_filter ] --START--
INFO: Run Behavior\ContentReplaceBehavior [ RunTime:0.000061s ]
INFO: [ template_filter ] --END-- [ RunTime:0.000119s ]
NOTIC: [8] Undefined variable: type D:\www\longchuanwenhua\App\Runtime\Cache\Admin\18bc80a3a1335b3d6f94bb81c17b9385.php 第 95 行.
INFO: Run Behavior\ParseTemplateBehavior [ RunTime:0.007126s ]
INFO: [ view_parse ] --END-- [ RunTime:0.007179s ]
INFO: [ view_filter ] --START--
INFO: Run Behavior\WriteHtmlCacheBehavior [ RunTime:0.000224s ]
INFO: [ view_filter ] --END-- [ RunTime:0.000267s ]
INFO: [ app_end ] --START--
INFO: Run Behavior\ShowPageTraceBehavior [ RunTime:0.000435s ]
INFO: [ app_end ] --END-- [ RunTime:0.000481s ]

[ 2016-09-15T17:12:13+08:00 ] ::1 /longchuanwenhua/index.php/admin/member/list.html
INFO: [ app_init ] --START--
INFO: Run Behavior\BuildLiteBehavior [ RunTime:0.000016s ]
INFO: [ app_init ] --END-- [ RunTime:0.000381s ]
INFO: [ app_begin ] --START--
INFO: Run Behavior\ReadHtmlCacheBehavior [ RunTime:0.000437s ]
INFO: [ app_begin ] --END-- [ RunTime:0.000493s ]
SQL: SHOW COLUMNS FROM `tp_user_group` [ RunTime:0.0518s ]
SQL: SELECT * FROM `tp_user_group`  [ RunTime:0.0485s ]
NOTIC: [8] Undefined index: id D:\www\longchuanwenhua\App\Admin\Controller\MemberController.class.php 第 11 行.
SQL: SHOW COLUMNS FROM `tp_member` [ RunTime:0.0575s ]
SQL: SELECT COUNT(*) AS tp_count FROM `tp_member` LIMIT 1   [ RunTime:0.0477s ]
SQL: SELECT * FROM `tp_member` LIMIT 0,20   [ RunTime:0.0493s ]
INFO: [ view_parse ] --START--
INFO: [ template_filter ] --START--
INFO: Run Behavior\ContentReplaceBehavior [ RunTime:0.000058s ]
INFO: [ template_filter ] --END-- [ RunTime:0.000114s ]
NOTIC: [8] Undefined variable: type D:\www\longchuanwenhua\App\Runtime\Cache\Admin\18bc80a3a1335b3d6f94bb81c17b9385.php 第 97 行.
INFO: Run Behavior\ParseTemplateBehavior [ RunTime:0.007257s ]
INFO: [ view_parse ] --END-- [ RunTime:0.007327s ]
INFO: [ view_filter ] --START--
INFO: Run Behavior\WriteHtmlCacheBehavior [ RunTime:0.000247s ]
INFO: [ view_filter ] --END-- [ RunTime:0.000289s ]
INFO: [ app_end ] --START--
INFO: Run Behavior\ShowPageTraceBehavior [ RunTime:0.000473s ]
INFO: [ app_end ] --END-- [ RunTime:0.000521s ]

[ 2016-09-15T17:26:07+08:00 ] ::1 /longchuanwenhua/index.php/admin/member/list.html
INFO: [ app_init ] --START--
INFO: Run Behavior\BuildLiteBehavior [ RunTime:0.000018s ]
INFO: [ app_init ] --END-- [ RunTime:0.000433s ]
INFO: [ app_begin ] --START--
INFO: Run Behavior\ReadHtmlCacheBehavior [ RunTime:0.000600s ]
INFO: [ app_begin ] --END-- [ RunTime:0.000670s ]
SQL: SHOW COLUMNS FROM `tp_user_group` [ RunTime:0.0522s ]
SQL: SELECT * FROM `tp_user_group`  [ RunTime:0.0476s ]
NOTIC: [8] Undefined index: id D:\www\longchuanwenhua\App\Admin\Controller\MemberController.class.php 第 11 行.
SQL: SHOW COLUMNS FROM `tp_member` [ RunTime:0.0930s ]
SQL: SELECT COUNT(*) AS tp_count FROM `tp_member` LIMIT 1   [ RunTime:0.0475s ]
SQL: SELECT * FROM `tp_member` LIMIT 0,20   [ RunTime:0.0491s ]
INFO: [ view_parse ] --START--
INFO: [ template_filter ] --START--
INFO: Run Behavior\ContentReplaceBehavior [ RunTime:0.000062s ]
INFO: [ template_filter ] --END-- [ RunTime:0.000126s ]
NOTIC: [8] Undefined variable: type D:\www\longchuanwenhua\App\Runtime\Cache\Admin\18bc80a3a1335b3d6f94bb81c17b9385.php 第 98 行.
INFO: Run Behavior\ParseTemplateBehavior [ RunTime:0.009166s ]
INFO: [ view_parse ] --END-- [ RunTime:0.009321s ]
INFO: [ view_filter ] --START--
INFO: Run Behavior\WriteHtmlCacheBehavior [ RunTime:0.000455s ]
INFO: [ view_filter ] --END-- [ RunTime:0.000503s ]
INFO: [ app_end ] --START--
INFO: Run Behavior\ShowPageTraceBehavior [ RunTime:0.000509s ]
INFO: [ app_end ] --END-- [ RunTime:0.000560s ]

[ 2016-09-15T17:26:32+08:00 ] ::1 /longchuanwenhua/index.php/admin/member/list.html
INFO: [ app_init ] --START--
INFO: Run Behavior\BuildLiteBehavior [ RunTime:0.000015s ]
INFO: [ app_init ] --END-- [ RunTime:0.000372s ]
INFO: [ app_begin ] --START--
INFO: Run Behavior\ReadHtmlCacheBehavior [ RunTime:0.000421s ]
INFO: [ app_begin ] --END-- [ RunTime:0.000478s ]
SQL: SHOW COLUMNS FROM `tp_user_group` [ RunTime:0.0470s ]
SQL: SELECT * FROM `tp_user_group`  [ RunTime:0.0438s ]
NOTIC: [8] Undefined index: id D:\www\longchuanwenhua\App\Admin\Controller\MemberController.class.php 第 11 行.
SQL: SHOW COLUMNS FROM `tp_member` [ RunTime:0.0476s ]
SQL: SELECT COUNT(*) AS tp_count FROM `tp_member` LIMIT 1   [ RunTime:0.0442s ]
SQL: SELECT * FROM `tp_member` LIMIT 0,20   [ RunTime:0.0447s ]
INFO: [ view_parse ] --START--
INFO: [ template_filter ] --START--
INFO: Run Behavior\ContentReplaceBehavior [ RunTime:0.000058s ]
INFO: [ template_filter ] --END-- [ RunTime:0.000120s ]
NOTIC: [8] Undefined variable: type D:\www\longchuanwenhua\App\Runtime\Cache\Admin\18bc80a3a1335b3d6f94bb81c17b9385.php 第 99 行.
INFO: Run Behavior\ParseTemplateBehavior [ RunTime:0.007450s ]
INFO: [ view_parse ] --END-- [ RunTime:0.007502s ]
INFO: [ view_filter ] --START--
INFO: Run Behavior\WriteHtmlCacheBehavior [ RunTime:0.000207s ]
INFO: [ view_filter ] --END-- [ RunTime:0.000249s ]
INFO: [ app_end ] --START--
INFO: Run Behavior\ShowPageTraceBehavior [ RunTime:0.000423s ]
INFO: [ app_end ] --END-- [ RunTime:0.000469s ]

[ 2016-09-15T17:27:19+08:00 ] ::1 /longchuanwenhua/index.php/admin/member/list.html
INFO: [ app_init ] --START--
INFO: Run Behavior\BuildLiteBehavior [ RunTime:0.000013s ]
INFO: [ app_init ] --END-- [ RunTime:0.000338s ]
INFO: [ app_begin ] --START--
INFO: Run Behavior\ReadHtmlCacheBehavior [ RunTime:0.000413s ]
INFO: [ app_begin ] --END-- [ RunTime:0.000466s ]
SQL: SHOW COLUMNS FROM `tp_user_group` [ RunTime:0.1457s ]
SQL: SELECT * FROM `tp_user_group`  [ RunTime:0.0441s ]
NOTIC: [8] Undefined index: id D:\www\longchuanwenhua\App\Admin\Controller\MemberController.class.php 第 11 行.
SQL: SHOW COLUMNS FROM `tp_member` [ RunTime:0.0667s ]
SQL: SELECT COUNT(*) AS tp_count FROM `tp_member` LIMIT 1   [ RunTime:0.0435s ]
SQL: SELECT * FROM `tp_member` LIMIT 0,20   [ RunTime:0.0449s ]
INFO: [ view_parse ] --START--
INFO: [ template_filter ] --START--
INFO: Run Behavior\ContentReplaceBehavior [ RunTime:0.000058s ]
INFO: [ template_filter ] --END-- [ RunTime:0.000112s ]
NOTIC: [8] Undefined variable: type D:\www\longchuanwenhua\App\Runtime\Cache\Admin\18bc80a3a1335b3d6f94bb81c17b9385.php 第 99 行.
INFO: Run Behavior\ParseTemplateBehavior [ RunTime:0.007351s ]
INFO: [ view_parse ] --END-- [ RunTime:0.007405s ]
INFO: [ view_filter ] --START--
INFO: Run Behavior\WriteHtmlCacheBehavior [ RunTime:0.000202s ]
INFO: [ view_filter ] --END-- [ RunTime:0.000244s ]
INFO: [ app_end ] --START--
INFO: Run Behavior\ShowPageTraceBehavior [ RunTime:0.000422s ]
INFO: [ app_end ] --END-- [ RunTime:0.000471s ]

[ 2016-09-15T17:28:44+08:00 ] ::1 /longchuanwenhua/index.php/admin/member/list.html
INFO: [ app_init ] --START--
INFO: Run Behavior\BuildLiteBehavior [ RunTime:0.000015s ]
INFO: [ app_init ] --END-- [ RunTime:0.000415s ]
INFO: [ app_begin ] --START--
INFO: Run Behavior\ReadHtmlCacheBehavior [ RunTime:0.000585s ]
INFO: [ app_begin ] --END-- [ RunTime:0.000648s ]
SQL: SHOW COLUMNS FROM `tp_user_group` [ RunTime:0.0670s ]
SQL: SELECT * FROM `tp_user_group`  [ RunTime:0.0635s ]
NOTIC: [8] Undefined index: id D:\www\longchuanwenhua\App\Admin\Controller\MemberController.class.php 第 11 行.
SQL: SHOW COLUMNS FROM `tp_member` [ RunTime:0.0675s ]
SQL: SELECT COUNT(*) AS tp_count FROM `tp_member` LIMIT 1   [ RunTime:0.0631s ]
SQL: SELECT * FROM `tp_member` LIMIT 0,20   [ RunTime:0.0644s ]
INFO: [ view_parse ] --START--
INFO: [ template_filter ] --START--
INFO: Run Behavior\ContentReplaceBehavior [ RunTime:0.000063s ]
INFO: [ template_filter ] --END-- [ RunTime:0.000121s ]
NOTIC: [8] Undefined variable: type D:\www\longchuanwenhua\App\Runtime\Cache\Admin\18bc80a3a1335b3d6f94bb81c17b9385.php 第 101 行.
INFO: Run Behavior\ParseTemplateBehavior [ RunTime:0.019503s ]
INFO: [ view_parse ] --END-- [ RunTime:0.019563s ]
INFO: [ view_filter ] --START--
INFO: Run Behavior\WriteHtmlCacheBehavior [ RunTime:0.000297s ]
INFO: [ view_filter ] --END-- [ RunTime:0.000340s ]
INFO: [ app_end ] --START--
INFO: Run Behavior\ShowPageTraceBehavior [ RunTime:0.000486s ]
INFO: [ app_end ] --END-- [ RunTime:0.000531s ]

[ 2016-09-15T17:29:56+08:00 ] ::1 /longchuanwenhua/index.php/admin/member/list.html
INFO: [ app_init ] --START--
INFO: Run Behavior\BuildLiteBehavior [ RunTime:0.000014s ]
INFO: [ app_init ] --END-- [ RunTime:0.000332s ]
INFO: [ app_begin ] --START--
INFO: Run Behavior\ReadHtmlCacheBehavior [ RunTime:0.000461s ]
INFO: [ app_begin ] --END-- [ RunTime:0.000523s ]
SQL: SHOW COLUMNS FROM `tp_user_group` [ RunTime:0.0488s ]
SQL: SELECT * FROM `tp_user_group`  [ RunTime:0.0460s ]
NOTIC: [8] Undefined index: id D:\www\longchuanwenhua\App\Admin\Controller\MemberController.class.php 第 11 行.
SQL: SHOW COLUMNS FROM `tp_member` [ RunTime:0.0494s ]
SQL: SELECT COUNT(*) AS tp_count FROM `tp_member` LIMIT 1   [ RunTime:0.0456s ]
SQL: SELECT * FROM `tp_member` LIMIT 0,20   [ RunTime:0.0470s ]
INFO: [ view_parse ] --START--
INFO: [ template_filter ] --START--
INFO: Run Behavior\ContentReplaceBehavior [ RunTime:0.000073s ]
INFO: [ template_filter ] --END-- [ RunTime:0.000138s ]
NOTIC: [8] Undefined variable: type D:\www\longchuanwenhua\App\Runtime\Cache\Admin\18bc80a3a1335b3d6f94bb81c17b9385.php 第 103 行.
INFO: Run Behavior\ParseTemplateBehavior [ RunTime:0.007746s ]
INFO: [ view_parse ] --END-- [ RunTime:0.007806s ]
INFO: [ view_filter ] --START--
INFO: Run Behavior\WriteHtmlCacheBehavior [ RunTime:0.000246s ]
INFO: [ view_filter ] --END-- [ RunTime:0.000295s ]
INFO: [ app_end ] --START--
INFO: Run Behavior\ShowPageTraceBehavior [ RunTime:0.000549s ]
INFO: [ app_end ] --END-- [ RunTime:0.000613s ]

[ 2016-09-15T17:32:13+08:00 ] ::1 /longchuanwenhua/index.php/admin/member/list.html
INFO: [ app_init ] --START--
INFO: Run Behavior\BuildLiteBehavior [ RunTime:0.000025s ]
INFO: [ app_init ] --END-- [ RunTime:0.000841s ]
INFO: [ app_begin ] --START--
INFO: Run Behavior\ReadHtmlCacheBehavior [ RunTime:0.000522s ]
INFO: [ app_begin ] --END-- [ RunTime:0.000589s ]
SQL: SHOW COLUMNS FROM `tp_user_group` [ RunTime:0.0506s ]
SQL: SELECT * FROM `tp_user_group`  [ RunTime:0.0480s ]
NOTIC: [8] Undefined index: id D:\www\longchuanwenhua\App\Admin\Controller\MemberController.class.php 第 11 行.
SQL: SHOW COLUMNS FROM `tp_member` [ RunTime:0.0538s ]
SQL: SELECT COUNT(*) AS tp_count FROM `tp_member` LIMIT 1   [ RunTime:0.0487s ]
SQL: SELECT * FROM `tp_member` LIMIT 0,20   [ RunTime:0.0493s ]
INFO: [ view_parse ] --START--
INFO: [ template_filter ] --START--
INFO: Run Behavior\ContentReplaceBehavior [ RunTime:0.000061s ]
INFO: [ template_filter ] --END-- [ RunTime:0.000117s ]
NOTIC: [8] Undefined variable: type D:\www\longchuanwenhua\App\Runtime\Cache\Admin\18bc80a3a1335b3d6f94bb81c17b9385.php 第 103 行.
INFO: Run Behavior\ParseTemplateBehavior [ RunTime:0.008073s ]
INFO: [ view_parse ] --END-- [ RunTime:0.008125s ]
INFO: [ view_filter ] --START--
INFO: Run Behavior\WriteHtmlCacheBehavior [ RunTime:0.000261s ]
INFO: [ view_filter ] --END-- [ RunTime:0.000309s ]
INFO: [ app_end ] --START--
INFO: Run Behavior\ShowPageTraceBehavior [ RunTime:0.000506s ]
INFO: [ app_end ] --END-- [ RunTime:0.000554s ]

[ 2016-09-15T17:32:44+08:00 ] ::1 /longchuanwenhua/index.php/admin/member/list.html
INFO: [ app_init ] --START--
INFO: Run Behavior\BuildLiteBehavior [ RunTime:0.000019s ]
INFO: [ app_init ] --END-- [ RunTime:0.000498s ]
INFO: [ app_begin ] --START--
INFO: Run Behavior\ReadHtmlCacheBehavior [ RunTime:0.000581s ]
INFO: [ app_begin ] --END-- [ RunTime:0.000672s ]
SQL: SHOW COLUMNS FROM `tp_user_group` [ RunTime:0.0512s ]
SQL: SELECT * FROM `tp_user_group`  [ RunTime:0.0483s ]
NOTIC: [8] Undefined index: id D:\www\longchuanwenhua\App\Admin\Controller\MemberController.class.php 第 11 行.
SQL: SHOW COLUMNS FROM `tp_member` [ RunTime:0.0516s ]
SQL: SELECT COUNT(*) AS tp_count FROM `tp_member` LIMIT 1   [ RunTime:0.0502s ]
SQL: SELECT * FROM `tp_member` LIMIT 0,20   [ RunTime:0.0496s ]
INFO: [ view_parse ] --START--
INFO: [ template_filter ] --START--
INFO: Run Behavior\ContentReplaceBehavior [ RunTime:0.000066s ]
INFO: [ template_filter ] --END-- [ RunTime:0.000131s ]
NOTIC: [8] Undefined variable: type D:\www\longchuanwenhua\App\Runtime\Cache\Admin\18bc80a3a1335b3d6f94bb81c17b9385.php 第 103 行.
INFO: Run Behavior\ParseTemplateBehavior [ RunTime:0.007387s ]
INFO: [ view_parse ] --END-- [ RunTime:0.007439s ]
INFO: [ view_filter ] --START--
INFO: Run Behavior\WriteHtmlCacheBehavior [ RunTime:0.000210s ]
INFO: [ view_filter ] --END-- [ RunTime:0.000256s ]
INFO: [ app_end ] --START--
INFO: Run Behavior\ShowPageTraceBehavior [ RunTime:0.000408s ]
INFO: [ app_end ] --END-- [ RunTime:0.000463s ]

[ 2016-09-15T17:37:31+08:00 ] ::1 /longchuanwenhua/index.php/admin/member/list.html
INFO: [ app_init ] --START--
INFO: Run Behavior\BuildLiteBehavior [ RunTime:0.000014s ]
INFO: [ app_init ] --END-- [ RunTime:0.000410s ]
INFO: [ app_begin ] --START--
INFO: Run Behavior\ReadHtmlCacheBehavior [ RunTime:0.000571s ]
INFO: [ app_begin ] --END-- [ RunTime:0.000634s ]
SQL: SHOW COLUMNS FROM `tp_user_group` [ RunTime:0.0482s ]
SQL: SELECT * FROM `tp_user_group`  [ RunTime:0.0449s ]
NOTIC: [8] Undefined index: id D:\www\longchuanwenhua\App\Admin\Controller\MemberController.class.php 第 26 行.
SQL: SHOW COLUMNS FROM `tp_member` [ RunTime:0.0487s ]
SQL: SELECT COUNT(*) AS tp_count FROM `tp_member` LIMIT 1   [ RunTime:0.0451s ]
SQL: SELECT * FROM `tp_member` LIMIT 0,20   [ RunTime:0.0462s ]
INFO: [ view_parse ] --START--
INFO: [ template_filter ] --START--
INFO: Run Behavior\ContentReplaceBehavior [ RunTime:0.000062s ]
INFO: [ template_filter ] --END-- [ RunTime:0.000119s ]
NOTIC: [8] Undefined variable: type D:\www\longchuanwenhua\App\Runtime\Cache\Admin\18bc80a3a1335b3d6f94bb81c17b9385.php 第 103 行.
INFO: Run Behavior\ParseTemplateBehavior [ RunTime:0.018635s ]
INFO: [ view_parse ] --END-- [ RunTime:0.018689s ]
INFO: [ view_filter ] --START--
INFO: Run Behavior\WriteHtmlCacheBehavior [ RunTime:0.000317s ]
INFO: [ view_filter ] --END-- [ RunTime:0.000359s ]
INFO: [ app_end ] --START--
INFO: Run Behavior\ShowPageTraceBehavior [ RunTime:0.000496s ]
INFO: [ app_end ] --END-- [ RunTime:0.000543s ]

[ 2016-09-15T17:37:37+08:00 ] ::1 /longchuanwenhua/index.php/Admin/member/list.html
INFO: [ app_init ] --START--
INFO: Run Behavior\BuildLiteBehavior [ RunTime:0.000015s ]
INFO: [ app_init ] --END-- [ RunTime:0.000411s ]
INFO: [ app_begin ] --START--
INFO: Run Behavior\ReadHtmlCacheBehavior [ RunTime:0.000441s ]
INFO: [ app_begin ] --END-- [ RunTime:0.000497s ]
SQL: SHOW COLUMNS FROM `tp_user_group` [ RunTime:0.0495s ]
SQL: SELECT * FROM `tp_user_group`  [ RunTime:0.0470s ]
NOTIC: [8] Undefined index: id D:\www\longchuanwenhua\App\Admin\Controller\MemberController.class.php 第 26 行.
SQL: SHOW COLUMNS FROM `tp_member` [ RunTime:0.0499s ]
SQL: SELECT COUNT(*) AS tp_count FROM `tp_member` WHERE `name` = 'wenlong' LIMIT 1   [ RunTime:0.0471s ]
SQL: SELECT * FROM `tp_member` WHERE `name` = 'wenlong' LIMIT 0,20   [ RunTime:0.0473s ]
INFO: [ view_parse ] --START--
INFO: [ template_filter ] --START--
INFO: Run Behavior\ContentReplaceBehavior [ RunTime:0.000064s ]
INFO: [ template_filter ] --END-- [ RunTime:0.000130s ]
NOTIC: [8] Undefined variable: type D:\www\longchuanwenhua\App\Runtime\Cache\Admin\18bc80a3a1335b3d6f94bb81c17b9385.php 第 103 行.
INFO: Run Behavior\ParseTemplateBehavior [ RunTime:0.007659s ]
INFO: [ view_parse ] --END-- [ RunTime:0.007715s ]
INFO: [ view_filter ] --START--
INFO: Run Behavior\WriteHtmlCacheBehavior [ RunTime:0.000226s ]
INFO: [ view_filter ] --END-- [ RunTime:0.000267s ]
INFO: [ app_end ] --START--
INFO: Run Behavior\ShowPageTraceBehavior [ RunTime:0.000430s ]
INFO: [ app_end ] --END-- [ RunTime:0.000476s ]

[ 2016-09-15T17:37:42+08:00 ] ::1 /longchuanwenhua/index.php/Admin/member/list.html
INFO: [ app_init ] --START--
INFO: Run Behavior\BuildLiteBehavior [ RunTime:0.000015s ]
INFO: [ app_init ] --END-- [ RunTime:0.000385s ]
INFO: [ app_begin ] --START--
INFO: Run Behavior\ReadHtmlCacheBehavior [ RunTime:0.000419s ]
INFO: [ app_begin ] --END-- [ RunTime:0.000471s ]
SQL: SHOW COLUMNS FROM `tp_user_group` [ RunTime:0.0496s ]
SQL: SELECT * FROM `tp_user_group`  [ RunTime:0.0469s ]
NOTIC: [8] Undefined index: id D:\www\longchuanwenhua\App\Admin\Controller\MemberController.class.php 第 26 行.
SQL: SHOW COLUMNS FROM `tp_member` [ RunTime:0.0502s ]
SQL: SELECT COUNT(*) AS tp_count FROM `tp_member` WHERE `name` = 'wenlong111' LIMIT 1   [ RunTime:0.0469s ]
SQL: SELECT * FROM `tp_member` WHERE `name` = 'wenlong111' LIMIT 0,20   [ RunTime:0.0475s ]
INFO: [ view_parse ] --START--
INFO: [ template_filter ] --START--
INFO: Run Behavior\ContentReplaceBehavior [ RunTime:0.000060s ]
INFO: [ template_filter ] --END-- [ RunTime:0.000117s ]
NOTIC: [8] Undefined variable: type D:\www\longchuanwenhua\App\Runtime\Cache\Admin\18bc80a3a1335b3d6f94bb81c17b9385.php 第 103 行.
INFO: Run Behavior\ParseTemplateBehavior [ RunTime:0.007805s ]
INFO: [ view_parse ] --END-- [ RunTime:0.007860s ]
INFO: [ view_filter ] --START--
INFO: Run Behavior\WriteHtmlCacheBehavior [ RunTime:0.000219s ]
INFO: [ view_filter ] --END-- [ RunTime:0.000260s ]
INFO: [ app_end ] --START--
INFO: Run Behavior\ShowPageTraceBehavior [ RunTime:0.000432s ]
INFO: [ app_end ] --END-- [ RunTime:0.000479s ]

[ 2016-09-15T17:38:43+08:00 ] ::1 /longchuanwenhua/index.php/Admin/member/list.html
INFO: [ app_init ] --START--
INFO: Run Behavior\BuildLiteBehavior [ RunTime:0.000013s ]
INFO: [ app_init ] --END-- [ RunTime:0.000332s ]
INFO: [ app_begin ] --START--
INFO: Run Behavior\ReadHtmlCacheBehavior [ RunTime:0.000461s ]
INFO: [ app_begin ] --END-- [ RunTime:0.000522s ]
SQL: SHOW COLUMNS FROM `tp_user_group` [ RunTime:0.0479s ]
SQL: SELECT * FROM `tp_user_group`  [ RunTime:0.0445s ]
NOTIC: [8] Undefined index: id D:\www\longchuanwenhua\App\Admin\Controller\MemberController.class.php 第 26 行.
SQL: SHOW COLUMNS FROM `tp_member` [ RunTime:0.0487s ]
SQL: SELECT COUNT(*) AS tp_count FROM `tp_member` WHERE `name` = 'wenlong111' LIMIT 1   [ RunTime:0.0448s ]
SQL: SELECT * FROM `tp_member` WHERE `name` = 'wenlong111' LIMIT 0,20   [ RunTime:0.0452s ]
INFO: [ view_parse ] --START--
INFO: [ template_filter ] --START--
INFO: Run Behavior\ContentReplaceBehavior [ RunTime:0.000059s ]
INFO: [ template_filter ] --END-- [ RunTime:0.000114s ]
NOTIC: [8] Undefined index: mobile D:\www\longchuanwenhua\App\Runtime\Cache\Admin\18bc80a3a1335b3d6f94bb81c17b9385.php 第 57 行.
NOTIC: [8] Undefined index: idCard D:\www\longchuanwenhua\App\Runtime\Cache\Admin\18bc80a3a1335b3d6f94bb81c17b9385.php 第 59 行.
NOTIC: [8] Undefined variable: type D:\www\longchuanwenhua\App\Runtime\Cache\Admin\18bc80a3a1335b3d6f94bb81c17b9385.php 第 103 行.
INFO: Run Behavior\ParseTemplateBehavior [ RunTime:0.007986s ]
INFO: [ view_parse ] --END-- [ RunTime:0.008036s ]
INFO: [ view_filter ] --START--
INFO: Run Behavior\WriteHtmlCacheBehavior [ RunTime:0.000212s ]
INFO: [ view_filter ] --END-- [ RunTime:0.000253s ]
INFO: [ app_end ] --START--
INFO: Run Behavior\ShowPageTraceBehavior [ RunTime:0.000426s ]
INFO: [ app_end ] --END-- [ RunTime:0.000471s ]

[ 2016-09-15T17:38:53+08:00 ] ::1 /longchuanwenhua/index.php/Admin/member/list.html
INFO: [ app_init ] --START--
INFO: Run Behavior\BuildLiteBehavior [ RunTime:0.000016s ]
INFO: [ app_init ] --END-- [ RunTime:0.000382s ]
INFO: [ app_begin ] --START--
INFO: Run Behavior\ReadHtmlCacheBehavior [ RunTime:0.000593s ]
INFO: [ app_begin ] --END-- [ RunTime:0.000677s ]
SQL: SHOW COLUMNS FROM `tp_user_group` [ RunTime:0.0499s ]
SQL: SELECT * FROM `tp_user_group`  [ RunTime:0.0484s ]
NOTIC: [8] Undefined index: id D:\www\longchuanwenhua\App\Admin\Controller\MemberController.class.php 第 26 行.
SQL: SHOW COLUMNS FROM `tp_member` [ RunTime:0.0509s ]
SQL: SELECT COUNT(*) AS tp_count FROM `tp_member` WHERE `name` = 'wenlong111' AND `mobile` = '15954861505' LIMIT 1   [ RunTime:0.0489s ]
SQL: SELECT * FROM `tp_member` WHERE `name` = 'wenlong111' AND `mobile` = '15954861505' LIMIT 0,20   [ RunTime:0.0490s ]
INFO: [ view_parse ] --START--
INFO: [ template_filter ] --START--
INFO: Run Behavior\ContentReplaceBehavior [ RunTime:0.000091s ]
INFO: [ template_filter ] --END-- [ RunTime:0.000151s ]
NOTIC: [8] Undefined index: idCard D:\www\longchuanwenhua\App\Runtime\Cache\Admin\18bc80a3a1335b3d6f94bb81c17b9385.php 第 59 行.
NOTIC: [8] Undefined variable: type D:\www\longchuanwenhua\App\Runtime\Cache\Admin\18bc80a3a1335b3d6f94bb81c17b9385.php 第 103 行.
INFO: Run Behavior\ParseTemplateBehavior [ RunTime:0.007627s ]
INFO: [ view_parse ] --END-- [ RunTime:0.007680s ]
INFO: [ view_filter ] --START--
INFO: Run Behavior\WriteHtmlCacheBehavior [ RunTime:0.000217s ]
INFO: [ view_filter ] --END-- [ RunTime:0.000258s ]
INFO: [ app_end ] --START--
INFO: Run Behavior\ShowPageTraceBehavior [ RunTime:0.000455s ]
INFO: [ app_end ] --END-- [ RunTime:0.000504s ]

[ 2016-09-15T17:38:56+08:00 ] ::1 /longchuanwenhua/index.php/Admin/member/list.html
INFO: [ app_init ] --START--
INFO: Run Behavior\BuildLiteBehavior [ RunTime:0.000014s ]
INFO: [ app_init ] --END-- [ RunTime:0.000367s ]
INFO: [ app_begin ] --START--
INFO: Run Behavior\ReadHtmlCacheBehavior [ RunTime:0.000411s ]
INFO: [ app_begin ] --END-- [ RunTime:0.000478s ]
SQL: SHOW COLUMNS FROM `tp_user_group` [ RunTime:0.0509s ]
SQL: SELECT * FROM `tp_user_group`  [ RunTime:0.0478s ]
NOTIC: [8] Undefined index: id D:\www\longchuanwenhua\App\Admin\Controller\MemberController.class.php 第 26 行.
SQL: SHOW COLUMNS FROM `tp_member` [ RunTime:0.0509s ]
SQL: SELECT COUNT(*) AS tp_count FROM `tp_member` WHERE `name` = 'wenlong' AND `mobile` = '15954861505' LIMIT 1   [ RunTime:0.0482s ]
SQL: SELECT * FROM `tp_member` WHERE `name` = 'wenlong' AND `mobile` = '15954861505' LIMIT 0,20   [ RunTime:0.0491s ]
INFO: [ view_parse ] --START--
INFO: [ template_filter ] --START--
INFO: Run Behavior\ContentReplaceBehavior [ RunTime:0.000062s ]
INFO: [ template_filter ] --END-- [ RunTime:0.000118s ]
NOTIC: [8] Undefined index: idCard D:\www\longchuanwenhua\App\Runtime\Cache\Admin\18bc80a3a1335b3d6f94bb81c17b9385.php 第 59 行.
NOTIC: [8] Undefined variable: type D:\www\longchuanwenhua\App\Runtime\Cache\Admin\18bc80a3a1335b3d6f94bb81c17b9385.php 第 103 行.
INFO: Run Behavior\ParseTemplateBehavior [ RunTime:0.007840s ]
INFO: [ view_parse ] --END-- [ RunTime:0.007889s ]
INFO: [ view_filter ] --START--
INFO: Run Behavior\WriteHtmlCacheBehavior [ RunTime:0.000215s ]
INFO: [ view_filter ] --END-- [ RunTime:0.000266s ]
INFO: [ app_end ] --START--
INFO: Run Behavior\ShowPageTraceBehavior [ RunTime:0.000504s ]
INFO: [ app_end ] --END-- [ RunTime:0.000559s ]

[ 2016-09-15T17:41:17+08:00 ] ::1 /longchuanwenhua/index.php/Admin/member/list.html
INFO: [ app_init ] --START--
INFO: Run Behavior\BuildLiteBehavior [ RunTime:0.000013s ]
INFO: [ app_init ] --END-- [ RunTime:0.000379s ]
INFO: [ app_begin ] --START--
INFO: Run Behavior\ReadHtmlCacheBehavior [ RunTime:0.000476s ]
INFO: [ app_begin ] --END-- [ RunTime:0.000534s ]
SQL: SHOW COLUMNS FROM `tp_user_group` [ RunTime:0.0522s ]
SQL: SELECT * FROM `tp_user_group`  [ RunTime:0.0481s ]
NOTIC: [8] Undefined index: id D:\www\longchuanwenhua\App\Admin\Controller\MemberController.class.php 第 26 行.
SQL: SHOW COLUMNS FROM `tp_member` [ RunTime:0.0523s ]
SQL: SELECT COUNT(*) AS tp_count FROM `tp_member` WHERE `name` = 'wenlong' AND `mobile` = '15954861505' LIMIT 1   [ RunTime:0.0484s ]
SQL: SELECT * FROM `tp_member` WHERE `name` = 'wenlong' AND `mobile` = '15954861505' LIMIT 0,20   [ RunTime:0.0496s ]
INFO: [ view_parse ] --START--
INFO: [ template_filter ] --START--
INFO: Run Behavior\ContentReplaceBehavior [ RunTime:0.000068s ]
INFO: [ template_filter ] --END-- [ RunTime:0.000137s ]
NOTIC: [8] Undefined index: idCard D:\www\longchuanwenhua\App\Runtime\Cache\Admin\18bc80a3a1335b3d6f94bb81c17b9385.php 第 59 行.
NOTIC: [8] Undefined variable: type D:\www\longchuanwenhua\App\Runtime\Cache\Admin\18bc80a3a1335b3d6f94bb81c17b9385.php 第 102 行.
INFO: Run Behavior\ParseTemplateBehavior [ RunTime:0.008539s ]
INFO: [ view_parse ] --END-- [ RunTime:0.008598s ]
INFO: [ view_filter ] --START--
INFO: Run Behavior\WriteHtmlCacheBehavior [ RunTime:0.000481s ]
INFO: [ view_filter ] --END-- [ RunTime:0.000532s ]
INFO: [ app_end ] --START--
INFO: Run Behavior\ShowPageTraceBehavior [ RunTime:0.000658s ]
INFO: [ app_end ] --END-- [ RunTime:0.000716s ]

[ 2016-09-15T17:48:57+08:00 ] ::1 /longchuanwenhua/index.php/Admin/member/list.html
INFO: [ app_init ] --START--
INFO: Run Behavior\BuildLiteBehavior [ RunTime:0.000016s ]
INFO: [ app_init ] --END-- [ RunTime:0.000526s ]
INFO: [ app_begin ] --START--
INFO: Run Behavior\ReadHtmlCacheBehavior [ RunTime:0.000570s ]
INFO: [ app_begin ] --END-- [ RunTime:0.000634s ]
SQL: SHOW COLUMNS FROM `tp_user_group` [ RunTime:0.0505s ]
SQL: SELECT * FROM `tp_user_group`  [ RunTime:0.0473s ]
NOTIC: [8] Undefined index: id D:\www\longchuanwenhua\App\Admin\Controller\MemberController.class.php 第 26 行.
SQL: SHOW COLUMNS FROM `tp_member` [ RunTime:0.0528s ]
SQL: SELECT COUNT(*) AS tp_count FROM `tp_member` WHERE `name` = 'wenlong' AND `mobile` = '15954861505' LIMIT 1   [ RunTime:0.0476s ]
SQL: SELECT * FROM `tp_member` WHERE `name` = 'wenlong' AND `mobile` = '15954861505' LIMIT 0,20   [ RunTime:0.0482s ]
INFO: [ view_parse ] --START--
INFO: [ template_filter ] --START--
INFO: Run Behavior\ContentReplaceBehavior [ RunTime:0.000075s ]
INFO: [ template_filter ] --END-- [ RunTime:0.000134s ]
NOTIC: [8] Undefined index: idCard D:\www\longchuanwenhua\App\Runtime\Cache\Admin\18bc80a3a1335b3d6f94bb81c17b9385.php 第 60 行.
NOTIC: [8] Undefined variable: type D:\www\longchuanwenhua\App\Runtime\Cache\Admin\18bc80a3a1335b3d6f94bb81c17b9385.php 第 161 行.
INFO: Run Behavior\ParseTemplateBehavior [ RunTime:0.021134s ]
INFO: [ view_parse ] --END-- [ RunTime:0.021193s ]
INFO: [ view_filter ] --START--
INFO: Run Behavior\WriteHtmlCacheBehavior [ RunTime:0.000332s ]
INFO: [ view_filter ] --END-- [ RunTime:0.000374s ]
INFO: [ app_end ] --START--
INFO: Run Behavior\ShowPageTraceBehavior [ RunTime:0.000505s ]
INFO: [ app_end ] --END-- [ RunTime:0.000553s ]

[ 2016-09-15T17:49:31+08:00 ] ::1 /longchuanwenhua/index.php/Admin/member/list.html
INFO: [ app_init ] --START--
INFO: Run Behavior\BuildLiteBehavior [ RunTime:0.000016s ]
INFO: [ app_init ] --END-- [ RunTime:0.000438s ]
INFO: [ app_begin ] --START--
INFO: Run Behavior\ReadHtmlCacheBehavior [ RunTime:0.000439s ]
INFO: [ app_begin ] --END-- [ RunTime:0.000496s ]
SQL: SHOW COLUMNS FROM `tp_user_group` [ RunTime:0.0540s ]
SQL: SELECT * FROM `tp_user_group`  [ RunTime:0.0511s ]
NOTIC: [8] Undefined index: id D:\www\longchuanwenhua\App\Admin\Controller\MemberController.class.php 第 26 行.
SQL: SHOW COLUMNS FROM `tp_member` [ RunTime:0.0552s ]
SQL: SELECT COUNT(*) AS tp_count FROM `tp_member` WHERE `name` = 'wenlong' AND `mobile` = '15954861505' LIMIT 1   [ RunTime:0.0510s ]
SQL: SELECT * FROM `tp_member` WHERE `name` = 'wenlong' AND `mobile` = '15954861505' LIMIT 0,20   [ RunTime:0.0520s ]
INFO: [ view_parse ] --START--
INFO: [ template_filter ] --START--
INFO: Run Behavior\ContentReplaceBehavior [ RunTime:0.000080s ]
INFO: [ template_filter ] --END-- [ RunTime:0.000146s ]
NOTIC: [8] Undefined index: idCard D:\www\longchuanwenhua\App\Runtime\Cache\Admin\18bc80a3a1335b3d6f94bb81c17b9385.php 第 60 行.
NOTIC: [8] Undefined variable: type D:\www\longchuanwenhua\App\Runtime\Cache\Admin\18bc80a3a1335b3d6f94bb81c17b9385.php 第 161 行.
INFO: Run Behavior\ParseTemplateBehavior [ RunTime:0.010479s ]
INFO: [ view_parse ] --END-- [ RunTime:0.010531s ]
INFO: [ view_filter ] --START--
INFO: Run Behavior\WriteHtmlCacheBehavior [ RunTime:0.000278s ]
INFO: [ view_filter ] --END-- [ RunTime:0.000326s ]
INFO: [ app_end ] --START--
INFO: Run Behavior\ShowPageTraceBehavior [ RunTime:0.000428s ]
INFO: [ app_end ] --END-- [ RunTime:0.000474s ]

[ 2016-09-15T17:54:43+08:00 ] ::1 /longchuanwenhua/index.php/Admin/member/list.html
INFO: [ app_init ] --START--
INFO: Run Behavior\BuildLiteBehavior [ RunTime:0.000019s ]
INFO: [ app_init ] --END-- [ RunTime:0.000500s ]
INFO: [ app_begin ] --START--
INFO: Run Behavior\ReadHtmlCacheBehavior [ RunTime:0.000692s ]
INFO: [ app_begin ] --END-- [ RunTime:0.000791s ]
SQL: SHOW COLUMNS FROM `tp_user_group` [ RunTime:0.0465s ]
SQL: SELECT * FROM `tp_user_group`  [ RunTime:0.0433s ]
NOTIC: [8] Undefined index: id D:\www\longchuanwenhua\App\Admin\Controller\MemberController.class.php 第 26 行.
SQL: SHOW COLUMNS FROM `tp_member` [ RunTime:0.0469s ]
SQL: SELECT COUNT(*) AS tp_count FROM `tp_member` WHERE `name` = 'wenlong' AND `mobile` = '15954861505' LIMIT 1   [ RunTime:0.0469s ]
SQL: SELECT * FROM `tp_member` WHERE `name` = 'wenlong' AND `mobile` = '15954861505' LIMIT 0,20   [ RunTime:0.0447s ]
INFO: [ view_parse ] --START--
INFO: [ template_filter ] --START--
INFO: Run Behavior\ContentReplaceBehavior [ RunTime:0.000075s ]
INFO: [ template_filter ] --END-- [ RunTime:0.000138s ]
NOTIC: [8] Undefined index: idCard D:\www\longchuanwenhua\App\Runtime\Cache\Admin\18bc80a3a1335b3d6f94bb81c17b9385.php 第 60 行.
NOTIC: [8] Undefined variable: sickid D:\www\longchuanwenhua\App\Runtime\Cache\Admin\18bc80a3a1335b3d6f94bb81c17b9385.php 第 115 行.
NOTIC: [8] Undefined variable: type D:\www\longchuanwenhua\App\Runtime\Cache\Admin\18bc80a3a1335b3d6f94bb81c17b9385.php 第 161 行.
INFO: Run Behavior\ParseTemplateBehavior [ RunTime:0.011367s ]
INFO: [ view_parse ] --END-- [ RunTime:0.011417s ]
INFO: [ view_filter ] --START--
INFO: Run Behavior\WriteHtmlCacheBehavior [ RunTime:0.000285s ]
INFO: [ view_filter ] --END-- [ RunTime:0.000328s ]
INFO: [ app_end ] --START--
INFO: Run Behavior\ShowPageTraceBehavior [ RunTime:0.000546s ]
INFO: [ app_end ] --END-- [ RunTime:0.000601s ]

[ 2016-09-15T17:55:10+08:00 ] ::1 /longchuanwenhua/index.php/Admin/member/list.html
INFO: [ app_init ] --START--
INFO: Run Behavior\BuildLiteBehavior [ RunTime:0.000014s ]
INFO: [ app_init ] --END-- [ RunTime:0.000401s ]
INFO: [ app_begin ] --START--
INFO: Run Behavior\ReadHtmlCacheBehavior [ RunTime:0.000540s ]
INFO: [ app_begin ] --END-- [ RunTime:0.000600s ]
SQL: SHOW COLUMNS FROM `tp_user_group` [ RunTime:0.0485s ]
SQL: SELECT * FROM `tp_user_group`  [ RunTime:0.0462s ]
NOTIC: [8] Undefined index: id D:\www\longchuanwenhua\App\Admin\Controller\MemberController.class.php 第 26 行.
SQL: SHOW COLUMNS FROM `tp_member` [ RunTime:0.0496s ]
SQL: SELECT COUNT(*) AS tp_count FROM `tp_member` WHERE `name` = 'wenlong' AND `mobile` = '15954861505' LIMIT 1   [ RunTime:0.0464s ]
SQL: SELECT * FROM `tp_member` WHERE `name` = 'wenlong' AND `mobile` = '15954861505' LIMIT 0,20   [ RunTime:0.0470s ]
INFO: [ view_parse ] --START--
INFO: [ template_filter ] --START--
INFO: Run Behavior\ContentReplaceBehavior [ RunTime:0.000083s ]
INFO: [ template_filter ] --END-- [ RunTime:0.000138s ]
NOTIC: [8] Undefined index: idCard D:\www\longchuanwenhua\App\Runtime\Cache\Admin\18bc80a3a1335b3d6f94bb81c17b9385.php 第 60 行.
NOTIC: [8] Undefined variable: sickid D:\www\longchuanwenhua\App\Runtime\Cache\Admin\18bc80a3a1335b3d6f94bb81c17b9385.php 第 115 行.
NOTIC: [8] Undefined variable: type D:\www\longchuanwenhua\App\Runtime\Cache\Admin\18bc80a3a1335b3d6f94bb81c17b9385.php 第 161 行.
INFO: Run Behavior\ParseTemplateBehavior [ RunTime:0.021774s ]
INFO: [ view_parse ] --END-- [ RunTime:0.021854s ]
INFO: [ view_filter ] --START--
INFO: Run Behavior\WriteHtmlCacheBehavior [ RunTime:0.000278s ]
INFO: [ view_filter ] --END-- [ RunTime:0.000321s ]
INFO: [ app_end ] --START--
INFO: Run Behavior\ShowPageTraceBehavior [ RunTime:0.000461s ]
INFO: [ app_end ] --END-- [ RunTime:0.000522s ]

[ 2016-09-15T17:55:33+08:00 ] ::1 /longchuanwenhua/index.php/Admin/member/list.html
INFO: [ app_init ] --START--
INFO: Run Behavior\BuildLiteBehavior [ RunTime:0.000017s ]
INFO: [ app_init ] --END-- [ RunTime:0.000381s ]
INFO: [ app_begin ] --START--
INFO: Run Behavior\ReadHtmlCacheBehavior [ RunTime:0.000593s ]
INFO: [ app_begin ] --END-- [ RunTime:0.000670s ]
SQL: SHOW COLUMNS FROM `tp_user_group` [ RunTime:0.0627s ]
SQL: SELECT * FROM `tp_user_group`  [ RunTime:0.0599s ]
NOTIC: [8] Undefined index: id D:\www\longchuanwenhua\App\Admin\Controller\MemberController.class.php 第 26 行.
SQL: SHOW COLUMNS FROM `tp_member` [ RunTime:0.0633s ]
SQL: SELECT COUNT(*) AS tp_count FROM `tp_member` WHERE `name` = 'wenlong' AND `mobile` = '15954861505' LIMIT 1   [ RunTime:0.0599s ]
SQL: SELECT * FROM `tp_member` WHERE `name` = 'wenlong' AND `mobile` = '15954861505' LIMIT 0,20   [ RunTime:0.0605s ]
INFO: [ view_parse ] --START--
INFO: [ template_filter ] --START--
INFO: Run Behavior\ContentReplaceBehavior [ RunTime:0.000083s ]
INFO: [ template_filter ] --END-- [ RunTime:0.000135s ]
NOTIC: [8] Undefined index: idCard D:\www\longchuanwenhua\App\Runtime\Cache\Admin\18bc80a3a1335b3d6f94bb81c17b9385.php 第 60 行.
NOTIC: [8] Undefined variable: sickid D:\www\longchuanwenhua\App\Runtime\Cache\Admin\18bc80a3a1335b3d6f94bb81c17b9385.php 第 116 行.
NOTIC: [8] Undefined variable: type D:\www\longchuanwenhua\App\Runtime\Cache\Admin\18bc80a3a1335b3d6f94bb81c17b9385.php 第 163 行.
INFO: Run Behavior\ParseTemplateBehavior [ RunTime:0.011442s ]
INFO: [ view_parse ] --END-- [ RunTime:0.011491s ]
INFO: [ view_filter ] --START--
INFO: Run Behavior\WriteHtmlCacheBehavior [ RunTime:0.000220s ]
INFO: [ view_filter ] --END-- [ RunTime:0.000262s ]
INFO: [ app_end ] --START--
INFO: Run Behavior\ShowPageTraceBehavior [ RunTime:0.000410s ]
INFO: [ app_end ] --END-- [ RunTime:0.000454s ]

[ 2016-09-15T17:57:18+08:00 ] ::1 /longchuanwenhua/index.php/Admin/member/list.html
INFO: [ app_init ] --START--
INFO: Run Behavior\BuildLiteBehavior [ RunTime:0.000014s ]
INFO: [ app_init ] --END-- [ RunTime:0.000348s ]
INFO: [ app_begin ] --START--
INFO: Run Behavior\ReadHtmlCacheBehavior [ RunTime:0.000513s ]
INFO: [ app_begin ] --END-- [ RunTime:0.000587s ]
SQL: SHOW COLUMNS FROM `tp_user_group` [ RunTime:0.0961s ]
NOTIC: [2] PDOStatement::execute(): MySQL server has gone away D:\www\longchuanwenhua\ThinkPHP\Library\Think\Db\Driver.class.php 第 169 行.
NOTIC: [2] PDOStatement::execute(): Error reading result set's header D:\www\longchuanwenhua\ThinkPHP\Library\Think\Db\Driver.class.php 第 169 行.
ERR: SQLSTATE[HY000]: General error: 2006 MySQL server has gone away

[ 2016-09-15T17:57:19+08:00 ] ::1 /longchuanwenhua/index.php/Admin/member/list.html
INFO: [ app_init ] --START--
INFO: Run Behavior\BuildLiteBehavior [ RunTime:0.000014s ]
INFO: [ app_init ] --END-- [ RunTime:0.000407s ]
INFO: [ app_begin ] --START--
INFO: Run Behavior\ReadHtmlCacheBehavior [ RunTime:0.000661s ]
INFO: [ app_begin ] --END-- [ RunTime:0.000737s ]
SQL: SHOW COLUMNS FROM `tp_user_group` [ RunTime:0.1853s ]
SQL: SELECT * FROM `tp_user_group`  [ RunTime:0.0475s ]
NOTIC: [8] Undefined index: id D:\www\longchuanwenhua\App\Admin\Controller\MemberController.class.php 第 26 行.
SQL: SHOW COLUMNS FROM `tp_member` [ RunTime:0.0512s ]
SQL: SELECT COUNT(*) AS tp_count FROM `tp_member` WHERE `name` = 'wenlong' AND `mobile` = '15954861505' LIMIT 1   [ RunTime:0.0478s ]
SQL: SELECT * FROM `tp_member` WHERE `name` = 'wenlong' AND `mobile` = '15954861505' LIMIT 0,20   [ RunTime:0.0489s ]
INFO: [ view_parse ] --START--
INFO: [ template_filter ] --START--
INFO: Run Behavior\ContentReplaceBehavior [ RunTime:0.000081s ]
INFO: [ template_filter ] --END-- [ RunTime:0.000135s ]
NOTIC: [8] Undefined index: idCard D:\www\longchuanwenhua\App\Runtime\Cache\Admin\18bc80a3a1335b3d6f94bb81c17b9385.php 第 60 行.
NOTIC: [8] Undefined variable: sickid D:\www\longchuanwenhua\App\Runtime\Cache\Admin\18bc80a3a1335b3d6f94bb81c17b9385.php 第 115 行.
NOTIC: [8] Undefined variable: type D:\www\longchuanwenhua\App\Runtime\Cache\Admin\18bc80a3a1335b3d6f94bb81c17b9385.php 第 161 行.
INFO: Run Behavior\ParseTemplateBehavior [ RunTime:0.022328s ]
INFO: [ view_parse ] --END-- [ RunTime:0.022384s ]
INFO: [ view_filter ] --START--
INFO: Run Behavior\WriteHtmlCacheBehavior [ RunTime:0.000371s ]
INFO: [ view_filter ] --END-- [ RunTime:0.000420s ]
INFO: [ app_end ] --START--
INFO: Run Behavior\ShowPageTraceBehavior [ RunTime:0.000854s ]
INFO: [ app_end ] --END-- [ RunTime:0.000997s ]

[ 2016-09-15T17:58:40+08:00 ] ::1 /longchuanwenhua/index.php/Admin/member/list.html
INFO: [ app_init ] --START--
INFO: Run Behavior\BuildLiteBehavior [ RunTime:0.000021s ]
INFO: [ app_init ] --END-- [ RunTime:0.000581s ]
INFO: [ app_begin ] --START--
INFO: Run Behavior\ReadHtmlCacheBehavior [ RunTime:0.000579s ]
INFO: [ app_begin ] --END-- [ RunTime:0.000660s ]
SQL: SHOW COLUMNS FROM `tp_user_group` [ RunTime:0.0507s ]
SQL: SELECT * FROM `tp_user_group`  [ RunTime:0.0475s ]
NOTIC: [8] Undefined index: id D:\www\longchuanwenhua\App\Admin\Controller\MemberController.class.php 第 30 行.
SQL: SHOW COLUMNS FROM `tp_member` [ RunTime:0.0510s ]
SQL: SELECT COUNT(*) AS tp_count FROM `tp_member` WHERE `name` = 'wenlong' AND `mobile` = '15954861505' LIMIT 1   [ RunTime:0.0479s ]
SQL: SELECT * FROM `tp_member` WHERE `name` = 'wenlong' AND `mobile` = '15954861505' LIMIT 0,20   [ RunTime:0.0488s ]
INFO: [ view_parse ] --START--
INFO: [ template_filter ] --START--
INFO: Run Behavior\ContentReplaceBehavior [ RunTime:0.000083s ]
INFO: [ template_filter ] --END-- [ RunTime:0.000138s ]
NOTIC: [8] Undefined index: idCard D:\www\longchuanwenhua\App\Runtime\Cache\Admin\18bc80a3a1335b3d6f94bb81c17b9385.php 第 60 行.
NOTIC: [8] Undefined variable: type D:\www\longchuanwenhua\App\Runtime\Cache\Admin\18bc80a3a1335b3d6f94bb81c17b9385.php 第 161 行.
INFO: Run Behavior\ParseTemplateBehavior [ RunTime:0.010283s ]
INFO: [ view_parse ] --END-- [ RunTime:0.010336s ]
INFO: [ view_filter ] --START--
INFO: Run Behavior\WriteHtmlCacheBehavior [ RunTime:0.000255s ]
INFO: [ view_filter ] --END-- [ RunTime:0.000305s ]
INFO: [ app_end ] --START--
INFO: Run Behavior\ShowPageTraceBehavior [ RunTime:0.000512s ]
INFO: [ app_end ] --END-- [ RunTime:0.000561s ]

[ 2016-09-15T18:00:37+08:00 ] ::1 /longchuanwenhua/index.php/Admin/member/list.html
INFO: [ app_init ] --START--
INFO: Run Behavior\BuildLiteBehavior [ RunTime:0.000015s ]
INFO: [ app_init ] --END-- [ RunTime:0.000403s ]
INFO: [ app_begin ] --START--
INFO: Run Behavior\ReadHtmlCacheBehavior [ RunTime:0.000466s ]
INFO: [ app_begin ] --END-- [ RunTime:0.000533s ]
SQL: SHOW COLUMNS FROM `tp_user_group` [ RunTime:0.0512s ]
SQL: SELECT * FROM `tp_user_group`  [ RunTime:0.0478s ]
NOTIC: [8] Undefined index: id D:\www\longchuanwenhua\App\Admin\Controller\MemberController.class.php 第 30 行.
SQL: SHOW COLUMNS FROM `tp_member` [ RunTime:0.0520s ]
SQL: SELECT COUNT(*) AS tp_count FROM `tp_member` WHERE `name` = 'wenlong' AND `mobile` = '15954861505' LIMIT 1   [ RunTime:0.0480s ]
SQL: SELECT * FROM `tp_member` WHERE `name` = 'wenlong' AND `mobile` = '15954861505' LIMIT 0,20   [ RunTime:0.0494s ]
INFO: [ view_parse ] --START--
INFO: [ template_filter ] --START--
INFO: Run Behavior\ContentReplaceBehavior [ RunTime:0.000080s ]
INFO: [ template_filter ] --END-- [ RunTime:0.000144s ]
NOTIC: [8] Undefined index: idCard D:\www\longchuanwenhua\App\Runtime\Cache\Admin\18bc80a3a1335b3d6f94bb81c17b9385.php 第 60 行.
NOTIC: [8] Undefined variable: type D:\www\longchuanwenhua\App\Runtime\Cache\Admin\18bc80a3a1335b3d6f94bb81c17b9385.php 第 161 行.
INFO: Run Behavior\ParseTemplateBehavior [ RunTime:0.011876s ]
INFO: [ view_parse ] --END-- [ RunTime:0.011944s ]
INFO: [ view_filter ] --START--
INFO: Run Behavior\WriteHtmlCacheBehavior [ RunTime:0.000470s ]
INFO: [ view_filter ] --END-- [ RunTime:0.000521s ]
INFO: [ app_end ] --START--
INFO: Run Behavior\ShowPageTraceBehavior [ RunTime:0.000765s ]
INFO: [ app_end ] --END-- [ RunTime:0.000834s ]

[ 2016-09-15T18:00:50+08:00 ] ::1 /longchuanwenhua/index.php/Admin/member/list.html
INFO: [ app_init ] --START--
INFO: Run Behavior\BuildLiteBehavior [ RunTime:0.000020s ]
INFO: [ app_init ] --END-- [ RunTime:0.000496s ]
INFO: [ app_begin ] --START--
INFO: Run Behavior\ReadHtmlCacheBehavior [ RunTime:0.000657s ]
INFO: [ app_begin ] --END-- [ RunTime:0.000747s ]
SQL: SHOW COLUMNS FROM `tp_user_group` [ RunTime:0.0537s ]
SQL: SELECT * FROM `tp_user_group`  [ RunTime:0.0512s ]
NOTIC: [8] Undefined index: id D:\www\longchuanwenhua\App\Admin\Controller\MemberController.class.php 第 30 行.
SQL: SHOW COLUMNS FROM `tp_member` [ RunTime:0.0544s ]
SQL: SELECT COUNT(*) AS tp_count FROM `tp_member` WHERE `name` = 'wenlong' AND `mobile` = '15954861505' LIMIT 1   [ RunTime:0.0516s ]
SQL: SELECT * FROM `tp_member` WHERE `name` = 'wenlong' AND `mobile` = '15954861505' LIMIT 0,20   [ RunTime:0.0526s ]
INFO: [ view_parse ] --START--
INFO: [ template_filter ] --START--
INFO: Run Behavior\ContentReplaceBehavior [ RunTime:0.000090s ]
INFO: [ template_filter ] --END-- [ RunTime:0.000148s ]
NOTIC: [8] Undefined index: idCard D:\www\longchuanwenhua\App\Runtime\Cache\Admin\18bc80a3a1335b3d6f94bb81c17b9385.php 第 60 行.
NOTIC: [8] Undefined variable: type D:\www\longchuanwenhua\App\Runtime\Cache\Admin\18bc80a3a1335b3d6f94bb81c17b9385.php 第 161 行.
INFO: Run Behavior\ParseTemplateBehavior [ RunTime:0.012372s ]
INFO: [ view_parse ] --END-- [ RunTime:0.012423s ]
INFO: [ view_filter ] --START--
INFO: Run Behavior\WriteHtmlCacheBehavior [ RunTime:0.000299s ]
INFO: [ view_filter ] --END-- [ RunTime:0.000342s ]
INFO: [ app_end ] --START--
INFO: Run Behavior\ShowPageTraceBehavior [ RunTime:0.000496s ]
INFO: [ app_end ] --END-- [ RunTime:0.000562s ]

[ 2016-09-15T18:06:07+08:00 ] ::1 /longchuanwenhua/index.php/Admin/member/list.html
INFO: [ app_init ] --START--
INFO: Run Behavior\BuildLiteBehavior [ RunTime:0.000016s ]
INFO: [ app_init ] --END-- [ RunTime:0.000515s ]
INFO: [ app_begin ] --START--
INFO: Run Behavior\ReadHtmlCacheBehavior [ RunTime:0.000823s ]
INFO: [ app_begin ] --END-- [ RunTime:0.000906s ]
SQL: SHOW COLUMNS FROM `tp_user_group` [ RunTime:0.0512s ]
SQL: SELECT * FROM `tp_user_group`  [ RunTime:0.0469s ]
NOTIC: [8] Undefined index: id D:\www\longchuanwenhua\App\Admin\Controller\MemberController.class.php 第 30 行.
SQL: SHOW COLUMNS FROM `tp_member` [ RunTime:0.0502s ]
SQL: SELECT COUNT(*) AS tp_count FROM `tp_member` WHERE `name` = 'wenlong' AND `mobile` = '15954861505' LIMIT 1   [ RunTime:0.0501s ]
SQL: SELECT * FROM `tp_member` WHERE `name` = 'wenlong' AND `mobile` = '15954861505' LIMIT 0,20   [ RunTime:0.0479s ]
INFO: [ view_parse ] --START--
INFO: [ template_filter ] --START--
INFO: Run Behavior\ContentReplaceBehavior [ RunTime:0.000076s ]
INFO: [ template_filter ] --END-- [ RunTime:0.000138s ]
NOTIC: [8] Undefined index: idCard D:\www\longchuanwenhua\App\Runtime\Cache\Admin\18bc80a3a1335b3d6f94bb81c17b9385.php 第 60 行.
NOTIC: [8] Undefined variable: type D:\www\longchuanwenhua\App\Runtime\Cache\Admin\18bc80a3a1335b3d6f94bb81c17b9385.php 第 161 行.
INFO: Run Behavior\ParseTemplateBehavior [ RunTime:0.021569s ]
INFO: [ view_parse ] --END-- [ RunTime:0.021618s ]
INFO: [ view_filter ] --START--
INFO: Run Behavior\WriteHtmlCacheBehavior [ RunTime:0.000284s ]
INFO: [ view_filter ] --END-- [ RunTime:0.000326s ]
INFO: [ app_end ] --START--
INFO: Run Behavior\ShowPageTraceBehavior [ RunTime:0.000484s ]
INFO: [ app_end ] --END-- [ RunTime:0.000531s ]

[ 2016-09-15T18:06:16+08:00 ] ::1 /longchuanwenhua/index.php/Admin/member/list.html
INFO: [ app_init ] --START--
INFO: Run Behavior\BuildLiteBehavior [ RunTime:0.000019s ]
INFO: [ app_init ] --END-- [ RunTime:0.000596s ]
INFO: [ app_begin ] --START--
INFO: Run Behavior\ReadHtmlCacheBehavior [ RunTime:0.000448s ]
INFO: [ app_begin ] --END-- [ RunTime:0.000511s ]
SQL: SHOW COLUMNS FROM `tp_user_group` [ RunTime:0.0493s ]
SQL: SELECT * FROM `tp_user_group`  [ RunTime:0.0464s ]
NOTIC: [8] Undefined index: id D:\www\longchuanwenhua\App\Admin\Controller\MemberController.class.php 第 30 行.
SQL: SHOW COLUMNS FROM `tp_member` [ RunTime:0.0500s ]
SQL: SELECT COUNT(*) AS tp_count FROM `tp_member` WHERE `name` = 'wenlong' AND `mobile` = '15954861505' LIMIT 1   [ RunTime:0.0464s ]
SQL: SELECT * FROM `tp_member` WHERE `name` = 'wenlong' AND `mobile` = '15954861505' LIMIT 0,20   [ RunTime:0.0477s ]
INFO: [ view_parse ] --START--
INFO: [ template_filter ] --START--
INFO: Run Behavior\ContentReplaceBehavior [ RunTime:0.000087s ]
INFO: [ template_filter ] --END-- [ RunTime:0.000163s ]
NOTIC: [8] Undefined index: idCard D:\www\longchuanwenhua\App\Runtime\Cache\Admin\18bc80a3a1335b3d6f94bb81c17b9385.php 第 60 行.
NOTIC: [8] Undefined variable: type D:\www\longchuanwenhua\App\Runtime\Cache\Admin\18bc80a3a1335b3d6f94bb81c17b9385.php 第 161 行.
INFO: Run Behavior\ParseTemplateBehavior [ RunTime:0.010635s ]
INFO: [ view_parse ] --END-- [ RunTime:0.010690s ]
INFO: [ view_filter ] --START--
INFO: Run Behavior\WriteHtmlCacheBehavior [ RunTime:0.000210s ]
INFO: [ view_filter ] --END-- [ RunTime:0.000252s ]
INFO: [ app_end ] --START--
INFO: Run Behavior\ShowPageTraceBehavior [ RunTime:0.000423s ]
INFO: [ app_end ] --END-- [ RunTime:0.000472s ]

[ 2016-09-15T18:06:33+08:00 ] ::1 /longchuanwenhua/index.php/Admin/member/list.html
INFO: [ app_init ] --START--
INFO: Run Behavior\BuildLiteBehavior [ RunTime:0.000014s ]
INFO: [ app_init ] --END-- [ RunTime:0.000331s ]
INFO: [ app_begin ] --START--
INFO: Run Behavior\ReadHtmlCacheBehavior [ RunTime:0.000500s ]
INFO: [ app_begin ] --END-- [ RunTime:0.000560s ]
SQL: SHOW COLUMNS FROM `tp_user_group` [ RunTime:0.0504s ]
SQL: SELECT * FROM `tp_user_group`  [ RunTime:0.0481s ]
NOTIC: [8] Undefined index: id D:\www\longchuanwenhua\App\Admin\Controller\MemberController.class.php 第 30 行.
SQL: SHOW COLUMNS FROM `tp_member` [ RunTime:0.0810s ]
SQL: SELECT COUNT(*) AS tp_count FROM `tp_member` LIMIT 1   [ RunTime:0.0480s ]
SQL: SELECT * FROM `tp_member` LIMIT 0,20   [ RunTime:0.0494s ]
INFO: [ view_parse ] --START--
INFO: [ template_filter ] --START--
INFO: Run Behavior\ContentReplaceBehavior [ RunTime:0.000079s ]
INFO: [ template_filter ] --END-- [ RunTime:0.000132s ]
NOTIC: [8] Undefined index: name D:\www\longchuanwenhua\App\Runtime\Cache\Admin\18bc80a3a1335b3d6f94bb81c17b9385.php 第 56 行.
NOTIC: [8] Undefined index: mobile D:\www\longchuanwenhua\App\Runtime\Cache\Admin\18bc80a3a1335b3d6f94bb81c17b9385.php 第 58 行.
NOTIC: [8] Undefined index: idCard D:\www\longchuanwenhua\App\Runtime\Cache\Admin\18bc80a3a1335b3d6f94bb81c17b9385.php 第 60 行.
NOTIC: [8] Undefined variable: type D:\www\longchuanwenhua\App\Runtime\Cache\Admin\18bc80a3a1335b3d6f94bb81c17b9385.php 第 161 行.
INFO: Run Behavior\ParseTemplateBehavior [ RunTime:0.010468s ]
INFO: [ view_parse ] --END-- [ RunTime:0.010520s ]
INFO: [ view_filter ] --START--
INFO: Run Behavior\WriteHtmlCacheBehavior [ RunTime:0.000277s ]
INFO: [ view_filter ] --END-- [ RunTime:0.000326s ]
INFO: [ app_end ] --START--
INFO: Run Behavior\ShowPageTraceBehavior [ RunTime:0.000422s ]
INFO: [ app_end ] --END-- [ RunTime:0.000474s ]

[ 2016-09-15T18:06:57+08:00 ] ::1 /longchuanwenhua/index.php/Admin/member/list.html
INFO: [ app_init ] --START--
INFO: Run Behavior\BuildLiteBehavior [ RunTime:0.000014s ]
INFO: [ app_init ] --END-- [ RunTime:0.000356s ]
INFO: [ app_begin ] --START--
INFO: Run Behavior\ReadHtmlCacheBehavior [ RunTime:0.000431s ]
INFO: [ app_begin ] --END-- [ RunTime:0.000483s ]
SQL: SHOW COLUMNS FROM `tp_user_group` [ RunTime:0.0480s ]
SQL: SELECT * FROM `tp_user_group`  [ RunTime:0.0451s ]
NOTIC: [8] Undefined index: id D:\www\longchuanwenhua\App\Admin\Controller\MemberController.class.php 第 30 行.
SQL: SHOW COLUMNS FROM `tp_member` [ RunTime:0.0481s ]
SQL: SELECT COUNT(*) AS tp_count FROM `tp_member` LIMIT 1   [ RunTime:0.0445s ]
SQL: SELECT * FROM `tp_member` LIMIT 0,20   [ RunTime:0.0451s ]
INFO: [ view_parse ] --START--
INFO: [ template_filter ] --START--
INFO: Run Behavior\ContentReplaceBehavior [ RunTime:0.000082s ]
INFO: [ template_filter ] --END-- [ RunTime:0.000138s ]
NOTIC: [8] Undefined index: name D:\www\longchuanwenhua\App\Runtime\Cache\Admin\18bc80a3a1335b3d6f94bb81c17b9385.php 第 56 行.
NOTIC: [8] Undefined index: mobile D:\www\longchuanwenhua\App\Runtime\Cache\Admin\18bc80a3a1335b3d6f94bb81c17b9385.php 第 58 行.
NOTIC: [8] Undefined index: idCard D:\www\longchuanwenhua\App\Runtime\Cache\Admin\18bc80a3a1335b3d6f94bb81c17b9385.php 第 60 行.
NOTIC: [8] Undefined variable: type D:\www\longchuanwenhua\App\Runtime\Cache\Admin\18bc80a3a1335b3d6f94bb81c17b9385.php 第 161 行.
INFO: Run Behavior\ParseTemplateBehavior [ RunTime:0.010577s ]
INFO: [ view_parse ] --END-- [ RunTime:0.010636s ]
INFO: [ view_filter ] --START--
INFO: Run Behavior\WriteHtmlCacheBehavior [ RunTime:0.000324s ]
INFO: [ view_filter ] --END-- [ RunTime:0.000376s ]
INFO: [ app_end ] --START--
INFO: Run Behavior\ShowPageTraceBehavior [ RunTime:0.000536s ]
INFO: [ app_end ] --END-- [ RunTime:0.000588s ]

[ 2016-09-15T18:07:36+08:00 ] ::1 /longchuanwenhua/index.php/Admin/member/list.html
INFO: [ app_init ] --START--
INFO: Run Behavior\BuildLiteBehavior [ RunTime:0.000018s ]
INFO: [ app_init ] --END-- [ RunTime:0.000401s ]
INFO: [ app_begin ] --START--
INFO: Run Behavior\ReadHtmlCacheBehavior [ RunTime:0.000465s ]
INFO: [ app_begin ] --END-- [ RunTime:0.000529s ]
SQL: SHOW COLUMNS FROM `tp_user_group` [ RunTime:0.0520s ]
SQL: SELECT * FROM `tp_user_group`  [ RunTime:0.0479s ]
NOTIC: [8] Undefined index: id D:\www\longchuanwenhua\App\Admin\Controller\MemberController.class.php 第 30 行.
SQL: SHOW COLUMNS FROM `tp_member` [ RunTime:0.0517s ]
SQL: SELECT COUNT(*) AS tp_count FROM `tp_member` LIMIT 1   [ RunTime:0.0479s ]
SQL: SELECT * FROM `tp_member` LIMIT 0,20   [ RunTime:0.0497s ]
INFO: [ view_parse ] --START--
INFO: [ template_filter ] --START--
INFO: Run Behavior\ContentReplaceBehavior [ RunTime:0.000081s ]
INFO: [ template_filter ] --END-- [ RunTime:0.000136s ]
NOTIC: [8] Undefined index: name D:\www\longchuanwenhua\App\Runtime\Cache\Admin\18bc80a3a1335b3d6f94bb81c17b9385.php 第 56 行.
NOTIC: [8] Undefined index: mobile D:\www\longchuanwenhua\App\Runtime\Cache\Admin\18bc80a3a1335b3d6f94bb81c17b9385.php 第 58 行.
NOTIC: [8] Undefined index: idCard D:\www\longchuanwenhua\App\Runtime\Cache\Admin\18bc80a3a1335b3d6f94bb81c17b9385.php 第 60 行.
NOTIC: [8] Undefined variable: type D:\www\longchuanwenhua\App\Runtime\Cache\Admin\18bc80a3a1335b3d6f94bb81c17b9385.php 第 161 行.
INFO: Run Behavior\ParseTemplateBehavior [ RunTime:0.010436s ]
INFO: [ view_parse ] --END-- [ RunTime:0.010493s ]
INFO: [ view_filter ] --START--
INFO: Run Behavior\WriteHtmlCacheBehavior [ RunTime:0.000340s ]
INFO: [ view_filter ] --END-- [ RunTime:0.000391s ]
INFO: [ app_end ] --START--
INFO: Run Behavior\ShowPageTraceBehavior [ RunTime:0.000598s ]
INFO: [ app_end ] --END-- [ RunTime:0.000688s ]

[ 2016-09-15T18:08:07+08:00 ] ::1 /longchuanwenhua/index.php/Admin/member/list.html
INFO: [ app_init ] --START--
INFO: Run Behavior\BuildLiteBehavior [ RunTime:0.000017s ]
INFO: [ app_init ] --END-- [ RunTime:0.000373s ]
INFO: [ app_begin ] --START--
INFO: Run Behavior\ReadHtmlCacheBehavior [ RunTime:0.000435s ]
INFO: [ app_begin ] --END-- [ RunTime:0.000493s ]
SQL: SHOW COLUMNS FROM `tp_user_group` [ RunTime:0.0477s ]
SQL: SELECT * FROM `tp_user_group`  [ RunTime:0.0453s ]
NOTIC: [8] Undefined index: id D:\www\longchuanwenhua\App\Admin\Controller\MemberController.class.php 第 30 行.
SQL: SHOW COLUMNS FROM `tp_member` [ RunTime:0.0482s ]
SQL: SELECT COUNT(*) AS tp_count FROM `tp_member` LIMIT 1   [ RunTime:0.0454s ]
SQL: SELECT * FROM `tp_member` LIMIT 0,20   [ RunTime:0.0466s ]
INFO: [ view_parse ] --START--
INFO: [ template_filter ] --START--
INFO: Run Behavior\ContentReplaceBehavior [ RunTime:0.000085s ]
INFO: [ template_filter ] --END-- [ RunTime:0.000138s ]
NOTIC: [8] Undefined index: name D:\www\longchuanwenhua\App\Runtime\Cache\Admin\18bc80a3a1335b3d6f94bb81c17b9385.php 第 56 行.
NOTIC: [8] Undefined index: mobile D:\www\longchuanwenhua\App\Runtime\Cache\Admin\18bc80a3a1335b3d6f94bb81c17b9385.php 第 58 行.
NOTIC: [8] Undefined index: idCard D:\www\longchuanwenhua\App\Runtime\Cache\Admin\18bc80a3a1335b3d6f94bb81c17b9385.php 第 60 行.
NOTIC: [8] Undefined variable: type D:\www\longchuanwenhua\App\Runtime\Cache\Admin\18bc80a3a1335b3d6f94bb81c17b9385.php 第 161 行.
INFO: Run Behavior\ParseTemplateBehavior [ RunTime:0.010529s ]
INFO: [ view_parse ] --END-- [ RunTime:0.010584s ]
INFO: [ view_filter ] --START--
INFO: Run Behavior\WriteHtmlCacheBehavior [ RunTime:0.000294s ]
INFO: [ view_filter ] --END-- [ RunTime:0.000338s ]
INFO: [ app_end ] --START--
INFO: Run Behavior\ShowPageTraceBehavior [ RunTime:0.000433s ]
INFO: [ app_end ] --END-- [ RunTime:0.000477s ]

[ 2016-09-15T18:08:27+08:00 ] ::1 /longchuanwenhua/index.php/Admin/member/list.html
INFO: [ app_init ] --START--
INFO: Run Behavior\BuildLiteBehavior [ RunTime:0.000017s ]
INFO: [ app_init ] --END-- [ RunTime:0.000425s ]
INFO: [ app_begin ] --START--
INFO: Run Behavior\ReadHtmlCacheBehavior [ RunTime:0.000512s ]
INFO: [ app_begin ] --END-- [ RunTime:0.000580s ]
SQL: SHOW COLUMNS FROM `tp_user_group` [ RunTime:0.0547s ]
SQL: SELECT * FROM `tp_user_group`  [ RunTime:0.0518s ]
NOTIC: [8] Undefined index: id D:\www\longchuanwenhua\App\Admin\Controller\MemberController.class.php 第 30 行.
SQL: SHOW COLUMNS FROM `tp_member` [ RunTime:0.0548s ]
SQL: SELECT COUNT(*) AS tp_count FROM `tp_member` LIMIT 1   [ RunTime:0.0515s ]
SQL: SELECT * FROM `tp_member` LIMIT 0,20   [ RunTime:0.0532s ]
INFO: [ view_parse ] --START--
INFO: [ template_filter ] --START--
INFO: Run Behavior\ContentReplaceBehavior [ RunTime:0.000091s ]
INFO: [ template_filter ] --END-- [ RunTime:0.000153s ]
NOTIC: [8] Undefined index: name D:\www\longchuanwenhua\App\Runtime\Cache\Admin\18bc80a3a1335b3d6f94bb81c17b9385.php 第 56 行.
NOTIC: [8] Undefined index: mobile D:\www\longchuanwenhua\App\Runtime\Cache\Admin\18bc80a3a1335b3d6f94bb81c17b9385.php 第 58 行.
NOTIC: [8] Undefined index: idCard D:\www\longchuanwenhua\App\Runtime\Cache\Admin\18bc80a3a1335b3d6f94bb81c17b9385.php 第 60 行.
NOTIC: [8] Undefined variable: type D:\www\longchuanwenhua\App\Runtime\Cache\Admin\18bc80a3a1335b3d6f94bb81c17b9385.php 第 161 行.
INFO: Run Behavior\ParseTemplateBehavior [ RunTime:0.011634s ]
INFO: [ view_parse ] --END-- [ RunTime:0.011690s ]
INFO: [ view_filter ] --START--
INFO: Run Behavior\WriteHtmlCacheBehavior [ RunTime:0.000474s ]
INFO: [ view_filter ] --END-- [ RunTime:0.000532s ]
INFO: [ app_end ] --START--
INFO: Run Behavior\ShowPageTraceBehavior [ RunTime:0.000611s ]
INFO: [ app_end ] --END-- [ RunTime:0.000670s ]

