[ 2016-09-27T13:39:15+08:00 ] ::1 /longhcuanwenhua/index.php?s=/admin/package/type/1.html
INFO: [ app_init ] --START--
INFO: Run Behavior\BuildLiteBehavior [ RunTime:0.000008s ]
INFO: [ app_init ] --END-- [ RunTime:0.000244s ]
INFO: [ app_begin ] --START--
INFO: Run Behavior\ReadHtmlCacheBehavior [ RunTime:0.000275s ]
INFO: [ app_begin ] --END-- [ RunTime:0.000307s ]

[ 2016-09-27T13:39:15+08:00 ] ::1 /longhcuanwenhua/index.php?s=/Admin/Users/login.html
INFO: [ app_init ] --START--
INFO: Run Behavior\BuildLiteBehavior [ RunTime:0.000010s ]
INFO: [ app_init ] --END-- [ RunTime:0.000225s ]
INFO: [ app_begin ] --START--
INFO: Run Behavior\ReadHtmlCacheBehavior [ RunTime:0.000249s ]
INFO: [ app_begin ] --END-- [ RunTime:0.000281s ]
INFO: [ view_parse ] --START--
INFO: [ template_filter ] --START--
INFO: Run Behavior\ContentReplaceBehavior [ RunTime:0.000027s ]
INFO: [ template_filter ] --END-- [ RunTime:0.000060s ]
INFO: Run Behavior\ParseTemplateBehavior [ RunTime:0.003463s ]
INFO: [ view_parse ] --END-- [ RunTime:0.003497s ]
INFO: [ view_filter ] --START--
INFO: Run Behavior\WriteHtmlCacheBehavior [ RunTime:0.000162s ]
INFO: [ view_filter ] --END-- [ RunTime:0.000182s ]
INFO: [ app_end ] --START--
INFO: Run Behavior\ShowPageTraceBehavior [ RunTime:0.000291s ]
INFO: [ app_end ] --END-- [ RunTime:0.000313s ]

[ 2016-09-27T13:39:15+08:00 ] ::1 /longhcuanwenhua/index.php?s=/admin/users/verify.html
INFO: [ app_init ] --START--
INFO: Run Behavior\BuildLiteBehavior [ RunTime:0.000009s ]
INFO: [ app_init ] --END-- [ RunTime:0.000217s ]
INFO: [ app_begin ] --START--
INFO: Run Behavior\ReadHtmlCacheBehavior [ RunTime:0.000268s ]
INFO: [ app_begin ] --END-- [ RunTime:0.000301s ]
INFO: [ app_end ] --START--
INFO: Run Behavior\ShowPageTraceBehavior [ RunTime:0.000319s ]
INFO: [ app_end ] --END-- [ RunTime:0.000363s ]

[ 2016-09-27T13:39:21+08:00 ] ::1 /longhcuanwenhua/index.php?s=/admin/users/login.html
INFO: [ app_init ] --START--
INFO: Run Behavior\BuildLiteBehavior [ RunTime:0.000009s ]
INFO: [ app_init ] --END-- [ RunTime:0.000210s ]
INFO: [ app_begin ] --START--
INFO: Run Behavior\ReadHtmlCacheBehavior [ RunTime:0.000252s ]
INFO: [ app_begin ] --END-- [ RunTime:0.000283s ]
NOTIC: [8] Undefined variable: id D:\WWW\longhcuanwenhua\App\Admin\Controller\UsersController.class.php 第 18 行.
SQL: SHOW COLUMNS FROM `tp_user` [ RunTime:0.1549s ]
SQL: SELECT * FROM `tp_user` WHERE `name` = 'admin' AND `pwd` = 'e10adc3949ba59abbe56e057f20f883e' LIMIT 1   [ RunTime:0.1782s ]
INFO: [ view_parse ] --START--
INFO: [ template_filter ] --START--
INFO: Run Behavior\ContentReplaceBehavior [ RunTime:0.000023s ]
INFO: [ template_filter ] --END-- [ RunTime:0.000054s ]
INFO: Run Behavior\ParseTemplateBehavior [ RunTime:0.003153s ]
INFO: [ view_parse ] --END-- [ RunTime:0.003187s ]
INFO: [ view_filter ] --START--
INFO: Run Behavior\WriteHtmlCacheBehavior [ RunTime:0.000128s ]
INFO: [ view_filter ] --END-- [ RunTime:0.000149s ]
INFO: [ app_end ] --START--
INFO: Run Behavior\ShowPageTraceBehavior [ RunTime:0.000258s ]
INFO: [ app_end ] --END-- [ RunTime:0.000282s ]

[ 2016-09-27T13:39:23+08:00 ] ::1 /longhcuanwenhua/index.php?s=/Admin/Index/index
INFO: [ app_init ] --START--
INFO: Run Behavior\BuildLiteBehavior [ RunTime:0.000008s ]
INFO: [ app_init ] --END-- [ RunTime:0.000238s ]
INFO: [ app_begin ] --START--
INFO: Run Behavior\ReadHtmlCacheBehavior [ RunTime:0.000250s ]
INFO: [ app_begin ] --END-- [ RunTime:0.000280s ]
SQL: SHOW COLUMNS FROM `tp_user_group` [ RunTime:0.1125s ]
SQL: SELECT * FROM `tp_user_group`  [ RunTime:0.1336s ]
INFO: [ view_parse ] --START--
INFO: [ template_filter ] --START--
INFO: Run Behavior\ContentReplaceBehavior [ RunTime:0.000042s ]
INFO: [ template_filter ] --END-- [ RunTime:0.000092s ]
NOTIC: [8] Array to string conversion D:\WWW\longhcuanwenhua\App\Runtime\Cache\Admin\9df924d9a2d217daa77a359c5bee0c33.php 第 19 行.
INFO: Run Behavior\ParseTemplateBehavior [ RunTime:0.003888s ]
INFO: [ view_parse ] --END-- [ RunTime:0.003922s ]
INFO: [ view_filter ] --START--
INFO: Run Behavior\WriteHtmlCacheBehavior [ RunTime:0.000166s ]
INFO: [ view_filter ] --END-- [ RunTime:0.000187s ]
INFO: [ app_end ] --START--
INFO: Run Behavior\ShowPageTraceBehavior [ RunTime:0.000296s ]
INFO: [ app_end ] --END-- [ RunTime:0.000332s ]

[ 2016-09-27T13:39:25+08:00 ] ::1 /longhcuanwenhua/index.php?s=/admin/index/flash.html
INFO: [ app_init ] --START--
INFO: Run Behavior\BuildLiteBehavior [ RunTime:0.000010s ]
INFO: [ app_init ] --END-- [ RunTime:0.000253s ]
INFO: [ app_begin ] --START--
INFO: Run Behavior\ReadHtmlCacheBehavior [ RunTime:0.000445s ]
INFO: [ app_begin ] --END-- [ RunTime:0.000491s ]
SQL: SHOW COLUMNS FROM `tp_user_group` [ RunTime:0.1121s ]
SQL: SELECT * FROM `tp_user_group`  [ RunTime:0.0993s ]
SQL: SHOW COLUMNS FROM `tp_flash` [ RunTime:0.1292s ]
SQL: SELECT COUNT(*) AS tp_count FROM `tp_flash` LIMIT 1   [ RunTime:0.4075s ]
SQL: SELECT * FROM `tp_flash` LIMIT 0,20   [ RunTime:0.0538s ]
INFO: [ view_parse ] --START--
INFO: [ template_filter ] --START--
INFO: Run Behavior\ContentReplaceBehavior [ RunTime:0.000034s ]
INFO: [ template_filter ] --END-- [ RunTime:0.000075s ]
NOTIC: [8] Undefined variable: type D:\WWW\longhcuanwenhua\App\Runtime\Cache\Admin\d9a1363b41819a08f613d513b674c4dc.php 第 43 行.
INFO: Run Behavior\ParseTemplateBehavior [ RunTime:0.004451s ]
INFO: [ view_parse ] --END-- [ RunTime:0.004485s ]
INFO: [ view_filter ] --START--
INFO: Run Behavior\WriteHtmlCacheBehavior [ RunTime:0.000176s ]
INFO: [ view_filter ] --END-- [ RunTime:0.000212s ]
INFO: [ app_end ] --START--
INFO: Run Behavior\ShowPageTraceBehavior [ RunTime:0.000272s ]
INFO: [ app_end ] --END-- [ RunTime:0.000297s ]

[ 2016-09-27T13:39:26+08:00 ] ::1 /longhcuanwenhua/index.php?s=/admin/income/list.html
INFO: [ app_init ] --START--
INFO: Run Behavior\BuildLiteBehavior [ RunTime:0.000010s ]
INFO: [ app_init ] --END-- [ RunTime:0.000238s ]
INFO: [ app_begin ] --START--
INFO: Run Behavior\ReadHtmlCacheBehavior [ RunTime:0.000314s ]
INFO: [ app_begin ] --END-- [ RunTime:0.000369s ]
SQL: SHOW COLUMNS FROM `tp_user_group` [ RunTime:0.0540s ]
SQL: SELECT * FROM `tp_user_group`  [ RunTime:0.0515s ]
NOTIC: [8] Undefined index: id D:\WWW\longhcuanwenhua\App\Admin\Controller\FinanceController.class.php 第 8 行.
SQL: SHOW COLUMNS FROM `tp_vip_order` [ RunTime:0.0547s ]
SQL: SELECT COUNT(*) AS tp_count FROM tp_vip_order as o WHERE (  o.order_status = 2 ) LIMIT 1   [ RunTime:0.0617s ]
SQL: SELECT o.*,m.name,m.birthday,m.idCard,m.mobile FROM tp_vip_order as o left JOIN tp_member as m on o.user_id = m.id  WHERE (  o.order_status = 2 ) LIMIT 0,20   [ RunTime:0.0536s ]
SQL: SHOW COLUMNS FROM `tp_vip_order` [ RunTime:0.0547s ]
SQL: SELECT SUM(money) AS tp_sum FROM `tp_vip_order` WHERE ( order_status = 2 ) LIMIT 1   [ RunTime:0.0567s ]
INFO: [ view_parse ] --START--
INFO: [ template_filter ] --START--
INFO: Run Behavior\ContentReplaceBehavior [ RunTime:0.000046s ]
INFO: [ template_filter ] --END-- [ RunTime:0.000078s ]
NOTIC: [8] Undefined index: name D:\WWW\longhcuanwenhua\App\Runtime\Cache\Admin\31d3db9de1d18f82fe3f94ec6f55d2fa.php 第 57 行.
NOTIC: [8] Undefined index: mobile D:\WWW\longhcuanwenhua\App\Runtime\Cache\Admin\31d3db9de1d18f82fe3f94ec6f55d2fa.php 第 59 行.
NOTIC: [8] Undefined index: idCard D:\WWW\longhcuanwenhua\App\Runtime\Cache\Admin\31d3db9de1d18f82fe3f94ec6f55d2fa.php 第 61 行.
NOTIC: [8] Undefined index: diagnose D:\WWW\longhcuanwenhua\App\Runtime\Cache\Admin\31d3db9de1d18f82fe3f94ec6f55d2fa.php 第 114 行.
NOTIC: [8] Undefined variable: sickid D:\WWW\longhcuanwenhua\App\Runtime\Cache\Admin\31d3db9de1d18f82fe3f94ec6f55d2fa.php 第 114 行.
NOTIC: [8] Undefined index: illness_time D:\WWW\longhcuanwenhua\App\Runtime\Cache\Admin\31d3db9de1d18f82fe3f94ec6f55d2fa.php 第 118 行.
NOTIC: [8] Undefined index: illness_time D:\WWW\longhcuanwenhua\App\Runtime\Cache\Admin\31d3db9de1d18f82fe3f94ec6f55d2fa.php 第 118 行.
NOTIC: [8] Undefined index: illness_history D:\WWW\longhcuanwenhua\App\Runtime\Cache\Admin\31d3db9de1d18f82fe3f94ec6f55d2fa.php 第 123 行.
NOTIC: [8] Undefined index: gm_history D:\WWW\longhcuanwenhua\App\Runtime\Cache\Admin\31d3db9de1d18f82fe3f94ec6f55d2fa.php 第 128 行.
NOTIC: [8] Undefined index: jz_history D:\WWW\longhcuanwenhua\App\Runtime\Cache\Admin\31d3db9de1d18f82fe3f94ec6f55d2fa.php 第 133 行.
NOTIC: [8] Undefined index: cq_domicile D:\WWW\longhcuanwenhua\App\Runtime\Cache\Admin\31d3db9de1d18f82fe3f94ec6f55d2fa.php 第 138 行.
NOTIC: [8] Undefined index: description D:\WWW\longhcuanwenhua\App\Runtime\Cache\Admin\31d3db9de1d18f82fe3f94ec6f55d2fa.php 第 143 行.
NOTIC: [8] Undefined variable: type D:\WWW\longhcuanwenhua\App\Runtime\Cache\Admin\31d3db9de1d18f82fe3f94ec6f55d2fa.php 第 160 行.
INFO: Run Behavior\ParseTemplateBehavior [ RunTime:0.006108s ]
INFO: [ view_parse ] --END-- [ RunTime:0.006141s ]
INFO: [ view_filter ] --START--
INFO: Run Behavior\WriteHtmlCacheBehavior [ RunTime:0.000146s ]
INFO: [ view_filter ] --END-- [ RunTime:0.000166s ]
INFO: [ app_end ] --START--
INFO: Run Behavior\ShowPageTraceBehavior [ RunTime:0.000266s ]
INFO: [ app_end ] --END-- [ RunTime:0.000290s ]

[ 2016-09-27T13:39:30+08:00 ] ::1 /longhcuanwenhua/index.php?s=/admin/package/list.html
INFO: [ app_init ] --START--
INFO: Run Behavior\BuildLiteBehavior [ RunTime:0.000009s ]
INFO: [ app_init ] --END-- [ RunTime:0.000333s ]
INFO: [ app_begin ] --START--
INFO: Run Behavior\ReadHtmlCacheBehavior [ RunTime:0.000355s ]
INFO: [ app_begin ] --END-- [ RunTime:0.000403s ]
SQL: SHOW COLUMNS FROM `tp_user_group` [ RunTime:0.0520s ]
SQL: SELECT * FROM `tp_user_group`  [ RunTime:0.0584s ]
SQL: SHOW COLUMNS FROM `tp_package` [ RunTime:0.0518s ]
SQL: SELECT COUNT(*) AS tp_count FROM `tp_package` LIMIT 1   [ RunTime:0.0508s ]
SQL: SELECT * FROM `tp_package` LIMIT 0,20   [ RunTime:0.0511s ]
INFO: [ view_parse ] --START--
INFO: [ template_filter ] --START--
INFO: Run Behavior\ContentReplaceBehavior [ RunTime:0.000042s ]
INFO: [ template_filter ] --END-- [ RunTime:0.000112s ]
INFO: Run Behavior\ParseTemplateBehavior [ RunTime:0.004510s ]
INFO: [ view_parse ] --END-- [ RunTime:0.004553s ]
INFO: [ view_filter ] --START--
INFO: Run Behavior\WriteHtmlCacheBehavior [ RunTime:0.000150s ]
INFO: [ view_filter ] --END-- [ RunTime:0.000172s ]
INFO: [ app_end ] --START--
INFO: Run Behavior\ShowPageTraceBehavior [ RunTime:0.000289s ]
INFO: [ app_end ] --END-- [ RunTime:0.000315s ]

