[ 2016-10-20T14:56:33+08:00 ] 124.129.141.251 /index.php?s=/Admin/Users/login.html
INFO: [ app_init ] --START--
INFO: Run Behavior\BuildLiteBehavior [ RunTime:0.000018s ]
INFO: [ app_init ] --END-- [ RunTime:0.000384s ]
INFO: [ app_begin ] --START--
INFO: Run Behavior\ReadHtmlCacheBehavior [ RunTime:0.000490s ]
INFO: [ app_begin ] --END-- [ RunTime:0.000549s ]
INFO: [ view_parse ] --START--
INFO: [ template_filter ] --START--
INFO: Run Behavior\ContentReplaceBehavior [ RunTime:0.000035s ]
INFO: [ template_filter ] --END-- [ RunTime:0.000088s ]
INFO: Run Behavior\ParseTemplateBehavior [ RunTime:0.006199s ]
INFO: [ view_parse ] --END-- [ RunTime:0.006249s ]
INFO: [ view_filter ] --START--
INFO: Run Behavior\WriteHtmlCacheBehavior [ RunTime:0.000277s ]
INFO: [ view_filter ] --END-- [ RunTime:0.000318s ]
INFO: [ app_end ] --START--
INFO: Run Behavior\ShowPageTraceBehavior [ RunTime:0.000551s ]
INFO: [ app_end ] --END-- [ RunTime:0.000600s ]

[ 2016-10-20T14:56:33+08:00 ] 124.129.141.251 /index.php?s=/admin/users/verify.html
INFO: [ app_init ] --START--
INFO: Run Behavior\BuildLiteBehavior [ RunTime:0.000034s ]
INFO: [ app_init ] --END-- [ RunTime:0.000638s ]
INFO: [ app_begin ] --START--
INFO: Run Behavior\ReadHtmlCacheBehavior [ RunTime:0.000708s ]
INFO: [ app_begin ] --END-- [ RunTime:0.000786s ]
INFO: [ app_end ] --START--
INFO: Run Behavior\ShowPageTraceBehavior [ RunTime:0.000629s ]
INFO: [ app_end ] --END-- [ RunTime:0.000713s ]

[ 2016-10-20T14:56:37+08:00 ] 124.129.141.251 /index.php?s=/admin/users/verify.html
INFO: [ app_init ] --START--
INFO: Run Behavior\BuildLiteBehavior [ RunTime:0.000019s ]
INFO: [ app_init ] --END-- [ RunTime:0.000390s ]
INFO: [ app_begin ] --START--
INFO: Run Behavior\ReadHtmlCacheBehavior [ RunTime:0.000532s ]
INFO: [ app_begin ] --END-- [ RunTime:0.000583s ]
INFO: [ app_end ] --START--
INFO: Run Behavior\ShowPageTraceBehavior [ RunTime:0.000600s ]
INFO: [ app_end ] --END-- [ RunTime:0.000672s ]

[ 2016-10-20T14:56:40+08:00 ] 124.129.141.251 /index.php?s=/admin/users/login.html
INFO: [ app_init ] --START--
INFO: Run Behavior\BuildLiteBehavior [ RunTime:0.000019s ]
INFO: [ app_init ] --END-- [ RunTime:0.000398s ]
INFO: [ app_begin ] --START--
INFO: Run Behavior\ReadHtmlCacheBehavior [ RunTime:0.000535s ]
INFO: [ app_begin ] --END-- [ RunTime:0.000594s ]
NOTIC: [8] Undefined variable: id /data/home/hyu2409230001/htdocs/App/Admin/Controller/UsersController.class.php 第 18 行.
SQL: SHOW COLUMNS FROM `tp_user` [ RunTime:0.0011s ]
SQL: SELECT * FROM `tp_user` WHERE `name` = 'ADMIN' AND `pwd` = 'e10adc3949ba59abbe56e057f20f883e' LIMIT 1   [ RunTime:0.0004s ]
INFO: [ view_parse ] --START--
INFO: [ template_filter ] --START--
INFO: Run Behavior\ContentReplaceBehavior [ RunTime:0.000039s ]
INFO: [ template_filter ] --END-- [ RunTime:0.000097s ]
INFO: Run Behavior\ParseTemplateBehavior [ RunTime:0.006277s ]
INFO: [ view_parse ] --END-- [ RunTime:0.006365s ]
INFO: [ view_filter ] --START--
INFO: Run Behavior\WriteHtmlCacheBehavior [ RunTime:0.000273s ]
INFO: [ view_filter ] --END-- [ RunTime:0.000320s ]
INFO: [ app_end ] --START--
INFO: Run Behavior\ShowPageTraceBehavior [ RunTime:0.000529s ]
INFO: [ app_end ] --END-- [ RunTime:0.000580s ]

[ 2016-10-20T14:56:41+08:00 ] 124.129.141.251 /index.php?s=/Admin/Index/index
INFO: [ app_init ] --START--
INFO: Run Behavior\BuildLiteBehavior [ RunTime:0.000021s ]
INFO: [ app_init ] --END-- [ RunTime:0.000399s ]
INFO: [ app_begin ] --START--
INFO: Run Behavior\ReadHtmlCacheBehavior [ RunTime:0.000554s ]
INFO: [ app_begin ] --END-- [ RunTime:0.000625s ]
SQL: SHOW COLUMNS FROM `tp_user_group` [ RunTime:0.0011s ]
SQL: SELECT * FROM `tp_user_group`  [ RunTime:0.0004s ]
INFO: [ view_parse ] --START--
INFO: [ template_filter ] --START--
INFO: Run Behavior\ContentReplaceBehavior [ RunTime:0.000040s ]
INFO: [ template_filter ] --END-- [ RunTime:0.000093s ]
INFO: Run Behavior\ParseTemplateBehavior [ RunTime:0.007096s ]
INFO: [ view_parse ] --END-- [ RunTime:0.007156s ]
INFO: [ view_filter ] --START--
INFO: Run Behavior\WriteHtmlCacheBehavior [ RunTime:0.000222s ]
INFO: [ view_filter ] --END-- [ RunTime:0.000259s ]
INFO: [ app_end ] --START--
INFO: Run Behavior\ShowPageTraceBehavior [ RunTime:0.000515s ]
INFO: [ app_end ] --END-- [ RunTime:0.000574s ]

[ 2016-10-20T14:56:42+08:00 ] 124.129.141.251 /index.php?s=/admin/member/list.html
INFO: [ app_init ] --START--
INFO: Run Behavior\BuildLiteBehavior [ RunTime:0.000020s ]
INFO: [ app_init ] --END-- [ RunTime:0.000913s ]
INFO: [ app_begin ] --START--
INFO: Run Behavior\ReadHtmlCacheBehavior [ RunTime:0.000505s ]
INFO: [ app_begin ] --END-- [ RunTime:0.000557s ]
SQL: SHOW COLUMNS FROM `tp_user_group` [ RunTime:0.0008s ]
SQL: SELECT * FROM `tp_user_group`  [ RunTime:0.0003s ]
NOTIC: [8] Undefined index: id /data/home/hyu2409230001/htdocs/App/Admin/Controller/MemberController.class.php 第 30 行.
SQL: SHOW COLUMNS FROM `tp_member` [ RunTime:0.0014s ]
SQL: SELECT COUNT(*) AS tp_count FROM `tp_member` LIMIT 1   [ RunTime:0.0003s ]
SQL: SELECT * FROM `tp_member` LIMIT 0,20   [ RunTime:0.0007s ]
NOTIC: [8] Undefined variable: img_str /data/home/hyu2409230001/htdocs/App/Admin/Controller/MemberController.class.php 第 42 行.
SQL: SHOW COLUMNS FROM `tp_img` [ RunTime:0.0009s ]
SQL: SELECT * FROM `tp_img` WHERE ( server_id in ("vI_65IAiuoVd_dMFClfGCYpylDm9LNgRY5-vVElOCzLmtbPXhA74E1HsI4c0814y") )  [ RunTime:0.0005s ]
INFO: [ view_parse ] --START--
INFO: [ template_filter ] --START--
INFO: Run Behavior\ContentReplaceBehavior [ RunTime:0.000051s ]
INFO: [ template_filter ] --END-- [ RunTime:0.000101s ]
NOTIC: [8] Undefined index: name /data/home/hyu2409230001/htdocs/App/Runtime/Cache/Admin/18bc80a3a1335b3d6f94bb81c17b9385.php 第 56 行.
NOTIC: [8] Undefined index: mobile /data/home/hyu2409230001/htdocs/App/Runtime/Cache/Admin/18bc80a3a1335b3d6f94bb81c17b9385.php 第 58 行.
NOTIC: [8] Undefined index: idCard /data/home/hyu2409230001/htdocs/App/Runtime/Cache/Admin/18bc80a3a1335b3d6f94bb81c17b9385.php 第 60 行.
NOTIC: [8] Undefined variable: type /data/home/hyu2409230001/htdocs/App/Runtime/Cache/Admin/18bc80a3a1335b3d6f94bb81c17b9385.php 第 167 行.
INFO: Run Behavior\ParseTemplateBehavior [ RunTime:0.012179s ]
INFO: [ view_parse ] --END-- [ RunTime:0.012227s ]
INFO: [ view_filter ] --START--
INFO: Run Behavior\WriteHtmlCacheBehavior [ RunTime:0.000228s ]
INFO: [ view_filter ] --END-- [ RunTime:0.000266s ]
INFO: [ app_end ] --START--
INFO: Run Behavior\ShowPageTraceBehavior [ RunTime:0.000545s ]
INFO: [ app_end ] --END-- [ RunTime:0.000592s ]

[ 2016-10-20T14:57:41+08:00 ] 124.129.141.251 /index.php?s=/admin/subsidies/buy.html
INFO: [ app_init ] --START--
INFO: Run Behavior\BuildLiteBehavior [ RunTime:0.000018s ]
INFO: [ app_init ] --END-- [ RunTime:0.000592s ]
INFO: [ app_begin ] --START--
INFO: Run Behavior\ReadHtmlCacheBehavior [ RunTime:0.000526s ]
INFO: [ app_begin ] --END-- [ RunTime:0.000579s ]
SQL: SHOW COLUMNS FROM `tp_user_group` [ RunTime:0.0012s ]
SQL: SELECT * FROM `tp_user_group`  [ RunTime:0.0003s ]
NOTIC: [8] Undefined index: id /data/home/hyu2409230001/htdocs/App/Admin/Controller/MemberController.class.php 第 188 行.
SQL: SHOW COLUMNS FROM `tp_check` [ RunTime:0.0009s ]
SQL: SELECT COUNT(*) AS tp_count FROM tp_check as s LIMIT 1   [ RunTime:0.0004s ]
SQL: SELECT s.*,m.*,s.id as sid FROM tp_check as s INNER JOIN tp_member as m on m.id = s.user_id  LIMIT 0,20   [ RunTime:0.0014s ]
NOTIC: [8] Undefined variable: status /data/home/hyu2409230001/htdocs/App/Admin/Controller/MemberController.class.php 第 196 行.
INFO: [ view_parse ] --START--
INFO: [ template_filter ] --START--
INFO: Run Behavior\ContentReplaceBehavior [ RunTime:0.000042s ]
INFO: [ template_filter ] --END-- [ RunTime:0.000124s ]
NOTIC: [8] Undefined variable: type /data/home/hyu2409230001/htdocs/App/Runtime/Cache/Admin/de3e18c205fc99be25831608bb97ff42.php 第 125 行.
INFO: Run Behavior\ParseTemplateBehavior [ RunTime:0.009649s ]
INFO: [ view_parse ] --END-- [ RunTime:0.009697s ]
INFO: [ view_filter ] --START--
INFO: Run Behavior\WriteHtmlCacheBehavior [ RunTime:0.000301s ]
INFO: [ view_filter ] --END-- [ RunTime:0.000338s ]
INFO: [ app_end ] --START--
INFO: Run Behavior\ShowPageTraceBehavior [ RunTime:0.000533s ]
INFO: [ app_end ] --END-- [ RunTime:0.000581s ]

[ 2016-10-20T14:57:44+08:00 ] 124.129.141.251 /index.php?s=/Admin/member/buy_detail/id/2.html
INFO: [ app_init ] --START--
INFO: Run Behavior\BuildLiteBehavior [ RunTime:0.000020s ]
INFO: [ app_init ] --END-- [ RunTime:0.000455s ]
INFO: [ app_begin ] --START--
INFO: Run Behavior\ReadHtmlCacheBehavior [ RunTime:0.000530s ]
INFO: [ app_begin ] --END-- [ RunTime:0.000594s ]
SQL: SHOW COLUMNS FROM `tp_user_group` [ RunTime:0.0009s ]
SQL: SELECT * FROM `tp_user_group`  [ RunTime:0.0003s ]
SQL: SHOW COLUMNS FROM `tp_check` [ RunTime:0.0007s ]
SQL: SELECT * FROM `tp_check` WHERE `id` = 2 LIMIT 1   [ RunTime:0.0005s ]
SQL: SHOW COLUMNS FROM `tp_check_log` [ RunTime:0.0009s ]
SQL: SELECT c.*,u.name,u.group_id FROM tp_check_log as c INNER JOIN tp_user as u on u.id=c.admin_id  WHERE c.mod_id = '2' AND c.type = 1 ORDER BY addtime asc  [ RunTime:0.0008s ]
NOTIC: [8] Undefined variable: img_str /data/home/hyu2409230001/htdocs/App/Admin/Controller/MemberController.class.php 第 277 行.
SQL: SHOW COLUMNS FROM `tp_img` [ RunTime:0.0310s ]
SQL: SELECT * FROM `tp_img` WHERE ( server_id in ("7Zdu50hdFAPONTmFMWNS-GOdO26KHc05_0rwqZYez4RX0tjZTmqscxMU_HTiNr9U") )  [ RunTime:0.0014s ]
INFO: [ view_parse ] --START--
INFO: [ template_filter ] --START--
INFO: Run Behavior\ContentReplaceBehavior [ RunTime:0.000041s ]
INFO: [ template_filter ] --END-- [ RunTime:0.000087s ]
NOTIC: [8] Undefined index: remark /data/home/hyu2409230001/htdocs/App/Runtime/Cache/Admin/135f0c9fd12dffefbbbc16154558e87f.php 第 86 行.
INFO: Run Behavior\ParseTemplateBehavior [ RunTime:0.009665s ]
INFO: [ view_parse ] --END-- [ RunTime:0.009716s ]
INFO: [ view_filter ] --START--
INFO: Run Behavior\WriteHtmlCacheBehavior [ RunTime:0.000260s ]
INFO: [ view_filter ] --END-- [ RunTime:0.000297s ]
INFO: [ app_end ] --START--
INFO: Run Behavior\ShowPageTraceBehavior [ RunTime:0.000554s ]
INFO: [ app_end ] --END-- [ RunTime:0.000604s ]

[ 2016-10-20T14:59:20+08:00 ] 124.129.141.251 /index.php?s=/Admin/member/check_log.html
INFO: [ app_init ] --START--
INFO: Run Behavior\BuildLiteBehavior [ RunTime:0.000019s ]
INFO: [ app_init ] --END-- [ RunTime:0.000409s ]
INFO: [ app_begin ] --START--
INFO: Run Behavior\ReadHtmlCacheBehavior [ RunTime:0.000476s ]
INFO: [ app_begin ] --END-- [ RunTime:0.000526s ]
SQL: SHOW COLUMNS FROM `tp_user_group` [ RunTime:0.0014s ]
SQL: SELECT * FROM `tp_user_group`  [ RunTime:0.0005s ]

[ 2016-10-20T14:59:33+08:00 ] 124.129.141.251 /index.php?s=/Admin/member/subsidies/act/buy.html
INFO: [ app_init ] --START--
INFO: Run Behavior\BuildLiteBehavior [ RunTime:0.000020s ]
INFO: [ app_init ] --END-- [ RunTime:0.000410s ]
INFO: [ app_begin ] --START--
INFO: Run Behavior\ReadHtmlCacheBehavior [ RunTime:0.000526s ]
INFO: [ app_begin ] --END-- [ RunTime:0.000580s ]
SQL: SHOW COLUMNS FROM `tp_user_group` [ RunTime:0.0013s ]
SQL: SELECT * FROM `tp_user_group`  [ RunTime:0.0003s ]
NOTIC: [8] Undefined index: id /data/home/hyu2409230001/htdocs/App/Admin/Controller/MemberController.class.php 第 188 行.
SQL: SHOW COLUMNS FROM `tp_check` [ RunTime:0.0009s ]
SQL: SELECT COUNT(*) AS tp_count FROM tp_check as s LIMIT 1   [ RunTime:0.0004s ]
SQL: SELECT s.*,m.*,s.id as sid FROM tp_check as s INNER JOIN tp_member as m on m.id = s.user_id  LIMIT 0,20   [ RunTime:0.0010s ]
INFO: [ view_parse ] --START--
INFO: [ template_filter ] --START--
INFO: Run Behavior\ContentReplaceBehavior [ RunTime:0.000043s ]
INFO: [ template_filter ] --END-- [ RunTime:0.000100s ]
NOTIC: [8] Undefined variable: type /data/home/hyu2409230001/htdocs/App/Runtime/Cache/Admin/de3e18c205fc99be25831608bb97ff42.php 第 125 行.
INFO: Run Behavior\ParseTemplateBehavior [ RunTime:0.011934s ]
INFO: [ view_parse ] --END-- [ RunTime:0.011988s ]
INFO: [ view_filter ] --START--
INFO: Run Behavior\WriteHtmlCacheBehavior [ RunTime:0.002486s ]
INFO: [ view_filter ] --END-- [ RunTime:0.002532s ]
INFO: [ app_end ] --START--
INFO: Run Behavior\ShowPageTraceBehavior [ RunTime:0.000901s ]
INFO: [ app_end ] --END-- [ RunTime:0.000979s ]

[ 2016-10-20T15:06:40+08:00 ] 124.129.141.251 /index.php?s=/Admin/Index/index
INFO: [ app_init ] --START--
INFO: Run Behavior\BuildLiteBehavior [ RunTime:0.000018s ]
INFO: [ app_init ] --END-- [ RunTime:0.000405s ]
INFO: [ app_begin ] --START--
INFO: Run Behavior\ReadHtmlCacheBehavior [ RunTime:0.000508s ]
INFO: [ app_begin ] --END-- [ RunTime:0.000561s ]
SQL: SHOW COLUMNS FROM `tp_user_group` [ RunTime:0.0012s ]
SQL: SELECT * FROM `tp_user_group`  [ RunTime:0.0004s ]
INFO: [ view_parse ] --START--
INFO: [ template_filter ] --START--
INFO: Run Behavior\ContentReplaceBehavior [ RunTime:0.000042s ]
INFO: [ template_filter ] --END-- [ RunTime:0.000092s ]
INFO: Run Behavior\ParseTemplateBehavior [ RunTime:0.006925s ]
INFO: [ view_parse ] --END-- [ RunTime:0.006985s ]
INFO: [ view_filter ] --START--
INFO: Run Behavior\WriteHtmlCacheBehavior [ RunTime:0.000221s ]
INFO: [ view_filter ] --END-- [ RunTime:0.000256s ]
INFO: [ app_end ] --START--
INFO: Run Behavior\ShowPageTraceBehavior [ RunTime:0.000576s ]
INFO: [ app_end ] --END-- [ RunTime:0.000627s ]

[ 2016-10-20T15:06:40+08:00 ] 124.129.141.251 /index.php?s=/admin/member/list.html
INFO: [ app_init ] --START--
INFO: Run Behavior\BuildLiteBehavior [ RunTime:0.000019s ]
INFO: [ app_init ] --END-- [ RunTime:0.003423s ]
INFO: [ app_begin ] --START--
INFO: Run Behavior\ReadHtmlCacheBehavior [ RunTime:0.000478s ]
INFO: [ app_begin ] --END-- [ RunTime:0.000530s ]
SQL: SHOW COLUMNS FROM `tp_user_group` [ RunTime:0.0011s ]
SQL: SELECT * FROM `tp_user_group`  [ RunTime:0.0003s ]
NOTIC: [8] Undefined index: id /data/home/hyu2409230001/htdocs/App/Admin/Controller/MemberController.class.php 第 30 行.
SQL: SHOW COLUMNS FROM `tp_member` [ RunTime:0.0016s ]
SQL: SELECT COUNT(*) AS tp_count FROM `tp_member` LIMIT 1   [ RunTime:0.0005s ]
SQL: SELECT * FROM `tp_member` LIMIT 0,20   [ RunTime:0.0008s ]
NOTIC: [8] Undefined variable: img_str /data/home/hyu2409230001/htdocs/App/Admin/Controller/MemberController.class.php 第 42 行.
SQL: SHOW COLUMNS FROM `tp_img` [ RunTime:0.0009s ]
SQL: SELECT * FROM `tp_img` WHERE ( server_id in ("vI_65IAiuoVd_dMFClfGCYpylDm9LNgRY5-vVElOCzLmtbPXhA74E1HsI4c0814y") )  [ RunTime:0.0005s ]
SQL: SELECT * FROM `tp_img` WHERE ( server_id in ("vI_65IAiuoVd_dMFClfGCYpylDm9LNgRY5-vVElOCzLmtbPXhA74E1HsI4c0814y""vufu59WkpGtftS-NrWt2x4VAyMVSilXVtv3l6Eo3J2GQpKpsvHbdiGXKEqnlu_9G","LjvgekpJ9brtwnh6xwaVw6g88BL10sJ0ipYOwdX9yLKNqex_Tf4If9mjPCrhA9bs","WslehA3gNo0mivLfoIR7xL8JAvM720vpCC6645PepWIbzH1oXpQyZQIeLjV0Uump","v7fMsIApgYpOowN5xEn8uGkMuFXYYV77mEEeK7lST-6BTwo6dnbixnGU1U9zqBHt") )  [ RunTime:0.0006s ]
INFO: [ view_parse ] --START--
INFO: [ template_filter ] --START--
INFO: Run Behavior\ContentReplaceBehavior [ RunTime:0.000056s ]
INFO: [ template_filter ] --END-- [ RunTime:0.000123s ]
NOTIC: [8] Undefined index: name /data/home/hyu2409230001/htdocs/App/Runtime/Cache/Admin/18bc80a3a1335b3d6f94bb81c17b9385.php 第 56 行.
NOTIC: [8] Undefined index: mobile /data/home/hyu2409230001/htdocs/App/Runtime/Cache/Admin/18bc80a3a1335b3d6f94bb81c17b9385.php 第 58 行.
NOTIC: [8] Undefined index: idCard /data/home/hyu2409230001/htdocs/App/Runtime/Cache/Admin/18bc80a3a1335b3d6f94bb81c17b9385.php 第 60 行.
NOTIC: [8] Undefined offset: 7 /data/home/hyu2409230001/htdocs/App/Runtime/Cache/Admin/18bc80a3a1335b3d6f94bb81c17b9385.php 第 115 行.
NOTIC: [8] Undefined variable: type /data/home/hyu2409230001/htdocs/App/Runtime/Cache/Admin/18bc80a3a1335b3d6f94bb81c17b9385.php 第 167 行.
INFO: Run Behavior\ParseTemplateBehavior [ RunTime:0.012937s ]
INFO: [ view_parse ] --END-- [ RunTime:0.013021s ]
INFO: [ view_filter ] --START--
INFO: Run Behavior\WriteHtmlCacheBehavior [ RunTime:0.000251s ]
INFO: [ view_filter ] --END-- [ RunTime:0.000288s ]
INFO: [ app_end ] --START--
INFO: Run Behavior\ShowPageTraceBehavior [ RunTime:0.000580s ]
INFO: [ app_end ] --END-- [ RunTime:0.000629s ]

[ 2016-10-20T15:06:40+08:00 ] 124.129.141.251 /index.php?s=/admin/subsidies/buy.html
INFO: [ app_init ] --START--
INFO: Run Behavior\BuildLiteBehavior [ RunTime:0.000017s ]
INFO: [ app_init ] --END-- [ RunTime:0.000379s ]
INFO: [ app_begin ] --START--
INFO: Run Behavior\ReadHtmlCacheBehavior [ RunTime:0.004585s ]
INFO: [ app_begin ] --END-- [ RunTime:0.004659s ]
SQL: SHOW COLUMNS FROM `tp_user_group` [ RunTime:0.0011s ]
SQL: SELECT * FROM `tp_user_group`  [ RunTime:0.0003s ]
NOTIC: [8] Undefined index: id /data/home/hyu2409230001/htdocs/App/Admin/Controller/MemberController.class.php 第 188 行.
SQL: SHOW COLUMNS FROM `tp_check` [ RunTime:0.0008s ]
SQL: SELECT COUNT(*) AS tp_count FROM tp_check as s LIMIT 1   [ RunTime:0.0005s ]
SQL: SELECT s.*,m.*,s.id as sid FROM tp_check as s INNER JOIN tp_member as m on m.id = s.user_id  LIMIT 0,20   [ RunTime:0.0011s ]
NOTIC: [8] Undefined variable: status /data/home/hyu2409230001/htdocs/App/Admin/Controller/MemberController.class.php 第 196 行.
INFO: [ view_parse ] --START--
INFO: [ template_filter ] --START--
INFO: Run Behavior\ContentReplaceBehavior [ RunTime:0.000040s ]
INFO: [ template_filter ] --END-- [ RunTime:0.000091s ]
NOTIC: [8] Undefined variable: type /data/home/hyu2409230001/htdocs/App/Runtime/Cache/Admin/de3e18c205fc99be25831608bb97ff42.php 第 125 行.
INFO: Run Behavior\ParseTemplateBehavior [ RunTime:0.010293s ]
INFO: [ view_parse ] --END-- [ RunTime:0.010342s ]
INFO: [ view_filter ] --START--
INFO: Run Behavior\WriteHtmlCacheBehavior [ RunTime:0.000260s ]
INFO: [ view_filter ] --END-- [ RunTime:0.000304s ]
INFO: [ app_end ] --START--
INFO: Run Behavior\ShowPageTraceBehavior [ RunTime:0.000679s ]
INFO: [ app_end ] --END-- [ RunTime:0.000740s ]

[ 2016-10-20T15:09:18+08:00 ] 124.129.141.251 /index.php?s=/admin/member/list.html
INFO: [ app_init ] --START--
INFO: Run Behavior\BuildLiteBehavior [ RunTime:0.000019s ]
INFO: [ app_init ] --END-- [ RunTime:0.000435s ]
INFO: [ app_begin ] --START--
INFO: Run Behavior\ReadHtmlCacheBehavior [ RunTime:0.000654s ]
INFO: [ app_begin ] --END-- [ RunTime:0.000724s ]
SQL: SHOW COLUMNS FROM `tp_user_group` [ RunTime:0.0011s ]
SQL: SELECT * FROM `tp_user_group`  [ RunTime:0.0004s ]
NOTIC: [8] Undefined index: id /data/home/hyu2409230001/htdocs/App/Admin/Controller/MemberController.class.php 第 30 行.
SQL: SHOW COLUMNS FROM `tp_member` [ RunTime:0.0015s ]
SQL: SELECT COUNT(*) AS tp_count FROM `tp_member` LIMIT 1   [ RunTime:0.0006s ]
SQL: SELECT * FROM `tp_member` LIMIT 0,20   [ RunTime:0.0008s ]
NOTIC: [8] Undefined variable: img_str /data/home/hyu2409230001/htdocs/App/Admin/Controller/MemberController.class.php 第 42 行.
SQL: SHOW COLUMNS FROM `tp_img` [ RunTime:0.0012s ]
SQL: SELECT * FROM `tp_img` WHERE ( server_id in ("vI_65IAiuoVd_dMFClfGCYpylDm9LNgRY5-vVElOCzLmtbPXhA74E1HsI4c0814y") )  [ RunTime:0.0005s ]
SQL: SELECT * FROM `tp_img` WHERE ( server_id in ("vI_65IAiuoVd_dMFClfGCYpylDm9LNgRY5-vVElOCzLmtbPXhA74E1HsI4c0814y""vufu59WkpGtftS-NrWt2x4VAyMVSilXVtv3l6Eo3J2GQpKpsvHbdiGXKEqnlu_9G","LjvgekpJ9brtwnh6xwaVw6g88BL10sJ0ipYOwdX9yLKNqex_Tf4If9mjPCrhA9bs","WslehA3gNo0mivLfoIR7xL8JAvM720vpCC6645PepWIbzH1oXpQyZQIeLjV0Uump","v7fMsIApgYpOowN5xEn8uGkMuFXYYV77mEEeK7lST-6BTwo6dnbixnGU1U9zqBHt") )  [ RunTime:0.0005s ]
INFO: [ view_parse ] --START--
INFO: [ template_filter ] --START--
INFO: Run Behavior\ContentReplaceBehavior [ RunTime:0.000049s ]
INFO: [ template_filter ] --END-- [ RunTime:0.000120s ]
NOTIC: [8] Undefined index: name /data/home/hyu2409230001/htdocs/App/Runtime/Cache/Admin/18bc80a3a1335b3d6f94bb81c17b9385.php 第 56 行.
NOTIC: [8] Undefined index: mobile /data/home/hyu2409230001/htdocs/App/Runtime/Cache/Admin/18bc80a3a1335b3d6f94bb81c17b9385.php 第 58 行.
NOTIC: [8] Undefined index: idCard /data/home/hyu2409230001/htdocs/App/Runtime/Cache/Admin/18bc80a3a1335b3d6f94bb81c17b9385.php 第 60 行.
NOTIC: [8] Undefined offset: 7 /data/home/hyu2409230001/htdocs/App/Runtime/Cache/Admin/18bc80a3a1335b3d6f94bb81c17b9385.php 第 115 行.
NOTIC: [8] Undefined variable: type /data/home/hyu2409230001/htdocs/App/Runtime/Cache/Admin/18bc80a3a1335b3d6f94bb81c17b9385.php 第 167 行.
INFO: Run Behavior\ParseTemplateBehavior [ RunTime:0.012822s ]
INFO: [ view_parse ] --END-- [ RunTime:0.012888s ]
INFO: [ view_filter ] --START--
INFO: Run Behavior\WriteHtmlCacheBehavior [ RunTime:0.000261s ]
INFO: [ view_filter ] --END-- [ RunTime:0.000303s ]
INFO: [ app_end ] --START--
INFO: Run Behavior\ShowPageTraceBehavior [ RunTime:0.000595s ]
INFO: [ app_end ] --END-- [ RunTime:0.000642s ]

[ 2016-10-20T15:12:36+08:00 ] 124.129.141.251 /index.php?s=/admin/subsidies/list.html
INFO: [ app_init ] --START--
INFO: Run Behavior\BuildLiteBehavior [ RunTime:0.000020s ]
INFO: [ app_init ] --END-- [ RunTime:0.000418s ]
INFO: [ app_begin ] --START--
INFO: Run Behavior\ReadHtmlCacheBehavior [ RunTime:0.000564s ]
INFO: [ app_begin ] --END-- [ RunTime:0.000631s ]
SQL: SHOW COLUMNS FROM `tp_user_group` [ RunTime:0.0016s ]
SQL: SELECT * FROM `tp_user_group`  [ RunTime:0.0006s ]
NOTIC: [8] Undefined index: id /data/home/hyu2409230001/htdocs/App/Admin/Controller/MemberController.class.php 第 165 行.
SQL: SHOW COLUMNS FROM `tp_subsidies` [ RunTime:0.0015s ]
SQL: SELECT COUNT(*) AS tp_count FROM tp_subsidies as s LIMIT 1   [ RunTime:0.0004s ]
SQL: SELECT s.*,m.*,s.id as sid FROM tp_subsidies as s left JOIN tp_member as m on m.id = s.userid  LIMIT 0,20   [ RunTime:0.0009s ]
INFO: [ view_parse ] --START--
INFO: [ template_filter ] --START--
INFO: Run Behavior\ContentReplaceBehavior [ RunTime:0.000046s ]
INFO: [ template_filter ] --END-- [ RunTime:0.000108s ]
NOTIC: [8] Undefined index: name /data/home/hyu2409230001/htdocs/App/Runtime/Cache/Admin/198e07703a367a71243bf2b898921dab.php 第 56 行.
NOTIC: [8] Undefined index: mobile /data/home/hyu2409230001/htdocs/App/Runtime/Cache/Admin/198e07703a367a71243bf2b898921dab.php 第 58 行.
NOTIC: [8] Undefined index: idCard /data/home/hyu2409230001/htdocs/App/Runtime/Cache/Admin/198e07703a367a71243bf2b898921dab.php 第 60 行.
NOTIC: [8] Undefined variable: type /data/home/hyu2409230001/htdocs/App/Runtime/Cache/Admin/198e07703a367a71243bf2b898921dab.php 第 127 行.
INFO: Run Behavior\ParseTemplateBehavior [ RunTime:0.009575s ]
INFO: [ view_parse ] --END-- [ RunTime:0.009624s ]
INFO: [ view_filter ] --START--
INFO: Run Behavior\WriteHtmlCacheBehavior [ RunTime:0.000498s ]
INFO: [ view_filter ] --END-- [ RunTime:0.000538s ]
INFO: [ app_end ] --START--
INFO: Run Behavior\ShowPageTraceBehavior [ RunTime:0.000585s ]
INFO: [ app_end ] --END-- [ RunTime:0.000636s ]

[ 2016-10-20T15:12:43+08:00 ] 124.129.141.251 /index.php?s=/Admin/member/subsidies_detail/id/11.html
INFO: [ app_init ] --START--
INFO: Run Behavior\BuildLiteBehavior [ RunTime:0.000020s ]
INFO: [ app_init ] --END-- [ RunTime:0.000426s ]
INFO: [ app_begin ] --START--
INFO: Run Behavior\ReadHtmlCacheBehavior [ RunTime:0.000537s ]
INFO: [ app_begin ] --END-- [ RunTime:0.000598s ]
SQL: SHOW COLUMNS FROM `tp_user_group` [ RunTime:0.0011s ]
SQL: SELECT * FROM `tp_user_group`  [ RunTime:0.0004s ]
SQL: SHOW COLUMNS FROM `tp_subsidies` [ RunTime:0.0010s ]
SQL: SELECT s.*,m.*,s.id as sid FROM tp_subsidies as s left JOIN tp_member as m on m.id = s.userid  WHERE s.id = '11' LIMIT 1   [ RunTime:0.0006s ]
SQL: SHOW COLUMNS FROM `tp_check_log` [ RunTime:0.0010s ]
SQL: SELECT c.*,u.name,u.group_id FROM tp_check_log as c INNER JOIN tp_user as u on u.id=c.admin_id  WHERE c.mod_id = '11' AND c.type = 2 ORDER BY addtime asc  [ RunTime:0.0008s ]
NOTIC: [8] Undefined variable: img_str /data/home/hyu2409230001/htdocs/App/Admin/Controller/MemberController.class.php 第 249 行.
SQL: SHOW COLUMNS FROM `tp_package_type` [ RunTime:0.0010s ]
SQL: SELECT * FROM `tp_package_type` WHERE `package_id` = null  [ RunTime:0.0004s ]
SQL: SHOW COLUMNS FROM `tp_img` [ RunTime:0.0009s ]
SQL: SELECT * FROM `tp_img` WHERE ( user_id = 7 and server_id in ("E5B2T-otQMPVgjDLR8Pz_yzruoJIkliyJWeatwqTQnmMw_TL9rQluoFHCFY0Ds1V") )  [ RunTime:0.0004s ]
INFO: [ view_parse ] --START--
INFO: [ template_filter ] --START--
INFO: Run Behavior\ContentReplaceBehavior [ RunTime:0.000049s ]
INFO: [ template_filter ] --END-- [ RunTime:0.000101s ]
NOTIC: [8] Undefined index: remark /data/home/hyu2409230001/htdocs/App/Runtime/Cache/Admin/2e8cb05cf47105dbd042417a1a77b371.php 第 122 行.
INFO: Run Behavior\ParseTemplateBehavior [ RunTime:0.011645s ]
INFO: [ view_parse ] --END-- [ RunTime:0.011692s ]
INFO: [ view_filter ] --START--
INFO: Run Behavior\WriteHtmlCacheBehavior [ RunTime:0.000254s ]
INFO: [ view_filter ] --END-- [ RunTime:0.000292s ]
INFO: [ app_end ] --START--
INFO: Run Behavior\ShowPageTraceBehavior [ RunTime:0.000538s ]
INFO: [ app_end ] --END-- [ RunTime:0.000585s ]

[ 2016-10-20T15:12:52+08:00 ] 124.129.141.251 /index.php?s=/admin/income/list.html
INFO: [ app_init ] --START--
INFO: Run Behavior\BuildLiteBehavior [ RunTime:0.000020s ]
INFO: [ app_init ] --END-- [ RunTime:0.000410s ]
INFO: [ app_begin ] --START--
INFO: Run Behavior\ReadHtmlCacheBehavior [ RunTime:0.000494s ]
INFO: [ app_begin ] --END-- [ RunTime:0.000547s ]
SQL: SHOW COLUMNS FROM `tp_user_group` [ RunTime:0.0010s ]
SQL: SELECT * FROM `tp_user_group`  [ RunTime:0.0003s ]
NOTIC: [8] Undefined index: id /data/home/hyu2409230001/htdocs/App/Admin/Controller/FinanceController.class.php 第 12 行.
NOTIC: [8] Undefined variable: start /data/home/hyu2409230001/htdocs/App/Admin/Controller/FinanceController.class.php 第 15 行.
SQL: SHOW COLUMNS FROM `tp_vip_order` [ RunTime:0.0012s ]
SQL: SELECT COUNT(*) AS tp_count FROM tp_vip_order as o WHERE o.order_status = 2 LIMIT 1   [ RunTime:0.0005s ]
SQL: SELECT o.*,m.name,m.birthday,m.idCard,m.mobile FROM tp_vip_order as o left JOIN tp_member as m on o.user_id = m.id  WHERE o.order_status = 2 LIMIT 0,20   [ RunTime:0.0006s ]
SQL: SELECT SUM(o.money) AS tp_sum FROM tp_vip_order as o WHERE o.order_status = 2 LIMIT 1   [ RunTime:0.0004s ]
INFO: [ view_parse ] --START--
INFO: [ template_filter ] --START--
INFO: Run Behavior\ContentReplaceBehavior [ RunTime:0.000048s ]
INFO: [ template_filter ] --END-- [ RunTime:0.000100s ]
NOTIC: [8] Undefined index: diagnose /data/home/hyu2409230001/htdocs/App/Runtime/Cache/Admin/31d3db9de1d18f82fe3f94ec6f55d2fa.php 第 112 行.
NOTIC: [8] Undefined variable: sickid /data/home/hyu2409230001/htdocs/App/Runtime/Cache/Admin/31d3db9de1d18f82fe3f94ec6f55d2fa.php 第 112 行.
NOTIC: [8] Undefined index: illness_time /data/home/hyu2409230001/htdocs/App/Runtime/Cache/Admin/31d3db9de1d18f82fe3f94ec6f55d2fa.php 第 116 行.
NOTIC: [8] Undefined index: illness_time /data/home/hyu2409230001/htdocs/App/Runtime/Cache/Admin/31d3db9de1d18f82fe3f94ec6f55d2fa.php 第 116 行.
NOTIC: [8] Undefined index: illness_history /data/home/hyu2409230001/htdocs/App/Runtime/Cache/Admin/31d3db9de1d18f82fe3f94ec6f55d2fa.php 第 121 行.
NOTIC: [8] Undefined index: gm_history /data/home/hyu2409230001/htdocs/App/Runtime/Cache/Admin/31d3db9de1d18f82fe3f94ec6f55d2fa.php 第 126 行.
NOTIC: [8] Undefined index: jz_history /data/home/hyu2409230001/htdocs/App/Runtime/Cache/Admin/31d3db9de1d18f82fe3f94ec6f55d2fa.php 第 131 行.
NOTIC: [8] Undefined index: cq_domicile /data/home/hyu2409230001/htdocs/App/Runtime/Cache/Admin/31d3db9de1d18f82fe3f94ec6f55d2fa.php 第 136 行.
NOTIC: [8] Undefined index: description /data/home/hyu2409230001/htdocs/App/Runtime/Cache/Admin/31d3db9de1d18f82fe3f94ec6f55d2fa.php 第 141 行.
NOTIC: [8] Undefined index: diagnose /data/home/hyu2409230001/htdocs/App/Runtime/Cache/Admin/31d3db9de1d18f82fe3f94ec6f55d2fa.php 第 112 行.
NOTIC: [8] Undefined variable: sickid /data/home/hyu2409230001/htdocs/App/Runtime/Cache/Admin/31d3db9de1d18f82fe3f94ec6f55d2fa.php 第 112 行.
NOTIC: [8] Undefined index: illness_time /data/home/hyu2409230001/htdocs/App/Runtime/Cache/Admin/31d3db9de1d18f82fe3f94ec6f55d2fa.php 第 116 行.
NOTIC: [8] Undefined index: illness_time /data/home/hyu2409230001/htdocs/App/Runtime/Cache/Admin/31d3db9de1d18f82fe3f94ec6f55d2fa.php 第 116 行.
NOTIC: [8] Undefined index: illness_history /data/home/hyu2409230001/htdocs/App/Runtime/Cache/Admin/31d3db9de1d18f82fe3f94ec6f55d2fa.php 第 121 行.
NOTIC: [8] Undefined index: gm_history /data/home/hyu2409230001/htdocs/App/Runtime/Cache/Admin/31d3db9de1d18f82fe3f94ec6f55d2fa.php 第 126 行.
NOTIC: [8] Undefined index: jz_history /data/home/hyu2409230001/htdocs/App/Runtime/Cache/Admin/31d3db9de1d18f82fe3f94ec6f55d2fa.php 第 131 行.
NOTIC: [8] Undefined index: cq_domicile /data/home/hyu2409230001/htdocs/App/Runtime/Cache/Admin/31d3db9de1d18f82fe3f94ec6f55d2fa.php 第 136 行.
NOTIC: [8] Undefined index: description /data/home/hyu2409230001/htdocs/App/Runtime/Cache/Admin/31d3db9de1d18f82fe3f94ec6f55d2fa.php 第 141 行.
NOTIC: [8] Undefined index: diagnose /data/home/hyu2409230001/htdocs/App/Runtime/Cache/Admin/31d3db9de1d18f82fe3f94ec6f55d2fa.php 第 112 行.
NOTIC: [8] Undefined variable: sickid /data/home/hyu2409230001/htdocs/App/Runtime/Cache/Admin/31d3db9de1d18f82fe3f94ec6f55d2fa.php 第 112 行.
NOTIC: [8] Undefined index: illness_time /data/home/hyu2409230001/htdocs/App/Runtime/Cache/Admin/31d3db9de1d18f82fe3f94ec6f55d2fa.php 第 116 行.
NOTIC: [8] Undefined index: illness_time /data/home/hyu2409230001/htdocs/App/Runtime/Cache/Admin/31d3db9de1d18f82fe3f94ec6f55d2fa.php 第 116 行.
NOTIC: [8] Undefined index: illness_history /data/home/hyu2409230001/htdocs/App/Runtime/Cache/Admin/31d3db9de1d18f82fe3f94ec6f55d2fa.php 第 121 行.
NOTIC: [8] Undefined index: gm_history /data/home/hyu2409230001/htdocs/App/Runtime/Cache/Admin/31d3db9de1d18f82fe3f94ec6f55d2fa.php 第 126 行.
NOTIC: [8] Undefined index: jz_history /data/home/hyu2409230001/htdocs/App/Runtime/Cache/Admin/31d3db9de1d18f82fe3f94ec6f55d2fa.php 第 131 行.
NOTIC: [8] Undefined index: cq_domicile /data/home/hyu2409230001/htdocs/App/Runtime/Cache/Admin/31d3db9de1d18f82fe3f94ec6f55d2fa.php 第 136 行.
NOTIC: [8] Undefined index: description /data/home/hyu2409230001/htdocs/App/Runtime/Cache/Admin/31d3db9de1d18f82fe3f94ec6f55d2fa.php 第 141 行.
NOTIC: [8] Undefined index: diagnose /data/home/hyu2409230001/htdocs/App/Runtime/Cache/Admin/31d3db9de1d18f82fe3f94ec6f55d2fa.php 第 112 行.
NOTIC: [8] Undefined variable: sickid /data/home/hyu2409230001/htdocs/App/Runtime/Cache/Admin/31d3db9de1d18f82fe3f94ec6f55d2fa.php 第 112 行.
NOTIC: [8] Undefined index: illness_time /data/home/hyu2409230001/htdocs/App/Runtime/Cache/Admin/31d3db9de1d18f82fe3f94ec6f55d2fa.php 第 116 行.
NOTIC: [8] Undefined index: illness_time /data/home/hyu2409230001/htdocs/App/Runtime/Cache/Admin/31d3db9de1d18f82fe3f94ec6f55d2fa.php 第 116 行.
NOTIC: [8] Undefined index: illness_history /data/home/hyu2409230001/htdocs/App/Runtime/Cache/Admin/31d3db9de1d18f82fe3f94ec6f55d2fa.php 第 121 行.
NOTIC: [8] Undefined index: gm_history /data/home/hyu2409230001/htdocs/App/Runtime/Cache/Admin/31d3db9de1d18f82fe3f94ec6f55d2fa.php 第 126 行.
NOTIC: [8] Undefined index: jz_history /data/home/hyu2409230001/htdocs/App/Runtime/Cache/Admin/31d3db9de1d18f82fe3f94ec6f55d2fa.php 第 131 行.
NOTIC: [8] Undefined index: cq_domicile /data/home/hyu2409230001/htdocs/App/Runtime/Cache/Admin/31d3db9de1d18f82fe3f94ec6f55d2fa.php 第 136 行.
NOTIC: [8] Undefined index: description /data/home/hyu2409230001/htdocs/App/Runtime/Cache/Admin/31d3db9de1d18f82fe3f94ec6f55d2fa.php 第 141 行.
NOTIC: [8] Undefined index: diagnose /data/home/hyu2409230001/htdocs/App/Runtime/Cache/Admin/31d3db9de1d18f82fe3f94ec6f55d2fa.php 第 112 行.
NOTIC: [8] Undefined variable: sickid /data/home/hyu2409230001/htdocs/App/Runtime/Cache/Admin/31d3db9de1d18f82fe3f94ec6f55d2fa.php 第 112 行.
NOTIC: [8] Undefined index: illness_time /data/home/hyu2409230001/htdocs/App/Runtime/Cache/Admin/31d3db9de1d18f82fe3f94ec6f55d2fa.php 第 116 行.
NOTIC: [8] Undefined index: illness_time /data/home/hyu2409230001/htdocs/App/Runtime/Cache/Admin/31d3db9de1d18f82fe3f94ec6f55d2fa.php 第 116 行.
NOTIC: [8] Undefined index: illness_history /data/home/hyu2409230001/htdocs/App/Runtime/Cache/Admin/31d3db9de1d18f82fe3f94ec6f55d2fa.php 第 121 行.
NOTIC: [8] Undefined index: gm_history /data/home/hyu2409230001/htdocs/App/Runtime/Cache/Admin/31d3db9de1d18f82fe3f94ec6f55d2fa.php 第 126 行.
NOTIC: [8] Undefined index: jz_history /data/home/hyu2409230001/htdocs/App/Runtime/Cache/Admin/31d3db9de1d18f82fe3f94ec6f55d2fa.php 第 131 行.
NOTIC: [8] Undefined index: cq_domicile /data/home/hyu2409230001/htdocs/App/Runtime/Cache/Admin/31d3db9de1d18f82fe3f94ec6f55d2fa.php 第 136 行.
NOTIC: [8] Undefined index: description /data/home/hyu2409230001/htdocs/App/Runtime/Cache/Admin/31d3db9de1d18f82fe3f94ec6f55d2fa.php 第 141 行.
NOTIC: [8] Undefined variable: type /data/home/hyu2409230001/htdocs/App/Runtime/Cache/Admin/31d3db9de1d18f82fe3f94ec6f55d2fa.php 第 158 行.
INFO: Run Behavior\ParseTemplateBehavior [ RunTime:0.012194s ]
INFO: [ view_parse ] --END-- [ RunTime:0.012260s ]
INFO: [ view_filter ] --START--
INFO: Run Behavior\WriteHtmlCacheBehavior [ RunTime:0.000295s ]
INFO: [ view_filter ] --END-- [ RunTime:0.000340s ]
INFO: [ app_end ] --START--
INFO: Run Behavior\ShowPageTraceBehavior [ RunTime:0.000550s ]
INFO: [ app_end ] --END-- [ RunTime:0.000597s ]

[ 2016-10-20T15:12:56+08:00 ] 124.129.141.251 /index.php?s=/admin/order/list.html
INFO: [ app_init ] --START--
INFO: Run Behavior\BuildLiteBehavior [ RunTime:0.000020s ]
INFO: [ app_init ] --END-- [ RunTime:0.000407s ]
INFO: [ app_begin ] --START--
INFO: Run Behavior\ReadHtmlCacheBehavior [ RunTime:0.000544s ]
INFO: [ app_begin ] --END-- [ RunTime:0.000598s ]
SQL: SHOW COLUMNS FROM `tp_user_group` [ RunTime:0.0008s ]
SQL: SELECT * FROM `tp_user_group`  [ RunTime:0.0003s ]
NOTIC: [8] Undefined index: id /data/home/hyu2409230001/htdocs/App/Admin/Controller/FinanceController.class.php 第 40 行.
NOTIC: [8] Undefined variable: start /data/home/hyu2409230001/htdocs/App/Admin/Controller/FinanceController.class.php 第 43 行.
SQL: SHOW COLUMNS FROM `tp_goods_order` [ RunTime:0.0010s ]
SQL: SELECT COUNT(*) AS tp_count FROM tp_goods_order as o WHERE o.order_status = 2 LIMIT 1   [ RunTime:0.0005s ]
SQL: SELECT o.*,m.name,m.mobile FROM tp_goods_order as o left JOIN tp_member as m on o.user_id = m.id  WHERE o.order_status = 2 LIMIT 0,20   [ RunTime:0.0005s ]
SQL: SELECT SUM(o.money) AS tp_sum FROM tp_goods_order as o WHERE o.order_status = 2 LIMIT 1   [ RunTime:0.0006s ]
INFO: [ view_parse ] --START--
INFO: [ template_filter ] --START--
INFO: Run Behavior\ContentReplaceBehavior [ RunTime:0.000053s ]
INFO: [ template_filter ] --END-- [ RunTime:0.000111s ]
NOTIC: [8] Undefined index: diagnose /data/home/hyu2409230001/htdocs/App/Runtime/Cache/Admin/00847b59addc2c670b8af8a629a001af.php 第 112 行.
NOTIC: [8] Undefined variable: sickid /data/home/hyu2409230001/htdocs/App/Runtime/Cache/Admin/00847b59addc2c670b8af8a629a001af.php 第 112 行.
NOTIC: [8] Undefined index: illness_time /data/home/hyu2409230001/htdocs/App/Runtime/Cache/Admin/00847b59addc2c670b8af8a629a001af.php 第 116 行.
NOTIC: [8] Undefined index: illness_time /data/home/hyu2409230001/htdocs/App/Runtime/Cache/Admin/00847b59addc2c670b8af8a629a001af.php 第 116 行.
NOTIC: [8] Undefined index: illness_history /data/home/hyu2409230001/htdocs/App/Runtime/Cache/Admin/00847b59addc2c670b8af8a629a001af.php 第 121 行.
NOTIC: [8] Undefined index: gm_history /data/home/hyu2409230001/htdocs/App/Runtime/Cache/Admin/00847b59addc2c670b8af8a629a001af.php 第 126 行.
NOTIC: [8] Undefined index: jz_history /data/home/hyu2409230001/htdocs/App/Runtime/Cache/Admin/00847b59addc2c670b8af8a629a001af.php 第 131 行.
NOTIC: [8] Undefined index: cq_domicile /data/home/hyu2409230001/htdocs/App/Runtime/Cache/Admin/00847b59addc2c670b8af8a629a001af.php 第 136 行.
NOTIC: [8] Undefined index: description /data/home/hyu2409230001/htdocs/App/Runtime/Cache/Admin/00847b59addc2c670b8af8a629a001af.php 第 141 行.
NOTIC: [8] Undefined index: diagnose /data/home/hyu2409230001/htdocs/App/Runtime/Cache/Admin/00847b59addc2c670b8af8a629a001af.php 第 112 行.
NOTIC: [8] Undefined variable: sickid /data/home/hyu2409230001/htdocs/App/Runtime/Cache/Admin/00847b59addc2c670b8af8a629a001af.php 第 112 行.
NOTIC: [8] Undefined index: illness_time /data/home/hyu2409230001/htdocs/App/Runtime/Cache/Admin/00847b59addc2c670b8af8a629a001af.php 第 116 行.
NOTIC: [8] Undefined index: illness_time /data/home/hyu2409230001/htdocs/App/Runtime/Cache/Admin/00847b59addc2c670b8af8a629a001af.php 第 116 行.
NOTIC: [8] Undefined index: illness_history /data/home/hyu2409230001/htdocs/App/Runtime/Cache/Admin/00847b59addc2c670b8af8a629a001af.php 第 121 行.
NOTIC: [8] Undefined index: gm_history /data/home/hyu2409230001/htdocs/App/Runtime/Cache/Admin/00847b59addc2c670b8af8a629a001af.php 第 126 行.
NOTIC: [8] Undefined index: jz_history /data/home/hyu2409230001/htdocs/App/Runtime/Cache/Admin/00847b59addc2c670b8af8a629a001af.php 第 131 行.
NOTIC: [8] Undefined index: cq_domicile /data/home/hyu2409230001/htdocs/App/Runtime/Cache/Admin/00847b59addc2c670b8af8a629a001af.php 第 136 行.
NOTIC: [8] Undefined index: description /data/home/hyu2409230001/htdocs/App/Runtime/Cache/Admin/00847b59addc2c670b8af8a629a001af.php 第 141 行.
NOTIC: [8] Undefined index: diagnose /data/home/hyu2409230001/htdocs/App/Runtime/Cache/Admin/00847b59addc2c670b8af8a629a001af.php 第 112 行.
NOTIC: [8] Undefined variable: sickid /data/home/hyu2409230001/htdocs/App/Runtime/Cache/Admin/00847b59addc2c670b8af8a629a001af.php 第 112 行.
NOTIC: [8] Undefined index: illness_time /data/home/hyu2409230001/htdocs/App/Runtime/Cache/Admin/00847b59addc2c670b8af8a629a001af.php 第 116 行.
NOTIC: [8] Undefined index: illness_time /data/home/hyu2409230001/htdocs/App/Runtime/Cache/Admin/00847b59addc2c670b8af8a629a001af.php 第 116 行.
NOTIC: [8] Undefined index: illness_history /data/home/hyu2409230001/htdocs/App/Runtime/Cache/Admin/00847b59addc2c670b8af8a629a001af.php 第 121 行.
NOTIC: [8] Undefined index: gm_history /data/home/hyu2409230001/htdocs/App/Runtime/Cache/Admin/00847b59addc2c670b8af8a629a001af.php 第 126 行.
NOTIC: [8] Undefined index: jz_history /data/home/hyu2409230001/htdocs/App/Runtime/Cache/Admin/00847b59addc2c670b8af8a629a001af.php 第 131 行.
NOTIC: [8] Undefined index: cq_domicile /data/home/hyu2409230001/htdocs/App/Runtime/Cache/Admin/00847b59addc2c670b8af8a629a001af.php 第 136 行.
NOTIC: [8] Undefined index: description /data/home/hyu2409230001/htdocs/App/Runtime/Cache/Admin/00847b59addc2c670b8af8a629a001af.php 第 141 行.
NOTIC: [8] Undefined index: diagnose /data/home/hyu2409230001/htdocs/App/Runtime/Cache/Admin/00847b59addc2c670b8af8a629a001af.php 第 112 行.
NOTIC: [8] Undefined variable: sickid /data/home/hyu2409230001/htdocs/App/Runtime/Cache/Admin/00847b59addc2c670b8af8a629a001af.php 第 112 行.
NOTIC: [8] Undefined index: illness_time /data/home/hyu2409230001/htdocs/App/Runtime/Cache/Admin/00847b59addc2c670b8af8a629a001af.php 第 116 行.
NOTIC: [8] Undefined index: illness_time /data/home/hyu2409230001/htdocs/App/Runtime/Cache/Admin/00847b59addc2c670b8af8a629a001af.php 第 116 行.
NOTIC: [8] Undefined index: illness_history /data/home/hyu2409230001/htdocs/App/Runtime/Cache/Admin/00847b59addc2c670b8af8a629a001af.php 第 121 行.
NOTIC: [8] Undefined index: gm_history /data/home/hyu2409230001/htdocs/App/Runtime/Cache/Admin/00847b59addc2c670b8af8a629a001af.php 第 126 行.
NOTIC: [8] Undefined index: jz_history /data/home/hyu2409230001/htdocs/App/Runtime/Cache/Admin/00847b59addc2c670b8af8a629a001af.php 第 131 行.
NOTIC: [8] Undefined index: cq_domicile /data/home/hyu2409230001/htdocs/App/Runtime/Cache/Admin/00847b59addc2c670b8af8a629a001af.php 第 136 行.
NOTIC: [8] Undefined index: description /data/home/hyu2409230001/htdocs/App/Runtime/Cache/Admin/00847b59addc2c670b8af8a629a001af.php 第 141 行.
NOTIC: [8] Undefined index: diagnose /data/home/hyu2409230001/htdocs/App/Runtime/Cache/Admin/00847b59addc2c670b8af8a629a001af.php 第 112 行.
NOTIC: [8] Undefined variable: sickid /data/home/hyu2409230001/htdocs/App/Runtime/Cache/Admin/00847b59addc2c670b8af8a629a001af.php 第 112 行.
NOTIC: [8] Undefined index: illness_time /data/home/hyu2409230001/htdocs/App/Runtime/Cache/Admin/00847b59addc2c670b8af8a629a001af.php 第 116 行.
NOTIC: [8] Undefined index: illness_time /data/home/hyu2409230001/htdocs/App/Runtime/Cache/Admin/00847b59addc2c670b8af8a629a001af.php 第 116 行.
NOTIC: [8] Undefined index: illness_history /data/home/hyu2409230001/htdocs/App/Runtime/Cache/Admin/00847b59addc2c670b8af8a629a001af.php 第 121 行.
NOTIC: [8] Undefined index: gm_history /data/home/hyu2409230001/htdocs/App/Runtime/Cache/Admin/00847b59addc2c670b8af8a629a001af.php 第 126 行.
NOTIC: [8] Undefined index: jz_history /data/home/hyu2409230001/htdocs/App/Runtime/Cache/Admin/00847b59addc2c670b8af8a629a001af.php 第 131 行.
NOTIC: [8] Undefined index: cq_domicile /data/home/hyu2409230001/htdocs/App/Runtime/Cache/Admin/00847b59addc2c670b8af8a629a001af.php 第 136 行.
NOTIC: [8] Undefined index: description /data/home/hyu2409230001/htdocs/App/Runtime/Cache/Admin/00847b59addc2c670b8af8a629a001af.php 第 141 行.
NOTIC: [8] Undefined index: diagnose /data/home/hyu2409230001/htdocs/App/Runtime/Cache/Admin/00847b59addc2c670b8af8a629a001af.php 第 112 行.
NOTIC: [8] Undefined variable: sickid /data/home/hyu2409230001/htdocs/App/Runtime/Cache/Admin/00847b59addc2c670b8af8a629a001af.php 第 112 行.
NOTIC: [8] Undefined index: illness_time /data/home/hyu2409230001/htdocs/App/Runtime/Cache/Admin/00847b59addc2c670b8af8a629a001af.php 第 116 行.
NOTIC: [8] Undefined index: illness_time /data/home/hyu2409230001/htdocs/App/Runtime/Cache/Admin/00847b59addc2c670b8af8a629a001af.php 第 116 行.
NOTIC: [8] Undefined index: illness_history /data/home/hyu2409230001/htdocs/App/Runtime/Cache/Admin/00847b59addc2c670b8af8a629a001af.php 第 121 行.
NOTIC: [8] Undefined index: gm_history /data/home/hyu2409230001/htdocs/App/Runtime/Cache/Admin/00847b59addc2c670b8af8a629a001af.php 第 126 行.
NOTIC: [8] Undefined index: jz_history /data/home/hyu2409230001/htdocs/App/Runtime/Cache/Admin/00847b59addc2c670b8af8a629a001af.php 第 131 行.
NOTIC: [8] Undefined index: cq_domicile /data/home/hyu2409230001/htdocs/App/Runtime/Cache/Admin/00847b59addc2c670b8af8a629a001af.php 第 136 行.
NOTIC: [8] Undefined index: description /data/home/hyu2409230001/htdocs/App/Runtime/Cache/Admin/00847b59addc2c670b8af8a629a001af.php 第 141 行.
NOTIC: [8] Undefined index: diagnose /data/home/hyu2409230001/htdocs/App/Runtime/Cache/Admin/00847b59addc2c670b8af8a629a001af.php 第 112 行.
NOTIC: [8] Undefined variable: sickid /data/home/hyu2409230001/htdocs/App/Runtime/Cache/Admin/00847b59addc2c670b8af8a629a001af.php 第 112 行.
NOTIC: [8] Undefined index: illness_time /data/home/hyu2409230001/htdocs/App/Runtime/Cache/Admin/00847b59addc2c670b8af8a629a001af.php 第 116 行.
NOTIC: [8] Undefined index: illness_time /data/home/hyu2409230001/htdocs/App/Runtime/Cache/Admin/00847b59addc2c670b8af8a629a001af.php 第 116 行.
NOTIC: [8] Undefined index: illness_history /data/home/hyu2409230001/htdocs/App/Runtime/Cache/Admin/00847b59addc2c670b8af8a629a001af.php 第 121 行.
NOTIC: [8] Undefined index: gm_history /data/home/hyu2409230001/htdocs/App/Runtime/Cache/Admin/00847b59addc2c670b8af8a629a001af.php 第 126 行.
NOTIC: [8] Undefined index: jz_history /data/home/hyu2409230001/htdocs/App/Runtime/Cache/Admin/00847b59addc2c670b8af8a629a001af.php 第 131 行.
NOTIC: [8] Undefined index: cq_domicile /data/home/hyu2409230001/htdocs/App/Runtime/Cache/Admin/00847b59addc2c670b8af8a629a001af.php 第 136 行.
NOTIC: [8] Undefined index: description /data/home/hyu2409230001/htdocs/App/Runtime/Cache/Admin/00847b59addc2c670b8af8a629a001af.php 第 141 行.
NOTIC: [8] Undefined index: diagnose /data/home/hyu2409230001/htdocs/App/Runtime/Cache/Admin/00847b59addc2c670b8af8a629a001af.php 第 112 行.
NOTIC: [8] Undefined variable: sickid /data/home/hyu2409230001/htdocs/App/Runtime/Cache/Admin/00847b59addc2c670b8af8a629a001af.php 第 112 行.
NOTIC: [8] Undefined index: illness_time /data/home/hyu2409230001/htdocs/App/Runtime/Cache/Admin/00847b59addc2c670b8af8a629a001af.php 第 116 行.
NOTIC: [8] Undefined index: illness_time /data/home/hyu2409230001/htdocs/App/Runtime/Cache/Admin/00847b59addc2c670b8af8a629a001af.php 第 116 行.
NOTIC: [8] Undefined index: illness_history /data/home/hyu2409230001/htdocs/App/Runtime/Cache/Admin/00847b59addc2c670b8af8a629a001af.php 第 121 行.
NOTIC: [8] Undefined index: gm_history /data/home/hyu2409230001/htdocs/App/Runtime/Cache/Admin/00847b59addc2c670b8af8a629a001af.php 第 126 行.
NOTIC: [8] Undefined index: jz_history /data/home/hyu2409230001/htdocs/App/Runtime/Cache/Admin/00847b59addc2c670b8af8a629a001af.php 第 131 行.
NOTIC: [8] Undefined index: cq_domicile /data/home/hyu2409230001/htdocs/App/Runtime/Cache/Admin/00847b59addc2c670b8af8a629a001af.php 第 136 行.
NOTIC: [8] Undefined index: description /data/home/hyu2409230001/htdocs/App/Runtime/Cache/Admin/00847b59addc2c670b8af8a629a001af.php 第 141 行.
NOTIC: [8] Undefined variable: type /data/home/hyu2409230001/htdocs/App/Runtime/Cache/Admin/00847b59addc2c670b8af8a629a001af.php 第 158 行.
INFO: Run Behavior\ParseTemplateBehavior [ RunTime:0.013526s ]
INFO: [ view_parse ] --END-- [ RunTime:0.013595s ]
INFO: [ view_filter ] --START--
INFO: Run Behavior\WriteHtmlCacheBehavior [ RunTime:0.000239s ]
INFO: [ view_filter ] --END-- [ RunTime:0.000276s ]
INFO: [ app_end ] --START--
INFO: Run Behavior\ShowPageTraceBehavior [ RunTime:0.000516s ]
INFO: [ app_end ] --END-- [ RunTime:0.000563s ]

[ 2016-10-20T15:12:59+08:00 ] 124.129.141.251 /index.php?s=/admin/package/list.html
INFO: [ app_init ] --START--
INFO: Run Behavior\BuildLiteBehavior [ RunTime:0.000020s ]
INFO: [ app_init ] --END-- [ RunTime:0.000409s ]
INFO: [ app_begin ] --START--
INFO: Run Behavior\ReadHtmlCacheBehavior [ RunTime:0.000483s ]
INFO: [ app_begin ] --END-- [ RunTime:0.000534s ]
SQL: SHOW COLUMNS FROM `tp_user_group` [ RunTime:0.0009s ]
SQL: SELECT * FROM `tp_user_group`  [ RunTime:0.0003s ]
SQL: SHOW COLUMNS FROM `tp_package` [ RunTime:0.0009s ]
SQL: SELECT COUNT(*) AS tp_count FROM `tp_package` LIMIT 1   [ RunTime:0.0004s ]
SQL: SELECT * FROM `tp_package` LIMIT 0,20   [ RunTime:0.0004s ]
INFO: [ view_parse ] --START--
INFO: [ template_filter ] --START--
INFO: Run Behavior\ContentReplaceBehavior [ RunTime:0.000042s ]
INFO: [ template_filter ] --END-- [ RunTime:0.000098s ]
INFO: Run Behavior\ParseTemplateBehavior [ RunTime:0.009070s ]
INFO: [ view_parse ] --END-- [ RunTime:0.009137s ]
INFO: [ view_filter ] --START--
INFO: Run Behavior\WriteHtmlCacheBehavior [ RunTime:0.000243s ]
INFO: [ view_filter ] --END-- [ RunTime:0.000283s ]
INFO: [ app_end ] --START--
INFO: Run Behavior\ShowPageTraceBehavior [ RunTime:0.000534s ]
INFO: [ app_end ] --END-- [ RunTime:0.000584s ]

[ 2016-10-20T15:13:01+08:00 ] 124.129.141.251 /index.php?s=/admin/goods/list.html
INFO: [ app_init ] --START--
INFO: Run Behavior\BuildLiteBehavior [ RunTime:0.000030s ]
INFO: [ app_init ] --END-- [ RunTime:0.000646s ]
INFO: [ app_begin ] --START--
INFO: Run Behavior\ReadHtmlCacheBehavior [ RunTime:0.000487s ]
INFO: [ app_begin ] --END-- [ RunTime:0.000563s ]
SQL: SHOW COLUMNS FROM `tp_user_group` [ RunTime:0.0009s ]
SQL: SELECT * FROM `tp_user_group`  [ RunTime:0.0003s ]
SQL: SHOW COLUMNS FROM `tp_goods` [ RunTime:0.0137s ]
SQL: SELECT COUNT(*) AS tp_count FROM `tp_goods` LIMIT 1   [ RunTime:0.0006s ]
SQL: SELECT * FROM `tp_goods` LIMIT 0,20   [ RunTime:0.0007s ]
INFO: [ view_parse ] --START--
INFO: [ template_filter ] --START--
INFO: Run Behavior\ContentReplaceBehavior [ RunTime:0.000078s ]
INFO: [ template_filter ] --END-- [ RunTime:0.000161s ]
NOTIC: [8] Undefined variable: type /data/home/hyu2409230001/htdocs/App/Runtime/Cache/Admin/dc5144c693af1ddb0c40469bbb396f89.php 第 43 行.
INFO: Run Behavior\ParseTemplateBehavior [ RunTime:0.009812s ]
INFO: [ view_parse ] --END-- [ RunTime:0.009874s ]
INFO: [ view_filter ] --START--
INFO: Run Behavior\WriteHtmlCacheBehavior [ RunTime:0.000249s ]
INFO: [ view_filter ] --END-- [ RunTime:0.000287s ]
INFO: [ app_end ] --START--
INFO: Run Behavior\ShowPageTraceBehavior [ RunTime:0.000562s ]
INFO: [ app_end ] --END-- [ RunTime:0.000625s ]

[ 2016-10-20T15:13:02+08:00 ] 124.129.141.251 /index.php?s=/admin/agreement/list.html
INFO: [ app_init ] --START--
INFO: Run Behavior\BuildLiteBehavior [ RunTime:0.000018s ]
INFO: [ app_init ] --END-- [ RunTime:0.000448s ]
INFO: [ app_begin ] --START--
INFO: Run Behavior\ReadHtmlCacheBehavior [ RunTime:0.000525s ]
INFO: [ app_begin ] --END-- [ RunTime:0.000582s ]
SQL: SHOW COLUMNS FROM `tp_user_group` [ RunTime:0.0008s ]
SQL: SELECT * FROM `tp_user_group`  [ RunTime:0.0003s ]
SQL: SHOW COLUMNS FROM `tp_agreement` [ RunTime:0.0014s ]
SQL: SELECT COUNT(*) AS tp_count FROM `tp_agreement` LIMIT 1   [ RunTime:0.0006s ]
SQL: SELECT * FROM `tp_agreement` LIMIT 0,20   [ RunTime:0.0008s ]
INFO: [ view_parse ] --START--
INFO: [ template_filter ] --START--
INFO: Run Behavior\ContentReplaceBehavior [ RunTime:0.000036s ]
INFO: [ template_filter ] --END-- [ RunTime:0.000088s ]
NOTIC: [8] Undefined variable: type /data/home/hyu2409230001/htdocs/App/Runtime/Cache/Admin/ee278b52f910612c31eced48a35febd5.php 第 43 行.
INFO: Run Behavior\ParseTemplateBehavior [ RunTime:0.007652s ]
INFO: [ view_parse ] --END-- [ RunTime:0.007694s ]
INFO: [ view_filter ] --START--
INFO: Run Behavior\WriteHtmlCacheBehavior [ RunTime:0.000221s ]
INFO: [ view_filter ] --END-- [ RunTime:0.000270s ]
INFO: [ app_end ] --START--
INFO: Run Behavior\ShowPageTraceBehavior [ RunTime:0.000517s ]
INFO: [ app_end ] --END-- [ RunTime:0.000564s ]

[ 2016-10-20T15:13:31+08:00 ] 124.129.141.251 /index.php?s=/admin/member/list.html
INFO: [ app_init ] --START--
INFO: Run Behavior\BuildLiteBehavior [ RunTime:0.000018s ]
INFO: [ app_init ] --END-- [ RunTime:0.000402s ]
INFO: [ app_begin ] --START--
INFO: Run Behavior\ReadHtmlCacheBehavior [ RunTime:0.000530s ]
INFO: [ app_begin ] --END-- [ RunTime:0.000597s ]
SQL: SHOW COLUMNS FROM `tp_user_group` [ RunTime:0.0012s ]
SQL: SELECT * FROM `tp_user_group`  [ RunTime:0.0005s ]
NOTIC: [8] Undefined index: id /data/home/hyu2409230001/htdocs/App/Admin/Controller/MemberController.class.php 第 30 行.
SQL: SHOW COLUMNS FROM `tp_member` [ RunTime:0.0016s ]
SQL: SELECT COUNT(*) AS tp_count FROM `tp_member` LIMIT 1   [ RunTime:0.0004s ]
SQL: SELECT * FROM `tp_member` LIMIT 0,20   [ RunTime:0.0008s ]
NOTIC: [8] Undefined variable: img_str /data/home/hyu2409230001/htdocs/App/Admin/Controller/MemberController.class.php 第 42 行.
SQL: SHOW COLUMNS FROM `tp_img` [ RunTime:0.0008s ]
SQL: SELECT * FROM `tp_img` WHERE ( server_id in ("vI_65IAiuoVd_dMFClfGCYpylDm9LNgRY5-vVElOCzLmtbPXhA74E1HsI4c0814y") )  [ RunTime:0.0004s ]
SQL: SELECT * FROM `tp_img` WHERE ( server_id in ("vI_65IAiuoVd_dMFClfGCYpylDm9LNgRY5-vVElOCzLmtbPXhA74E1HsI4c0814y""vufu59WkpGtftS-NrWt2x4VAyMVSilXVtv3l6Eo3J2GQpKpsvHbdiGXKEqnlu_9G","LjvgekpJ9brtwnh6xwaVw6g88BL10sJ0ipYOwdX9yLKNqex_Tf4If9mjPCrhA9bs","WslehA3gNo0mivLfoIR7xL8JAvM720vpCC6645PepWIbzH1oXpQyZQIeLjV0Uump","v7fMsIApgYpOowN5xEn8uGkMuFXYYV77mEEeK7lST-6BTwo6dnbixnGU1U9zqBHt") )  [ RunTime:0.0004s ]
INFO: [ view_parse ] --START--
INFO: [ template_filter ] --START--
INFO: Run Behavior\ContentReplaceBehavior [ RunTime:0.000051s ]
INFO: [ template_filter ] --END-- [ RunTime:0.000104s ]
NOTIC: [8] Undefined index: name /data/home/hyu2409230001/htdocs/App/Runtime/Cache/Admin/18bc80a3a1335b3d6f94bb81c17b9385.php 第 56 行.
NOTIC: [8] Undefined index: mobile /data/home/hyu2409230001/htdocs/App/Runtime/Cache/Admin/18bc80a3a1335b3d6f94bb81c17b9385.php 第 58 行.
NOTIC: [8] Undefined index: idCard /data/home/hyu2409230001/htdocs/App/Runtime/Cache/Admin/18bc80a3a1335b3d6f94bb81c17b9385.php 第 60 行.
NOTIC: [8] Undefined offset: 7 /data/home/hyu2409230001/htdocs/App/Runtime/Cache/Admin/18bc80a3a1335b3d6f94bb81c17b9385.php 第 115 行.
NOTIC: [8] Undefined variable: type /data/home/hyu2409230001/htdocs/App/Runtime/Cache/Admin/18bc80a3a1335b3d6f94bb81c17b9385.php 第 167 行.
INFO: Run Behavior\ParseTemplateBehavior [ RunTime:0.013554s ]
INFO: [ view_parse ] --END-- [ RunTime:0.013613s ]
INFO: [ view_filter ] --START--
INFO: Run Behavior\WriteHtmlCacheBehavior [ RunTime:0.000405s ]
INFO: [ view_filter ] --END-- [ RunTime:0.000462s ]
INFO: [ app_end ] --START--
INFO: Run Behavior\ShowPageTraceBehavior [ RunTime:0.000793s ]
INFO: [ app_end ] --END-- [ RunTime:0.000860s ]

[ 2016-10-20T15:13:33+08:00 ] 124.129.141.251 /index.php?s=/admin/subsidies/buy.html
INFO: [ app_init ] --START--
INFO: Run Behavior\BuildLiteBehavior [ RunTime:0.000017s ]
INFO: [ app_init ] --END-- [ RunTime:0.000403s ]
INFO: [ app_begin ] --START--
INFO: Run Behavior\ReadHtmlCacheBehavior [ RunTime:0.000534s ]
INFO: [ app_begin ] --END-- [ RunTime:0.000592s ]
SQL: SHOW COLUMNS FROM `tp_user_group` [ RunTime:0.0009s ]
SQL: SELECT * FROM `tp_user_group`  [ RunTime:0.0003s ]
NOTIC: [8] Undefined index: id /data/home/hyu2409230001/htdocs/App/Admin/Controller/MemberController.class.php 第 188 行.
SQL: SHOW COLUMNS FROM `tp_check` [ RunTime:0.0008s ]
SQL: SELECT COUNT(*) AS tp_count FROM tp_check as s LIMIT 1   [ RunTime:0.0004s ]
SQL: SELECT s.*,m.*,s.id as sid FROM tp_check as s INNER JOIN tp_member as m on m.id = s.user_id  LIMIT 0,20   [ RunTime:0.0010s ]
NOTIC: [8] Undefined variable: status /data/home/hyu2409230001/htdocs/App/Admin/Controller/MemberController.class.php 第 196 行.
INFO: [ view_parse ] --START--
INFO: [ template_filter ] --START--
INFO: Run Behavior\ContentReplaceBehavior [ RunTime:0.000038s ]
INFO: [ template_filter ] --END-- [ RunTime:0.000086s ]
NOTIC: [8] Undefined variable: type /data/home/hyu2409230001/htdocs/App/Runtime/Cache/Admin/de3e18c205fc99be25831608bb97ff42.php 第 125 行.
INFO: Run Behavior\ParseTemplateBehavior [ RunTime:0.009487s ]
INFO: [ view_parse ] --END-- [ RunTime:0.009534s ]
INFO: [ view_filter ] --START--
INFO: Run Behavior\WriteHtmlCacheBehavior [ RunTime:0.000241s ]
INFO: [ view_filter ] --END-- [ RunTime:0.000278s ]
INFO: [ app_end ] --START--
INFO: Run Behavior\ShowPageTraceBehavior [ RunTime:0.000522s ]
INFO: [ app_end ] --END-- [ RunTime:0.000586s ]

[ 2016-10-20T15:13:35+08:00 ] 124.129.141.251 /index.php?s=/Admin/member/buy_detail/id/2.html
INFO: [ app_init ] --START--
INFO: Run Behavior\BuildLiteBehavior [ RunTime:0.000041s ]
INFO: [ app_init ] --END-- [ RunTime:0.000469s ]
INFO: [ app_begin ] --START--
INFO: Run Behavior\ReadHtmlCacheBehavior [ RunTime:0.000566s ]
INFO: [ app_begin ] --END-- [ RunTime:0.000625s ]
SQL: SHOW COLUMNS FROM `tp_user_group` [ RunTime:0.0009s ]
SQL: SELECT * FROM `tp_user_group`  [ RunTime:0.0003s ]
SQL: SHOW COLUMNS FROM `tp_check` [ RunTime:0.0007s ]
SQL: SELECT * FROM `tp_check` WHERE `id` = 2 LIMIT 1   [ RunTime:0.0004s ]
SQL: SHOW COLUMNS FROM `tp_check_log` [ RunTime:0.0007s ]
SQL: SELECT c.*,u.name,u.group_id FROM tp_check_log as c INNER JOIN tp_user as u on u.id=c.admin_id  WHERE c.mod_id = '2' AND c.type = 1 ORDER BY addtime asc  [ RunTime:0.0006s ]
NOTIC: [8] Undefined variable: img_str /data/home/hyu2409230001/htdocs/App/Admin/Controller/MemberController.class.php 第 277 行.
SQL: SHOW COLUMNS FROM `tp_img` [ RunTime:0.0006s ]
SQL: SELECT * FROM `tp_img` WHERE ( server_id in ("7Zdu50hdFAPONTmFMWNS-GOdO26KHc05_0rwqZYez4RX0tjZTmqscxMU_HTiNr9U") )  [ RunTime:0.0004s ]
INFO: [ view_parse ] --START--
INFO: [ template_filter ] --START--
INFO: Run Behavior\ContentReplaceBehavior [ RunTime:0.000059s ]
INFO: [ template_filter ] --END-- [ RunTime:0.000110s ]
NOTIC: [8] Undefined index: remark /data/home/hyu2409230001/htdocs/App/Runtime/Cache/Admin/135f0c9fd12dffefbbbc16154558e87f.php 第 86 行.
INFO: Run Behavior\ParseTemplateBehavior [ RunTime:0.009618s ]
INFO: [ view_parse ] --END-- [ RunTime:0.009666s ]
INFO: [ view_filter ] --START--
INFO: Run Behavior\WriteHtmlCacheBehavior [ RunTime:0.000229s ]
INFO: [ view_filter ] --END-- [ RunTime:0.000267s ]
INFO: [ app_end ] --START--
INFO: Run Behavior\ShowPageTraceBehavior [ RunTime:0.000558s ]
INFO: [ app_end ] --END-- [ RunTime:0.000613s ]

[ 2016-10-20T21:29:08+08:00 ] 121.42.0.37 /admin/images/menu-current-arrow.gif
INFO: [ app_init ] --START--
INFO: Run Behavior\BuildLiteBehavior [ RunTime:0.000020s ]
INFO: [ app_init ] --END-- [ RunTime:0.000393s ]

[ 2016-10-20T21:29:10+08:00 ] 121.42.0.37 /admin/image/menu_h4.png
INFO: [ app_init ] --START--
INFO: Run Behavior\BuildLiteBehavior [ RunTime:0.000023s ]
INFO: [ app_init ] --END-- [ RunTime:0.000440s ]

[ 2016-10-20T21:29:15+08:00 ] 121.42.0.37 /Admin/Images/GoogleSiteMaplogo.gif
INFO: [ app_init ] --START--
INFO: Run Behavior\BuildLiteBehavior [ RunTime:0.000020s ]
INFO: [ app_init ] --END-- [ RunTime:0.000457s ]

[ 2016-10-20T21:29:16+08:00 ] 121.42.0.37 /admin/images/admintitlebg.gif
INFO: [ app_init ] --START--
INFO: Run Behavior\BuildLiteBehavior [ RunTime:0.000021s ]
INFO: [ app_init ] --END-- [ RunTime:0.000421s ]

[ 2016-10-20T21:29:17+08:00 ] 121.42.0.37 /Admin/Images/icon_lpdhjl.png
INFO: [ app_init ] --START--
INFO: Run Behavior\BuildLiteBehavior [ RunTime:0.000018s ]
INFO: [ app_init ] --END-- [ RunTime:0.000419s ]

[ 2016-10-20T21:29:18+08:00 ] 121.42.0.37 /Admin/Images/Icon-Nav-Close-over.gif
INFO: [ app_init ] --START--
INFO: Run Behavior\BuildLiteBehavior [ RunTime:0.000020s ]
INFO: [ app_init ] --END-- [ RunTime:0.000407s ]

[ 2016-10-20T21:29:19+08:00 ] 121.42.0.37 /admin/images/abg2.png
INFO: [ app_init ] --START--
INFO: Run Behavior\BuildLiteBehavior [ RunTime:0.000020s ]
INFO: [ app_init ] --END-- [ RunTime:0.000428s ]

[ 2016-10-20T21:29:21+08:00 ] 121.42.0.37 /admin/images/tab_17.gif
INFO: [ app_init ] --START--
INFO: Run Behavior\BuildLiteBehavior [ RunTime:0.000019s ]
INFO: [ app_init ] --END-- [ RunTime:0.000398s ]

[ 2016-10-20T21:29:22+08:00 ] 121.42.0.37 /admin/images/top_tt_bg.gif
INFO: [ app_init ] --START--
INFO: Run Behavior\BuildLiteBehavior [ RunTime:0.000019s ]
INFO: [ app_init ] --END-- [ RunTime:0.000436s ]

[ 2016-10-20T21:29:23+08:00 ] 121.42.0.37 /admin/images/login/login_submit.gif
INFO: [ app_init ] --START--
INFO: Run Behavior\BuildLiteBehavior [ RunTime:0.000018s ]
INFO: [ app_init ] --END-- [ RunTime:0.000407s ]

[ 2016-10-20T21:29:26+08:00 ] 121.42.0.37 /admin/images/netgather_com.gif
INFO: [ app_init ] --START--
INFO: Run Behavior\BuildLiteBehavior [ RunTime:0.000020s ]
INFO: [ app_init ] --END-- [ RunTime:0.000433s ]

[ 2016-10-20T21:29:31+08:00 ] 121.42.0.37 /admin/templates/met/images/logosmall.gif
INFO: [ app_init ] --START--
INFO: Run Behavior\BuildLiteBehavior [ RunTime:0.000021s ]
INFO: [ app_init ] --END-- [ RunTime:0.000515s ]

[ 2016-10-20T21:29:32+08:00 ] 121.42.0.37 /admin/images/icon_view.gif
INFO: [ app_init ] --START--
INFO: Run Behavior\BuildLiteBehavior [ RunTime:0.000021s ]
INFO: [ app_init ] --END-- [ RunTime:0.000416s ]

[ 2016-10-20T21:29:34+08:00 ] 121.42.0.37 /admin/images/login/index_hz02.gif
INFO: [ app_init ] --START--
INFO: Run Behavior\BuildLiteBehavior [ RunTime:0.000018s ]
INFO: [ app_init ] --END-- [ RunTime:0.000412s ]

[ 2016-10-20T21:29:36+08:00 ] 121.42.0.37 /Admin/Images/LoginImages/logyh.gif
INFO: [ app_init ] --START--
INFO: Run Behavior\BuildLiteBehavior [ RunTime:0.000018s ]
INFO: [ app_init ] --END-- [ RunTime:0.000404s ]

[ 2016-10-20T21:29:38+08:00 ] 121.42.0.37 /admin/templates/images/subTypeBg.gif
INFO: [ app_init ] --START--
INFO: Run Behavior\BuildLiteBehavior [ RunTime:0.000041s ]
INFO: [ app_init ] --END-- [ RunTime:0.000414s ]

[ 2016-10-20T21:29:38+08:00 ] 121.42.0.37 /admin/templates/images/filestate.png
INFO: [ app_init ] --START--
INFO: Run Behavior\BuildLiteBehavior [ RunTime:0.000018s ]
INFO: [ app_init ] --END-- [ RunTime:0.000402s ]

[ 2016-10-20T21:29:41+08:00 ] 121.42.0.37 /admin/images/comment_alert.gif
INFO: [ app_init ] --START--
INFO: Run Behavior\BuildLiteBehavior [ RunTime:0.000020s ]
INFO: [ app_init ] --END-- [ RunTime:0.000491s ]

[ 2016-10-20T21:29:43+08:00 ] 121.42.0.37 /Admin/Images/RectNoColor.gif
INFO: [ app_init ] --START--
INFO: Run Behavior\BuildLiteBehavior [ RunTime:0.000017s ]
INFO: [ app_init ] --END-- [ RunTime:0.000380s ]

[ 2016-10-20T21:29:44+08:00 ] 121.42.0.37 /admin/skins/images/ads_set3.gif
INFO: [ app_init ] --START--
INFO: Run Behavior\BuildLiteBehavior [ RunTime:0.000019s ]
INFO: [ app_init ] --END-- [ RunTime:0.000419s ]

[ 2016-10-20T21:29:46+08:00 ] 121.42.0.37 /admin/images/loadingAnimation.gif
INFO: [ app_init ] --START--
INFO: Run Behavior\BuildLiteBehavior [ RunTime:0.000027s ]
INFO: [ app_init ] --END-- [ RunTime:0.000495s ]

[ 2016-10-20T21:29:49+08:00 ] 121.42.0.37 /admin/images/arrow_right_8x8.png
INFO: [ app_init ] --START--
INFO: Run Behavior\BuildLiteBehavior [ RunTime:0.000019s ]
INFO: [ app_init ] --END-- [ RunTime:0.000413s ]

[ 2016-10-20T21:29:50+08:00 ] 121.42.0.37 /Admin/images/install_lines.jpg
INFO: [ app_init ] --START--
INFO: Run Behavior\BuildLiteBehavior [ RunTime:0.000020s ]
INFO: [ app_init ] --END-- [ RunTime:0.000391s ]

[ 2016-10-20T21:29:57+08:00 ] 121.42.0.37 /admin/images/li_4.gif
INFO: [ app_init ] --START--
INFO: Run Behavior\BuildLiteBehavior [ RunTime:0.000020s ]
INFO: [ app_init ] --END-- [ RunTime:0.000399s ]

[ 2016-10-20T21:29:57+08:00 ] 121.42.0.37 /admin/tpl/images/welcome_h1.gif
INFO: [ app_init ] --START--
INFO: Run Behavior\BuildLiteBehavior [ RunTime:0.000018s ]
INFO: [ app_init ] --END-- [ RunTime:0.000408s ]

[ 2016-10-20T21:29:58+08:00 ] 121.42.0.37 /admin/images/bg-pay-return-success.gif
INFO: [ app_init ] --START--
INFO: Run Behavior\BuildLiteBehavior [ RunTime:0.000018s ]
INFO: [ app_init ] --END-- [ RunTime:0.000446s ]

[ 2016-10-20T21:29:58+08:00 ] 121.42.0.37 /admin/images/login_06.jpg
INFO: [ app_init ] --START--
INFO: Run Behavior\BuildLiteBehavior [ RunTime:0.000019s ]
INFO: [ app_init ] --END-- [ RunTime:0.000383s ]

[ 2016-10-20T21:29:59+08:00 ] 121.42.0.37 /admin/view/image/flags/wales.png
INFO: [ app_init ] --START--
INFO: Run Behavior\BuildLiteBehavior [ RunTime:0.000019s ]
INFO: [ app_init ] --END-- [ RunTime:0.000430s ]

[ 2016-10-20T21:29:59+08:00 ] 121.42.0.37 /admin/view/image/checkmark.png
INFO: [ app_init ] --START--
INFO: Run Behavior\BuildLiteBehavior [ RunTime:0.000022s ]
INFO: [ app_init ] --END-- [ RunTime:0.000405s ]

[ 2016-10-20T21:30:01+08:00 ] 121.42.0.37 /Admin/Images/bg_admin.jpg
INFO: [ app_init ] --START--
INFO: Run Behavior\BuildLiteBehavior [ RunTime:0.000019s ]
INFO: [ app_init ] --END-- [ RunTime:0.000393s ]

