[ 2016-10-13T14:25:48+08:00 ] ::1 /longhcuanwenhua/index.php/admin
INFO: [ app_init ] --START--
INFO: Run Behavior\BuildLiteBehavior [ RunTime:0.000008s ]
INFO: [ app_init ] --END-- [ RunTime:0.000210s ]
INFO: [ app_begin ] --START--
INFO: Run Behavior\ReadHtmlCacheBehavior [ RunTime:0.000368s ]
INFO: [ app_begin ] --END-- [ RunTime:0.000402s ]

[ 2016-10-13T14:25:48+08:00 ] ::1 /longhcuanwenhua/index.php?s=/Admin/Users/login.html
INFO: [ app_init ] --START--
INFO: Run Behavior\BuildLiteBehavior [ RunTime:0.000007s ]
INFO: [ app_init ] --END-- [ RunTime:0.000207s ]
INFO: [ app_begin ] --START--
INFO: Run Behavior\ReadHtmlCacheBehavior [ RunTime:0.000302s ]
INFO: [ app_begin ] --END-- [ RunTime:0.000336s ]
INFO: [ view_parse ] --START--
INFO: [ template_filter ] --START--
INFO: Run Behavior\ContentReplaceBehavior [ RunTime:0.000033s ]
INFO: [ template_filter ] --END-- [ RunTime:0.000076s ]
INFO: Run Behavior\ParseTemplateBehavior [ RunTime:0.003923s ]
INFO: [ view_parse ] --END-- [ RunTime:0.003968s ]
INFO: [ view_filter ] --START--
INFO: Run Behavior\WriteHtmlCacheBehavior [ RunTime:0.000175s ]
INFO: [ view_filter ] --END-- [ RunTime:0.000196s ]
INFO: [ app_end ] --START--
INFO: Run Behavior\ShowPageTraceBehavior [ RunTime:0.000258s ]
INFO: [ app_end ] --END-- [ RunTime:0.000280s ]

[ 2016-10-13T14:25:48+08:00 ] ::1 /longhcuanwenhua/index.php?s=/admin/users/verify.html
INFO: [ app_init ] --START--
INFO: Run Behavior\BuildLiteBehavior [ RunTime:0.000010s ]
INFO: [ app_init ] --END-- [ RunTime:0.000229s ]
INFO: [ app_begin ] --START--
INFO: Run Behavior\ReadHtmlCacheBehavior [ RunTime:0.000353s ]
INFO: [ app_begin ] --END-- [ RunTime:0.000389s ]
INFO: [ app_end ] --START--
INFO: Run Behavior\ShowPageTraceBehavior [ RunTime:0.000339s ]
INFO: [ app_end ] --END-- [ RunTime:0.000386s ]

[ 2016-10-13T14:25:52+08:00 ] ::1 /longhcuanwenhua/index.php?s=/admin/users/login.html
INFO: [ app_init ] --START--
INFO: Run Behavior\BuildLiteBehavior [ RunTime:0.000009s ]
INFO: [ app_init ] --END-- [ RunTime:0.000228s ]
INFO: [ app_begin ] --START--
INFO: Run Behavior\ReadHtmlCacheBehavior [ RunTime:0.000404s ]
INFO: [ app_begin ] --END-- [ RunTime:0.000451s ]
NOTIC: [8] Undefined variable: id D:\WWW\longhcuanwenhua\App\Admin\Controller\UsersController.class.php 第 18 行.
INFO: [ view_parse ] --START--
INFO: [ template_filter ] --START--
INFO: Run Behavior\ContentReplaceBehavior [ RunTime:0.000021s ]
INFO: [ template_filter ] --END-- [ RunTime:0.000053s ]
INFO: Run Behavior\ParseTemplateBehavior [ RunTime:0.003560s ]
INFO: [ view_parse ] --END-- [ RunTime:0.003591s ]
INFO: [ view_filter ] --START--
INFO: Run Behavior\WriteHtmlCacheBehavior [ RunTime:0.000143s ]
INFO: [ view_filter ] --END-- [ RunTime:0.000185s ]

[ 2016-10-13T14:25:54+08:00 ] ::1 /longhcuanwenhua/index.php?s=/admin/user/login.html
INFO: [ app_init ] --START--
INFO: Run Behavior\BuildLiteBehavior [ RunTime:0.000008s ]
INFO: [ app_init ] --END-- [ RunTime:0.000264s ]
INFO: [ app_begin ] --START--
INFO: Run Behavior\ReadHtmlCacheBehavior [ RunTime:0.000265s ]
INFO: [ app_begin ] --END-- [ RunTime:0.000293s ]

[ 2016-10-13T14:25:54+08:00 ] ::1 /longhcuanwenhua/index.php?s=/Admin/Users/login.html
INFO: [ app_init ] --START--
INFO: Run Behavior\BuildLiteBehavior [ RunTime:0.000012s ]
INFO: [ app_init ] --END-- [ RunTime:0.000272s ]
INFO: [ app_begin ] --START--
INFO: Run Behavior\ReadHtmlCacheBehavior [ RunTime:0.000514s ]
INFO: [ app_begin ] --END-- [ RunTime:0.000550s ]
INFO: [ view_parse ] --START--
INFO: [ template_filter ] --START--
INFO: Run Behavior\ContentReplaceBehavior [ RunTime:0.000043s ]
INFO: [ template_filter ] --END-- [ RunTime:0.000098s ]
INFO: Run Behavior\ParseTemplateBehavior [ RunTime:0.003571s ]
INFO: [ view_parse ] --END-- [ RunTime:0.003607s ]
INFO: [ view_filter ] --START--
INFO: Run Behavior\WriteHtmlCacheBehavior [ RunTime:0.000153s ]
INFO: [ view_filter ] --END-- [ RunTime:0.000175s ]
INFO: [ app_end ] --START--
INFO: Run Behavior\ShowPageTraceBehavior [ RunTime:0.000356s ]
INFO: [ app_end ] --END-- [ RunTime:0.000403s ]

[ 2016-10-13T14:25:54+08:00 ] ::1 /longhcuanwenhua/index.php?s=/admin/users/verify.html
INFO: [ app_init ] --START--
INFO: Run Behavior\BuildLiteBehavior [ RunTime:0.000010s ]
INFO: [ app_init ] --END-- [ RunTime:0.000385s ]
INFO: [ app_begin ] --START--
INFO: Run Behavior\ReadHtmlCacheBehavior [ RunTime:0.000306s ]
INFO: [ app_begin ] --END-- [ RunTime:0.000343s ]
INFO: [ app_end ] --START--
INFO: Run Behavior\ShowPageTraceBehavior [ RunTime:0.000333s ]
INFO: [ app_end ] --END-- [ RunTime:0.000384s ]

[ 2016-10-13T14:25:59+08:00 ] ::1 /longhcuanwenhua/index.php?s=/admin/users/login.html
INFO: [ app_init ] --START--
INFO: Run Behavior\BuildLiteBehavior [ RunTime:0.000008s ]
INFO: [ app_init ] --END-- [ RunTime:0.000220s ]
INFO: [ app_begin ] --START--
INFO: Run Behavior\ReadHtmlCacheBehavior [ RunTime:0.000258s ]
INFO: [ app_begin ] --END-- [ RunTime:0.000334s ]
NOTIC: [8] Undefined variable: id D:\WWW\longhcuanwenhua\App\Admin\Controller\UsersController.class.php 第 18 行.
SQL: SHOW COLUMNS FROM `tp_user` [ RunTime:0.0245s ]
SQL: SELECT * FROM `tp_user` WHERE `name` = 'admin' AND `pwd` = 'e10adc3949ba59abbe56e057f20f883e' LIMIT 1   [ RunTime:0.0238s ]
INFO: [ view_parse ] --START--
INFO: [ template_filter ] --START--
INFO: Run Behavior\ContentReplaceBehavior [ RunTime:0.000021s ]
INFO: [ template_filter ] --END-- [ RunTime:0.000048s ]
INFO: Run Behavior\ParseTemplateBehavior [ RunTime:0.003088s ]
INFO: [ view_parse ] --END-- [ RunTime:0.003124s ]
INFO: [ view_filter ] --START--
INFO: Run Behavior\WriteHtmlCacheBehavior [ RunTime:0.000141s ]
INFO: [ view_filter ] --END-- [ RunTime:0.000164s ]
INFO: [ app_end ] --START--
INFO: Run Behavior\ShowPageTraceBehavior [ RunTime:0.000264s ]
INFO: [ app_end ] --END-- [ RunTime:0.000290s ]

[ 2016-10-13T14:26:00+08:00 ] ::1 /longhcuanwenhua/index.php?s=/Admin/Index/index
INFO: [ app_init ] --START--
INFO: Run Behavior\BuildLiteBehavior [ RunTime:0.000008s ]
INFO: [ app_init ] --END-- [ RunTime:0.000235s ]
INFO: [ app_begin ] --START--
INFO: Run Behavior\ReadHtmlCacheBehavior [ RunTime:0.000297s ]
INFO: [ app_begin ] --END-- [ RunTime:0.000326s ]
SQL: SHOW COLUMNS FROM `tp_user_group` [ RunTime:0.0349s ]
SQL: SELECT * FROM `tp_user_group`  [ RunTime:0.0247s ]
INFO: [ view_parse ] --START--
INFO: [ template_filter ] --START--
INFO: Run Behavior\ContentReplaceBehavior [ RunTime:0.000033s ]
INFO: [ template_filter ] --END-- [ RunTime:0.000071s ]
NOTIC: [8] Array to string conversion D:\WWW\longhcuanwenhua\App\Runtime\Cache\Admin\9df924d9a2d217daa77a359c5bee0c33.php 第 19 行.
INFO: Run Behavior\ParseTemplateBehavior [ RunTime:0.004072s ]
INFO: [ view_parse ] --END-- [ RunTime:0.004110s ]
INFO: [ view_filter ] --START--
INFO: Run Behavior\WriteHtmlCacheBehavior [ RunTime:0.000142s ]
INFO: [ view_filter ] --END-- [ RunTime:0.000163s ]
INFO: [ app_end ] --START--
INFO: Run Behavior\ShowPageTraceBehavior [ RunTime:0.000268s ]
INFO: [ app_end ] --END-- [ RunTime:0.000292s ]

[ 2016-10-13T14:26:01+08:00 ] ::1 /longhcuanwenhua/index.php?s=/admin/member/list.html
INFO: [ app_init ] --START--
INFO: Run Behavior\BuildLiteBehavior [ RunTime:0.000012s ]
INFO: [ app_init ] --END-- [ RunTime:0.000249s ]
INFO: [ app_begin ] --START--
INFO: Run Behavior\ReadHtmlCacheBehavior [ RunTime:0.000302s ]
INFO: [ app_begin ] --END-- [ RunTime:0.000339s ]
SQL: SHOW COLUMNS FROM `tp_user_group` [ RunTime:0.0242s ]
SQL: SELECT * FROM `tp_user_group`  [ RunTime:0.0237s ]
NOTIC: [8] Undefined index: id D:\WWW\longhcuanwenhua\App\Admin\Controller\MemberController.class.php 第 30 行.
SQL: SHOW COLUMNS FROM `tp_member` [ RunTime:0.0240s ]
SQL: SELECT COUNT(*) AS tp_count FROM `tp_member` LIMIT 1   [ RunTime:0.0234s ]
SQL: SELECT * FROM `tp_member` LIMIT 0,20   [ RunTime:0.0229s ]
INFO: [ view_parse ] --START--
INFO: [ template_filter ] --START--
INFO: Run Behavior\ContentReplaceBehavior [ RunTime:0.000052s ]
INFO: [ template_filter ] --END-- [ RunTime:0.000098s ]
NOTIC: [8] Undefined index: name D:\WWW\longhcuanwenhua\App\Runtime\Cache\Admin\18bc80a3a1335b3d6f94bb81c17b9385.php 第 56 行.
NOTIC: [8] Undefined index: mobile D:\WWW\longhcuanwenhua\App\Runtime\Cache\Admin\18bc80a3a1335b3d6f94bb81c17b9385.php 第 58 行.
NOTIC: [8] Undefined index: idCard D:\WWW\longhcuanwenhua\App\Runtime\Cache\Admin\18bc80a3a1335b3d6f94bb81c17b9385.php 第 60 行.
NOTIC: [8] Undefined variable: type D:\WWW\longhcuanwenhua\App\Runtime\Cache\Admin\18bc80a3a1335b3d6f94bb81c17b9385.php 第 161 行.
INFO: Run Behavior\ParseTemplateBehavior [ RunTime:0.006968s ]
INFO: [ view_parse ] --END-- [ RunTime:0.007003s ]
INFO: [ view_filter ] --START--
INFO: Run Behavior\WriteHtmlCacheBehavior [ RunTime:0.000136s ]
INFO: [ view_filter ] --END-- [ RunTime:0.000156s ]
INFO: [ app_end ] --START--
INFO: Run Behavior\ShowPageTraceBehavior [ RunTime:0.000248s ]
INFO: [ app_end ] --END-- [ RunTime:0.000269s ]

[ 2016-10-13T14:26:04+08:00 ] ::1 /longhcuanwenhua/index.php?s=/admin/order/list.html
INFO: [ app_init ] --START--
INFO: Run Behavior\BuildLiteBehavior [ RunTime:0.000010s ]
INFO: [ app_init ] --END-- [ RunTime:0.000317s ]
INFO: [ app_begin ] --START--
INFO: Run Behavior\ReadHtmlCacheBehavior [ RunTime:0.000347s ]
INFO: [ app_begin ] --END-- [ RunTime:0.000386s ]
SQL: SHOW COLUMNS FROM `tp_user_group` [ RunTime:0.0238s ]
SQL: SELECT * FROM `tp_user_group`  [ RunTime:0.0222s ]
NOTIC: [8] Undefined index: id D:\WWW\longhcuanwenhua\App\Admin\Controller\FinanceController.class.php 第 40 行.

[ 2016-10-13T14:26:06+08:00 ] ::1 /longhcuanwenhua/index.php?s=/admin/order/list.html
INFO: [ app_init ] --START--
INFO: Run Behavior\BuildLiteBehavior [ RunTime:0.000008s ]
INFO: [ app_init ] --END-- [ RunTime:0.000202s ]
INFO: [ app_begin ] --START--
INFO: Run Behavior\ReadHtmlCacheBehavior [ RunTime:0.000285s ]
INFO: [ app_begin ] --END-- [ RunTime:0.000317s ]
SQL: SHOW COLUMNS FROM `tp_user_group` [ RunTime:0.0203s ]
SQL: SELECT * FROM `tp_user_group`  [ RunTime:0.0187s ]
NOTIC: [8] Undefined index: id D:\WWW\longhcuanwenhua\App\Admin\Controller\FinanceController.class.php 第 40 行.

[ 2016-10-13T14:26:08+08:00 ] ::1 /longhcuanwenhua/index.php?s=/admin/order/list.html
INFO: [ app_init ] --START--
INFO: Run Behavior\BuildLiteBehavior [ RunTime:0.000009s ]
INFO: [ app_init ] --END-- [ RunTime:0.000208s ]
INFO: [ app_begin ] --START--
INFO: Run Behavior\ReadHtmlCacheBehavior [ RunTime:0.000254s ]
INFO: [ app_begin ] --END-- [ RunTime:0.000283s ]
SQL: SHOW COLUMNS FROM `tp_user_group` [ RunTime:0.0247s ]
SQL: SELECT * FROM `tp_user_group`  [ RunTime:0.0240s ]
NOTIC: [8] Undefined index: id D:\WWW\longhcuanwenhua\App\Admin\Controller\FinanceController.class.php 第 40 行.

[ 2016-10-13T14:26:16+08:00 ] ::1 /longhcuanwenhua/index.php?s=/admin/order/list.html
INFO: [ app_init ] --START--
INFO: Run Behavior\BuildLiteBehavior [ RunTime:0.000008s ]
INFO: [ app_init ] --END-- [ RunTime:0.000226s ]
INFO: [ app_begin ] --START--
INFO: Run Behavior\ReadHtmlCacheBehavior [ RunTime:0.000277s ]
INFO: [ app_begin ] --END-- [ RunTime:0.000310s ]
SQL: SHOW COLUMNS FROM `tp_user_group` [ RunTime:0.0189s ]
SQL: SELECT * FROM `tp_user_group`  [ RunTime:0.0183s ]
NOTIC: [8] Undefined index: id D:\WWW\longhcuanwenhua\App\Admin\Controller\FinanceController.class.php 第 40 行.
NOTIC: [8] Undefined variable: start D:\WWW\longhcuanwenhua\App\Admin\Controller\FinanceController.class.php 第 43 行.
SQL: SHOW COLUMNS FROM `tp_goods_order` [ RunTime:0.0195s ]
SQL: SELECT COUNT(*) AS tp_count FROM tp_goods_order as o WHERE o.order_status = 2 LIMIT 1   [ RunTime:0.0205s ]
SQL: SELECT o.*,m.name,m.mobile FROM tp_goods_order as o left JOIN tp_member as m on o.user_id = m.id  WHERE o.order_status = 2 LIMIT 0,20   [ RunTime:0.0327s ]
SQL: SELECT SUM(o.money) AS tp_sum FROM tp_goods_order as o WHERE o.order_status = 2 LIMIT 1   [ RunTime:0.0341s ]
INFO: [ view_parse ] --START--
INFO: [ template_filter ] --START--
INFO: Run Behavior\ContentReplaceBehavior [ RunTime:0.000046s ]
INFO: [ template_filter ] --END-- [ RunTime:0.000081s ]
NOTIC: [8] Undefined index: godds_name D:\WWW\longhcuanwenhua\App\Runtime\Cache\Admin\00847b59addc2c670b8af8a629a001af.php 第 85 行.
NOTIC: [8] Undefined index: diagnose D:\WWW\longhcuanwenhua\App\Runtime\Cache\Admin\00847b59addc2c670b8af8a629a001af.php 第 112 行.
NOTIC: [8] Undefined variable: sickid D:\WWW\longhcuanwenhua\App\Runtime\Cache\Admin\00847b59addc2c670b8af8a629a001af.php 第 112 行.
NOTIC: [8] Undefined index: illness_time D:\WWW\longhcuanwenhua\App\Runtime\Cache\Admin\00847b59addc2c670b8af8a629a001af.php 第 116 行.
NOTIC: [8] Undefined index: illness_time D:\WWW\longhcuanwenhua\App\Runtime\Cache\Admin\00847b59addc2c670b8af8a629a001af.php 第 116 行.
NOTIC: [8] Undefined index: illness_history D:\WWW\longhcuanwenhua\App\Runtime\Cache\Admin\00847b59addc2c670b8af8a629a001af.php 第 121 行.
NOTIC: [8] Undefined index: gm_history D:\WWW\longhcuanwenhua\App\Runtime\Cache\Admin\00847b59addc2c670b8af8a629a001af.php 第 126 行.
NOTIC: [8] Undefined index: jz_history D:\WWW\longhcuanwenhua\App\Runtime\Cache\Admin\00847b59addc2c670b8af8a629a001af.php 第 131 行.
NOTIC: [8] Undefined index: cq_domicile D:\WWW\longhcuanwenhua\App\Runtime\Cache\Admin\00847b59addc2c670b8af8a629a001af.php 第 136 行.
NOTIC: [8] Undefined index: description D:\WWW\longhcuanwenhua\App\Runtime\Cache\Admin\00847b59addc2c670b8af8a629a001af.php 第 141 行.
NOTIC: [8] Undefined variable: type D:\WWW\longhcuanwenhua\App\Runtime\Cache\Admin\00847b59addc2c670b8af8a629a001af.php 第 158 行.
INFO: Run Behavior\ParseTemplateBehavior [ RunTime:0.006130s ]
INFO: [ view_parse ] --END-- [ RunTime:0.006158s ]
INFO: [ view_filter ] --START--
INFO: Run Behavior\WriteHtmlCacheBehavior [ RunTime:0.000139s ]
INFO: [ view_filter ] --END-- [ RunTime:0.000159s ]
INFO: [ app_end ] --START--
INFO: Run Behavior\ShowPageTraceBehavior [ RunTime:0.000282s ]
INFO: [ app_end ] --END-- [ RunTime:0.000306s ]

[ 2016-10-13T14:26:37+08:00 ] ::1 /longhcuanwenhua/index.php?s=/admin/order/list.html
INFO: [ app_init ] --START--
INFO: Run Behavior\BuildLiteBehavior [ RunTime:0.000008s ]
INFO: [ app_init ] --END-- [ RunTime:0.000211s ]
INFO: [ app_begin ] --START--
INFO: Run Behavior\ReadHtmlCacheBehavior [ RunTime:0.000256s ]
INFO: [ app_begin ] --END-- [ RunTime:0.000286s ]
SQL: SHOW COLUMNS FROM `tp_user_group` [ RunTime:0.0187s ]
SQL: SELECT * FROM `tp_user_group`  [ RunTime:0.0182s ]
NOTIC: [8] Undefined index: id D:\WWW\longhcuanwenhua\App\Admin\Controller\FinanceController.class.php 第 40 行.
NOTIC: [8] Undefined variable: start D:\WWW\longhcuanwenhua\App\Admin\Controller\FinanceController.class.php 第 43 行.
SQL: SHOW COLUMNS FROM `tp_goods_order` [ RunTime:0.0187s ]
SQL: SELECT COUNT(*) AS tp_count FROM tp_goods_order as o WHERE o.order_status = 2 LIMIT 1   [ RunTime:0.0180s ]
SQL: SELECT o.*,m.name,m.mobile FROM tp_goods_order as o left JOIN tp_member as m on o.user_id = m.id  WHERE o.order_status = 2 LIMIT 0,20   [ RunTime:0.0188s ]
SQL: SELECT SUM(o.money) AS tp_sum FROM tp_goods_order as o WHERE o.order_status = 2 LIMIT 1   [ RunTime:0.0184s ]
INFO: [ view_parse ] --START--
INFO: [ template_filter ] --START--
INFO: Run Behavior\ContentReplaceBehavior [ RunTime:0.000050s ]
INFO: [ template_filter ] --END-- [ RunTime:0.000102s ]
NOTIC: [8] Undefined index: diagnose D:\WWW\longhcuanwenhua\App\Runtime\Cache\Admin\00847b59addc2c670b8af8a629a001af.php 第 112 行.
NOTIC: [8] Undefined variable: sickid D:\WWW\longhcuanwenhua\App\Runtime\Cache\Admin\00847b59addc2c670b8af8a629a001af.php 第 112 行.
NOTIC: [8] Undefined index: illness_time D:\WWW\longhcuanwenhua\App\Runtime\Cache\Admin\00847b59addc2c670b8af8a629a001af.php 第 116 行.
NOTIC: [8] Undefined index: illness_time D:\WWW\longhcuanwenhua\App\Runtime\Cache\Admin\00847b59addc2c670b8af8a629a001af.php 第 116 行.
NOTIC: [8] Undefined index: illness_history D:\WWW\longhcuanwenhua\App\Runtime\Cache\Admin\00847b59addc2c670b8af8a629a001af.php 第 121 行.
NOTIC: [8] Undefined index: gm_history D:\WWW\longhcuanwenhua\App\Runtime\Cache\Admin\00847b59addc2c670b8af8a629a001af.php 第 126 行.
NOTIC: [8] Undefined index: jz_history D:\WWW\longhcuanwenhua\App\Runtime\Cache\Admin\00847b59addc2c670b8af8a629a001af.php 第 131 行.
NOTIC: [8] Undefined index: cq_domicile D:\WWW\longhcuanwenhua\App\Runtime\Cache\Admin\00847b59addc2c670b8af8a629a001af.php 第 136 行.
NOTIC: [8] Undefined index: description D:\WWW\longhcuanwenhua\App\Runtime\Cache\Admin\00847b59addc2c670b8af8a629a001af.php 第 141 行.
NOTIC: [8] Undefined variable: type D:\WWW\longhcuanwenhua\App\Runtime\Cache\Admin\00847b59addc2c670b8af8a629a001af.php 第 158 行.
INFO: Run Behavior\ParseTemplateBehavior [ RunTime:0.005799s ]
INFO: [ view_parse ] --END-- [ RunTime:0.005829s ]
INFO: [ view_filter ] --START--
INFO: Run Behavior\WriteHtmlCacheBehavior [ RunTime:0.000140s ]
INFO: [ view_filter ] --END-- [ RunTime:0.000160s ]
INFO: [ app_end ] --START--
INFO: Run Behavior\ShowPageTraceBehavior [ RunTime:0.000262s ]
INFO: [ app_end ] --END-- [ RunTime:0.000286s ]

[ 2016-10-13T14:28:17+08:00 ] ::1 /longhcuanwenhua/index.php?s=/Admin/income/list.html
INFO: [ app_init ] --START--
INFO: Run Behavior\BuildLiteBehavior [ RunTime:0.000009s ]
INFO: [ app_init ] --END-- [ RunTime:0.000244s ]
INFO: [ app_begin ] --START--
INFO: Run Behavior\ReadHtmlCacheBehavior [ RunTime:0.000283s ]
INFO: [ app_begin ] --END-- [ RunTime:0.000314s ]
SQL: SHOW COLUMNS FROM `tp_user_group` [ RunTime:0.0201s ]
SQL: SELECT * FROM `tp_user_group`  [ RunTime:0.0180s ]
NOTIC: [8] Undefined index: id D:\WWW\longhcuanwenhua\App\Admin\Controller\FinanceController.class.php 第 12 行.
SQL: SHOW COLUMNS FROM `tp_vip_order` [ RunTime:0.0204s ]
SQL: SELECT COUNT(*) AS tp_count FROM tp_vip_order as o WHERE o.order_status = 2 AND o.addtime BETWEEN 1475251200 AND 1477584000 LIMIT 1   [ RunTime:0.0193s ]
SQL: SELECT o.*,m.name,m.birthday,m.idCard,m.mobile FROM tp_vip_order as o left JOIN tp_member as m on o.user_id = m.id  WHERE o.order_status = 2 AND o.addtime BETWEEN 1475251200 AND 1477584000 LIMIT 0,20   [ RunTime:0.0185s ]
SQL: SELECT SUM(o.money) AS tp_sum FROM tp_vip_order as o WHERE o.order_status = 2 AND o.addtime BETWEEN 1475251200 AND 1477584000 LIMIT 1   [ RunTime:0.0239s ]
INFO: [ view_parse ] --START--
INFO: [ template_filter ] --START--
INFO: Run Behavior\ContentReplaceBehavior [ RunTime:0.000052s ]
INFO: [ template_filter ] --END-- [ RunTime:0.000090s ]
NOTIC: [8] Undefined variable: type D:\WWW\longhcuanwenhua\App\Runtime\Cache\Admin\31d3db9de1d18f82fe3f94ec6f55d2fa.php 第 158 行.
INFO: Run Behavior\ParseTemplateBehavior [ RunTime:0.006459s ]
INFO: [ view_parse ] --END-- [ RunTime:0.006494s ]
INFO: [ view_filter ] --START--
INFO: Run Behavior\WriteHtmlCacheBehavior [ RunTime:0.000187s ]
INFO: [ view_filter ] --END-- [ RunTime:0.000208s ]
INFO: [ app_end ] --START--
INFO: Run Behavior\ShowPageTraceBehavior [ RunTime:0.000301s ]
INFO: [ app_end ] --END-- [ RunTime:0.000323s ]

[ 2016-10-13T14:34:24+08:00 ] ::1 /longhcuanwenhua/index.php?s=/Admin/income/list.html
INFO: [ app_init ] --START--
INFO: Run Behavior\BuildLiteBehavior [ RunTime:0.000009s ]
INFO: [ app_init ] --END-- [ RunTime:0.000260s ]
INFO: [ app_begin ] --START--
INFO: Run Behavior\ReadHtmlCacheBehavior [ RunTime:0.000366s ]
INFO: [ app_begin ] --END-- [ RunTime:0.000410s ]
SQL: SHOW COLUMNS FROM `tp_user_group` [ RunTime:0.0271s ]
SQL: SELECT * FROM `tp_user_group`  [ RunTime:0.0264s ]
NOTIC: [8] Undefined index: id D:\WWW\longhcuanwenhua\App\Admin\Controller\FinanceController.class.php 第 12 行.
SQL: SHOW COLUMNS FROM `tp_vip_order` [ RunTime:0.0266s ]
SQL: SELECT COUNT(*) AS tp_count FROM tp_vip_order as o WHERE o.order_status = 2 AND o.addtime BETWEEN 1475251200 AND 1477584000 LIMIT 1   [ RunTime:0.0253s ]
SQL: SELECT o.*,m.name,m.birthday,m.idCard,m.mobile FROM tp_vip_order as o left JOIN tp_member as m on o.user_id = m.id  WHERE o.order_status = 2 AND o.addtime BETWEEN 1475251200 AND 1477584000 LIMIT 0,20   [ RunTime:0.0275s ]
SQL: SELECT SUM(o.money) AS tp_sum FROM tp_vip_order as o WHERE o.order_status = 2 AND o.addtime BETWEEN 1475251200 AND 1477584000 LIMIT 1   [ RunTime:0.0256s ]
INFO: [ view_parse ] --START--
INFO: [ template_filter ] --START--
INFO: Run Behavior\ContentReplaceBehavior [ RunTime:0.000064s ]
INFO: [ template_filter ] --END-- [ RunTime:0.000110s ]
NOTIC: [8] Undefined variable: type D:\WWW\longhcuanwenhua\App\Runtime\Cache\Admin\31d3db9de1d18f82fe3f94ec6f55d2fa.php 第 158 行.
INFO: Run Behavior\ParseTemplateBehavior [ RunTime:0.012414s ]
INFO: [ view_parse ] --END-- [ RunTime:0.012448s ]
INFO: [ view_filter ] --START--
INFO: Run Behavior\WriteHtmlCacheBehavior [ RunTime:0.000197s ]
INFO: [ view_filter ] --END-- [ RunTime:0.000219s ]
INFO: [ app_end ] --START--
INFO: Run Behavior\ShowPageTraceBehavior [ RunTime:0.000312s ]
INFO: [ app_end ] --END-- [ RunTime:0.000336s ]

[ 2016-10-13T14:34:39+08:00 ] ::1 /longhcuanwenhua/index.php?s=/Admin/income/list.html
INFO: [ app_init ] --START--
INFO: Run Behavior\BuildLiteBehavior [ RunTime:0.000009s ]
INFO: [ app_init ] --END-- [ RunTime:0.000274s ]
INFO: [ app_begin ] --START--
INFO: Run Behavior\ReadHtmlCacheBehavior [ RunTime:0.000260s ]
INFO: [ app_begin ] --END-- [ RunTime:0.000292s ]
SQL: SHOW COLUMNS FROM `tp_user_group` [ RunTime:0.0265s ]
SQL: SELECT * FROM `tp_user_group`  [ RunTime:0.0257s ]
NOTIC: [8] Undefined index: id D:\WWW\longhcuanwenhua\App\Admin\Controller\FinanceController.class.php 第 12 行.
SQL: SHOW COLUMNS FROM `tp_vip_order` [ RunTime:0.0261s ]
SQL: SELECT COUNT(*) AS tp_count FROM tp_vip_order as o WHERE o.order_status = 2 AND o.addtime BETWEEN 1475251200 AND 1477584000 LIMIT 1   [ RunTime:0.0261s ]
SQL: SELECT o.*,m.name,m.birthday,m.idCard,m.mobile FROM tp_vip_order as o left JOIN tp_member as m on o.user_id = m.id  WHERE o.order_status = 2 AND o.addtime BETWEEN 1475251200 AND 1477584000 LIMIT 0,20   [ RunTime:0.0257s ]
SQL: SELECT SUM(o.money) AS tp_sum FROM tp_vip_order as o WHERE o.order_status = 2 AND o.addtime BETWEEN 1475251200 AND 1477584000 LIMIT 1   [ RunTime:0.0267s ]
INFO: [ view_parse ] --START--
INFO: [ template_filter ] --START--
INFO: Run Behavior\ContentReplaceBehavior [ RunTime:0.000046s ]
INFO: [ template_filter ] --END-- [ RunTime:0.000075s ]
NOTIC: [8] Undefined variable: type D:\WWW\longhcuanwenhua\App\Runtime\Cache\Admin\31d3db9de1d18f82fe3f94ec6f55d2fa.php 第 158 行.
INFO: Run Behavior\ParseTemplateBehavior [ RunTime:0.005964s ]
INFO: [ view_parse ] --END-- [ RunTime:0.006003s ]
INFO: [ view_filter ] --START--
INFO: Run Behavior\WriteHtmlCacheBehavior [ RunTime:0.000206s ]
INFO: [ view_filter ] --END-- [ RunTime:0.000231s ]
INFO: [ app_end ] --START--
INFO: Run Behavior\ShowPageTraceBehavior [ RunTime:0.000325s ]
INFO: [ app_end ] --END-- [ RunTime:0.000356s ]

[ 2016-10-13T14:34:56+08:00 ] ::1 /longhcuanwenhua/index.php?s=/admin/order/list.html
INFO: [ app_init ] --START--
INFO: Run Behavior\BuildLiteBehavior [ RunTime:0.000010s ]
INFO: [ app_init ] --END-- [ RunTime:0.000262s ]
INFO: [ app_begin ] --START--
INFO: Run Behavior\ReadHtmlCacheBehavior [ RunTime:0.000338s ]
INFO: [ app_begin ] --END-- [ RunTime:0.000372s ]
SQL: SHOW COLUMNS FROM `tp_user_group` [ RunTime:0.0188s ]
SQL: SELECT * FROM `tp_user_group`  [ RunTime:0.0180s ]
NOTIC: [8] Undefined index: id D:\WWW\longhcuanwenhua\App\Admin\Controller\FinanceController.class.php 第 40 行.
NOTIC: [8] Undefined variable: start D:\WWW\longhcuanwenhua\App\Admin\Controller\FinanceController.class.php 第 43 行.
SQL: SHOW COLUMNS FROM `tp_goods_order` [ RunTime:0.0191s ]
SQL: SELECT COUNT(*) AS tp_count FROM tp_goods_order as o WHERE o.order_status = 2 LIMIT 1   [ RunTime:0.0178s ]
SQL: SELECT o.*,m.name,m.mobile FROM tp_goods_order as o left JOIN tp_member as m on o.user_id = m.id  WHERE o.order_status = 2 LIMIT 0,20   [ RunTime:0.0194s ]
SQL: SELECT SUM(o.money) AS tp_sum FROM tp_goods_order as o WHERE o.order_status = 2 LIMIT 1   [ RunTime:0.0184s ]
INFO: [ view_parse ] --START--
INFO: [ template_filter ] --START--
INFO: Run Behavior\ContentReplaceBehavior [ RunTime:0.000050s ]
INFO: [ template_filter ] --END-- [ RunTime:0.000087s ]
NOTIC: [8] Undefined index: diagnose D:\WWW\longhcuanwenhua\App\Runtime\Cache\Admin\00847b59addc2c670b8af8a629a001af.php 第 112 行.
NOTIC: [8] Undefined variable: sickid D:\WWW\longhcuanwenhua\App\Runtime\Cache\Admin\00847b59addc2c670b8af8a629a001af.php 第 112 行.
NOTIC: [8] Undefined index: illness_time D:\WWW\longhcuanwenhua\App\Runtime\Cache\Admin\00847b59addc2c670b8af8a629a001af.php 第 116 行.
NOTIC: [8] Undefined index: illness_time D:\WWW\longhcuanwenhua\App\Runtime\Cache\Admin\00847b59addc2c670b8af8a629a001af.php 第 116 行.
NOTIC: [8] Undefined index: illness_history D:\WWW\longhcuanwenhua\App\Runtime\Cache\Admin\00847b59addc2c670b8af8a629a001af.php 第 121 行.
NOTIC: [8] Undefined index: gm_history D:\WWW\longhcuanwenhua\App\Runtime\Cache\Admin\00847b59addc2c670b8af8a629a001af.php 第 126 行.
NOTIC: [8] Undefined index: jz_history D:\WWW\longhcuanwenhua\App\Runtime\Cache\Admin\00847b59addc2c670b8af8a629a001af.php 第 131 行.
NOTIC: [8] Undefined index: cq_domicile D:\WWW\longhcuanwenhua\App\Runtime\Cache\Admin\00847b59addc2c670b8af8a629a001af.php 第 136 行.
NOTIC: [8] Undefined index: description D:\WWW\longhcuanwenhua\App\Runtime\Cache\Admin\00847b59addc2c670b8af8a629a001af.php 第 141 行.
NOTIC: [8] Undefined variable: type D:\WWW\longhcuanwenhua\App\Runtime\Cache\Admin\00847b59addc2c670b8af8a629a001af.php 第 158 行.
INFO: Run Behavior\ParseTemplateBehavior [ RunTime:0.005741s ]
INFO: [ view_parse ] --END-- [ RunTime:0.005770s ]
INFO: [ view_filter ] --START--
INFO: Run Behavior\WriteHtmlCacheBehavior [ RunTime:0.000141s ]
INFO: [ view_filter ] --END-- [ RunTime:0.000161s ]
INFO: [ app_end ] --START--
INFO: Run Behavior\ShowPageTraceBehavior [ RunTime:0.000265s ]
INFO: [ app_end ] --END-- [ RunTime:0.000288s ]

[ 2016-10-13T14:44:03+08:00 ] ::1 /longhcuanwenhua/index.php?s=/admin/order/list.html
INFO: [ app_init ] --START--
INFO: Run Behavior\BuildLiteBehavior [ RunTime:0.000011s ]
INFO: [ app_init ] --END-- [ RunTime:0.000221s ]
INFO: [ app_begin ] --START--
INFO: Run Behavior\ReadHtmlCacheBehavior [ RunTime:0.000366s ]
INFO: [ app_begin ] --END-- [ RunTime:0.000404s ]
SQL: SHOW COLUMNS FROM `tp_user_group` [ RunTime:0.0182s ]
SQL: SELECT * FROM `tp_user_group`  [ RunTime:0.0171s ]
NOTIC: [8] Undefined index: id D:\WWW\longhcuanwenhua\App\Admin\Controller\FinanceController.class.php 第 40 行.
NOTIC: [8] Undefined variable: start D:\WWW\longhcuanwenhua\App\Admin\Controller\FinanceController.class.php 第 43 行.
SQL: SHOW COLUMNS FROM `tp_goods_order` [ RunTime:0.0185s ]
SQL: SELECT COUNT(*) AS tp_count FROM tp_goods_order as o WHERE o.order_status = 2 LIMIT 1   [ RunTime:0.0174s ]
SQL: SELECT o.*,m.name,m.mobile FROM tp_goods_order as o left JOIN tp_member as m on o.user_id = m.id  WHERE o.order_status = 2 LIMIT 0,20   [ RunTime:0.0184s ]
SQL: SELECT SUM(o.money) AS tp_sum FROM tp_goods_order as o WHERE o.order_status = 2 LIMIT 1   [ RunTime:0.0173s ]
INFO: [ view_parse ] --START--
INFO: [ template_filter ] --START--
INFO: Run Behavior\ContentReplaceBehavior [ RunTime:0.000044s ]
INFO: [ template_filter ] --END-- [ RunTime:0.000078s ]
NOTIC: [8] Undefined index: diagnose D:\WWW\longhcuanwenhua\App\Runtime\Cache\Admin\00847b59addc2c670b8af8a629a001af.php 第 112 行.
NOTIC: [8] Undefined variable: sickid D:\WWW\longhcuanwenhua\App\Runtime\Cache\Admin\00847b59addc2c670b8af8a629a001af.php 第 112 行.
NOTIC: [8] Undefined index: illness_time D:\WWW\longhcuanwenhua\App\Runtime\Cache\Admin\00847b59addc2c670b8af8a629a001af.php 第 116 行.
NOTIC: [8] Undefined index: illness_time D:\WWW\longhcuanwenhua\App\Runtime\Cache\Admin\00847b59addc2c670b8af8a629a001af.php 第 116 行.
NOTIC: [8] Undefined index: illness_history D:\WWW\longhcuanwenhua\App\Runtime\Cache\Admin\00847b59addc2c670b8af8a629a001af.php 第 121 行.
NOTIC: [8] Undefined index: gm_history D:\WWW\longhcuanwenhua\App\Runtime\Cache\Admin\00847b59addc2c670b8af8a629a001af.php 第 126 行.
NOTIC: [8] Undefined index: jz_history D:\WWW\longhcuanwenhua\App\Runtime\Cache\Admin\00847b59addc2c670b8af8a629a001af.php 第 131 行.
NOTIC: [8] Undefined index: cq_domicile D:\WWW\longhcuanwenhua\App\Runtime\Cache\Admin\00847b59addc2c670b8af8a629a001af.php 第 136 行.
NOTIC: [8] Undefined index: description D:\WWW\longhcuanwenhua\App\Runtime\Cache\Admin\00847b59addc2c670b8af8a629a001af.php 第 141 行.
NOTIC: [8] Undefined index: diagnose D:\WWW\longhcuanwenhua\App\Runtime\Cache\Admin\00847b59addc2c670b8af8a629a001af.php 第 112 行.
NOTIC: [8] Undefined variable: sickid D:\WWW\longhcuanwenhua\App\Runtime\Cache\Admin\00847b59addc2c670b8af8a629a001af.php 第 112 行.
NOTIC: [8] Undefined index: illness_time D:\WWW\longhcuanwenhua\App\Runtime\Cache\Admin\00847b59addc2c670b8af8a629a001af.php 第 116 行.
NOTIC: [8] Undefined index: illness_time D:\WWW\longhcuanwenhua\App\Runtime\Cache\Admin\00847b59addc2c670b8af8a629a001af.php 第 116 行.
NOTIC: [8] Undefined index: illness_history D:\WWW\longhcuanwenhua\App\Runtime\Cache\Admin\00847b59addc2c670b8af8a629a001af.php 第 121 行.
NOTIC: [8] Undefined index: gm_history D:\WWW\longhcuanwenhua\App\Runtime\Cache\Admin\00847b59addc2c670b8af8a629a001af.php 第 126 行.
NOTIC: [8] Undefined index: jz_history D:\WWW\longhcuanwenhua\App\Runtime\Cache\Admin\00847b59addc2c670b8af8a629a001af.php 第 131 行.
NOTIC: [8] Undefined index: cq_domicile D:\WWW\longhcuanwenhua\App\Runtime\Cache\Admin\00847b59addc2c670b8af8a629a001af.php 第 136 行.
NOTIC: [8] Undefined index: description D:\WWW\longhcuanwenhua\App\Runtime\Cache\Admin\00847b59addc2c670b8af8a629a001af.php 第 141 行.
NOTIC: [8] Undefined variable: type D:\WWW\longhcuanwenhua\App\Runtime\Cache\Admin\00847b59addc2c670b8af8a629a001af.php 第 158 行.
INFO: Run Behavior\ParseTemplateBehavior [ RunTime:0.005844s ]
INFO: [ view_parse ] --END-- [ RunTime:0.005873s ]
INFO: [ view_filter ] --START--
INFO: Run Behavior\WriteHtmlCacheBehavior [ RunTime:0.000135s ]
INFO: [ view_filter ] --END-- [ RunTime:0.000154s ]
INFO: [ app_end ] --START--
INFO: Run Behavior\ShowPageTraceBehavior [ RunTime:0.000276s ]
INFO: [ app_end ] --END-- [ RunTime:0.000301s ]

[ 2016-10-13T14:44:05+08:00 ] ::1 /longhcuanwenhua/index.php?s=/admin/order/list.html
INFO: [ app_init ] --START--
INFO: Run Behavior\BuildLiteBehavior [ RunTime:0.000008s ]
INFO: [ app_init ] --END-- [ RunTime:0.000229s ]
INFO: [ app_begin ] --START--
INFO: Run Behavior\ReadHtmlCacheBehavior [ RunTime:0.000349s ]
INFO: [ app_begin ] --END-- [ RunTime:0.000390s ]
SQL: SHOW COLUMNS FROM `tp_user_group` [ RunTime:0.0196s ]
SQL: SELECT * FROM `tp_user_group`  [ RunTime:0.0176s ]
NOTIC: [8] Undefined index: id D:\WWW\longhcuanwenhua\App\Admin\Controller\FinanceController.class.php 第 40 行.
NOTIC: [8] Undefined variable: start D:\WWW\longhcuanwenhua\App\Admin\Controller\FinanceController.class.php 第 43 行.
SQL: SHOW COLUMNS FROM `tp_goods_order` [ RunTime:0.0199s ]
SQL: SELECT COUNT(*) AS tp_count FROM tp_goods_order as o WHERE o.order_status = 2 LIMIT 1   [ RunTime:0.0173s ]
SQL: SELECT o.*,m.name,m.mobile FROM tp_goods_order as o left JOIN tp_member as m on o.user_id = m.id  WHERE o.order_status = 2 LIMIT 0,20   [ RunTime:0.0177s ]
SQL: SELECT SUM(o.money) AS tp_sum FROM tp_goods_order as o WHERE o.order_status = 2 LIMIT 1   [ RunTime:0.0167s ]
INFO: [ view_parse ] --START--
INFO: [ template_filter ] --START--
INFO: Run Behavior\ContentReplaceBehavior [ RunTime:0.000044s ]
INFO: [ template_filter ] --END-- [ RunTime:0.000076s ]
NOTIC: [8] Undefined index: diagnose D:\WWW\longhcuanwenhua\App\Runtime\Cache\Admin\00847b59addc2c670b8af8a629a001af.php 第 112 行.
NOTIC: [8] Undefined variable: sickid D:\WWW\longhcuanwenhua\App\Runtime\Cache\Admin\00847b59addc2c670b8af8a629a001af.php 第 112 行.
NOTIC: [8] Undefined index: illness_time D:\WWW\longhcuanwenhua\App\Runtime\Cache\Admin\00847b59addc2c670b8af8a629a001af.php 第 116 行.
NOTIC: [8] Undefined index: illness_time D:\WWW\longhcuanwenhua\App\Runtime\Cache\Admin\00847b59addc2c670b8af8a629a001af.php 第 116 行.
NOTIC: [8] Undefined index: illness_history D:\WWW\longhcuanwenhua\App\Runtime\Cache\Admin\00847b59addc2c670b8af8a629a001af.php 第 121 行.
NOTIC: [8] Undefined index: gm_history D:\WWW\longhcuanwenhua\App\Runtime\Cache\Admin\00847b59addc2c670b8af8a629a001af.php 第 126 行.
NOTIC: [8] Undefined index: jz_history D:\WWW\longhcuanwenhua\App\Runtime\Cache\Admin\00847b59addc2c670b8af8a629a001af.php 第 131 行.
NOTIC: [8] Undefined index: cq_domicile D:\WWW\longhcuanwenhua\App\Runtime\Cache\Admin\00847b59addc2c670b8af8a629a001af.php 第 136 行.
NOTIC: [8] Undefined index: description D:\WWW\longhcuanwenhua\App\Runtime\Cache\Admin\00847b59addc2c670b8af8a629a001af.php 第 141 行.
NOTIC: [8] Undefined index: diagnose D:\WWW\longhcuanwenhua\App\Runtime\Cache\Admin\00847b59addc2c670b8af8a629a001af.php 第 112 行.
NOTIC: [8] Undefined variable: sickid D:\WWW\longhcuanwenhua\App\Runtime\Cache\Admin\00847b59addc2c670b8af8a629a001af.php 第 112 行.
NOTIC: [8] Undefined index: illness_time D:\WWW\longhcuanwenhua\App\Runtime\Cache\Admin\00847b59addc2c670b8af8a629a001af.php 第 116 行.
NOTIC: [8] Undefined index: illness_time D:\WWW\longhcuanwenhua\App\Runtime\Cache\Admin\00847b59addc2c670b8af8a629a001af.php 第 116 行.
NOTIC: [8] Undefined index: illness_history D:\WWW\longhcuanwenhua\App\Runtime\Cache\Admin\00847b59addc2c670b8af8a629a001af.php 第 121 行.
NOTIC: [8] Undefined index: gm_history D:\WWW\longhcuanwenhua\App\Runtime\Cache\Admin\00847b59addc2c670b8af8a629a001af.php 第 126 行.
NOTIC: [8] Undefined index: jz_history D:\WWW\longhcuanwenhua\App\Runtime\Cache\Admin\00847b59addc2c670b8af8a629a001af.php 第 131 行.
NOTIC: [8] Undefined index: cq_domicile D:\WWW\longhcuanwenhua\App\Runtime\Cache\Admin\00847b59addc2c670b8af8a629a001af.php 第 136 行.
NOTIC: [8] Undefined index: description D:\WWW\longhcuanwenhua\App\Runtime\Cache\Admin\00847b59addc2c670b8af8a629a001af.php 第 141 行.
NOTIC: [8] Undefined variable: type D:\WWW\longhcuanwenhua\App\Runtime\Cache\Admin\00847b59addc2c670b8af8a629a001af.php 第 158 行.
INFO: Run Behavior\ParseTemplateBehavior [ RunTime:0.005591s ]
INFO: [ view_parse ] --END-- [ RunTime:0.005622s ]
INFO: [ view_filter ] --START--
INFO: Run Behavior\WriteHtmlCacheBehavior [ RunTime:0.000145s ]
INFO: [ view_filter ] --END-- [ RunTime:0.000164s ]
INFO: [ app_end ] --START--
INFO: Run Behavior\ShowPageTraceBehavior [ RunTime:0.000265s ]
INFO: [ app_end ] --END-- [ RunTime:0.000289s ]

[ 2016-10-13T14:44:10+08:00 ] ::1 /longhcuanwenhua/index.php?s=/admin/order/list.html
INFO: [ app_init ] --START--
INFO: Run Behavior\BuildLiteBehavior [ RunTime:0.000008s ]
INFO: [ app_init ] --END-- [ RunTime:0.000202s ]
INFO: [ app_begin ] --START--
INFO: Run Behavior\ReadHtmlCacheBehavior [ RunTime:0.000242s ]
INFO: [ app_begin ] --END-- [ RunTime:0.000271s ]
SQL: SHOW COLUMNS FROM `tp_user_group` [ RunTime:0.0281s ]
SQL: SELECT * FROM `tp_user_group`  [ RunTime:0.0346s ]
NOTIC: [8] Undefined index: id D:\WWW\longhcuanwenhua\App\Admin\Controller\FinanceController.class.php 第 40 行.
NOTIC: [8] Undefined variable: start D:\WWW\longhcuanwenhua\App\Admin\Controller\FinanceController.class.php 第 43 行.
SQL: SHOW COLUMNS FROM `tp_goods_order` [ RunTime:0.0362s ]
SQL: SELECT COUNT(*) AS tp_count FROM tp_goods_order as o WHERE o.order_status = 2 LIMIT 1   [ RunTime:0.0434s ]
SQL: SELECT o.*,m.name,m.mobile FROM tp_goods_order as o left JOIN tp_member as m on o.user_id = m.id  WHERE o.order_status = 2 LIMIT 0,20   [ RunTime:0.0411s ]
SQL: SELECT SUM(o.money) AS tp_sum FROM tp_goods_order as o WHERE o.order_status = 2 LIMIT 1   [ RunTime:0.0492s ]
INFO: [ view_parse ] --START--
INFO: [ template_filter ] --START--
INFO: Run Behavior\ContentReplaceBehavior [ RunTime:0.000044s ]
INFO: [ template_filter ] --END-- [ RunTime:0.000077s ]
NOTIC: [8] Undefined index: diagnose D:\WWW\longhcuanwenhua\App\Runtime\Cache\Admin\00847b59addc2c670b8af8a629a001af.php 第 112 行.
NOTIC: [8] Undefined variable: sickid D:\WWW\longhcuanwenhua\App\Runtime\Cache\Admin\00847b59addc2c670b8af8a629a001af.php 第 112 行.
NOTIC: [8] Undefined index: illness_time D:\WWW\longhcuanwenhua\App\Runtime\Cache\Admin\00847b59addc2c670b8af8a629a001af.php 第 116 行.
NOTIC: [8] Undefined index: illness_time D:\WWW\longhcuanwenhua\App\Runtime\Cache\Admin\00847b59addc2c670b8af8a629a001af.php 第 116 行.
NOTIC: [8] Undefined index: illness_history D:\WWW\longhcuanwenhua\App\Runtime\Cache\Admin\00847b59addc2c670b8af8a629a001af.php 第 121 行.
NOTIC: [8] Undefined index: gm_history D:\WWW\longhcuanwenhua\App\Runtime\Cache\Admin\00847b59addc2c670b8af8a629a001af.php 第 126 行.
NOTIC: [8] Undefined index: jz_history D:\WWW\longhcuanwenhua\App\Runtime\Cache\Admin\00847b59addc2c670b8af8a629a001af.php 第 131 行.
NOTIC: [8] Undefined index: cq_domicile D:\WWW\longhcuanwenhua\App\Runtime\Cache\Admin\00847b59addc2c670b8af8a629a001af.php 第 136 行.
NOTIC: [8] Undefined index: description D:\WWW\longhcuanwenhua\App\Runtime\Cache\Admin\00847b59addc2c670b8af8a629a001af.php 第 141 行.
NOTIC: [8] Undefined index: diagnose D:\WWW\longhcuanwenhua\App\Runtime\Cache\Admin\00847b59addc2c670b8af8a629a001af.php 第 112 行.
NOTIC: [8] Undefined variable: sickid D:\WWW\longhcuanwenhua\App\Runtime\Cache\Admin\00847b59addc2c670b8af8a629a001af.php 第 112 行.
NOTIC: [8] Undefined index: illness_time D:\WWW\longhcuanwenhua\App\Runtime\Cache\Admin\00847b59addc2c670b8af8a629a001af.php 第 116 行.
NOTIC: [8] Undefined index: illness_time D:\WWW\longhcuanwenhua\App\Runtime\Cache\Admin\00847b59addc2c670b8af8a629a001af.php 第 116 行.
NOTIC: [8] Undefined index: illness_history D:\WWW\longhcuanwenhua\App\Runtime\Cache\Admin\00847b59addc2c670b8af8a629a001af.php 第 121 行.
NOTIC: [8] Undefined index: gm_history D:\WWW\longhcuanwenhua\App\Runtime\Cache\Admin\00847b59addc2c670b8af8a629a001af.php 第 126 行.
NOTIC: [8] Undefined index: jz_history D:\WWW\longhcuanwenhua\App\Runtime\Cache\Admin\00847b59addc2c670b8af8a629a001af.php 第 131 行.
NOTIC: [8] Undefined index: cq_domicile D:\WWW\longhcuanwenhua\App\Runtime\Cache\Admin\00847b59addc2c670b8af8a629a001af.php 第 136 行.
NOTIC: [8] Undefined index: description D:\WWW\longhcuanwenhua\App\Runtime\Cache\Admin\00847b59addc2c670b8af8a629a001af.php 第 141 行.
NOTIC: [8] Undefined variable: type D:\WWW\longhcuanwenhua\App\Runtime\Cache\Admin\00847b59addc2c670b8af8a629a001af.php 第 158 行.
INFO: Run Behavior\ParseTemplateBehavior [ RunTime:0.006030s ]
INFO: [ view_parse ] --END-- [ RunTime:0.006063s ]
INFO: [ view_filter ] --START--
INFO: Run Behavior\WriteHtmlCacheBehavior [ RunTime:0.000153s ]
INFO: [ view_filter ] --END-- [ RunTime:0.000175s ]
INFO: [ app_end ] --START--
INFO: Run Behavior\ShowPageTraceBehavior [ RunTime:0.000273s ]
INFO: [ app_end ] --END-- [ RunTime:0.000296s ]

[ 2016-10-13T16:00:54+08:00 ] ::1 /longhcuanwenhua/index.php?s=/admin/order/list.html
INFO: [ app_init ] --START--
INFO: Run Behavior\BuildLiteBehavior [ RunTime:0.000010s ]
INFO: [ app_init ] --END-- [ RunTime:0.000280s ]
INFO: [ app_begin ] --START--
INFO: Run Behavior\ReadHtmlCacheBehavior [ RunTime:0.000381s ]
INFO: [ app_begin ] --END-- [ RunTime:0.000419s ]
SQL: SHOW COLUMNS FROM `tp_user_group` [ RunTime:0.0348s ]
SQL: SELECT * FROM `tp_user_group`  [ RunTime:0.0263s ]
NOTIC: [8] Undefined index: id D:\WWW\longhcuanwenhua\App\Admin\Controller\FinanceController.class.php 第 40 行.
NOTIC: [8] Undefined variable: start D:\WWW\longhcuanwenhua\App\Admin\Controller\FinanceController.class.php 第 43 行.
SQL: SHOW COLUMNS FROM `tp_goods_order` [ RunTime:0.0267s ]
SQL: SELECT COUNT(*) AS tp_count FROM tp_goods_order as o WHERE o.order_status = 2 LIMIT 1   [ RunTime:0.0261s ]
SQL: SELECT o.*,m.name,m.mobile FROM tp_goods_order as o left JOIN tp_member as m on o.user_id = m.id  WHERE o.order_status = 2 LIMIT 0,20   [ RunTime:0.0268s ]
SQL: SELECT SUM(o.money) AS tp_sum FROM tp_goods_order as o WHERE o.order_status = 2 LIMIT 1   [ RunTime:0.0257s ]
INFO: [ view_parse ] --START--
INFO: [ template_filter ] --START--
INFO: Run Behavior\ContentReplaceBehavior [ RunTime:0.000049s ]
INFO: [ template_filter ] --END-- [ RunTime:0.000081s ]
NOTIC: [8] Undefined index: diagnose D:\WWW\longhcuanwenhua\App\Runtime\Cache\Admin\00847b59addc2c670b8af8a629a001af.php 第 112 行.
NOTIC: [8] Undefined variable: sickid D:\WWW\longhcuanwenhua\App\Runtime\Cache\Admin\00847b59addc2c670b8af8a629a001af.php 第 112 行.
NOTIC: [8] Undefined index: illness_time D:\WWW\longhcuanwenhua\App\Runtime\Cache\Admin\00847b59addc2c670b8af8a629a001af.php 第 116 行.
NOTIC: [8] Undefined index: illness_time D:\WWW\longhcuanwenhua\App\Runtime\Cache\Admin\00847b59addc2c670b8af8a629a001af.php 第 116 行.
NOTIC: [8] Undefined index: illness_history D:\WWW\longhcuanwenhua\App\Runtime\Cache\Admin\00847b59addc2c670b8af8a629a001af.php 第 121 行.
NOTIC: [8] Undefined index: gm_history D:\WWW\longhcuanwenhua\App\Runtime\Cache\Admin\00847b59addc2c670b8af8a629a001af.php 第 126 行.
NOTIC: [8] Undefined index: jz_history D:\WWW\longhcuanwenhua\App\Runtime\Cache\Admin\00847b59addc2c670b8af8a629a001af.php 第 131 行.
NOTIC: [8] Undefined index: cq_domicile D:\WWW\longhcuanwenhua\App\Runtime\Cache\Admin\00847b59addc2c670b8af8a629a001af.php 第 136 行.
NOTIC: [8] Undefined index: description D:\WWW\longhcuanwenhua\App\Runtime\Cache\Admin\00847b59addc2c670b8af8a629a001af.php 第 141 行.
NOTIC: [8] Undefined index: diagnose D:\WWW\longhcuanwenhua\App\Runtime\Cache\Admin\00847b59addc2c670b8af8a629a001af.php 第 112 行.
NOTIC: [8] Undefined variable: sickid D:\WWW\longhcuanwenhua\App\Runtime\Cache\Admin\00847b59addc2c670b8af8a629a001af.php 第 112 行.
NOTIC: [8] Undefined index: illness_time D:\WWW\longhcuanwenhua\App\Runtime\Cache\Admin\00847b59addc2c670b8af8a629a001af.php 第 116 行.
NOTIC: [8] Undefined index: illness_time D:\WWW\longhcuanwenhua\App\Runtime\Cache\Admin\00847b59addc2c670b8af8a629a001af.php 第 116 行.
NOTIC: [8] Undefined index: illness_history D:\WWW\longhcuanwenhua\App\Runtime\Cache\Admin\00847b59addc2c670b8af8a629a001af.php 第 121 行.
NOTIC: [8] Undefined index: gm_history D:\WWW\longhcuanwenhua\App\Runtime\Cache\Admin\00847b59addc2c670b8af8a629a001af.php 第 126 行.
NOTIC: [8] Undefined index: jz_history D:\WWW\longhcuanwenhua\App\Runtime\Cache\Admin\00847b59addc2c670b8af8a629a001af.php 第 131 行.
NOTIC: [8] Undefined index: cq_domicile D:\WWW\longhcuanwenhua\App\Runtime\Cache\Admin\00847b59addc2c670b8af8a629a001af.php 第 136 行.
NOTIC: [8] Undefined index: description D:\WWW\longhcuanwenhua\App\Runtime\Cache\Admin\00847b59addc2c670b8af8a629a001af.php 第 141 行.
NOTIC: [8] Undefined index: diagnose D:\WWW\longhcuanwenhua\App\Runtime\Cache\Admin\00847b59addc2c670b8af8a629a001af.php 第 112 行.
NOTIC: [8] Undefined variable: sickid D:\WWW\longhcuanwenhua\App\Runtime\Cache\Admin\00847b59addc2c670b8af8a629a001af.php 第 112 行.
NOTIC: [8] Undefined index: illness_time D:\WWW\longhcuanwenhua\App\Runtime\Cache\Admin\00847b59addc2c670b8af8a629a001af.php 第 116 行.
NOTIC: [8] Undefined index: illness_time D:\WWW\longhcuanwenhua\App\Runtime\Cache\Admin\00847b59addc2c670b8af8a629a001af.php 第 116 行.
NOTIC: [8] Undefined index: illness_history D:\WWW\longhcuanwenhua\App\Runtime\Cache\Admin\00847b59addc2c670b8af8a629a001af.php 第 121 行.
NOTIC: [8] Undefined index: gm_history D:\WWW\longhcuanwenhua\App\Runtime\Cache\Admin\00847b59addc2c670b8af8a629a001af.php 第 126 行.
NOTIC: [8] Undefined index: jz_history D:\WWW\longhcuanwenhua\App\Runtime\Cache\Admin\00847b59addc2c670b8af8a629a001af.php 第 131 行.
NOTIC: [8] Undefined index: cq_domicile D:\WWW\longhcuanwenhua\App\Runtime\Cache\Admin\00847b59addc2c670b8af8a629a001af.php 第 136 行.
NOTIC: [8] Undefined index: description D:\WWW\longhcuanwenhua\App\Runtime\Cache\Admin\00847b59addc2c670b8af8a629a001af.php 第 141 行.
NOTIC: [8] Undefined index: diagnose D:\WWW\longhcuanwenhua\App\Runtime\Cache\Admin\00847b59addc2c670b8af8a629a001af.php 第 112 行.
NOTIC: [8] Undefined variable: sickid D:\WWW\longhcuanwenhua\App\Runtime\Cache\Admin\00847b59addc2c670b8af8a629a001af.php 第 112 行.
NOTIC: [8] Undefined index: illness_time D:\WWW\longhcuanwenhua\App\Runtime\Cache\Admin\00847b59addc2c670b8af8a629a001af.php 第 116 行.
NOTIC: [8] Undefined index: illness_time D:\WWW\longhcuanwenhua\App\Runtime\Cache\Admin\00847b59addc2c670b8af8a629a001af.php 第 116 行.
NOTIC: [8] Undefined index: illness_history D:\WWW\longhcuanwenhua\App\Runtime\Cache\Admin\00847b59addc2c670b8af8a629a001af.php 第 121 行.
NOTIC: [8] Undefined index: gm_history D:\WWW\longhcuanwenhua\App\Runtime\Cache\Admin\00847b59addc2c670b8af8a629a001af.php 第 126 行.
NOTIC: [8] Undefined index: jz_history D:\WWW\longhcuanwenhua\App\Runtime\Cache\Admin\00847b59addc2c670b8af8a629a001af.php 第 131 行.
NOTIC: [8] Undefined index: cq_domicile D:\WWW\longhcuanwenhua\App\Runtime\Cache\Admin\00847b59addc2c670b8af8a629a001af.php 第 136 行.
NOTIC: [8] Undefined index: description D:\WWW\longhcuanwenhua\App\Runtime\Cache\Admin\00847b59addc2c670b8af8a629a001af.php 第 141 行.
NOTIC: [8] Undefined variable: type D:\WWW\longhcuanwenhua\App\Runtime\Cache\Admin\00847b59addc2c670b8af8a629a001af.php 第 158 行.
INFO: Run Behavior\ParseTemplateBehavior [ RunTime:0.012364s ]
INFO: [ view_parse ] --END-- [ RunTime:0.012392s ]
INFO: [ view_filter ] --START--
INFO: Run Behavior\WriteHtmlCacheBehavior [ RunTime:0.000197s ]
INFO: [ view_filter ] --END-- [ RunTime:0.000217s ]
INFO: [ app_end ] --START--
INFO: Run Behavior\ShowPageTraceBehavior [ RunTime:0.000312s ]
INFO: [ app_end ] --END-- [ RunTime:0.000336s ]

