[ 2015-09-02T09:02:41+08:00 ] 127.0.0.1 /favicon.ico
INFO: [ app_init ] --START--
INFO: Run Behavior\BuildLiteBehavior [ RunTime:0.000020s ]
INFO: [ app_init ] --END-- [ RunTime:0.000279s ]
ERR: 无法加载模块:Favicon

[ 2015-09-02T09:18:15+08:00 ] 127.0.0.1 /Public/Home/css/smwash/mui.min.css
INFO: [ app_init ] --START--
INFO: Run Behavior\BuildLiteBehavior [ RunTime:0.000069s ]
INFO: [ app_init ] --END-- [ RunTime:0.000357s ]
ERR: 无法加载模块:Public

[ 2015-09-02T09:18:15+08:00 ] 127.0.0.1 /Public/Home/jszepto.min.js
INFO: [ app_init ] --START--
INFO: Run Behavior\BuildLiteBehavior [ RunTime:0.000017s ]
INFO: [ app_init ] --END-- [ RunTime:0.000280s ]
ERR: 无法加载模块:Public

[ 2015-09-02T09:18:15+08:00 ] 127.0.0.1 /Public/Home/css/smwash/smxc_css.css?num=2
INFO: [ app_init ] --START--
INFO: Run Behavior\BuildLiteBehavior [ RunTime:0.000019s ]
INFO: [ app_init ] --END-- [ RunTime:0.000295s ]
ERR: 无法加载模块:Public

[ 2015-09-02T09:18:18+08:00 ] 127.0.0.1 /Public/Home/css/smwash/mui.min.css
INFO: [ app_init ] --START--
INFO: Run Behavior\BuildLiteBehavior [ RunTime:0.000017s ]
INFO: [ app_init ] --END-- [ RunTime:0.000260s ]
ERR: 无法加载模块:Public

[ 2015-09-02T09:18:18+08:00 ] 127.0.0.1 /Public/Home/css/smwash/smxc_css.css?num=2
INFO: [ app_init ] --START--
INFO: Run Behavior\BuildLiteBehavior [ RunTime:0.000017s ]
INFO: [ app_init ] --END-- [ RunTime:0.000261s ]
ERR: 无法加载模块:Public

[ 2015-09-02T09:18:44+08:00 ] 127.0.0.1 /Public/Home/css/smwash/smxc_css.css?num=2
INFO: [ app_init ] --START--
INFO: Run Behavior\BuildLiteBehavior [ RunTime:0.000017s ]
INFO: [ app_init ] --END-- [ RunTime:0.000267s ]
ERR: 无法加载模块:Public

[ 2015-09-02T09:18:44+08:00 ] 127.0.0.1 /Public/Home/css/smwash/mui.min.css
INFO: [ app_init ] --START--
INFO: Run Behavior\BuildLiteBehavior [ RunTime:0.000020s ]
INFO: [ app_init ] --END-- [ RunTime:0.000289s ]
ERR: 无法加载模块:Public

[ 2015-09-02T09:18:44+08:00 ] 127.0.0.1 /Public/Home/jszepto.min.js
INFO: [ app_init ] --START--
INFO: Run Behavior\BuildLiteBehavior [ RunTime:0.000021s ]
INFO: [ app_init ] --END-- [ RunTime:0.000477s ]
ERR: 无法加载模块:Public

[ 2015-09-02T09:18:45+08:00 ] 127.0.0.1 /Public/Home/css/maintools.png
INFO: [ app_init ] --START--
INFO: Run Behavior\BuildLiteBehavior [ RunTime:0.000026s ]
INFO: [ app_init ] --END-- [ RunTime:0.000574s ]
ERR: 无法加载模块:Public

[ 2015-09-02T09:19:34+08:00 ] 127.0.0.1 /Public/Home/css/smwash/mui.min.css
INFO: [ app_init ] --START--
INFO: Run Behavior\BuildLiteBehavior [ RunTime:0.000019s ]
INFO: [ app_init ] --END-- [ RunTime:0.000276s ]
ERR: 无法加载模块:Public

[ 2015-09-02T09:19:34+08:00 ] 127.0.0.1 /Public/Home/jszepto.min.js
INFO: [ app_init ] --START--
INFO: Run Behavior\BuildLiteBehavior [ RunTime:0.000016s ]
INFO: [ app_init ] --END-- [ RunTime:0.000260s ]
ERR: 无法加载模块:Public

[ 2015-09-02T09:19:34+08:00 ] 127.0.0.1 /Public/Home/css/smwash/smxc_css.css?num=2
INFO: [ app_init ] --START--
INFO: Run Behavior\BuildLiteBehavior [ RunTime:0.000017s ]
INFO: [ app_init ] --END-- [ RunTime:0.000263s ]
ERR: 无法加载模块:Public

[ 2015-09-02T09:20:25+08:00 ] 127.0.0.1 /Public/Home/jszepto.min.js
INFO: [ app_init ] --START--
INFO: Run Behavior\BuildLiteBehavior [ RunTime:0.000017s ]
INFO: [ app_init ] --END-- [ RunTime:0.000281s ]
ERR: 无法加载模块:Public

[ 2015-09-02T09:20:25+08:00 ] 127.0.0.1 /Public/images/smwash/smxcImg/search.png
INFO: [ app_init ] --START--
INFO: Run Behavior\BuildLiteBehavior [ RunTime:0.000017s ]
INFO: [ app_init ] --END-- [ RunTime:0.000270s ]
ERR: 无法加载模块:Public

[ 2015-09-02T09:20:25+08:00 ] 127.0.0.1 /Public/images/smwash/smxcImg/icon-wallet.png
INFO: [ app_init ] --START--
INFO: Run Behavior\BuildLiteBehavior [ RunTime:0.000019s ]
INFO: [ app_init ] --END-- [ RunTime:0.000367s ]
ERR: 无法加载模块:Public

[ 2015-09-02T09:20:25+08:00 ] 127.0.0.1 /Public/Home/smwash/fonts/mui.ttf
INFO: [ app_init ] --START--
INFO: Run Behavior\BuildLiteBehavior [ RunTime:0.000021s ]
INFO: [ app_init ] --END-- [ RunTime:0.000324s ]
ERR: 无法加载模块:Public

[ 2015-09-02T09:20:25+08:00 ] 127.0.0.1 /Public/images/smwash/smxcImg/smfw-bj-taxi.png
INFO: [ app_init ] --START--
INFO: Run Behavior\BuildLiteBehavior [ RunTime:0.000019s ]
INFO: [ app_init ] --END-- [ RunTime:0.000348s ]
ERR: 无法加载模块:Public

[ 2015-09-02T09:20:49+08:00 ] 127.0.0.1 /Public/Home/jszepto.min.js
INFO: [ app_init ] --START--
INFO: Run Behavior\BuildLiteBehavior [ RunTime:0.000018s ]
INFO: [ app_init ] --END-- [ RunTime:0.000271s ]
ERR: 无法加载模块:Public

[ 2015-09-02T09:20:49+08:00 ] 127.0.0.1 /Public/Home/smwash/fonts/mui.ttf
INFO: [ app_init ] --START--
INFO: Run Behavior\BuildLiteBehavior [ RunTime:0.000024s ]
INFO: [ app_init ] --END-- [ RunTime:0.000333s ]
ERR: 无法加载模块:Public

[ 2015-09-02T09:20:50+08:00 ] 127.0.0.1 /Public/Home/jszepto.min.js
INFO: [ app_init ] --START--
INFO: Run Behavior\BuildLiteBehavior [ RunTime:0.000018s ]
INFO: [ app_init ] --END-- [ RunTime:0.000266s ]
ERR: 无法加载模块:Public

[ 2015-09-02T09:20:50+08:00 ] 127.0.0.1 /Public/Home/smwash/fonts/mui.ttf
INFO: [ app_init ] --START--
INFO: Run Behavior\BuildLiteBehavior [ RunTime:0.000020s ]
INFO: [ app_init ] --END-- [ RunTime:0.000277s ]
ERR: 无法加载模块:Public

[ 2015-09-02T09:20:50+08:00 ] 127.0.0.1 /Public/Home/jszepto.min.js
INFO: [ app_init ] --START--
INFO: Run Behavior\BuildLiteBehavior [ RunTime:0.000017s ]
INFO: [ app_init ] --END-- [ RunTime:0.000270s ]
ERR: 无法加载模块:Public

[ 2015-09-02T09:20:50+08:00 ] 127.0.0.1 /Public/Home/smwash/fonts/mui.ttf
INFO: [ app_init ] --START--
INFO: Run Behavior\BuildLiteBehavior [ RunTime:0.000019s ]
INFO: [ app_init ] --END-- [ RunTime:0.000273s ]
ERR: 无法加载模块:Public

[ 2015-09-02T09:20:50+08:00 ] 127.0.0.1 /Public/Home/jszepto.min.js
INFO: [ app_init ] --START--
INFO: Run Behavior\BuildLiteBehavior [ RunTime:0.000017s ]
INFO: [ app_init ] --END-- [ RunTime:0.000269s ]
ERR: 无法加载模块:Public

[ 2015-09-02T09:20:51+08:00 ] 127.0.0.1 /Public/Home/smwash/fonts/mui.ttf
INFO: [ app_init ] --START--
INFO: Run Behavior\BuildLiteBehavior [ RunTime:0.000019s ]
INFO: [ app_init ] --END-- [ RunTime:0.000278s ]
ERR: 无法加载模块:Public

[ 2015-09-02T09:20:51+08:00 ] 127.0.0.1 /Public/Home/jszepto.min.js
INFO: [ app_init ] --START--
INFO: Run Behavior\BuildLiteBehavior [ RunTime:0.000026s ]
INFO: [ app_init ] --END-- [ RunTime:0.000337s ]
ERR: 无法加载模块:Public

[ 2015-09-02T09:20:51+08:00 ] 127.0.0.1 /Public/Home/smwash/fonts/mui.ttf
INFO: [ app_init ] --START--
INFO: Run Behavior\BuildLiteBehavior [ RunTime:0.000019s ]
INFO: [ app_init ] --END-- [ RunTime:0.000271s ]
ERR: 无法加载模块:Public

[ 2015-09-02T09:20:51+08:00 ] 127.0.0.1 /Public/Home/jszepto.min.js
INFO: [ app_init ] --START--
INFO: Run Behavior\BuildLiteBehavior [ RunTime:0.000019s ]
INFO: [ app_init ] --END-- [ RunTime:0.000272s ]
ERR: 无法加载模块:Public

[ 2015-09-02T09:20:51+08:00 ] 127.0.0.1 /Public/Home/smwash/fonts/mui.ttf
INFO: [ app_init ] --START--
INFO: Run Behavior\BuildLiteBehavior [ RunTime:0.000017s ]
INFO: [ app_init ] --END-- [ RunTime:0.000283s ]
ERR: 无法加载模块:Public

[ 2015-09-02T09:20:51+08:00 ] 127.0.0.1 /Public/Home/jszepto.min.js
INFO: [ app_init ] --START--
INFO: Run Behavior\BuildLiteBehavior [ RunTime:0.000018s ]
INFO: [ app_init ] --END-- [ RunTime:0.000281s ]
ERR: 无法加载模块:Public

[ 2015-09-02T09:20:52+08:00 ] 127.0.0.1 /Public/Home/smwash/fonts/mui.ttf
INFO: [ app_init ] --START--
INFO: Run Behavior\BuildLiteBehavior [ RunTime:0.000020s ]
INFO: [ app_init ] --END-- [ RunTime:0.000329s ]
ERR: 无法加载模块:Public

[ 2015-09-02T09:20:56+08:00 ] 127.0.0.1 /Public/Home/jszepto.min.js
INFO: [ app_init ] --START--
INFO: Run Behavior\BuildLiteBehavior [ RunTime:0.000017s ]
INFO: [ app_init ] --END-- [ RunTime:0.000266s ]
ERR: 无法加载模块:Public

[ 2015-09-02T09:20:57+08:00 ] 127.0.0.1 /Public/Home/smwash/fonts/mui.ttf
INFO: [ app_init ] --START--
INFO: Run Behavior\BuildLiteBehavior [ RunTime:0.000019s ]
INFO: [ app_init ] --END-- [ RunTime:0.000300s ]
ERR: 无法加载模块:Public

[ 2015-09-02T09:21:11+08:00 ] 127.0.0.1 /Public/Home/js/jszepto.min.js
INFO: [ app_init ] --START--
INFO: Run Behavior\BuildLiteBehavior [ RunTime:0.000017s ]
INFO: [ app_init ] --END-- [ RunTime:0.000267s ]
ERR: 无法加载模块:Public

[ 2015-09-02T09:21:11+08:00 ] 127.0.0.1 /Public/Home/smwash/fonts/mui.ttf
INFO: [ app_init ] --START--
INFO: Run Behavior\BuildLiteBehavior [ RunTime:0.000023s ]
INFO: [ app_init ] --END-- [ RunTime:0.000357s ]
ERR: 无法加载模块:Public

[ 2015-09-02T09:22:25+08:00 ] 127.0.0.1 /Public/Home/js/jszepto.min.js
INFO: [ app_init ] --START--
INFO: Run Behavior\BuildLiteBehavior [ RunTime:0.000022s ]
INFO: [ app_init ] --END-- [ RunTime:0.000310s ]
ERR: 无法加载模块:Public

[ 2015-09-02T09:22:25+08:00 ] 127.0.0.1 /Public/Home/smwash/fonts/mui.ttf
INFO: [ app_init ] --START--
INFO: Run Behavior\BuildLiteBehavior [ RunTime:0.000020s ]
INFO: [ app_init ] --END-- [ RunTime:0.000273s ]
ERR: 无法加载模块:Public

[ 2015-09-02T09:23:41+08:00 ] 127.0.0.1 /Public/Home/smwash/fonts/mui.ttf
INFO: [ app_init ] --START--
INFO: Run Behavior\BuildLiteBehavior [ RunTime:0.000023s ]
INFO: [ app_init ] --END-- [ RunTime:0.000369s ]
ERR: 无法加载模块:Public

[ 2015-09-02T09:23:41+08:00 ] 127.0.0.1 /index.php/smwash.php?do=getSession
INFO: [ app_init ] --START--
INFO: Run Behavior\BuildLiteBehavior [ RunTime:0.000019s ]
INFO: [ app_init ] --END-- [ RunTime:0.000274s ]
ERR: 无法加载模块:Smwash

[ 2015-09-02T09:23:41+08:00 ] 127.0.0.1 /index.php/smwash.php?do=getSession
INFO: [ app_init ] --START--
INFO: Run Behavior\BuildLiteBehavior [ RunTime:0.000024s ]
INFO: [ app_init ] --END-- [ RunTime:0.000354s ]
ERR: 无法加载模块:Smwash

[ 2015-09-02T09:23:41+08:00 ] 127.0.0.1 /index.php/images/hy/loading.gif
INFO: [ app_init ] --START--
INFO: Run Behavior\BuildLiteBehavior [ RunTime:0.000020s ]
INFO: [ app_init ] --END-- [ RunTime:0.000286s ]
ERR: 无法加载模块:Images

[ 2015-09-02T09:23:43+08:00 ] 127.0.0.1 /Public/Home/smwash/fonts/mui.ttf
INFO: [ app_init ] --START--
INFO: Run Behavior\BuildLiteBehavior [ RunTime:0.000019s ]
INFO: [ app_init ] --END-- [ RunTime:0.000358s ]
ERR: 无法加载模块:Public

[ 2015-09-02T09:23:43+08:00 ] 127.0.0.1 /index.php/smwash.php?do=getSession
INFO: [ app_init ] --START--
INFO: Run Behavior\BuildLiteBehavior [ RunTime:0.000022s ]
INFO: [ app_init ] --END-- [ RunTime:0.000292s ]
ERR: 无法加载模块:Smwash

[ 2015-09-02T09:23:43+08:00 ] 127.0.0.1 /index.php/smwash.php?do=getSession
INFO: [ app_init ] --START--
INFO: Run Behavior\BuildLiteBehavior [ RunTime:0.000021s ]
INFO: [ app_init ] --END-- [ RunTime:0.000343s ]
ERR: 无法加载模块:Smwash

[ 2015-09-02T09:23:43+08:00 ] 127.0.0.1 /index.php/images/hy/loading.gif
INFO: [ app_init ] --START--
INFO: Run Behavior\BuildLiteBehavior [ RunTime:0.000022s ]
INFO: [ app_init ] --END-- [ RunTime:0.000333s ]
ERR: 无法加载模块:Images

[ 2015-09-02T09:23:44+08:00 ] 127.0.0.1 /Public/Home/smwash/fonts/mui.ttf
INFO: [ app_init ] --START--
INFO: Run Behavior\BuildLiteBehavior [ RunTime:0.000024s ]
INFO: [ app_init ] --END-- [ RunTime:0.000638s ]
ERR: 无法加载模块:Public

[ 2015-09-02T09:23:44+08:00 ] 127.0.0.1 /index.php/smwash.php?do=getSession
INFO: [ app_init ] --START--
INFO: Run Behavior\BuildLiteBehavior [ RunTime:0.000020s ]
INFO: [ app_init ] --END-- [ RunTime:0.000369s ]
ERR: 无法加载模块:Smwash

[ 2015-09-02T09:23:44+08:00 ] 127.0.0.1 /index.php/smwash.php?do=getSession
INFO: [ app_init ] --START--
INFO: Run Behavior\BuildLiteBehavior [ RunTime:0.000024s ]
INFO: [ app_init ] --END-- [ RunTime:0.000352s ]
ERR: 无法加载模块:Smwash

[ 2015-09-02T09:23:44+08:00 ] 127.0.0.1 /index.php/images/hy/loading.gif
INFO: [ app_init ] --START--
INFO: Run Behavior\BuildLiteBehavior [ RunTime:0.000020s ]
INFO: [ app_init ] --END-- [ RunTime:0.000273s ]
ERR: 无法加载模块:Images

[ 2015-09-02T09:24:30+08:00 ] 127.0.0.1 /Public/Home/smwash/fonts/mui.ttf
INFO: [ app_init ] --START--
INFO: Run Behavior\BuildLiteBehavior [ RunTime:0.000022s ]
INFO: [ app_init ] --END-- [ RunTime:0.000330s ]
ERR: 无法加载模块:Public

[ 2015-09-02T09:24:30+08:00 ] 127.0.0.1 /index.php/smwash.php?do=getSession
INFO: [ app_init ] --START--
INFO: Run Behavior\BuildLiteBehavior [ RunTime:0.000020s ]
INFO: [ app_init ] --END-- [ RunTime:0.000277s ]
ERR: 无法加载模块:Smwash

[ 2015-09-02T09:24:30+08:00 ] 127.0.0.1 /index.php/smwash.php?do=getSession
INFO: [ app_init ] --START--
INFO: Run Behavior\BuildLiteBehavior [ RunTime:0.000025s ]
INFO: [ app_init ] --END-- [ RunTime:0.000379s ]
ERR: 无法加载模块:Smwash

[ 2015-09-02T09:24:30+08:00 ] 127.0.0.1 /index.php/images/hy/loading.gif
INFO: [ app_init ] --START--
INFO: Run Behavior\BuildLiteBehavior [ RunTime:0.000019s ]
INFO: [ app_init ] --END-- [ RunTime:0.000286s ]
ERR: 无法加载模块:Images

[ 2015-09-02T09:24:46+08:00 ] 127.0.0.1 /Public/Home/smwash/fonts/mui.ttf
INFO: [ app_init ] --START--
INFO: Run Behavior\BuildLiteBehavior [ RunTime:0.000019s ]
INFO: [ app_init ] --END-- [ RunTime:0.000273s ]
ERR: 无法加载模块:Public

[ 2015-09-02T09:24:46+08:00 ] 127.0.0.1 /index.php/smwash.php?do=getSession
INFO: [ app_init ] --START--
INFO: Run Behavior\BuildLiteBehavior [ RunTime:0.000021s ]
INFO: [ app_init ] --END-- [ RunTime:0.000312s ]
ERR: 无法加载模块:Smwash

[ 2015-09-02T09:24:46+08:00 ] 127.0.0.1 /index.php/smwash.php?do=getSession
INFO: [ app_init ] --START--
INFO: Run Behavior\BuildLiteBehavior [ RunTime:0.000020s ]
INFO: [ app_init ] --END-- [ RunTime:0.000288s ]
ERR: 无法加载模块:Smwash

[ 2015-09-02T09:24:46+08:00 ] 127.0.0.1 /index.php/images/hy/loading.gif
INFO: [ app_init ] --START--
INFO: Run Behavior\BuildLiteBehavior [ RunTime:0.000021s ]
INFO: [ app_init ] --END-- [ RunTime:0.000279s ]
ERR: 无法加载模块:Images

[ 2015-09-02T09:25:34+08:00 ] 127.0.0.1 /index.php/smwash.php?do=getSession
INFO: [ app_init ] --START--
INFO: Run Behavior\BuildLiteBehavior [ RunTime:0.000022s ]
INFO: [ app_init ] --END-- [ RunTime:0.000328s ]
ERR: 无法加载模块:Smwash

[ 2015-09-02T09:25:34+08:00 ] 127.0.0.1 /index.php/smwash.php?do=getSession
INFO: [ app_init ] --START--
INFO: Run Behavior\BuildLiteBehavior [ RunTime:0.000025s ]
INFO: [ app_init ] --END-- [ RunTime:0.000322s ]
ERR: 无法加载模块:Smwash

[ 2015-09-02T09:25:34+08:00 ] 127.0.0.1 /Public/Home/smwash/fonts/mui.ttf
INFO: [ app_init ] --START--
INFO: Run Behavior\BuildLiteBehavior [ RunTime:0.000017s ]
INFO: [ app_init ] --END-- [ RunTime:0.000290s ]
ERR: 无法加载模块:Public

[ 2015-09-02T09:25:34+08:00 ] 127.0.0.1 /index.php/images/hy/loading.gif
INFO: [ app_init ] --START--
INFO: Run Behavior\BuildLiteBehavior [ RunTime:0.000023s ]
INFO: [ app_init ] --END-- [ RunTime:0.000334s ]
ERR: 无法加载模块:Images

[ 2015-09-02T09:26:14+08:00 ] 127.0.0.1 /Public/Home/smwash/fonts/mui.ttf
INFO: [ app_init ] --START--
INFO: Run Behavior\BuildLiteBehavior [ RunTime:0.000037s ]
INFO: [ app_init ] --END-- [ RunTime:0.000414s ]
ERR: 无法加载模块:Public

[ 2015-09-02T09:26:14+08:00 ] 127.0.0.1 /index.php/smwash.php?do=getSession
INFO: [ app_init ] --START--
INFO: Run Behavior\BuildLiteBehavior [ RunTime:0.000019s ]
INFO: [ app_init ] --END-- [ RunTime:0.000280s ]
ERR: 无法加载模块:Smwash

[ 2015-09-02T09:26:14+08:00 ] 127.0.0.1 /index.php/smwash.php?do=getSession
INFO: [ app_init ] --START--
INFO: Run Behavior\BuildLiteBehavior [ RunTime:0.000035s ]
INFO: [ app_init ] --END-- [ RunTime:0.000506s ]
ERR: 无法加载模块:Smwash

[ 2015-09-02T09:30:38+08:00 ] 127.0.0.1 /Public/Home/smwash/fonts/mui.ttf
INFO: [ app_init ] --START--
INFO: Run Behavior\BuildLiteBehavior [ RunTime:0.000022s ]
INFO: [ app_init ] --END-- [ RunTime:0.000381s ]
ERR: 无法加载模块:Public

[ 2015-09-02T09:30:38+08:00 ] 127.0.0.1 /index.php/smwash.php?do=getSession
INFO: [ app_init ] --START--
INFO: Run Behavior\BuildLiteBehavior [ RunTime:0.000021s ]
INFO: [ app_init ] --END-- [ RunTime:0.000405s ]
ERR: 无法加载模块:Smwash

[ 2015-09-02T09:30:38+08:00 ] 127.0.0.1 /index.php/smwash.php?do=getSession
INFO: [ app_init ] --START--
INFO: Run Behavior\BuildLiteBehavior [ RunTime:0.000018s ]
INFO: [ app_init ] --END-- [ RunTime:0.000287s ]
ERR: 无法加载模块:Smwash

[ 2015-09-02T09:30:39+08:00 ] 127.0.0.1 /Public/Home/smwash/fonts/mui.ttf
INFO: [ app_init ] --START--
INFO: Run Behavior\BuildLiteBehavior [ RunTime:0.000019s ]
INFO: [ app_init ] --END-- [ RunTime:0.000283s ]
ERR: 无法加载模块:Public

[ 2015-09-02T09:30:39+08:00 ] 127.0.0.1 /index.php/smwash.php?do=getSession
INFO: [ app_init ] --START--
INFO: Run Behavior\BuildLiteBehavior [ RunTime:0.000021s ]
INFO: [ app_init ] --END-- [ RunTime:0.000363s ]
ERR: 无法加载模块:Smwash

[ 2015-09-02T09:30:39+08:00 ] 127.0.0.1 /index.php/smwash.php?do=getSession
INFO: [ app_init ] --START--
INFO: Run Behavior\BuildLiteBehavior [ RunTime:0.000022s ]
INFO: [ app_init ] --END-- [ RunTime:0.000705s ]
ERR: 无法加载模块:Smwash

[ 2015-09-02T09:30:40+08:00 ] 127.0.0.1 /Public/Home/smwash/fonts/mui.ttf
INFO: [ app_init ] --START--
INFO: Run Behavior\BuildLiteBehavior [ RunTime:0.000034s ]
INFO: [ app_init ] --END-- [ RunTime:0.000440s ]
ERR: 无法加载模块:Public

[ 2015-09-02T09:30:40+08:00 ] 127.0.0.1 /index.php/smwash.php?do=getSession
INFO: [ app_init ] --START--
INFO: Run Behavior\BuildLiteBehavior [ RunTime:0.000020s ]
INFO: [ app_init ] --END-- [ RunTime:0.000293s ]
ERR: 无法加载模块:Smwash

[ 2015-09-02T09:30:40+08:00 ] 127.0.0.1 /index.php/smwash.php?do=getSession
INFO: [ app_init ] --START--
INFO: Run Behavior\BuildLiteBehavior [ RunTime:0.000029s ]
INFO: [ app_init ] --END-- [ RunTime:0.000313s ]
ERR: 无法加载模块:Smwash

[ 2015-09-02T09:30:48+08:00 ] 127.0.0.1 /Public/Home/smwash/fonts/mui.ttf
INFO: [ app_init ] --START--
INFO: Run Behavior\BuildLiteBehavior [ RunTime:0.000020s ]
INFO: [ app_init ] --END-- [ RunTime:0.000293s ]
ERR: 无法加载模块:Public

[ 2015-09-02T09:30:49+08:00 ] 127.0.0.1 /index.php/smwash.php?do=getSession
INFO: [ app_init ] --START--
INFO: Run Behavior\BuildLiteBehavior [ RunTime:0.000031s ]
INFO: [ app_init ] --END-- [ RunTime:0.000562s ]
ERR: 无法加载模块:Smwash

[ 2015-09-02T09:30:50+08:00 ] 127.0.0.1 /Public/Home/smwash/fonts/mui.ttf
INFO: [ app_init ] --START--
INFO: Run Behavior\BuildLiteBehavior [ RunTime:0.000025s ]
INFO: [ app_init ] --END-- [ RunTime:0.000423s ]
ERR: 无法加载模块:Public

[ 2015-09-02T09:30:50+08:00 ] 127.0.0.1 /index.php/smwash.php?do=getSession
INFO: [ app_init ] --START--
INFO: Run Behavior\BuildLiteBehavior [ RunTime:0.000019s ]
INFO: [ app_init ] --END-- [ RunTime:0.000299s ]
ERR: 无法加载模块:Smwash

[ 2015-09-02T09:30:50+08:00 ] 127.0.0.1 /index.php/smwash.php?do=getSession
INFO: [ app_init ] --START--
INFO: Run Behavior\BuildLiteBehavior [ RunTime:0.000018s ]
INFO: [ app_init ] --END-- [ RunTime:0.000350s ]
ERR: 无法加载模块:Smwash

[ 2015-09-02T09:52:04+08:00 ] 127.0.0.1 /Public/Home/smwash/fonts/mui.ttf
INFO: [ app_init ] --START--
INFO: Run Behavior\BuildLiteBehavior [ RunTime:0.000018s ]
INFO: [ app_init ] --END-- [ RunTime:0.000330s ]
ERR: 无法加载模块:Public

[ 2015-09-02T09:52:05+08:00 ] 127.0.0.1 /Public/Home/smwash/fonts/mui.ttf
INFO: [ app_init ] --START--
INFO: Run Behavior\BuildLiteBehavior [ RunTime:0.000023s ]
INFO: [ app_init ] --END-- [ RunTime:0.000363s ]
ERR: 无法加载模块:Public

[ 2015-09-02T09:52:22+08:00 ] 127.0.0.1 /Public/Home/smwash/fonts/mui.ttf
INFO: [ app_init ] --START--
INFO: Run Behavior\BuildLiteBehavior [ RunTime:0.000048s ]
INFO: [ app_init ] --END-- [ RunTime:0.000548s ]
ERR: 无法加载模块:Public

[ 2015-09-02T09:52:22+08:00 ] 127.0.0.1 /index.php/smwash.php?do=getSession
INFO: [ app_init ] --START--
INFO: Run Behavior\BuildLiteBehavior [ RunTime:0.000018s ]
INFO: [ app_init ] --END-- [ RunTime:0.000300s ]
ERR: 无法加载模块:Smwash

[ 2015-09-02T09:52:22+08:00 ] 127.0.0.1 /index.php/smwash.php?do=getSession
INFO: [ app_init ] --START--
INFO: Run Behavior\BuildLiteBehavior [ RunTime:0.000017s ]
INFO: [ app_init ] --END-- [ RunTime:0.000279s ]
ERR: 无法加载模块:Smwash

[ 2015-09-02T09:57:30+08:00 ] 127.0.0.1 /Public/Home/smwash/fonts/mui.ttf
INFO: [ app_init ] --START--
INFO: Run Behavior\BuildLiteBehavior [ RunTime:0.000033s ]
INFO: [ app_init ] --END-- [ RunTime:0.000438s ]
ERR: 无法加载模块:Public

[ 2015-09-02T09:57:30+08:00 ] 127.0.0.1 /index.php/smwash.php?do=getSession
INFO: [ app_init ] --START--
INFO: Run Behavior\BuildLiteBehavior [ RunTime:0.000023s ]
INFO: [ app_init ] --END-- [ RunTime:0.000346s ]
ERR: 无法加载模块:Smwash

[ 2015-09-02T09:58:08+08:00 ] 127.0.0.1 /Public/Home/smwash/fonts/mui.ttf
INFO: [ app_init ] --START--
INFO: Run Behavior\BuildLiteBehavior [ RunTime:0.000035s ]
INFO: [ app_init ] --END-- [ RunTime:0.000555s ]
ERR: 无法加载模块:Public

[ 2015-09-02T09:58:08+08:00 ] 127.0.0.1 /index.php/smwash.php?do=getSession
INFO: [ app_init ] --START--
INFO: Run Behavior\BuildLiteBehavior [ RunTime:0.000022s ]
INFO: [ app_init ] --END-- [ RunTime:0.000375s ]
ERR: 无法加载模块:Smwash

[ 2015-09-02T09:58:08+08:00 ] 127.0.0.1 /Public/Home/smwash/fonts/mui.ttf
INFO: [ app_init ] --START--
INFO: Run Behavior\BuildLiteBehavior [ RunTime:0.000021s ]
INFO: [ app_init ] --END-- [ RunTime:0.000330s ]
ERR: 无法加载模块:Public

[ 2015-09-02T09:58:08+08:00 ] 127.0.0.1 /index.php/smwash.php?do=getSession
INFO: [ app_init ] --START--
INFO: Run Behavior\BuildLiteBehavior [ RunTime:0.000032s ]
INFO: [ app_init ] --END-- [ RunTime:0.000354s ]
ERR: 无法加载模块:Smwash

[ 2015-09-02T09:58:09+08:00 ] 127.0.0.1 /Public/Home/smwash/fonts/mui.ttf
INFO: [ app_init ] --START--
INFO: Run Behavior\BuildLiteBehavior [ RunTime:0.000020s ]
INFO: [ app_init ] --END-- [ RunTime:0.000507s ]
ERR: 无法加载模块:Public

[ 2015-09-02T09:58:09+08:00 ] 127.0.0.1 /index.php/smwash.php?do=getSession
INFO: [ app_init ] --START--
INFO: Run Behavior\BuildLiteBehavior [ RunTime:0.000035s ]
INFO: [ app_init ] --END-- [ RunTime:0.000474s ]
ERR: 无法加载模块:Smwash

[ 2015-09-02T09:58:10+08:00 ] 127.0.0.1 /Public/Home/smwash/fonts/mui.ttf
INFO: [ app_init ] --START--
INFO: Run Behavior\BuildLiteBehavior [ RunTime:0.000022s ]
INFO: [ app_init ] --END-- [ RunTime:0.000315s ]
ERR: 无法加载模块:Public

[ 2015-09-02T09:58:10+08:00 ] 127.0.0.1 /index.php/smwash.php?do=getSession
INFO: [ app_init ] --START--
INFO: Run Behavior\BuildLiteBehavior [ RunTime:0.000018s ]
INFO: [ app_init ] --END-- [ RunTime:0.000263s ]
ERR: 无法加载模块:Smwash

[ 2015-09-02T09:59:31+08:00 ] 127.0.0.1 /Public/Home/smwash/fonts/mui.ttf
INFO: [ app_init ] --START--
INFO: Run Behavior\BuildLiteBehavior [ RunTime:0.000022s ]
INFO: [ app_init ] --END-- [ RunTime:0.000336s ]
ERR: 无法加载模块:Public

[ 2015-09-02T09:59:31+08:00 ] 127.0.0.1 /index.php/smwash.php?do=getSession
INFO: [ app_init ] --START--
INFO: Run Behavior\BuildLiteBehavior [ RunTime:0.000021s ]
INFO: [ app_init ] --END-- [ RunTime:0.000301s ]
ERR: 无法加载模块:Smwash

[ 2015-09-02T09:59:31+08:00 ] 127.0.0.1 /index.php/smwash.php?do=getSession
INFO: [ app_init ] --START--
INFO: Run Behavior\BuildLiteBehavior [ RunTime:0.000034s ]
INFO: [ app_init ] --END-- [ RunTime:0.000944s ]
ERR: 无法加载模块:Smwash

[ 2015-09-02T13:12:34+08:00 ] 127.0.0.1 /Public/Home/smwash/fonts/mui.ttf
INFO: [ app_init ] --START--
INFO: Run Behavior\BuildLiteBehavior [ RunTime:0.000025s ]
INFO: [ app_init ] --END-- [ RunTime:0.000368s ]
ERR: 无法加载模块:Public

[ 2015-09-02T13:12:34+08:00 ] 127.0.0.1 /index.php/smwash.php?do=getSession
INFO: [ app_init ] --START--
INFO: Run Behavior\BuildLiteBehavior [ RunTime:0.000017s ]
INFO: [ app_init ] --END-- [ RunTime:0.000296s ]
ERR: 无法加载模块:Smwash

[ 2015-09-02T13:12:34+08:00 ] 127.0.0.1 /index.php/smwash.php?do=getSession
INFO: [ app_init ] --START--
INFO: Run Behavior\BuildLiteBehavior [ RunTime:0.000019s ]
INFO: [ app_init ] --END-- [ RunTime:0.000273s ]
ERR: 无法加载模块:Smwash

[ 2015-09-02T13:22:54+08:00 ] 127.0.0.1 /Public/Home/smwash/fonts/mui.ttf
INFO: [ app_init ] --START--
INFO: Run Behavior\BuildLiteBehavior [ RunTime:0.000034s ]
INFO: [ app_init ] --END-- [ RunTime:0.000502s ]
ERR: 无法加载模块:Public

[ 2015-09-02T13:22:54+08:00 ] 127.0.0.1 /index.php/smwash.php?do=getSession
INFO: [ app_init ] --START--
INFO: Run Behavior\BuildLiteBehavior [ RunTime:0.000020s ]
INFO: [ app_init ] --END-- [ RunTime:0.000307s ]
ERR: 无法加载模块:Smwash

[ 2015-09-02T13:22:54+08:00 ] 127.0.0.1 /index.php/smwash.php?do=getSession
INFO: [ app_init ] --START--
INFO: Run Behavior\BuildLiteBehavior [ RunTime:0.000019s ]
INFO: [ app_init ] --END-- [ RunTime:0.000297s ]
ERR: 无法加载模块:Smwash

[ 2015-09-02T13:35:12+08:00 ] 127.0.0.1 /Public/Home/smwash/fonts/mui.ttf
INFO: [ app_init ] --START--
INFO: Run Behavior\BuildLiteBehavior [ RunTime:0.000029s ]
INFO: [ app_init ] --END-- [ RunTime:0.000416s ]
ERR: 无法加载模块:Public

[ 2015-09-02T13:35:12+08:00 ] 127.0.0.1 /index.php/smwash.php?do=getSession
INFO: [ app_init ] --START--
INFO: Run Behavior\BuildLiteBehavior [ RunTime:0.000020s ]
INFO: [ app_init ] --END-- [ RunTime:0.000318s ]
ERR: 无法加载模块:Smwash

[ 2015-09-02T13:35:12+08:00 ] 127.0.0.1 /index.php/smwash.php?do=getSession
INFO: [ app_init ] --START--
INFO: Run Behavior\BuildLiteBehavior [ RunTime:0.000019s ]
INFO: [ app_init ] --END-- [ RunTime:0.000299s ]
ERR: 无法加载模块:Smwash

[ 2015-09-02T13:35:13+08:00 ] 127.0.0.1 /Public/Home/smwash/fonts/mui.ttf
INFO: [ app_init ] --START--
INFO: Run Behavior\BuildLiteBehavior [ RunTime:0.000018s ]
INFO: [ app_init ] --END-- [ RunTime:0.000417s ]
ERR: 无法加载模块:Public

[ 2015-09-02T13:35:13+08:00 ] 127.0.0.1 /index.php/smwash.php?do=getSession
INFO: [ app_init ] --START--
INFO: Run Behavior\BuildLiteBehavior [ RunTime:0.000020s ]
INFO: [ app_init ] --END-- [ RunTime:0.000368s ]
ERR: 无法加载模块:Smwash

[ 2015-09-02T13:35:13+08:00 ] 127.0.0.1 /index.php/smwash.php?do=getSession
INFO: [ app_init ] --START--
INFO: Run Behavior\BuildLiteBehavior [ RunTime:0.000033s ]
INFO: [ app_init ] --END-- [ RunTime:0.000512s ]
ERR: 无法加载模块:Smwash

[ 2015-09-02T13:36:38+08:00 ] 127.0.0.1 /Public/Home/smwash/fonts/mui.ttf
INFO: [ app_init ] --START--
INFO: Run Behavior\BuildLiteBehavior [ RunTime:0.000026s ]
INFO: [ app_init ] --END-- [ RunTime:0.000360s ]
ERR: 无法加载模块:Public

[ 2015-09-02T13:36:38+08:00 ] 127.0.0.1 /index.php/smwash.php?do=getSession
INFO: [ app_init ] --START--
INFO: Run Behavior\BuildLiteBehavior [ RunTime:0.000023s ]
INFO: [ app_init ] --END-- [ RunTime:0.000312s ]
ERR: 无法加载模块:Smwash

[ 2015-09-02T13:44:20+08:00 ] 127.0.0.1 /Public/Home/smwash/fonts/mui.ttf
INFO: [ app_init ] --START--
INFO: Run Behavior\BuildLiteBehavior [ RunTime:0.000026s ]
INFO: [ app_init ] --END-- [ RunTime:0.000327s ]
ERR: 无法加载模块:Public

[ 2015-09-02T13:44:51+08:00 ] 127.0.0.1 /Public/Home/smwash/fonts/mui.ttf
INFO: [ app_init ] --START--
INFO: Run Behavior\BuildLiteBehavior [ RunTime:0.000018s ]
INFO: [ app_init ] --END-- [ RunTime:0.000284s ]
ERR: 无法加载模块:Public

[ 2015-09-02T13:45:16+08:00 ] 127.0.0.1 /Public/Home/smwash/fonts/mui.ttf
INFO: [ app_init ] --START--
INFO: Run Behavior\BuildLiteBehavior [ RunTime:0.000034s ]
INFO: [ app_init ] --END-- [ RunTime:0.000434s ]
ERR: 无法加载模块:Public

[ 2015-09-02T13:45:24+08:00 ] 127.0.0.1 /Public/Home/smwash/fonts/mui.ttf
INFO: [ app_init ] --START--
INFO: Run Behavior\BuildLiteBehavior [ RunTime:0.000027s ]
INFO: [ app_init ] --END-- [ RunTime:0.000468s ]
ERR: 无法加载模块:Public

[ 2015-09-02T13:48:26+08:00 ] 127.0.0.1 /Public/Home/smwash/fonts/mui.ttf
INFO: [ app_init ] --START--
INFO: Run Behavior\BuildLiteBehavior [ RunTime:0.000018s ]
INFO: [ app_init ] --END-- [ RunTime:0.000301s ]
ERR: 无法加载模块:Public

[ 2015-09-02T13:48:32+08:00 ] 127.0.0.1 /Public/Home/smwash/fonts/mui.ttf
INFO: [ app_init ] --START--
INFO: Run Behavior\BuildLiteBehavior [ RunTime:0.000021s ]
INFO: [ app_init ] --END-- [ RunTime:0.000408s ]
ERR: 无法加载模块:Public

[ 2015-09-02T13:48:33+08:00 ] 127.0.0.1 /Public/Home/smwash/fonts/mui.ttf
INFO: [ app_init ] --START--
INFO: Run Behavior\BuildLiteBehavior [ RunTime:0.000020s ]
INFO: [ app_init ] --END-- [ RunTime:0.000410s ]
ERR: 无法加载模块:Public

[ 2015-09-02T13:50:04+08:00 ] 127.0.0.1 /Public/Home/smwash/fonts/mui.ttf
INFO: [ app_init ] --START--
INFO: Run Behavior\BuildLiteBehavior [ RunTime:0.000022s ]
INFO: [ app_init ] --END-- [ RunTime:0.000505s ]
ERR: 无法加载模块:Public

[ 2015-09-02T13:50:19+08:00 ] 127.0.0.1 /index.php/smwash.php?do=add_car
INFO: [ app_init ] --START--
INFO: Run Behavior\BuildLiteBehavior [ RunTime:0.000026s ]
INFO: [ app_init ] --END-- [ RunTime:0.000329s ]
ERR: 无法加载模块:Smwash

[ 2015-09-02T13:50:30+08:00 ] 127.0.0.1 /Public/Home/smwash/fonts/mui.ttf
INFO: [ app_init ] --START--
INFO: Run Behavior\BuildLiteBehavior [ RunTime:0.000023s ]
INFO: [ app_init ] --END-- [ RunTime:0.000300s ]
ERR: 无法加载模块:Public

[ 2015-09-02T13:51:29+08:00 ] 127.0.0.1 /Public/Home/smwash/fonts/mui.ttf
INFO: [ app_init ] --START--
INFO: Run Behavior\BuildLiteBehavior [ RunTime:0.000021s ]
INFO: [ app_init ] --END-- [ RunTime:0.000293s ]
ERR: 无法加载模块:Public

[ 2015-09-02T13:52:20+08:00 ] 127.0.0.1 /Public/Home/smwash/fonts/mui.ttf
INFO: [ app_init ] --START--
INFO: Run Behavior\BuildLiteBehavior [ RunTime:0.000134s ]
INFO: [ app_init ] --END-- [ RunTime:0.000812s ]
ERR: 无法加载模块:Public

[ 2015-09-02T13:53:51+08:00 ] 127.0.0.1 /Public/Home/smwash/fonts/mui.ttf
INFO: [ app_init ] --START--
INFO: Run Behavior\BuildLiteBehavior [ RunTime:0.000021s ]
INFO: [ app_init ] --END-- [ RunTime:0.000340s ]
ERR: 无法加载模块:Public

[ 2015-09-02T13:54:02+08:00 ] 127.0.0.1 /Public/Home/smwash/fonts/mui.ttf
INFO: [ app_init ] --START--
INFO: Run Behavior\BuildLiteBehavior [ RunTime:0.000165s ]
INFO: [ app_init ] --END-- [ RunTime:0.000541s ]
ERR: 无法加载模块:Public

[ 2015-09-02T13:54:05+08:00 ] 127.0.0.1 /Public/Home/smwash/fonts/mui.ttf
INFO: [ app_init ] --START--
INFO: Run Behavior\BuildLiteBehavior [ RunTime:0.000018s ]
INFO: [ app_init ] --END-- [ RunTime:0.000285s ]
ERR: 无法加载模块:Public

[ 2015-09-02T13:54:06+08:00 ] 127.0.0.1 /Public/Home/smwash/fonts/mui.ttf
INFO: [ app_init ] --START--
INFO: Run Behavior\BuildLiteBehavior [ RunTime:0.000019s ]
INFO: [ app_init ] --END-- [ RunTime:0.000367s ]
ERR: 无法加载模块:Public

[ 2015-09-02T13:54:25+08:00 ] 127.0.0.1 /Public/Home/smwash/fonts/mui.ttf
INFO: [ app_init ] --START--
INFO: Run Behavior\BuildLiteBehavior [ RunTime:0.000021s ]
INFO: [ app_init ] --END-- [ RunTime:0.000310s ]
ERR: 无法加载模块:Public

[ 2015-09-02T14:12:40+08:00 ] 127.0.0.1 /Public/Home/smwash/fonts/mui.ttf
INFO: [ app_init ] --START--
INFO: Run Behavior\BuildLiteBehavior [ RunTime:0.000018s ]
INFO: [ app_init ] --END-- [ RunTime:0.000293s ]
ERR: 无法加载模块:Public

[ 2015-09-02T14:16:16+08:00 ] 127.0.0.1 /Public/Home/smwash/fonts/mui.ttf
INFO: [ app_init ] --START--
INFO: Run Behavior\BuildLiteBehavior [ RunTime:0.000032s ]
INFO: [ app_init ] --END-- [ RunTime:0.000386s ]
ERR: 无法加载模块:Public

[ 2015-09-02T14:16:20+08:00 ] 127.0.0.1 /Public/Home/smwash/fonts/mui.ttf
INFO: [ app_init ] --START--
INFO: Run Behavior\BuildLiteBehavior [ RunTime:0.000028s ]
INFO: [ app_init ] --END-- [ RunTime:0.000387s ]
ERR: 无法加载模块:Public

[ 2015-09-02T14:16:28+08:00 ] 127.0.0.1 /Public/Home/smwash/fonts/mui.ttf
INFO: [ app_init ] --START--
INFO: Run Behavior\BuildLiteBehavior [ RunTime:0.000022s ]
INFO: [ app_init ] --END-- [ RunTime:0.000313s ]
ERR: 无法加载模块:Public

[ 2015-09-02T14:16:46+08:00 ] 127.0.0.1 /index.php/smwash.php?do=add_car
INFO: [ app_init ] --START--
INFO: Run Behavior\BuildLiteBehavior [ RunTime:0.000017s ]
INFO: [ app_init ] --END-- [ RunTime:0.000262s ]
ERR: 无法加载模块:Smwash

[ 2015-09-02T14:19:48+08:00 ] 127.0.0.1 /Public/Home/smwash/fonts/mui.ttf
INFO: [ app_init ] --START--
INFO: Run Behavior\BuildLiteBehavior [ RunTime:0.000021s ]
INFO: [ app_init ] --END-- [ RunTime:0.000328s ]
ERR: 无法加载模块:Public

[ 2015-09-02T14:19:50+08:00 ] 127.0.0.1 /Public/Home/smwash/fonts/mui.ttf
INFO: [ app_init ] --START--
INFO: Run Behavior\BuildLiteBehavior [ RunTime:0.000019s ]
INFO: [ app_init ] --END-- [ RunTime:0.000277s ]
ERR: 无法加载模块:Public

[ 2015-09-02T14:19:50+08:00 ] 127.0.0.1 /Public/Home/smwash/fonts/mui.ttf
INFO: [ app_init ] --START--
INFO: Run Behavior\BuildLiteBehavior [ RunTime:0.000029s ]
INFO: [ app_init ] --END-- [ RunTime:0.000333s ]
ERR: 无法加载模块:Public

[ 2015-09-02T14:21:46+08:00 ] 127.0.0.1 /Public/Home/smwash/fonts/mui.ttf
INFO: [ app_init ] --START--
INFO: Run Behavior\BuildLiteBehavior [ RunTime:0.000018s ]
INFO: [ app_init ] --END-- [ RunTime:0.000290s ]
ERR: 无法加载模块:Public

[ 2015-09-02T14:30:06+08:00 ] 127.0.0.1 /Public/Home/js/lib/zepto.min.js
INFO: [ app_init ] --START--
INFO: Run Behavior\BuildLiteBehavior [ RunTime:0.000022s ]
INFO: [ app_init ] --END-- [ RunTime:0.000325s ]
ERR: 无法加载模块:Public

[ 2015-09-02T14:30:06+08:00 ] 127.0.0.1 /Public/Home/smwash/fonts/mui.ttf
INFO: [ app_init ] --START--
INFO: Run Behavior\BuildLiteBehavior [ RunTime:0.000020s ]
INFO: [ app_init ] --END-- [ RunTime:0.000289s ]
ERR: 无法加载模块:Public

[ 2015-09-02T14:30:07+08:00 ] 127.0.0.1 /Public/Home/js/lib/zepto.min.js
INFO: [ app_init ] --START--
INFO: Run Behavior\BuildLiteBehavior [ RunTime:0.000023s ]
INFO: [ app_init ] --END-- [ RunTime:0.000339s ]
ERR: 无法加载模块:Public

[ 2015-09-02T14:30:07+08:00 ] 127.0.0.1 /Public/Home/smwash/fonts/mui.ttf
INFO: [ app_init ] --START--
INFO: Run Behavior\BuildLiteBehavior [ RunTime:0.000020s ]
INFO: [ app_init ] --END-- [ RunTime:0.000275s ]
ERR: 无法加载模块:Public

[ 2015-09-02T14:30:08+08:00 ] 127.0.0.1 /Public/Home/js/lib/zepto.min.js
INFO: [ app_init ] --START--
INFO: Run Behavior\BuildLiteBehavior [ RunTime:0.000020s ]
INFO: [ app_init ] --END-- [ RunTime:0.000328s ]
ERR: 无法加载模块:Public

[ 2015-09-02T14:30:08+08:00 ] 127.0.0.1 /Public/Home/smwash/fonts/mui.ttf
INFO: [ app_init ] --START--
INFO: Run Behavior\BuildLiteBehavior [ RunTime:0.000021s ]
INFO: [ app_init ] --END-- [ RunTime:0.000301s ]
ERR: 无法加载模块:Public

[ 2015-09-02T14:30:48+08:00 ] 127.0.0.1 /Public/Home/smwash/fonts/mui.ttf
INFO: [ app_init ] --START--
INFO: Run Behavior\BuildLiteBehavior [ RunTime:0.000023s ]
INFO: [ app_init ] --END-- [ RunTime:0.000322s ]
ERR: 无法加载模块:Public

[ 2015-09-02T14:30:48+08:00 ] 127.0.0.1 /index.php/smwash.php?do=getSession
INFO: [ app_init ] --START--
INFO: Run Behavior\BuildLiteBehavior [ RunTime:0.000020s ]
INFO: [ app_init ] --END-- [ RunTime:0.000298s ]
ERR: 无法加载模块:Smwash

[ 2015-09-02T14:30:48+08:00 ] 127.0.0.1 /index.php/smwash.php?do=getSession
INFO: [ app_init ] --START--
INFO: Run Behavior\BuildLiteBehavior [ RunTime:0.000023s ]
INFO: [ app_init ] --END-- [ RunTime:0.000359s ]
ERR: 无法加载模块:Smwash

[ 2015-09-02T14:30:49+08:00 ] 127.0.0.1 /Public/Home/smwash/fonts/mui.ttf
INFO: [ app_init ] --START--
INFO: Run Behavior\BuildLiteBehavior [ RunTime:0.000032s ]
INFO: [ app_init ] --END-- [ RunTime:0.000416s ]
ERR: 无法加载模块:Public

[ 2015-09-02T14:30:49+08:00 ] 127.0.0.1 /index.php/smwash.php?do=getSession
INFO: [ app_init ] --START--
INFO: Run Behavior\BuildLiteBehavior [ RunTime:0.000019s ]
INFO: [ app_init ] --END-- [ RunTime:0.000279s ]
ERR: 无法加载模块:Smwash

[ 2015-09-02T14:30:49+08:00 ] 127.0.0.1 /index.php/smwash.php?do=getSession
INFO: [ app_init ] --START--
INFO: Run Behavior\BuildLiteBehavior [ RunTime:0.000020s ]
INFO: [ app_init ] --END-- [ RunTime:0.000309s ]
ERR: 无法加载模块:Smwash

[ 2015-09-02T14:32:07+08:00 ] 127.0.0.1 /Public/Home/smwash/fonts/mui.ttf
INFO: [ app_init ] --START--
INFO: Run Behavior\BuildLiteBehavior [ RunTime:0.000019s ]
INFO: [ app_init ] --END-- [ RunTime:0.000276s ]
ERR: 无法加载模块:Public

[ 2015-09-02T14:32:07+08:00 ] 127.0.0.1 /index.php/smwash.php/getSession
INFO: [ app_init ] --START--
INFO: Run Behavior\BuildLiteBehavior [ RunTime:0.000022s ]
INFO: [ app_init ] --END-- [ RunTime:0.000304s ]
ERR: 无法加载模块:Smwash.php

[ 2015-09-02T14:32:07+08:00 ] 127.0.0.1 /index.php/smwash.php?do=getSession
INFO: [ app_init ] --START--
INFO: Run Behavior\BuildLiteBehavior [ RunTime:0.000023s ]
INFO: [ app_init ] --END-- [ RunTime:0.000391s ]
ERR: 无法加载模块:Smwash

[ 2015-09-02T14:32:29+08:00 ] 127.0.0.1 /Public/Home/smwash/fonts/mui.ttf
INFO: [ app_init ] --START--
INFO: Run Behavior\BuildLiteBehavior [ RunTime:0.000021s ]
INFO: [ app_init ] --END-- [ RunTime:0.000303s ]
ERR: 无法加载模块:Public

[ 2015-09-02T14:32:49+08:00 ] 127.0.0.1 /Public/Home/smwash/fonts/mui.ttf
INFO: [ app_init ] --START--
INFO: Run Behavior\BuildLiteBehavior [ RunTime:0.000017s ]
INFO: [ app_init ] --END-- [ RunTime:0.000280s ]
ERR: 无法加载模块:Public

[ 2015-09-02T14:33:00+08:00 ] 127.0.0.1 /Public/Home/smwash/fonts/mui.ttf
INFO: [ app_init ] --START--
INFO: Run Behavior\BuildLiteBehavior [ RunTime:0.000022s ]
INFO: [ app_init ] --END-- [ RunTime:0.000320s ]
ERR: 无法加载模块:Public

[ 2015-09-02T14:35:13+08:00 ] 127.0.0.1 /Public/Home/smwash/fonts/mui.ttf
INFO: [ app_init ] --START--
INFO: Run Behavior\BuildLiteBehavior [ RunTime:0.000021s ]
INFO: [ app_init ] --END-- [ RunTime:0.000316s ]
ERR: 无法加载模块:Public

[ 2015-09-02T14:35:23+08:00 ] 127.0.0.1 /index.php/smwash.php?do=kbxz
INFO: [ app_init ] --START--
INFO: Run Behavior\BuildLiteBehavior [ RunTime:0.000020s ]
INFO: [ app_init ] --END-- [ RunTime:0.000284s ]
ERR: 无法加载模块:Smwash

[ 2015-09-02T14:37:57+08:00 ] 127.0.0.1 /Public/Home/smwash/fonts/mui.ttf
INFO: [ app_init ] --START--
INFO: Run Behavior\BuildLiteBehavior [ RunTime:0.000023s ]
INFO: [ app_init ] --END-- [ RunTime:0.000344s ]
ERR: 无法加载模块:Public

[ 2015-09-02T14:38:40+08:00 ] 127.0.0.1 /Public/Home/smwash/fonts/mui.ttf
INFO: [ app_init ] --START--
INFO: Run Behavior\BuildLiteBehavior [ RunTime:0.000019s ]
INFO: [ app_init ] --END-- [ RunTime:0.000283s ]
ERR: 无法加载模块:Public

[ 2015-09-02T14:39:28+08:00 ] 127.0.0.1 /Public/Home/smwash/fonts/mui.ttf
INFO: [ app_init ] --START--
INFO: Run Behavior\BuildLiteBehavior [ RunTime:0.000025s ]
INFO: [ app_init ] --END-- [ RunTime:0.000362s ]
ERR: 无法加载模块:Public

[ 2015-09-02T14:39:36+08:00 ] 127.0.0.1 /Public/images/smwash/smxcImg/smfw-bj-taxi.png
INFO: [ app_init ] --START--
INFO: Run Behavior\BuildLiteBehavior [ RunTime:0.000019s ]
INFO: [ app_init ] --END-- [ RunTime:0.000286s ]
ERR: 无法加载模块:Public

[ 2015-09-02T14:39:36+08:00 ] 127.0.0.1 /Public/images/smwash/smxcImg/smfw-bj-taxi.png
INFO: [ app_init ] --START--
INFO: Run Behavior\BuildLiteBehavior [ RunTime:0.000019s ]
INFO: [ app_init ] --END-- [ RunTime:0.000296s ]
ERR: 无法加载模块:Public

[ 2015-09-02T14:39:37+08:00 ] 127.0.0.1 /Public/images/smwash/smxcImg/smfw-bj-taxi.png
INFO: [ app_init ] --START--
INFO: Run Behavior\BuildLiteBehavior [ RunTime:0.000018s ]
INFO: [ app_init ] --END-- [ RunTime:0.000275s ]
ERR: 无法加载模块:Public

[ 2015-09-02T14:39:37+08:00 ] 127.0.0.1 /Public/images/smwash/smxcImg/smfw-bj-taxi.png
INFO: [ app_init ] --START--
INFO: Run Behavior\BuildLiteBehavior [ RunTime:0.000020s ]
INFO: [ app_init ] --END-- [ RunTime:0.000304s ]
ERR: 无法加载模块:Public

[ 2015-09-02T14:39:38+08:00 ] 127.0.0.1 /Public/images/smwash/smxcImg/smfw-bj-taxi.png
INFO: [ app_init ] --START--
INFO: Run Behavior\BuildLiteBehavior [ RunTime:0.000023s ]
INFO: [ app_init ] --END-- [ RunTime:0.000350s ]
ERR: 无法加载模块:Public

[ 2015-09-02T14:39:38+08:00 ] 127.0.0.1 /Public/images/smwash/smxcImg/smfw-bj-taxi.png
INFO: [ app_init ] --START--
INFO: Run Behavior\BuildLiteBehavior [ RunTime:0.000020s ]
INFO: [ app_init ] --END-- [ RunTime:0.000273s ]
ERR: 无法加载模块:Public

[ 2015-09-02T14:40:28+08:00 ] 127.0.0.1 /Public/Home/smwash/fonts/mui.ttf
INFO: [ app_init ] --START--
INFO: Run Behavior\BuildLiteBehavior [ RunTime:0.000017s ]
INFO: [ app_init ] --END-- [ RunTime:0.000271s ]
ERR: 无法加载模块:Public

[ 2015-09-02T14:40:28+08:00 ] 127.0.0.1 /Public/images/smwash/smxcImg/search.png
INFO: [ app_init ] --START--
INFO: Run Behavior\BuildLiteBehavior [ RunTime:0.000018s ]
INFO: [ app_init ] --END-- [ RunTime:0.000296s ]
ERR: 无法加载模块:Public

[ 2015-09-02T14:40:28+08:00 ] 127.0.0.1 /Public/Home/image/smfw-bj-taxi.png
INFO: [ app_init ] --START--
INFO: Run Behavior\BuildLiteBehavior [ RunTime:0.000022s ]
INFO: [ app_init ] --END-- [ RunTime:0.000371s ]
ERR: 无法加载模块:Public

[ 2015-09-02T14:40:28+08:00 ] 127.0.0.1 /Public/images/smwash/smxcImg/icon-wallet.png
INFO: [ app_init ] --START--
INFO: Run Behavior\BuildLiteBehavior [ RunTime:0.000023s ]
INFO: [ app_init ] --END-- [ RunTime:0.000317s ]
ERR: 无法加载模块:Public

[ 2015-09-02T14:40:33+08:00 ] 127.0.0.1 /Public/Home/image/smfw-bj-taxi.png
INFO: [ app_init ] --START--
INFO: Run Behavior\BuildLiteBehavior [ RunTime:0.000018s ]
INFO: [ app_init ] --END-- [ RunTime:0.000306s ]
ERR: 无法加载模块:Public

[ 2015-09-02T14:41:06+08:00 ] 127.0.0.1 /Public/Home/smwash/fonts/mui.ttf
INFO: [ app_init ] --START--
INFO: Run Behavior\BuildLiteBehavior [ RunTime:0.000019s ]
INFO: [ app_init ] --END-- [ RunTime:0.000288s ]
ERR: 无法加载模块:Public

[ 2015-09-02T14:41:08+08:00 ] 127.0.0.1 /Public/Home/smwash/fonts/mui.ttf
INFO: [ app_init ] --START--
INFO: Run Behavior\BuildLiteBehavior [ RunTime:0.000017s ]
INFO: [ app_init ] --END-- [ RunTime:0.000270s ]
ERR: 无法加载模块:Public

[ 2015-09-02T14:41:19+08:00 ] 127.0.0.1 /Public/images/smwash/smxcImg/search.png
INFO: [ app_init ] --START--
INFO: Run Behavior\BuildLiteBehavior [ RunTime:0.000018s ]
INFO: [ app_init ] --END-- [ RunTime:0.000268s ]
ERR: 无法加载模块:Public

[ 2015-09-02T14:41:19+08:00 ] 127.0.0.1 /Public/images/smwash/smxcImg/icon-wallet.png
INFO: [ app_init ] --START--
INFO: Run Behavior\BuildLiteBehavior [ RunTime:0.000017s ]
INFO: [ app_init ] --END-- [ RunTime:0.000283s ]
ERR: 无法加载模块:Public

[ 2015-09-02T14:41:19+08:00 ] 127.0.0.1 /Public/Home/image/smfw-bj-taxi.png
INFO: [ app_init ] --START--
INFO: Run Behavior\BuildLiteBehavior [ RunTime:0.000019s ]
INFO: [ app_init ] --END-- [ RunTime:0.000285s ]
ERR: 无法加载模块:Public

[ 2015-09-02T14:41:19+08:00 ] 127.0.0.1 /Public/Home/smwash/fonts/mui.ttf
INFO: [ app_init ] --START--
INFO: Run Behavior\BuildLiteBehavior [ RunTime:0.000024s ]
INFO: [ app_init ] --END-- [ RunTime:0.001128s ]
ERR: 无法加载模块:Public

[ 2015-09-02T14:41:21+08:00 ] 127.0.0.1 /Public/Home/image/smfw-bj-taxi.png
INFO: [ app_init ] --START--
INFO: Run Behavior\BuildLiteBehavior [ RunTime:0.000018s ]
INFO: [ app_init ] --END-- [ RunTime:0.000261s ]
ERR: 无法加载模块:Public

[ 2015-09-02T14:41:21+08:00 ] 127.0.0.1 /Public/Home/image/smfw-bj-taxi.png
INFO: [ app_init ] --START--
INFO: Run Behavior\BuildLiteBehavior [ RunTime:0.000017s ]
INFO: [ app_init ] --END-- [ RunTime:0.000259s ]
ERR: 无法加载模块:Public

[ 2015-09-02T14:41:22+08:00 ] 127.0.0.1 /Public/Home/image/smfw-bj-taxi.png
INFO: [ app_init ] --START--
INFO: Run Behavior\BuildLiteBehavior [ RunTime:0.000018s ]
INFO: [ app_init ] --END-- [ RunTime:0.000289s ]
ERR: 无法加载模块:Public

[ 2015-09-02T14:41:32+08:00 ] 127.0.0.1 /Public/Home/image/smfw-bj-taxi.png
INFO: [ app_init ] --START--
INFO: Run Behavior\BuildLiteBehavior [ RunTime:0.000033s ]
INFO: [ app_init ] --END-- [ RunTime:0.000496s ]
ERR: 无法加载模块:Public

[ 2015-09-02T14:41:33+08:00 ] 127.0.0.1 /Public/Home/image/smfw-bj-taxi.png
INFO: [ app_init ] --START--
INFO: Run Behavior\BuildLiteBehavior [ RunTime:0.000015s ]
INFO: [ app_init ] --END-- [ RunTime:0.000250s ]
ERR: 无法加载模块:Public

[ 2015-09-02T14:41:46+08:00 ] 127.0.0.1 /Public/images/smwash/smxcImg/search.png
INFO: [ app_init ] --START--
INFO: Run Behavior\BuildLiteBehavior [ RunTime:0.000019s ]
INFO: [ app_init ] --END-- [ RunTime:0.000295s ]
ERR: 无法加载模块:Public

[ 2015-09-02T14:41:46+08:00 ] 127.0.0.1 /Public/images/smwash/smxcImg/icon-wallet.png
INFO: [ app_init ] --START--
INFO: Run Behavior\BuildLiteBehavior [ RunTime:0.000023s ]
INFO: [ app_init ] --END-- [ RunTime:0.000348s ]
ERR: 无法加载模块:Public

[ 2015-09-02T14:41:46+08:00 ] 127.0.0.1 /Public/Home/smwash/fonts/mui.ttf
INFO: [ app_init ] --START--
INFO: Run Behavior\BuildLiteBehavior [ RunTime:0.000021s ]
INFO: [ app_init ] --END-- [ RunTime:0.000284s ]
ERR: 无法加载模块:Public

[ 2015-09-02T14:41:49+08:00 ] 127.0.0.1 /Public/Home/smwash/fonts/mui.ttf
INFO: [ app_init ] --START--
INFO: Run Behavior\BuildLiteBehavior [ RunTime:0.000020s ]
INFO: [ app_init ] --END-- [ RunTime:0.000298s ]
ERR: 无法加载模块:Public

[ 2015-09-02T14:42:01+08:00 ] 127.0.0.1 /Public/Home/smwash/fonts/mui.ttf
INFO: [ app_init ] --START--
INFO: Run Behavior\BuildLiteBehavior [ RunTime:0.000021s ]
INFO: [ app_init ] --END-- [ RunTime:0.000392s ]
ERR: 无法加载模块:Public

[ 2015-09-02T14:42:12+08:00 ] 127.0.0.1 /Public/Home/smwash/fonts/mui.ttf
INFO: [ app_init ] --START--
INFO: Run Behavior\BuildLiteBehavior [ RunTime:0.000020s ]
INFO: [ app_init ] --END-- [ RunTime:0.000275s ]
ERR: 无法加载模块:Public

[ 2015-09-02T14:43:01+08:00 ] 127.0.0.1 /Public/Home/smwash/fonts/mui.ttf
INFO: [ app_init ] --START--
INFO: Run Behavior\BuildLiteBehavior [ RunTime:0.000026s ]
INFO: [ app_init ] --END-- [ RunTime:0.000521s ]
ERR: 无法加载模块:Public

[ 2015-09-02T14:44:22+08:00 ] 127.0.0.1 /Public/Home/smwash/fonts/mui.ttf
INFO: [ app_init ] --START--
INFO: Run Behavior\BuildLiteBehavior [ RunTime:0.000030s ]
INFO: [ app_init ] --END-- [ RunTime:0.000282s ]
ERR: 无法加载模块:Public

[ 2015-09-02T14:44:25+08:00 ] 127.0.0.1 /Public/Home/smwash/fonts/mui.ttf
INFO: [ app_init ] --START--
INFO: Run Behavior\BuildLiteBehavior [ RunTime:0.000022s ]
INFO: [ app_init ] --END-- [ RunTime:0.000360s ]
ERR: 无法加载模块:Public

[ 2015-09-02T14:45:29+08:00 ] 192.168.199.100 /Public/images/smwash/smxcImg/search.png
INFO: [ app_init ] --START--
INFO: Run Behavior\BuildLiteBehavior [ RunTime:0.000017s ]
INFO: [ app_init ] --END-- [ RunTime:0.000256s ]
ERR: 无法加载模块:Public

[ 2015-09-02T14:45:29+08:00 ] 192.168.199.100 /Public/images/smwash/smxcImg/icon-wallet.png
INFO: [ app_init ] --START--
INFO: Run Behavior\BuildLiteBehavior [ RunTime:0.000018s ]
INFO: [ app_init ] --END-- [ RunTime:0.000292s ]
ERR: 无法加载模块:Public

[ 2015-09-02T14:45:29+08:00 ] 192.168.199.100 /Public/Home/smwash/fonts/mui.ttf
INFO: [ app_init ] --START--
INFO: Run Behavior\BuildLiteBehavior [ RunTime:0.000016s ]
INFO: [ app_init ] --END-- [ RunTime:0.000323s ]
ERR: 无法加载模块:Public

[ 2015-09-02T14:45:48+08:00 ] 192.168.199.100 /Public/images/smwash/smxcImg/pay_baidu_icon.png
INFO: [ app_init ] --START--
INFO: Run Behavior\BuildLiteBehavior [ RunTime:0.000017s ]
INFO: [ app_init ] --END-- [ RunTime:0.000261s ]
ERR: 无法加载模块:Public

[ 2015-09-02T14:45:48+08:00 ] 192.168.199.100 /Public/images/smwash/smxcImg/pay_weixin_icon.png
INFO: [ app_init ] --START--
INFO: Run Behavior\BuildLiteBehavior [ RunTime:0.000026s ]
INFO: [ app_init ] --END-- [ RunTime:0.000282s ]
ERR: 无法加载模块:Public

[ 2015-09-02T14:45:48+08:00 ] 192.168.199.100 /Public/images/smwash/smxcImg/down-icon.png
INFO: [ app_init ] --START--
INFO: Run Behavior\BuildLiteBehavior [ RunTime:0.000021s ]
INFO: [ app_init ] --END-- [ RunTime:0.000367s ]
ERR: 无法加载模块:Public

[ 2015-09-02T14:45:48+08:00 ] 192.168.199.100 /Public/images/smwash/smxcImg/light-icon-h.png
INFO: [ app_init ] --START--
INFO: Run Behavior\BuildLiteBehavior [ RunTime:0.000023s ]
INFO: [ app_init ] --END-- [ RunTime:0.000298s ]
ERR: 无法加载模块:Public

[ 2015-09-02T14:45:48+08:00 ] 192.168.199.100 /Public/images/smwash/smxcImg/icon-return.png
INFO: [ app_init ] --START--
INFO: Run Behavior\BuildLiteBehavior [ RunTime:0.000018s ]
INFO: [ app_init ] --END-- [ RunTime:0.000291s ]
ERR: 无法加载模块:Public

[ 2015-09-02T14:45:48+08:00 ] 192.168.199.100 /Public/images/smwash/smxcImg/icon-doubt.png
INFO: [ app_init ] --START--
INFO: Run Behavior\BuildLiteBehavior [ RunTime:0.000021s ]
INFO: [ app_init ] --END-- [ RunTime:0.000315s ]
ERR: 无法加载模块:Public

[ 2015-09-02T14:45:48+08:00 ] 192.168.199.100 /Public/images/smwash/smxcImg/pay_zfb_icon.png
INFO: [ app_init ] --START--
INFO: Run Behavior\BuildLiteBehavior [ RunTime:0.000021s ]
INFO: [ app_init ] --END-- [ RunTime:0.000290s ]
ERR: 无法加载模块:Public

[ 2015-09-02T14:45:48+08:00 ] 192.168.199.100 /images/icon-1.png
INFO: [ app_init ] --START--
INFO: Run Behavior\BuildLiteBehavior [ RunTime:0.000030s ]
INFO: [ app_init ] --END-- [ RunTime:0.000313s ]
ERR: 无法加载模块:Images

[ 2015-09-02T14:46:49+08:00 ] 127.0.0.1 /Public/Home/smwash/fonts/mui.ttf
INFO: [ app_init ] --START--
INFO: Run Behavior\BuildLiteBehavior [ RunTime:0.000030s ]
INFO: [ app_init ] --END-- [ RunTime:0.000371s ]
ERR: 无法加载模块:Public

[ 2015-09-02T14:46:49+08:00 ] 127.0.0.1 /Public/Home/css/maintools.png
INFO: [ app_init ] --START--
INFO: Run Behavior\BuildLiteBehavior [ RunTime:0.000020s ]
INFO: [ app_init ] --END-- [ RunTime:0.000454s ]
ERR: 无法加载模块:Public

[ 2015-09-02T14:46:49+08:00 ] 127.0.0.1 /index.php/smwash.php?do=getSession
INFO: [ app_init ] --START--
INFO: Run Behavior\BuildLiteBehavior [ RunTime:0.000019s ]
INFO: [ app_init ] --END-- [ RunTime:0.000290s ]
ERR: 无法加载模块:Smwash

[ 2015-09-02T14:46:49+08:00 ] 127.0.0.1 /index.php/smwash.php?do=getSession
INFO: [ app_init ] --START--
INFO: Run Behavior\BuildLiteBehavior [ RunTime:0.000018s ]
INFO: [ app_init ] --END-- [ RunTime:0.000267s ]
ERR: 无法加载模块:Smwash

[ 2015-09-02T14:47:17+08:00 ] 192.168.199.100 /Public/images/smwash/smxcImg/search.png
INFO: [ app_init ] --START--
INFO: Run Behavior\BuildLiteBehavior [ RunTime:0.000019s ]
INFO: [ app_init ] --END-- [ RunTime:0.000314s ]
ERR: 无法加载模块:Public

[ 2015-09-02T14:47:17+08:00 ] 192.168.199.100 /Public/images/smwash/smxcImg/icon-wallet.png
INFO: [ app_init ] --START--
INFO: Run Behavior\BuildLiteBehavior [ RunTime:0.000016s ]
INFO: [ app_init ] --END-- [ RunTime:0.000305s ]
ERR: 无法加载模块:Public

[ 2015-09-02T14:47:17+08:00 ] 192.168.199.100 /Public/Home/smwash/fonts/mui.ttf
INFO: [ app_init ] --START--
INFO: Run Behavior\BuildLiteBehavior [ RunTime:0.000018s ]
INFO: [ app_init ] --END-- [ RunTime:0.000305s ]
ERR: 无法加载模块:Public

[ 2015-09-02T14:48:16+08:00 ] 127.0.0.1 /Public/Home/smwash/fonts/mui.ttf
INFO: [ app_init ] --START--
INFO: Run Behavior\BuildLiteBehavior [ RunTime:0.000018s ]
INFO: [ app_init ] --END-- [ RunTime:0.000281s ]
ERR: 无法加载模块:Public

[ 2015-09-02T14:49:54+08:00 ] 127.0.0.1 /Public/Home/smwash/fonts/mui.ttf
INFO: [ app_init ] --START--
INFO: Run Behavior\BuildLiteBehavior [ RunTime:0.000021s ]
INFO: [ app_init ] --END-- [ RunTime:0.000311s ]
ERR: 无法加载模块:Public

[ 2015-09-02T14:50:10+08:00 ] 127.0.0.1 /Public/Home/smwash/fonts/mui.ttf
INFO: [ app_init ] --START--
INFO: Run Behavior\BuildLiteBehavior [ RunTime:0.000019s ]
INFO: [ app_init ] --END-- [ RunTime:0.000329s ]
ERR: 无法加载模块:Public

[ 2015-09-02T14:50:44+08:00 ] 127.0.0.1 /Public/Home/smwash/fonts/mui.ttf
INFO: [ app_init ] --START--
INFO: Run Behavior\BuildLiteBehavior [ RunTime:0.000020s ]
INFO: [ app_init ] --END-- [ RunTime:0.000291s ]
ERR: 无法加载模块:Public

[ 2015-09-02T14:51:27+08:00 ] 192.168.199.100 /Public/images/smwash/smxcImg/search.png
INFO: [ app_init ] --START--
INFO: Run Behavior\BuildLiteBehavior [ RunTime:0.000017s ]
INFO: [ app_init ] --END-- [ RunTime:0.000256s ]
ERR: 无法加载模块:Public

[ 2015-09-02T14:51:27+08:00 ] 192.168.199.100 /Public/images/smwash/smxcImg/icon-wallet.png
INFO: [ app_init ] --START--
INFO: Run Behavior\BuildLiteBehavior [ RunTime:0.000016s ]
INFO: [ app_init ] --END-- [ RunTime:0.000316s ]
ERR: 无法加载模块:Public

[ 2015-09-02T14:51:27+08:00 ] 192.168.199.100 /Public/Home/smwash/fonts/mui.ttf
INFO: [ app_init ] --START--
INFO: Run Behavior\BuildLiteBehavior [ RunTime:0.000016s ]
INFO: [ app_init ] --END-- [ RunTime:0.000245s ]
ERR: 无法加载模块:Public

[ 2015-09-02T14:51:39+08:00 ] 127.0.0.1 /Public/Home/smwash/fonts/mui.ttf
INFO: [ app_init ] --START--
INFO: Run Behavior\BuildLiteBehavior [ RunTime:0.000019s ]
INFO: [ app_init ] --END-- [ RunTime:0.000269s ]
ERR: 无法加载模块:Public

[ 2015-09-02T14:52:02+08:00 ] 127.0.0.1 /Public/Home/smwash/fonts/mui.ttf
INFO: [ app_init ] --START--
INFO: Run Behavior\BuildLiteBehavior [ RunTime:0.000020s ]
INFO: [ app_init ] --END-- [ RunTime:0.000284s ]
ERR: 无法加载模块:Public

[ 2015-09-02T14:56:16+08:00 ] 192.168.199.100 /Public/images/smwash/smxcImg/search.png
INFO: [ app_init ] --START--
INFO: Run Behavior\BuildLiteBehavior [ RunTime:0.000017s ]
INFO: [ app_init ] --END-- [ RunTime:0.000261s ]
ERR: 无法加载模块:Public

[ 2015-09-02T14:56:16+08:00 ] 192.168.199.100 /Public/images/smwash/smxcImg/icon-wallet.png
INFO: [ app_init ] --START--
INFO: Run Behavior\BuildLiteBehavior [ RunTime:0.000016s ]
INFO: [ app_init ] --END-- [ RunTime:0.000271s ]
ERR: 无法加载模块:Public

[ 2015-09-02T14:56:29+08:00 ] 192.168.199.100 /smwash.php?do=add_car
INFO: [ app_init ] --START--
INFO: Run Behavior\BuildLiteBehavior [ RunTime:0.000016s ]
INFO: [ app_init ] --END-- [ RunTime:0.000259s ]
ERR: 无法加载模块:Smwash

[ 2015-09-02T14:56:34+08:00 ] 192.168.199.100 /Public/images/smwash/smxcImg/pay_baidu_icon.png
INFO: [ app_init ] --START--
INFO: Run Behavior\BuildLiteBehavior [ RunTime:0.000016s ]
INFO: [ app_init ] --END-- [ RunTime:0.000246s ]
ERR: 无法加载模块:Public

[ 2015-09-02T14:56:35+08:00 ] 192.168.199.100 /Public/images/smwash/smxcImg/icon-return.png
INFO: [ app_init ] --START--
INFO: Run Behavior\BuildLiteBehavior [ RunTime:0.000025s ]
INFO: [ app_init ] --END-- [ RunTime:0.000294s ]
ERR: 无法加载模块:Public

[ 2015-09-02T14:56:35+08:00 ] 192.168.199.100 /images/icon-1.png
INFO: [ app_init ] --START--
INFO: Run Behavior\BuildLiteBehavior [ RunTime:0.000015s ]
INFO: [ app_init ] --END-- [ RunTime:0.000343s ]
ERR: 无法加载模块:Images

[ 2015-09-02T14:56:35+08:00 ] 192.168.199.100 /Public/images/smwash/smxcImg/pay_zfb_icon.png
INFO: [ app_init ] --START--
INFO: Run Behavior\BuildLiteBehavior [ RunTime:0.000018s ]
INFO: [ app_init ] --END-- [ RunTime:0.000262s ]
ERR: 无法加载模块:Public

[ 2015-09-02T14:56:35+08:00 ] 192.168.199.100 /Public/images/smwash/smxcImg/pay_weixin_icon.png
INFO: [ app_init ] --START--
INFO: Run Behavior\BuildLiteBehavior [ RunTime:0.000016s ]
INFO: [ app_init ] --END-- [ RunTime:0.000294s ]
ERR: 无法加载模块:Public

[ 2015-09-02T14:56:35+08:00 ] 192.168.199.100 /Public/images/smwash/smxcImg/down-icon.png
INFO: [ app_init ] --START--
INFO: Run Behavior\BuildLiteBehavior [ RunTime:0.000018s ]
INFO: [ app_init ] --END-- [ RunTime:0.000333s ]
ERR: 无法加载模块:Public

[ 2015-09-02T14:56:35+08:00 ] 192.168.199.100 /Public/images/smwash/smxcImg/light-icon-h.png
INFO: [ app_init ] --START--
INFO: Run Behavior\BuildLiteBehavior [ RunTime:0.000018s ]
INFO: [ app_init ] --END-- [ RunTime:0.000264s ]
ERR: 无法加载模块:Public

[ 2015-09-02T14:56:35+08:00 ] 192.168.199.100 /Public/images/smwash/smxcImg/icon-doubt.png
INFO: [ app_init ] --START--
INFO: Run Behavior\BuildLiteBehavior [ RunTime:0.000017s ]
INFO: [ app_init ] --END-- [ RunTime:0.000311s ]
ERR: 无法加载模块:Public

[ 2015-09-02T15:02:03+08:00 ] 127.0.0.1 /index.php/smwash.php?do=add_car
INFO: [ app_init ] --START--
INFO: Run Behavior\BuildLiteBehavior [ RunTime:0.000018s ]
INFO: [ app_init ] --END-- [ RunTime:0.000269s ]
ERR: 无法加载模块:Smwash

[ 2015-09-02T15:27:40+08:00 ] 127.0.0.1 /Public/Home/images/add@3x.png
INFO: [ app_init ] --START--
INFO: Run Behavior\BuildLiteBehavior [ RunTime:0.000019s ]
INFO: [ app_init ] --END-- [ RunTime:0.000297s ]
ERR: 无法加载模块:Public

[ 2015-09-02T15:27:41+08:00 ] 127.0.0.1 /Public/Home/images/add@3x.png
INFO: [ app_init ] --START--
INFO: Run Behavior\BuildLiteBehavior [ RunTime:0.000023s ]
INFO: [ app_init ] --END-- [ RunTime:0.000314s ]
ERR: 无法加载模块:Public

[ 2015-09-02T15:42:36+08:00 ] 127.0.0.1 /Public/Home/css/style.css
INFO: [ app_init ] --START--
INFO: Run Behavior\BuildLiteBehavior [ RunTime:0.000022s ]
INFO: [ app_init ] --END-- [ RunTime:0.000311s ]
ERR: 无法加载模块:Public

[ 2015-09-02T15:42:36+08:00 ] 127.0.0.1 /Public/images/smwash/smxcImg/icon-under.png
INFO: [ app_init ] --START--
INFO: Run Behavior\BuildLiteBehavior [ RunTime:0.000018s ]
INFO: [ app_init ] --END-- [ RunTime:0.000295s ]
ERR: 无法加载模块:Public

[ 2015-09-02T16:39:08+08:00 ] 127.0.0.1 /Public/images/smwash/smxcImg/icon-under.png
INFO: [ app_init ] --START--
INFO: Run Behavior\BuildLiteBehavior [ RunTime:0.000019s ]
INFO: [ app_init ] --END-- [ RunTime:0.000281s ]
ERR: 无法加载模块:Public

[ 2015-09-02T17:23:59+08:00 ] 127.0.0.1 /Public/images/smwash/smxcImg/icon-under.png
INFO: [ app_init ] --START--
INFO: Run Behavior\BuildLiteBehavior [ RunTime:0.000019s ]
INFO: [ app_init ] --END-- [ RunTime:0.000308s ]
ERR: 无法加载模块:Public

[ 2015-09-02T17:32:12+08:00 ] 127.0.0.1 /Public/images/smwash/smxcImg/icon-under.png
INFO: [ app_init ] --START--
INFO: Run Behavior\BuildLiteBehavior [ RunTime:0.000017s ]
INFO: [ app_init ] --END-- [ RunTime:0.000290s ]
ERR: 无法加载模块:Public

[ 2015-09-02T17:37:40+08:00 ] 127.0.0.1 /Public/images/smwash/smxcImg/icon-under.png
INFO: [ app_init ] --START--
INFO: Run Behavior\BuildLiteBehavior [ RunTime:0.000020s ]
INFO: [ app_init ] --END-- [ RunTime:0.000285s ]
ERR: 无法加载模块:Public

[ 2015-09-02T17:37:42+08:00 ] 127.0.0.1 /favicon.ico
INFO: [ app_init ] --START--
INFO: Run Behavior\BuildLiteBehavior [ RunTime:0.000033s ]
INFO: [ app_init ] --END-- [ RunTime:0.000445s ]
ERR: 无法加载模块:Favicon

[ 2015-09-02T17:38:40+08:00 ] 127.0.0.1 /Public/images/smwash/smxcImg/icon-under.png
INFO: [ app_init ] --START--
INFO: Run Behavior\BuildLiteBehavior [ RunTime:0.000018s ]
INFO: [ app_init ] --END-- [ RunTime:0.000287s ]
ERR: 无法加载模块:Public

[ 2015-09-02T17:39:19+08:00 ] 127.0.0.1 /Public/images/smwash/smxcImg/icon-under.png
INFO: [ app_init ] --START--
INFO: Run Behavior\BuildLiteBehavior [ RunTime:0.000024s ]
INFO: [ app_init ] --END-- [ RunTime:0.000412s ]
ERR: 无法加载模块:Public

[ 2015-09-02T17:44:59+08:00 ] 127.0.0.1 /Public/images/smwash/smxcImg/search.png
INFO: [ app_init ] --START--
INFO: Run Behavior\BuildLiteBehavior [ RunTime:0.000024s ]
INFO: [ app_init ] --END-- [ RunTime:0.000390s ]
ERR: 无法加载模块:Public

[ 2015-09-02T17:44:59+08:00 ] 127.0.0.1 /Public/images/smwash/smxcImg/icon-wallet.png
INFO: [ app_init ] --START--
INFO: Run Behavior\BuildLiteBehavior [ RunTime:0.000022s ]
INFO: [ app_init ] --END-- [ RunTime:0.000355s ]
ERR: 无法加载模块:Public

[ 2015-09-02T17:46:06+08:00 ] 127.0.0.1 /index.php/smwash.php?do=qclb
INFO: [ app_init ] --START--
INFO: Run Behavior\BuildLiteBehavior [ RunTime:0.000021s ]
INFO: [ app_init ] --END-- [ RunTime:0.000298s ]
ERR: 无法加载模块:Smwash

[ 2015-09-02T17:46:31+08:00 ] 192.168.199.100 /Public/images/smwash/smxcImg/search.png
INFO: [ app_init ] --START--
INFO: Run Behavior\BuildLiteBehavior [ RunTime:0.000016s ]
INFO: [ app_init ] --END-- [ RunTime:0.000356s ]
ERR: 无法加载模块:Public

[ 2015-09-02T17:46:31+08:00 ] 192.168.199.100 /Public/images/smwash/smxcImg/icon-wallet.png
INFO: [ app_init ] --START--
INFO: Run Behavior\BuildLiteBehavior [ RunTime:0.000016s ]
INFO: [ app_init ] --END-- [ RunTime:0.000274s ]
ERR: 无法加载模块:Public

[ 2015-09-02T17:46:34+08:00 ] 192.168.199.100 /smwash.php?do=add_car
INFO: [ app_init ] --START--
INFO: Run Behavior\BuildLiteBehavior [ RunTime:0.000015s ]
INFO: [ app_init ] --END-- [ RunTime:0.000245s ]
ERR: 无法加载模块:Smwash

[ 2015-09-02T17:48:16+08:00 ] 192.168.199.100 /Public/images/smwash/smxcImg/search.png
INFO: [ app_init ] --START--
INFO: Run Behavior\BuildLiteBehavior [ RunTime:0.000016s ]
INFO: [ app_init ] --END-- [ RunTime:0.000275s ]
ERR: 无法加载模块:Public

[ 2015-09-02T17:48:16+08:00 ] 192.168.199.100 /Public/images/smwash/smxcImg/icon-wallet.png
INFO: [ app_init ] --START--
INFO: Run Behavior\BuildLiteBehavior [ RunTime:0.000039s ]
INFO: [ app_init ] --END-- [ RunTime:0.000396s ]
ERR: 无法加载模块:Public

[ 2015-09-02T17:48:19+08:00 ] 192.168.199.100 /smwash.php?do=add_car
INFO: [ app_init ] --START--
INFO: Run Behavior\BuildLiteBehavior [ RunTime:0.000016s ]
INFO: [ app_init ] --END-- [ RunTime:0.000342s ]
ERR: 无法加载模块:Smwash

[ 2015-09-02T17:48:20+08:00 ] 192.168.199.100 /smwash.php?do=add_car
INFO: [ app_init ] --START--
INFO: Run Behavior\BuildLiteBehavior [ RunTime:0.000018s ]
INFO: [ app_init ] --END-- [ RunTime:0.000295s ]
ERR: 无法加载模块:Smwash

