[ 2015-08-12T01:00:09+08:00 ] 121.42.0.39 /index.php?m=vote&c=index&a=post&subjectid=1
INFO: [ app_init ] --START--
INFO: Run Behavior\BuildLiteBehavior [ RunTime:0.000000s ]
INFO: [ app_init ] --END-- [ RunTime:0.000000s ]
ERR: 无法加载模块:Vote

[ 2015-08-12T01:00:13+08:00 ] 121.42.0.39 /index.php?m=vote&c=index&a=post&subjectid=2
INFO: [ app_init ] --START--
INFO: Run Behavior\BuildLiteBehavior [ RunTime:0.000000s ]
INFO: [ app_init ] --END-- [ RunTime:0.015626s ]
ERR: 无法加载模块:Vote

[ 2015-08-12T01:00:15+08:00 ] 121.42.0.39 /index.php?m=vote&c=index&a=result&subjectid=2&siteid=1
INFO: [ app_init ] --START--
INFO: Run Behavior\BuildLiteBehavior [ RunTime:0.000000s ]
INFO: [ app_init ] --END-- [ RunTime:0.000000s ]
ERR: 无法加载模块:Vote

[ 2015-08-12T01:04:42+08:00 ] 121.42.0.39 /index.php/module/action/param1/{${phpinfo()}}_
INFO: [ app_init ] --START--
INFO: Run Behavior\BuildLiteBehavior [ RunTime:0.000000s ]
INFO: [ app_init ] --END-- [ RunTime:0.000000s ]
ERR: 无法加载模块:Module

[ 2015-08-12T01:04:52+08:00 ] 121.42.0.39 /index.php?m=Users&a=checklogin
INFO: [ app_init ] --START--
INFO: Run Behavior\BuildLiteBehavior [ RunTime:0.000000s ]
INFO: [ app_init ] --END-- [ RunTime:0.000000s ]
ERR: 无法加载模块:Users

[ 2015-08-12T01:07:31+08:00 ] 121.42.0.39 /index.php?m=Goods&a=showcate&id=103%20and%20(select%201%20from%20(select%20count(*),concat(md5(233333),floor(rand(0)*2))x%20from%20information_schema.tables%20group%20by%20x)a)
INFO: [ app_init ] --START--
INFO: Run Behavior\BuildLiteBehavior [ RunTime:0.000000s ]
INFO: [ app_init ] --END-- [ RunTime:0.000000s ]
ERR: 无法加载模块:Goods

[ 2015-08-12T01:07:43+08:00 ] 121.42.0.39 /index.php/api/xmlrpc
INFO: [ app_init ] --START--
INFO: Run Behavior\BuildLiteBehavior [ RunTime:0.000000s ]
INFO: [ app_init ] --END-- [ RunTime:0.000000s ]
ERR: 无法加载模块:Api

[ 2015-08-12T01:07:49+08:00 ] 121.42.0.39 /index.php?m=search&c=index&a=public_get_suggest_keyword&url=asdf&q=../../phpsso_server/caches/configs/database.php
INFO: [ app_init ] --START--
INFO: Run Behavior\BuildLiteBehavior [ RunTime:0.000000s ]
INFO: [ app_init ] --END-- [ RunTime:0.000000s ]
ERR: 无法加载模块:Search

[ 2015-08-12T01:21:49+08:00 ] 121.42.0.14 /index.php?m=vote&c=index&a=post&subjectid=1
INFO: [ app_init ] --START--
INFO: Run Behavior\BuildLiteBehavior [ RunTime:0.000000s ]
INFO: [ app_init ] --END-- [ RunTime:0.000000s ]
ERR: 无法加载模块:Vote

[ 2015-08-12T01:21:50+08:00 ] 121.42.0.14 /index.php?m=vote&c=index&a=post&subjectid=2
INFO: [ app_init ] --START--
INFO: Run Behavior\BuildLiteBehavior [ RunTime:0.000000s ]
INFO: [ app_init ] --END-- [ RunTime:0.000000s ]
ERR: 无法加载模块:Vote

[ 2015-08-12T01:21:51+08:00 ] 121.42.0.14 /index.php?m=vote&c=index&a=result&subjectid=2&siteid=1
INFO: [ app_init ] --START--
INFO: Run Behavior\BuildLiteBehavior [ RunTime:0.000000s ]
INFO: [ app_init ] --END-- [ RunTime:0.000000s ]
ERR: 无法加载模块:Vote

[ 2015-08-12T01:23:51+08:00 ] 121.42.0.14 /index.php/module/action/param1/{${phpinfo()}}_
INFO: [ app_init ] --START--
INFO: Run Behavior\BuildLiteBehavior [ RunTime:0.000000s ]
INFO: [ app_init ] --END-- [ RunTime:0.000000s ]
ERR: 无法加载模块:Module

[ 2015-08-12T01:24:57+08:00 ] 121.42.0.14 /index.php?m=Goods&a=showcate&id=103%20and%20(select%201%20from%20(select%20count(*),concat(md5(233333),floor(rand(0)*2))x%20from%20information_schema.tables%20group%20by%20x)a)
INFO: [ app_init ] --START--
INFO: Run Behavior\BuildLiteBehavior [ RunTime:0.000000s ]
INFO: [ app_init ] --END-- [ RunTime:0.000000s ]
ERR: 无法加载模块:Goods

[ 2015-08-12T01:25:03+08:00 ] 121.42.0.14 /index.php/api/xmlrpc
INFO: [ app_init ] --START--
INFO: Run Behavior\BuildLiteBehavior [ RunTime:0.000000s ]
INFO: [ app_init ] --END-- [ RunTime:0.000000s ]
ERR: 无法加载模块:Api

[ 2015-08-12T01:25:05+08:00 ] 121.42.0.14 /index.php?m=search&c=index&a=public_get_suggest_keyword&url=asdf&q=../../phpsso_server/caches/configs/database.php
INFO: [ app_init ] --START--
INFO: Run Behavior\BuildLiteBehavior [ RunTime:0.000000s ]
INFO: [ app_init ] --END-- [ RunTime:0.000000s ]
ERR: 无法加载模块:Search

[ 2015-08-12T02:17:23+08:00 ] 121.42.0.37 /index.php?m=vote&c=index&a=post&subjectid=1
INFO: [ app_init ] --START--
INFO: Run Behavior\BuildLiteBehavior [ RunTime:0.000000s ]
INFO: [ app_init ] --END-- [ RunTime:0.000000s ]
ERR: 无法加载模块:Vote

[ 2015-08-12T02:17:26+08:00 ] 121.42.0.37 /index.php?m=vote&c=index&a=post&subjectid=2
INFO: [ app_init ] --START--
INFO: Run Behavior\BuildLiteBehavior [ RunTime:0.000000s ]
INFO: [ app_init ] --END-- [ RunTime:0.000000s ]
ERR: 无法加载模块:Vote

[ 2015-08-12T02:17:27+08:00 ] 121.42.0.37 /index.php?m=vote&c=index&a=result&subjectid=2&siteid=1
INFO: [ app_init ] --START--
INFO: Run Behavior\BuildLiteBehavior [ RunTime:0.000000s ]
INFO: [ app_init ] --END-- [ RunTime:0.000000s ]
ERR: 无法加载模块:Vote

[ 2015-08-12T02:18:40+08:00 ] 121.42.0.37 /index.php/module/action/param1/{${phpinfo()}}_
INFO: [ app_init ] --START--
INFO: Run Behavior\BuildLiteBehavior [ RunTime:0.000000s ]
INFO: [ app_init ] --END-- [ RunTime:0.000000s ]
ERR: 无法加载模块:Module

[ 2015-08-12T02:19:45+08:00 ] 121.42.0.37 /index.php?m=Goods&a=showcate&id=103%20and%20(select%201%20from%20(select%20count(*),concat(md5(233333),floor(rand(0)*2))x%20from%20information_schema.tables%20group%20by%20x)a)
INFO: [ app_init ] --START--
INFO: Run Behavior\BuildLiteBehavior [ RunTime:0.000000s ]
INFO: [ app_init ] --END-- [ RunTime:0.000000s ]
ERR: 无法加载模块:Goods

[ 2015-08-12T02:19:52+08:00 ] 121.42.0.37 /index.php/api/xmlrpc
INFO: [ app_init ] --START--
INFO: Run Behavior\BuildLiteBehavior [ RunTime:0.000000s ]
INFO: [ app_init ] --END-- [ RunTime:0.000000s ]
ERR: 无法加载模块:Api

[ 2015-08-12T02:19:54+08:00 ] 121.42.0.37 /index.php?m=search&c=index&a=public_get_suggest_keyword&url=asdf&q=../../phpsso_server/caches/configs/database.php
INFO: [ app_init ] --START--
INFO: Run Behavior\BuildLiteBehavior [ RunTime:0.000000s ]
INFO: [ app_init ] --END-- [ RunTime:0.000000s ]
ERR: 无法加载模块:Search

[ 2015-08-12T02:50:13+08:00 ] 121.42.0.14 /index.php?m=vote&c=index&a=post&subjectid=1
INFO: [ app_init ] --START--
INFO: Run Behavior\BuildLiteBehavior [ RunTime:0.000000s ]
INFO: [ app_init ] --END-- [ RunTime:0.015626s ]
ERR: 无法加载模块:Vote

[ 2015-08-12T02:50:15+08:00 ] 121.42.0.14 /index.php?m=vote&c=index&a=post&subjectid=2
INFO: [ app_init ] --START--
INFO: Run Behavior\BuildLiteBehavior [ RunTime:0.000000s ]
INFO: [ app_init ] --END-- [ RunTime:0.000000s ]
ERR: 无法加载模块:Vote

[ 2015-08-12T02:50:17+08:00 ] 121.42.0.14 /index.php?m=vote&c=index&a=result&subjectid=2&siteid=1
INFO: [ app_init ] --START--
INFO: Run Behavior\BuildLiteBehavior [ RunTime:0.000000s ]
INFO: [ app_init ] --END-- [ RunTime:0.000000s ]
ERR: 无法加载模块:Vote

[ 2015-08-12T02:52:43+08:00 ] 121.42.0.14 /index.php/module/action/param1/{${phpinfo()}}_
INFO: [ app_init ] --START--
INFO: Run Behavior\BuildLiteBehavior [ RunTime:0.000000s ]
INFO: [ app_init ] --END-- [ RunTime:0.000000s ]
ERR: 无法加载模块:Module

[ 2015-08-12T02:55:04+08:00 ] 121.42.0.14 /index.php?m=Goods&a=showcate&id=103%20and%20(select%201%20from%20(select%20count(*),concat(md5(233333),floor(rand(0)*2))x%20from%20information_schema.tables%20group%20by%20x)a)
INFO: [ app_init ] --START--
INFO: Run Behavior\BuildLiteBehavior [ RunTime:0.000000s ]
INFO: [ app_init ] --END-- [ RunTime:0.000000s ]
ERR: 无法加载模块:Goods

[ 2015-08-12T02:55:12+08:00 ] 121.42.0.14 /index.php/api/xmlrpc
INFO: [ app_init ] --START--
INFO: Run Behavior\BuildLiteBehavior [ RunTime:0.000000s ]
INFO: [ app_init ] --END-- [ RunTime:0.000000s ]
ERR: 无法加载模块:Api

[ 2015-08-12T02:55:14+08:00 ] 121.42.0.14 /index.php?m=search&c=index&a=public_get_suggest_keyword&url=asdf&q=../../phpsso_server/caches/configs/database.php
INFO: [ app_init ] --START--
INFO: Run Behavior\BuildLiteBehavior [ RunTime:0.000000s ]
INFO: [ app_init ] --END-- [ RunTime:0.000000s ]
ERR: 无法加载模块:Search

[ 2015-08-12T03:20:02+08:00 ] 121.42.0.38 /index.php?m=vote&c=index&a=post&subjectid=1
INFO: [ app_init ] --START--
INFO: Run Behavior\BuildLiteBehavior [ RunTime:0.000000s ]
INFO: [ app_init ] --END-- [ RunTime:0.000000s ]
ERR: 无法加载模块:Vote

[ 2015-08-12T03:20:03+08:00 ] 121.42.0.38 /index.php?m=vote&c=index&a=post&subjectid=2
INFO: [ app_init ] --START--
INFO: Run Behavior\BuildLiteBehavior [ RunTime:0.000000s ]
INFO: [ app_init ] --END-- [ RunTime:0.000000s ]
ERR: 无法加载模块:Vote

[ 2015-08-12T03:20:04+08:00 ] 121.42.0.38 /index.php?m=vote&c=index&a=result&subjectid=2&siteid=1
INFO: [ app_init ] --START--
INFO: Run Behavior\BuildLiteBehavior [ RunTime:0.000000s ]
INFO: [ app_init ] --END-- [ RunTime:0.000000s ]
ERR: 无法加载模块:Vote

[ 2015-08-12T03:22:27+08:00 ] 121.42.0.38 /index.php/module/action/param1/{${phpinfo()}}_
INFO: [ app_init ] --START--
INFO: Run Behavior\BuildLiteBehavior [ RunTime:0.000000s ]
INFO: [ app_init ] --END-- [ RunTime:0.000000s ]
ERR: 无法加载模块:Module

[ 2015-08-12T03:24:24+08:00 ] 121.42.0.38 /index.php?m=Goods&a=showcate&id=103%20and%20(select%201%20from%20(select%20count(*),concat(md5(233333),floor(rand(0)*2))x%20from%20information_schema.tables%20group%20by%20x)a)
INFO: [ app_init ] --START--
INFO: Run Behavior\BuildLiteBehavior [ RunTime:0.000000s ]
INFO: [ app_init ] --END-- [ RunTime:0.000000s ]
ERR: 无法加载模块:Goods

[ 2015-08-12T03:24:35+08:00 ] 121.42.0.38 /index.php/api/xmlrpc
INFO: [ app_init ] --START--
INFO: Run Behavior\BuildLiteBehavior [ RunTime:0.000000s ]
INFO: [ app_init ] --END-- [ RunTime:0.000000s ]
ERR: 无法加载模块:Api

[ 2015-08-12T03:24:39+08:00 ] 121.42.0.38 /index.php?m=search&c=index&a=public_get_suggest_keyword&url=asdf&q=../../phpsso_server/caches/configs/database.php
INFO: [ app_init ] --START--
INFO: Run Behavior\BuildLiteBehavior [ RunTime:0.000000s ]
INFO: [ app_init ] --END-- [ RunTime:0.000000s ]
ERR: 无法加载模块:Search

