[ 2016-09-11T17:04:59+08:00 ] ::1 /zzyl/Public/Admin/img/icon1.png
INFO: [ app_init ] --START--
INFO: Run Behavior\BuildLiteBehavior [ RunTime:0.000026s ]
INFO: [ app_init ] --END-- [ RunTime:0.000642s ]
ERR: 无法加载模块:Public

[ 2016-09-11T17:05:01+08:00 ] ::1 /zzyl/favicon.ico
INFO: [ app_init ] --START--
INFO: Run Behavior\BuildLiteBehavior [ RunTime:0.000019s ]
INFO: [ app_init ] --END-- [ RunTime:0.000389s ]
ERR: 无法加载模块:Favicon

[ 2016-09-11T18:54:09+08:00 ] ::1 /zzyl/uploads/2015-12-04/5660fd03420a5.png
INFO: [ app_init ] --START--
INFO: Run Behavior\BuildLiteBehavior [ RunTime:0.000018s ]
INFO: [ app_init ] --END-- [ RunTime:0.000348s ]
ERR: 无法加载模块:Uploads

[ 2016-09-11T18:54:09+08:00 ] ::1 /zzyl/uploads/2015-12-04/5660fd1a9f674.png
INFO: [ app_init ] --START--
INFO: Run Behavior\BuildLiteBehavior [ RunTime:0.000020s ]
INFO: [ app_init ] --END-- [ RunTime:0.000501s ]
ERR: 无法加载模块:Uploads

[ 2016-09-11T18:54:09+08:00 ] ::1 /zzyl/uploads/2015-12-04/5660fd28c06ec.png
INFO: [ app_init ] --START--
INFO: Run Behavior\BuildLiteBehavior [ RunTime:0.000021s ]
INFO: [ app_init ] --END-- [ RunTime:0.000415s ]
ERR: 无法加载模块:Uploads

[ 2016-09-11T18:54:09+08:00 ] ::1 /zzyl/uploads/2015-12-04/5660fd03420a5.png
INFO: [ app_init ] --START--
INFO: Run Behavior\BuildLiteBehavior [ RunTime:0.000021s ]
INFO: [ app_init ] --END-- [ RunTime:0.000427s ]
ERR: 无法加载模块:Uploads

[ 2016-09-11T18:55:30+08:00 ] ::1 /zzyl/uploads/2015-12-04/5660fd03420a5.png
INFO: [ app_init ] --START--
INFO: Run Behavior\BuildLiteBehavior [ RunTime:0.000021s ]
INFO: [ app_init ] --END-- [ RunTime:0.000454s ]
ERR: 无法加载模块:Uploads

[ 2016-09-11T18:55:30+08:00 ] ::1 /zzyl/uploads/2015-12-04/5660fd28c06ec.png
INFO: [ app_init ] --START--
INFO: Run Behavior\BuildLiteBehavior [ RunTime:0.000028s ]
INFO: [ app_init ] --END-- [ RunTime:0.000852s ]
ERR: 无法加载模块:Uploads

[ 2016-09-11T18:55:30+08:00 ] ::1 /zzyl/uploads/2015-12-04/5660fd1a9f674.png
INFO: [ app_init ] --START--
INFO: Run Behavior\BuildLiteBehavior [ RunTime:0.000041s ]
INFO: [ app_init ] --END-- [ RunTime:0.001364s ]
ERR: 无法加载模块:Uploads

[ 2016-09-11T18:55:36+08:00 ] ::1 /zzyl/uploads/2015-12-04/5660fd1a9f674.png
INFO: [ app_init ] --START--
INFO: Run Behavior\BuildLiteBehavior [ RunTime:0.000021s ]
INFO: [ app_init ] --END-- [ RunTime:0.000475s ]
ERR: 无法加载模块:Uploads

[ 2016-09-11T18:55:36+08:00 ] ::1 /zzyl/uploads/2015-12-04/5660fd03420a5.png
INFO: [ app_init ] --START--
INFO: Run Behavior\BuildLiteBehavior [ RunTime:0.000030s ]
INFO: [ app_init ] --END-- [ RunTime:0.000620s ]
ERR: 无法加载模块:Uploads

[ 2016-09-11T18:55:36+08:00 ] ::1 /zzyl/uploads/2015-12-04/5660fd03420a5.png
INFO: [ app_init ] --START--
INFO: Run Behavior\BuildLiteBehavior [ RunTime:0.000023s ]
INFO: [ app_init ] --END-- [ RunTime:0.000643s ]
ERR: 无法加载模块:Uploads

[ 2016-09-11T18:55:36+08:00 ] ::1 /zzyl/uploads/2015-12-04/5660fd1a9f674.png
INFO: [ app_init ] --START--
INFO: Run Behavior\BuildLiteBehavior [ RunTime:0.000027s ]
INFO: [ app_init ] --END-- [ RunTime:0.000723s ]
ERR: 无法加载模块:Uploads

[ 2016-09-11T18:55:42+08:00 ] ::1 /zzyl/uploads/2015-12-04/5660fd03420a5.png
INFO: [ app_init ] --START--
INFO: Run Behavior\BuildLiteBehavior [ RunTime:0.000026s ]
INFO: [ app_init ] --END-- [ RunTime:0.000538s ]
ERR: 无法加载模块:Uploads

[ 2016-09-11T18:56:15+08:00 ] ::1 /zzyl/undefined
INFO: [ app_init ] --START--
INFO: Run Behavior\BuildLiteBehavior [ RunTime:0.000025s ]
INFO: [ app_init ] --END-- [ RunTime:0.000753s ]
ERR: 无法加载模块:Undefined

[ 2016-09-11T19:00:19+08:00 ] ::1 /zzyl/undefined
INFO: [ app_init ] --START--
INFO: Run Behavior\BuildLiteBehavior [ RunTime:0.000032s ]
INFO: [ app_init ] --END-- [ RunTime:0.000696s ]
ERR: 无法加载模块:Undefined

[ 2016-09-11T19:01:27+08:00 ] ::1 /zzyl/undefined
INFO: [ app_init ] --START--
INFO: Run Behavior\BuildLiteBehavior [ RunTime:0.000024s ]
INFO: [ app_init ] --END-- [ RunTime:0.000712s ]
ERR: 无法加载模块:Undefined

