[ 2016-10-13T15:12:53+08:00 ] 101.226.125.122 /favicon.ico
INFO: [ app_init ] --START--
INFO: Run Behavior\BuildLiteBehavior [ RunTime:0.000020s ]
INFO: [ app_init ] --END-- [ RunTime:0.000397s ]
ERR: 无法加载模块:Favicon

[ 2016-10-13T15:12:53+08:00 ] 101.226.125.122 /favicon.ico
INFO: [ app_init ] --START--
INFO: Run Behavior\BuildLiteBehavior [ RunTime:0.000043s ]
INFO: [ app_init ] --END-- [ RunTime:0.000822s ]
ERR: 无法加载模块:Favicon

[ 2016-10-13T15:12:56+08:00 ] 219.147.31.174 /favicon.ico
INFO: [ app_init ] --START--
INFO: Run Behavior\BuildLiteBehavior [ RunTime:0.000043s ]
INFO: [ app_init ] --END-- [ RunTime:0.000398s ]
ERR: 无法加载模块:Favicon

[ 2016-10-13T15:14:27+08:00 ] 219.147.31.174 /uploads/2016-09-27/57e9df918c638.jpg
INFO: [ app_init ] --START--
INFO: Run Behavior\BuildLiteBehavior [ RunTime:0.000021s ]
INFO: [ app_init ] --END-- [ RunTime:0.000390s ]
ERR: 无法加载模块:Uploads

[ 2016-10-13T15:14:29+08:00 ] 219.147.31.174 /uploads/2016-09-27/57e9df918c638.jpg
INFO: [ app_init ] --START--
INFO: Run Behavior\BuildLiteBehavior [ RunTime:0.000023s ]
INFO: [ app_init ] --END-- [ RunTime:0.000425s ]
ERR: 无法加载模块:Uploads

[ 2016-10-13T15:19:51+08:00 ] 219.147.31.174 /favicon.ico
INFO: [ app_init ] --START--
INFO: Run Behavior\BuildLiteBehavior [ RunTime:0.000030s ]
INFO: [ app_init ] --END-- [ RunTime:0.000617s ]
ERR: 无法加载模块:Favicon

[ 2016-10-13T15:19:52+08:00 ] 219.147.31.174 /favicon.ico
INFO: [ app_init ] --START--
INFO: Run Behavior\BuildLiteBehavior [ RunTime:0.000018s ]
INFO: [ app_init ] --END-- [ RunTime:0.000359s ]
ERR: 无法加载模块:Favicon

[ 2016-10-13T15:19:57+08:00 ] 219.147.31.174 /favicon.ico
INFO: [ app_init ] --START--
INFO: Run Behavior\BuildLiteBehavior [ RunTime:0.004325s ]
INFO: [ app_init ] --END-- [ RunTime:0.004918s ]
ERR: 无法加载模块:Favicon

[ 2016-10-13T15:19:57+08:00 ] 219.147.31.174 /favicon.ico
INFO: [ app_init ] --START--
INFO: Run Behavior\BuildLiteBehavior [ RunTime:0.000021s ]
INFO: [ app_init ] --END-- [ RunTime:0.000782s ]
ERR: 无法加载模块:Favicon

[ 2016-10-13T15:20:26+08:00 ] 219.147.31.174 /favicon.ico
INFO: [ app_init ] --START--
INFO: Run Behavior\BuildLiteBehavior [ RunTime:0.000020s ]
INFO: [ app_init ] --END-- [ RunTime:0.000396s ]
ERR: 无法加载模块:Favicon

[ 2016-10-13T15:20:26+08:00 ] 219.147.31.174 /favicon.ico
INFO: [ app_init ] --START--
INFO: Run Behavior\BuildLiteBehavior [ RunTime:0.000023s ]
INFO: [ app_init ] --END-- [ RunTime:0.000441s ]
ERR: 无法加载模块:Favicon

[ 2016-10-13T15:20:30+08:00 ] 219.147.31.174 /favicon.ico
INFO: [ app_init ] --START--
INFO: Run Behavior\BuildLiteBehavior [ RunTime:0.000022s ]
INFO: [ app_init ] --END-- [ RunTime:0.000396s ]
ERR: 无法加载模块:Favicon

[ 2016-10-13T15:20:30+08:00 ] 219.147.31.174 /favicon.ico
INFO: [ app_init ] --START--
INFO: Run Behavior\BuildLiteBehavior [ RunTime:0.000025s ]
INFO: [ app_init ] --END-- [ RunTime:0.000482s ]
ERR: 无法加载模块:Favicon

[ 2016-10-13T15:20:36+08:00 ] 219.147.31.174 /favicon.ico
INFO: [ app_init ] --START--
INFO: Run Behavior\BuildLiteBehavior [ RunTime:0.000023s ]
INFO: [ app_init ] --END-- [ RunTime:0.000999s ]
ERR: 无法加载模块:Favicon

[ 2016-10-13T15:20:36+08:00 ] 219.147.31.174 /favicon.ico
INFO: [ app_init ] --START--
INFO: Run Behavior\BuildLiteBehavior [ RunTime:0.000021s ]
INFO: [ app_init ] --END-- [ RunTime:0.000402s ]
ERR: 无法加载模块:Favicon

[ 2016-10-13T15:22:12+08:00 ] 219.147.31.174 /favicon.ico
INFO: [ app_init ] --START--
INFO: Run Behavior\BuildLiteBehavior [ RunTime:0.000022s ]
INFO: [ app_init ] --END-- [ RunTime:0.000422s ]
ERR: 无法加载模块:Favicon

[ 2016-10-13T15:25:10+08:00 ] 101.226.103.60 /MP_verify_78D6Jl2tL4nqzNa2.txt
INFO: [ app_init ] --START--
INFO: Run Behavior\BuildLiteBehavior [ RunTime:0.000025s ]
INFO: [ app_init ] --END-- [ RunTime:0.000480s ]
ERR: 无法加载模块:MP_verify_78D6Jl2tL4nqzNa2

[ 2016-10-13T15:25:12+08:00 ] 101.226.103.60 /MP_verify_78D6Jl2tL4nqzNa2.txt
INFO: [ app_init ] --START--
INFO: Run Behavior\BuildLiteBehavior [ RunTime:0.000020s ]
INFO: [ app_init ] --END-- [ RunTime:0.000373s ]
ERR: 无法加载模块:MP_verify_78D6Jl2tL4nqzNa2

[ 2016-10-13T15:27:36+08:00 ] 219.147.31.174 /favicon.ico
INFO: [ app_init ] --START--
INFO: Run Behavior\BuildLiteBehavior [ RunTime:0.000020s ]
INFO: [ app_init ] --END-- [ RunTime:0.000432s ]
ERR: 无法加载模块:Favicon

[ 2016-10-13T15:54:26+08:00 ] 219.147.31.174 /uploads/2016-09-27/57e9df918c638.jpg
INFO: [ app_init ] --START--
INFO: Run Behavior\BuildLiteBehavior [ RunTime:0.000024s ]
INFO: [ app_init ] --END-- [ RunTime:0.000563s ]
ERR: 无法加载模块:Uploads

[ 2016-10-13T15:54:34+08:00 ] 219.147.31.174 /uploads/2016-09-27/57e9df918c638.jpg
INFO: [ app_init ] --START--
INFO: Run Behavior\BuildLiteBehavior [ RunTime:0.000018s ]
INFO: [ app_init ] --END-- [ RunTime:0.000369s ]
ERR: 无法加载模块:Uploads

[ 2016-10-13T15:54:51+08:00 ] 219.147.31.174 /uploads/2016-09-27/57e9df918c638.jpg
INFO: [ app_init ] --START--
INFO: Run Behavior\BuildLiteBehavior [ RunTime:0.000019s ]
INFO: [ app_init ] --END-- [ RunTime:0.000488s ]
ERR: 无法加载模块:Uploads

[ 2016-10-13T16:02:44+08:00 ] 219.147.31.174 /uploads/2016-09-27/57e9df918c638.jpg
INFO: [ app_init ] --START--
INFO: Run Behavior\BuildLiteBehavior [ RunTime:0.000019s ]
INFO: [ app_init ] --END-- [ RunTime:0.000365s ]
ERR: 无法加载模块:Uploads

[ 2016-10-13T16:05:52+08:00 ] 219.147.31.174 /uploads/2016-09-27/57e9df918c638.jpg
INFO: [ app_init ] --START--
INFO: Run Behavior\BuildLiteBehavior [ RunTime:0.000018s ]
INFO: [ app_init ] --END-- [ RunTime:0.000380s ]
ERR: 无法加载模块:Uploads

[ 2016-10-13T16:06:23+08:00 ] 219.147.31.174 /uploads/2016-09-27/57e9df918c638.jpg
INFO: [ app_init ] --START--
INFO: Run Behavior\BuildLiteBehavior [ RunTime:0.000019s ]
INFO: [ app_init ] --END-- [ RunTime:0.000390s ]
ERR: 无法加载模块:Uploads

[ 2016-10-13T16:06:50+08:00 ] 219.147.31.174 /uploads/2016-09-27/57e9df918c638.jpg
INFO: [ app_init ] --START--
INFO: Run Behavior\BuildLiteBehavior [ RunTime:0.000017s ]
INFO: [ app_init ] --END-- [ RunTime:0.000374s ]
ERR: 无法加载模块:Uploads

[ 2016-10-13T16:07:14+08:00 ] 219.147.31.174 /uploads/2016-09-27/57e9df918c638.jpg
INFO: [ app_init ] --START--
INFO: Run Behavior\BuildLiteBehavior [ RunTime:0.000022s ]
INFO: [ app_init ] --END-- [ RunTime:0.000438s ]
ERR: 无法加载模块:Uploads

[ 2016-10-13T16:07:56+08:00 ] 219.147.31.174 /uploads/2016-09-27/57e9df918c638.jpg
INFO: [ app_init ] --START--
INFO: Run Behavior\BuildLiteBehavior [ RunTime:0.000024s ]
INFO: [ app_init ] --END-- [ RunTime:0.000504s ]
ERR: 无法加载模块:Uploads

[ 2016-10-13T16:07:58+08:00 ] 219.147.31.174 /uploads/2016-09-27/57e9df918c638.jpg
INFO: [ app_init ] --START--
INFO: Run Behavior\BuildLiteBehavior [ RunTime:0.000019s ]
INFO: [ app_init ] --END-- [ RunTime:0.000367s ]
ERR: 无法加载模块:Uploads

[ 2016-10-13T16:08:00+08:00 ] 219.147.31.174 /uploads/2016-09-27/57e9df918c638.jpg
INFO: [ app_init ] --START--
INFO: Run Behavior\BuildLiteBehavior [ RunTime:0.000017s ]
INFO: [ app_init ] --END-- [ RunTime:0.000359s ]
ERR: 无法加载模块:Uploads

[ 2016-10-13T16:08:01+08:00 ] 219.147.31.174 /uploads/2016-09-27/57e9df918c638.jpg
INFO: [ app_init ] --START--
INFO: Run Behavior\BuildLiteBehavior [ RunTime:0.000024s ]
INFO: [ app_init ] --END-- [ RunTime:0.000402s ]
ERR: 无法加载模块:Uploads

[ 2016-10-13T16:08:02+08:00 ] 219.147.31.174 /uploads/2016-09-27/57e9df918c638.jpg
INFO: [ app_init ] --START--
INFO: Run Behavior\BuildLiteBehavior [ RunTime:0.000022s ]
INFO: [ app_init ] --END-- [ RunTime:0.000399s ]
ERR: 无法加载模块:Uploads

[ 2016-10-13T16:08:03+08:00 ] 219.147.31.174 /uploads/2016-09-27/57e9df918c638.jpg
INFO: [ app_init ] --START--
INFO: Run Behavior\BuildLiteBehavior [ RunTime:0.000020s ]
INFO: [ app_init ] --END-- [ RunTime:0.000384s ]
ERR: 无法加载模块:Uploads

[ 2016-10-13T16:08:05+08:00 ] 219.147.31.174 /uploads/2016-09-27/57e9df918c638.jpg
INFO: [ app_init ] --START--
INFO: Run Behavior\BuildLiteBehavior [ RunTime:0.000018s ]
INFO: [ app_init ] --END-- [ RunTime:0.000367s ]
ERR: 无法加载模块:Uploads

[ 2016-10-13T16:09:34+08:00 ] 219.147.31.174 /uploads/2016-09-27/57e9df918c638.jpg
INFO: [ app_init ] --START--
INFO: Run Behavior\BuildLiteBehavior [ RunTime:0.000019s ]
INFO: [ app_init ] --END-- [ RunTime:0.000388s ]
ERR: 无法加载模块:Uploads

[ 2016-10-13T16:10:55+08:00 ] 112.224.67.37 /uploads/2016-09-27/57e9df918c638.jpg
INFO: [ app_init ] --START--
INFO: Run Behavior\BuildLiteBehavior [ RunTime:0.000019s ]
INFO: [ app_init ] --END-- [ RunTime:0.000383s ]
ERR: 无法加载模块:Uploads

