[ 2016-11-03T07:48:58+08:00 ] 221.215.172.211 /uploads/2016-10-17/5804dcb41af8b.jpg
INFO: [ app_init ] --START--
INFO: Run Behavior\BuildLiteBehavior [ RunTime:0.000021s ]
INFO: [ app_init ] --END-- [ RunTime:0.000441s ]
ERR: 无法加载模块:Uploads

[ 2016-11-03T07:48:58+08:00 ] 221.215.172.211 /uploads/2016-10-17/5804dd484c66e.jpg
INFO: [ app_init ] --START--
INFO: Run Behavior\BuildLiteBehavior [ RunTime:0.000023s ]
INFO: [ app_init ] --END-- [ RunTime:0.004024s ]
ERR: 无法加载模块:Uploads

[ 2016-11-03T07:48:58+08:00 ] 221.215.172.211 /uploads/2016-10-17/5804dcf2a73ee.jpg
INFO: [ app_init ] --START--
INFO: Run Behavior\BuildLiteBehavior [ RunTime:0.000019s ]
INFO: [ app_init ] --END-- [ RunTime:0.000490s ]
ERR: 无法加载模块:Uploads

[ 2016-11-03T07:49:04+08:00 ] 221.215.172.211 /uploads/2016-10-17/5804dcb41af8b.jpg
INFO: [ app_init ] --START--
INFO: Run Behavior\BuildLiteBehavior [ RunTime:0.000025s ]
INFO: [ app_init ] --END-- [ RunTime:0.000511s ]
ERR: 无法加载模块:Uploads

[ 2016-11-03T07:49:04+08:00 ] 221.215.172.211 /uploads/2016-10-17/5804dd484c66e.jpg
INFO: [ app_init ] --START--
INFO: Run Behavior\BuildLiteBehavior [ RunTime:0.000027s ]
INFO: [ app_init ] --END-- [ RunTime:0.000519s ]
ERR: 无法加载模块:Uploads

[ 2016-11-03T07:49:04+08:00 ] 221.215.172.211 /uploads/2016-10-17/5804dcf2a73ee.jpg
INFO: [ app_init ] --START--
INFO: Run Behavior\BuildLiteBehavior [ RunTime:0.000016s ]
INFO: [ app_init ] --END-- [ RunTime:0.000410s ]
ERR: 无法加载模块:Uploads

[ 2016-11-03T07:49:15+08:00 ] 221.215.172.211 /uploads/2016-10-17/5804dcb41af8b.jpg
INFO: [ app_init ] --START--
INFO: Run Behavior\BuildLiteBehavior [ RunTime:0.000022s ]
INFO: [ app_init ] --END-- [ RunTime:0.000437s ]
ERR: 无法加载模块:Uploads

[ 2016-11-03T07:49:15+08:00 ] 221.215.172.211 /uploads/2016-10-17/5804dd484c66e.jpg
INFO: [ app_init ] --START--
INFO: Run Behavior\BuildLiteBehavior [ RunTime:0.000026s ]
INFO: [ app_init ] --END-- [ RunTime:0.000496s ]
ERR: 无法加载模块:Uploads

[ 2016-11-03T07:49:15+08:00 ] 221.215.172.211 /uploads/2016-10-17/5804dcf2a73ee.jpg
INFO: [ app_init ] --START--
INFO: Run Behavior\BuildLiteBehavior [ RunTime:0.000023s ]
INFO: [ app_init ] --END-- [ RunTime:0.003757s ]
ERR: 无法加载模块:Uploads

[ 2016-11-03T07:49:22+08:00 ] 221.215.172.211 /uploads/2016-10-17/5804dcb41af8b.jpg
INFO: [ app_init ] --START--
INFO: Run Behavior\BuildLiteBehavior [ RunTime:0.000023s ]
INFO: [ app_init ] --END-- [ RunTime:0.000430s ]
ERR: 无法加载模块:Uploads

[ 2016-11-03T07:49:22+08:00 ] 221.215.172.211 /uploads/2016-10-17/5804dcf2a73ee.jpg
INFO: [ app_init ] --START--
INFO: Run Behavior\BuildLiteBehavior [ RunTime:0.000020s ]
INFO: [ app_init ] --END-- [ RunTime:0.000419s ]
ERR: 无法加载模块:Uploads

[ 2016-11-03T07:49:22+08:00 ] 221.215.172.211 /uploads/2016-10-17/5804dd484c66e.jpg
INFO: [ app_init ] --START--
INFO: Run Behavior\BuildLiteBehavior [ RunTime:0.000015s ]
INFO: [ app_init ] --END-- [ RunTime:0.000376s ]
ERR: 无法加载模块:Uploads

[ 2016-11-03T07:49:29+08:00 ] 221.215.172.211 /uploads/2016-10-17/5804dcb41af8b.jpg
INFO: [ app_init ] --START--
INFO: Run Behavior\BuildLiteBehavior [ RunTime:0.000025s ]
INFO: [ app_init ] --END-- [ RunTime:0.000478s ]
ERR: 无法加载模块:Uploads

[ 2016-11-03T07:49:29+08:00 ] 221.215.172.211 /uploads/2016-10-17/5804dcf2a73ee.jpg
INFO: [ app_init ] --START--
INFO: Run Behavior\BuildLiteBehavior [ RunTime:0.000021s ]
INFO: [ app_init ] --END-- [ RunTime:0.000478s ]
ERR: 无法加载模块:Uploads

[ 2016-11-03T07:49:29+08:00 ] 221.215.172.211 /uploads/2016-10-17/5804dd484c66e.jpg
INFO: [ app_init ] --START--
INFO: Run Behavior\BuildLiteBehavior [ RunTime:0.000017s ]
INFO: [ app_init ] --END-- [ RunTime:0.000381s ]
ERR: 无法加载模块:Uploads

[ 2016-11-03T07:49:30+08:00 ] 221.215.172.211 /uploads/2016-10-17/5804dcb41af8b.jpg
INFO: [ app_init ] --START--
INFO: Run Behavior\BuildLiteBehavior [ RunTime:0.000023s ]
INFO: [ app_init ] --END-- [ RunTime:0.000437s ]
ERR: 无法加载模块:Uploads

[ 2016-11-03T07:49:30+08:00 ] 221.215.172.211 /uploads/2016-10-17/5804dd484c66e.jpg
INFO: [ app_init ] --START--
INFO: Run Behavior\BuildLiteBehavior [ RunTime:0.000019s ]
INFO: [ app_init ] --END-- [ RunTime:0.000418s ]
ERR: 无法加载模块:Uploads

[ 2016-11-03T07:49:30+08:00 ] 221.215.172.211 /uploads/2016-10-17/5804dcf2a73ee.jpg
INFO: [ app_init ] --START--
INFO: Run Behavior\BuildLiteBehavior [ RunTime:0.000018s ]
INFO: [ app_init ] --END-- [ RunTime:0.000411s ]
ERR: 无法加载模块:Uploads

[ 2016-11-03T07:49:31+08:00 ] 221.215.172.211 /uploads/2016-10-17/5804dcb41af8b.jpg
INFO: [ app_init ] --START--
INFO: Run Behavior\BuildLiteBehavior [ RunTime:0.000027s ]
INFO: [ app_init ] --END-- [ RunTime:0.000464s ]
ERR: 无法加载模块:Uploads

[ 2016-11-03T07:49:31+08:00 ] 221.215.172.211 /uploads/2016-10-17/5804dcf2a73ee.jpg
INFO: [ app_init ] --START--
INFO: Run Behavior\BuildLiteBehavior [ RunTime:0.000024s ]
INFO: [ app_init ] --END-- [ RunTime:0.000436s ]
ERR: 无法加载模块:Uploads

[ 2016-11-03T07:49:31+08:00 ] 221.215.172.211 /uploads/2016-10-17/5804dd484c66e.jpg
INFO: [ app_init ] --START--
INFO: Run Behavior\BuildLiteBehavior [ RunTime:0.000017s ]
INFO: [ app_init ] --END-- [ RunTime:0.000390s ]
ERR: 无法加载模块:Uploads

[ 2016-11-03T07:49:38+08:00 ] 221.215.172.211 /uploads/2016-10-17/5804dcb41af8b.jpg
INFO: [ app_init ] --START--
INFO: Run Behavior\BuildLiteBehavior [ RunTime:0.000031s ]
INFO: [ app_init ] --END-- [ RunTime:0.000510s ]
ERR: 无法加载模块:Uploads

[ 2016-11-03T07:49:38+08:00 ] 221.215.172.211 /uploads/2016-10-17/5804dcf2a73ee.jpg
INFO: [ app_init ] --START--
INFO: Run Behavior\BuildLiteBehavior [ RunTime:0.000016s ]
INFO: [ app_init ] --END-- [ RunTime:0.000400s ]
ERR: 无法加载模块:Uploads

[ 2016-11-03T07:49:38+08:00 ] 221.215.172.211 /uploads/2016-10-17/5804dd484c66e.jpg
INFO: [ app_init ] --START--
INFO: Run Behavior\BuildLiteBehavior [ RunTime:0.000027s ]
INFO: [ app_init ] --END-- [ RunTime:0.000484s ]
ERR: 无法加载模块:Uploads

[ 2016-11-03T07:51:30+08:00 ] 221.215.172.211 /uploads/2016-10-17/5804dcb41af8b.jpg
INFO: [ app_init ] --START--
INFO: Run Behavior\BuildLiteBehavior [ RunTime:0.000018s ]
INFO: [ app_init ] --END-- [ RunTime:0.000438s ]
ERR: 无法加载模块:Uploads

[ 2016-11-03T07:51:30+08:00 ] 221.215.172.211 /uploads/2016-10-17/5804dd484c66e.jpg
INFO: [ app_init ] --START--
INFO: Run Behavior\BuildLiteBehavior [ RunTime:0.000022s ]
INFO: [ app_init ] --END-- [ RunTime:0.000448s ]
ERR: 无法加载模块:Uploads

[ 2016-11-03T07:51:30+08:00 ] 221.215.172.211 /uploads/2016-10-17/5804dcf2a73ee.jpg
INFO: [ app_init ] --START--
INFO: Run Behavior\BuildLiteBehavior [ RunTime:0.000020s ]
INFO: [ app_init ] --END-- [ RunTime:0.004229s ]
ERR: 无法加载模块:Uploads

[ 2016-11-03T07:51:32+08:00 ] 221.215.172.211 /uploads/2016-10-17/5804dcb41af8b.jpg
INFO: [ app_init ] --START--
INFO: Run Behavior\BuildLiteBehavior [ RunTime:0.000021s ]
INFO: [ app_init ] --END-- [ RunTime:0.001569s ]
ERR: 无法加载模块:Uploads

[ 2016-11-03T07:51:32+08:00 ] 221.215.172.211 /uploads/2016-10-17/5804dd484c66e.jpg
INFO: [ app_init ] --START--
INFO: Run Behavior\BuildLiteBehavior [ RunTime:0.000027s ]
INFO: [ app_init ] --END-- [ RunTime:0.000496s ]
ERR: 无法加载模块:Uploads

[ 2016-11-03T07:51:32+08:00 ] 221.215.172.211 /uploads/2016-10-17/5804dcf2a73ee.jpg
INFO: [ app_init ] --START--
INFO: Run Behavior\BuildLiteBehavior [ RunTime:0.000020s ]
INFO: [ app_init ] --END-- [ RunTime:0.000463s ]
ERR: 无法加载模块:Uploads

[ 2016-11-03T07:51:33+08:00 ] 221.215.172.211 /uploads/2016-10-17/5804dcb41af8b.jpg
INFO: [ app_init ] --START--
INFO: Run Behavior\BuildLiteBehavior [ RunTime:0.000020s ]
INFO: [ app_init ] --END-- [ RunTime:0.000421s ]
ERR: 无法加载模块:Uploads

[ 2016-11-03T07:51:33+08:00 ] 221.215.172.211 /uploads/2016-10-17/5804dd484c66e.jpg
INFO: [ app_init ] --START--
INFO: Run Behavior\BuildLiteBehavior [ RunTime:0.000028s ]
INFO: [ app_init ] --END-- [ RunTime:0.000567s ]
ERR: 无法加载模块:Uploads

[ 2016-11-03T07:51:33+08:00 ] 221.215.172.211 /uploads/2016-10-17/5804dcf2a73ee.jpg
INFO: [ app_init ] --START--
INFO: Run Behavior\BuildLiteBehavior [ RunTime:0.000018s ]
INFO: [ app_init ] --END-- [ RunTime:0.000406s ]
ERR: 无法加载模块:Uploads

[ 2016-11-03T07:51:35+08:00 ] 221.215.172.211 /uploads/2016-10-17/5804dcb41af8b.jpg
INFO: [ app_init ] --START--
INFO: Run Behavior\BuildLiteBehavior [ RunTime:0.000020s ]
INFO: [ app_init ] --END-- [ RunTime:0.000428s ]
ERR: 无法加载模块:Uploads

[ 2016-11-03T07:51:35+08:00 ] 221.215.172.211 /uploads/2016-10-17/5804dcf2a73ee.jpg
INFO: [ app_init ] --START--
INFO: Run Behavior\BuildLiteBehavior [ RunTime:0.000017s ]
INFO: [ app_init ] --END-- [ RunTime:0.000393s ]
ERR: 无法加载模块:Uploads

[ 2016-11-03T07:51:35+08:00 ] 221.215.172.211 /uploads/2016-10-17/5804dd484c66e.jpg
INFO: [ app_init ] --START--
INFO: Run Behavior\BuildLiteBehavior [ RunTime:0.000020s ]
INFO: [ app_init ] --END-- [ RunTime:0.000437s ]
ERR: 无法加载模块:Uploads

[ 2016-11-03T07:51:37+08:00 ] 221.215.172.211 /uploads/2016-10-17/5804dcb41af8b.jpg
INFO: [ app_init ] --START--
INFO: Run Behavior\BuildLiteBehavior [ RunTime:0.000026s ]
INFO: [ app_init ] --END-- [ RunTime:0.000500s ]
ERR: 无法加载模块:Uploads

[ 2016-11-03T07:51:37+08:00 ] 221.215.172.211 /uploads/2016-10-17/5804dd484c66e.jpg
INFO: [ app_init ] --START--
INFO: Run Behavior\BuildLiteBehavior [ RunTime:0.000022s ]
INFO: [ app_init ] --END-- [ RunTime:0.000489s ]
ERR: 无法加载模块:Uploads

[ 2016-11-03T07:51:37+08:00 ] 221.215.172.211 /uploads/2016-10-17/5804dcf2a73ee.jpg
INFO: [ app_init ] --START--
INFO: Run Behavior\BuildLiteBehavior [ RunTime:0.000016s ]
INFO: [ app_init ] --END-- [ RunTime:0.002443s ]
ERR: 无法加载模块:Uploads

[ 2016-11-03T07:51:40+08:00 ] 221.215.172.211 /uploads/2016-10-17/5804dcb41af8b.jpg
INFO: [ app_init ] --START--
INFO: Run Behavior\BuildLiteBehavior [ RunTime:0.000021s ]
INFO: [ app_init ] --END-- [ RunTime:0.000455s ]
ERR: 无法加载模块:Uploads

[ 2016-11-03T07:51:40+08:00 ] 221.215.172.211 /uploads/2016-10-17/5804dd484c66e.jpg
INFO: [ app_init ] --START--
INFO: Run Behavior\BuildLiteBehavior [ RunTime:0.000018s ]
INFO: [ app_init ] --END-- [ RunTime:0.000685s ]
ERR: 无法加载模块:Uploads

[ 2016-11-03T07:51:40+08:00 ] 221.215.172.211 /uploads/2016-10-17/5804dcf2a73ee.jpg
INFO: [ app_init ] --START--
INFO: Run Behavior\BuildLiteBehavior [ RunTime:0.000023s ]
INFO: [ app_init ] --END-- [ RunTime:0.000466s ]
ERR: 无法加载模块:Uploads

[ 2016-11-03T07:51:42+08:00 ] 221.215.172.211 /uploads/2016-10-17/5804dcb41af8b.jpg
INFO: [ app_init ] --START--
INFO: Run Behavior\BuildLiteBehavior [ RunTime:0.000023s ]
INFO: [ app_init ] --END-- [ RunTime:0.000441s ]
ERR: 无法加载模块:Uploads

[ 2016-11-03T07:51:42+08:00 ] 221.215.172.211 /uploads/2016-10-17/5804dd484c66e.jpg
INFO: [ app_init ] --START--
INFO: Run Behavior\BuildLiteBehavior [ RunTime:0.000019s ]
INFO: [ app_init ] --END-- [ RunTime:0.000426s ]
ERR: 无法加载模块:Uploads

[ 2016-11-03T07:51:42+08:00 ] 221.215.172.211 /uploads/2016-10-17/5804dcf2a73ee.jpg
INFO: [ app_init ] --START--
INFO: Run Behavior\BuildLiteBehavior [ RunTime:0.000020s ]
INFO: [ app_init ] --END-- [ RunTime:0.000600s ]
ERR: 无法加载模块:Uploads

[ 2016-11-03T07:51:43+08:00 ] 221.215.172.211 /uploads/2016-10-17/5804dcb41af8b.jpg
INFO: [ app_init ] --START--
INFO: Run Behavior\BuildLiteBehavior [ RunTime:0.000026s ]
INFO: [ app_init ] --END-- [ RunTime:0.005555s ]
ERR: 无法加载模块:Uploads

[ 2016-11-03T07:51:43+08:00 ] 221.215.172.211 /uploads/2016-10-17/5804dd484c66e.jpg
INFO: [ app_init ] --START--
INFO: Run Behavior\BuildLiteBehavior [ RunTime:0.000019s ]
INFO: [ app_init ] --END-- [ RunTime:0.000422s ]
ERR: 无法加载模块:Uploads

[ 2016-11-03T07:51:43+08:00 ] 221.215.172.211 /uploads/2016-10-17/5804dcf2a73ee.jpg
INFO: [ app_init ] --START--
INFO: Run Behavior\BuildLiteBehavior [ RunTime:0.000017s ]
INFO: [ app_init ] --END-- [ RunTime:0.000391s ]
ERR: 无法加载模块:Uploads

[ 2016-11-03T07:51:45+08:00 ] 221.215.172.211 /uploads/2016-10-17/5804dcb41af8b.jpg
INFO: [ app_init ] --START--
INFO: Run Behavior\BuildLiteBehavior [ RunTime:0.000021s ]
INFO: [ app_init ] --END-- [ RunTime:0.002746s ]
ERR: 无法加载模块:Uploads

[ 2016-11-03T07:51:45+08:00 ] 221.215.172.211 /uploads/2016-10-17/5804dcf2a73ee.jpg
INFO: [ app_init ] --START--
INFO: Run Behavior\BuildLiteBehavior [ RunTime:0.000021s ]
INFO: [ app_init ] --END-- [ RunTime:0.000415s ]
ERR: 无法加载模块:Uploads

[ 2016-11-03T07:51:45+08:00 ] 221.215.172.211 /uploads/2016-10-17/5804dd484c66e.jpg
INFO: [ app_init ] --START--
INFO: Run Behavior\BuildLiteBehavior [ RunTime:0.000015s ]
INFO: [ app_init ] --END-- [ RunTime:0.003168s ]
ERR: 无法加载模块:Uploads

[ 2016-11-03T07:51:46+08:00 ] 221.215.172.211 /uploads/2016-10-17/5804dcb41af8b.jpg
INFO: [ app_init ] --START--
INFO: Run Behavior\BuildLiteBehavior [ RunTime:0.000024s ]
INFO: [ app_init ] --END-- [ RunTime:0.000453s ]
ERR: 无法加载模块:Uploads

[ 2016-11-03T07:51:46+08:00 ] 221.215.172.211 /uploads/2016-10-17/5804dd484c66e.jpg
INFO: [ app_init ] --START--
INFO: Run Behavior\BuildLiteBehavior [ RunTime:0.000021s ]
INFO: [ app_init ] --END-- [ RunTime:0.003454s ]
ERR: 无法加载模块:Uploads

[ 2016-11-03T07:51:46+08:00 ] 221.215.172.211 /uploads/2016-10-17/5804dcf2a73ee.jpg
INFO: [ app_init ] --START--
INFO: Run Behavior\BuildLiteBehavior [ RunTime:0.000017s ]
INFO: [ app_init ] --END-- [ RunTime:0.000416s ]
ERR: 无法加载模块:Uploads

[ 2016-11-03T07:51:48+08:00 ] 221.215.172.211 /uploads/2016-10-17/5804dcb41af8b.jpg
INFO: [ app_init ] --START--
INFO: Run Behavior\BuildLiteBehavior [ RunTime:0.000024s ]
INFO: [ app_init ] --END-- [ RunTime:0.004556s ]
ERR: 无法加载模块:Uploads

[ 2016-11-03T07:51:48+08:00 ] 221.215.172.211 /uploads/2016-10-17/5804dcf2a73ee.jpg
INFO: [ app_init ] --START--
INFO: Run Behavior\BuildLiteBehavior [ RunTime:0.000016s ]
INFO: [ app_init ] --END-- [ RunTime:0.000380s ]
ERR: 无法加载模块:Uploads

[ 2016-11-03T07:51:48+08:00 ] 221.215.172.211 /uploads/2016-10-17/5804dd484c66e.jpg
INFO: [ app_init ] --START--
INFO: Run Behavior\BuildLiteBehavior [ RunTime:0.000022s ]
INFO: [ app_init ] --END-- [ RunTime:0.000439s ]
ERR: 无法加载模块:Uploads

[ 2016-11-03T07:51:49+08:00 ] 221.215.172.211 /uploads/2016-10-17/5804dcb41af8b.jpg
INFO: [ app_init ] --START--
INFO: Run Behavior\BuildLiteBehavior [ RunTime:0.000023s ]
INFO: [ app_init ] --END-- [ RunTime:0.000448s ]
ERR: 无法加载模块:Uploads

[ 2016-11-03T07:51:49+08:00 ] 221.215.172.211 /uploads/2016-10-17/5804dd484c66e.jpg
INFO: [ app_init ] --START--
INFO: Run Behavior\BuildLiteBehavior [ RunTime:0.000021s ]
INFO: [ app_init ] --END-- [ RunTime:0.000454s ]
ERR: 无法加载模块:Uploads

[ 2016-11-03T07:51:49+08:00 ] 221.215.172.211 /uploads/2016-10-17/5804dcf2a73ee.jpg
INFO: [ app_init ] --START--
INFO: Run Behavior\BuildLiteBehavior [ RunTime:0.000017s ]
INFO: [ app_init ] --END-- [ RunTime:0.000426s ]
ERR: 无法加载模块:Uploads

[ 2016-11-03T07:51:51+08:00 ] 221.215.172.211 /uploads/2016-10-17/5804dcb41af8b.jpg
INFO: [ app_init ] --START--
INFO: Run Behavior\BuildLiteBehavior [ RunTime:0.000025s ]
INFO: [ app_init ] --END-- [ RunTime:0.000472s ]
ERR: 无法加载模块:Uploads

[ 2016-11-03T07:51:51+08:00 ] 221.215.172.211 /uploads/2016-10-17/5804dd484c66e.jpg
INFO: [ app_init ] --START--
INFO: Run Behavior\BuildLiteBehavior [ RunTime:0.000023s ]
INFO: [ app_init ] --END-- [ RunTime:0.000458s ]
ERR: 无法加载模块:Uploads

[ 2016-11-03T07:51:51+08:00 ] 221.215.172.211 /uploads/2016-10-17/5804dcf2a73ee.jpg
INFO: [ app_init ] --START--
INFO: Run Behavior\BuildLiteBehavior [ RunTime:0.000015s ]
INFO: [ app_init ] --END-- [ RunTime:0.000416s ]
ERR: 无法加载模块:Uploads

[ 2016-11-03T07:52:09+08:00 ] 221.215.172.211 /uploads/2016-10-17/5804dcb41af8b.jpg
INFO: [ app_init ] --START--
INFO: Run Behavior\BuildLiteBehavior [ RunTime:0.000018s ]
INFO: [ app_init ] --END-- [ RunTime:0.000411s ]
ERR: 无法加载模块:Uploads

[ 2016-11-03T07:52:09+08:00 ] 221.215.172.211 /uploads/2016-10-17/5804dcf2a73ee.jpg
INFO: [ app_init ] --START--
INFO: Run Behavior\BuildLiteBehavior [ RunTime:0.000019s ]
INFO: [ app_init ] --END-- [ RunTime:0.000434s ]
ERR: 无法加载模块:Uploads

[ 2016-11-03T07:52:09+08:00 ] 221.215.172.211 /uploads/2016-10-17/5804dd484c66e.jpg
INFO: [ app_init ] --START--
INFO: Run Behavior\BuildLiteBehavior [ RunTime:0.000019s ]
INFO: [ app_init ] --END-- [ RunTime:0.000423s ]
ERR: 无法加载模块:Uploads

[ 2016-11-03T08:36:31+08:00 ] 219.147.31.174 /uploads/2016-10-17/5804dcb41af8b.jpg
INFO: [ app_init ] --START--
INFO: Run Behavior\BuildLiteBehavior [ RunTime:0.000018s ]
INFO: [ app_init ] --END-- [ RunTime:0.000441s ]
ERR: 无法加载模块:Uploads

[ 2016-11-03T08:36:31+08:00 ] 219.147.31.174 /uploads/2016-10-17/5804dd484c66e.jpg
INFO: [ app_init ] --START--
INFO: Run Behavior\BuildLiteBehavior [ RunTime:0.000024s ]
INFO: [ app_init ] --END-- [ RunTime:0.000468s ]
ERR: 无法加载模块:Uploads

[ 2016-11-03T08:36:31+08:00 ] 219.147.31.174 /uploads/2016-10-17/5804dcf2a73ee.jpg
INFO: [ app_init ] --START--
INFO: Run Behavior\BuildLiteBehavior [ RunTime:0.000018s ]
INFO: [ app_init ] --END-- [ RunTime:0.000450s ]
ERR: 无法加载模块:Uploads

[ 2016-11-03T08:36:31+08:00 ] 219.147.31.174 /favicon.ico
INFO: [ app_init ] --START--
INFO: Run Behavior\BuildLiteBehavior [ RunTime:0.000018s ]
INFO: [ app_init ] --END-- [ RunTime:0.000433s ]
ERR: 无法加载模块:Favicon

[ 2016-11-03T08:36:40+08:00 ] 219.147.31.174 /uploads/2016-10-17/5804dcf2a73ee.jpg
INFO: [ app_init ] --START--
INFO: Run Behavior\BuildLiteBehavior [ RunTime:0.000022s ]
INFO: [ app_init ] --END-- [ RunTime:0.000458s ]
ERR: 无法加载模块:Uploads

[ 2016-11-03T08:36:40+08:00 ] 219.147.31.174 /uploads/2016-10-17/5804dd484c66e.jpg
INFO: [ app_init ] --START--
INFO: Run Behavior\BuildLiteBehavior [ RunTime:0.000016s ]
INFO: [ app_init ] --END-- [ RunTime:0.000391s ]
ERR: 无法加载模块:Uploads

[ 2016-11-03T08:36:40+08:00 ] 219.147.31.174 /uploads/2016-10-17/5804dcb41af8b.jpg
INFO: [ app_init ] --START--
INFO: Run Behavior\BuildLiteBehavior [ RunTime:0.000015s ]
INFO: [ app_init ] --END-- [ RunTime:0.000410s ]
ERR: 无法加载模块:Uploads

[ 2016-11-03T08:36:42+08:00 ] 219.147.31.174 /uploads/2016-10-17/5804dcb41af8b.jpg
INFO: [ app_init ] --START--
INFO: Run Behavior\BuildLiteBehavior [ RunTime:0.000024s ]
INFO: [ app_init ] --END-- [ RunTime:0.000482s ]
ERR: 无法加载模块:Uploads

[ 2016-11-03T08:36:42+08:00 ] 219.147.31.174 /uploads/2016-10-17/5804dd484c66e.jpg
INFO: [ app_init ] --START--
INFO: Run Behavior\BuildLiteBehavior [ RunTime:0.000017s ]
INFO: [ app_init ] --END-- [ RunTime:0.000557s ]
ERR: 无法加载模块:Uploads

[ 2016-11-03T08:36:42+08:00 ] 219.147.31.174 /uploads/2016-10-17/5804dcf2a73ee.jpg
INFO: [ app_init ] --START--
INFO: Run Behavior\BuildLiteBehavior [ RunTime:0.000020s ]
INFO: [ app_init ] --END-- [ RunTime:0.000468s ]
ERR: 无法加载模块:Uploads

[ 2016-11-03T08:37:16+08:00 ] 219.147.31.174 /uploads/2016-10-17/5804dcf2a73ee.jpg
INFO: [ app_init ] --START--
INFO: Run Behavior\BuildLiteBehavior [ RunTime:0.000022s ]
INFO: [ app_init ] --END-- [ RunTime:0.000429s ]
ERR: 无法加载模块:Uploads

[ 2016-11-03T08:37:16+08:00 ] 219.147.31.174 /uploads/2016-10-17/5804dcb41af8b.jpg
INFO: [ app_init ] --START--
INFO: Run Behavior\BuildLiteBehavior [ RunTime:0.000016s ]
INFO: [ app_init ] --END-- [ RunTime:0.000391s ]
ERR: 无法加载模块:Uploads

[ 2016-11-03T08:37:16+08:00 ] 219.147.31.174 /uploads/2016-10-17/5804dd484c66e.jpg
INFO: [ app_init ] --START--
INFO: Run Behavior\BuildLiteBehavior [ RunTime:0.000017s ]
INFO: [ app_init ] --END-- [ RunTime:0.000408s ]
ERR: 无法加载模块:Uploads

[ 2016-11-03T08:37:17+08:00 ] 219.147.31.174 /uploads/2016-10-17/5804dd484c66e.jpg
INFO: [ app_init ] --START--
INFO: Run Behavior\BuildLiteBehavior [ RunTime:0.000023s ]
INFO: [ app_init ] --END-- [ RunTime:0.000439s ]
ERR: 无法加载模块:Uploads

[ 2016-11-03T08:37:17+08:00 ] 219.147.31.174 /uploads/2016-10-17/5804dcf2a73ee.jpg
INFO: [ app_init ] --START--
INFO: Run Behavior\BuildLiteBehavior [ RunTime:0.000017s ]
INFO: [ app_init ] --END-- [ RunTime:0.000387s ]
ERR: 无法加载模块:Uploads

[ 2016-11-03T08:37:17+08:00 ] 219.147.31.174 /uploads/2016-10-17/5804dcb41af8b.jpg
INFO: [ app_init ] --START--
INFO: Run Behavior\BuildLiteBehavior [ RunTime:0.000023s ]
INFO: [ app_init ] --END-- [ RunTime:0.000498s ]
ERR: 无法加载模块:Uploads

[ 2016-11-03T08:37:20+08:00 ] 219.147.31.174 /uploads/2016-10-17/5804dcf2a73ee.jpg
INFO: [ app_init ] --START--
INFO: Run Behavior\BuildLiteBehavior [ RunTime:0.000016s ]
INFO: [ app_init ] --END-- [ RunTime:0.000390s ]
ERR: 无法加载模块:Uploads

[ 2016-11-03T08:37:20+08:00 ] 219.147.31.174 /uploads/2016-10-17/5804dd484c66e.jpg
INFO: [ app_init ] --START--
INFO: Run Behavior\BuildLiteBehavior [ RunTime:0.000021s ]
INFO: [ app_init ] --END-- [ RunTime:0.004460s ]
ERR: 无法加载模块:Uploads

[ 2016-11-03T08:37:20+08:00 ] 219.147.31.174 /uploads/2016-10-17/5804dcb41af8b.jpg
INFO: [ app_init ] --START--
INFO: Run Behavior\BuildLiteBehavior [ RunTime:0.000017s ]
INFO: [ app_init ] --END-- [ RunTime:0.001623s ]
ERR: 无法加载模块:Uploads

[ 2016-11-03T08:37:25+08:00 ] 219.147.31.174 /favicon.ico
INFO: [ app_init ] --START--
INFO: Run Behavior\BuildLiteBehavior [ RunTime:0.000019s ]
INFO: [ app_init ] --END-- [ RunTime:0.000442s ]
ERR: 无法加载模块:Favicon

[ 2016-11-03T08:37:42+08:00 ] 219.147.31.174 /uploads/2016-10-17/5804dcf2a73ee.jpg
INFO: [ app_init ] --START--
INFO: Run Behavior\BuildLiteBehavior [ RunTime:0.000016s ]
INFO: [ app_init ] --END-- [ RunTime:0.000399s ]
ERR: 无法加载模块:Uploads

[ 2016-11-03T08:37:42+08:00 ] 219.147.31.174 /uploads/2016-10-17/5804dd484c66e.jpg
INFO: [ app_init ] --START--
INFO: Run Behavior\BuildLiteBehavior [ RunTime:0.000022s ]
INFO: [ app_init ] --END-- [ RunTime:0.004334s ]
ERR: 无法加载模块:Uploads

[ 2016-11-03T08:37:42+08:00 ] 219.147.31.174 /uploads/2016-10-17/5804dcb41af8b.jpg
INFO: [ app_init ] --START--
INFO: Run Behavior\BuildLiteBehavior [ RunTime:0.000016s ]
INFO: [ app_init ] --END-- [ RunTime:0.000405s ]
ERR: 无法加载模块:Uploads

[ 2016-11-03T08:37:44+08:00 ] 219.147.31.174 /uploads/2016-10-17/5804dcb41af8b.jpg
INFO: [ app_init ] --START--
INFO: Run Behavior\BuildLiteBehavior [ RunTime:0.000018s ]
INFO: [ app_init ] --END-- [ RunTime:0.000422s ]
ERR: 无法加载模块:Uploads

[ 2016-11-03T08:37:44+08:00 ] 219.147.31.174 /uploads/2016-10-17/5804dd484c66e.jpg
INFO: [ app_init ] --START--
INFO: Run Behavior\BuildLiteBehavior [ RunTime:0.000021s ]
INFO: [ app_init ] --END-- [ RunTime:0.000428s ]
ERR: 无法加载模块:Uploads

[ 2016-11-03T08:37:44+08:00 ] 219.147.31.174 /uploads/2016-10-17/5804dcf2a73ee.jpg
INFO: [ app_init ] --START--
INFO: Run Behavior\BuildLiteBehavior [ RunTime:0.000016s ]
INFO: [ app_init ] --END-- [ RunTime:0.000392s ]
ERR: 无法加载模块:Uploads

[ 2016-11-03T08:38:27+08:00 ] 219.147.31.174 /uploads/2016-10-17/5804dcb41af8b.jpg
INFO: [ app_init ] --START--
INFO: Run Behavior\BuildLiteBehavior [ RunTime:0.000021s ]
INFO: [ app_init ] --END-- [ RunTime:0.000434s ]
ERR: 无法加载模块:Uploads

[ 2016-11-03T08:38:27+08:00 ] 219.147.31.174 /uploads/2016-10-17/5804dd484c66e.jpg
INFO: [ app_init ] --START--
INFO: Run Behavior\BuildLiteBehavior [ RunTime:0.000024s ]
INFO: [ app_init ] --END-- [ RunTime:0.000461s ]
ERR: 无法加载模块:Uploads

[ 2016-11-03T08:38:27+08:00 ] 219.147.31.174 /uploads/2016-10-17/5804dcf2a73ee.jpg
INFO: [ app_init ] --START--
INFO: Run Behavior\BuildLiteBehavior [ RunTime:0.000023s ]
INFO: [ app_init ] --END-- [ RunTime:0.000457s ]
ERR: 无法加载模块:Uploads

[ 2016-11-03T08:38:29+08:00 ] 219.147.31.174 /uploads/2016-10-17/5804dcb41af8b.jpg
INFO: [ app_init ] --START--
INFO: Run Behavior\BuildLiteBehavior [ RunTime:0.000021s ]
INFO: [ app_init ] --END-- [ RunTime:0.000424s ]
ERR: 无法加载模块:Uploads

[ 2016-11-03T08:38:29+08:00 ] 219.147.31.174 /uploads/2016-10-17/5804dcf2a73ee.jpg
INFO: [ app_init ] --START--
INFO: Run Behavior\BuildLiteBehavior [ RunTime:0.000016s ]
INFO: [ app_init ] --END-- [ RunTime:0.003083s ]
ERR: 无法加载模块:Uploads

[ 2016-11-03T08:38:29+08:00 ] 219.147.31.174 /uploads/2016-10-17/5804dd484c66e.jpg
INFO: [ app_init ] --START--
INFO: Run Behavior\BuildLiteBehavior [ RunTime:0.000021s ]
INFO: [ app_init ] --END-- [ RunTime:0.000444s ]
ERR: 无法加载模块:Uploads

[ 2016-11-03T08:38:31+08:00 ] 219.147.31.174 /uploads/2016-10-17/5804dcb41af8b.jpg
INFO: [ app_init ] --START--
INFO: Run Behavior\BuildLiteBehavior [ RunTime:0.000025s ]
INFO: [ app_init ] --END-- [ RunTime:0.007510s ]
ERR: 无法加载模块:Uploads

[ 2016-11-03T08:38:31+08:00 ] 219.147.31.174 /uploads/2016-10-17/5804dcf2a73ee.jpg
INFO: [ app_init ] --START--
INFO: Run Behavior\BuildLiteBehavior [ RunTime:0.000021s ]
INFO: [ app_init ] --END-- [ RunTime:0.000426s ]
ERR: 无法加载模块:Uploads

[ 2016-11-03T08:38:31+08:00 ] 219.147.31.174 /uploads/2016-10-17/5804dd484c66e.jpg
INFO: [ app_init ] --START--
INFO: Run Behavior\BuildLiteBehavior [ RunTime:0.000017s ]
INFO: [ app_init ] --END-- [ RunTime:0.000418s ]
ERR: 无法加载模块:Uploads

[ 2016-11-03T08:38:32+08:00 ] 219.147.31.174 /uploads/2016-10-17/5804dcb41af8b.jpg
INFO: [ app_init ] --START--
INFO: Run Behavior\BuildLiteBehavior [ RunTime:0.000019s ]
INFO: [ app_init ] --END-- [ RunTime:0.000430s ]
ERR: 无法加载模块:Uploads

[ 2016-11-03T08:38:32+08:00 ] 219.147.31.174 /uploads/2016-10-17/5804dcf2a73ee.jpg
INFO: [ app_init ] --START--
INFO: Run Behavior\BuildLiteBehavior [ RunTime:0.000020s ]
INFO: [ app_init ] --END-- [ RunTime:0.001673s ]
ERR: 无法加载模块:Uploads

[ 2016-11-03T08:38:32+08:00 ] 219.147.31.174 /uploads/2016-10-17/5804dd484c66e.jpg
INFO: [ app_init ] --START--
INFO: Run Behavior\BuildLiteBehavior [ RunTime:0.000015s ]
INFO: [ app_init ] --END-- [ RunTime:0.000379s ]
ERR: 无法加载模块:Uploads

[ 2016-11-03T08:38:38+08:00 ] 219.147.31.174 /uploads/2016-10-17/5804dcb41af8b.jpg
INFO: [ app_init ] --START--
INFO: Run Behavior\BuildLiteBehavior [ RunTime:0.000023s ]
INFO: [ app_init ] --END-- [ RunTime:0.000467s ]
ERR: 无法加载模块:Uploads

[ 2016-11-03T08:38:38+08:00 ] 219.147.31.174 /uploads/2016-10-17/5804dcf2a73ee.jpg
INFO: [ app_init ] --START--
INFO: Run Behavior\BuildLiteBehavior [ RunTime:0.000025s ]
INFO: [ app_init ] --END-- [ RunTime:0.000508s ]
ERR: 无法加载模块:Uploads

[ 2016-11-03T08:38:38+08:00 ] 219.147.31.174 /uploads/2016-10-17/5804dd484c66e.jpg
INFO: [ app_init ] --START--
INFO: Run Behavior\BuildLiteBehavior [ RunTime:0.000020s ]
INFO: [ app_init ] --END-- [ RunTime:0.000456s ]
ERR: 无法加载模块:Uploads

[ 2016-11-03T08:38:40+08:00 ] 219.147.31.174 /uploads/2016-10-17/5804dcb41af8b.jpg
INFO: [ app_init ] --START--
INFO: Run Behavior\BuildLiteBehavior [ RunTime:0.000022s ]
INFO: [ app_init ] --END-- [ RunTime:0.000438s ]
ERR: 无法加载模块:Uploads

[ 2016-11-03T08:38:40+08:00 ] 219.147.31.174 /uploads/2016-10-17/5804dd484c66e.jpg
INFO: [ app_init ] --START--
INFO: Run Behavior\BuildLiteBehavior [ RunTime:0.000017s ]
INFO: [ app_init ] --END-- [ RunTime:0.000386s ]
ERR: 无法加载模块:Uploads

[ 2016-11-03T08:38:40+08:00 ] 219.147.31.174 /uploads/2016-10-17/5804dcf2a73ee.jpg
INFO: [ app_init ] --START--
INFO: Run Behavior\BuildLiteBehavior [ RunTime:0.000021s ]
INFO: [ app_init ] --END-- [ RunTime:0.000453s ]
ERR: 无法加载模块:Uploads

[ 2016-11-03T08:38:44+08:00 ] 219.147.31.174 /uploads/2016-10-17/5804dcb41af8b.jpg
INFO: [ app_init ] --START--
INFO: Run Behavior\BuildLiteBehavior [ RunTime:0.000032s ]
INFO: [ app_init ] --END-- [ RunTime:0.002356s ]
ERR: 无法加载模块:Uploads

[ 2016-11-03T08:38:44+08:00 ] 219.147.31.174 /uploads/2016-10-17/5804dd484c66e.jpg
INFO: [ app_init ] --START--
INFO: Run Behavior\BuildLiteBehavior [ RunTime:0.000015s ]
INFO: [ app_init ] --END-- [ RunTime:0.001909s ]
ERR: 无法加载模块:Uploads

[ 2016-11-03T08:38:44+08:00 ] 219.147.31.174 /uploads/2016-10-17/5804dcf2a73ee.jpg
INFO: [ app_init ] --START--
INFO: Run Behavior\BuildLiteBehavior [ RunTime:0.000019s ]
INFO: [ app_init ] --END-- [ RunTime:0.000429s ]
ERR: 无法加载模块:Uploads

[ 2016-11-03T08:40:10+08:00 ] 219.147.31.174 /uploads/2016-10-17/5804dcb41af8b.jpg
INFO: [ app_init ] --START--
INFO: Run Behavior\BuildLiteBehavior [ RunTime:0.000023s ]
INFO: [ app_init ] --END-- [ RunTime:0.000455s ]
ERR: 无法加载模块:Uploads

[ 2016-11-03T08:40:10+08:00 ] 219.147.31.174 /uploads/2016-10-17/5804dd484c66e.jpg
INFO: [ app_init ] --START--
INFO: Run Behavior\BuildLiteBehavior [ RunTime:0.000034s ]
INFO: [ app_init ] --END-- [ RunTime:0.000597s ]
ERR: 无法加载模块:Uploads

[ 2016-11-03T08:40:10+08:00 ] 219.147.31.174 /uploads/2016-10-17/5804dcf2a73ee.jpg
INFO: [ app_init ] --START--
INFO: Run Behavior\BuildLiteBehavior [ RunTime:0.000025s ]
INFO: [ app_init ] --END-- [ RunTime:0.000564s ]
ERR: 无法加载模块:Uploads

[ 2016-11-03T08:40:12+08:00 ] 219.147.31.174 /uploads/2016-10-17/5804dcb41af8b.jpg
INFO: [ app_init ] --START--
INFO: Run Behavior\BuildLiteBehavior [ RunTime:0.000026s ]
INFO: [ app_init ] --END-- [ RunTime:0.004701s ]
ERR: 无法加载模块:Uploads

[ 2016-11-03T08:40:12+08:00 ] 219.147.31.174 /uploads/2016-10-17/5804dcf2a73ee.jpg
INFO: [ app_init ] --START--
INFO: Run Behavior\BuildLiteBehavior [ RunTime:0.000018s ]
INFO: [ app_init ] --END-- [ RunTime:0.000437s ]
ERR: 无法加载模块:Uploads

[ 2016-11-03T08:40:12+08:00 ] 219.147.31.174 /uploads/2016-10-17/5804dd484c66e.jpg
INFO: [ app_init ] --START--
INFO: Run Behavior\BuildLiteBehavior [ RunTime:0.000025s ]
INFO: [ app_init ] --END-- [ RunTime:0.000485s ]
ERR: 无法加载模块:Uploads

[ 2016-11-03T08:40:12+08:00 ] 219.147.31.174 /uploads/2016-10-17/5804dcb41af8b.jpg
INFO: [ app_init ] --START--
INFO: Run Behavior\BuildLiteBehavior [ RunTime:0.000022s ]
INFO: [ app_init ] --END-- [ RunTime:0.000450s ]
ERR: 无法加载模块:Uploads

[ 2016-11-03T08:40:13+08:00 ] 219.147.31.174 /uploads/2016-10-17/5804dcf2a73ee.jpg
INFO: [ app_init ] --START--
INFO: Run Behavior\BuildLiteBehavior [ RunTime:0.000028s ]
INFO: [ app_init ] --END-- [ RunTime:0.003868s ]
ERR: 无法加载模块:Uploads

[ 2016-11-03T08:40:13+08:00 ] 219.147.31.174 /uploads/2016-10-17/5804dd484c66e.jpg
INFO: [ app_init ] --START--
INFO: Run Behavior\BuildLiteBehavior [ RunTime:0.000029s ]
INFO: [ app_init ] --END-- [ RunTime:0.003075s ]
ERR: 无法加载模块:Uploads

[ 2016-11-03T08:41:52+08:00 ] 219.147.31.174 /uploads/2016-10-17/5804dcb41af8b.jpg
INFO: [ app_init ] --START--
INFO: Run Behavior\BuildLiteBehavior [ RunTime:0.000023s ]
INFO: [ app_init ] --END-- [ RunTime:0.000484s ]
ERR: 无法加载模块:Uploads

[ 2016-11-03T08:41:52+08:00 ] 219.147.31.174 /uploads/2016-10-17/5804dd484c66e.jpg
INFO: [ app_init ] --START--
INFO: Run Behavior\BuildLiteBehavior [ RunTime:0.000027s ]
INFO: [ app_init ] --END-- [ RunTime:0.000618s ]
ERR: 无法加载模块:Uploads

[ 2016-11-03T08:41:52+08:00 ] 219.147.31.174 /uploads/2016-10-17/5804dcf2a73ee.jpg
INFO: [ app_init ] --START--
INFO: Run Behavior\BuildLiteBehavior [ RunTime:0.000017s ]
INFO: [ app_init ] --END-- [ RunTime:0.000581s ]
ERR: 无法加载模块:Uploads

[ 2016-11-03T08:42:02+08:00 ] 219.147.31.174 /uploads/2016-10-17/5804dcb41af8b.jpg
INFO: [ app_init ] --START--
INFO: Run Behavior\BuildLiteBehavior [ RunTime:0.000021s ]
INFO: [ app_init ] --END-- [ RunTime:0.000452s ]
ERR: 无法加载模块:Uploads

[ 2016-11-03T08:42:02+08:00 ] 219.147.31.174 /uploads/2016-10-17/5804dcf2a73ee.jpg
INFO: [ app_init ] --START--
INFO: Run Behavior\BuildLiteBehavior [ RunTime:0.000016s ]
INFO: [ app_init ] --END-- [ RunTime:0.004253s ]
ERR: 无法加载模块:Uploads

[ 2016-11-03T08:42:02+08:00 ] 219.147.31.174 /uploads/2016-10-17/5804dd484c66e.jpg
INFO: [ app_init ] --START--
INFO: Run Behavior\BuildLiteBehavior [ RunTime:0.000015s ]
INFO: [ app_init ] --END-- [ RunTime:0.000385s ]
ERR: 无法加载模块:Uploads

[ 2016-11-03T08:42:04+08:00 ] 219.147.31.174 /uploads/2016-10-17/5804dd484c66e.jpg
INFO: [ app_init ] --START--
INFO: Run Behavior\BuildLiteBehavior [ RunTime:0.000018s ]
INFO: [ app_init ] --END-- [ RunTime:0.000417s ]
ERR: 无法加载模块:Uploads

[ 2016-11-03T08:42:04+08:00 ] 219.147.31.174 /uploads/2016-10-17/5804dcf2a73ee.jpg
INFO: [ app_init ] --START--
INFO: Run Behavior\BuildLiteBehavior [ RunTime:0.000025s ]
INFO: [ app_init ] --END-- [ RunTime:0.000472s ]
ERR: 无法加载模块:Uploads

[ 2016-11-03T08:42:04+08:00 ] 219.147.31.174 /uploads/2016-10-17/5804dcb41af8b.jpg
INFO: [ app_init ] --START--
INFO: Run Behavior\BuildLiteBehavior [ RunTime:0.000026s ]
INFO: [ app_init ] --END-- [ RunTime:0.000523s ]
ERR: 无法加载模块:Uploads

[ 2016-11-03T08:42:05+08:00 ] 219.147.31.174 /uploads/2016-10-17/5804dcb41af8b.jpg
INFO: [ app_init ] --START--
INFO: Run Behavior\BuildLiteBehavior [ RunTime:0.000022s ]
INFO: [ app_init ] --END-- [ RunTime:0.000428s ]
ERR: 无法加载模块:Uploads

[ 2016-11-03T08:42:05+08:00 ] 219.147.31.174 /uploads/2016-10-17/5804dcf2a73ee.jpg
INFO: [ app_init ] --START--
INFO: Run Behavior\BuildLiteBehavior [ RunTime:0.000016s ]
INFO: [ app_init ] --END-- [ RunTime:0.004434s ]
ERR: 无法加载模块:Uploads

[ 2016-11-03T08:42:05+08:00 ] 219.147.31.174 /uploads/2016-10-17/5804dd484c66e.jpg
INFO: [ app_init ] --START--
INFO: Run Behavior\BuildLiteBehavior [ RunTime:0.000017s ]
INFO: [ app_init ] --END-- [ RunTime:0.000394s ]
ERR: 无法加载模块:Uploads

[ 2016-11-03T08:42:07+08:00 ] 219.147.31.174 /uploads/2016-10-17/5804dd484c66e.jpg
INFO: [ app_init ] --START--
INFO: Run Behavior\BuildLiteBehavior [ RunTime:0.000024s ]
INFO: [ app_init ] --END-- [ RunTime:0.000432s ]
ERR: 无法加载模块:Uploads

[ 2016-11-03T08:42:07+08:00 ] 219.147.31.174 /uploads/2016-10-17/5804dcf2a73ee.jpg
INFO: [ app_init ] --START--
INFO: Run Behavior\BuildLiteBehavior [ RunTime:0.000016s ]
INFO: [ app_init ] --END-- [ RunTime:0.000397s ]
ERR: 无法加载模块:Uploads

[ 2016-11-03T08:42:07+08:00 ] 219.147.31.174 /uploads/2016-10-17/5804dcb41af8b.jpg
INFO: [ app_init ] --START--
INFO: Run Behavior\BuildLiteBehavior [ RunTime:0.000017s ]
INFO: [ app_init ] --END-- [ RunTime:0.000412s ]
ERR: 无法加载模块:Uploads

[ 2016-11-03T08:42:33+08:00 ] 219.147.31.174 /uploads/2016-10-17/5804dcb41af8b.jpg
INFO: [ app_init ] --START--
INFO: Run Behavior\BuildLiteBehavior [ RunTime:0.005715s ]
INFO: [ app_init ] --END-- [ RunTime:0.006155s ]
ERR: 无法加载模块:Uploads

[ 2016-11-03T08:42:34+08:00 ] 219.147.31.174 /uploads/2016-10-17/5804dd484c66e.jpg
INFO: [ app_init ] --START--
INFO: Run Behavior\BuildLiteBehavior [ RunTime:0.000023s ]
INFO: [ app_init ] --END-- [ RunTime:0.000444s ]
ERR: 无法加载模块:Uploads

[ 2016-11-03T08:42:34+08:00 ] 219.147.31.174 /uploads/2016-10-17/5804dcf2a73ee.jpg
INFO: [ app_init ] --START--
INFO: Run Behavior\BuildLiteBehavior [ RunTime:0.000018s ]
INFO: [ app_init ] --END-- [ RunTime:0.000466s ]
ERR: 无法加载模块:Uploads

[ 2016-11-03T08:42:35+08:00 ] 219.147.31.174 /uploads/2016-10-17/5804dcb41af8b.jpg
INFO: [ app_init ] --START--
INFO: Run Behavior\BuildLiteBehavior [ RunTime:0.000019s ]
INFO: [ app_init ] --END-- [ RunTime:0.000440s ]
ERR: 无法加载模块:Uploads

[ 2016-11-03T08:42:35+08:00 ] 219.147.31.174 /uploads/2016-10-17/5804dd484c66e.jpg
INFO: [ app_init ] --START--
INFO: Run Behavior\BuildLiteBehavior [ RunTime:0.000019s ]
INFO: [ app_init ] --END-- [ RunTime:0.004833s ]
ERR: 无法加载模块:Uploads

[ 2016-11-03T08:42:35+08:00 ] 219.147.31.174 /uploads/2016-10-17/5804dcf2a73ee.jpg
INFO: [ app_init ] --START--
INFO: Run Behavior\BuildLiteBehavior [ RunTime:0.000018s ]
INFO: [ app_init ] --END-- [ RunTime:0.003263s ]
ERR: 无法加载模块:Uploads

[ 2016-11-03T08:42:37+08:00 ] 219.147.31.174 /uploads/2016-10-17/5804dd484c66e.jpg
INFO: [ app_init ] --START--
INFO: Run Behavior\BuildLiteBehavior [ RunTime:0.000022s ]
INFO: [ app_init ] --END-- [ RunTime:0.000424s ]
ERR: 无法加载模块:Uploads

[ 2016-11-03T08:42:37+08:00 ] 219.147.31.174 /uploads/2016-10-17/5804dcf2a73ee.jpg
INFO: [ app_init ] --START--
INFO: Run Behavior\BuildLiteBehavior [ RunTime:0.002636s ]
INFO: [ app_init ] --END-- [ RunTime:0.003017s ]
ERR: 无法加载模块:Uploads

[ 2016-11-03T08:42:37+08:00 ] 219.147.31.174 /uploads/2016-10-17/5804dcb41af8b.jpg
INFO: [ app_init ] --START--
INFO: Run Behavior\BuildLiteBehavior [ RunTime:0.000023s ]
INFO: [ app_init ] --END-- [ RunTime:0.007458s ]
ERR: 无法加载模块:Uploads

[ 2016-11-03T08:42:38+08:00 ] 219.147.31.174 /uploads/2016-10-17/5804dcb41af8b.jpg
INFO: [ app_init ] --START--
INFO: Run Behavior\BuildLiteBehavior [ RunTime:0.000026s ]
INFO: [ app_init ] --END-- [ RunTime:0.000472s ]
ERR: 无法加载模块:Uploads

[ 2016-11-03T08:42:38+08:00 ] 219.147.31.174 /uploads/2016-10-17/5804dcf2a73ee.jpg
INFO: [ app_init ] --START--
INFO: Run Behavior\BuildLiteBehavior [ RunTime:0.000017s ]
INFO: [ app_init ] --END-- [ RunTime:0.000415s ]
ERR: 无法加载模块:Uploads

[ 2016-11-03T08:42:38+08:00 ] 219.147.31.174 /uploads/2016-10-17/5804dd484c66e.jpg
INFO: [ app_init ] --START--
INFO: Run Behavior\BuildLiteBehavior [ RunTime:0.000018s ]
INFO: [ app_init ] --END-- [ RunTime:0.000420s ]
ERR: 无法加载模块:Uploads

[ 2016-11-03T08:42:40+08:00 ] 219.147.31.174 /uploads/2016-10-17/5804dcb41af8b.jpg
INFO: [ app_init ] --START--
INFO: Run Behavior\BuildLiteBehavior [ RunTime:0.000034s ]
INFO: [ app_init ] --END-- [ RunTime:0.004528s ]
ERR: 无法加载模块:Uploads

[ 2016-11-03T08:42:40+08:00 ] 219.147.31.174 /uploads/2016-10-17/5804dd484c66e.jpg
INFO: [ app_init ] --START--
INFO: Run Behavior\BuildLiteBehavior [ RunTime:0.000020s ]
INFO: [ app_init ] --END-- [ RunTime:0.001586s ]
ERR: 无法加载模块:Uploads

[ 2016-11-03T08:42:40+08:00 ] 219.147.31.174 /uploads/2016-10-17/5804dcf2a73ee.jpg
INFO: [ app_init ] --START--
INFO: Run Behavior\BuildLiteBehavior [ RunTime:0.000027s ]
INFO: [ app_init ] --END-- [ RunTime:0.005516s ]
ERR: 无法加载模块:Uploads

[ 2016-11-03T08:42:42+08:00 ] 219.147.31.174 /uploads/2016-10-17/5804dcb41af8b.jpg
INFO: [ app_init ] --START--
INFO: Run Behavior\BuildLiteBehavior [ RunTime:0.000025s ]
INFO: [ app_init ] --END-- [ RunTime:0.000484s ]
ERR: 无法加载模块:Uploads

[ 2016-11-03T08:42:42+08:00 ] 219.147.31.174 /uploads/2016-10-17/5804dd484c66e.jpg
INFO: [ app_init ] --START--
INFO: Run Behavior\BuildLiteBehavior [ RunTime:0.000030s ]
INFO: [ app_init ] --END-- [ RunTime:0.000460s ]
ERR: 无法加载模块:Uploads

[ 2016-11-03T08:42:42+08:00 ] 219.147.31.174 /uploads/2016-10-17/5804dcf2a73ee.jpg
INFO: [ app_init ] --START--
INFO: Run Behavior\BuildLiteBehavior [ RunTime:0.000017s ]
INFO: [ app_init ] --END-- [ RunTime:0.000422s ]
ERR: 无法加载模块:Uploads

[ 2016-11-03T08:42:43+08:00 ] 219.147.31.174 /uploads/2016-10-17/5804dd484c66e.jpg
INFO: [ app_init ] --START--
INFO: Run Behavior\BuildLiteBehavior [ RunTime:0.000019s ]
INFO: [ app_init ] --END-- [ RunTime:0.000421s ]
ERR: 无法加载模块:Uploads

[ 2016-11-03T08:42:43+08:00 ] 219.147.31.174 /uploads/2016-10-17/5804dcb41af8b.jpg
INFO: [ app_init ] --START--
INFO: Run Behavior\BuildLiteBehavior [ RunTime:0.000022s ]
INFO: [ app_init ] --END-- [ RunTime:0.002475s ]
ERR: 无法加载模块:Uploads

[ 2016-11-03T08:42:43+08:00 ] 219.147.31.174 /uploads/2016-10-17/5804dcf2a73ee.jpg
INFO: [ app_init ] --START--
INFO: Run Behavior\BuildLiteBehavior [ RunTime:0.000020s ]
INFO: [ app_init ] --END-- [ RunTime:0.000433s ]
ERR: 无法加载模块:Uploads

[ 2016-11-03T08:42:45+08:00 ] 219.147.31.174 /uploads/2016-10-17/5804dcb41af8b.jpg
INFO: [ app_init ] --START--
INFO: Run Behavior\BuildLiteBehavior [ RunTime:0.000017s ]
INFO: [ app_init ] --END-- [ RunTime:0.000417s ]
ERR: 无法加载模块:Uploads

[ 2016-11-03T08:42:45+08:00 ] 219.147.31.174 /uploads/2016-10-17/5804dd484c66e.jpg
INFO: [ app_init ] --START--
INFO: Run Behavior\BuildLiteBehavior [ RunTime:0.000023s ]
INFO: [ app_init ] --END-- [ RunTime:0.000441s ]
ERR: 无法加载模块:Uploads

[ 2016-11-03T08:42:45+08:00 ] 219.147.31.174 /uploads/2016-10-17/5804dcf2a73ee.jpg
INFO: [ app_init ] --START--
INFO: Run Behavior\BuildLiteBehavior [ RunTime:0.000018s ]
INFO: [ app_init ] --END-- [ RunTime:0.000398s ]
ERR: 无法加载模块:Uploads

[ 2016-11-03T08:42:48+08:00 ] 219.147.31.174 /uploads/2016-10-17/5804dd484c66e.jpg
INFO: [ app_init ] --START--
INFO: Run Behavior\BuildLiteBehavior [ RunTime:0.000018s ]
INFO: [ app_init ] --END-- [ RunTime:0.000418s ]
ERR: 无法加载模块:Uploads

[ 2016-11-03T08:42:48+08:00 ] 219.147.31.174 /uploads/2016-10-17/5804dcf2a73ee.jpg
INFO: [ app_init ] --START--
INFO: Run Behavior\BuildLiteBehavior [ RunTime:0.000019s ]
INFO: [ app_init ] --END-- [ RunTime:0.000426s ]
ERR: 无法加载模块:Uploads

[ 2016-11-03T08:42:48+08:00 ] 219.147.31.174 /uploads/2016-10-17/5804dcb41af8b.jpg
INFO: [ app_init ] --START--
INFO: Run Behavior\BuildLiteBehavior [ RunTime:0.000028s ]
INFO: [ app_init ] --END-- [ RunTime:0.000690s ]
ERR: 无法加载模块:Uploads

[ 2016-11-03T08:42:52+08:00 ] 219.147.31.174 /uploads/2016-10-17/5804dcf2a73ee.jpg
INFO: [ app_init ] --START--
INFO: Run Behavior\BuildLiteBehavior [ RunTime:0.000026s ]
INFO: [ app_init ] --END-- [ RunTime:0.003570s ]
ERR: 无法加载模块:Uploads

[ 2016-11-03T08:42:52+08:00 ] 219.147.31.174 /uploads/2016-10-17/5804dcb41af8b.jpg
INFO: [ app_init ] --START--
INFO: Run Behavior\BuildLiteBehavior [ RunTime:0.000021s ]
INFO: [ app_init ] --END-- [ RunTime:0.006496s ]
ERR: 无法加载模块:Uploads

[ 2016-11-03T08:42:52+08:00 ] 219.147.31.174 /uploads/2016-10-17/5804dd484c66e.jpg
INFO: [ app_init ] --START--
INFO: Run Behavior\BuildLiteBehavior [ RunTime:0.000023s ]
INFO: [ app_init ] --END-- [ RunTime:0.000539s ]
ERR: 无法加载模块:Uploads

[ 2016-11-03T08:42:53+08:00 ] 219.147.31.174 /uploads/2016-10-17/5804dcb41af8b.jpg
INFO: [ app_init ] --START--
INFO: Run Behavior\BuildLiteBehavior [ RunTime:0.000022s ]
INFO: [ app_init ] --END-- [ RunTime:0.003272s ]
ERR: 无法加载模块:Uploads

[ 2016-11-03T08:42:53+08:00 ] 219.147.31.174 /uploads/2016-10-17/5804dd484c66e.jpg
INFO: [ app_init ] --START--
INFO: Run Behavior\BuildLiteBehavior [ RunTime:0.000016s ]
INFO: [ app_init ] --END-- [ RunTime:0.000407s ]
ERR: 无法加载模块:Uploads

[ 2016-11-03T08:42:53+08:00 ] 219.147.31.174 /uploads/2016-10-17/5804dcf2a73ee.jpg
INFO: [ app_init ] --START--
INFO: Run Behavior\BuildLiteBehavior [ RunTime:0.000021s ]
INFO: [ app_init ] --END-- [ RunTime:0.000466s ]
ERR: 无法加载模块:Uploads

[ 2016-11-03T08:42:54+08:00 ] 219.147.31.174 /uploads/2016-10-17/5804dcb41af8b.jpg
INFO: [ app_init ] --START--
INFO: Run Behavior\BuildLiteBehavior [ RunTime:0.000024s ]
INFO: [ app_init ] --END-- [ RunTime:0.000447s ]
ERR: 无法加载模块:Uploads

[ 2016-11-03T08:42:54+08:00 ] 219.147.31.174 /uploads/2016-10-17/5804dd484c66e.jpg
INFO: [ app_init ] --START--
INFO: Run Behavior\BuildLiteBehavior [ RunTime:0.000018s ]
INFO: [ app_init ] --END-- [ RunTime:0.000417s ]
ERR: 无法加载模块:Uploads

[ 2016-11-03T08:42:54+08:00 ] 219.147.31.174 /uploads/2016-10-17/5804dcf2a73ee.jpg
INFO: [ app_init ] --START--
INFO: Run Behavior\BuildLiteBehavior [ RunTime:0.000017s ]
INFO: [ app_init ] --END-- [ RunTime:0.000424s ]
ERR: 无法加载模块:Uploads

[ 2016-11-03T08:42:57+08:00 ] 219.147.31.174 /uploads/2016-10-17/5804dcf2a73ee.jpg
INFO: [ app_init ] --START--
INFO: Run Behavior\BuildLiteBehavior [ RunTime:0.000016s ]
INFO: [ app_init ] --END-- [ RunTime:0.000435s ]
ERR: 无法加载模块:Uploads

[ 2016-11-03T08:42:57+08:00 ] 219.147.31.174 /uploads/2016-10-17/5804dcb41af8b.jpg
INFO: [ app_init ] --START--
INFO: Run Behavior\BuildLiteBehavior [ RunTime:0.000017s ]
INFO: [ app_init ] --END-- [ RunTime:0.000400s ]
ERR: 无法加载模块:Uploads

[ 2016-11-03T08:42:57+08:00 ] 219.147.31.174 /uploads/2016-10-17/5804dd484c66e.jpg
INFO: [ app_init ] --START--
INFO: Run Behavior\BuildLiteBehavior [ RunTime:0.000023s ]
INFO: [ app_init ] --END-- [ RunTime:0.000490s ]
ERR: 无法加载模块:Uploads

[ 2016-11-03T08:42:58+08:00 ] 219.147.31.174 /uploads/2016-10-17/5804dcb41af8b.jpg
INFO: [ app_init ] --START--
INFO: Run Behavior\BuildLiteBehavior [ RunTime:0.000024s ]
INFO: [ app_init ] --END-- [ RunTime:0.000433s ]
ERR: 无法加载模块:Uploads

[ 2016-11-03T08:42:58+08:00 ] 219.147.31.174 /uploads/2016-10-17/5804dcf2a73ee.jpg
INFO: [ app_init ] --START--
INFO: Run Behavior\BuildLiteBehavior [ RunTime:0.000018s ]
INFO: [ app_init ] --END-- [ RunTime:0.004502s ]
ERR: 无法加载模块:Uploads

[ 2016-11-03T08:42:59+08:00 ] 219.147.31.174 /uploads/2016-10-17/5804dd484c66e.jpg
INFO: [ app_init ] --START--
INFO: Run Behavior\BuildLiteBehavior [ RunTime:0.000024s ]
INFO: [ app_init ] --END-- [ RunTime:0.000643s ]
ERR: 无法加载模块:Uploads

[ 2016-11-03T08:43:00+08:00 ] 219.147.31.174 /uploads/2016-10-17/5804dd484c66e.jpg
INFO: [ app_init ] --START--
INFO: Run Behavior\BuildLiteBehavior [ RunTime:0.000018s ]
INFO: [ app_init ] --END-- [ RunTime:0.000412s ]
ERR: 无法加载模块:Uploads

[ 2016-11-03T08:43:00+08:00 ] 219.147.31.174 /uploads/2016-10-17/5804dcb41af8b.jpg
INFO: [ app_init ] --START--
INFO: Run Behavior\BuildLiteBehavior [ RunTime:0.000025s ]
INFO: [ app_init ] --END-- [ RunTime:0.000462s ]
ERR: 无法加载模块:Uploads

[ 2016-11-03T08:43:00+08:00 ] 219.147.31.174 /uploads/2016-10-17/5804dcf2a73ee.jpg
INFO: [ app_init ] --START--
INFO: Run Behavior\BuildLiteBehavior [ RunTime:0.000024s ]
INFO: [ app_init ] --END-- [ RunTime:0.005674s ]
ERR: 无法加载模块:Uploads

[ 2016-11-03T08:44:40+08:00 ] 219.147.31.174 /uploads/2016-10-17/5804dcf2a73ee.jpg
INFO: [ app_init ] --START--
INFO: Run Behavior\BuildLiteBehavior [ RunTime:0.000022s ]
INFO: [ app_init ] --END-- [ RunTime:0.000435s ]
ERR: 无法加载模块:Uploads

[ 2016-11-03T08:44:40+08:00 ] 219.147.31.174 /uploads/2016-10-17/5804dd484c66e.jpg
INFO: [ app_init ] --START--
INFO: Run Behavior\BuildLiteBehavior [ RunTime:0.000017s ]
INFO: [ app_init ] --END-- [ RunTime:0.000466s ]
ERR: 无法加载模块:Uploads

[ 2016-11-03T08:44:40+08:00 ] 219.147.31.174 /uploads/2016-10-17/5804dcb41af8b.jpg
INFO: [ app_init ] --START--
INFO: Run Behavior\BuildLiteBehavior [ RunTime:0.000019s ]
INFO: [ app_init ] --END-- [ RunTime:0.004177s ]
ERR: 无法加载模块:Uploads

[ 2016-11-03T08:44:42+08:00 ] 219.147.31.174 /uploads/2016-10-17/5804dcf2a73ee.jpg
INFO: [ app_init ] --START--
INFO: Run Behavior\BuildLiteBehavior [ RunTime:0.000018s ]
INFO: [ app_init ] --END-- [ RunTime:0.000404s ]
ERR: 无法加载模块:Uploads

[ 2016-11-03T08:44:42+08:00 ] 219.147.31.174 /uploads/2016-10-17/5804dd484c66e.jpg
INFO: [ app_init ] --START--
INFO: Run Behavior\BuildLiteBehavior [ RunTime:0.000024s ]
INFO: [ app_init ] --END-- [ RunTime:0.000450s ]
ERR: 无法加载模块:Uploads

[ 2016-11-03T08:44:42+08:00 ] 219.147.31.174 /uploads/2016-10-17/5804dcb41af8b.jpg
INFO: [ app_init ] --START--
INFO: Run Behavior\BuildLiteBehavior [ RunTime:0.000017s ]
INFO: [ app_init ] --END-- [ RunTime:0.000426s ]
ERR: 无法加载模块:Uploads

[ 2016-11-03T08:44:43+08:00 ] 219.147.31.174 /uploads/2016-10-17/5804dcb41af8b.jpg
INFO: [ app_init ] --START--
INFO: Run Behavior\BuildLiteBehavior [ RunTime:0.000020s ]
INFO: [ app_init ] --END-- [ RunTime:0.000559s ]
ERR: 无法加载模块:Uploads

[ 2016-11-03T08:44:43+08:00 ] 219.147.31.174 /uploads/2016-10-17/5804dd484c66e.jpg
INFO: [ app_init ] --START--
INFO: Run Behavior\BuildLiteBehavior [ RunTime:0.000018s ]
INFO: [ app_init ] --END-- [ RunTime:0.000464s ]
ERR: 无法加载模块:Uploads

[ 2016-11-03T08:44:43+08:00 ] 219.147.31.174 /uploads/2016-10-17/5804dcf2a73ee.jpg
INFO: [ app_init ] --START--
INFO: Run Behavior\BuildLiteBehavior [ RunTime:0.000020s ]
INFO: [ app_init ] --END-- [ RunTime:0.000422s ]
ERR: 无法加载模块:Uploads

[ 2016-11-03T08:45:22+08:00 ] 219.147.31.174 /uploads/2016-10-17/5804dcb41af8b.jpg
INFO: [ app_init ] --START--
INFO: Run Behavior\BuildLiteBehavior [ RunTime:0.000022s ]
INFO: [ app_init ] --END-- [ RunTime:0.000471s ]
ERR: 无法加载模块:Uploads

[ 2016-11-03T08:45:22+08:00 ] 219.147.31.174 /uploads/2016-10-17/5804dcf2a73ee.jpg
INFO: [ app_init ] --START--
INFO: Run Behavior\BuildLiteBehavior [ RunTime:0.000020s ]
INFO: [ app_init ] --END-- [ RunTime:0.000423s ]
ERR: 无法加载模块:Uploads

[ 2016-11-03T08:45:22+08:00 ] 219.147.31.174 /uploads/2016-10-17/5804dd484c66e.jpg
INFO: [ app_init ] --START--
INFO: Run Behavior\BuildLiteBehavior [ RunTime:0.000016s ]
INFO: [ app_init ] --END-- [ RunTime:0.000383s ]
ERR: 无法加载模块:Uploads

[ 2016-11-03T08:47:11+08:00 ] 221.215.172.211 /uploads/2016-10-17/5804dcb41af8b.jpg
INFO: [ app_init ] --START--
INFO: Run Behavior\BuildLiteBehavior [ RunTime:0.000024s ]
INFO: [ app_init ] --END-- [ RunTime:0.000448s ]
ERR: 无法加载模块:Uploads

[ 2016-11-03T08:47:11+08:00 ] 221.215.172.211 /uploads/2016-10-17/5804dd484c66e.jpg
INFO: [ app_init ] --START--
INFO: Run Behavior\BuildLiteBehavior [ RunTime:0.000018s ]
INFO: [ app_init ] --END-- [ RunTime:0.000416s ]
ERR: 无法加载模块:Uploads

[ 2016-11-03T08:47:11+08:00 ] 221.215.172.211 /uploads/2016-10-17/5804dcf2a73ee.jpg
INFO: [ app_init ] --START--
INFO: Run Behavior\BuildLiteBehavior [ RunTime:0.000015s ]
INFO: [ app_init ] --END-- [ RunTime:0.000386s ]
ERR: 无法加载模块:Uploads

[ 2016-11-03T08:47:14+08:00 ] 221.215.172.211 /uploads/2016-10-17/5804dcb41af8b.jpg
INFO: [ app_init ] --START--
INFO: Run Behavior\BuildLiteBehavior [ RunTime:0.000025s ]
INFO: [ app_init ] --END-- [ RunTime:0.004630s ]
ERR: 无法加载模块:Uploads

[ 2016-11-03T08:47:14+08:00 ] 221.215.172.211 /uploads/2016-10-17/5804dd484c66e.jpg
INFO: [ app_init ] --START--
INFO: Run Behavior\BuildLiteBehavior [ RunTime:0.000017s ]
INFO: [ app_init ] --END-- [ RunTime:0.002446s ]
ERR: 无法加载模块:Uploads

[ 2016-11-03T08:47:14+08:00 ] 221.215.172.211 /uploads/2016-10-17/5804dcf2a73ee.jpg
INFO: [ app_init ] --START--
INFO: Run Behavior\BuildLiteBehavior [ RunTime:0.000018s ]
INFO: [ app_init ] --END-- [ RunTime:0.003460s ]
ERR: 无法加载模块:Uploads

[ 2016-11-03T08:47:16+08:00 ] 221.215.172.211 /uploads/2016-10-17/5804dcf2a73ee.jpg
INFO: [ app_init ] --START--
INFO: Run Behavior\BuildLiteBehavior [ RunTime:0.000016s ]
INFO: [ app_init ] --END-- [ RunTime:0.004439s ]
ERR: 无法加载模块:Uploads

[ 2016-11-03T08:47:16+08:00 ] 221.215.172.211 /uploads/2016-10-17/5804dd484c66e.jpg
INFO: [ app_init ] --START--
INFO: Run Behavior\BuildLiteBehavior [ RunTime:0.000015s ]
INFO: [ app_init ] --END-- [ RunTime:0.000427s ]
ERR: 无法加载模块:Uploads

[ 2016-11-03T08:47:16+08:00 ] 221.215.172.211 /uploads/2016-10-17/5804dcb41af8b.jpg
INFO: [ app_init ] --START--
INFO: Run Behavior\BuildLiteBehavior [ RunTime:0.000020s ]
INFO: [ app_init ] --END-- [ RunTime:0.000428s ]
ERR: 无法加载模块:Uploads

[ 2016-11-03T11:22:54+08:00 ] 121.69.7.98 /favicon.ico
INFO: [ app_init ] --START--
INFO: Run Behavior\BuildLiteBehavior [ RunTime:0.000019s ]
INFO: [ app_init ] --END-- [ RunTime:0.000413s ]
ERR: 无法加载模块:Favicon

[ 2016-11-03T12:13:31+08:00 ] 123.235.105.25 /favicon.ico
INFO: [ app_init ] --START--
INFO: Run Behavior\BuildLiteBehavior [ RunTime:0.000027s ]
INFO: [ app_init ] --END-- [ RunTime:0.000624s ]
ERR: 无法加载模块:Favicon

[ 2016-11-03T12:44:30+08:00 ] 123.235.105.25 /favicon.ico
INFO: [ app_init ] --START--
INFO: Run Behavior\BuildLiteBehavior [ RunTime:0.000018s ]
INFO: [ app_init ] --END-- [ RunTime:0.000404s ]
ERR: 无法加载模块:Favicon

[ 2016-11-03T13:07:17+08:00 ] 123.235.105.25 /favicon.ico
INFO: [ app_init ] --START--
INFO: Run Behavior\BuildLiteBehavior [ RunTime:0.000018s ]
INFO: [ app_init ] --END-- [ RunTime:0.000403s ]
ERR: 无法加载模块:Favicon

[ 2016-11-03T13:59:53+08:00 ] 123.235.105.25 /favicon.ico
INFO: [ app_init ] --START--
INFO: Run Behavior\BuildLiteBehavior [ RunTime:0.000018s ]
INFO: [ app_init ] --END-- [ RunTime:0.000408s ]
ERR: 无法加载模块:Favicon

[ 2016-11-03T14:02:34+08:00 ] 123.235.105.25 /favicon.ico
INFO: [ app_init ] --START--
INFO: Run Behavior\BuildLiteBehavior [ RunTime:0.000019s ]
INFO: [ app_init ] --END-- [ RunTime:0.000407s ]
ERR: 无法加载模块:Favicon

[ 2016-11-03T14:04:44+08:00 ] 123.235.105.25 /favicon.ico
INFO: [ app_init ] --START--
INFO: Run Behavior\BuildLiteBehavior [ RunTime:0.000017s ]
INFO: [ app_init ] --END-- [ RunTime:0.000417s ]
ERR: 无法加载模块:Favicon

[ 2016-11-03T14:04:45+08:00 ] 123.235.105.25 /favicon.ico
INFO: [ app_init ] --START--
INFO: Run Behavior\BuildLiteBehavior [ RunTime:0.000018s ]
INFO: [ app_init ] --END-- [ RunTime:0.000402s ]
ERR: 无法加载模块:Favicon

[ 2016-11-03T14:08:47+08:00 ] 123.235.105.25 /favicon.ico
INFO: [ app_init ] --START--
INFO: Run Behavior\BuildLiteBehavior [ RunTime:0.000019s ]
INFO: [ app_init ] --END-- [ RunTime:0.000445s ]
ERR: 无法加载模块:Favicon

[ 2016-11-03T14:08:47+08:00 ] 123.235.105.25 /favicon.ico
INFO: [ app_init ] --START--
INFO: Run Behavior\BuildLiteBehavior [ RunTime:0.000021s ]
INFO: [ app_init ] --END-- [ RunTime:0.000454s ]
ERR: 无法加载模块:Favicon

[ 2016-11-03T14:08:57+08:00 ] 123.235.105.25 /favicon.ico
INFO: [ app_init ] --START--
INFO: Run Behavior\BuildLiteBehavior [ RunTime:0.000024s ]
INFO: [ app_init ] --END-- [ RunTime:0.000446s ]
ERR: 无法加载模块:Favicon

[ 2016-11-03T14:10:49+08:00 ] 123.235.105.25 /favicon.ico
INFO: [ app_init ] --START--
INFO: Run Behavior\BuildLiteBehavior [ RunTime:0.000020s ]
INFO: [ app_init ] --END-- [ RunTime:0.000821s ]
ERR: 无法加载模块:Favicon

[ 2016-11-03T14:12:37+08:00 ] 123.235.105.25 /favicon.ico
INFO: [ app_init ] --START--
INFO: Run Behavior\BuildLiteBehavior [ RunTime:0.000018s ]
INFO: [ app_init ] --END-- [ RunTime:0.000437s ]
ERR: 无法加载模块:Favicon

[ 2016-11-03T14:12:37+08:00 ] 123.235.105.25 /favicon.ico
INFO: [ app_init ] --START--
INFO: Run Behavior\BuildLiteBehavior [ RunTime:0.000019s ]
INFO: [ app_init ] --END-- [ RunTime:0.000444s ]
ERR: 无法加载模块:Favicon

[ 2016-11-03T15:12:15+08:00 ] 112.254.89.108 /favicon.ico
INFO: [ app_init ] --START--
INFO: Run Behavior\BuildLiteBehavior [ RunTime:0.000022s ]
INFO: [ app_init ] --END-- [ RunTime:0.000434s ]
ERR: 无法加载模块:Favicon

[ 2016-11-03T17:36:17+08:00 ] 219.147.31.174 /favicon.ico
INFO: [ app_init ] --START--
INFO: Run Behavior\BuildLiteBehavior [ RunTime:0.000019s ]
INFO: [ app_init ] --END-- [ RunTime:0.000426s ]
ERR: 无法加载模块:Favicon

[ 2016-11-03T17:40:43+08:00 ] 124.135.51.254 /favicon.ico
INFO: [ app_init ] --START--
INFO: Run Behavior\BuildLiteBehavior [ RunTime:0.000018s ]
INFO: [ app_init ] --END-- [ RunTime:0.000427s ]
ERR: 无法加载模块:Favicon

[ 2016-11-03T17:40:43+08:00 ] 124.135.51.254 /favicon.ico
INFO: [ app_init ] --START--
INFO: Run Behavior\BuildLiteBehavior [ RunTime:0.000018s ]
INFO: [ app_init ] --END-- [ RunTime:0.000411s ]
ERR: 无法加载模块:Favicon

[ 2016-11-03T17:41:20+08:00 ] 124.135.51.254 /favicon.ico
INFO: [ app_init ] --START--
INFO: Run Behavior\BuildLiteBehavior [ RunTime:0.000018s ]
INFO: [ app_init ] --END-- [ RunTime:0.000408s ]
ERR: 无法加载模块:Favicon

[ 2016-11-03T17:41:20+08:00 ] 124.135.51.254 /favicon.ico
INFO: [ app_init ] --START--
INFO: Run Behavior\BuildLiteBehavior [ RunTime:0.000019s ]
INFO: [ app_init ] --END-- [ RunTime:0.000439s ]
ERR: 无法加载模块:Favicon

[ 2016-11-03T17:42:10+08:00 ] 124.135.51.254 /favicon.ico
INFO: [ app_init ] --START--
INFO: Run Behavior\BuildLiteBehavior [ RunTime:0.000018s ]
INFO: [ app_init ] --END-- [ RunTime:0.000450s ]
ERR: 无法加载模块:Favicon

[ 2016-11-03T17:42:10+08:00 ] 124.135.51.254 /favicon.ico
INFO: [ app_init ] --START--
INFO: Run Behavior\BuildLiteBehavior [ RunTime:0.000018s ]
INFO: [ app_init ] --END-- [ RunTime:0.000405s ]
ERR: 无法加载模块:Favicon

[ 2016-11-03T17:42:46+08:00 ] 124.135.51.254 /favicon.ico
INFO: [ app_init ] --START--
INFO: Run Behavior\BuildLiteBehavior [ RunTime:0.000023s ]
INFO: [ app_init ] --END-- [ RunTime:0.000449s ]
ERR: 无法加载模块:Favicon

[ 2016-11-03T17:42:46+08:00 ] 124.135.51.254 /favicon.ico
INFO: [ app_init ] --START--
INFO: Run Behavior\BuildLiteBehavior [ RunTime:0.000022s ]
INFO: [ app_init ] --END-- [ RunTime:0.000495s ]
ERR: 无法加载模块:Favicon

[ 2016-11-03T17:44:01+08:00 ] 124.135.51.254 /favicon.ico
INFO: [ app_init ] --START--
INFO: Run Behavior\BuildLiteBehavior [ RunTime:0.000022s ]
INFO: [ app_init ] --END-- [ RunTime:0.000448s ]
ERR: 无法加载模块:Favicon

[ 2016-11-03T17:44:01+08:00 ] 124.135.51.254 /favicon.ico
INFO: [ app_init ] --START--
INFO: Run Behavior\BuildLiteBehavior [ RunTime:0.000024s ]
INFO: [ app_init ] --END-- [ RunTime:0.000512s ]
ERR: 无法加载模块:Favicon

[ 2016-11-03T17:44:38+08:00 ] 124.135.51.254 /favicon.ico
INFO: [ app_init ] --START--
INFO: Run Behavior\BuildLiteBehavior [ RunTime:0.000022s ]
INFO: [ app_init ] --END-- [ RunTime:0.000429s ]
ERR: 无法加载模块:Favicon

