[ 2016-11-02T15:32:46+08:00 ] 219.147.31.174 /uploads/2016-10-17/5804dcb41af8b.jpg
INFO: [ app_init ] --START--
INFO: Run Behavior\BuildLiteBehavior [ RunTime:0.000023s ]
INFO: [ app_init ] --END-- [ RunTime:0.000434s ]
ERR: 无法加载模块:Uploads

[ 2016-11-02T15:32:46+08:00 ] 219.147.31.174 /uploads/2016-10-17/5804dd484c66e.jpg
INFO: [ app_init ] --START--
INFO: Run Behavior\BuildLiteBehavior [ RunTime:0.000018s ]
INFO: [ app_init ] --END-- [ RunTime:0.000448s ]
ERR: 无法加载模块:Uploads

[ 2016-11-02T15:32:46+08:00 ] 219.147.31.174 /uploads/2016-10-17/5804dcf2a73ee.jpg
INFO: [ app_init ] --START--
INFO: Run Behavior\BuildLiteBehavior [ RunTime:0.000017s ]
INFO: [ app_init ] --END-- [ RunTime:0.000397s ]
ERR: 无法加载模块:Uploads

[ 2016-11-02T15:33:05+08:00 ] 221.215.172.211 /uploads/BL/58173bb6e2db1.jpg
INFO: [ app_init ] --START--
INFO: Run Behavior\BuildLiteBehavior [ RunTime:0.000023s ]
INFO: [ app_init ] --END-- [ RunTime:0.000457s ]
ERR: 无法加载模块:Uploads

[ 2016-11-02T15:33:05+08:00 ] 221.215.172.211 /uploads/BL/58173bb705126.jpg
INFO: [ app_init ] --START--
INFO: Run Behavior\BuildLiteBehavior [ RunTime:0.000021s ]
INFO: [ app_init ] --END-- [ RunTime:0.000430s ]
ERR: 无法加载模块:Uploads

[ 2016-11-02T15:33:05+08:00 ] 221.215.172.211 /uploads/BL/58173bb71abd4.jpg
INFO: [ app_init ] --START--
INFO: Run Behavior\BuildLiteBehavior [ RunTime:0.000016s ]
INFO: [ app_init ] --END-- [ RunTime:0.000389s ]
ERR: 无法加载模块:Uploads

[ 2016-11-02T15:34:55+08:00 ] 219.147.31.174 /uploads/2016-10-17/5804dcb41af8b.jpg
INFO: [ app_init ] --START--
INFO: Run Behavior\BuildLiteBehavior [ RunTime:0.000020s ]
INFO: [ app_init ] --END-- [ RunTime:0.000427s ]
ERR: 无法加载模块:Uploads

[ 2016-11-02T15:34:55+08:00 ] 219.147.31.174 /uploads/2016-10-17/5804dd484c66e.jpg
INFO: [ app_init ] --START--
INFO: Run Behavior\BuildLiteBehavior [ RunTime:0.000019s ]
INFO: [ app_init ] --END-- [ RunTime:0.000419s ]
ERR: 无法加载模块:Uploads

[ 2016-11-02T15:34:56+08:00 ] 219.147.31.174 /uploads/2016-10-17/5804dcf2a73ee.jpg
INFO: [ app_init ] --START--
INFO: Run Behavior\BuildLiteBehavior [ RunTime:0.000021s ]
INFO: [ app_init ] --END-- [ RunTime:0.000453s ]
ERR: 无法加载模块:Uploads

[ 2016-11-02T15:34:57+08:00 ] 219.147.31.174 /uploads/2016-10-17/5804dcb41af8b.jpg
INFO: [ app_init ] --START--
INFO: Run Behavior\BuildLiteBehavior [ RunTime:0.000022s ]
INFO: [ app_init ] --END-- [ RunTime:0.002565s ]
ERR: 无法加载模块:Uploads

[ 2016-11-02T15:34:57+08:00 ] 219.147.31.174 /uploads/2016-10-17/5804dcf2a73ee.jpg
INFO: [ app_init ] --START--
INFO: Run Behavior\BuildLiteBehavior [ RunTime:0.000019s ]
INFO: [ app_init ] --END-- [ RunTime:0.002174s ]
ERR: 无法加载模块:Uploads

[ 2016-11-02T15:34:57+08:00 ] 219.147.31.174 /uploads/2016-10-17/5804dd484c66e.jpg
INFO: [ app_init ] --START--
INFO: Run Behavior\BuildLiteBehavior [ RunTime:0.000021s ]
INFO: [ app_init ] --END-- [ RunTime:0.000424s ]
ERR: 无法加载模块:Uploads

[ 2016-11-02T15:34:57+08:00 ] 219.147.31.174 /uploads/2016-10-17/5804dcf2a73ee.jpg
INFO: [ app_init ] --START--
INFO: Run Behavior\BuildLiteBehavior [ RunTime:0.000023s ]
INFO: [ app_init ] --END-- [ RunTime:0.000468s ]
ERR: 无法加载模块:Uploads

[ 2016-11-02T15:34:58+08:00 ] 219.147.31.174 /uploads/2016-10-17/5804dd484c66e.jpg
INFO: [ app_init ] --START--
INFO: Run Behavior\BuildLiteBehavior [ RunTime:0.000016s ]
INFO: [ app_init ] --END-- [ RunTime:0.000419s ]
ERR: 无法加载模块:Uploads

[ 2016-11-02T15:34:58+08:00 ] 219.147.31.174 /uploads/2016-10-17/5804dcb41af8b.jpg
INFO: [ app_init ] --START--
INFO: Run Behavior\BuildLiteBehavior [ RunTime:0.000016s ]
INFO: [ app_init ] --END-- [ RunTime:0.000394s ]
ERR: 无法加载模块:Uploads

[ 2016-11-02T15:35:07+08:00 ] 219.147.31.174 /uploads/2016-10-17/5804dcf2a73ee.jpg
INFO: [ app_init ] --START--
INFO: Run Behavior\BuildLiteBehavior [ RunTime:0.000023s ]
INFO: [ app_init ] --END-- [ RunTime:0.000486s ]
ERR: 无法加载模块:Uploads

[ 2016-11-02T15:35:07+08:00 ] 219.147.31.174 /uploads/2016-10-17/5804dcb41af8b.jpg
INFO: [ app_init ] --START--
INFO: Run Behavior\BuildLiteBehavior [ RunTime:0.000033s ]
INFO: [ app_init ] --END-- [ RunTime:0.000551s ]
ERR: 无法加载模块:Uploads

[ 2016-11-02T15:35:07+08:00 ] 219.147.31.174 /uploads/2016-10-17/5804dd484c66e.jpg
INFO: [ app_init ] --START--
INFO: Run Behavior\BuildLiteBehavior [ RunTime:0.000025s ]
INFO: [ app_init ] --END-- [ RunTime:0.000500s ]
ERR: 无法加载模块:Uploads

[ 2016-11-02T15:35:09+08:00 ] 219.147.31.174 /uploads/2016-10-17/5804dcb41af8b.jpg
INFO: [ app_init ] --START--
INFO: Run Behavior\BuildLiteBehavior [ RunTime:0.004308s ]
INFO: [ app_init ] --END-- [ RunTime:0.004706s ]
ERR: 无法加载模块:Uploads

[ 2016-11-02T15:35:09+08:00 ] 219.147.31.174 /uploads/2016-10-17/5804dcf2a73ee.jpg
INFO: [ app_init ] --START--
INFO: Run Behavior\BuildLiteBehavior [ RunTime:0.000017s ]
INFO: [ app_init ] --END-- [ RunTime:0.000405s ]
ERR: 无法加载模块:Uploads

[ 2016-11-02T15:35:09+08:00 ] 219.147.31.174 /uploads/2016-10-17/5804dd484c66e.jpg
INFO: [ app_init ] --START--
INFO: Run Behavior\BuildLiteBehavior [ RunTime:0.000016s ]
INFO: [ app_init ] --END-- [ RunTime:0.000395s ]
ERR: 无法加载模块:Uploads

[ 2016-11-02T15:35:09+08:00 ] 219.147.31.174 /uploads/2016-10-17/5804dd484c66e.jpg
INFO: [ app_init ] --START--
INFO: Run Behavior\BuildLiteBehavior [ RunTime:0.000021s ]
INFO: [ app_init ] --END-- [ RunTime:0.000425s ]
ERR: 无法加载模块:Uploads

[ 2016-11-02T15:35:09+08:00 ] 219.147.31.174 /uploads/2016-10-17/5804dcf2a73ee.jpg
INFO: [ app_init ] --START--
INFO: Run Behavior\BuildLiteBehavior [ RunTime:0.000016s ]
INFO: [ app_init ] --END-- [ RunTime:0.000380s ]
ERR: 无法加载模块:Uploads

[ 2016-11-02T15:35:09+08:00 ] 219.147.31.174 /uploads/2016-10-17/5804dcb41af8b.jpg
INFO: [ app_init ] --START--
INFO: Run Behavior\BuildLiteBehavior [ RunTime:0.000017s ]
INFO: [ app_init ] --END-- [ RunTime:0.000406s ]
ERR: 无法加载模块:Uploads

[ 2016-11-02T15:35:51+08:00 ] 219.147.31.174 /uploads/2016-10-17/5804dcb41af8b.jpg
INFO: [ app_init ] --START--
INFO: Run Behavior\BuildLiteBehavior [ RunTime:0.000022s ]
INFO: [ app_init ] --END-- [ RunTime:0.000452s ]
ERR: 无法加载模块:Uploads

[ 2016-11-02T15:35:51+08:00 ] 219.147.31.174 /uploads/2016-10-17/5804dd484c66e.jpg
INFO: [ app_init ] --START--
INFO: Run Behavior\BuildLiteBehavior [ RunTime:0.000019s ]
INFO: [ app_init ] --END-- [ RunTime:0.000419s ]
ERR: 无法加载模块:Uploads

[ 2016-11-02T15:35:51+08:00 ] 219.147.31.174 /uploads/2016-10-17/5804dcf2a73ee.jpg
INFO: [ app_init ] --START--
INFO: Run Behavior\BuildLiteBehavior [ RunTime:0.000019s ]
INFO: [ app_init ] --END-- [ RunTime:0.001228s ]
ERR: 无法加载模块:Uploads

[ 2016-11-02T15:35:52+08:00 ] 219.147.31.174 /uploads/2016-10-17/5804dcb41af8b.jpg
INFO: [ app_init ] --START--
INFO: Run Behavior\BuildLiteBehavior [ RunTime:0.000023s ]
INFO: [ app_init ] --END-- [ RunTime:0.000464s ]
ERR: 无法加载模块:Uploads

[ 2016-11-02T15:35:52+08:00 ] 219.147.31.174 /uploads/2016-10-17/5804dcf2a73ee.jpg
INFO: [ app_init ] --START--
INFO: Run Behavior\BuildLiteBehavior [ RunTime:0.000017s ]
INFO: [ app_init ] --END-- [ RunTime:0.000422s ]
ERR: 无法加载模块:Uploads

[ 2016-11-02T15:35:52+08:00 ] 219.147.31.174 /uploads/2016-10-17/5804dd484c66e.jpg
INFO: [ app_init ] --START--
INFO: Run Behavior\BuildLiteBehavior [ RunTime:0.000016s ]
INFO: [ app_init ] --END-- [ RunTime:0.000386s ]
ERR: 无法加载模块:Uploads

[ 2016-11-02T15:35:52+08:00 ] 219.147.31.174 /uploads/2016-10-17/5804dd484c66e.jpg
INFO: [ app_init ] --START--
INFO: Run Behavior\BuildLiteBehavior [ RunTime:0.000015s ]
INFO: [ app_init ] --END-- [ RunTime:0.000399s ]
ERR: 无法加载模块:Uploads

[ 2016-11-02T15:35:52+08:00 ] 219.147.31.174 /uploads/2016-10-17/5804dcf2a73ee.jpg
INFO: [ app_init ] --START--
INFO: Run Behavior\BuildLiteBehavior [ RunTime:0.000015s ]
INFO: [ app_init ] --END-- [ RunTime:0.000389s ]
ERR: 无法加载模块:Uploads

[ 2016-11-02T15:35:52+08:00 ] 219.147.31.174 /uploads/2016-10-17/5804dcb41af8b.jpg
INFO: [ app_init ] --START--
INFO: Run Behavior\BuildLiteBehavior [ RunTime:0.000021s ]
INFO: [ app_init ] --END-- [ RunTime:0.000423s ]
ERR: 无法加载模块:Uploads

[ 2016-11-02T15:35:53+08:00 ] 219.147.31.174 /uploads/2016-10-17/5804dcb41af8b.jpg
INFO: [ app_init ] --START--
INFO: Run Behavior\BuildLiteBehavior [ RunTime:0.000016s ]
INFO: [ app_init ] --END-- [ RunTime:0.000414s ]
ERR: 无法加载模块:Uploads

[ 2016-11-02T15:35:53+08:00 ] 219.147.31.174 /uploads/2016-10-17/5804dd484c66e.jpg
INFO: [ app_init ] --START--
INFO: Run Behavior\BuildLiteBehavior [ RunTime:0.000023s ]
INFO: [ app_init ] --END-- [ RunTime:0.000494s ]
ERR: 无法加载模块:Uploads

[ 2016-11-02T15:35:53+08:00 ] 219.147.31.174 /uploads/2016-10-17/5804dcf2a73ee.jpg
INFO: [ app_init ] --START--
INFO: Run Behavior\BuildLiteBehavior [ RunTime:0.000016s ]
INFO: [ app_init ] --END-- [ RunTime:0.004649s ]
ERR: 无法加载模块:Uploads

[ 2016-11-02T15:35:53+08:00 ] 219.147.31.174 /uploads/2016-10-17/5804dcf2a73ee.jpg
INFO: [ app_init ] --START--
INFO: Run Behavior\BuildLiteBehavior [ RunTime:0.000017s ]
INFO: [ app_init ] --END-- [ RunTime:0.005106s ]
ERR: 无法加载模块:Uploads

[ 2016-11-02T15:35:53+08:00 ] 219.147.31.174 /uploads/2016-10-17/5804dd484c66e.jpg
INFO: [ app_init ] --START--
INFO: Run Behavior\BuildLiteBehavior [ RunTime:0.000026s ]
INFO: [ app_init ] --END-- [ RunTime:0.000513s ]
ERR: 无法加载模块:Uploads

[ 2016-11-02T15:35:53+08:00 ] 219.147.31.174 /uploads/2016-10-17/5804dcb41af8b.jpg
INFO: [ app_init ] --START--
INFO: Run Behavior\BuildLiteBehavior [ RunTime:0.000020s ]
INFO: [ app_init ] --END-- [ RunTime:0.000451s ]
ERR: 无法加载模块:Uploads

[ 2016-11-02T15:35:59+08:00 ] 219.147.31.174 /uploads/2016-10-17/5804dcf2a73ee.jpg
INFO: [ app_init ] --START--
INFO: Run Behavior\BuildLiteBehavior [ RunTime:0.000017s ]
INFO: [ app_init ] --END-- [ RunTime:0.000414s ]
ERR: 无法加载模块:Uploads

[ 2016-11-02T15:35:59+08:00 ] 219.147.31.174 /uploads/2016-10-17/5804dd484c66e.jpg
INFO: [ app_init ] --START--
INFO: Run Behavior\BuildLiteBehavior [ RunTime:0.000024s ]
INFO: [ app_init ] --END-- [ RunTime:0.000487s ]
ERR: 无法加载模块:Uploads

[ 2016-11-02T15:35:59+08:00 ] 219.147.31.174 /uploads/2016-10-17/5804dcb41af8b.jpg
INFO: [ app_init ] --START--
INFO: Run Behavior\BuildLiteBehavior [ RunTime:0.000016s ]
INFO: [ app_init ] --END-- [ RunTime:0.004565s ]
ERR: 无法加载模块:Uploads

[ 2016-11-02T15:36:00+08:00 ] 219.147.31.174 /uploads/2016-10-17/5804dcb41af8b.jpg
INFO: [ app_init ] --START--
INFO: Run Behavior\BuildLiteBehavior [ RunTime:0.000049s ]
INFO: [ app_init ] --END-- [ RunTime:0.000483s ]
ERR: 无法加载模块:Uploads

[ 2016-11-02T15:36:00+08:00 ] 219.147.31.174 /uploads/2016-10-17/5804dcf2a73ee.jpg
INFO: [ app_init ] --START--
INFO: Run Behavior\BuildLiteBehavior [ RunTime:0.000021s ]
INFO: [ app_init ] --END-- [ RunTime:0.000462s ]
ERR: 无法加载模块:Uploads

[ 2016-11-02T15:36:00+08:00 ] 219.147.31.174 /uploads/2016-10-17/5804dd484c66e.jpg
INFO: [ app_init ] --START--
INFO: Run Behavior\BuildLiteBehavior [ RunTime:0.000019s ]
INFO: [ app_init ] --END-- [ RunTime:0.000439s ]
ERR: 无法加载模块:Uploads

[ 2016-11-02T15:36:36+08:00 ] 219.147.31.174 /uploads/2016-10-17/5804dcb41af8b.jpg
INFO: [ app_init ] --START--
INFO: Run Behavior\BuildLiteBehavior [ RunTime:0.000024s ]
INFO: [ app_init ] --END-- [ RunTime:0.001444s ]
ERR: 无法加载模块:Uploads

[ 2016-11-02T15:36:36+08:00 ] 219.147.31.174 /uploads/2016-10-17/5804dd484c66e.jpg
INFO: [ app_init ] --START--
INFO: Run Behavior\BuildLiteBehavior [ RunTime:0.000016s ]
INFO: [ app_init ] --END-- [ RunTime:0.000393s ]
ERR: 无法加载模块:Uploads

[ 2016-11-02T15:36:36+08:00 ] 219.147.31.174 /uploads/2016-10-17/5804dcf2a73ee.jpg
INFO: [ app_init ] --START--
INFO: Run Behavior\BuildLiteBehavior [ RunTime:0.000019s ]
INFO: [ app_init ] --END-- [ RunTime:0.000443s ]
ERR: 无法加载模块:Uploads

[ 2016-11-02T15:37:08+08:00 ] 219.147.31.174 /uploads/2016-10-17/5804dcb41af8b.jpg
INFO: [ app_init ] --START--
INFO: Run Behavior\BuildLiteBehavior [ RunTime:0.000023s ]
INFO: [ app_init ] --END-- [ RunTime:0.000440s ]
ERR: 无法加载模块:Uploads

[ 2016-11-02T15:37:08+08:00 ] 219.147.31.174 /uploads/2016-10-17/5804dd484c66e.jpg
INFO: [ app_init ] --START--
INFO: Run Behavior\BuildLiteBehavior [ RunTime:0.000015s ]
INFO: [ app_init ] --END-- [ RunTime:0.002821s ]
ERR: 无法加载模块:Uploads

[ 2016-11-02T15:37:08+08:00 ] 219.147.31.174 /uploads/2016-10-17/5804dcf2a73ee.jpg
INFO: [ app_init ] --START--
INFO: Run Behavior\BuildLiteBehavior [ RunTime:0.000021s ]
INFO: [ app_init ] --END-- [ RunTime:0.000445s ]
ERR: 无法加载模块:Uploads

[ 2016-11-02T15:37:11+08:00 ] 219.147.31.174 /uploads/2016-10-17/5804dd484c66e.jpg
INFO: [ app_init ] --START--
INFO: Run Behavior\BuildLiteBehavior [ RunTime:0.000018s ]
INFO: [ app_init ] --END-- [ RunTime:0.000488s ]
ERR: 无法加载模块:Uploads

[ 2016-11-02T15:37:11+08:00 ] 219.147.31.174 /uploads/2016-10-17/5804dcf2a73ee.jpg
INFO: [ app_init ] --START--
INFO: Run Behavior\BuildLiteBehavior [ RunTime:0.000015s ]
INFO: [ app_init ] --END-- [ RunTime:0.000378s ]
ERR: 无法加载模块:Uploads

[ 2016-11-02T15:37:11+08:00 ] 219.147.31.174 /uploads/2016-10-17/5804dcb41af8b.jpg
INFO: [ app_init ] --START--
INFO: Run Behavior\BuildLiteBehavior [ RunTime:0.000021s ]
INFO: [ app_init ] --END-- [ RunTime:0.000439s ]
ERR: 无法加载模块:Uploads

[ 2016-11-02T15:37:26+08:00 ] 219.147.31.174 /uploads/2016-10-17/5804dcf2a73ee.jpg
INFO: [ app_init ] --START--
INFO: Run Behavior\BuildLiteBehavior [ RunTime:0.000016s ]
INFO: [ app_init ] --END-- [ RunTime:0.000389s ]
ERR: 无法加载模块:Uploads

[ 2016-11-02T15:37:26+08:00 ] 219.147.31.174 /uploads/2016-10-17/5804dcb41af8b.jpg
INFO: [ app_init ] --START--
INFO: Run Behavior\BuildLiteBehavior [ RunTime:0.000023s ]
INFO: [ app_init ] --END-- [ RunTime:0.000444s ]
ERR: 无法加载模块:Uploads

[ 2016-11-02T15:37:26+08:00 ] 219.147.31.174 /uploads/2016-10-17/5804dd484c66e.jpg
INFO: [ app_init ] --START--
INFO: Run Behavior\BuildLiteBehavior [ RunTime:0.000016s ]
INFO: [ app_init ] --END-- [ RunTime:0.000404s ]
ERR: 无法加载模块:Uploads

[ 2016-11-02T15:37:28+08:00 ] 219.147.31.174 /uploads/2016-10-17/5804dcb41af8b.jpg
INFO: [ app_init ] --START--
INFO: Run Behavior\BuildLiteBehavior [ RunTime:0.000020s ]
INFO: [ app_init ] --END-- [ RunTime:0.000498s ]
ERR: 无法加载模块:Uploads

[ 2016-11-02T15:37:28+08:00 ] 219.147.31.174 /uploads/2016-10-17/5804dd484c66e.jpg
INFO: [ app_init ] --START--
INFO: Run Behavior\BuildLiteBehavior [ RunTime:0.000065s ]
INFO: [ app_init ] --END-- [ RunTime:0.000474s ]
ERR: 无法加载模块:Uploads

[ 2016-11-02T15:37:28+08:00 ] 219.147.31.174 /uploads/2016-10-17/5804dcf2a73ee.jpg
INFO: [ app_init ] --START--
INFO: Run Behavior\BuildLiteBehavior [ RunTime:0.000022s ]
INFO: [ app_init ] --END-- [ RunTime:0.000458s ]
ERR: 无法加载模块:Uploads

[ 2016-11-02T15:38:01+08:00 ] 219.147.31.174 /uploads/2016-10-17/5804dcf2a73ee.jpg
INFO: [ app_init ] --START--
INFO: Run Behavior\BuildLiteBehavior [ RunTime:0.000025s ]
INFO: [ app_init ] --END-- [ RunTime:0.000524s ]
ERR: 无法加载模块:Uploads

[ 2016-11-02T15:38:01+08:00 ] 219.147.31.174 /uploads/2016-10-17/5804dcb41af8b.jpg
INFO: [ app_init ] --START--
INFO: Run Behavior\BuildLiteBehavior [ RunTime:0.000026s ]
INFO: [ app_init ] --END-- [ RunTime:0.000528s ]
ERR: 无法加载模块:Uploads

[ 2016-11-02T15:38:01+08:00 ] 219.147.31.174 /uploads/2016-10-17/5804dd484c66e.jpg
INFO: [ app_init ] --START--
INFO: Run Behavior\BuildLiteBehavior [ RunTime:0.000022s ]
INFO: [ app_init ] --END-- [ RunTime:0.000520s ]
ERR: 无法加载模块:Uploads

[ 2016-11-02T15:38:03+08:00 ] 219.147.31.174 /uploads/2016-10-17/5804dd484c66e.jpg
INFO: [ app_init ] --START--
INFO: Run Behavior\BuildLiteBehavior [ RunTime:0.000022s ]
INFO: [ app_init ] --END-- [ RunTime:0.000423s ]
ERR: 无法加载模块:Uploads

[ 2016-11-02T15:38:03+08:00 ] 219.147.31.174 /uploads/2016-10-17/5804dcb41af8b.jpg
INFO: [ app_init ] --START--
INFO: Run Behavior\BuildLiteBehavior [ RunTime:0.000016s ]
INFO: [ app_init ] --END-- [ RunTime:0.000387s ]
ERR: 无法加载模块:Uploads

[ 2016-11-02T15:38:03+08:00 ] 219.147.31.174 /uploads/2016-10-17/5804dcf2a73ee.jpg
INFO: [ app_init ] --START--
INFO: Run Behavior\BuildLiteBehavior [ RunTime:0.000016s ]
INFO: [ app_init ] --END-- [ RunTime:0.000405s ]
ERR: 无法加载模块:Uploads

[ 2016-11-02T15:38:38+08:00 ] 219.147.31.174 /Public/Admin/img/icon1.png
INFO: [ app_init ] --START--
INFO: Run Behavior\BuildLiteBehavior [ RunTime:0.000019s ]
INFO: [ app_init ] --END-- [ RunTime:0.000453s ]
ERR: 无法加载模块:Public

[ 2016-11-02T15:38:39+08:00 ] 219.147.31.174 /uploads/BL/58173bb6e2db1.jpg
INFO: [ app_init ] --START--
INFO: Run Behavior\BuildLiteBehavior [ RunTime:0.000022s ]
INFO: [ app_init ] --END-- [ RunTime:0.000441s ]
ERR: 无法加载模块:Uploads

[ 2016-11-02T15:38:39+08:00 ] 219.147.31.174 /uploads/BL/58173bb71abd4.jpg
INFO: [ app_init ] --START--
INFO: Run Behavior\BuildLiteBehavior [ RunTime:0.000020s ]
INFO: [ app_init ] --END-- [ RunTime:0.000445s ]
ERR: 无法加载模块:Uploads

[ 2016-11-02T15:38:39+08:00 ] 219.147.31.174 /uploads/BL/58173bb705126.jpg
INFO: [ app_init ] --START--
INFO: Run Behavior\BuildLiteBehavior [ RunTime:0.000021s ]
INFO: [ app_init ] --END-- [ RunTime:0.000427s ]
ERR: 无法加载模块:Uploads

[ 2016-11-02T15:40:10+08:00 ] 219.147.31.174 /Public/Admin/img/icon1.png
INFO: [ app_init ] --START--
INFO: Run Behavior\BuildLiteBehavior [ RunTime:0.000017s ]
INFO: [ app_init ] --END-- [ RunTime:0.000451s ]
ERR: 无法加载模块:Public

[ 2016-11-02T15:40:11+08:00 ] 219.147.31.174 /uploads/BL/58173bb71abd4.jpg
INFO: [ app_init ] --START--
INFO: Run Behavior\BuildLiteBehavior [ RunTime:0.000024s ]
INFO: [ app_init ] --END-- [ RunTime:0.000467s ]
ERR: 无法加载模块:Uploads

[ 2016-11-02T15:40:11+08:00 ] 219.147.31.174 /uploads/BL/58173bb705126.jpg
INFO: [ app_init ] --START--
INFO: Run Behavior\BuildLiteBehavior [ RunTime:0.000018s ]
INFO: [ app_init ] --END-- [ RunTime:0.000422s ]
ERR: 无法加载模块:Uploads

[ 2016-11-02T15:40:11+08:00 ] 219.147.31.174 /uploads/BL/58173bb6e2db1.jpg
INFO: [ app_init ] --START--
INFO: Run Behavior\BuildLiteBehavior [ RunTime:0.000018s ]
INFO: [ app_init ] --END-- [ RunTime:0.000392s ]
ERR: 无法加载模块:Uploads

[ 2016-11-02T15:40:28+08:00 ] 219.147.31.174 /Public/Admin/img/icon1.png
INFO: [ app_init ] --START--
INFO: Run Behavior\BuildLiteBehavior [ RunTime:0.000019s ]
INFO: [ app_init ] --END-- [ RunTime:0.000481s ]
ERR: 无法加载模块:Public

[ 2016-11-02T15:40:29+08:00 ] 219.147.31.174 /uploads/BL/58173bb6e2db1.jpg
INFO: [ app_init ] --START--
INFO: Run Behavior\BuildLiteBehavior [ RunTime:0.000021s ]
INFO: [ app_init ] --END-- [ RunTime:0.004444s ]
ERR: 无法加载模块:Uploads

[ 2016-11-02T15:40:29+08:00 ] 219.147.31.174 /uploads/BL/58173bb71abd4.jpg
INFO: [ app_init ] --START--
INFO: Run Behavior\BuildLiteBehavior [ RunTime:0.000018s ]
INFO: [ app_init ] --END-- [ RunTime:0.000387s ]
ERR: 无法加载模块:Uploads

[ 2016-11-02T15:40:29+08:00 ] 219.147.31.174 /uploads/BL/58173bb705126.jpg
INFO: [ app_init ] --START--
INFO: Run Behavior\BuildLiteBehavior [ RunTime:0.000022s ]
INFO: [ app_init ] --END-- [ RunTime:0.000429s ]
ERR: 无法加载模块:Uploads

[ 2016-11-02T15:40:29+08:00 ] 219.147.31.174 /uploads/BL/58173bb6e2db1.jpg
INFO: [ app_init ] --START--
INFO: Run Behavior\BuildLiteBehavior [ RunTime:0.000018s ]
INFO: [ app_init ] --END-- [ RunTime:0.000441s ]
ERR: 无法加载模块:Uploads

[ 2016-11-02T15:40:29+08:00 ] 219.147.31.174 /uploads/BL/58173bb705126.jpg
INFO: [ app_init ] --START--
INFO: Run Behavior\BuildLiteBehavior [ RunTime:0.000017s ]
INFO: [ app_init ] --END-- [ RunTime:0.002521s ]
ERR: 无法加载模块:Uploads

[ 2016-11-02T15:40:29+08:00 ] 219.147.31.174 /uploads/BL/58173bb71abd4.jpg
INFO: [ app_init ] --START--
INFO: Run Behavior\BuildLiteBehavior [ RunTime:0.000031s ]
INFO: [ app_init ] --END-- [ RunTime:0.003805s ]
ERR: 无法加载模块:Uploads

[ 2016-11-02T15:41:25+08:00 ] 219.147.31.174 /Public/Admin/img/icon1.png
INFO: [ app_init ] --START--
INFO: Run Behavior\BuildLiteBehavior [ RunTime:0.000018s ]
INFO: [ app_init ] --END-- [ RunTime:0.000454s ]
ERR: 无法加载模块:Public

[ 2016-11-02T15:41:26+08:00 ] 219.147.31.174 /uploads/BL/58173bb71abd4.jpg
INFO: [ app_init ] --START--
INFO: Run Behavior\BuildLiteBehavior [ RunTime:0.000016s ]
INFO: [ app_init ] --END-- [ RunTime:0.000391s ]
ERR: 无法加载模块:Uploads

[ 2016-11-02T15:41:26+08:00 ] 219.147.31.174 /uploads/BL/58173bb6e2db1.jpg
INFO: [ app_init ] --START--
INFO: Run Behavior\BuildLiteBehavior [ RunTime:0.000016s ]
INFO: [ app_init ] --END-- [ RunTime:0.000376s ]
ERR: 无法加载模块:Uploads

[ 2016-11-02T15:41:26+08:00 ] 219.147.31.174 /uploads/BL/58173bb705126.jpg
INFO: [ app_init ] --START--
INFO: Run Behavior\BuildLiteBehavior [ RunTime:0.000022s ]
INFO: [ app_init ] --END-- [ RunTime:0.000427s ]
ERR: 无法加载模块:Uploads

[ 2016-11-02T15:41:26+08:00 ] 219.147.31.174 /uploads/BL/58173bb71abd4.jpg
INFO: [ app_init ] --START--
INFO: Run Behavior\BuildLiteBehavior [ RunTime:0.000023s ]
INFO: [ app_init ] --END-- [ RunTime:0.000443s ]
ERR: 无法加载模块:Uploads

[ 2016-11-02T15:41:26+08:00 ] 219.147.31.174 /uploads/BL/58173bb705126.jpg
INFO: [ app_init ] --START--
INFO: Run Behavior\BuildLiteBehavior [ RunTime:0.000025s ]
INFO: [ app_init ] --END-- [ RunTime:0.000440s ]
ERR: 无法加载模块:Uploads

[ 2016-11-02T15:41:26+08:00 ] 219.147.31.174 /uploads/BL/58173bb6e2db1.jpg
INFO: [ app_init ] --START--
INFO: Run Behavior\BuildLiteBehavior [ RunTime:0.000018s ]
INFO: [ app_init ] --END-- [ RunTime:0.000419s ]
ERR: 无法加载模块:Uploads

[ 2016-11-02T15:42:06+08:00 ] 221.215.172.211 /favicon.ico
INFO: [ app_init ] --START--
INFO: Run Behavior\BuildLiteBehavior [ RunTime:0.000020s ]
INFO: [ app_init ] --END-- [ RunTime:0.000485s ]
ERR: 无法加载模块:Favicon

[ 2016-11-02T15:42:23+08:00 ] 221.215.172.211 /Public/Admin/img/icon1.png
INFO: [ app_init ] --START--
INFO: Run Behavior\BuildLiteBehavior [ RunTime:0.000040s ]
INFO: [ app_init ] --END-- [ RunTime:0.000624s ]
ERR: 无法加载模块:Public

[ 2016-11-02T15:42:23+08:00 ] 221.215.172.211 /uploads/BL/58173bb6e2db1.jpg
INFO: [ app_init ] --START--
INFO: Run Behavior\BuildLiteBehavior [ RunTime:0.000023s ]
INFO: [ app_init ] --END-- [ RunTime:0.004488s ]
ERR: 无法加载模块:Uploads

[ 2016-11-02T15:42:23+08:00 ] 221.215.172.211 /uploads/BL/58173bb705126.jpg
INFO: [ app_init ] --START--
INFO: Run Behavior\BuildLiteBehavior [ RunTime:0.000019s ]
INFO: [ app_init ] --END-- [ RunTime:0.000433s ]
ERR: 无法加载模块:Uploads

[ 2016-11-02T15:42:23+08:00 ] 221.215.172.211 /uploads/BL/58173bb71abd4.jpg
INFO: [ app_init ] --START--
INFO: Run Behavior\BuildLiteBehavior [ RunTime:0.000021s ]
INFO: [ app_init ] --END-- [ RunTime:0.000435s ]
ERR: 无法加载模块:Uploads

[ 2016-11-02T15:43:56+08:00 ] 221.215.172.211 /uploads/2016-10-17/5804dcb41af8b.jpg
INFO: [ app_init ] --START--
INFO: Run Behavior\BuildLiteBehavior [ RunTime:0.000020s ]
INFO: [ app_init ] --END-- [ RunTime:0.000461s ]
ERR: 无法加载模块:Uploads

[ 2016-11-02T15:43:56+08:00 ] 221.215.172.211 /uploads/2016-10-17/5804dd484c66e.jpg
INFO: [ app_init ] --START--
INFO: Run Behavior\BuildLiteBehavior [ RunTime:0.000016s ]
INFO: [ app_init ] --END-- [ RunTime:0.000429s ]
ERR: 无法加载模块:Uploads

[ 2016-11-02T15:43:56+08:00 ] 221.215.172.211 /uploads/2016-10-17/5804dcf2a73ee.jpg
INFO: [ app_init ] --START--
INFO: Run Behavior\BuildLiteBehavior [ RunTime:0.000019s ]
INFO: [ app_init ] --END-- [ RunTime:0.000405s ]
ERR: 无法加载模块:Uploads

[ 2016-11-02T15:43:56+08:00 ] 219.147.31.174 /Public/Admin/img/icon1.png
INFO: [ app_init ] --START--
INFO: Run Behavior\BuildLiteBehavior [ RunTime:0.000020s ]
INFO: [ app_init ] --END-- [ RunTime:0.000445s ]
ERR: 无法加载模块:Public

[ 2016-11-02T15:43:57+08:00 ] 219.147.31.174 /uploads/BL/58173bb6e2db1.jpg
INFO: [ app_init ] --START--
INFO: Run Behavior\BuildLiteBehavior [ RunTime:0.000021s ]
INFO: [ app_init ] --END-- [ RunTime:0.000410s ]
ERR: 无法加载模块:Uploads

[ 2016-11-02T15:43:57+08:00 ] 219.147.31.174 /uploads/BL/58173bb705126.jpg
INFO: [ app_init ] --START--
INFO: Run Behavior\BuildLiteBehavior [ RunTime:0.000023s ]
INFO: [ app_init ] --END-- [ RunTime:0.000416s ]
ERR: 无法加载模块:Uploads

[ 2016-11-02T15:43:57+08:00 ] 219.147.31.174 /uploads/BL/58173bb71abd4.jpg
INFO: [ app_init ] --START--
INFO: Run Behavior\BuildLiteBehavior [ RunTime:0.000020s ]
INFO: [ app_init ] --END-- [ RunTime:0.000408s ]
ERR: 无法加载模块:Uploads

[ 2016-11-02T15:43:58+08:00 ] 219.147.31.174 /uploads/BL/58173bb71abd4.jpg
INFO: [ app_init ] --START--
INFO: Run Behavior\BuildLiteBehavior [ RunTime:0.000016s ]
INFO: [ app_init ] --END-- [ RunTime:0.000380s ]
ERR: 无法加载模块:Uploads

[ 2016-11-02T15:43:58+08:00 ] 219.147.31.174 /uploads/BL/58173bb705126.jpg
INFO: [ app_init ] --START--
INFO: Run Behavior\BuildLiteBehavior [ RunTime:0.000021s ]
INFO: [ app_init ] --END-- [ RunTime:0.000413s ]
ERR: 无法加载模块:Uploads

[ 2016-11-02T15:43:58+08:00 ] 219.147.31.174 /uploads/BL/58173bb6e2db1.jpg
INFO: [ app_init ] --START--
INFO: Run Behavior\BuildLiteBehavior [ RunTime:0.000038s ]
INFO: [ app_init ] --END-- [ RunTime:0.004175s ]
ERR: 无法加载模块:Uploads

[ 2016-11-02T15:43:58+08:00 ] 221.215.172.211 /uploads/2016-10-17/5804dcb41af8b.jpg
INFO: [ app_init ] --START--
INFO: Run Behavior\BuildLiteBehavior [ RunTime:0.000025s ]
INFO: [ app_init ] --END-- [ RunTime:0.000441s ]
ERR: 无法加载模块:Uploads

[ 2016-11-02T15:43:58+08:00 ] 221.215.172.211 /uploads/2016-10-17/5804dcf2a73ee.jpg
INFO: [ app_init ] --START--
INFO: Run Behavior\BuildLiteBehavior [ RunTime:0.000018s ]
INFO: [ app_init ] --END-- [ RunTime:0.000398s ]
ERR: 无法加载模块:Uploads

[ 2016-11-02T15:43:58+08:00 ] 221.215.172.211 /uploads/2016-10-17/5804dd484c66e.jpg
INFO: [ app_init ] --START--
INFO: Run Behavior\BuildLiteBehavior [ RunTime:0.000019s ]
INFO: [ app_init ] --END-- [ RunTime:0.000466s ]
ERR: 无法加载模块:Uploads

[ 2016-11-02T15:44:02+08:00 ] 221.215.172.211 /uploads/2016-10-17/5804dcb41af8b.jpg
INFO: [ app_init ] --START--
INFO: Run Behavior\BuildLiteBehavior [ RunTime:0.000021s ]
INFO: [ app_init ] --END-- [ RunTime:0.005486s ]
ERR: 无法加载模块:Uploads

[ 2016-11-02T15:44:02+08:00 ] 221.215.172.211 /uploads/2016-10-17/5804dd484c66e.jpg
INFO: [ app_init ] --START--
INFO: Run Behavior\BuildLiteBehavior [ RunTime:0.000019s ]
INFO: [ app_init ] --END-- [ RunTime:0.000431s ]
ERR: 无法加载模块:Uploads

[ 2016-11-02T15:44:02+08:00 ] 221.215.172.211 /uploads/2016-10-17/5804dcf2a73ee.jpg
INFO: [ app_init ] --START--
INFO: Run Behavior\BuildLiteBehavior [ RunTime:0.000026s ]
INFO: [ app_init ] --END-- [ RunTime:0.000465s ]
ERR: 无法加载模块:Uploads

[ 2016-11-02T15:44:16+08:00 ] 221.215.172.211 /uploads/2016-10-17/5804dcb41af8b.jpg
INFO: [ app_init ] --START--
INFO: Run Behavior\BuildLiteBehavior [ RunTime:0.000017s ]
INFO: [ app_init ] --END-- [ RunTime:0.005868s ]
ERR: 无法加载模块:Uploads

[ 2016-11-02T15:44:16+08:00 ] 221.215.172.211 /uploads/2016-10-17/5804dcf2a73ee.jpg
INFO: [ app_init ] --START--
INFO: Run Behavior\BuildLiteBehavior [ RunTime:0.000016s ]
INFO: [ app_init ] --END-- [ RunTime:0.000399s ]
ERR: 无法加载模块:Uploads

[ 2016-11-02T15:44:16+08:00 ] 221.215.172.211 /uploads/2016-10-17/5804dd484c66e.jpg
INFO: [ app_init ] --START--
INFO: Run Behavior\BuildLiteBehavior [ RunTime:0.000022s ]
INFO: [ app_init ] --END-- [ RunTime:0.000440s ]
ERR: 无法加载模块:Uploads

[ 2016-11-02T15:44:30+08:00 ] 221.215.172.211 /uploads/2016-10-17/5804dcb41af8b.jpg
INFO: [ app_init ] --START--
INFO: Run Behavior\BuildLiteBehavior [ RunTime:0.000019s ]
INFO: [ app_init ] --END-- [ RunTime:0.000436s ]
ERR: 无法加载模块:Uploads

[ 2016-11-02T15:44:30+08:00 ] 221.215.172.211 /uploads/2016-10-17/5804dcf2a73ee.jpg
INFO: [ app_init ] --START--
INFO: Run Behavior\BuildLiteBehavior [ RunTime:0.000016s ]
INFO: [ app_init ] --END-- [ RunTime:0.000379s ]
ERR: 无法加载模块:Uploads

[ 2016-11-02T15:44:30+08:00 ] 221.215.172.211 /uploads/2016-10-17/5804dd484c66e.jpg
INFO: [ app_init ] --START--
INFO: Run Behavior\BuildLiteBehavior [ RunTime:0.000017s ]
INFO: [ app_init ] --END-- [ RunTime:0.000401s ]
ERR: 无法加载模块:Uploads

[ 2016-11-02T15:44:31+08:00 ] 219.147.31.174 /Public/Admin/img/icon1.png
INFO: [ app_init ] --START--
INFO: Run Behavior\BuildLiteBehavior [ RunTime:0.000024s ]
INFO: [ app_init ] --END-- [ RunTime:0.000613s ]
ERR: 无法加载模块:Public

[ 2016-11-02T15:44:32+08:00 ] 219.147.31.174 /uploads/BL/58173bb6e2db1.jpg
INFO: [ app_init ] --START--
INFO: Run Behavior\BuildLiteBehavior [ RunTime:0.000022s ]
INFO: [ app_init ] --END-- [ RunTime:0.006347s ]
ERR: 无法加载模块:Uploads

[ 2016-11-02T15:44:32+08:00 ] 219.147.31.174 /uploads/BL/58173bb705126.jpg
INFO: [ app_init ] --START--
INFO: Run Behavior\BuildLiteBehavior [ RunTime:0.000023s ]
INFO: [ app_init ] --END-- [ RunTime:0.000451s ]
ERR: 无法加载模块:Uploads

[ 2016-11-02T15:44:32+08:00 ] 219.147.31.174 /uploads/BL/58173bb71abd4.jpg
INFO: [ app_init ] --START--
INFO: Run Behavior\BuildLiteBehavior [ RunTime:0.000018s ]
INFO: [ app_init ] --END-- [ RunTime:0.000425s ]
ERR: 无法加载模块:Uploads

[ 2016-11-02T15:44:32+08:00 ] 221.215.172.211 /uploads/2016-10-17/5804dcb41af8b.jpg
INFO: [ app_init ] --START--
INFO: Run Behavior\BuildLiteBehavior [ RunTime:0.000023s ]
INFO: [ app_init ] --END-- [ RunTime:0.000455s ]
ERR: 无法加载模块:Uploads

[ 2016-11-02T15:44:32+08:00 ] 221.215.172.211 /uploads/2016-10-17/5804dd484c66e.jpg
INFO: [ app_init ] --START--
INFO: Run Behavior\BuildLiteBehavior [ RunTime:0.000017s ]
INFO: [ app_init ] --END-- [ RunTime:0.000421s ]
ERR: 无法加载模块:Uploads

[ 2016-11-02T15:44:32+08:00 ] 221.215.172.211 /uploads/2016-10-17/5804dcf2a73ee.jpg
INFO: [ app_init ] --START--
INFO: Run Behavior\BuildLiteBehavior [ RunTime:0.000017s ]
INFO: [ app_init ] --END-- [ RunTime:0.000400s ]
ERR: 无法加载模块:Uploads

[ 2016-11-02T15:47:06+08:00 ] 221.215.172.211 /uploads/BL/58173bb6e2db1.jpg
INFO: [ app_init ] --START--
INFO: Run Behavior\BuildLiteBehavior [ RunTime:0.000025s ]
INFO: [ app_init ] --END-- [ RunTime:0.000438s ]
ERR: 无法加载模块:Uploads

[ 2016-11-02T15:47:06+08:00 ] 221.215.172.211 /uploads/BL/58173bb71abd4.jpg
INFO: [ app_init ] --START--
INFO: Run Behavior\BuildLiteBehavior [ RunTime:0.000021s ]
INFO: [ app_init ] --END-- [ RunTime:0.000443s ]
ERR: 无法加载模块:Uploads

[ 2016-11-02T15:47:06+08:00 ] 221.215.172.211 /uploads/BL/58173bb705126.jpg
INFO: [ app_init ] --START--
INFO: Run Behavior\BuildLiteBehavior [ RunTime:0.000016s ]
INFO: [ app_init ] --END-- [ RunTime:0.000416s ]
ERR: 无法加载模块:Uploads

[ 2016-11-02T15:48:20+08:00 ] 221.215.172.211 /uploads/2016-10-17/5804dcb41af8b.jpg
INFO: [ app_init ] --START--
INFO: Run Behavior\BuildLiteBehavior [ RunTime:0.000023s ]
INFO: [ app_init ] --END-- [ RunTime:0.000463s ]
ERR: 无法加载模块:Uploads

[ 2016-11-02T15:48:20+08:00 ] 221.215.172.211 /uploads/2016-10-17/5804dd484c66e.jpg
INFO: [ app_init ] --START--
INFO: Run Behavior\BuildLiteBehavior [ RunTime:0.000017s ]
INFO: [ app_init ] --END-- [ RunTime:0.001401s ]
ERR: 无法加载模块:Uploads

[ 2016-11-02T15:48:20+08:00 ] 221.215.172.211 /uploads/2016-10-17/5804dcf2a73ee.jpg
INFO: [ app_init ] --START--
INFO: Run Behavior\BuildLiteBehavior [ RunTime:0.000017s ]
INFO: [ app_init ] --END-- [ RunTime:0.000452s ]
ERR: 无法加载模块:Uploads

[ 2016-11-02T15:48:23+08:00 ] 221.215.172.211 /uploads/2016-10-17/5804dcf2a73ee.jpg
INFO: [ app_init ] --START--
INFO: Run Behavior\BuildLiteBehavior [ RunTime:0.000018s ]
INFO: [ app_init ] --END-- [ RunTime:0.003724s ]
ERR: 无法加载模块:Uploads

[ 2016-11-02T15:48:23+08:00 ] 221.215.172.211 /uploads/2016-10-17/5804dd484c66e.jpg
INFO: [ app_init ] --START--
INFO: Run Behavior\BuildLiteBehavior [ RunTime:0.000026s ]
INFO: [ app_init ] --END-- [ RunTime:0.000469s ]
ERR: 无法加载模块:Uploads

[ 2016-11-02T15:48:23+08:00 ] 221.215.172.211 /uploads/2016-10-17/5804dcb41af8b.jpg
INFO: [ app_init ] --START--
INFO: Run Behavior\BuildLiteBehavior [ RunTime:0.000017s ]
INFO: [ app_init ] --END-- [ RunTime:0.000433s ]
ERR: 无法加载模块:Uploads

[ 2016-11-02T15:48:25+08:00 ] 221.215.172.211 /uploads/2016-10-17/5804dcb41af8b.jpg
INFO: [ app_init ] --START--
INFO: Run Behavior\BuildLiteBehavior [ RunTime:0.000021s ]
INFO: [ app_init ] --END-- [ RunTime:0.000514s ]
ERR: 无法加载模块:Uploads

[ 2016-11-02T15:48:25+08:00 ] 221.215.172.211 /uploads/2016-10-17/5804dcf2a73ee.jpg
INFO: [ app_init ] --START--
INFO: Run Behavior\BuildLiteBehavior [ RunTime:0.000022s ]
INFO: [ app_init ] --END-- [ RunTime:0.000477s ]
ERR: 无法加载模块:Uploads

[ 2016-11-02T15:48:25+08:00 ] 221.215.172.211 /uploads/2016-10-17/5804dd484c66e.jpg
INFO: [ app_init ] --START--
INFO: Run Behavior\BuildLiteBehavior [ RunTime:0.000018s ]
INFO: [ app_init ] --END-- [ RunTime:0.000432s ]
ERR: 无法加载模块:Uploads

[ 2016-11-02T15:48:27+08:00 ] 221.215.172.211 /uploads/2016-10-17/5804dcf2a73ee.jpg
INFO: [ app_init ] --START--
INFO: Run Behavior\BuildLiteBehavior [ RunTime:0.000015s ]
INFO: [ app_init ] --END-- [ RunTime:0.000454s ]
ERR: 无法加载模块:Uploads

[ 2016-11-02T15:48:27+08:00 ] 221.215.172.211 /uploads/2016-10-17/5804dd484c66e.jpg
INFO: [ app_init ] --START--
INFO: Run Behavior\BuildLiteBehavior [ RunTime:0.000027s ]
INFO: [ app_init ] --END-- [ RunTime:0.000475s ]
ERR: 无法加载模块:Uploads

[ 2016-11-02T15:48:27+08:00 ] 221.215.172.211 /uploads/2016-10-17/5804dcb41af8b.jpg
INFO: [ app_init ] --START--
INFO: Run Behavior\BuildLiteBehavior [ RunTime:0.000016s ]
INFO: [ app_init ] --END-- [ RunTime:0.000385s ]
ERR: 无法加载模块:Uploads

[ 2016-11-02T15:48:48+08:00 ] 221.215.172.211 /uploads/2016-10-17/5804dcb41af8b.jpg
INFO: [ app_init ] --START--
INFO: Run Behavior\BuildLiteBehavior [ RunTime:0.000018s ]
INFO: [ app_init ] --END-- [ RunTime:0.000403s ]
ERR: 无法加载模块:Uploads

[ 2016-11-02T15:48:48+08:00 ] 221.215.172.211 /uploads/2016-10-17/5804dcf2a73ee.jpg
INFO: [ app_init ] --START--
INFO: Run Behavior\BuildLiteBehavior [ RunTime:0.000019s ]
INFO: [ app_init ] --END-- [ RunTime:0.000423s ]
ERR: 无法加载模块:Uploads

[ 2016-11-02T15:48:48+08:00 ] 221.215.172.211 /uploads/2016-10-17/5804dd484c66e.jpg
INFO: [ app_init ] --START--
INFO: Run Behavior\BuildLiteBehavior [ RunTime:0.000016s ]
INFO: [ app_init ] --END-- [ RunTime:0.000408s ]
ERR: 无法加载模块:Uploads

[ 2016-11-02T15:49:46+08:00 ] 221.215.172.211 /uploads/2016-10-17/5804dcb41af8b.jpg
INFO: [ app_init ] --START--
INFO: Run Behavior\BuildLiteBehavior [ RunTime:0.000021s ]
INFO: [ app_init ] --END-- [ RunTime:0.000459s ]
ERR: 无法加载模块:Uploads

[ 2016-11-02T15:49:46+08:00 ] 221.215.172.211 /uploads/2016-10-17/5804dcf2a73ee.jpg
INFO: [ app_init ] --START--
INFO: Run Behavior\BuildLiteBehavior [ RunTime:0.000021s ]
INFO: [ app_init ] --END-- [ RunTime:0.000437s ]
ERR: 无法加载模块:Uploads

[ 2016-11-02T15:49:46+08:00 ] 221.215.172.211 /uploads/2016-10-17/5804dd484c66e.jpg
INFO: [ app_init ] --START--
INFO: Run Behavior\BuildLiteBehavior [ RunTime:0.000016s ]
INFO: [ app_init ] --END-- [ RunTime:0.003220s ]
ERR: 无法加载模块:Uploads

[ 2016-11-02T15:49:47+08:00 ] 221.215.172.211 /uploads/2016-10-17/5804dcf2a73ee.jpg
INFO: [ app_init ] --START--
INFO: Run Behavior\BuildLiteBehavior [ RunTime:0.000017s ]
INFO: [ app_init ] --END-- [ RunTime:0.004281s ]
ERR: 无法加载模块:Uploads

[ 2016-11-02T15:49:47+08:00 ] 221.215.172.211 /uploads/2016-10-17/5804dd484c66e.jpg
INFO: [ app_init ] --START--
INFO: Run Behavior\BuildLiteBehavior [ RunTime:0.000018s ]
INFO: [ app_init ] --END-- [ RunTime:0.003069s ]
ERR: 无法加载模块:Uploads

[ 2016-11-02T15:49:47+08:00 ] 221.215.172.211 /uploads/2016-10-17/5804dcb41af8b.jpg
INFO: [ app_init ] --START--
INFO: Run Behavior\BuildLiteBehavior [ RunTime:0.000044s ]
INFO: [ app_init ] --END-- [ RunTime:0.000423s ]
ERR: 无法加载模块:Uploads

[ 2016-11-02T15:49:50+08:00 ] 221.215.172.211 /uploads/2016-10-17/5804dcb41af8b.jpg
INFO: [ app_init ] --START--
INFO: Run Behavior\BuildLiteBehavior [ RunTime:0.000033s ]
INFO: [ app_init ] --END-- [ RunTime:0.000523s ]
ERR: 无法加载模块:Uploads

[ 2016-11-02T15:49:50+08:00 ] 221.215.172.211 /uploads/2016-10-17/5804dd484c66e.jpg
INFO: [ app_init ] --START--
INFO: Run Behavior\BuildLiteBehavior [ RunTime:0.000019s ]
INFO: [ app_init ] --END-- [ RunTime:0.000463s ]
ERR: 无法加载模块:Uploads

[ 2016-11-02T15:49:50+08:00 ] 221.215.172.211 /uploads/2016-10-17/5804dcf2a73ee.jpg
INFO: [ app_init ] --START--
INFO: Run Behavior\BuildLiteBehavior [ RunTime:0.000020s ]
INFO: [ app_init ] --END-- [ RunTime:0.000506s ]
ERR: 无法加载模块:Uploads

[ 2016-11-02T15:49:53+08:00 ] 221.215.172.211 /uploads/2016-10-17/5804dd484c66e.jpg
INFO: [ app_init ] --START--
INFO: Run Behavior\BuildLiteBehavior [ RunTime:0.000017s ]
INFO: [ app_init ] --END-- [ RunTime:0.000409s ]
ERR: 无法加载模块:Uploads

[ 2016-11-02T15:49:53+08:00 ] 221.215.172.211 /uploads/2016-10-17/5804dcb41af8b.jpg
INFO: [ app_init ] --START--
INFO: Run Behavior\BuildLiteBehavior [ RunTime:0.000023s ]
INFO: [ app_init ] --END-- [ RunTime:0.000448s ]
ERR: 无法加载模块:Uploads

[ 2016-11-02T15:49:53+08:00 ] 221.215.172.211 /uploads/2016-10-17/5804dcf2a73ee.jpg
INFO: [ app_init ] --START--
INFO: Run Behavior\BuildLiteBehavior [ RunTime:0.000018s ]
INFO: [ app_init ] --END-- [ RunTime:0.000410s ]
ERR: 无法加载模块:Uploads

[ 2016-11-02T15:49:53+08:00 ] 221.215.172.211 /uploads/2016-10-17/5804dcb41af8b.jpg
INFO: [ app_init ] --START--
INFO: Run Behavior\BuildLiteBehavior [ RunTime:0.000022s ]
INFO: [ app_init ] --END-- [ RunTime:0.000431s ]
ERR: 无法加载模块:Uploads

[ 2016-11-02T15:49:54+08:00 ] 221.215.172.211 /uploads/2016-10-17/5804dd484c66e.jpg
INFO: [ app_init ] --START--
INFO: Run Behavior\BuildLiteBehavior [ RunTime:0.000019s ]
INFO: [ app_init ] --END-- [ RunTime:0.000419s ]
ERR: 无法加载模块:Uploads

[ 2016-11-02T15:49:54+08:00 ] 221.215.172.211 /uploads/2016-10-17/5804dcf2a73ee.jpg
INFO: [ app_init ] --START--
INFO: Run Behavior\BuildLiteBehavior [ RunTime:0.000021s ]
INFO: [ app_init ] --END-- [ RunTime:0.005489s ]
ERR: 无法加载模块:Uploads

[ 2016-11-02T15:50:06+08:00 ] 221.215.172.211 /uploads/2016-10-17/5804dcb41af8b.jpg
INFO: [ app_init ] --START--
INFO: Run Behavior\BuildLiteBehavior [ RunTime:0.000022s ]
INFO: [ app_init ] --END-- [ RunTime:0.000460s ]
ERR: 无法加载模块:Uploads

[ 2016-11-02T15:50:06+08:00 ] 221.215.172.211 /uploads/2016-10-17/5804dd484c66e.jpg
INFO: [ app_init ] --START--
INFO: Run Behavior\BuildLiteBehavior [ RunTime:0.000020s ]
INFO: [ app_init ] --END-- [ RunTime:0.004140s ]
ERR: 无法加载模块:Uploads

[ 2016-11-02T15:50:06+08:00 ] 221.215.172.211 /uploads/2016-10-17/5804dcf2a73ee.jpg
INFO: [ app_init ] --START--
INFO: Run Behavior\BuildLiteBehavior [ RunTime:0.000019s ]
INFO: [ app_init ] --END-- [ RunTime:0.000517s ]
ERR: 无法加载模块:Uploads

[ 2016-11-02T15:59:12+08:00 ] 221.215.172.211 /uploads/BL/58173bb6e2db1.jpg
INFO: [ app_init ] --START--
INFO: Run Behavior\BuildLiteBehavior [ RunTime:0.000023s ]
INFO: [ app_init ] --END-- [ RunTime:0.000464s ]
ERR: 无法加载模块:Uploads

[ 2016-11-02T15:59:12+08:00 ] 221.215.172.211 /uploads/BL/58173bb705126.jpg
INFO: [ app_init ] --START--
INFO: Run Behavior\BuildLiteBehavior [ RunTime:0.000019s ]
INFO: [ app_init ] --END-- [ RunTime:0.000427s ]
ERR: 无法加载模块:Uploads

[ 2016-11-02T15:59:12+08:00 ] 221.215.172.211 /uploads/BL/58173bb71abd4.jpg
INFO: [ app_init ] --START--
INFO: Run Behavior\BuildLiteBehavior [ RunTime:0.000017s ]
INFO: [ app_init ] --END-- [ RunTime:0.000441s ]
ERR: 无法加载模块:Uploads

[ 2016-11-02T16:21:26+08:00 ] 221.215.172.211 /uploads/BL/58173bb6e2db1.jpg
INFO: [ app_init ] --START--
INFO: Run Behavior\BuildLiteBehavior [ RunTime:0.000022s ]
INFO: [ app_init ] --END-- [ RunTime:0.000484s ]
ERR: 无法加载模块:Uploads

[ 2016-11-02T16:21:26+08:00 ] 221.215.172.211 /uploads/BL/58173bb705126.jpg
INFO: [ app_init ] --START--
INFO: Run Behavior\BuildLiteBehavior [ RunTime:0.000020s ]
INFO: [ app_init ] --END-- [ RunTime:0.000446s ]
ERR: 无法加载模块:Uploads

[ 2016-11-02T16:21:26+08:00 ] 221.215.172.211 /uploads/BL/58173bb71abd4.jpg
INFO: [ app_init ] --START--
INFO: Run Behavior\BuildLiteBehavior [ RunTime:0.000016s ]
INFO: [ app_init ] --END-- [ RunTime:0.000394s ]
ERR: 无法加载模块:Uploads

[ 2016-11-02T16:24:19+08:00 ] 221.215.172.211 /uploads/BL/58173bb6e2db1.jpg
INFO: [ app_init ] --START--
INFO: Run Behavior\BuildLiteBehavior [ RunTime:0.000023s ]
INFO: [ app_init ] --END-- [ RunTime:0.000471s ]
ERR: 无法加载模块:Uploads

[ 2016-11-02T16:24:19+08:00 ] 221.215.172.211 /uploads/BL/58173bb705126.jpg
INFO: [ app_init ] --START--
INFO: Run Behavior\BuildLiteBehavior [ RunTime:0.000027s ]
INFO: [ app_init ] --END-- [ RunTime:0.000458s ]
ERR: 无法加载模块:Uploads

[ 2016-11-02T16:24:19+08:00 ] 221.215.172.211 /uploads/BL/58173bb71abd4.jpg
INFO: [ app_init ] --START--
INFO: Run Behavior\BuildLiteBehavior [ RunTime:0.000016s ]
INFO: [ app_init ] --END-- [ RunTime:0.000428s ]
ERR: 无法加载模块:Uploads

[ 2016-11-02T16:25:07+08:00 ] 221.215.172.211 /uploads/BL/58173bb6e2db1.jpg
INFO: [ app_init ] --START--
INFO: Run Behavior\BuildLiteBehavior [ RunTime:0.000020s ]
INFO: [ app_init ] --END-- [ RunTime:0.000445s ]
ERR: 无法加载模块:Uploads

[ 2016-11-02T16:25:07+08:00 ] 221.215.172.211 /uploads/BL/58173bb705126.jpg
INFO: [ app_init ] --START--
INFO: Run Behavior\BuildLiteBehavior [ RunTime:0.000021s ]
INFO: [ app_init ] --END-- [ RunTime:0.000463s ]
ERR: 无法加载模块:Uploads

[ 2016-11-02T16:25:07+08:00 ] 221.215.172.211 /uploads/BL/58173bb71abd4.jpg
INFO: [ app_init ] --START--
INFO: Run Behavior\BuildLiteBehavior [ RunTime:0.000022s ]
INFO: [ app_init ] --END-- [ RunTime:0.000439s ]
ERR: 无法加载模块:Uploads

[ 2016-11-02T16:34:03+08:00 ] 219.147.31.174 /Public/Admin/img/icon1.png
INFO: [ app_init ] --START--
INFO: Run Behavior\BuildLiteBehavior [ RunTime:0.000025s ]
INFO: [ app_init ] --END-- [ RunTime:0.000564s ]
ERR: 无法加载模块:Public

[ 2016-11-02T16:34:04+08:00 ] 219.147.31.174 /uploads/BL/58173bb6e2db1.jpg
INFO: [ app_init ] --START--
INFO: Run Behavior\BuildLiteBehavior [ RunTime:0.000024s ]
INFO: [ app_init ] --END-- [ RunTime:0.000445s ]
ERR: 无法加载模块:Uploads

[ 2016-11-02T16:34:04+08:00 ] 219.147.31.174 /uploads/BL/58173bb705126.jpg
INFO: [ app_init ] --START--
INFO: Run Behavior\BuildLiteBehavior [ RunTime:0.000019s ]
INFO: [ app_init ] --END-- [ RunTime:0.000410s ]
ERR: 无法加载模块:Uploads

[ 2016-11-02T16:34:04+08:00 ] 219.147.31.174 /uploads/BL/58173bb71abd4.jpg
INFO: [ app_init ] --START--
INFO: Run Behavior\BuildLiteBehavior [ RunTime:0.000024s ]
INFO: [ app_init ] --END-- [ RunTime:0.006125s ]
ERR: 无法加载模块:Uploads

[ 2016-11-02T16:34:04+08:00 ] 219.147.31.174 /uploads/BL/58173bb705126.jpg
INFO: [ app_init ] --START--
INFO: Run Behavior\BuildLiteBehavior [ RunTime:0.000016s ]
INFO: [ app_init ] --END-- [ RunTime:0.000379s ]
ERR: 无法加载模块:Uploads

[ 2016-11-02T16:34:04+08:00 ] 219.147.31.174 /uploads/BL/58173bb71abd4.jpg
INFO: [ app_init ] --START--
INFO: Run Behavior\BuildLiteBehavior [ RunTime:0.000021s ]
INFO: [ app_init ] --END-- [ RunTime:0.000416s ]
ERR: 无法加载模块:Uploads

[ 2016-11-02T16:34:04+08:00 ] 219.147.31.174 /uploads/BL/58173bb6e2db1.jpg
INFO: [ app_init ] --START--
INFO: Run Behavior\BuildLiteBehavior [ RunTime:0.000015s ]
INFO: [ app_init ] --END-- [ RunTime:0.003746s ]
ERR: 无法加载模块:Uploads

[ 2016-11-02T16:35:15+08:00 ] 219.147.31.174 /Public/Admin/img/icon1.png
INFO: [ app_init ] --START--
INFO: Run Behavior\BuildLiteBehavior [ RunTime:0.000020s ]
INFO: [ app_init ] --END-- [ RunTime:0.000477s ]
ERR: 无法加载模块:Public

[ 2016-11-02T16:35:15+08:00 ] 219.147.31.174 /uploads/BL/58173bb71abd4.jpg
INFO: [ app_init ] --START--
INFO: Run Behavior\BuildLiteBehavior [ RunTime:0.000023s ]
INFO: [ app_init ] --END-- [ RunTime:0.000487s ]
ERR: 无法加载模块:Uploads

[ 2016-11-02T16:35:15+08:00 ] 219.147.31.174 /uploads/BL/58173bb6e2db1.jpg
INFO: [ app_init ] --START--
INFO: Run Behavior\BuildLiteBehavior [ RunTime:0.000017s ]
INFO: [ app_init ] --END-- [ RunTime:0.004493s ]
ERR: 无法加载模块:Uploads

[ 2016-11-02T16:35:15+08:00 ] 219.147.31.174 /uploads/BL/58173bb705126.jpg
INFO: [ app_init ] --START--
INFO: Run Behavior\BuildLiteBehavior [ RunTime:0.000017s ]
INFO: [ app_init ] --END-- [ RunTime:0.003048s ]
ERR: 无法加载模块:Uploads

[ 2016-11-02T16:35:31+08:00 ] 221.215.172.211 /uploads/2016-10-17/5804dcb41af8b.jpg
INFO: [ app_init ] --START--
INFO: Run Behavior\BuildLiteBehavior [ RunTime:0.000060s ]
INFO: [ app_init ] --END-- [ RunTime:0.000498s ]
ERR: 无法加载模块:Uploads

[ 2016-11-02T16:35:31+08:00 ] 221.215.172.211 /uploads/2016-10-17/5804dd484c66e.jpg
INFO: [ app_init ] --START--
INFO: Run Behavior\BuildLiteBehavior [ RunTime:0.000016s ]
INFO: [ app_init ] --END-- [ RunTime:0.000435s ]
ERR: 无法加载模块:Uploads

[ 2016-11-02T16:35:31+08:00 ] 221.215.172.211 /uploads/2016-10-17/5804dcf2a73ee.jpg
INFO: [ app_init ] --START--
INFO: Run Behavior\BuildLiteBehavior [ RunTime:0.000020s ]
INFO: [ app_init ] --END-- [ RunTime:0.000444s ]
ERR: 无法加载模块:Uploads

[ 2016-11-02T16:36:46+08:00 ] 221.215.172.211 /uploads/2016-10-17/5804dcb41af8b.jpg
INFO: [ app_init ] --START--
INFO: Run Behavior\BuildLiteBehavior [ RunTime:0.000026s ]
INFO: [ app_init ] --END-- [ RunTime:0.000494s ]
ERR: 无法加载模块:Uploads

[ 2016-11-02T16:36:46+08:00 ] 221.215.172.211 /uploads/2016-10-17/5804dd484c66e.jpg
INFO: [ app_init ] --START--
INFO: Run Behavior\BuildLiteBehavior [ RunTime:0.000022s ]
INFO: [ app_init ] --END-- [ RunTime:0.000423s ]
ERR: 无法加载模块:Uploads

[ 2016-11-02T16:36:46+08:00 ] 221.215.172.211 /uploads/2016-10-17/5804dcf2a73ee.jpg
INFO: [ app_init ] --START--
INFO: Run Behavior\BuildLiteBehavior [ RunTime:0.000016s ]
INFO: [ app_init ] --END-- [ RunTime:0.000387s ]
ERR: 无法加载模块:Uploads

[ 2016-11-02T16:36:52+08:00 ] 221.215.172.211 /uploads/2016-10-17/5804dd484c66e.jpg
INFO: [ app_init ] --START--
INFO: Run Behavior\BuildLiteBehavior [ RunTime:0.000025s ]
INFO: [ app_init ] --END-- [ RunTime:0.004885s ]
ERR: 无法加载模块:Uploads

[ 2016-11-02T16:36:52+08:00 ] 221.215.172.211 /uploads/2016-10-17/5804dcb41af8b.jpg
INFO: [ app_init ] --START--
INFO: Run Behavior\BuildLiteBehavior [ RunTime:0.000025s ]
INFO: [ app_init ] --END-- [ RunTime:0.000456s ]
ERR: 无法加载模块:Uploads

[ 2016-11-02T16:36:52+08:00 ] 221.215.172.211 /uploads/2016-10-17/5804dcf2a73ee.jpg
INFO: [ app_init ] --START--
INFO: Run Behavior\BuildLiteBehavior [ RunTime:0.000026s ]
INFO: [ app_init ] --END-- [ RunTime:0.000636s ]
ERR: 无法加载模块:Uploads

[ 2016-11-02T16:40:26+08:00 ] 219.147.31.174 /Public/Admin/img/icon1.png
INFO: [ app_init ] --START--
INFO: Run Behavior\BuildLiteBehavior [ RunTime:0.000018s ]
INFO: [ app_init ] --END-- [ RunTime:0.000447s ]
ERR: 无法加载模块:Public

[ 2016-11-02T16:40:27+08:00 ] 219.147.31.174 /uploads/BL/58173bb6e2db1.jpg
INFO: [ app_init ] --START--
INFO: Run Behavior\BuildLiteBehavior [ RunTime:0.000018s ]
INFO: [ app_init ] --END-- [ RunTime:0.004878s ]
ERR: 无法加载模块:Uploads

[ 2016-11-02T16:40:27+08:00 ] 219.147.31.174 /uploads/BL/58173bb705126.jpg
INFO: [ app_init ] --START--
INFO: Run Behavior\BuildLiteBehavior [ RunTime:0.000018s ]
INFO: [ app_init ] --END-- [ RunTime:0.000427s ]
ERR: 无法加载模块:Uploads

[ 2016-11-02T16:40:27+08:00 ] 219.147.31.174 /uploads/BL/58173bb71abd4.jpg
INFO: [ app_init ] --START--
INFO: Run Behavior\BuildLiteBehavior [ RunTime:0.000024s ]
INFO: [ app_init ] --END-- [ RunTime:0.000465s ]
ERR: 无法加载模块:Uploads

[ 2016-11-02T16:41:36+08:00 ] 219.147.31.174 /Public/Admin/img/icon1.png
INFO: [ app_init ] --START--
INFO: Run Behavior\BuildLiteBehavior [ RunTime:0.000022s ]
INFO: [ app_init ] --END-- [ RunTime:0.000447s ]
ERR: 无法加载模块:Public

[ 2016-11-02T16:41:37+08:00 ] 219.147.31.174 /uploads/BL/58173bb6e2db1.jpg
INFO: [ app_init ] --START--
INFO: Run Behavior\BuildLiteBehavior [ RunTime:0.000021s ]
INFO: [ app_init ] --END-- [ RunTime:0.000425s ]
ERR: 无法加载模块:Uploads

[ 2016-11-02T16:41:37+08:00 ] 219.147.31.174 /uploads/BL/58173bb71abd4.jpg
INFO: [ app_init ] --START--
INFO: Run Behavior\BuildLiteBehavior [ RunTime:0.000015s ]
INFO: [ app_init ] --END-- [ RunTime:0.000407s ]
ERR: 无法加载模块:Uploads

[ 2016-11-02T16:41:37+08:00 ] 219.147.31.174 /uploads/BL/58173bb705126.jpg
INFO: [ app_init ] --START--
INFO: Run Behavior\BuildLiteBehavior [ RunTime:0.000017s ]
INFO: [ app_init ] --END-- [ RunTime:0.000384s ]
ERR: 无法加载模块:Uploads

[ 2016-11-02T16:44:03+08:00 ] 221.215.172.211 /favicon.ico
INFO: [ app_init ] --START--
INFO: Run Behavior\BuildLiteBehavior [ RunTime:0.000040s ]
INFO: [ app_init ] --END-- [ RunTime:0.000433s ]
ERR: 无法加载模块:Favicon

[ 2016-11-02T17:04:57+08:00 ] 221.215.172.211 /uploads/2016-10-17/5804dcb41af8b.jpg
INFO: [ app_init ] --START--
INFO: Run Behavior\BuildLiteBehavior [ RunTime:0.000023s ]
INFO: [ app_init ] --END-- [ RunTime:0.000436s ]
ERR: 无法加载模块:Uploads

[ 2016-11-02T17:04:57+08:00 ] 221.215.172.211 /uploads/2016-10-17/5804dd484c66e.jpg
INFO: [ app_init ] --START--
INFO: Run Behavior\BuildLiteBehavior [ RunTime:0.000022s ]
INFO: [ app_init ] --END-- [ RunTime:0.000457s ]
ERR: 无法加载模块:Uploads

[ 2016-11-02T17:04:57+08:00 ] 221.215.172.211 /uploads/2016-10-17/5804dcf2a73ee.jpg
INFO: [ app_init ] --START--
INFO: Run Behavior\BuildLiteBehavior [ RunTime:0.000016s ]
INFO: [ app_init ] --END-- [ RunTime:0.000390s ]
ERR: 无法加载模块:Uploads

[ 2016-11-02T17:05:03+08:00 ] 221.215.172.211 /uploads/2016-10-17/5804dcb41af8b.jpg
INFO: [ app_init ] --START--
INFO: Run Behavior\BuildLiteBehavior [ RunTime:0.000022s ]
INFO: [ app_init ] --END-- [ RunTime:0.004450s ]
ERR: 无法加载模块:Uploads

[ 2016-11-02T17:05:03+08:00 ] 221.215.172.211 /uploads/2016-10-17/5804dd484c66e.jpg
INFO: [ app_init ] --START--
INFO: Run Behavior\BuildLiteBehavior [ RunTime:0.002483s ]
INFO: [ app_init ] --END-- [ RunTime:0.002854s ]
ERR: 无法加载模块:Uploads

[ 2016-11-02T17:05:03+08:00 ] 221.215.172.211 /uploads/2016-10-17/5804dcf2a73ee.jpg
INFO: [ app_init ] --START--
INFO: Run Behavior\BuildLiteBehavior [ RunTime:0.000016s ]
INFO: [ app_init ] --END-- [ RunTime:0.000399s ]
ERR: 无法加载模块:Uploads

[ 2016-11-02T17:05:06+08:00 ] 221.215.172.211 /uploads/2016-10-17/5804dcb41af8b.jpg
INFO: [ app_init ] --START--
INFO: Run Behavior\BuildLiteBehavior [ RunTime:0.000024s ]
INFO: [ app_init ] --END-- [ RunTime:0.000441s ]
ERR: 无法加载模块:Uploads

[ 2016-11-02T17:05:06+08:00 ] 221.215.172.211 /uploads/2016-10-17/5804dcf2a73ee.jpg
INFO: [ app_init ] --START--
INFO: Run Behavior\BuildLiteBehavior [ RunTime:0.000017s ]
INFO: [ app_init ] --END-- [ RunTime:0.000423s ]
ERR: 无法加载模块:Uploads

[ 2016-11-02T17:05:06+08:00 ] 221.215.172.211 /uploads/2016-10-17/5804dd484c66e.jpg
INFO: [ app_init ] --START--
INFO: Run Behavior\BuildLiteBehavior [ RunTime:0.000015s ]
INFO: [ app_init ] --END-- [ RunTime:0.000407s ]
ERR: 无法加载模块:Uploads

[ 2016-11-02T17:05:16+08:00 ] 221.215.172.211 /uploads/2016-10-17/5804dcb41af8b.jpg
INFO: [ app_init ] --START--
INFO: Run Behavior\BuildLiteBehavior [ RunTime:0.000023s ]
INFO: [ app_init ] --END-- [ RunTime:0.004821s ]
ERR: 无法加载模块:Uploads

[ 2016-11-02T17:05:16+08:00 ] 221.215.172.211 /uploads/2016-10-17/5804dcf2a73ee.jpg
INFO: [ app_init ] --START--
INFO: Run Behavior\BuildLiteBehavior [ RunTime:0.000017s ]
INFO: [ app_init ] --END-- [ RunTime:0.000420s ]
ERR: 无法加载模块:Uploads

[ 2016-11-02T17:05:16+08:00 ] 221.215.172.211 /uploads/2016-10-17/5804dd484c66e.jpg
INFO: [ app_init ] --START--
INFO: Run Behavior\BuildLiteBehavior [ RunTime:0.000023s ]
INFO: [ app_init ] --END-- [ RunTime:0.000426s ]
ERR: 无法加载模块:Uploads

[ 2016-11-02T17:05:19+08:00 ] 221.215.172.211 /uploads/2016-10-17/5804dcb41af8b.jpg
INFO: [ app_init ] --START--
INFO: Run Behavior\BuildLiteBehavior [ RunTime:0.000017s ]
INFO: [ app_init ] --END-- [ RunTime:0.000412s ]
ERR: 无法加载模块:Uploads

[ 2016-11-02T17:05:19+08:00 ] 221.215.172.211 /uploads/2016-10-17/5804dd484c66e.jpg
INFO: [ app_init ] --START--
INFO: Run Behavior\BuildLiteBehavior [ RunTime:0.000023s ]
INFO: [ app_init ] --END-- [ RunTime:0.000436s ]
ERR: 无法加载模块:Uploads

[ 2016-11-02T17:05:19+08:00 ] 221.215.172.211 /uploads/2016-10-17/5804dcf2a73ee.jpg
INFO: [ app_init ] --START--
INFO: Run Behavior\BuildLiteBehavior [ RunTime:0.000017s ]
INFO: [ app_init ] --END-- [ RunTime:0.000393s ]
ERR: 无法加载模块:Uploads

[ 2016-11-02T17:05:21+08:00 ] 221.215.172.211 /uploads/2016-10-17/5804dcf2a73ee.jpg
INFO: [ app_init ] --START--
INFO: Run Behavior\BuildLiteBehavior [ RunTime:0.000021s ]
INFO: [ app_init ] --END-- [ RunTime:0.000425s ]
ERR: 无法加载模块:Uploads

[ 2016-11-02T17:05:21+08:00 ] 221.215.172.211 /uploads/2016-10-17/5804dd484c66e.jpg
INFO: [ app_init ] --START--
INFO: Run Behavior\BuildLiteBehavior [ RunTime:0.000017s ]
INFO: [ app_init ] --END-- [ RunTime:0.000398s ]
ERR: 无法加载模块:Uploads

[ 2016-11-02T17:05:21+08:00 ] 221.215.172.211 /uploads/2016-10-17/5804dcb41af8b.jpg
INFO: [ app_init ] --START--
INFO: Run Behavior\BuildLiteBehavior [ RunTime:0.000016s ]
INFO: [ app_init ] --END-- [ RunTime:0.000385s ]
ERR: 无法加载模块:Uploads

[ 2016-11-02T17:05:24+08:00 ] 221.215.172.211 /uploads/2016-10-17/5804dd484c66e.jpg
INFO: [ app_init ] --START--
INFO: Run Behavior\BuildLiteBehavior [ RunTime:0.000024s ]
INFO: [ app_init ] --END-- [ RunTime:0.000474s ]
ERR: 无法加载模块:Uploads

[ 2016-11-02T17:05:24+08:00 ] 221.215.172.211 /uploads/2016-10-17/5804dcb41af8b.jpg
INFO: [ app_init ] --START--
INFO: Run Behavior\BuildLiteBehavior [ RunTime:0.000021s ]
INFO: [ app_init ] --END-- [ RunTime:0.001145s ]
ERR: 无法加载模块:Uploads

[ 2016-11-02T17:05:24+08:00 ] 221.215.172.211 /uploads/2016-10-17/5804dcf2a73ee.jpg
INFO: [ app_init ] --START--
INFO: Run Behavior\BuildLiteBehavior [ RunTime:0.000019s ]
INFO: [ app_init ] --END-- [ RunTime:0.000407s ]
ERR: 无法加载模块:Uploads

[ 2016-11-02T17:05:31+08:00 ] 221.215.172.211 /uploads/2016-10-17/5804dcb41af8b.jpg
INFO: [ app_init ] --START--
INFO: Run Behavior\BuildLiteBehavior [ RunTime:0.000031s ]
INFO: [ app_init ] --END-- [ RunTime:0.000466s ]
ERR: 无法加载模块:Uploads

[ 2016-11-02T17:05:31+08:00 ] 221.215.172.211 /uploads/2016-10-17/5804dcf2a73ee.jpg
INFO: [ app_init ] --START--
INFO: Run Behavior\BuildLiteBehavior [ RunTime:0.000018s ]
INFO: [ app_init ] --END-- [ RunTime:0.000397s ]
ERR: 无法加载模块:Uploads

[ 2016-11-02T17:05:31+08:00 ] 221.215.172.211 /uploads/2016-10-17/5804dd484c66e.jpg
INFO: [ app_init ] --START--
INFO: Run Behavior\BuildLiteBehavior [ RunTime:0.000025s ]
INFO: [ app_init ] --END-- [ RunTime:0.000486s ]
ERR: 无法加载模块:Uploads

[ 2016-11-02T17:05:40+08:00 ] 221.215.172.211 /uploads/2016-10-17/5804dcf2a73ee.jpg
INFO: [ app_init ] --START--
INFO: Run Behavior\BuildLiteBehavior [ RunTime:0.000019s ]
INFO: [ app_init ] --END-- [ RunTime:0.000491s ]
ERR: 无法加载模块:Uploads

[ 2016-11-02T17:05:40+08:00 ] 221.215.172.211 /uploads/2016-10-17/5804dd484c66e.jpg
INFO: [ app_init ] --START--
INFO: Run Behavior\BuildLiteBehavior [ RunTime:0.000026s ]
INFO: [ app_init ] --END-- [ RunTime:0.000532s ]
ERR: 无法加载模块:Uploads

[ 2016-11-02T17:05:40+08:00 ] 221.215.172.211 /uploads/2016-10-17/5804dcb41af8b.jpg
INFO: [ app_init ] --START--
INFO: Run Behavior\BuildLiteBehavior [ RunTime:0.000018s ]
INFO: [ app_init ] --END-- [ RunTime:0.000440s ]
ERR: 无法加载模块:Uploads

[ 2016-11-02T17:06:15+08:00 ] 221.215.172.211 /uploads/BL/58173bb6e2db1.jpg
INFO: [ app_init ] --START--
INFO: Run Behavior\BuildLiteBehavior [ RunTime:0.000025s ]
INFO: [ app_init ] --END-- [ RunTime:0.001588s ]
ERR: 无法加载模块:Uploads

[ 2016-11-02T17:06:15+08:00 ] 221.215.172.211 /uploads/BL/58173bb705126.jpg
INFO: [ app_init ] --START--
INFO: Run Behavior\BuildLiteBehavior [ RunTime:0.000019s ]
INFO: [ app_init ] --END-- [ RunTime:0.000416s ]
ERR: 无法加载模块:Uploads

[ 2016-11-02T17:06:15+08:00 ] 221.215.172.211 /uploads/BL/58173bb71abd4.jpg
INFO: [ app_init ] --START--
INFO: Run Behavior\BuildLiteBehavior [ RunTime:0.000019s ]
INFO: [ app_init ] --END-- [ RunTime:0.000408s ]
ERR: 无法加载模块:Uploads

[ 2016-11-02T17:07:12+08:00 ] 221.215.172.211 /uploads/BL/58173bb71abd4.jpg
INFO: [ app_init ] --START--
INFO: Run Behavior\BuildLiteBehavior [ RunTime:0.000038s ]
INFO: [ app_init ] --END-- [ RunTime:0.000427s ]
ERR: 无法加载模块:Uploads

[ 2016-11-02T17:07:12+08:00 ] 221.215.172.211 /uploads/BL/58173bb705126.jpg
INFO: [ app_init ] --START--
INFO: Run Behavior\BuildLiteBehavior [ RunTime:0.000016s ]
INFO: [ app_init ] --END-- [ RunTime:0.002164s ]
ERR: 无法加载模块:Uploads

[ 2016-11-02T17:07:12+08:00 ] 221.215.172.211 /uploads/BL/58173bb6e2db1.jpg
INFO: [ app_init ] --START--
INFO: Run Behavior\BuildLiteBehavior [ RunTime:0.000021s ]
INFO: [ app_init ] --END-- [ RunTime:0.005305s ]
ERR: 无法加载模块:Uploads

[ 2016-11-02T17:15:43+08:00 ] 221.215.172.211 /uploads/BL/58173bb6e2db1.jpg
INFO: [ app_init ] --START--
INFO: Run Behavior\BuildLiteBehavior [ RunTime:0.000021s ]
INFO: [ app_init ] --END-- [ RunTime:0.000442s ]
ERR: 无法加载模块:Uploads

[ 2016-11-02T17:15:43+08:00 ] 221.215.172.211 /uploads/BL/58173bb705126.jpg
INFO: [ app_init ] --START--
INFO: Run Behavior\BuildLiteBehavior [ RunTime:0.000024s ]
INFO: [ app_init ] --END-- [ RunTime:0.000437s ]
ERR: 无法加载模块:Uploads

[ 2016-11-02T17:15:43+08:00 ] 221.215.172.211 /uploads/BL/58173bb71abd4.jpg
INFO: [ app_init ] --START--
INFO: Run Behavior\BuildLiteBehavior [ RunTime:0.000018s ]
INFO: [ app_init ] --END-- [ RunTime:0.000420s ]
ERR: 无法加载模块:Uploads

[ 2016-11-02T17:16:33+08:00 ] 221.215.172.211 /uploads/BL/58173bb6e2db1.jpg
INFO: [ app_init ] --START--
INFO: Run Behavior\BuildLiteBehavior [ RunTime:0.000024s ]
INFO: [ app_init ] --END-- [ RunTime:0.002494s ]
ERR: 无法加载模块:Uploads

[ 2016-11-02T17:16:33+08:00 ] 221.215.172.211 /uploads/BL/58173bb71abd4.jpg
INFO: [ app_init ] --START--
INFO: Run Behavior\BuildLiteBehavior [ RunTime:0.000030s ]
INFO: [ app_init ] --END-- [ RunTime:0.000580s ]
ERR: 无法加载模块:Uploads

[ 2016-11-02T17:16:33+08:00 ] 221.215.172.211 /uploads/BL/58173bb705126.jpg
INFO: [ app_init ] --START--
INFO: Run Behavior\BuildLiteBehavior [ RunTime:0.000017s ]
INFO: [ app_init ] --END-- [ RunTime:0.000413s ]
ERR: 无法加载模块:Uploads

[ 2016-11-02T17:17:52+08:00 ] 221.215.172.211 /uploads/BL/58173bb705126.jpg
INFO: [ app_init ] --START--
INFO: Run Behavior\BuildLiteBehavior [ RunTime:0.000022s ]
INFO: [ app_init ] --END-- [ RunTime:0.000462s ]
ERR: 无法加载模块:Uploads

[ 2016-11-02T17:17:52+08:00 ] 221.215.172.211 /uploads/BL/58173bb6e2db1.jpg
INFO: [ app_init ] --START--
INFO: Run Behavior\BuildLiteBehavior [ RunTime:0.000018s ]
INFO: [ app_init ] --END-- [ RunTime:0.000419s ]
ERR: 无法加载模块:Uploads

[ 2016-11-02T17:17:52+08:00 ] 221.215.172.211 /uploads/BL/58173bb71abd4.jpg
INFO: [ app_init ] --START--
INFO: Run Behavior\BuildLiteBehavior [ RunTime:0.000019s ]
INFO: [ app_init ] --END-- [ RunTime:0.000413s ]
ERR: 无法加载模块:Uploads

[ 2016-11-02T17:19:37+08:00 ] 221.215.172.211 /uploads/2016-10-17/5804dcb41af8b.jpg
INFO: [ app_init ] --START--
INFO: Run Behavior\BuildLiteBehavior [ RunTime:0.000024s ]
INFO: [ app_init ] --END-- [ RunTime:0.000443s ]
ERR: 无法加载模块:Uploads

[ 2016-11-02T17:19:37+08:00 ] 221.215.172.211 /uploads/2016-10-17/5804dd484c66e.jpg
INFO: [ app_init ] --START--
INFO: Run Behavior\BuildLiteBehavior [ RunTime:0.000023s ]
INFO: [ app_init ] --END-- [ RunTime:0.000478s ]
ERR: 无法加载模块:Uploads

[ 2016-11-02T17:19:37+08:00 ] 221.215.172.211 /uploads/2016-10-17/5804dcf2a73ee.jpg
INFO: [ app_init ] --START--
INFO: Run Behavior\BuildLiteBehavior [ RunTime:0.000017s ]
INFO: [ app_init ] --END-- [ RunTime:0.000451s ]
ERR: 无法加载模块:Uploads

[ 2016-11-02T17:25:14+08:00 ] 221.215.172.211 /uploads/2016-10-17/5804dcb41af8b.jpg
INFO: [ app_init ] --START--
INFO: Run Behavior\BuildLiteBehavior [ RunTime:0.000024s ]
INFO: [ app_init ] --END-- [ RunTime:0.004479s ]
ERR: 无法加载模块:Uploads

[ 2016-11-02T17:25:14+08:00 ] 221.215.172.211 /uploads/2016-10-17/5804dcf2a73ee.jpg
INFO: [ app_init ] --START--
INFO: Run Behavior\BuildLiteBehavior [ RunTime:0.000018s ]
INFO: [ app_init ] --END-- [ RunTime:0.000401s ]
ERR: 无法加载模块:Uploads

[ 2016-11-02T17:25:14+08:00 ] 221.215.172.211 /uploads/2016-10-17/5804dd484c66e.jpg
INFO: [ app_init ] --START--
INFO: Run Behavior\BuildLiteBehavior [ RunTime:0.000025s ]
INFO: [ app_init ] --END-- [ RunTime:0.000468s ]
ERR: 无法加载模块:Uploads

[ 2016-11-02T17:25:17+08:00 ] 221.215.172.211 /uploads/2016-10-17/5804dcb41af8b.jpg
INFO: [ app_init ] --START--
INFO: Run Behavior\BuildLiteBehavior [ RunTime:0.000021s ]
INFO: [ app_init ] --END-- [ RunTime:0.000412s ]
ERR: 无法加载模块:Uploads

[ 2016-11-02T17:25:17+08:00 ] 221.215.172.211 /uploads/2016-10-17/5804dcf2a73ee.jpg
INFO: [ app_init ] --START--
INFO: Run Behavior\BuildLiteBehavior [ RunTime:0.000017s ]
INFO: [ app_init ] --END-- [ RunTime:0.007472s ]
ERR: 无法加载模块:Uploads

[ 2016-11-02T17:25:17+08:00 ] 221.215.172.211 /uploads/2016-10-17/5804dd484c66e.jpg
INFO: [ app_init ] --START--
INFO: Run Behavior\BuildLiteBehavior [ RunTime:0.000016s ]
INFO: [ app_init ] --END-- [ RunTime:0.000410s ]
ERR: 无法加载模块:Uploads

[ 2016-11-02T17:26:33+08:00 ] 221.215.172.211 /uploads/2016-10-17/5804dcb41af8b.jpg
INFO: [ app_init ] --START--
INFO: Run Behavior\BuildLiteBehavior [ RunTime:0.000017s ]
INFO: [ app_init ] --END-- [ RunTime:0.003088s ]
ERR: 无法加载模块:Uploads

[ 2016-11-02T17:26:33+08:00 ] 221.215.172.211 /uploads/2016-10-17/5804dd484c66e.jpg
INFO: [ app_init ] --START--
INFO: Run Behavior\BuildLiteBehavior [ RunTime:0.000021s ]
INFO: [ app_init ] --END-- [ RunTime:0.000427s ]
ERR: 无法加载模块:Uploads

[ 2016-11-02T17:26:33+08:00 ] 221.215.172.211 /uploads/2016-10-17/5804dcf2a73ee.jpg
INFO: [ app_init ] --START--
INFO: Run Behavior\BuildLiteBehavior [ RunTime:0.000016s ]
INFO: [ app_init ] --END-- [ RunTime:0.000533s ]
ERR: 无法加载模块:Uploads

[ 2016-11-02T17:26:34+08:00 ] 221.215.172.211 /uploads/2016-10-17/5804dcb41af8b.jpg
INFO: [ app_init ] --START--
INFO: Run Behavior\BuildLiteBehavior [ RunTime:0.000018s ]
INFO: [ app_init ] --END-- [ RunTime:0.000399s ]
ERR: 无法加载模块:Uploads

[ 2016-11-02T17:26:34+08:00 ] 221.215.172.211 /uploads/2016-10-17/5804dd484c66e.jpg
INFO: [ app_init ] --START--
INFO: Run Behavior\BuildLiteBehavior [ RunTime:0.000023s ]
INFO: [ app_init ] --END-- [ RunTime:0.000456s ]
ERR: 无法加载模块:Uploads

[ 2016-11-02T17:26:34+08:00 ] 221.215.172.211 /uploads/2016-10-17/5804dcf2a73ee.jpg
INFO: [ app_init ] --START--
INFO: Run Behavior\BuildLiteBehavior [ RunTime:0.000018s ]
INFO: [ app_init ] --END-- [ RunTime:0.000415s ]
ERR: 无法加载模块:Uploads

[ 2016-11-02T17:26:36+08:00 ] 221.215.172.211 /uploads/2016-10-17/5804dcb41af8b.jpg
INFO: [ app_init ] --START--
INFO: Run Behavior\BuildLiteBehavior [ RunTime:0.000020s ]
INFO: [ app_init ] --END-- [ RunTime:0.000427s ]
ERR: 无法加载模块:Uploads

[ 2016-11-02T17:26:36+08:00 ] 221.215.172.211 /uploads/2016-10-17/5804dcf2a73ee.jpg
INFO: [ app_init ] --START--
INFO: Run Behavior\BuildLiteBehavior [ RunTime:0.000019s ]
INFO: [ app_init ] --END-- [ RunTime:0.000438s ]
ERR: 无法加载模块:Uploads

[ 2016-11-02T17:26:36+08:00 ] 221.215.172.211 /uploads/2016-10-17/5804dd484c66e.jpg
INFO: [ app_init ] --START--
INFO: Run Behavior\BuildLiteBehavior [ RunTime:0.000018s ]
INFO: [ app_init ] --END-- [ RunTime:0.000405s ]
ERR: 无法加载模块:Uploads

[ 2016-11-02T17:26:38+08:00 ] 221.215.172.211 /uploads/2016-10-17/5804dcb41af8b.jpg
INFO: [ app_init ] --START--
INFO: Run Behavior\BuildLiteBehavior [ RunTime:0.000016s ]
INFO: [ app_init ] --END-- [ RunTime:0.000387s ]
ERR: 无法加载模块:Uploads

[ 2016-11-02T17:26:38+08:00 ] 221.215.172.211 /uploads/2016-10-17/5804dd484c66e.jpg
INFO: [ app_init ] --START--
INFO: Run Behavior\BuildLiteBehavior [ RunTime:0.000021s ]
INFO: [ app_init ] --END-- [ RunTime:0.000446s ]
ERR: 无法加载模块:Uploads

[ 2016-11-02T17:26:38+08:00 ] 221.215.172.211 /uploads/2016-10-17/5804dcf2a73ee.jpg
INFO: [ app_init ] --START--
INFO: Run Behavior\BuildLiteBehavior [ RunTime:0.000016s ]
INFO: [ app_init ] --END-- [ RunTime:0.003718s ]
ERR: 无法加载模块:Uploads

[ 2016-11-02T17:30:30+08:00 ] 221.215.172.211 /uploads/2016-10-17/5804dcb41af8b.jpg
INFO: [ app_init ] --START--
INFO: Run Behavior\BuildLiteBehavior [ RunTime:0.000023s ]
INFO: [ app_init ] --END-- [ RunTime:0.003484s ]
ERR: 无法加载模块:Uploads

[ 2016-11-02T17:30:30+08:00 ] 221.215.172.211 /uploads/2016-10-17/5804dcf2a73ee.jpg
INFO: [ app_init ] --START--
INFO: Run Behavior\BuildLiteBehavior [ RunTime:0.000023s ]
INFO: [ app_init ] --END-- [ RunTime:0.002556s ]
ERR: 无法加载模块:Uploads

[ 2016-11-02T17:30:30+08:00 ] 221.215.172.211 /uploads/2016-10-17/5804dd484c66e.jpg
INFO: [ app_init ] --START--
INFO: Run Behavior\BuildLiteBehavior [ RunTime:0.000021s ]
INFO: [ app_init ] --END-- [ RunTime:0.000448s ]
ERR: 无法加载模块:Uploads

[ 2016-11-02T17:30:33+08:00 ] 221.215.172.211 /uploads/2016-10-17/5804dcb41af8b.jpg
INFO: [ app_init ] --START--
INFO: Run Behavior\BuildLiteBehavior [ RunTime:0.000026s ]
INFO: [ app_init ] --END-- [ RunTime:0.000489s ]
ERR: 无法加载模块:Uploads

[ 2016-11-02T17:30:33+08:00 ] 221.215.172.211 /uploads/2016-10-17/5804dcf2a73ee.jpg
INFO: [ app_init ] --START--
INFO: Run Behavior\BuildLiteBehavior [ RunTime:0.000018s ]
INFO: [ app_init ] --END-- [ RunTime:0.000436s ]
ERR: 无法加载模块:Uploads

[ 2016-11-02T17:30:33+08:00 ] 221.215.172.211 /uploads/2016-10-17/5804dd484c66e.jpg
INFO: [ app_init ] --START--
INFO: Run Behavior\BuildLiteBehavior [ RunTime:0.000021s ]
INFO: [ app_init ] --END-- [ RunTime:0.000493s ]
ERR: 无法加载模块:Uploads

[ 2016-11-02T17:30:43+08:00 ] 221.215.172.211 /uploads/2016-10-17/5804dcb41af8b.jpg
INFO: [ app_init ] --START--
INFO: Run Behavior\BuildLiteBehavior [ RunTime:0.000023s ]
INFO: [ app_init ] --END-- [ RunTime:0.000683s ]
ERR: 无法加载模块:Uploads

[ 2016-11-02T17:30:43+08:00 ] 221.215.172.211 /uploads/2016-10-17/5804dd484c66e.jpg
INFO: [ app_init ] --START--
INFO: Run Behavior\BuildLiteBehavior [ RunTime:0.000018s ]
INFO: [ app_init ] --END-- [ RunTime:0.000401s ]
ERR: 无法加载模块:Uploads

[ 2016-11-02T17:30:43+08:00 ] 221.215.172.211 /uploads/2016-10-17/5804dcf2a73ee.jpg
INFO: [ app_init ] --START--
INFO: Run Behavior\BuildLiteBehavior [ RunTime:0.000022s ]
INFO: [ app_init ] --END-- [ RunTime:0.003183s ]
ERR: 无法加载模块:Uploads

[ 2016-11-02T17:30:45+08:00 ] 221.215.172.211 /uploads/2016-10-17/5804dd484c66e.jpg
INFO: [ app_init ] --START--
INFO: Run Behavior\BuildLiteBehavior [ RunTime:0.000021s ]
INFO: [ app_init ] --END-- [ RunTime:0.005966s ]
ERR: 无法加载模块:Uploads

[ 2016-11-02T17:30:45+08:00 ] 221.215.172.211 /uploads/2016-10-17/5804dcb41af8b.jpg
INFO: [ app_init ] --START--
INFO: Run Behavior\BuildLiteBehavior [ RunTime:0.000017s ]
INFO: [ app_init ] --END-- [ RunTime:0.000420s ]
ERR: 无法加载模块:Uploads

[ 2016-11-02T17:30:45+08:00 ] 221.215.172.211 /uploads/2016-10-17/5804dcf2a73ee.jpg
INFO: [ app_init ] --START--
INFO: Run Behavior\BuildLiteBehavior [ RunTime:0.000020s ]
INFO: [ app_init ] --END-- [ RunTime:0.000437s ]
ERR: 无法加载模块:Uploads

[ 2016-11-02T17:30:46+08:00 ] 221.215.172.211 /uploads/2016-10-17/5804dcb41af8b.jpg
INFO: [ app_init ] --START--
INFO: Run Behavior\BuildLiteBehavior [ RunTime:0.000018s ]
INFO: [ app_init ] --END-- [ RunTime:0.000423s ]
ERR: 无法加载模块:Uploads

[ 2016-11-02T17:30:46+08:00 ] 221.215.172.211 /uploads/2016-10-17/5804dd484c66e.jpg
INFO: [ app_init ] --START--
INFO: Run Behavior\BuildLiteBehavior [ RunTime:0.000024s ]
INFO: [ app_init ] --END-- [ RunTime:0.000454s ]
ERR: 无法加载模块:Uploads

[ 2016-11-02T17:30:46+08:00 ] 221.215.172.211 /uploads/2016-10-17/5804dcf2a73ee.jpg
INFO: [ app_init ] --START--
INFO: Run Behavior\BuildLiteBehavior [ RunTime:0.000020s ]
INFO: [ app_init ] --END-- [ RunTime:0.000401s ]
ERR: 无法加载模块:Uploads

[ 2016-11-02T17:31:09+08:00 ] 221.215.172.211 /uploads/2016-10-17/5804dcb41af8b.jpg
INFO: [ app_init ] --START--
INFO: Run Behavior\BuildLiteBehavior [ RunTime:0.000026s ]
INFO: [ app_init ] --END-- [ RunTime:0.003591s ]
ERR: 无法加载模块:Uploads

[ 2016-11-02T17:31:09+08:00 ] 221.215.172.211 /uploads/2016-10-17/5804dd484c66e.jpg
INFO: [ app_init ] --START--
INFO: Run Behavior\BuildLiteBehavior [ RunTime:0.000022s ]
INFO: [ app_init ] --END-- [ RunTime:0.000450s ]
ERR: 无法加载模块:Uploads

[ 2016-11-02T17:31:09+08:00 ] 221.215.172.211 /uploads/2016-10-17/5804dcf2a73ee.jpg
INFO: [ app_init ] --START--
INFO: Run Behavior\BuildLiteBehavior [ RunTime:0.000017s ]
INFO: [ app_init ] --END-- [ RunTime:0.000411s ]
ERR: 无法加载模块:Uploads

[ 2016-11-02T17:31:25+08:00 ] 221.215.172.211 /uploads/2016-10-17/5804dcb41af8b.jpg
INFO: [ app_init ] --START--
INFO: Run Behavior\BuildLiteBehavior [ RunTime:0.000026s ]
INFO: [ app_init ] --END-- [ RunTime:0.008485s ]
ERR: 无法加载模块:Uploads

[ 2016-11-02T17:31:25+08:00 ] 221.215.172.211 /uploads/2016-10-17/5804dcf2a73ee.jpg
INFO: [ app_init ] --START--
INFO: Run Behavior\BuildLiteBehavior [ RunTime:0.000018s ]
INFO: [ app_init ] --END-- [ RunTime:0.000409s ]
ERR: 无法加载模块:Uploads

[ 2016-11-02T17:31:25+08:00 ] 221.215.172.211 /uploads/2016-10-17/5804dd484c66e.jpg
INFO: [ app_init ] --START--
INFO: Run Behavior\BuildLiteBehavior [ RunTime:0.000015s ]
INFO: [ app_init ] --END-- [ RunTime:0.000380s ]
ERR: 无法加载模块:Uploads

[ 2016-11-02T17:31:27+08:00 ] 221.215.172.211 /uploads/2016-10-17/5804dcf2a73ee.jpg
INFO: [ app_init ] --START--
INFO: Run Behavior\BuildLiteBehavior [ RunTime:0.000018s ]
INFO: [ app_init ] --END-- [ RunTime:0.000482s ]
ERR: 无法加载模块:Uploads

[ 2016-11-02T17:31:27+08:00 ] 221.215.172.211 /uploads/2016-10-17/5804dcb41af8b.jpg
INFO: [ app_init ] --START--
INFO: Run Behavior\BuildLiteBehavior [ RunTime:0.000036s ]
INFO: [ app_init ] --END-- [ RunTime:0.000517s ]
ERR: 无法加载模块:Uploads

[ 2016-11-02T17:31:27+08:00 ] 221.215.172.211 /uploads/2016-10-17/5804dd484c66e.jpg
INFO: [ app_init ] --START--
INFO: Run Behavior\BuildLiteBehavior [ RunTime:0.000016s ]
INFO: [ app_init ] --END-- [ RunTime:0.000432s ]
ERR: 无法加载模块:Uploads

[ 2016-11-02T17:31:32+08:00 ] 221.215.172.211 /uploads/2016-10-17/5804dcf2a73ee.jpg
INFO: [ app_init ] --START--
INFO: Run Behavior\BuildLiteBehavior [ RunTime:0.000016s ]
INFO: [ app_init ] --END-- [ RunTime:0.000456s ]
ERR: 无法加载模块:Uploads

[ 2016-11-02T17:31:32+08:00 ] 221.215.172.211 /uploads/2016-10-17/5804dd484c66e.jpg
INFO: [ app_init ] --START--
INFO: Run Behavior\BuildLiteBehavior [ RunTime:0.000016s ]
INFO: [ app_init ] --END-- [ RunTime:0.000393s ]
ERR: 无法加载模块:Uploads

[ 2016-11-02T17:31:32+08:00 ] 221.215.172.211 /uploads/2016-10-17/5804dcb41af8b.jpg
INFO: [ app_init ] --START--
INFO: Run Behavior\BuildLiteBehavior [ RunTime:0.000022s ]
INFO: [ app_init ] --END-- [ RunTime:0.000435s ]
ERR: 无法加载模块:Uploads

[ 2016-11-02T17:31:37+08:00 ] 221.215.172.211 /uploads/2016-10-17/5804dcb41af8b.jpg
INFO: [ app_init ] --START--
INFO: Run Behavior\BuildLiteBehavior [ RunTime:0.000027s ]
INFO: [ app_init ] --END-- [ RunTime:0.002319s ]
ERR: 无法加载模块:Uploads

[ 2016-11-02T17:31:37+08:00 ] 221.215.172.211 /uploads/2016-10-17/5804dcf2a73ee.jpg
INFO: [ app_init ] --START--
INFO: Run Behavior\BuildLiteBehavior [ RunTime:0.000020s ]
INFO: [ app_init ] --END-- [ RunTime:0.000452s ]
ERR: 无法加载模块:Uploads

[ 2016-11-02T17:31:37+08:00 ] 221.215.172.211 /uploads/2016-10-17/5804dd484c66e.jpg
INFO: [ app_init ] --START--
INFO: Run Behavior\BuildLiteBehavior [ RunTime:0.000015s ]
INFO: [ app_init ] --END-- [ RunTime:0.000408s ]
ERR: 无法加载模块:Uploads

[ 2016-11-02T17:31:42+08:00 ] 221.215.172.211 /uploads/2016-10-17/5804dd484c66e.jpg
INFO: [ app_init ] --START--
INFO: Run Behavior\BuildLiteBehavior [ RunTime:0.000025s ]
INFO: [ app_init ] --END-- [ RunTime:0.000595s ]
ERR: 无法加载模块:Uploads

[ 2016-11-02T17:31:42+08:00 ] 221.215.172.211 /uploads/2016-10-17/5804dcf2a73ee.jpg
INFO: [ app_init ] --START--
INFO: Run Behavior\BuildLiteBehavior [ RunTime:0.000018s ]
INFO: [ app_init ] --END-- [ RunTime:0.000396s ]
ERR: 无法加载模块:Uploads

[ 2016-11-02T17:31:42+08:00 ] 221.215.172.211 /uploads/2016-10-17/5804dcb41af8b.jpg
INFO: [ app_init ] --START--
INFO: Run Behavior\BuildLiteBehavior [ RunTime:0.000017s ]
INFO: [ app_init ] --END-- [ RunTime:0.000449s ]
ERR: 无法加载模块:Uploads

[ 2016-11-02T17:31:52+08:00 ] 221.215.172.211 /uploads/2016-10-17/5804dd484c66e.jpg
INFO: [ app_init ] --START--
INFO: Run Behavior\BuildLiteBehavior [ RunTime:0.000025s ]
INFO: [ app_init ] --END-- [ RunTime:0.004616s ]
ERR: 无法加载模块:Uploads

[ 2016-11-02T17:31:52+08:00 ] 221.215.172.211 /uploads/2016-10-17/5804dcb41af8b.jpg
INFO: [ app_init ] --START--
INFO: Run Behavior\BuildLiteBehavior [ RunTime:0.000022s ]
INFO: [ app_init ] --END-- [ RunTime:0.003739s ]
ERR: 无法加载模块:Uploads

[ 2016-11-02T17:31:52+08:00 ] 221.215.172.211 /uploads/2016-10-17/5804dcf2a73ee.jpg
INFO: [ app_init ] --START--
INFO: Run Behavior\BuildLiteBehavior [ RunTime:0.000045s ]
INFO: [ app_init ] --END-- [ RunTime:0.000458s ]
ERR: 无法加载模块:Uploads

[ 2016-11-02T17:32:13+08:00 ] 221.215.172.211 /uploads/BL/58173bb6e2db1.jpg
INFO: [ app_init ] --START--
INFO: Run Behavior\BuildLiteBehavior [ RunTime:0.000021s ]
INFO: [ app_init ] --END-- [ RunTime:0.000422s ]
ERR: 无法加载模块:Uploads

[ 2016-11-02T17:32:13+08:00 ] 221.215.172.211 /uploads/BL/58173bb705126.jpg
INFO: [ app_init ] --START--
INFO: Run Behavior\BuildLiteBehavior [ RunTime:0.000021s ]
INFO: [ app_init ] --END-- [ RunTime:0.000449s ]
ERR: 无法加载模块:Uploads

[ 2016-11-02T17:32:13+08:00 ] 221.215.172.211 /uploads/BL/58173bb71abd4.jpg
INFO: [ app_init ] --START--
INFO: Run Behavior\BuildLiteBehavior [ RunTime:0.000017s ]
INFO: [ app_init ] --END-- [ RunTime:0.000395s ]
ERR: 无法加载模块:Uploads

[ 2016-11-02T17:33:01+08:00 ] 221.215.172.211 /uploads/BL/58173bb6e2db1.jpg
INFO: [ app_init ] --START--
INFO: Run Behavior\BuildLiteBehavior [ RunTime:0.000023s ]
INFO: [ app_init ] --END-- [ RunTime:0.000448s ]
ERR: 无法加载模块:Uploads

[ 2016-11-02T17:33:01+08:00 ] 221.215.172.211 /uploads/BL/58173bb705126.jpg
INFO: [ app_init ] --START--
INFO: Run Behavior\BuildLiteBehavior [ RunTime:0.000023s ]
INFO: [ app_init ] --END-- [ RunTime:0.000485s ]
ERR: 无法加载模块:Uploads

[ 2016-11-02T17:33:01+08:00 ] 221.215.172.211 /uploads/BL/58173bb71abd4.jpg
INFO: [ app_init ] --START--
INFO: Run Behavior\BuildLiteBehavior [ RunTime:0.000023s ]
INFO: [ app_init ] --END-- [ RunTime:0.000457s ]
ERR: 无法加载模块:Uploads

[ 2016-11-02T17:33:33+08:00 ] 221.215.172.211 /uploads/BL/58173bb6e2db1.jpg
INFO: [ app_init ] --START--
INFO: Run Behavior\BuildLiteBehavior [ RunTime:0.000019s ]
INFO: [ app_init ] --END-- [ RunTime:0.000432s ]
ERR: 无法加载模块:Uploads

[ 2016-11-02T17:33:33+08:00 ] 221.215.172.211 /uploads/BL/58173bb705126.jpg
INFO: [ app_init ] --START--
INFO: Run Behavior\BuildLiteBehavior [ RunTime:0.000019s ]
INFO: [ app_init ] --END-- [ RunTime:0.000447s ]
ERR: 无法加载模块:Uploads

[ 2016-11-02T17:33:33+08:00 ] 221.215.172.211 /uploads/BL/58173bb71abd4.jpg
INFO: [ app_init ] --START--
INFO: Run Behavior\BuildLiteBehavior [ RunTime:0.000019s ]
INFO: [ app_init ] --END-- [ RunTime:0.000439s ]
ERR: 无法加载模块:Uploads

[ 2016-11-02T17:34:08+08:00 ] 221.215.172.211 /uploads/BL/58173bb705126.jpg
INFO: [ app_init ] --START--
INFO: Run Behavior\BuildLiteBehavior [ RunTime:0.000020s ]
INFO: [ app_init ] --END-- [ RunTime:0.000419s ]
ERR: 无法加载模块:Uploads

[ 2016-11-02T17:34:08+08:00 ] 221.215.172.211 /uploads/BL/58173bb6e2db1.jpg
INFO: [ app_init ] --START--
INFO: Run Behavior\BuildLiteBehavior [ RunTime:0.000016s ]
INFO: [ app_init ] --END-- [ RunTime:0.000409s ]
ERR: 无法加载模块:Uploads

[ 2016-11-02T17:34:08+08:00 ] 221.215.172.211 /uploads/BL/58173bb71abd4.jpg
INFO: [ app_init ] --START--
INFO: Run Behavior\BuildLiteBehavior [ RunTime:0.000018s ]
INFO: [ app_init ] --END-- [ RunTime:0.000410s ]
ERR: 无法加载模块:Uploads

[ 2016-11-02T17:34:27+08:00 ] 221.215.172.211 /uploads/2016-10-17/5804dcb41af8b.jpg
INFO: [ app_init ] --START--
INFO: Run Behavior\BuildLiteBehavior [ RunTime:0.000024s ]
INFO: [ app_init ] --END-- [ RunTime:0.003473s ]
ERR: 无法加载模块:Uploads

[ 2016-11-02T17:34:27+08:00 ] 221.215.172.211 /uploads/2016-10-17/5804dd484c66e.jpg
INFO: [ app_init ] --START--
INFO: Run Behavior\BuildLiteBehavior [ RunTime:0.000016s ]
INFO: [ app_init ] --END-- [ RunTime:0.000400s ]
ERR: 无法加载模块:Uploads

[ 2016-11-02T17:34:27+08:00 ] 221.215.172.211 /uploads/2016-10-17/5804dcf2a73ee.jpg
INFO: [ app_init ] --START--
INFO: Run Behavior\BuildLiteBehavior [ RunTime:0.000021s ]
INFO: [ app_init ] --END-- [ RunTime:0.000431s ]
ERR: 无法加载模块:Uploads

[ 2016-11-02T17:35:49+08:00 ] 221.215.172.211 /uploads/2016-10-17/5804dcb41af8b.jpg
INFO: [ app_init ] --START--
INFO: Run Behavior\BuildLiteBehavior [ RunTime:0.000021s ]
INFO: [ app_init ] --END-- [ RunTime:0.002632s ]
ERR: 无法加载模块:Uploads

[ 2016-11-02T17:35:50+08:00 ] 221.215.172.211 /uploads/2016-10-17/5804dd484c66e.jpg
INFO: [ app_init ] --START--
INFO: Run Behavior\BuildLiteBehavior [ RunTime:0.000022s ]
INFO: [ app_init ] --END-- [ RunTime:0.000458s ]
ERR: 无法加载模块:Uploads

[ 2016-11-02T17:35:50+08:00 ] 221.215.172.211 /uploads/2016-10-17/5804dcf2a73ee.jpg
INFO: [ app_init ] --START--
INFO: Run Behavior\BuildLiteBehavior [ RunTime:0.000022s ]
INFO: [ app_init ] --END-- [ RunTime:0.000500s ]
ERR: 无法加载模块:Uploads

[ 2016-11-02T17:35:52+08:00 ] 221.215.172.211 /uploads/2016-10-17/5804dcb41af8b.jpg
INFO: [ app_init ] --START--
INFO: Run Behavior\BuildLiteBehavior [ RunTime:0.000024s ]
INFO: [ app_init ] --END-- [ RunTime:0.000468s ]
ERR: 无法加载模块:Uploads

[ 2016-11-02T17:35:52+08:00 ] 221.215.172.211 /uploads/2016-10-17/5804dd484c66e.jpg
INFO: [ app_init ] --START--
INFO: Run Behavior\BuildLiteBehavior [ RunTime:0.000025s ]
INFO: [ app_init ] --END-- [ RunTime:0.000426s ]
ERR: 无法加载模块:Uploads

[ 2016-11-02T17:35:52+08:00 ] 221.215.172.211 /uploads/2016-10-17/5804dcf2a73ee.jpg
INFO: [ app_init ] --START--
INFO: Run Behavior\BuildLiteBehavior [ RunTime:0.000017s ]
INFO: [ app_init ] --END-- [ RunTime:0.005473s ]
ERR: 无法加载模块:Uploads

[ 2016-11-02T17:35:54+08:00 ] 221.215.172.211 /uploads/2016-10-17/5804dd484c66e.jpg
INFO: [ app_init ] --START--
INFO: Run Behavior\BuildLiteBehavior [ RunTime:0.000018s ]
INFO: [ app_init ] --END-- [ RunTime:0.000391s ]
ERR: 无法加载模块:Uploads

[ 2016-11-02T17:35:54+08:00 ] 221.215.172.211 /uploads/2016-10-17/5804dcb41af8b.jpg
INFO: [ app_init ] --START--
INFO: Run Behavior\BuildLiteBehavior [ RunTime:0.000023s ]
INFO: [ app_init ] --END-- [ RunTime:0.000444s ]
ERR: 无法加载模块:Uploads

[ 2016-11-02T17:35:54+08:00 ] 221.215.172.211 /uploads/2016-10-17/5804dcf2a73ee.jpg
INFO: [ app_init ] --START--
INFO: Run Behavior\BuildLiteBehavior [ RunTime:0.000017s ]
INFO: [ app_init ] --END-- [ RunTime:0.000392s ]
ERR: 无法加载模块:Uploads

[ 2016-11-02T17:42:26+08:00 ] 221.215.172.211 /uploads/2016-10-17/5804dcb41af8b.jpg
INFO: [ app_init ] --START--
INFO: Run Behavior\BuildLiteBehavior [ RunTime:0.000024s ]
INFO: [ app_init ] --END-- [ RunTime:0.004446s ]
ERR: 无法加载模块:Uploads

[ 2016-11-02T17:42:26+08:00 ] 221.215.172.211 /uploads/2016-10-17/5804dd484c66e.jpg
INFO: [ app_init ] --START--
INFO: Run Behavior\BuildLiteBehavior [ RunTime:0.000021s ]
INFO: [ app_init ] --END-- [ RunTime:0.000432s ]
ERR: 无法加载模块:Uploads

[ 2016-11-02T17:42:26+08:00 ] 221.215.172.211 /uploads/2016-10-17/5804dcf2a73ee.jpg
INFO: [ app_init ] --START--
INFO: Run Behavior\BuildLiteBehavior [ RunTime:0.000015s ]
INFO: [ app_init ] --END-- [ RunTime:0.000432s ]
ERR: 无法加载模块:Uploads

[ 2016-11-02T21:30:45+08:00 ] 61.216.166.238 /favicon.ico
INFO: [ app_init ] --START--
INFO: Run Behavior\BuildLiteBehavior [ RunTime:0.000019s ]
INFO: [ app_init ] --END-- [ RunTime:0.000413s ]
ERR: 无法加载模块:Favicon

[ 2016-11-02T21:41:46+08:00 ] 221.215.172.211 /uploads/2016-10-17/5804dcf2a73ee.jpg
INFO: [ app_init ] --START--
INFO: Run Behavior\BuildLiteBehavior [ RunTime:0.000021s ]
INFO: [ app_init ] --END-- [ RunTime:0.002549s ]
ERR: 无法加载模块:Uploads

[ 2016-11-02T21:41:46+08:00 ] 221.215.172.211 /uploads/2016-10-17/5804dcb41af8b.jpg
INFO: [ app_init ] --START--
INFO: Run Behavior\BuildLiteBehavior [ RunTime:0.000022s ]
INFO: [ app_init ] --END-- [ RunTime:0.000528s ]
ERR: 无法加载模块:Uploads

[ 2016-11-02T21:41:46+08:00 ] 221.215.172.211 /uploads/2016-10-17/5804dd484c66e.jpg
INFO: [ app_init ] --START--
INFO: Run Behavior\BuildLiteBehavior [ RunTime:0.000027s ]
INFO: [ app_init ] --END-- [ RunTime:0.000586s ]
ERR: 无法加载模块:Uploads

[ 2016-11-02T21:42:00+08:00 ] 221.215.172.211 /uploads/2016-10-17/5804dd484c66e.jpg
INFO: [ app_init ] --START--
INFO: Run Behavior\BuildLiteBehavior [ RunTime:0.000023s ]
INFO: [ app_init ] --END-- [ RunTime:0.003457s ]
ERR: 无法加载模块:Uploads

[ 2016-11-02T21:42:00+08:00 ] 221.215.172.211 /uploads/2016-10-17/5804dcb41af8b.jpg
INFO: [ app_init ] --START--
INFO: Run Behavior\BuildLiteBehavior [ RunTime:0.000018s ]
INFO: [ app_init ] --END-- [ RunTime:0.000448s ]
ERR: 无法加载模块:Uploads

[ 2016-11-02T21:42:00+08:00 ] 221.215.172.211 /uploads/2016-10-17/5804dcf2a73ee.jpg
INFO: [ app_init ] --START--
INFO: Run Behavior\BuildLiteBehavior [ RunTime:0.000018s ]
INFO: [ app_init ] --END-- [ RunTime:0.003050s ]
ERR: 无法加载模块:Uploads

[ 2016-11-02T21:42:03+08:00 ] 221.215.172.211 /uploads/2016-10-17/5804dcf2a73ee.jpg
INFO: [ app_init ] --START--
INFO: Run Behavior\BuildLiteBehavior [ RunTime:0.000022s ]
INFO: [ app_init ] --END-- [ RunTime:0.000502s ]
ERR: 无法加载模块:Uploads

[ 2016-11-02T21:42:03+08:00 ] 221.215.172.211 /uploads/2016-10-17/5804dd484c66e.jpg
INFO: [ app_init ] --START--
INFO: Run Behavior\BuildLiteBehavior [ RunTime:0.000017s ]
INFO: [ app_init ] --END-- [ RunTime:0.000412s ]
ERR: 无法加载模块:Uploads

[ 2016-11-02T21:42:03+08:00 ] 221.215.172.211 /uploads/2016-10-17/5804dcb41af8b.jpg
INFO: [ app_init ] --START--
INFO: Run Behavior\BuildLiteBehavior [ RunTime:0.000039s ]
INFO: [ app_init ] --END-- [ RunTime:0.000411s ]
ERR: 无法加载模块:Uploads

[ 2016-11-02T21:42:13+08:00 ] 221.215.172.211 /uploads/2016-10-17/5804dcb41af8b.jpg
INFO: [ app_init ] --START--
INFO: Run Behavior\BuildLiteBehavior [ RunTime:0.000025s ]
INFO: [ app_init ] --END-- [ RunTime:0.000483s ]
ERR: 无法加载模块:Uploads

[ 2016-11-02T21:42:13+08:00 ] 221.215.172.211 /uploads/2016-10-17/5804dd484c66e.jpg
INFO: [ app_init ] --START--
INFO: Run Behavior\BuildLiteBehavior [ RunTime:0.000029s ]
INFO: [ app_init ] --END-- [ RunTime:0.000720s ]
ERR: 无法加载模块:Uploads

[ 2016-11-02T21:42:13+08:00 ] 221.215.172.211 /uploads/2016-10-17/5804dcf2a73ee.jpg
INFO: [ app_init ] --START--
INFO: Run Behavior\BuildLiteBehavior [ RunTime:0.000018s ]
INFO: [ app_init ] --END-- [ RunTime:0.000411s ]
ERR: 无法加载模块:Uploads

[ 2016-11-02T21:42:21+08:00 ] 221.215.172.211 /uploads/2016-10-17/5804dcf2a73ee.jpg
INFO: [ app_init ] --START--
INFO: Run Behavior\BuildLiteBehavior [ RunTime:0.000024s ]
INFO: [ app_init ] --END-- [ RunTime:0.000540s ]
ERR: 无法加载模块:Uploads

[ 2016-11-02T21:42:21+08:00 ] 221.215.172.211 /uploads/2016-10-17/5804dd484c66e.jpg
INFO: [ app_init ] --START--
INFO: Run Behavior\BuildLiteBehavior [ RunTime:0.000018s ]
INFO: [ app_init ] --END-- [ RunTime:0.000411s ]
ERR: 无法加载模块:Uploads

[ 2016-11-02T21:42:21+08:00 ] 221.215.172.211 /uploads/2016-10-17/5804dcb41af8b.jpg
INFO: [ app_init ] --START--
INFO: Run Behavior\BuildLiteBehavior [ RunTime:0.000016s ]
INFO: [ app_init ] --END-- [ RunTime:0.000430s ]
ERR: 无法加载模块:Uploads

[ 2016-11-02T21:42:23+08:00 ] 221.215.172.211 /uploads/2016-10-17/5804dd484c66e.jpg
INFO: [ app_init ] --START--
INFO: Run Behavior\BuildLiteBehavior [ RunTime:0.000021s ]
INFO: [ app_init ] --END-- [ RunTime:0.000409s ]
ERR: 无法加载模块:Uploads

[ 2016-11-02T21:42:23+08:00 ] 221.215.172.211 /uploads/2016-10-17/5804dcb41af8b.jpg
INFO: [ app_init ] --START--
INFO: Run Behavior\BuildLiteBehavior [ RunTime:0.000016s ]
INFO: [ app_init ] --END-- [ RunTime:0.003794s ]
ERR: 无法加载模块:Uploads

[ 2016-11-02T21:42:23+08:00 ] 221.215.172.211 /uploads/2016-10-17/5804dcf2a73ee.jpg
INFO: [ app_init ] --START--
INFO: Run Behavior\BuildLiteBehavior [ RunTime:0.000016s ]
INFO: [ app_init ] --END-- [ RunTime:0.000395s ]
ERR: 无法加载模块:Uploads

[ 2016-11-02T21:42:25+08:00 ] 221.215.172.211 /uploads/2016-10-17/5804dcb41af8b.jpg
INFO: [ app_init ] --START--
INFO: Run Behavior\BuildLiteBehavior [ RunTime:0.000021s ]
INFO: [ app_init ] --END-- [ RunTime:0.000451s ]
ERR: 无法加载模块:Uploads

[ 2016-11-02T21:42:25+08:00 ] 221.215.172.211 /uploads/2016-10-17/5804dd484c66e.jpg
INFO: [ app_init ] --START--
INFO: Run Behavior\BuildLiteBehavior [ RunTime:0.000017s ]
INFO: [ app_init ] --END-- [ RunTime:0.000404s ]
ERR: 无法加载模块:Uploads

[ 2016-11-02T21:42:25+08:00 ] 221.215.172.211 /uploads/2016-10-17/5804dcf2a73ee.jpg
INFO: [ app_init ] --START--
INFO: Run Behavior\BuildLiteBehavior [ RunTime:0.000023s ]
INFO: [ app_init ] --END-- [ RunTime:0.006847s ]
ERR: 无法加载模块:Uploads

[ 2016-11-02T21:42:31+08:00 ] 221.215.172.211 /uploads/2016-10-17/5804dd484c66e.jpg
INFO: [ app_init ] --START--
INFO: Run Behavior\BuildLiteBehavior [ RunTime:0.000024s ]
INFO: [ app_init ] --END-- [ RunTime:0.000511s ]
ERR: 无法加载模块:Uploads

[ 2016-11-02T21:42:31+08:00 ] 221.215.172.211 /uploads/2016-10-17/5804dcb41af8b.jpg
INFO: [ app_init ] --START--
INFO: Run Behavior\BuildLiteBehavior [ RunTime:0.000016s ]
INFO: [ app_init ] --END-- [ RunTime:0.000399s ]
ERR: 无法加载模块:Uploads

[ 2016-11-02T21:42:31+08:00 ] 221.215.172.211 /uploads/2016-10-17/5804dcf2a73ee.jpg
INFO: [ app_init ] --START--
INFO: Run Behavior\BuildLiteBehavior [ RunTime:0.000016s ]
INFO: [ app_init ] --END-- [ RunTime:0.000385s ]
ERR: 无法加载模块:Uploads

[ 2016-11-02T21:42:37+08:00 ] 221.215.172.211 /uploads/2016-10-17/5804dcf2a73ee.jpg
INFO: [ app_init ] --START--
INFO: Run Behavior\BuildLiteBehavior [ RunTime:0.000022s ]
INFO: [ app_init ] --END-- [ RunTime:0.000455s ]
ERR: 无法加载模块:Uploads

[ 2016-11-02T21:42:37+08:00 ] 221.215.172.211 /uploads/2016-10-17/5804dcb41af8b.jpg
INFO: [ app_init ] --START--
INFO: Run Behavior\BuildLiteBehavior [ RunTime:0.000016s ]
INFO: [ app_init ] --END-- [ RunTime:0.004421s ]
ERR: 无法加载模块:Uploads

[ 2016-11-02T21:42:37+08:00 ] 221.215.172.211 /uploads/2016-10-17/5804dd484c66e.jpg
INFO: [ app_init ] --START--
INFO: Run Behavior\BuildLiteBehavior [ RunTime:0.000017s ]
INFO: [ app_init ] --END-- [ RunTime:0.000410s ]
ERR: 无法加载模块:Uploads

[ 2016-11-02T21:42:40+08:00 ] 221.215.172.211 /uploads/2016-10-17/5804dd484c66e.jpg
INFO: [ app_init ] --START--
INFO: Run Behavior\BuildLiteBehavior [ RunTime:0.000016s ]
INFO: [ app_init ] --END-- [ RunTime:0.000448s ]
ERR: 无法加载模块:Uploads

[ 2016-11-02T21:42:40+08:00 ] 221.215.172.211 /uploads/2016-10-17/5804dcb41af8b.jpg
INFO: [ app_init ] --START--
INFO: Run Behavior\BuildLiteBehavior [ RunTime:0.000023s ]
INFO: [ app_init ] --END-- [ RunTime:0.001921s ]
ERR: 无法加载模块:Uploads

[ 2016-11-02T21:42:40+08:00 ] 221.215.172.211 /uploads/2016-10-17/5804dcf2a73ee.jpg
INFO: [ app_init ] --START--
INFO: Run Behavior\BuildLiteBehavior [ RunTime:0.000021s ]
INFO: [ app_init ] --END-- [ RunTime:0.000465s ]
ERR: 无法加载模块:Uploads

[ 2016-11-02T21:45:08+08:00 ] 221.215.172.211 /uploads/2016-10-17/5804dcb41af8b.jpg
INFO: [ app_init ] --START--
INFO: Run Behavior\BuildLiteBehavior [ RunTime:0.000024s ]
INFO: [ app_init ] --END-- [ RunTime:0.004365s ]
ERR: 无法加载模块:Uploads

[ 2016-11-02T21:45:08+08:00 ] 221.215.172.211 /uploads/2016-10-17/5804dcf2a73ee.jpg
INFO: [ app_init ] --START--
INFO: Run Behavior\BuildLiteBehavior [ RunTime:0.000020s ]
INFO: [ app_init ] --END-- [ RunTime:0.000431s ]
ERR: 无法加载模块:Uploads

[ 2016-11-02T21:45:08+08:00 ] 221.215.172.211 /uploads/2016-10-17/5804dd484c66e.jpg
INFO: [ app_init ] --START--
INFO: Run Behavior\BuildLiteBehavior [ RunTime:0.000022s ]
INFO: [ app_init ] --END-- [ RunTime:0.000433s ]
ERR: 无法加载模块:Uploads

[ 2016-11-02T21:45:13+08:00 ] 221.215.172.211 /uploads/2016-10-17/5804dcb41af8b.jpg
INFO: [ app_init ] --START--
INFO: Run Behavior\BuildLiteBehavior [ RunTime:0.000020s ]
INFO: [ app_init ] --END-- [ RunTime:0.000436s ]
ERR: 无法加载模块:Uploads

[ 2016-11-02T21:45:13+08:00 ] 221.215.172.211 /uploads/2016-10-17/5804dd484c66e.jpg
INFO: [ app_init ] --START--
INFO: Run Behavior\BuildLiteBehavior [ RunTime:0.000018s ]
INFO: [ app_init ] --END-- [ RunTime:0.000469s ]
ERR: 无法加载模块:Uploads

[ 2016-11-02T21:45:13+08:00 ] 221.215.172.211 /uploads/2016-10-17/5804dcf2a73ee.jpg
INFO: [ app_init ] --START--
INFO: Run Behavior\BuildLiteBehavior [ RunTime:0.000029s ]
INFO: [ app_init ] --END-- [ RunTime:0.006016s ]
ERR: 无法加载模块:Uploads

[ 2016-11-02T21:45:15+08:00 ] 221.215.172.211 /uploads/2016-10-17/5804dd484c66e.jpg
INFO: [ app_init ] --START--
INFO: Run Behavior\BuildLiteBehavior [ RunTime:0.000020s ]
INFO: [ app_init ] --END-- [ RunTime:0.000416s ]
ERR: 无法加载模块:Uploads

[ 2016-11-02T21:45:15+08:00 ] 221.215.172.211 /uploads/2016-10-17/5804dcb41af8b.jpg
INFO: [ app_init ] --START--
INFO: Run Behavior\BuildLiteBehavior [ RunTime:0.000027s ]
INFO: [ app_init ] --END-- [ RunTime:0.006670s ]
ERR: 无法加载模块:Uploads

[ 2016-11-02T21:45:15+08:00 ] 221.215.172.211 /uploads/2016-10-17/5804dcf2a73ee.jpg
INFO: [ app_init ] --START--
INFO: Run Behavior\BuildLiteBehavior [ RunTime:0.000020s ]
INFO: [ app_init ] --END-- [ RunTime:0.000450s ]
ERR: 无法加载模块:Uploads

[ 2016-11-02T21:45:18+08:00 ] 221.215.172.211 /uploads/2016-10-17/5804dcb41af8b.jpg
INFO: [ app_init ] --START--
INFO: Run Behavior\BuildLiteBehavior [ RunTime:0.000022s ]
INFO: [ app_init ] --END-- [ RunTime:0.000422s ]
ERR: 无法加载模块:Uploads

[ 2016-11-02T21:45:18+08:00 ] 221.215.172.211 /uploads/2016-10-17/5804dd484c66e.jpg
INFO: [ app_init ] --START--
INFO: Run Behavior\BuildLiteBehavior [ RunTime:0.000026s ]
INFO: [ app_init ] --END-- [ RunTime:0.005517s ]
ERR: 无法加载模块:Uploads

[ 2016-11-02T21:45:18+08:00 ] 221.215.172.211 /uploads/2016-10-17/5804dcf2a73ee.jpg
INFO: [ app_init ] --START--
INFO: Run Behavior\BuildLiteBehavior [ RunTime:0.000021s ]
INFO: [ app_init ] --END-- [ RunTime:0.004213s ]
ERR: 无法加载模块:Uploads

[ 2016-11-02T21:45:19+08:00 ] 221.215.172.211 /uploads/2016-10-17/5804dd484c66e.jpg
INFO: [ app_init ] --START--
INFO: Run Behavior\BuildLiteBehavior [ RunTime:0.000022s ]
INFO: [ app_init ] --END-- [ RunTime:0.003222s ]
ERR: 无法加载模块:Uploads

[ 2016-11-02T21:45:19+08:00 ] 221.215.172.211 /uploads/2016-10-17/5804dcb41af8b.jpg
INFO: [ app_init ] --START--
INFO: Run Behavior\BuildLiteBehavior [ RunTime:0.000016s ]
INFO: [ app_init ] --END-- [ RunTime:0.000413s ]
ERR: 无法加载模块:Uploads

[ 2016-11-02T21:45:19+08:00 ] 221.215.172.211 /uploads/2016-10-17/5804dcf2a73ee.jpg
INFO: [ app_init ] --START--
INFO: Run Behavior\BuildLiteBehavior [ RunTime:0.000016s ]
INFO: [ app_init ] --END-- [ RunTime:0.000386s ]
ERR: 无法加载模块:Uploads

[ 2016-11-02T21:45:20+08:00 ] 221.215.172.211 /uploads/2016-10-17/5804dcb41af8b.jpg
INFO: [ app_init ] --START--
INFO: Run Behavior\BuildLiteBehavior [ RunTime:0.000022s ]
INFO: [ app_init ] --END-- [ RunTime:0.000424s ]
ERR: 无法加载模块:Uploads

[ 2016-11-02T21:45:20+08:00 ] 221.215.172.211 /uploads/2016-10-17/5804dd484c66e.jpg
INFO: [ app_init ] --START--
INFO: Run Behavior\BuildLiteBehavior [ RunTime:0.000017s ]
INFO: [ app_init ] --END-- [ RunTime:0.005242s ]
ERR: 无法加载模块:Uploads

[ 2016-11-02T21:45:21+08:00 ] 221.215.172.211 /uploads/2016-10-17/5804dcf2a73ee.jpg
INFO: [ app_init ] --START--
INFO: Run Behavior\BuildLiteBehavior [ RunTime:0.000016s ]
INFO: [ app_init ] --END-- [ RunTime:0.000391s ]
ERR: 无法加载模块:Uploads

[ 2016-11-02T21:45:22+08:00 ] 221.215.172.211 /uploads/2016-10-17/5804dcf2a73ee.jpg
INFO: [ app_init ] --START--
INFO: Run Behavior\BuildLiteBehavior [ RunTime:0.000021s ]
INFO: [ app_init ] --END-- [ RunTime:0.000459s ]
ERR: 无法加载模块:Uploads

[ 2016-11-02T21:45:22+08:00 ] 221.215.172.211 /uploads/2016-10-17/5804dcb41af8b.jpg
INFO: [ app_init ] --START--
INFO: Run Behavior\BuildLiteBehavior [ RunTime:0.000016s ]
INFO: [ app_init ] --END-- [ RunTime:0.000395s ]
ERR: 无法加载模块:Uploads

[ 2016-11-02T21:45:22+08:00 ] 221.215.172.211 /uploads/2016-10-17/5804dd484c66e.jpg
INFO: [ app_init ] --START--
INFO: Run Behavior\BuildLiteBehavior [ RunTime:0.000024s ]
INFO: [ app_init ] --END-- [ RunTime:0.002354s ]
ERR: 无法加载模块:Uploads

[ 2016-11-02T21:45:23+08:00 ] 221.215.172.211 /uploads/2016-10-17/5804dcb41af8b.jpg
INFO: [ app_init ] --START--
INFO: Run Behavior\BuildLiteBehavior [ RunTime:0.000023s ]
INFO: [ app_init ] --END-- [ RunTime:0.000439s ]
ERR: 无法加载模块:Uploads

[ 2016-11-02T21:45:23+08:00 ] 221.215.172.211 /uploads/2016-10-17/5804dd484c66e.jpg
INFO: [ app_init ] --START--
INFO: Run Behavior\BuildLiteBehavior [ RunTime:0.000021s ]
INFO: [ app_init ] --END-- [ RunTime:0.000459s ]
ERR: 无法加载模块:Uploads

[ 2016-11-02T21:45:23+08:00 ] 221.215.172.211 /uploads/2016-10-17/5804dcf2a73ee.jpg
INFO: [ app_init ] --START--
INFO: Run Behavior\BuildLiteBehavior [ RunTime:0.000018s ]
INFO: [ app_init ] --END-- [ RunTime:0.000417s ]
ERR: 无法加载模块:Uploads

[ 2016-11-02T22:04:18+08:00 ] 61.216.166.238 /favicon.ico
INFO: [ app_init ] --START--
INFO: Run Behavior\BuildLiteBehavior [ RunTime:0.000019s ]
INFO: [ app_init ] --END-- [ RunTime:0.000441s ]
ERR: 无法加载模块:Favicon

