[ 2016-10-16T09:23:52+08:00 ] 58.56.176.46 /uploads/2016-09-27/57e9df918c638.jpg
INFO: [ app_init ] --START--
INFO: Run Behavior\BuildLiteBehavior [ RunTime:0.000022s ]
INFO: [ app_init ] --END-- [ RunTime:0.000427s ]
ERR: 无法加载模块:Uploads

[ 2016-10-16T09:23:56+08:00 ] 58.56.176.46 /uploads/2016-09-27/57e9df918c638.jpg
INFO: [ app_init ] --START--
INFO: Run Behavior\BuildLiteBehavior [ RunTime:0.000018s ]
INFO: [ app_init ] --END-- [ RunTime:0.000425s ]
ERR: 无法加载模块:Uploads

[ 2016-10-16T09:23:57+08:00 ] 58.56.176.46 /uploads/2016-09-27/57e9df918c638.jpg
INFO: [ app_init ] --START--
INFO: Run Behavior\BuildLiteBehavior [ RunTime:0.000022s ]
INFO: [ app_init ] --END-- [ RunTime:0.000400s ]
ERR: 无法加载模块:Uploads

[ 2016-10-16T09:24:00+08:00 ] 58.56.176.46 /uploads/2016-09-27/57e9df918c638.jpg
INFO: [ app_init ] --START--
INFO: Run Behavior\BuildLiteBehavior [ RunTime:0.000019s ]
INFO: [ app_init ] --END-- [ RunTime:0.000398s ]
ERR: 无法加载模块:Uploads

[ 2016-10-16T09:24:03+08:00 ] 58.56.176.46 /uploads/2016-09-27/57e9df918c638.jpg
INFO: [ app_init ] --START--
INFO: Run Behavior\BuildLiteBehavior [ RunTime:0.000017s ]
INFO: [ app_init ] --END-- [ RunTime:0.000376s ]
ERR: 无法加载模块:Uploads

[ 2016-10-16T09:24:09+08:00 ] 58.56.176.46 /uploads/2016-09-27/57e9df918c638.jpg
INFO: [ app_init ] --START--
INFO: Run Behavior\BuildLiteBehavior [ RunTime:0.000018s ]
INFO: [ app_init ] --END-- [ RunTime:0.000442s ]
ERR: 无法加载模块:Uploads

[ 2016-10-16T09:24:13+08:00 ] 58.56.176.46 /uploads/2016-09-27/57e9df918c638.jpg
INFO: [ app_init ] --START--
INFO: Run Behavior\BuildLiteBehavior [ RunTime:0.000018s ]
INFO: [ app_init ] --END-- [ RunTime:0.000376s ]
ERR: 无法加载模块:Uploads

[ 2016-10-16T09:24:25+08:00 ] 58.56.176.46 /uploads/2016-09-27/57e9df918c638.jpg
INFO: [ app_init ] --START--
INFO: Run Behavior\BuildLiteBehavior [ RunTime:0.000017s ]
INFO: [ app_init ] --END-- [ RunTime:0.000430s ]
ERR: 无法加载模块:Uploads

[ 2016-10-16T09:24:33+08:00 ] 58.56.176.46 /uploads/2016-09-27/57e9df918c638.jpg
INFO: [ app_init ] --START--
INFO: Run Behavior\BuildLiteBehavior [ RunTime:0.000018s ]
INFO: [ app_init ] --END-- [ RunTime:0.000415s ]
ERR: 无法加载模块:Uploads

[ 2016-10-16T09:25:03+08:00 ] 58.56.176.46 /uploads/2016-09-27/57e9df918c638.jpg
INFO: [ app_init ] --START--
INFO: Run Behavior\BuildLiteBehavior [ RunTime:0.000018s ]
INFO: [ app_init ] --END-- [ RunTime:0.000401s ]
ERR: 无法加载模块:Uploads

[ 2016-10-16T11:54:03+08:00 ] 111.161.57.49 /uploads/2016-09-27/57e9df918c638.jpg
INFO: [ app_init ] --START--
INFO: Run Behavior\BuildLiteBehavior [ RunTime:0.000027s ]
INFO: [ app_init ] --END-- [ RunTime:0.000701s ]
ERR: 无法加载模块:Uploads

[ 2016-10-16T11:54:07+08:00 ] 123.117.51.228 /favicon.ico
INFO: [ app_init ] --START--
INFO: Run Behavior\BuildLiteBehavior [ RunTime:0.000021s ]
INFO: [ app_init ] --END-- [ RunTime:0.000387s ]
ERR: 无法加载模块:Favicon

[ 2016-10-16T12:02:35+08:00 ] 58.56.176.46 /uploads/2016-09-27/57e9df918c638.jpg
INFO: [ app_init ] --START--
INFO: Run Behavior\BuildLiteBehavior [ RunTime:0.000018s ]
INFO: [ app_init ] --END-- [ RunTime:0.000440s ]
ERR: 无法加载模块:Uploads

[ 2016-10-16T16:37:53+08:00 ] 111.161.57.49 /uploads/2016-09-27/57e9df918c638.jpg
INFO: [ app_init ] --START--
INFO: Run Behavior\BuildLiteBehavior [ RunTime:0.000018s ]
INFO: [ app_init ] --END-- [ RunTime:0.000416s ]
ERR: 无法加载模块:Uploads

[ 2016-10-16T16:37:54+08:00 ] 114.253.105.103 /favicon.ico
INFO: [ app_init ] --START--
INFO: Run Behavior\BuildLiteBehavior [ RunTime:0.000021s ]
INFO: [ app_init ] --END-- [ RunTime:0.000441s ]
ERR: 无法加载模块:Favicon

[ 2016-10-16T19:32:46+08:00 ] 58.56.176.46 /uploads/2016-09-27/57e9df918c638.jpg
INFO: [ app_init ] --START--
INFO: Run Behavior\BuildLiteBehavior [ RunTime:0.000020s ]
INFO: [ app_init ] --END-- [ RunTime:0.000378s ]
ERR: 无法加载模块:Uploads

[ 2016-10-16T19:32:56+08:00 ] 58.56.176.46 /uploads/2016-09-27/57e9df918c638.jpg
INFO: [ app_init ] --START--
INFO: Run Behavior\BuildLiteBehavior [ RunTime:0.000022s ]
INFO: [ app_init ] --END-- [ RunTime:0.000411s ]
ERR: 无法加载模块:Uploads

[ 2016-10-16T21:52:04+08:00 ] 111.161.57.49 /uploads/2016-09-27/57e9df918c638.jpg
INFO: [ app_init ] --START--
INFO: Run Behavior\BuildLiteBehavior [ RunTime:0.000017s ]
INFO: [ app_init ] --END-- [ RunTime:0.000428s ]
ERR: 无法加载模块:Uploads

[ 2016-10-16T21:52:05+08:00 ] 114.253.105.103 /favicon.ico
INFO: [ app_init ] --START--
INFO: Run Behavior\BuildLiteBehavior [ RunTime:0.000018s ]
INFO: [ app_init ] --END-- [ RunTime:0.000401s ]
ERR: 无法加载模块:Favicon

